! 1 Hamiltonian Matrix (2x2, complex)
2 2
-2.306581635109E+002  0.000000000000E+000  0.000000000000E+000  0.000000000000E+000 
 0.000000000000E+000  0.000000000000E+000 -2.305524779202E+002  0.000000000000E+000 

! 2 Dipole Moment Matrices (3x2x2, complex)
2 2
-1.944647300000E-001  0.000000000000E+000 -1.073878254970E-001  0.000000000000E+000 
-1.073878254970E-001  0.000000000000E+000  3.535964000000E-002  0.000000000000E+000 
2 2
 1.041995700000E-001  0.000000000000E+000 -2.289503471090E-001  0.000000000000E+000 
-2.289503471090E-001  0.000000000000E+000  2.114500000000E-003  0.000000000000E+000 
2 2
-6.819494000000E-002  0.000000000000E+000  4.118160788000E-002  0.000000000000E+000 
 4.118160788000E-002  0.000000000000E+000 -4.069466000000E-002  0.000000000000E+000 
! 3 Gradient Vectors (2x12x3, real)
12 3 ! 1 1 0
-8.563615400000E-002  6.864393000000E-003  1.104211800000E-002 
 7.980271200000E-002  1.065364430000E-001 -1.459109800000E-002 
-5.157726000000E-003 -5.760278100000E-002  1.979146800000E-002 
-4.414845400000E-002  1.770373770000E-001 -7.616043000000E-003 
 9.603424000000E-003  3.498926000000E-003 -4.480298000000E-003 
 2.953626000000E-003 -4.414277200000E-002  6.095254000000E-003 
-3.798792000000E-003 -7.856048000000E-003 -9.353374000000E-003 
 1.261910700000E-002 -1.523959970000E-001  3.451850000000E-004 
 5.523808100000E-002 -5.000047000000E-002 -1.500965000000E-003 
-2.604802800000E-002  1.832545020000E-001 -1.066752000000E-003 
 2.940921000000E-002 -1.566063070000E-001 -1.378774000000E-003 
-2.483700600000E-002 -8.587265000000E-003  2.713278000000E-003 
12 3 ! 1 2 0
-5.811956000000E-003 -4.847964900000E-002  1.314769200000E-002 
-2.431151800000E-002  2.758597000000E-002 -1.964706900000E-002 
-6.130592200000E-002  6.823678100000E-002  1.895611800000E-002 
 7.145515900000E-002  1.884122910000E-001 -4.317568000000E-003 
 1.027592700000E-002  4.198642000000E-003 -4.988401000000E-003 
 2.018798000000E-003 -4.441582100000E-002  5.906021000000E-003 
-3.824957000000E-003 -6.192784000000E-003 -8.194790000000E-003 
 1.295072000000E-002 -1.530911250000E-001  7.441180000000E-004 
-1.012112080000E-001 -1.225388300000E-002 -3.385403000000E-003 
 9.470705600000E-002  1.400614140000E-001  3.339699000000E-003 
 3.035504700000E-002 -1.538783870000E-001 -2.531054000000E-003 
-2.529714700000E-002 -1.018344800000E-002  9.706370000000E-004 
! 5 Non-adiabatic couplings (ddr) (2x2x12x3, real)
12 3 ! 1 1 0 1 1 0
 0.000000000000E+000  0.000000000000E+000  0.000000000000E+000 
 0.000000000000E+000  0.000000000000E+000  0.000000000000E+000 
 0.000000000000E+000  0.000000000000E+000  0.000000000000E+000 
 0.000000000000E+000  0.000000000000E+000  0.000000000000E+000 
 0.000000000000E+000  0.000000000000E+000  0.000000000000E+000 
 0.000000000000E+000  0.000000000000E+000  0.000000000000E+000 
 0.000000000000E+000  0.000000000000E+000  0.000000000000E+000 
 0.000000000000E+000  0.000000000000E+000  0.000000000000E+000 
 0.000000000000E+000  0.000000000000E+000  0.000000000000E+000 
 0.000000000000E+000  0.000000000000E+000  0.000000000000E+000 
 0.000000000000E+000  0.000000000000E+000  0.000000000000E+000 
 0.000000000000E+000  0.000000000000E+000  0.000000000000E+000 
12 3 ! 1 1 0 1 2 0
-3.682457360000E-001  3.589548230000E-001 -4.569577000000E-003 
 2.683840300000E-002  1.364158620000E-001 -4.826716000000E-003 
 1.002159280000E-001 -2.757236100000E-002  2.152203300000E-002 
 2.979625490000E-001  8.398103400000E-002  1.380942100000E-002 
-2.535334000000E-003  2.378316000000E-003  5.235540000000E-003 
 7.794551000000E-003  6.830240000000E-004 -6.791555000000E-003 
-5.739223000000E-003  5.014047000000E-003 -6.294312000000E-003 
 6.584327000000E-003  7.406090000000E-003 -5.170188000000E-003 
-4.872629000000E-003 -6.849183910000E-001 -9.626353000000E-003 
-6.477060500000E-002  9.581856800000E-002 -6.299320000000E-004 
-6.861441000000E-003  5.345320000000E-004 -1.366200000000E-004 
 7.271595000000E-003  1.394481000000E-003  2.266994000000E-003 
12 3 ! 1 2 0 1 1 0
 3.682457360000E-001 -3.589548230000E-001  4.569577000000E-003 
-2.683840300000E-002 -1.364158620000E-001  4.826716000000E-003 
-1.002159280000E-001  2.757236100000E-002 -2.152203300000E-002 
-2.979625490000E-001 -8.398103400000E-002 -1.380942100000E-002 
 2.535334000000E-003 -2.378316000000E-003 -5.235540000000E-003 
-7.794551000000E-003 -6.830240000000E-004  6.791555000000E-003 
 5.739223000000E-003 -5.014047000000E-003  6.294312000000E-003 
-6.584327000000E-003 -7.406090000000E-003  5.170188000000E-003 
 4.872629000000E-003  6.849183910000E-001  9.626353000000E-003 
 6.477060500000E-002 -9.581856800000E-002  6.299320000000E-004 
 6.861441000000E-003 -5.345320000000E-004  1.366200000000E-004 
-7.271595000000E-003 -1.394481000000E-003 -2.266994000000E-003 
12 3 ! 1 2 0 1 2 0
 0.000000000000E+000  0.000000000000E+000  0.000000000000E+000 
 0.000000000000E+000  0.000000000000E+000  0.000000000000E+000 
 0.000000000000E+000  0.000000000000E+000  0.000000000000E+000 
 0.000000000000E+000  0.000000000000E+000  0.000000000000E+000 
 0.000000000000E+000  0.000000000000E+000  0.000000000000E+000 
 0.000000000000E+000  0.000000000000E+000  0.000000000000E+000 
 0.000000000000E+000  0.000000000000E+000  0.000000000000E+000 
 0.000000000000E+000  0.000000000000E+000  0.000000000000E+000 
 0.000000000000E+000  0.000000000000E+000  0.000000000000E+000 
 0.000000000000E+000  0.000000000000E+000  0.000000000000E+000 
 0.000000000000E+000  0.000000000000E+000  0.000000000000E+000 
 0.000000000000E+000  0.000000000000E+000  0.000000000000E+000 
! 8 Runtime
 9.980400490000E+002
