! 1 Hamiltonian Matrix (2x2, complex)
2 2
-2.306596950831E+002  0.000000000000E+000  0.000000000000E+000  0.000000000000E+000 
 0.000000000000E+000  0.000000000000E+000 -2.305130350322E+002  0.000000000000E+000 

! 2 Dipole Moment Matrices (3x2x2, complex)
2 2
-1.051091000000E-001  0.000000000000E+000 -4.955246112500E-002  0.000000000000E+000 
-4.955246112500E-002  0.000000000000E+000  1.674475700000E-001  0.000000000000E+000 
2 2
 3.726758000000E-002  0.000000000000E+000 -2.180379222670E-001  0.000000000000E+000 
-2.180379222670E-001  0.000000000000E+000 -1.644545300000E-001  0.000000000000E+000 
2 2
-6.944664000000E-002  0.000000000000E+000  2.928168601400E-002  0.000000000000E+000 
 2.928168601400E-002  0.000000000000E+000 -3.268653000000E-002  0.000000000000E+000 
! 3 Gradient Vectors (2x12x3, real)
12 3 ! 1 1 0
-5.655157600000E-002 -8.035166000000E-003  1.649035000000E-002 
 6.516766100000E-002 -3.236120800000E-002 -1.042835000000E-002 
 2.496044900000E-002  1.453245800000E-002  8.530746000000E-003 
-1.232844010000E-001 -7.803081800000E-002  9.302790000000E-003 
-9.627170000000E-004  1.174043200000E-002 -5.104411000000E-003 
-4.423402700000E-002  5.224588300000E-002 -1.020137000000E-003 
 2.131018000000E-002  1.257516800000E-002 -6.944395000000E-003 
 2.971650100000E-002  1.156647300000E-002 -6.058691000000E-003 
-2.073281500000E-002  3.275298800000E-002 -5.779887000000E-003 
 1.841865270000E-001 -7.657055700000E-002 -6.072857000000E-003 
-5.937000000000E-002  6.315965300000E-002  6.065356000000E-003 
-2.020578200000E-002 -3.575307000000E-003  1.019487000000E-003 
12 3 ! 1 2 0
 3.200811900000E-002 -7.103098200000E-002  1.270861900000E-002 
-4.865964200000E-002 -1.032715120000E-001 -8.439111000000E-003 
-3.401538000000E-002  1.278454210000E-001  8.272583000000E-003 
-6.353290000000E-004 -5.742643000000E-002  1.641784900000E-002 
-9.843820000000E-004  1.194890800000E-002 -3.980791000000E-003 
-4.528380800000E-002  5.138269700000E-002 -9.921230000000E-004 
 2.151707400000E-002  1.375775300000E-002 -6.895822000000E-003 
 3.023590300000E-002  1.037647000000E-002 -7.012387000000E-003 
-1.940155780000E-001  7.640681000000E-002 -1.155532900000E-002 
 3.201911350000E-001 -1.196273110000E-001 -2.748541000000E-003 
-5.974068400000E-002  6.539576700000E-002  3.423891000000E-003 
-2.061742700000E-002 -5.757591000000E-003  8.011610000000E-004 
! 5 Non-adiabatic couplings (ddr) (2x2x12x3, real)
12 3 ! 1 1 0 1 1 0
 0.000000000000E+000  0.000000000000E+000  0.000000000000E+000 
 0.000000000000E+000  0.000000000000E+000  0.000000000000E+000 
 0.000000000000E+000  0.000000000000E+000  0.000000000000E+000 
 0.000000000000E+000  0.000000000000E+000  0.000000000000E+000 
 0.000000000000E+000  0.000000000000E+000  0.000000000000E+000 
 0.000000000000E+000  0.000000000000E+000  0.000000000000E+000 
 0.000000000000E+000  0.000000000000E+000  0.000000000000E+000 
 0.000000000000E+000  0.000000000000E+000  0.000000000000E+000 
 0.000000000000E+000  0.000000000000E+000  0.000000000000E+000 
 0.000000000000E+000  0.000000000000E+000  0.000000000000E+000 
 0.000000000000E+000  0.000000000000E+000  0.000000000000E+000 
 0.000000000000E+000  0.000000000000E+000  0.000000000000E+000 
12 3 ! 1 1 0 1 2 0
-1.824581360000E-001  2.057730810000E-001  4.736965000000E-003 
-9.564233600000E-002  2.909219000000E-002  1.216111400000E-002 
 5.921106700000E-002  7.433864100000E-002  1.276978400000E-002 
 3.507102490000E-001  3.702309900000E-002 -1.362844600000E-002 
 2.116830000000E-004  4.558896000000E-003 -1.792200000000E-003 
 5.159498000000E-003 -2.639916000000E-003 -6.854521000000E-003 
-4.855629000000E-003  2.146409000000E-003 -4.182923000000E-003 
 4.931176000000E-003 -1.610297000000E-003  3.407293000000E-003 
-1.717744430000E-001 -4.220085970000E-001 -7.046216000000E-003 
 2.891762600000E-002  4.372114600000E-002  1.295833000000E-003 
-2.654704000000E-003  3.854187000000E-003  2.888578000000E-003 
 5.556012000000E-003  1.270187000000E-003 -2.311030000000E-004 
12 3 ! 1 2 0 1 1 0
 1.824581360000E-001 -2.057730810000E-001 -4.736965000000E-003 
 9.564233600000E-002 -2.909219000000E-002 -1.216111400000E-002 
-5.921106700000E-002 -7.433864100000E-002 -1.276978400000E-002 
-3.507102490000E-001 -3.702309900000E-002  1.362844600000E-002 
-2.116830000000E-004 -4.558896000000E-003  1.792200000000E-003 
-5.159498000000E-003  2.639916000000E-003  6.854521000000E-003 
 4.855629000000E-003 -2.146409000000E-003  4.182923000000E-003 
-4.931176000000E-003  1.610297000000E-003 -3.407293000000E-003 
 1.717744430000E-001  4.220085970000E-001  7.046216000000E-003 
-2.891762600000E-002 -4.372114600000E-002 -1.295833000000E-003 
 2.654704000000E-003 -3.854187000000E-003 -2.888578000000E-003 
-5.556012000000E-003 -1.270187000000E-003  2.311030000000E-004 
12 3 ! 1 2 0 1 2 0
 0.000000000000E+000  0.000000000000E+000  0.000000000000E+000 
 0.000000000000E+000  0.000000000000E+000  0.000000000000E+000 
 0.000000000000E+000  0.000000000000E+000  0.000000000000E+000 
 0.000000000000E+000  0.000000000000E+000  0.000000000000E+000 
 0.000000000000E+000  0.000000000000E+000  0.000000000000E+000 
 0.000000000000E+000  0.000000000000E+000  0.000000000000E+000 
 0.000000000000E+000  0.000000000000E+000  0.000000000000E+000 
 0.000000000000E+000  0.000000000000E+000  0.000000000000E+000 
 0.000000000000E+000  0.000000000000E+000  0.000000000000E+000 
 0.000000000000E+000  0.000000000000E+000  0.000000000000E+000 
 0.000000000000E+000  0.000000000000E+000  0.000000000000E+000 
 0.000000000000E+000  0.000000000000E+000  0.000000000000E+000 
! 6 Overlap matrix (2x2, complex)
2 2
 3.710486812000E-001  0.000000000000E+000 -4.291022400000E-003  0.000000000000E+000 
 4.130527000000E-003  0.000000000000E+000  3.680459178000E-001  0.000000000000E+000 

! 7 Phases
2 ! for all nmstates
 1.000000000E+000  0.000000000E+000
 1.000000000E+000  0.000000000E+000
! 8 Runtime
 8.298877590000E+002
