! 1 Hamiltonian Matrix (2x2, complex)
2 2
-2.306884385471E+002  0.000000000000E+000  0.000000000000E+000  0.000000000000E+000 
 0.000000000000E+000  0.000000000000E+000 -2.305550952051E+002  0.000000000000E+000 

! 2 Dipole Moment Matrices (3x2x2, complex)
2 2
-1.134126100000E-001  0.000000000000E+000 -9.314418512000E-002  0.000000000000E+000 
-9.314418512000E-002  0.000000000000E+000  1.094182100000E-001  0.000000000000E+000 
2 2
 4.846756000000E-002  0.000000000000E+000 -1.872400170980E-001  0.000000000000E+000 
-1.872400170980E-001  0.000000000000E+000 -1.781187600000E-001  0.000000000000E+000 
2 2
-8.217152000000E-002  0.000000000000E+000  1.886543505900E-002  0.000000000000E+000 
 1.886543505900E-002  0.000000000000E+000 -3.903135000000E-002  0.000000000000E+000 
! 3 Gradient Vectors (2x12x3, real)
12 3 ! 1 1 0
-4.078497500000E-002  2.801863500000E-002  1.128147200000E-002 
 9.112164500000E-002 -2.985053200000E-002 -5.919560000000E-003 
 6.504661600000E-002  4.283147800000E-002  3.020173000000E-003 
-1.118639500000E-002 -5.841751800000E-002  2.901732000000E-003 
-1.046808400000E-002 -2.383112300000E-002  5.534677000000E-003 
-9.653359000000E-003  1.149552200000E-002 -3.047179000000E-003 
-6.873591600000E-002 -3.815778800000E-002 -2.940410000000E-004 
-2.272691100000E-002  1.880313200000E-002  1.135004500000E-002 
-1.239204900000E-002  5.602200700000E-002 -3.043910300000E-002 
 2.604773300000E-002  2.483114200000E-002  6.223860000000E-003 
 4.345850000000E-003 -1.960135900000E-002 -3.759149000000E-003 
-1.061415500000E-002 -1.214359900000E-002  3.147072000000E-003 
12 3 ! 1 2 0
 5.050824200000E-002 -3.602929200000E-002  1.714750000000E-002 
-2.061623700000E-002 -1.015114580000E-001 -9.022577000000E-003 
 7.909138000000E-003  1.579946690000E-001  1.542510000000E-004 
 1.036470210000E-001 -4.557064800000E-002 -1.507112000000E-003 
-1.061852900000E-002 -2.348350800000E-002  2.020549000000E-003 
-9.601009000000E-003  1.076211800000E-002 -1.070381000000E-003 
-6.679554600000E-002 -3.615086000000E-002  5.100799000000E-003 
-2.231963200000E-002  1.935238600000E-002  8.875682000000E-003 
-1.792599960000E-001  1.005563590000E-001 -1.884160900000E-002 
 1.529340110000E-001 -1.562891800000E-002 -7.139437000000E-003 
 4.932790000000E-003 -1.587490600000E-002  4.115904000000E-003 
-1.072025300000E-002 -1.441594300000E-002  1.664320000000E-004 
! 5 Non-adiabatic couplings (ddr) (2x2x12x3, real)
12 3 ! 1 1 0 1 1 0
 0.000000000000E+000  0.000000000000E+000  0.000000000000E+000 
 0.000000000000E+000  0.000000000000E+000  0.000000000000E+000 
 0.000000000000E+000  0.000000000000E+000  0.000000000000E+000 
 0.000000000000E+000  0.000000000000E+000  0.000000000000E+000 
 0.000000000000E+000  0.000000000000E+000  0.000000000000E+000 
 0.000000000000E+000  0.000000000000E+000  0.000000000000E+000 
 0.000000000000E+000  0.000000000000E+000  0.000000000000E+000 
 0.000000000000E+000  0.000000000000E+000  0.000000000000E+000 
 0.000000000000E+000  0.000000000000E+000  0.000000000000E+000 
 0.000000000000E+000  0.000000000000E+000  0.000000000000E+000 
 0.000000000000E+000  0.000000000000E+000  0.000000000000E+000 
 0.000000000000E+000  0.000000000000E+000  0.000000000000E+000 
12 3 ! 1 1 0 1 2 0
-2.037892050000E-001  2.195892070000E-001  1.133201500000E-002 
-9.189494700000E-002  1.824066000000E-003 -1.881709800000E-002 
 5.872341600000E-002  1.031188400000E-001  2.072948900000E-002 
 3.697333140000E-001  2.363581300000E-002  2.652124000000E-003 
-1.117718000000E-003  3.327003000000E-003 -6.275509000000E-003 
 5.032696000000E-003 -5.866790000000E-004 -2.544056000000E-003 
-5.048050000000E-003  6.658521000000E-003 -4.893370000000E-004 
 3.899667000000E-003  3.000547000000E-003  4.864250000000E-003 
-1.703317440000E-001 -4.279421020000E-001 -7.477002000000E-003 
 2.622575700000E-002  4.248940500000E-002  4.765517000000E-003 
-4.504219000000E-003  2.341204000000E-003 -7.487104000000E-003 
 5.416301000000E-003  3.682530000000E-004  3.444411000000E-003 
12 3 ! 1 2 0 1 1 0
 2.037892050000E-001 -2.195892070000E-001 -1.133201500000E-002 
 9.189494700000E-002 -1.824066000000E-003  1.881709800000E-002 
-5.872341600000E-002 -1.031188400000E-001 -2.072948900000E-002 
-3.697333140000E-001 -2.363581300000E-002 -2.652124000000E-003 
 1.117718000000E-003 -3.327003000000E-003  6.275509000000E-003 
-5.032696000000E-003  5.866790000000E-004  2.544056000000E-003 
 5.048050000000E-003 -6.658521000000E-003  4.893370000000E-004 
-3.899667000000E-003 -3.000547000000E-003 -4.864250000000E-003 
 1.703317440000E-001  4.279421020000E-001  7.477002000000E-003 
-2.622575700000E-002 -4.248940500000E-002 -4.765517000000E-003 
 4.504219000000E-003 -2.341204000000E-003  7.487104000000E-003 
-5.416301000000E-003 -3.682530000000E-004 -3.444411000000E-003 
12 3 ! 1 2 0 1 2 0
 0.000000000000E+000  0.000000000000E+000  0.000000000000E+000 
 0.000000000000E+000  0.000000000000E+000  0.000000000000E+000 
 0.000000000000E+000  0.000000000000E+000  0.000000000000E+000 
 0.000000000000E+000  0.000000000000E+000  0.000000000000E+000 
 0.000000000000E+000  0.000000000000E+000  0.000000000000E+000 
 0.000000000000E+000  0.000000000000E+000  0.000000000000E+000 
 0.000000000000E+000  0.000000000000E+000  0.000000000000E+000 
 0.000000000000E+000  0.000000000000E+000  0.000000000000E+000 
 0.000000000000E+000  0.000000000000E+000  0.000000000000E+000 
 0.000000000000E+000  0.000000000000E+000  0.000000000000E+000 
 0.000000000000E+000  0.000000000000E+000  0.000000000000E+000 
 0.000000000000E+000  0.000000000000E+000  0.000000000000E+000 
! 6 Overlap matrix (2x2, complex)
2 2
 3.887805518000E-001  0.000000000000E+000 -9.372807200000E-003  0.000000000000E+000 
 1.047781180000E-002  0.000000000000E+000  3.848032339000E-001  0.000000000000E+000 

! 7 Phases
2 ! for all nmstates
 1.000000000E+000  0.000000000E+000
 1.000000000E+000  0.000000000E+000
! 8 Runtime
 1.380587500000E+002
