! 1 Hamiltonian Matrix (2x2, complex)
2 2
-2.306574892837E+002  0.000000000000E+000  0.000000000000E+000  0.000000000000E+000 
 0.000000000000E+000  0.000000000000E+000 -2.305368635478E+002  0.000000000000E+000 

! 2 Dipole Moment Matrices (3x2x2, complex)
2 2
-1.265853100000E-001  0.000000000000E+000 -9.317926591500E-002  0.000000000000E+000 
-9.317926591500E-002  0.000000000000E+000  1.386194500000E-001  0.000000000000E+000 
2 2
 5.275586000000E-002  0.000000000000E+000 -1.574677205860E-001  0.000000000000E+000 
-1.574677205860E-001  0.000000000000E+000 -3.400137000000E-002  0.000000000000E+000 
2 2
 1.245382000000E-002  0.000000000000E+000 -2.838725404500E-002  0.000000000000E+000 
-2.838725404500E-002  0.000000000000E+000  7.685207000000E-002  0.000000000000E+000 
! 3 Gradient Vectors (2x12x3, real)
12 3 ! 1 1 0
-7.693288800000E-002 -8.272466000000E-003  5.510556000000E-003 
 2.717286000000E-003  2.398357000000E-002  1.236489800000E-002 
 1.510884140000E-001  3.262346900000E-002  6.210339000000E-003 
-3.454915300000E-002  1.893695500000E-002  1.550469800000E-002 
 4.210904000000E-002  5.116817300000E-002  1.457078000000E-003 
 2.739601000000E-002 -2.566436300000E-002 -9.067534000000E-003 
-1.411093230000E-001 -4.249379900000E-002 -1.059899300000E-002 
 1.521741200000E-002 -1.010932900000E-002  2.348668000000E-003 
 5.565796000000E-002 -3.972777600000E-002 -3.147492600000E-002 
-9.280536600000E-002  1.954134850000E-001  3.003884000000E-003 
 4.564217200000E-002 -1.952291750000E-001  1.221958000000E-003 
 5.568436000000E-003 -6.287460000000E-004  3.519375000000E-003 
12 3 ! 1 2 0
 1.010841900000E-002 -7.789308800000E-002  1.077579800000E-002 
-1.150964230000E-001 -4.232380800000E-002  1.991919000000E-003 
 9.983933600000E-002  1.602218520000E-001  3.174681000000E-003 
 7.877607200000E-002  1.781961700000E-002  1.897298300000E-002 
 4.276203000000E-002  5.138664300000E-002 -9.684790000000E-004 
 2.732468100000E-002 -2.699178500000E-002 -5.741837000000E-003 
-1.409402460000E-001 -4.078602500000E-002 -7.943282000000E-003 
 1.532399300000E-002 -1.074848900000E-002 -1.991640000000E-004 
-9.390985400000E-002  4.281693000000E-003 -1.938433100000E-002 
 2.327892100000E-002  1.604608510000E-001 -2.489001000000E-003 
 4.732694300000E-002 -1.929472680000E-001  2.157973000000E-003 
 5.206127000000E-003 -2.480192000000E-003 -3.472600000000E-004 
! 5 Non-adiabatic couplings (ddr) (2x2x12x3, real)
12 3 ! 1 1 0 1 1 0
 0.000000000000E+000  0.000000000000E+000  0.000000000000E+000 
 0.000000000000E+000  0.000000000000E+000  0.000000000000E+000 
 0.000000000000E+000  0.000000000000E+000  0.000000000000E+000 
 0.000000000000E+000  0.000000000000E+000  0.000000000000E+000 
 0.000000000000E+000  0.000000000000E+000  0.000000000000E+000 
 0.000000000000E+000  0.000000000000E+000  0.000000000000E+000 
 0.000000000000E+000  0.000000000000E+000  0.000000000000E+000 
 0.000000000000E+000  0.000000000000E+000  0.000000000000E+000 
 0.000000000000E+000  0.000000000000E+000  0.000000000000E+000 
 0.000000000000E+000  0.000000000000E+000  0.000000000000E+000 
 0.000000000000E+000  0.000000000000E+000  0.000000000000E+000 
 0.000000000000E+000  0.000000000000E+000  0.000000000000E+000 
12 3 ! 1 1 0 1 2 0
-3.205560940000E-001  3.081583140000E-001 -3.822824400000E-002 
 3.071355500000E-002  9.584665200000E-002 -8.707196000000E-003 
 6.888267900000E-002  5.001145000000E-003  2.437127900000E-002 
 3.328602400000E-001  4.458225300000E-002  2.811865800000E-002 
-2.684853000000E-003  4.598537000000E-003 -2.958780000000E-003 
 5.475591000000E-003  7.659950000000E-004  1.507740000000E-004 
-5.878552000000E-003  3.668829000000E-003 -3.316473000000E-003 
 5.002700000000E-003  8.403350000000E-004  3.130190000000E-003 
-9.069987500000E-002 -5.463536820000E-001 -1.183560900000E-002 
-3.258990000000E-002  6.657368100000E-002  7.962559000000E-003 
-6.925542000000E-003  1.672440000000E-004 -7.719863000000E-003 
 6.005639000000E-003  9.859500000000E-005  5.605701000000E-003 
12 3 ! 1 2 0 1 1 0
 3.205560940000E-001 -3.081583140000E-001  3.822824400000E-002 
-3.071355500000E-002 -9.584665200000E-002  8.707196000000E-003 
-6.888267900000E-002 -5.001145000000E-003 -2.437127900000E-002 
-3.328602400000E-001 -4.458225300000E-002 -2.811865800000E-002 
 2.684853000000E-003 -4.598537000000E-003  2.958780000000E-003 
-5.475591000000E-003 -7.659950000000E-004 -1.507740000000E-004 
 5.878552000000E-003 -3.668829000000E-003  3.316473000000E-003 
-5.002700000000E-003 -8.403350000000E-004 -3.130190000000E-003 
 9.069987500000E-002  5.463536820000E-001  1.183560900000E-002 
 3.258990000000E-002 -6.657368100000E-002 -7.962559000000E-003 
 6.925542000000E-003 -1.672440000000E-004  7.719863000000E-003 
-6.005639000000E-003 -9.859500000000E-005 -5.605701000000E-003 
12 3 ! 1 2 0 1 2 0
 0.000000000000E+000  0.000000000000E+000  0.000000000000E+000 
 0.000000000000E+000  0.000000000000E+000  0.000000000000E+000 
 0.000000000000E+000  0.000000000000E+000  0.000000000000E+000 
 0.000000000000E+000  0.000000000000E+000  0.000000000000E+000 
 0.000000000000E+000  0.000000000000E+000  0.000000000000E+000 
 0.000000000000E+000  0.000000000000E+000  0.000000000000E+000 
 0.000000000000E+000  0.000000000000E+000  0.000000000000E+000 
 0.000000000000E+000  0.000000000000E+000  0.000000000000E+000 
 0.000000000000E+000  0.000000000000E+000  0.000000000000E+000 
 0.000000000000E+000  0.000000000000E+000  0.000000000000E+000 
 0.000000000000E+000  0.000000000000E+000  0.000000000000E+000 
 0.000000000000E+000  0.000000000000E+000  0.000000000000E+000 
! 6 Overlap matrix (2x2, complex)
2 2
 2.580173947000E-001  0.000000000000E+000  1.254948530000E-002  0.000000000000E+000 
-1.202441770000E-002  0.000000000000E+000  2.567063560000E-001  0.000000000000E+000 

! 7 Phases
2 ! for all nmstates
 1.000000000E+000  0.000000000E+000
 1.000000000E+000  0.000000000E+000
! 8 Runtime
 1.388131520000E+002
