! 1 Hamiltonian Matrix (2x2, complex)
2 2
-2.306971728364E+002  0.000000000000E+000  0.000000000000E+000  0.000000000000E+000 
 0.000000000000E+000  0.000000000000E+000 -2.305182740115E+002  0.000000000000E+000 

! 2 Dipole Moment Matrices (3x2x2, complex)
2 2
-1.029940900000E-001  0.000000000000E+000 -8.588688810100E-002  0.000000000000E+000 
-8.588688810100E-002  0.000000000000E+000  2.602268500000E-001  0.000000000000E+000 
2 2
 4.470519000000E-002  0.000000000000E+000 -2.314675002700E-001  0.000000000000E+000 
-2.314675002700E-001  0.000000000000E+000 -2.424546300000E-001  0.000000000000E+000 
2 2
 8.290735000000E-002  0.000000000000E+000  1.769038431700E-002  0.000000000000E+000 
 1.769038431700E-002  0.000000000000E+000  4.859801000000E-002  0.000000000000E+000 
! 3 Gradient Vectors (2x12x3, real)
12 3 ! 1 1 0
 4.172285200000E-002  3.100030000000E-003  1.271520000000E-004 
-1.812694100000E-002  1.448338900000E-002 -3.677448000000E-003 
-5.005821700000E-002  3.577949000000E-002  7.957468000000E-003 
 2.962375700000E-002 -2.628020000000E-003 -1.109811900000E-002 
-1.121285100000E-002 -3.137354800000E-002  1.106174000000E-003 
-1.218350100000E-002 -1.849528200000E-002  5.873857000000E-003 
 9.506438000000E-003  5.199749000000E-003 -7.521937000000E-003 
-4.619460000000E-004 -4.089277800000E-002  4.315334000000E-003 
-4.553200500000E-002  6.584062300000E-002  6.075689000000E-003 
 7.270261800000E-002 -8.425308100000E-002 -8.845262000000E-003 
-9.365205000000E-003  5.393168800000E-002  9.261944000000E-003 
-6.614998000000E-003 -6.922600000000E-004 -3.574851000000E-003 
12 3 ! 1 2 0
 1.442839950000E-001 -6.062810200000E-002 -2.949512000000E-003 
-1.398134360000E-001 -5.476418900000E-002 -6.849048000000E-003 
-1.122339410000E-001  1.530416610000E-001  2.342510000000E-003 
 1.476746230000E-001  4.161551000000E-003 -6.750341000000E-003 
-1.180255400000E-002 -3.072064300000E-002  1.875026000000E-003 
-1.311369300000E-002 -1.897005900000E-002  5.913707000000E-003 
 9.814585000000E-003  7.368941000000E-003 -5.662119000000E-003 
-1.379910000000E-004 -4.085838100000E-002  2.605720000000E-003 
-2.129109940000E-001  1.043511240000E-001  2.129786000000E-002 
 2.044804390000E-001 -1.154435250000E-001 -1.869709500000E-002 
-9.188447000000E-003  5.597579800000E-002  6.316922000000E-003 
-7.052587000000E-003 -3.514175000000E-003  5.563710000000E-004 
! 5 Non-adiabatic couplings (ddr) (2x2x12x3, real)
12 3 ! 1 1 0 1 1 0
 0.000000000000E+000  0.000000000000E+000  0.000000000000E+000 
 0.000000000000E+000  0.000000000000E+000  0.000000000000E+000 
 0.000000000000E+000  0.000000000000E+000  0.000000000000E+000 
 0.000000000000E+000  0.000000000000E+000  0.000000000000E+000 
 0.000000000000E+000  0.000000000000E+000  0.000000000000E+000 
 0.000000000000E+000  0.000000000000E+000  0.000000000000E+000 
 0.000000000000E+000  0.000000000000E+000  0.000000000000E+000 
 0.000000000000E+000  0.000000000000E+000  0.000000000000E+000 
 0.000000000000E+000  0.000000000000E+000  0.000000000000E+000 
 0.000000000000E+000  0.000000000000E+000  0.000000000000E+000 
 0.000000000000E+000  0.000000000000E+000  0.000000000000E+000 
 0.000000000000E+000  0.000000000000E+000  0.000000000000E+000 
12 3 ! 1 1 0 1 2 0
-1.648652870000E-001  1.422823290000E-001 -2.443902300000E-002 
-9.840836600000E-002  1.014780400000E-002 -1.046787900000E-002 
 6.914836200000E-002  6.427486000000E-002  2.066208000000E-003 
 2.993762080000E-001  2.800673000000E-003  3.347667200000E-002 
-2.577424000000E-003  4.019462000000E-003  6.024939000000E-003 
 3.362680000000E-004 -9.156840000000E-004  6.928841000000E-003 
-3.706742000000E-003  9.827400000000E-004 -2.658889000000E-003 
 5.343717000000E-003  3.617665000000E-003 -3.914637000000E-003 
-1.478231040000E-001 -3.014256690000E-001 -3.486249000000E-003 
 2.916542000000E-002  3.355542700000E-002 -3.692212000000E-003 
-3.976279000000E-003  4.364966000000E-003 -1.125698000000E-003 
 4.123865000000E-003 -5.667700000000E-004  4.314714000000E-003 
12 3 ! 1 2 0 1 1 0
 1.648652870000E-001 -1.422823290000E-001  2.443902300000E-002 
 9.840836600000E-002 -1.014780400000E-002  1.046787900000E-002 
-6.914836200000E-002 -6.427486000000E-002 -2.066208000000E-003 
-2.993762080000E-001 -2.800673000000E-003 -3.347667200000E-002 
 2.577424000000E-003 -4.019462000000E-003 -6.024939000000E-003 
-3.362680000000E-004  9.156840000000E-004 -6.928841000000E-003 
 3.706742000000E-003 -9.827400000000E-004  2.658889000000E-003 
-5.343717000000E-003 -3.617665000000E-003  3.914637000000E-003 
 1.478231040000E-001  3.014256690000E-001  3.486249000000E-003 
-2.916542000000E-002 -3.355542700000E-002  3.692212000000E-003 
 3.976279000000E-003 -4.364966000000E-003  1.125698000000E-003 
-4.123865000000E-003  5.667700000000E-004 -4.314714000000E-003 
12 3 ! 1 2 0 1 2 0
 0.000000000000E+000  0.000000000000E+000  0.000000000000E+000 
 0.000000000000E+000  0.000000000000E+000  0.000000000000E+000 
 0.000000000000E+000  0.000000000000E+000  0.000000000000E+000 
 0.000000000000E+000  0.000000000000E+000  0.000000000000E+000 
 0.000000000000E+000  0.000000000000E+000  0.000000000000E+000 
 0.000000000000E+000  0.000000000000E+000  0.000000000000E+000 
 0.000000000000E+000  0.000000000000E+000  0.000000000000E+000 
 0.000000000000E+000  0.000000000000E+000  0.000000000000E+000 
 0.000000000000E+000  0.000000000000E+000  0.000000000000E+000 
 0.000000000000E+000  0.000000000000E+000  0.000000000000E+000 
 0.000000000000E+000  0.000000000000E+000  0.000000000000E+000 
 0.000000000000E+000  0.000000000000E+000  0.000000000000E+000 
! 6 Overlap matrix (2x2, complex)
2 2
 4.731005296000E-001  0.000000000000E+000 -1.042424580000E-002  0.000000000000E+000 
 1.208297650000E-002  0.000000000000E+000  4.687266962000E-001  0.000000000000E+000 

! 7 Phases
2 ! for all nmstates
 1.000000000E+000  0.000000000E+000
 1.000000000E+000  0.000000000E+000
! 8 Runtime
 1.465405960000E+002
