! 1 Hamiltonian Matrix (2x2, complex)
2 2
-2.306627947490E+002  0.000000000000E+000  0.000000000000E+000  0.000000000000E+000 
 0.000000000000E+000  0.000000000000E+000 -2.304959366793E+002  0.000000000000E+000 

! 2 Dipole Moment Matrices (3x2x2, complex)
2 2
-1.567034100000E-001  0.000000000000E+000 -1.450977131500E-001  0.000000000000E+000 
-1.450977131500E-001  0.000000000000E+000  6.129173000000E-002  0.000000000000E+000 
2 2
 4.785083000000E-002  0.000000000000E+000 -1.480485100950E-001  0.000000000000E+000 
-1.480485100950E-001  0.000000000000E+000 -3.093717200000E-001  0.000000000000E+000 
2 2
-6.559008000000E-002  0.000000000000E+000  7.429809954000E-002  0.000000000000E+000 
 7.429809954000E-002  0.000000000000E+000 -6.770090000000E-002  0.000000000000E+000 
! 3 Gradient Vectors (2x12x3, real)
12 3 ! 1 1 0
-7.856981100000E-002 -7.897202200000E-002  1.090301900000E-002 
 1.972197100000E-002 -2.712808500000E-002 -2.484764800000E-002 
-1.481198280000E-001  7.479576300000E-002  3.226478200000E-002 
 8.685198200000E-002 -1.430252520000E-001 -6.136426000000E-003 
 2.489184400000E-002  4.159871600000E-002  2.756128000000E-003 
-1.839600000000E-003  2.623157300000E-002  9.565280000000E-004 
 7.753814900000E-002  4.165582000000E-003 -1.511808600000E-002 
-2.511299500000E-002  6.825296800000E-002  5.282107000000E-003 
 5.257430500000E-002  4.872724400000E-002 -9.247582000000E-003 
 2.012828000000E-002  9.521083000000E-003  4.585935000000E-003 
-1.474209000000E-003 -2.110544100000E-002 -1.921322000000E-003 
-2.659008900000E-002 -3.062130000000E-003  5.225660000000E-004 
12 3 ! 1 2 0
 2.372432300000E-002 -1.324333670000E-001  1.473876200000E-002 
-1.055338110000E-001 -9.516446400000E-002 -2.647789200000E-002 
-2.122840360000E-001  1.865983320000E-001  2.326561900000E-002 
 2.058529180000E-001 -1.340036410000E-001 -2.971287000000E-003 
 2.453725600000E-002  4.247228600000E-002 -6.065240000000E-004 
-9.668790000000E-004  2.529574600000E-002  5.479470000000E-004 
 7.856079400000E-002  5.880779000000E-003 -1.050664100000E-002 
-2.526448100000E-002  6.876917700000E-002  5.848090000000E-003 
-1.084890520000E-001  7.920672700000E-002 -4.521940000000E-003 
 1.478907570000E-001 -2.338379700000E-002 -1.819813000000E-003 
-1.057657000000E-003 -1.808100100000E-002  3.118365000000E-003 
-2.697013200000E-002 -5.156778000000E-003 -6.146860000000E-004 
! 5 Non-adiabatic couplings (ddr) (2x2x12x3, real)
12 3 ! 1 1 0 1 1 0
 0.000000000000E+000  0.000000000000E+000  0.000000000000E+000 
 0.000000000000E+000  0.000000000000E+000  0.000000000000E+000 
 0.000000000000E+000  0.000000000000E+000  0.000000000000E+000 
 0.000000000000E+000  0.000000000000E+000  0.000000000000E+000 
 0.000000000000E+000  0.000000000000E+000  0.000000000000E+000 
 0.000000000000E+000  0.000000000000E+000  0.000000000000E+000 
 0.000000000000E+000  0.000000000000E+000  0.000000000000E+000 
 0.000000000000E+000  0.000000000000E+000  0.000000000000E+000 
 0.000000000000E+000  0.000000000000E+000  0.000000000000E+000 
 0.000000000000E+000  0.000000000000E+000  0.000000000000E+000 
 0.000000000000E+000  0.000000000000E+000  0.000000000000E+000 
 0.000000000000E+000  0.000000000000E+000  0.000000000000E+000 
12 3 ! 1 1 0 1 2 0
-1.875255980000E-001  1.982183650000E-001  2.828163000000E-003 
-6.814512000000E-002  7.611743000000E-003 -5.671130000000E-004 
 4.604338800000E-002  8.180671700000E-002  2.965384600000E-002 
 2.889560350000E-001  5.415557000000E-003  1.718956500000E-002 
 1.302789000000E-003  4.558563000000E-003 -3.754324000000E-003 
 5.110563000000E-003  1.087623000000E-003 -1.383085900000E-002 
-2.045848000000E-003  2.138898000000E-003 -9.798653000000E-003 
 3.659481000000E-003  2.275308000000E-003 -6.186665000000E-003 
-8.667850500000E-002 -3.686830350000E-001 -3.543285000000E-003 
-1.907073300000E-002  4.391283100000E-002  5.043108000000E-003 
-3.593429000000E-003  1.567938000000E-003 -4.176411000000E-003 
 3.985326000000E-003  7.685500000000E-004  1.272339000000E-003 
12 3 ! 1 2 0 1 1 0
 1.875255980000E-001 -1.982183650000E-001 -2.828163000000E-003 
 6.814512000000E-002 -7.611743000000E-003  5.671130000000E-004 
-4.604338800000E-002 -8.180671700000E-002 -2.965384600000E-002 
-2.889560350000E-001 -5.415557000000E-003 -1.718956500000E-002 
-1.302789000000E-003 -4.558563000000E-003  3.754324000000E-003 
-5.110563000000E-003 -1.087623000000E-003  1.383085900000E-002 
 2.045848000000E-003 -2.138898000000E-003  9.798653000000E-003 
-3.659481000000E-003 -2.275308000000E-003  6.186665000000E-003 
 8.667850500000E-002  3.686830350000E-001  3.543285000000E-003 
 1.907073300000E-002 -4.391283100000E-002 -5.043108000000E-003 
 3.593429000000E-003 -1.567938000000E-003  4.176411000000E-003 
-3.985326000000E-003 -7.685500000000E-004 -1.272339000000E-003 
12 3 ! 1 2 0 1 2 0
 0.000000000000E+000  0.000000000000E+000  0.000000000000E+000 
 0.000000000000E+000  0.000000000000E+000  0.000000000000E+000 
 0.000000000000E+000  0.000000000000E+000  0.000000000000E+000 
 0.000000000000E+000  0.000000000000E+000  0.000000000000E+000 
 0.000000000000E+000  0.000000000000E+000  0.000000000000E+000 
 0.000000000000E+000  0.000000000000E+000  0.000000000000E+000 
 0.000000000000E+000  0.000000000000E+000  0.000000000000E+000 
 0.000000000000E+000  0.000000000000E+000  0.000000000000E+000 
 0.000000000000E+000  0.000000000000E+000  0.000000000000E+000 
 0.000000000000E+000  0.000000000000E+000  0.000000000000E+000 
 0.000000000000E+000  0.000000000000E+000  0.000000000000E+000 
 0.000000000000E+000  0.000000000000E+000  0.000000000000E+000 
! 6 Overlap matrix (2x2, complex)
2 2
 2.455090964000E-001  0.000000000000E+000 -4.430220000000E-005  0.000000000000E+000 
 1.921125600000E-003  0.000000000000E+000  2.403154722000E-001  0.000000000000E+000 

! 7 Phases
2 ! for all nmstates
 1.000000000E+000  0.000000000E+000
 1.000000000E+000  0.000000000E+000
! 8 Runtime
 1.456433870000E+002
