! 1 Hamiltonian Matrix (2x2, complex)
2 2
-2.306843666170E+002  0.000000000000E+000  0.000000000000E+000  0.000000000000E+000 
 0.000000000000E+000  0.000000000000E+000 -2.305469092343E+002  0.000000000000E+000 

! 2 Dipole Moment Matrices (3x2x2, complex)
2 2
-1.176773500000E-001  0.000000000000E+000 -9.370814570900E-002  0.000000000000E+000 
-9.370814570900E-002  0.000000000000E+000  1.038813900000E-001  0.000000000000E+000 
2 2
 8.264236000000E-002  0.000000000000E+000 -1.866247323890E-001  0.000000000000E+000 
-1.866247323890E-001  0.000000000000E+000 -1.805588600000E-001  0.000000000000E+000 
2 2
-8.275766000000E-002  0.000000000000E+000  2.636169096800E-002  0.000000000000E+000 
 2.636169096800E-002  0.000000000000E+000 -2.858428000000E-002  0.000000000000E+000 
! 3 Gradient Vectors (2x12x3, real)
12 3 ! 1 1 0
-1.042785400000E-002 -6.144619000000E-003  2.095585900000E-002 
 3.644045700000E-002  1.120914800000E-002 -1.020491700000E-002 
-4.742676600000E-002  1.787317100000E-002  2.423617400000E-002 
-3.445923400000E-002  3.262574900000E-002 -4.160605000000E-003 
-4.405798600000E-002 -2.423191600000E-002 -2.139224000000E-003 
-1.041172000000E-003  5.442011000000E-003 -3.855259000000E-003 
 5.110949400000E-002  1.044193000000E-002 -1.482819100000E-002 
 8.528579000000E-003 -8.074814700000E-002  6.090297000000E-003 
 5.346077400000E-002  5.146944400000E-002 -1.459649500000E-002 
 1.048079700000E-002 -4.587927000000E-002 -1.982182900000E-002 
-1.676320700000E-002  8.441356000000E-003  1.421978000000E-002 
-5.843882000000E-003  1.950114500000E-002  4.104409000000E-003 
12 3 ! 1 2 0
 8.721985400000E-002 -6.792696800000E-002  1.445023000000E-002 
-8.286593400000E-002 -6.117536200000E-002 -1.065818700000E-002 
-1.055487340000E-001  1.355980000000E-001  1.775116600000E-002 
 7.838094000000E-002  4.070063400000E-002  5.027888000000E-003 
-4.455715100000E-002 -2.381655100000E-002 -3.493658000000E-003 
-8.598480000000E-004  4.561727000000E-003 -1.165104000000E-003 
 5.173290100000E-002  1.206977700000E-002 -1.303601200000E-002 
 8.964083000000E-003 -8.191367500000E-002  5.464903000000E-003 
-1.072020900000E-001  8.789601500000E-002 -1.575015600000E-002 
 1.374991460000E-001 -7.543430700000E-002 -4.629762000000E-003 
-1.645768300000E-002  1.198222000000E-002  3.964235000000E-003 
-6.305485000000E-003  1.745849100000E-002  2.074458000000E-003 
! 5 Non-adiabatic couplings (ddr) (2x2x12x3, real)
12 3 ! 1 1 0 1 1 0
 0.000000000000E+000  0.000000000000E+000  0.000000000000E+000 
 0.000000000000E+000  0.000000000000E+000  0.000000000000E+000 
 0.000000000000E+000  0.000000000000E+000  0.000000000000E+000 
 0.000000000000E+000  0.000000000000E+000  0.000000000000E+000 
 0.000000000000E+000  0.000000000000E+000  0.000000000000E+000 
 0.000000000000E+000  0.000000000000E+000  0.000000000000E+000 
 0.000000000000E+000  0.000000000000E+000  0.000000000000E+000 
 0.000000000000E+000  0.000000000000E+000  0.000000000000E+000 
 0.000000000000E+000  0.000000000000E+000  0.000000000000E+000 
 0.000000000000E+000  0.000000000000E+000  0.000000000000E+000 
 0.000000000000E+000  0.000000000000E+000  0.000000000000E+000 
 0.000000000000E+000  0.000000000000E+000  0.000000000000E+000 
12 3 ! 1 1 0 1 2 0
-1.750477910000E-001  2.050945830000E-001  1.512160000000E-003 
-1.000400790000E-001 -9.387207000000E-003 -1.652162300000E-002 
 3.752465200000E-002  1.370119890000E-001  4.463907500000E-002 
 3.990595560000E-001  1.952664500000E-002 -6.870924000000E-003 
 1.192818000000E-003  3.521067000000E-003 -1.316463000000E-003 
 5.015633000000E-003  2.557460000000E-004 -6.111625000000E-003 
-3.963916000000E-003  3.433397000000E-003 -7.844318000000E-003 
 7.930218000000E-003 -5.376550000000E-004 -4.878823000000E-003 
-2.145449940000E-001 -4.241954140000E-001 -3.411990000000E-004 
 3.208866100000E-002  4.016252700000E-002 -3.847903000000E-003 
-3.832736000000E-003  3.981755000000E-003  1.399252000000E-003 
 4.705632000000E-003 -4.962980000000E-004  2.728129000000E-003 
12 3 ! 1 2 0 1 1 0
 1.750477910000E-001 -2.050945830000E-001 -1.512160000000E-003 
 1.000400790000E-001  9.387207000000E-003  1.652162300000E-002 
-3.752465200000E-002 -1.370119890000E-001 -4.463907500000E-002 
-3.990595560000E-001 -1.952664500000E-002  6.870924000000E-003 
-1.192818000000E-003 -3.521067000000E-003  1.316463000000E-003 
-5.015633000000E-003 -2.557460000000E-004  6.111625000000E-003 
 3.963916000000E-003 -3.433397000000E-003  7.844318000000E-003 
-7.930218000000E-003  5.376550000000E-004  4.878823000000E-003 
 2.145449940000E-001  4.241954140000E-001  3.411990000000E-004 
-3.208866100000E-002 -4.016252700000E-002  3.847903000000E-003 
 3.832736000000E-003 -3.981755000000E-003 -1.399252000000E-003 
-4.705632000000E-003  4.962980000000E-004 -2.728129000000E-003 
12 3 ! 1 2 0 1 2 0
 0.000000000000E+000  0.000000000000E+000  0.000000000000E+000 
 0.000000000000E+000  0.000000000000E+000  0.000000000000E+000 
 0.000000000000E+000  0.000000000000E+000  0.000000000000E+000 
 0.000000000000E+000  0.000000000000E+000  0.000000000000E+000 
 0.000000000000E+000  0.000000000000E+000  0.000000000000E+000 
 0.000000000000E+000  0.000000000000E+000  0.000000000000E+000 
 0.000000000000E+000  0.000000000000E+000  0.000000000000E+000 
 0.000000000000E+000  0.000000000000E+000  0.000000000000E+000 
 0.000000000000E+000  0.000000000000E+000  0.000000000000E+000 
 0.000000000000E+000  0.000000000000E+000  0.000000000000E+000 
 0.000000000000E+000  0.000000000000E+000  0.000000000000E+000 
 0.000000000000E+000  0.000000000000E+000  0.000000000000E+000 
! 6 Overlap matrix (2x2, complex)
2 2
 4.572523888000E-001  0.000000000000E+000 -1.434847380000E-002  0.000000000000E+000 
 1.496062000000E-002  0.000000000000E+000  4.514779743000E-001  0.000000000000E+000 

! 7 Phases
2 ! for all nmstates
 1.000000000E+000  0.000000000E+000
 1.000000000E+000  0.000000000E+000
! 8 Runtime
 1.484048340000E+002
