! 1 Hamiltonian Matrix (2x2, complex)
2 2
-2.307141535155E+002  0.000000000000E+000  0.000000000000E+000  0.000000000000E+000 
 0.000000000000E+000  0.000000000000E+000 -2.305686273277E+002  0.000000000000E+000 

! 2 Dipole Moment Matrices (3x2x2, complex)
2 2
-1.520974400000E-001  0.000000000000E+000 -7.798114762400E-002  0.000000000000E+000 
-7.798114762400E-002  0.000000000000E+000  1.491152000000E-001  0.000000000000E+000 
2 2
 4.553643000000E-002  0.000000000000E+000 -2.074602566110E-001  0.000000000000E+000 
-2.074602566110E-001  0.000000000000E+000 -9.862239000000E-002  0.000000000000E+000 
2 2
 2.824975000000E-002  0.000000000000E+000 -1.398485412600E-002  0.000000000000E+000 
-1.398485412600E-002  0.000000000000E+000  2.938169000000E-002  0.000000000000E+000 
! 3 Gradient Vectors (2x12x3, real)
12 3 ! 1 1 0
 5.649276000000E-003 -7.308349000000E-003 -1.263079000000E-003 
 3.224544700000E-002 -6.059909000000E-003  4.642366000000E-003 
-4.486678900000E-002 -8.889814000000E-003 -1.124870000000E-002 
 9.190027000000E-003 -3.742053000000E-003  1.612368000000E-003 
-1.330415500000E-002 -1.290776500000E-002 -2.491070000000E-004 
-3.253908200000E-002  2.978878100000E-002 -1.115246000000E-003 
 2.923112300000E-002  7.760866000000E-003  6.970936000000E-003 
-1.143243000000E-003 -1.725921000000E-003 -1.751327000000E-003 
 3.998837400000E-002  2.183487000000E-003  2.737840000000E-003 
-2.529003700000E-002  8.907927000000E-003 -1.852186000000E-003 
-8.164670000000E-004 -2.248477200000E-002  1.479969000000E-003 
 1.655525000000E-003  1.447752200000E-002  3.616700000000E-005 
12 3 ! 1 2 0
 1.045821390000E-001 -7.138796900000E-002 -9.603440000000E-004 
-9.006764400000E-002 -8.022850500000E-002  5.100477000000E-003 
-1.046983060000E-001  1.185607960000E-001 -1.133076700000E-002 
 1.269154380000E-001 -2.316070000000E-003  1.296980000000E-003 
-1.350344900000E-002 -1.247162100000E-002 -1.493000000000E-005 
-3.351213700000E-002  2.873526300000E-002 -1.170036000000E-003 
 2.965558100000E-002  9.093404000000E-003  6.013514000000E-003 
-1.300611000000E-003 -1.993548000000E-003 -1.112330000000E-003 
-1.179885080000E-001  4.676667300000E-002  2.053448000000E-003 
 9.894108100000E-002 -2.685655700000E-002  8.708140000000E-004 
-1.555370000000E-004 -2.029044400000E-002 -1.212510000000E-003 
 1.131953000000E-003  1.238857800000E-002  4.656830000000E-004 
! 5 Non-adiabatic couplings (ddr) (2x2x12x3, real)
12 3 ! 1 1 0 1 1 0
 0.000000000000E+000  0.000000000000E+000  0.000000000000E+000 
 0.000000000000E+000  0.000000000000E+000  0.000000000000E+000 
 0.000000000000E+000  0.000000000000E+000  0.000000000000E+000 
 0.000000000000E+000  0.000000000000E+000  0.000000000000E+000 
 0.000000000000E+000  0.000000000000E+000  0.000000000000E+000 
 0.000000000000E+000  0.000000000000E+000  0.000000000000E+000 
 0.000000000000E+000  0.000000000000E+000  0.000000000000E+000 
 0.000000000000E+000  0.000000000000E+000  0.000000000000E+000 
 0.000000000000E+000  0.000000000000E+000  0.000000000000E+000 
 0.000000000000E+000  0.000000000000E+000  0.000000000000E+000 
 0.000000000000E+000  0.000000000000E+000  0.000000000000E+000 
 0.000000000000E+000  0.000000000000E+000  0.000000000000E+000 
12 3 ! 1 1 0 1 2 0
-2.298967500000E-001  2.081754660000E-001 -4.070085000000E-003 
-4.864546700000E-002  4.887987500000E-002 -2.454042000000E-003 
 6.069655300000E-002  4.761273800000E-002 -1.018938100000E-002 
 3.248047000000E-001  3.036742100000E-002  3.735496000000E-003 
-9.967140000000E-004  4.183577000000E-003  3.734480000000E-004 
 4.290483000000E-003 -1.373664000000E-003  3.563480000000E-003 
-3.533897000000E-003  2.360578000000E-003  2.614635000000E-003 
 4.212291000000E-003  2.988314000000E-003 -4.678240000000E-004 
-1.324340630000E-001 -4.165225950000E-001  7.998571000000E-003 
 1.115133700000E-002  4.398435400000E-002 -3.400147000000E-003 
-4.325506000000E-003  2.636154000000E-003  7.138980000000E-004 
 4.893106000000E-003 -1.286200000000E-004 -6.962180000000E-004 
12 3 ! 1 2 0 1 1 0
 2.298967500000E-001 -2.081754660000E-001  4.070085000000E-003 
 4.864546700000E-002 -4.887987500000E-002  2.454042000000E-003 
-6.069655300000E-002 -4.761273800000E-002  1.018938100000E-002 
-3.248047000000E-001 -3.036742100000E-002 -3.735496000000E-003 
 9.967140000000E-004 -4.183577000000E-003 -3.734480000000E-004 
-4.290483000000E-003  1.373664000000E-003 -3.563480000000E-003 
 3.533897000000E-003 -2.360578000000E-003 -2.614635000000E-003 
-4.212291000000E-003 -2.988314000000E-003  4.678240000000E-004 
 1.324340630000E-001  4.165225950000E-001 -7.998571000000E-003 
-1.115133700000E-002 -4.398435400000E-002  3.400147000000E-003 
 4.325506000000E-003 -2.636154000000E-003 -7.138980000000E-004 
-4.893106000000E-003  1.286200000000E-004  6.962180000000E-004 
12 3 ! 1 2 0 1 2 0
 0.000000000000E+000  0.000000000000E+000  0.000000000000E+000 
 0.000000000000E+000  0.000000000000E+000  0.000000000000E+000 
 0.000000000000E+000  0.000000000000E+000  0.000000000000E+000 
 0.000000000000E+000  0.000000000000E+000  0.000000000000E+000 
 0.000000000000E+000  0.000000000000E+000  0.000000000000E+000 
 0.000000000000E+000  0.000000000000E+000  0.000000000000E+000 
 0.000000000000E+000  0.000000000000E+000  0.000000000000E+000 
 0.000000000000E+000  0.000000000000E+000  0.000000000000E+000 
 0.000000000000E+000  0.000000000000E+000  0.000000000000E+000 
 0.000000000000E+000  0.000000000000E+000  0.000000000000E+000 
 0.000000000000E+000  0.000000000000E+000  0.000000000000E+000 
 0.000000000000E+000  0.000000000000E+000  0.000000000000E+000 
! 6 Overlap matrix (2x2, complex)
2 2
 9.987454654000E-001  0.000000000000E+000 -2.589714000000E-004  0.000000000000E+000 
 2.582659000000E-004  0.000000000000E+000  9.987397228000E-001  0.000000000000E+000 

! 7 Phases
2 ! for all nmstates
 1.000000000E+000  0.000000000E+000
 1.000000000E+000  0.000000000E+000
! 8 Runtime
 2.094955740000E+002
