! 1 Hamiltonian Matrix (2x2, complex)
2 2
-2.306860211214E+002  0.000000000000E+000  0.000000000000E+000  0.000000000000E+000 
 0.000000000000E+000  0.000000000000E+000 -2.305445079875E+002  0.000000000000E+000 

! 2 Dipole Moment Matrices (3x2x2, complex)
2 2
-1.133228900000E-001  0.000000000000E+000 -1.116578629010E-001  0.000000000000E+000 
-1.116578629010E-001  0.000000000000E+000  1.575024400000E-001  0.000000000000E+000 
2 2
-2.296871000000E-002  0.000000000000E+000 -1.966470156170E-001  0.000000000000E+000 
-1.966470156170E-001  0.000000000000E+000 -1.811466600000E-001  0.000000000000E+000 
2 2
-4.068402000000E-002  0.000000000000E+000  8.452685978000E-003  0.000000000000E+000 
 8.452685978000E-003  0.000000000000E+000  2.509805000000E-002  0.000000000000E+000 
! 3 Gradient Vectors (2x12x3, real)
12 3 ! 1 1 0
-5.240441900000E-002 -2.817856500000E-002  2.101228400000E-002 
 1.253266760000E-001 -5.421251600000E-002 -2.088361100000E-002 
 3.869851800000E-002  4.073886400000E-002  2.423682000000E-003 
 2.496722900000E-002 -9.824314600000E-002  2.452913600000E-002 
 1.094370900000E-002  3.187503800000E-002  6.815980000000E-004 
-5.767848800000E-002  6.259784700000E-002  4.317981000000E-003 
-5.692782900000E-002 -2.654861400000E-002  6.722550000000E-004 
-7.577721000000E-003  6.371361400000E-002 -1.799932700000E-002 
-4.187423100000E-002  1.620790500000E-002 -1.438973700000E-002 
-8.754797000000E-003 -4.870307500000E-002 -8.386579000000E-003 
 2.274077000000E-003  2.166611800000E-002  7.383948000000E-003 
 2.300727600000E-002  1.908652900000E-002  6.383690000000E-004 
12 3 ! 1 2 0
 4.078585200000E-002 -8.939753300000E-002  1.917638900000E-002 
 1.725763500000E-002 -1.296310170000E-001 -1.817218200000E-002 
-2.350885200000E-002  1.576505630000E-001  5.228977000000E-003 
 1.450132870000E-001 -8.531569500000E-002  2.535574500000E-002 
 1.099558900000E-002  3.238726200000E-002 -1.272797000000E-003 
-5.843789200000E-002  6.172856800000E-002  4.988410000000E-003 
-5.687482800000E-002 -2.469869000000E-002  4.256920000000E-004 
-7.781133000000E-003  6.393415100000E-002 -1.669706500000E-002 
-2.138543260000E-001  6.119414300000E-002 -2.048714000000E-002 
 1.207383270000E-001 -8.824341700000E-002  8.562960000000E-004 
 3.332409000000E-003  2.355736100000E-002  1.729427000000E-003 
 2.233393100000E-002  1.683430400000E-002 -1.131753000000E-003 
! 5 Non-adiabatic couplings (ddr) (2x2x12x3, real)
12 3 ! 1 1 0 1 1 0
 0.000000000000E+000  0.000000000000E+000  0.000000000000E+000 
 0.000000000000E+000  0.000000000000E+000  0.000000000000E+000 
 0.000000000000E+000  0.000000000000E+000  0.000000000000E+000 
 0.000000000000E+000  0.000000000000E+000  0.000000000000E+000 
 0.000000000000E+000  0.000000000000E+000  0.000000000000E+000 
 0.000000000000E+000  0.000000000000E+000  0.000000000000E+000 
 0.000000000000E+000  0.000000000000E+000  0.000000000000E+000 
 0.000000000000E+000  0.000000000000E+000  0.000000000000E+000 
 0.000000000000E+000  0.000000000000E+000  0.000000000000E+000 
 0.000000000000E+000  0.000000000000E+000  0.000000000000E+000 
 0.000000000000E+000  0.000000000000E+000  0.000000000000E+000 
 0.000000000000E+000  0.000000000000E+000  0.000000000000E+000 
12 3 ! 1 1 0 1 2 0
-2.626692640000E-001  2.228593370000E-001  2.158727300000E-002 
-4.929608300000E-002  4.859200200000E-002  8.663784000000E-003 
 7.617861100000E-002  3.619748000000E-002  2.595674000000E-003 
 2.874211720000E-001  2.920189400000E-002 -2.380707700000E-002 
-3.918590000000E-004  4.984213000000E-003 -1.152194100000E-002 
 4.968829000000E-003 -9.000450000000E-004 -9.826574000000E-003 
-4.627809000000E-003  1.223526000000E-003  3.812550000000E-004 
 4.115731000000E-003  1.766575000000E-003  3.025079000000E-003 
-4.530698700000E-002 -4.278353590000E-001  1.185653000000E-002 
-2.116528700000E-002  5.491343600000E-002 -6.048995000000E-003 
-5.263029000000E-003  3.582386000000E-003  3.860640000000E-003 
 4.824854000000E-003 -6.014000000000E-006 -6.230980000000E-004 
12 3 ! 1 2 0 1 1 0
 2.626692640000E-001 -2.228593370000E-001 -2.158727300000E-002 
 4.929608300000E-002 -4.859200200000E-002 -8.663784000000E-003 
-7.617861100000E-002 -3.619748000000E-002 -2.595674000000E-003 
-2.874211720000E-001 -2.920189400000E-002  2.380707700000E-002 
 3.918590000000E-004 -4.984213000000E-003  1.152194100000E-002 
-4.968829000000E-003  9.000450000000E-004  9.826574000000E-003 
 4.627809000000E-003 -1.223526000000E-003 -3.812550000000E-004 
-4.115731000000E-003 -1.766575000000E-003 -3.025079000000E-003 
 4.530698700000E-002  4.278353590000E-001 -1.185653000000E-002 
 2.116528700000E-002 -5.491343600000E-002  6.048995000000E-003 
 5.263029000000E-003 -3.582386000000E-003 -3.860640000000E-003 
-4.824854000000E-003  6.014000000000E-006  6.230980000000E-004 
12 3 ! 1 2 0 1 2 0
 0.000000000000E+000  0.000000000000E+000  0.000000000000E+000 
 0.000000000000E+000  0.000000000000E+000  0.000000000000E+000 
 0.000000000000E+000  0.000000000000E+000  0.000000000000E+000 
 0.000000000000E+000  0.000000000000E+000  0.000000000000E+000 
 0.000000000000E+000  0.000000000000E+000  0.000000000000E+000 
 0.000000000000E+000  0.000000000000E+000  0.000000000000E+000 
 0.000000000000E+000  0.000000000000E+000  0.000000000000E+000 
 0.000000000000E+000  0.000000000000E+000  0.000000000000E+000 
 0.000000000000E+000  0.000000000000E+000  0.000000000000E+000 
 0.000000000000E+000  0.000000000000E+000  0.000000000000E+000 
 0.000000000000E+000  0.000000000000E+000  0.000000000000E+000 
 0.000000000000E+000  0.000000000000E+000  0.000000000000E+000 
! 6 Overlap matrix (2x2, complex)
2 2
 2.344852232000E-001  0.000000000000E+000 -3.725737700000E-003  0.000000000000E+000 
 3.571978200000E-003  0.000000000000E+000  2.331007180000E-001  0.000000000000E+000 

! 7 Phases
2 ! for all nmstates
 1.000000000E+000  0.000000000E+000
 1.000000000E+000  0.000000000E+000
! 8 Runtime
 1.396287180000E+002
