! 1 Hamiltonian Matrix (2x2, complex)
2 2
-2.306530714100E+002  0.000000000000E+000  0.000000000000E+000  0.000000000000E+000 
 0.000000000000E+000  0.000000000000E+000 -2.305150186186E+002  0.000000000000E+000 

! 2 Dipole Moment Matrices (3x2x2, complex)
2 2
-7.161698000000E-002  0.000000000000E+000 -1.035479004690E-001  0.000000000000E+000 
-1.035479004690E-001  0.000000000000E+000  1.065479200000E-001  0.000000000000E+000 
2 2
 5.668197000000E-002  0.000000000000E+000 -1.835412046000E-001  0.000000000000E+000 
-1.835412046000E-001  0.000000000000E+000 -2.101055300000E-001  0.000000000000E+000 
2 2
-9.882797000000E-002  0.000000000000E+000 -5.295700863900E-002  0.000000000000E+000 
-5.295700863900E-002  0.000000000000E+000 -6.005939000000E-002  0.000000000000E+000 
! 3 Gradient Vectors (2x12x3, real)
12 3 ! 1 1 0
-4.452183600000E-002  4.995854000000E-002 -1.931872600000E-002 
 1.335480300000E-002  5.242567100000E-002  9.541096000000E-003 
-9.272255000000E-003  3.124026700000E-002 -1.802301000000E-003 
-6.798752900000E-002 -1.011289380000E-001  4.719619000000E-002 
-2.939587800000E-002 -7.635281600000E-002  1.256770800000E-002 
 4.244125300000E-002 -6.971097000000E-002 -6.292980000000E-003 
 3.247787000000E-003 -4.230752000000E-003 -3.783081000000E-003 
 8.665702000000E-003  6.199063500000E-002 -3.146323400000E-002 
 8.389717900000E-002  6.301635400000E-002 -6.968551000000E-003 
 3.852107600000E-002 -1.637671800000E-002 -5.485603000000E-003 
-6.008559000000E-003  4.373127600000E-002 -2.803412000000E-003 
-3.294174300000E-002 -3.456254900000E-002  8.612893000000E-003 
12 3 ! 1 2 0
 5.289816800000E-002 -9.781333000000E-003 -2.189481400000E-002 
-1.046135440000E-001 -1.816087700000E-002  8.111300000000E-003 
-6.809991700000E-002  1.426091370000E-001 -3.567776000000E-003 
 4.284476600000E-002 -8.882126200000E-002  5.516917200000E-002 
-2.941241600000E-002 -7.573874100000E-002  1.356833700000E-002 
 4.284326500000E-002 -6.995713600000E-002 -3.430109000000E-003 
 3.607017000000E-003 -2.465689000000E-003 -5.345560000000E-003 
 9.551612000000E-003  6.092972300000E-002 -3.414869100000E-002 
-7.628005400000E-002  1.055543680000E-001 -1.309163800000E-002 
 1.650729760000E-001 -5.292097700000E-002  3.613827000000E-003 
-5.529266000000E-003  4.537414500000E-002 -1.445785000000E-003 
-3.288260800000E-002 -3.662135700000E-002  2.461736000000E-003 
! 5 Non-adiabatic couplings (ddr) (2x2x12x3, real)
12 3 ! 1 1 0 1 1 0
 0.000000000000E+000  0.000000000000E+000  0.000000000000E+000 
 0.000000000000E+000  0.000000000000E+000  0.000000000000E+000 
 0.000000000000E+000  0.000000000000E+000  0.000000000000E+000 
 0.000000000000E+000  0.000000000000E+000  0.000000000000E+000 
 0.000000000000E+000  0.000000000000E+000  0.000000000000E+000 
 0.000000000000E+000  0.000000000000E+000  0.000000000000E+000 
 0.000000000000E+000  0.000000000000E+000  0.000000000000E+000 
 0.000000000000E+000  0.000000000000E+000  0.000000000000E+000 
 0.000000000000E+000  0.000000000000E+000  0.000000000000E+000 
 0.000000000000E+000  0.000000000000E+000  0.000000000000E+000 
 0.000000000000E+000  0.000000000000E+000  0.000000000000E+000 
 0.000000000000E+000  0.000000000000E+000  0.000000000000E+000 
12 3 ! 1 1 0 1 2 0
-1.563370240000E-001  2.058282050000E-001 -1.950521500000E-002 
-1.060409680000E-001 -3.457550100000E-002  1.264890600000E-002 
 2.495823200000E-002  1.596895370000E-001  4.291565700000E-002 
 4.040305850000E-001  3.197608300000E-002 -3.217336000000E-002 
-1.500351000000E-003  1.737772000000E-003  1.105260000000E-003 
 3.626646000000E-003  5.694320000000E-004 -2.610171000000E-003 
-4.621090000000E-003  3.127212000000E-003 -7.029303000000E-003 
 6.508357000000E-003 -1.217200000000E-004  1.626285000000E-003 
-2.316402780000E-001 -4.257619010000E-001 -2.206576500000E-002 
 5.034800100000E-002  3.269653000000E-002  1.588726000000E-002 
-3.831945000000E-003  4.361026000000E-003  1.134045000000E-003 
 4.274517000000E-003  1.345970000000E-004 -4.526720000000E-004 
12 3 ! 1 2 0 1 1 0
 1.563370240000E-001 -2.058282050000E-001  1.950521500000E-002 
 1.060409680000E-001  3.457550100000E-002 -1.264890600000E-002 
-2.495823200000E-002 -1.596895370000E-001 -4.291565700000E-002 
-4.040305850000E-001 -3.197608300000E-002  3.217336000000E-002 
 1.500351000000E-003 -1.737772000000E-003 -1.105260000000E-003 
-3.626646000000E-003 -5.694320000000E-004  2.610171000000E-003 
 4.621090000000E-003 -3.127212000000E-003  7.029303000000E-003 
-6.508357000000E-003  1.217200000000E-004 -1.626285000000E-003 
 2.316402780000E-001  4.257619010000E-001  2.206576500000E-002 
-5.034800100000E-002 -3.269653000000E-002 -1.588726000000E-002 
 3.831945000000E-003 -4.361026000000E-003 -1.134045000000E-003 
-4.274517000000E-003 -1.345970000000E-004  4.526720000000E-004 
12 3 ! 1 2 0 1 2 0
 0.000000000000E+000  0.000000000000E+000  0.000000000000E+000 
 0.000000000000E+000  0.000000000000E+000  0.000000000000E+000 
 0.000000000000E+000  0.000000000000E+000  0.000000000000E+000 
 0.000000000000E+000  0.000000000000E+000  0.000000000000E+000 
 0.000000000000E+000  0.000000000000E+000  0.000000000000E+000 
 0.000000000000E+000  0.000000000000E+000  0.000000000000E+000 
 0.000000000000E+000  0.000000000000E+000  0.000000000000E+000 
 0.000000000000E+000  0.000000000000E+000  0.000000000000E+000 
 0.000000000000E+000  0.000000000000E+000  0.000000000000E+000 
 0.000000000000E+000  0.000000000000E+000  0.000000000000E+000 
 0.000000000000E+000  0.000000000000E+000  0.000000000000E+000 
 0.000000000000E+000  0.000000000000E+000  0.000000000000E+000 
! 6 Overlap matrix (2x2, complex)
2 2
 2.698096385000E-001  0.000000000000E+000 -1.384817980000E-002  0.000000000000E+000 
 1.410764020000E-002  0.000000000000E+000  2.667162478000E-001  0.000000000000E+000 

! 7 Phases
2 ! for all nmstates
 1.000000000E+000  0.000000000E+000
 1.000000000E+000  0.000000000E+000
! 8 Runtime
 1.435416420000E+002
