! 1 Hamiltonian Matrix (2x2, complex)
2 2
-2.306624351993E+002  0.000000000000E+000  0.000000000000E+000  0.000000000000E+000 
 0.000000000000E+000  0.000000000000E+000 -2.305272670728E+002  0.000000000000E+000 

! 2 Dipole Moment Matrices (3x2x2, complex)
2 2
-1.546942600000E-001  0.000000000000E+000 -3.539477141500E-002  0.000000000000E+000 
-3.539477141500E-002  0.000000000000E+000  1.392027000000E-001  0.000000000000E+000 
2 2
-1.096329000000E-002  0.000000000000E+000 -3.138596357360E-001  0.000000000000E+000 
-3.138596357360E-001  0.000000000000E+000 -9.254729000000E-002  0.000000000000E+000 
2 2
-4.127947000000E-002  0.000000000000E+000 -4.361499780700E-002  0.000000000000E+000 
-4.361499780700E-002  0.000000000000E+000 -5.168186000000E-002  0.000000000000E+000 
! 3 Gradient Vectors (2x12x3, real)
12 3 ! 1 1 0
-2.790899500000E-002 -7.341028400000E-002 -9.185622000000E-003 
-1.047773900000E-002  7.153146400000E-002  6.586769000000E-003 
-4.614218500000E-002 -1.353557400000E-001 -9.714586000000E-003 
-3.732918200000E-002  1.542491960000E-001 -1.972388400000E-002 
 3.878963200000E-002  4.478286000000E-002 -1.199663000000E-003 
-6.197395000000E-003  1.640712600000E-002 -3.837970000000E-003 
 7.000954300000E-002  3.354007200000E-002  9.651994000000E-003 
-3.328851000000E-003 -1.311662410000E-001  2.043186700000E-002 
 7.048072000000E-003  4.702099500000E-002  4.371029000000E-003 
-2.138262000000E-002 -1.114577570000E-001  9.955047000000E-003 
 2.948335000000E-003  5.319802000000E-002 -7.666229000000E-003 
 3.397138600000E-002  3.066029100000E-002  3.312480000000E-004 
12 3 ! 1 2 0
 6.573500100000E-002 -1.380756800000E-001 -8.840985000000E-003 
-1.298136380000E-001 -9.125988000000E-003  2.974923000000E-003 
-9.357476900000E-002 -6.327744000000E-003 -1.312012900000E-002 
 6.752146000000E-002  1.574917860000E-001 -1.394686000000E-002 
 3.923507700000E-002  4.545953200000E-002  7.597760000000E-004 
-7.149008000000E-003  1.501551900000E-002 -2.758466000000E-003 
 7.004791300000E-002  3.401001900000E-002  8.198056000000E-003 
-2.910866000000E-003 -1.323924500000E-001  2.012301700000E-002 
-1.590481430000E-001  9.409672200000E-002  8.577608000000E-003 
 1.129993780000E-001 -1.426279980000E-001 -2.248470000000E-004 
 3.847977000000E-003  5.428051400000E-002 -3.190799000000E-003 
 3.310961800000E-002  2.819576700000E-002  1.448705000000E-003 
! 5 Non-adiabatic couplings (ddr) (2x2x12x3, real)
12 3 ! 1 1 0 1 1 0
 0.000000000000E+000  0.000000000000E+000  0.000000000000E+000 
 0.000000000000E+000  0.000000000000E+000  0.000000000000E+000 
 0.000000000000E+000  0.000000000000E+000  0.000000000000E+000 
 0.000000000000E+000  0.000000000000E+000  0.000000000000E+000 
 0.000000000000E+000  0.000000000000E+000  0.000000000000E+000 
 0.000000000000E+000  0.000000000000E+000  0.000000000000E+000 
 0.000000000000E+000  0.000000000000E+000  0.000000000000E+000 
 0.000000000000E+000  0.000000000000E+000  0.000000000000E+000 
 0.000000000000E+000  0.000000000000E+000  0.000000000000E+000 
 0.000000000000E+000  0.000000000000E+000  0.000000000000E+000 
 0.000000000000E+000  0.000000000000E+000  0.000000000000E+000 
 0.000000000000E+000  0.000000000000E+000  0.000000000000E+000 
12 3 ! 1 1 0 1 2 0
-1.666815690000E-001  1.666027250000E-001 -3.689825000000E-002 
-1.015837850000E-001  2.955917900000E-002  4.624249000000E-003 
 6.514365700000E-002  7.211826300000E-002  2.176413200000E-002 
 3.732419370000E-001  4.844900000000E-002  1.284011000000E-003 
-4.171439000000E-003  7.953600000000E-003  5.990278000000E-003 
 5.170955000000E-003  1.353067000000E-003 -3.114030000000E-004 
-3.108303000000E-003  5.045323000000E-003 -4.196679000000E-003 
 6.321846000000E-003  2.819847000000E-003 -5.402316000000E-003 
-2.590930170000E-001 -4.149609990000E-001  1.589590000000E-003 
 7.855073600000E-002  3.963426200000E-002  2.359493000000E-003 
-5.951619000000E-003  5.382489000000E-003  3.857150000000E-004 
 4.629923000000E-003 -1.373354000000E-003  1.813575000000E-003 
12 3 ! 1 2 0 1 1 0
 1.666815690000E-001 -1.666027250000E-001  3.689825000000E-002 
 1.015837850000E-001 -2.955917900000E-002 -4.624249000000E-003 
-6.514365700000E-002 -7.211826300000E-002 -2.176413200000E-002 
-3.732419370000E-001 -4.844900000000E-002 -1.284011000000E-003 
 4.171439000000E-003 -7.953600000000E-003 -5.990278000000E-003 
-5.170955000000E-003 -1.353067000000E-003  3.114030000000E-004 
 3.108303000000E-003 -5.045323000000E-003  4.196679000000E-003 
-6.321846000000E-003 -2.819847000000E-003  5.402316000000E-003 
 2.590930170000E-001  4.149609990000E-001 -1.589590000000E-003 
-7.855073600000E-002 -3.963426200000E-002 -2.359493000000E-003 
 5.951619000000E-003 -5.382489000000E-003 -3.857150000000E-004 
-4.629923000000E-003  1.373354000000E-003 -1.813575000000E-003 
12 3 ! 1 2 0 1 2 0
 0.000000000000E+000  0.000000000000E+000  0.000000000000E+000 
 0.000000000000E+000  0.000000000000E+000  0.000000000000E+000 
 0.000000000000E+000  0.000000000000E+000  0.000000000000E+000 
 0.000000000000E+000  0.000000000000E+000  0.000000000000E+000 
 0.000000000000E+000  0.000000000000E+000  0.000000000000E+000 
 0.000000000000E+000  0.000000000000E+000  0.000000000000E+000 
 0.000000000000E+000  0.000000000000E+000  0.000000000000E+000 
 0.000000000000E+000  0.000000000000E+000  0.000000000000E+000 
 0.000000000000E+000  0.000000000000E+000  0.000000000000E+000 
 0.000000000000E+000  0.000000000000E+000  0.000000000000E+000 
 0.000000000000E+000  0.000000000000E+000  0.000000000000E+000 
 0.000000000000E+000  0.000000000000E+000  0.000000000000E+000 
! 6 Overlap matrix (2x2, complex)
2 2
 3.705665295000E-001  0.000000000000E+000 -1.183063450000E-002  0.000000000000E+000 
 1.281792810000E-002  0.000000000000E+000  3.684605041000E-001  0.000000000000E+000 

! 7 Phases
2 ! for all nmstates
 1.000000000E+000  0.000000000E+000
 1.000000000E+000  0.000000000E+000
! 8 Runtime
 8.448770420000E+002
