2021-08-25 23:21:15.681447 fermium /user/julia/Tutorial/1_TrainingSet/Initial/ICOND_00007

  ================================================================================
||                                                                                ||
||                         SHARC - MOLPRO2012 - Interface                         ||
||                                                                                ||
||                             Author: Sebastian Mai                              ||
||                                                                                ||
||                                  Version: 2.1                                  ||
||                                 Date: 01.09.19                                 ||
||                                                                                ||
  ================================================================================


==> QMin Job description for:
Initial condition ICOND_00007/

Tasks:	H	DM	Grad	Nac(ddr)	Overlaps	Phases
States: 	2 Singlet

Method:
Electrons per Multiplicity:	42
Job ID per Multiplicity:	1
Level of Theory per Job ID:
1:	SA(2+0+0)-CASSCF(6,6)/6-31G*

Found Geo! NAtom is 12.

Geometry in Bohrs:
C -0.2396 -2.7635  0.1605 
C  2.3567 -2.4670 -0.0997 
C  3.2945  0.2665 -0.2825 
C  1.0428  1.7194  0.1413 
H -1.2987 -4.5218  0.1111 
H  3.8111 -3.9375  0.2638 
H  5.3511  0.3474 -0.9580 
H  1.2041  3.6715 -0.2485 
C -1.3235 -0.0788  0.0265 
C -3.6689  0.7744  0.0855 
H -4.1023  2.7376  0.5126 
H -5.2624 -0.5514 -0.0554 

Gradients:   X X 

Non-adiabatic couplings:
. X 
X . 

wfthres: 1.0
docicas: True
newstep: []
nstates: 2
unit: ['bohr']
phases: []
njobs: 1
initorbs: {1: '/user/julia/Tutorial/1_TrainingSet/Initial/ICOND_00007/SAVE/wf.1.old'}
delay: 0.0
scratchdir: /user/julia/Tutorial/1_TrainingSet/Initial/ICOND_00007/ICOND_00007
cleanup: []
wfoverlap: /user/julia/software/SchNarc/sharc/source/../bin/wfoverlap.x
template: {'gradaccudefault': 1e-05, 'gradaccumax': 0.01, 'basis': '6-31G*', 'occ': [24], 'nelec': {1: [42, 41, 42]}, 'closed': [18], 'rootpad': {1: [0, 0, 0]}, 'dkho': 0, 'roots': {1: [2, 0, 0]}}
memory: 500
multmap: {1: 1, -1: [1]}
ndocc: 0
jobs: [1]
ncore: 0
maxmult: 1
ncpu: 1
pwd: /user/julia/Tutorial/1_TrainingSet/Initial/ICOND_00007
statemap: {1: [1, 1, 0.0], 2: [1, 2, 0.0]}
molpro: /usr/license/molpro/molpros_2012_1_5_Linux_x86_64_i8/bin/
nmstates: 2
savedir: /user/julia/Tutorial/1_TrainingSet/Initial/ICOND_00007/SAVE
nacmap: [(1, 1, 1, 2)]
natom: 12
gradmap: [(1, 1), (1, 2)]
joblist: [1]


>>>>>>>>>>>>> Starting the MOLPRO job execution
START:	/user/julia/Tutorial/1_TrainingSet/Initial/ICOND_00007/ICOND_00007/integrals	2021-08-25 23:21:18.402009	"/usr/license/molpro/molpros_2012_1_5_Linux_x86_64_i8/bin/molpro -W./ -I./ -d./ MOLPRO.input"
FINISH:	/user/julia/Tutorial/1_TrainingSet/Initial/ICOND_00007/ICOND_00007/integrals	2021-08-25 23:22:43.630002	Runtime: 0:01:25.227993	Error Code: 0
Error Codes:
	integrals 	0

START:	/user/julia/Tutorial/1_TrainingSet/Initial/ICOND_00007/ICOND_00007/master_1	2021-08-25 23:22:50.992504	"/usr/license/molpro/molpros_2012_1_5_Linux_x86_64_i8/bin/molpro -W./ -I./ -d./ MOLPRO.input"
FINISH:	/user/julia/Tutorial/1_TrainingSet/Initial/ICOND_00007/ICOND_00007/master_1	2021-08-25 23:27:33.607546	Runtime: 0:04:42.615042	Error Code: 0
Error Codes:
	master_1  	0

START:	/user/julia/Tutorial/1_TrainingSet/Initial/ICOND_00007/ICOND_00007/grad_1_1	2021-08-25 23:27:40.339570	"/usr/license/molpro/molpros_2012_1_5_Linux_x86_64_i8/bin/molpro -W./ -I./ -d./ MOLPRO.input"
FINISH:	/user/julia/Tutorial/1_TrainingSet/Initial/ICOND_00007/ICOND_00007/grad_1_1	2021-08-25 23:30:19.427184	Runtime: 0:02:39.087614	Error Code: 0
START:	/user/julia/Tutorial/1_TrainingSet/Initial/ICOND_00007/ICOND_00007/nac_1_1_1_2	2021-08-25 23:30:23.525312	"/usr/license/molpro/molpros_2012_1_5_Linux_x86_64_i8/bin/molpro -W./ -I./ -d./ MOLPRO.input"
FINISH:	/user/julia/Tutorial/1_TrainingSet/Initial/ICOND_00007/ICOND_00007/nac_1_1_1_2	2021-08-25 23:32:59.881807	Runtime: 0:02:36.356495	Error Code: 0
START:	/user/julia/Tutorial/1_TrainingSet/Initial/ICOND_00007/ICOND_00007/grad_1_2	2021-08-25 23:33:04.233208	"/usr/license/molpro/molpros_2012_1_5_Linux_x86_64_i8/bin/molpro -W./ -I./ -d./ MOLPRO.input"
FINISH:	/user/julia/Tutorial/1_TrainingSet/Initial/ICOND_00007/ICOND_00007/grad_1_2	2021-08-25 23:35:06.947524	Runtime: 0:02:02.714316	Error Code: 0
Error Codes:
	grad_1_1  	0	nac_1_1_1_2	0	grad_1_2  	0

>>>>>>>>>>>>> Starting the WFOVERLAP job execution
START:	/user/julia/Tutorial/1_TrainingSet/Initial/ICOND_00007/ICOND_00007/CI_CAS_1_1	2021-08-25 23:35:07.550491	"/user/julia/software/SchNarc/sharc/source/../bin/wfoverlap.x -m 500 -f wfovl.inp"
FINISH:	/user/julia/Tutorial/1_TrainingSet/Initial/ICOND_00007/ICOND_00007/CI_CAS_1_1	2021-08-25 23:35:08.100064	Runtime: 0:00:00.549573	Error Code: 0
START:	/user/julia/Tutorial/1_TrainingSet/Initial/ICOND_00007/ICOND_00007/AOoverlap	2021-08-25 23:35:08.125240	"/usr/license/molpro/molpros_2012_1_5_Linux_x86_64_i8/bin/molpro -W./ -I./ -d./ MOLPRO.input"
FINISH:	/user/julia/Tutorial/1_TrainingSet/Initial/ICOND_00007/ICOND_00007/AOoverlap	2021-08-25 23:35:09.990144	Runtime: 0:00:01.864904	Error Code: 0
START:	/user/julia/Tutorial/1_TrainingSet/Initial/ICOND_00007/ICOND_00007/WFOVL_1_1	2021-08-25 23:35:10.096559	"/user/julia/software/SchNarc/sharc/source/../bin/wfoverlap.x -m 500 -f wfovl.inp"
FINISH:	/user/julia/Tutorial/1_TrainingSet/Initial/ICOND_00007/ICOND_00007/WFOVL_1_1	2021-08-25 23:35:10.234605	Runtime: 0:00:00.138046	Error Code: 0
Error Codes:
	CI_CAS_1_1	0	WFOVL_1_1 	0

===> Results:

=> Hamiltonian Matrix:
Diagonal Shift:   -230.00
Real Part:
----------------------
|-6.706e-01            |
|           -5.078e-01 |
----------------------

=> Dipole Moment Matrices:

Polarisation X:
Real Part:
----------------------
|-8.661e-02 -3.167e-02 |
|-3.167e-02  1.778e-01 |
----------------------

Polarisation Y:
Real Part:
----------------------
|-1.893e-02 -2.295e-01 |
|-2.295e-01 -3.634e-02 |
----------------------

Polarisation Z:
Real Part:
----------------------
|-9.817e-02 -1.381e-02 |
|-1.381e-02 -1.894e-02 |
----------------------

=> Gradient Vectors:

Singlet	1	Ms=  0.0:
1	C	-0.02537	-0.04250	 0.02583	
2	C	-0.01104	 0.01040	-0.01941	
3	C	 0.05597	 0.04248	-0.00323	
4	C	-0.05424	 0.05388	 0.03496	
5	H	-0.00441	-0.01147	-0.00573	
6	H	 0.02209	-0.00828	 0.01220	
7	H	 0.04444	-0.02491	-0.02148	
8	H	 0.02025	-0.01755	-0.00397	
9	C	-0.07976	-0.00019	-0.01956	
10	C	 0.04443	 0.00246	-0.00710	
11	H	-0.00182	 0.00822	 0.01038	
12	H	-0.01054	-0.01253	-0.00289	

Singlet	2	Ms=  0.0:
1	C	 0.06065	-0.09788	 0.00919	
2	C	-0.11729	-0.05415	-0.00486	
3	C	 0.00119	 0.15205	-0.00297	
4	C	 0.05622	 0.05569	 0.03951	
5	H	-0.00457	-0.01096	-0.00365	
6	H	 0.02163	-0.00983	 0.01371	
7	H	 0.04573	-0.02427	-0.02158	
8	H	 0.02025	-0.01909	-0.00667	
9	C	-0.25004	 0.05979	-0.01739	
10	C	 0.17824	-0.04872	-0.00539	
11	H	-0.00077	 0.01219	 0.00058	
12	H	-0.01124	-0.01481	-0.00049	

=> Analytical Non-adiabatic coupling vectors:

Singlet	States 1 - 1	Ms=  0.0:
		...is identical zero...

Singlet	States 1 - 2	Ms=  0.0:
1	C	-0.20837	 0.16123	 0.02082	
2	C	-0.01683	 0.08048	 0.01299	
3	C	 0.05527	-0.03010	 0.00388	
4	C	 0.21850	 0.02645	-0.05488	
5	H	-0.00232	 0.00459	-0.00594	
6	H	 0.00401	-0.00006	-0.00574	
7	H	-0.00152	 0.00474	 0.00417	
8	H	 0.00732	 0.00425	 0.01388	
9	C	-0.06679	-0.32382	 0.00324	
10	C	 0.00453	 0.03862	-0.00098	
11	H	-0.00400	 0.00175	 0.00549	
12	H	 0.00484	-0.00010	-0.00040	

Singlet	States 2 - 1	Ms=  0.0:
1	C	 0.20837	-0.16123	-0.02082	
2	C	 0.01683	-0.08048	-0.01299	
3	C	-0.05527	 0.03010	-0.00388	
4	C	-0.21850	-0.02645	 0.05488	
5	H	 0.00232	-0.00459	 0.00594	
6	H	-0.00401	 0.00006	 0.00574	
7	H	 0.00152	-0.00474	-0.00417	
8	H	-0.00732	-0.00425	-0.01388	
9	C	 0.06679	 0.32382	-0.00324	
10	C	-0.00453	-0.03862	 0.00098	
11	H	 0.00400	-0.00175	-0.00549	
12	H	-0.00484	 0.00010	 0.00040	

Singlet	States 2 - 2	Ms=  0.0:
		...is identical zero...

=> Overlap matrix:

Real Part:
----------------------
| 6.042e-02  6.297e-04 |
|-9.501e-04  5.997e-02 |
----------------------

=> Wavefunction Phases:
2

 1.0  0.0
 1.0  0.0


==> Runtime:
0 Days	0 Hours	13 Minutes	54 Seconds


===> Writing output to file QM.out in SHARC Format

2021-08-25 23:35:10.801852
#================ END ================#
