! 1 Hamiltonian Matrix (2x2, complex)
2 2
-2.306706263963E+002  0.000000000000E+000  0.000000000000E+000  0.000000000000E+000 
 0.000000000000E+000  0.000000000000E+000 -2.305078359984E+002  0.000000000000E+000 

! 2 Dipole Moment Matrices (3x2x2, complex)
2 2
-8.661002000000E-002  0.000000000000E+000 -3.167349951100E-002  0.000000000000E+000 
-3.167349951100E-002  0.000000000000E+000  1.777513600000E-001  0.000000000000E+000 
2 2
-1.892531000000E-002  0.000000000000E+000 -2.294836551350E-001  0.000000000000E+000 
-2.294836551350E-001  0.000000000000E+000 -3.634376000000E-002  0.000000000000E+000 
2 2
-9.817022000000E-002  0.000000000000E+000 -1.381331734900E-002  0.000000000000E+000 
-1.381331734900E-002  0.000000000000E+000 -1.893553000000E-002  0.000000000000E+000 
! 3 Gradient Vectors (2x12x3, real)
12 3 ! 1 1 0
-2.537177900000E-002 -4.250059500000E-002  2.582633200000E-002 
-1.103961100000E-002  1.040499300000E-002 -1.940678000000E-002 
 5.597304800000E-002  4.248024000000E-002 -3.234986000000E-003 
-5.424215100000E-002  5.387789400000E-002  3.496061900000E-002 
-4.406182000000E-003 -1.146949700000E-002 -5.726797000000E-003 
 2.209419900000E-002 -8.279634000000E-003  1.219744300000E-002 
 4.444195900000E-002 -2.491279800000E-002 -2.147944800000E-002 
 2.024651100000E-002 -1.754976000000E-002 -3.972827000000E-003 
-7.976241200000E-002 -1.934260000000E-004 -1.955892600000E-002 
 4.442781400000E-002  2.456490000000E-003 -7.102166000000E-003 
-1.824317000000E-003  8.215704000000E-003  1.038316200000E-002 
-1.053707900000E-002 -1.252961100000E-002 -2.885628000000E-003 
12 3 ! 1 2 0
 6.064882900000E-002 -9.788345400000E-002  9.193958000000E-003 
-1.172897590000E-001 -5.415143000000E-002 -4.855694000000E-003 
 1.194938000000E-003  1.520538280000E-001 -2.974241000000E-003 
 5.622489000000E-002  5.569047600000E-002  3.950858600000E-002 
-4.569253000000E-003 -1.095812800000E-002 -3.649000000000E-003 
 2.163039400000E-002 -9.829637000000E-003  1.371479100000E-002 
 4.572939800000E-002 -2.427405300000E-002 -2.158084800000E-002 
 2.024568400000E-002 -1.909380000000E-002 -6.670382000000E-003 
-2.500438830000E-001  5.978668000000E-002 -1.739064300000E-002 
 1.782363370000E-001 -4.872189900000E-002 -5.386357000000E-003 
-7.695590000000E-004  1.219074900000E-002  5.814930000000E-004 
-1.123801600000E-002 -1.480933200000E-002 -4.916650000000E-004 
! 5 Non-adiabatic couplings (ddr) (2x2x12x3, real)
12 3 ! 1 1 0 1 1 0
 0.000000000000E+000  0.000000000000E+000  0.000000000000E+000 
 0.000000000000E+000  0.000000000000E+000  0.000000000000E+000 
 0.000000000000E+000  0.000000000000E+000  0.000000000000E+000 
 0.000000000000E+000  0.000000000000E+000  0.000000000000E+000 
 0.000000000000E+000  0.000000000000E+000  0.000000000000E+000 
 0.000000000000E+000  0.000000000000E+000  0.000000000000E+000 
 0.000000000000E+000  0.000000000000E+000  0.000000000000E+000 
 0.000000000000E+000  0.000000000000E+000  0.000000000000E+000 
 0.000000000000E+000  0.000000000000E+000  0.000000000000E+000 
 0.000000000000E+000  0.000000000000E+000  0.000000000000E+000 
 0.000000000000E+000  0.000000000000E+000  0.000000000000E+000 
 0.000000000000E+000  0.000000000000E+000  0.000000000000E+000 
12 3 ! 1 1 0 1 2 0
-2.083700410000E-001  1.612277200000E-001  2.082172900000E-002 
-1.683342400000E-002  8.047557900000E-002  1.298940300000E-002 
 5.527337600000E-002 -3.010167300000E-002  3.877099000000E-003 
 2.185032780000E-001  2.645288200000E-002 -5.488020000000E-002 
-2.324894000000E-003  4.589985000000E-003 -5.940662000000E-003 
 4.006617000000E-003 -5.663800000000E-005 -5.738776000000E-003 
-1.522213000000E-003  4.741875000000E-003  4.166541000000E-003 
 7.319899000000E-003  4.247048000000E-003  1.388123200000E-002 
-6.679313000000E-002 -3.238169110000E-001  3.242988000000E-003 
 4.528992000000E-003  3.862038500000E-002 -9.844130000000E-004 
-4.004362000000E-003  1.746280000000E-003  5.489417000000E-003 
 4.836721000000E-003 -1.005800000000E-004 -3.952250000000E-004 
12 3 ! 1 2 0 1 1 0
 2.083700410000E-001 -1.612277200000E-001 -2.082172900000E-002 
 1.683342400000E-002 -8.047557900000E-002 -1.298940300000E-002 
-5.527337600000E-002  3.010167300000E-002 -3.877099000000E-003 
-2.185032780000E-001 -2.645288200000E-002  5.488020000000E-002 
 2.324894000000E-003 -4.589985000000E-003  5.940662000000E-003 
-4.006617000000E-003  5.663800000000E-005  5.738776000000E-003 
 1.522213000000E-003 -4.741875000000E-003 -4.166541000000E-003 
-7.319899000000E-003 -4.247048000000E-003 -1.388123200000E-002 
 6.679313000000E-002  3.238169110000E-001 -3.242988000000E-003 
-4.528992000000E-003 -3.862038500000E-002  9.844130000000E-004 
 4.004362000000E-003 -1.746280000000E-003 -5.489417000000E-003 
-4.836721000000E-003  1.005800000000E-004  3.952250000000E-004 
12 3 ! 1 2 0 1 2 0
 0.000000000000E+000  0.000000000000E+000  0.000000000000E+000 
 0.000000000000E+000  0.000000000000E+000  0.000000000000E+000 
 0.000000000000E+000  0.000000000000E+000  0.000000000000E+000 
 0.000000000000E+000  0.000000000000E+000  0.000000000000E+000 
 0.000000000000E+000  0.000000000000E+000  0.000000000000E+000 
 0.000000000000E+000  0.000000000000E+000  0.000000000000E+000 
 0.000000000000E+000  0.000000000000E+000  0.000000000000E+000 
 0.000000000000E+000  0.000000000000E+000  0.000000000000E+000 
 0.000000000000E+000  0.000000000000E+000  0.000000000000E+000 
 0.000000000000E+000  0.000000000000E+000  0.000000000000E+000 
 0.000000000000E+000  0.000000000000E+000  0.000000000000E+000 
 0.000000000000E+000  0.000000000000E+000  0.000000000000E+000 
! 6 Overlap matrix (2x2, complex)
2 2
 6.042258660000E-002  0.000000000000E+000  6.296640000000E-004  0.000000000000E+000 
-9.500520000000E-004  0.000000000000E+000  5.997200060000E-002  0.000000000000E+000 

! 7 Phases
2 ! for all nmstates
 1.000000000E+000  0.000000000E+000
 1.000000000E+000  0.000000000E+000
! 8 Runtime
 8.346121010000E+002
