! 1 Hamiltonian Matrix (2x2, complex)
2 2
-2.306504376895E+002  0.000000000000E+000  0.000000000000E+000  0.000000000000E+000 
 0.000000000000E+000  0.000000000000E+000 -2.305009078981E+002  0.000000000000E+000 

! 2 Dipole Moment Matrices (3x2x2, complex)
2 2
-1.250145700000E-001  0.000000000000E+000 -1.082598217580E-001  0.000000000000E+000 
-1.082598217580E-001  0.000000000000E+000  1.471221000000E-001  0.000000000000E+000 
2 2
-8.468070000000E-003  0.000000000000E+000 -1.902479421150E-001  0.000000000000E+000 
-1.902479421150E-001  0.000000000000E+000 -2.126195700000E-001  0.000000000000E+000 
2 2
 1.040173800000E-001  0.000000000000E+000 -1.262579559200E-002  0.000000000000E+000 
-1.262579559200E-002  0.000000000000E+000  1.197295600000E-001  0.000000000000E+000 
! 3 Gradient Vectors (2x12x3, real)
12 3 ! 1 1 0
-3.008611400000E-002 -4.861648100000E-002 -2.431091000000E-003 
 1.284003940000E-001 -7.706659200000E-002 -8.639552000000E-003 
-1.542912420000E-001 -3.641690000000E-004 -1.577704400000E-002 
 3.880160100000E-002  1.824360900000E-002  5.516300000000E-005 
-7.747683000000E-003  4.548481000000E-003  6.374607000000E-003 
-8.317233300000E-002  9.130312000000E-002  6.271379000000E-003 
 6.438401400000E-002  4.950164300000E-002  1.641934100000E-002 
 6.748799000000E-003 -7.691875900000E-002 -4.400240000000E-004 
 3.311165400000E-002  4.430387300000E-002  5.190312000000E-003 
-3.197755700000E-002 -5.167072700000E-002 -3.084307400000E-002 
 2.363646100000E-002  5.978036200000E-002  2.293793300000E-002 
 1.219200500000E-002 -1.304436000000E-002  8.820510000000E-004 
12 3 ! 1 2 0
 7.292058800000E-002 -1.069466240000E-001 -2.601752000000E-003 
 1.379020400000E-002 -1.537434450000E-001 -1.327125200000E-002 
-2.211387980000E-001  1.200475580000E-001 -1.902244500000E-002 
 1.544436790000E-001  2.575888000000E-002  4.485040000000E-003 
-8.282986000000E-003  4.839387000000E-003  3.831605000000E-003 
-8.430462100000E-002  9.025330600000E-002  8.218157000000E-003 
 6.416136700000E-002  5.049249500000E-002  1.632725100000E-002 
 6.731561000000E-003 -7.757529200000E-002  5.598040000000E-004 
-1.267841990000E-001  9.359263500000E-002  1.126131000000E-003 
 9.154184900000E-002 -9.393394200000E-002 -7.321721000000E-003 
 2.504508600000E-002  6.160338400000E-002  1.214694300000E-002 
 1.187627000000E-002 -1.438834100000E-002 -4.477760000000E-003 
! 5 Non-adiabatic couplings (ddr) (2x2x12x3, real)
12 3 ! 1 1 0 1 1 0
 0.000000000000E+000  0.000000000000E+000  0.000000000000E+000 
 0.000000000000E+000  0.000000000000E+000  0.000000000000E+000 
 0.000000000000E+000  0.000000000000E+000  0.000000000000E+000 
 0.000000000000E+000  0.000000000000E+000  0.000000000000E+000 
 0.000000000000E+000  0.000000000000E+000  0.000000000000E+000 
 0.000000000000E+000  0.000000000000E+000  0.000000000000E+000 
 0.000000000000E+000  0.000000000000E+000  0.000000000000E+000 
 0.000000000000E+000  0.000000000000E+000  0.000000000000E+000 
 0.000000000000E+000  0.000000000000E+000  0.000000000000E+000 
 0.000000000000E+000  0.000000000000E+000  0.000000000000E+000 
 0.000000000000E+000  0.000000000000E+000  0.000000000000E+000 
 0.000000000000E+000  0.000000000000E+000  0.000000000000E+000 
12 3 ! 1 1 0 1 2 0
-2.085949230000E-001  1.904557460000E-001 -8.215400000000E-003 
-8.101525700000E-002  5.449671000000E-003 -6.554792000000E-003 
 4.279036000000E-002  1.035610080000E-001  8.905979000000E-003 
 3.280518070000E-001  2.487135500000E-002  9.120704000000E-003 
 8.778440000000E-004  4.127201000000E-003 -1.099224000000E-003 
 4.828095000000E-003 -2.305155000000E-003 -8.826180000000E-004 
-1.074811000000E-003  1.121789000000E-003 -2.327989000000E-003 
 7.432563000000E-003  1.818412000000E-003 -4.536016000000E-003 
-1.241841950000E-001 -3.958043230000E-001  7.016545000000E-003 
 1.959940300000E-002  3.522682300000E-002 -6.238836000000E-003 
-3.206518000000E-003  5.681266000000E-003  2.350709000000E-003 
 4.807346000000E-003 -9.356340000000E-004 -3.816780000000E-004 
12 3 ! 1 2 0 1 1 0
 2.085949230000E-001 -1.904557460000E-001  8.215400000000E-003 
 8.101525700000E-002 -5.449671000000E-003  6.554792000000E-003 
-4.279036000000E-002 -1.035610080000E-001 -8.905979000000E-003 
-3.280518070000E-001 -2.487135500000E-002 -9.120704000000E-003 
-8.778440000000E-004 -4.127201000000E-003  1.099224000000E-003 
-4.828095000000E-003  2.305155000000E-003  8.826180000000E-004 
 1.074811000000E-003 -1.121789000000E-003  2.327989000000E-003 
-7.432563000000E-003 -1.818412000000E-003  4.536016000000E-003 
 1.241841950000E-001  3.958043230000E-001 -7.016545000000E-003 
-1.959940300000E-002 -3.522682300000E-002  6.238836000000E-003 
 3.206518000000E-003 -5.681266000000E-003 -2.350709000000E-003 
-4.807346000000E-003  9.356340000000E-004  3.816780000000E-004 
12 3 ! 1 2 0 1 2 0
 0.000000000000E+000  0.000000000000E+000  0.000000000000E+000 
 0.000000000000E+000  0.000000000000E+000  0.000000000000E+000 
 0.000000000000E+000  0.000000000000E+000  0.000000000000E+000 
 0.000000000000E+000  0.000000000000E+000  0.000000000000E+000 
 0.000000000000E+000  0.000000000000E+000  0.000000000000E+000 
 0.000000000000E+000  0.000000000000E+000  0.000000000000E+000 
 0.000000000000E+000  0.000000000000E+000  0.000000000000E+000 
 0.000000000000E+000  0.000000000000E+000  0.000000000000E+000 
 0.000000000000E+000  0.000000000000E+000  0.000000000000E+000 
 0.000000000000E+000  0.000000000000E+000  0.000000000000E+000 
 0.000000000000E+000  0.000000000000E+000  0.000000000000E+000 
 0.000000000000E+000  0.000000000000E+000  0.000000000000E+000 
! 6 Overlap matrix (2x2, complex)
2 2
 3.285662155000E-001  0.000000000000E+000 -1.743351630000E-002  0.000000000000E+000 
 1.804611480000E-002  0.000000000000E+000  3.222251901000E-001  0.000000000000E+000 

! 7 Phases
2 ! for all nmstates
 1.000000000E+000  0.000000000E+000
 1.000000000E+000  0.000000000E+000
! 8 Runtime
 1.385219320000E+002
