! 1 Hamiltonian Matrix (2x2, complex)
2 2
-2.306841747199E+002  0.000000000000E+000  0.000000000000E+000  0.000000000000E+000 
 0.000000000000E+000  0.000000000000E+000 -2.305489061487E+002  0.000000000000E+000 

! 2 Dipole Moment Matrices (3x2x2, complex)
2 2
-9.907383000000E-002  0.000000000000E+000 -1.775237768400E-002  0.000000000000E+000 
-1.775237768400E-002  0.000000000000E+000  1.665814500000E-001  0.000000000000E+000 
2 2
 6.737070000000E-002  0.000000000000E+000 -1.551380501980E-001  0.000000000000E+000 
-1.551380501980E-001  0.000000000000E+000 -1.035595300000E-001  0.000000000000E+000 
2 2
 9.807303000000E-002  0.000000000000E+000 -1.052139672600E-002  0.000000000000E+000 
-1.052139672600E-002  0.000000000000E+000  1.299172400000E-001  0.000000000000E+000 
! 3 Gradient Vectors (2x12x3, real)
12 3 ! 1 1 0
-4.608292600000E-002 -4.283310900000E-002 -3.288019000000E-003 
-2.646388400000E-002  1.452102700000E-002  8.756818000000E-003 
 1.431952680000E-001  4.939295100000E-002  1.157277900000E-002 
-3.641829800000E-002  6.004991000000E-002 -2.991435000000E-003 
 2.849811600000E-002  2.717247300000E-002  2.973361000000E-003 
 2.287029700000E-002 -3.390242300000E-002 -2.929002000000E-003 
-9.681430300000E-002 -3.003883200000E-002 -9.239176000000E-003 
 5.256959000000E-003 -7.830394700000E-002 -7.254840000000E-004 
 4.501730600000E-002  3.399807300000E-002 -2.927302000000E-003 
-2.843375000000E-003 -3.436812000000E-002 -2.918048200000E-002 
-2.739139600000E-002  1.312643900000E-002  1.925720000000E-002 
-8.823762000000E-003  2.118555900000E-002  8.720743000000E-003 
12 3 ! 1 2 0
 5.011062900000E-002 -1.050128380000E-001 -8.884700000000E-004 
-1.434544520000E-001 -5.417991500000E-002 -2.727655000000E-003 
 8.549603900000E-002  1.620737520000E-001  6.181566000000E-003 
 7.903880400000E-002  6.871993100000E-002  3.994906000000E-003 
 2.864746300000E-002  2.796414700000E-002  2.569611000000E-003 
 2.240666100000E-002 -3.473598900000E-002 -1.713076000000E-003 
-9.733740800000E-002 -2.825155500000E-002 -8.248435000000E-003 
 5.618061000000E-003 -7.913838000000E-002 -1.123319000000E-003 
-1.123673200000E-001  7.301001900000E-002 -2.277498000000E-003 
 1.190411970000E-001 -6.701660200000E-002 -8.377846000000E-003 
-2.758299700000E-002  1.705726600000E-002  8.571969000000E-003 
-9.616677000000E-003  1.951016300000E-002  4.038245000000E-003 
! 5 Non-adiabatic couplings (ddr) (2x2x12x3, real)
12 3 ! 1 1 0 1 1 0
 0.000000000000E+000  0.000000000000E+000  0.000000000000E+000 
 0.000000000000E+000  0.000000000000E+000  0.000000000000E+000 
 0.000000000000E+000  0.000000000000E+000  0.000000000000E+000 
 0.000000000000E+000  0.000000000000E+000  0.000000000000E+000 
 0.000000000000E+000  0.000000000000E+000  0.000000000000E+000 
 0.000000000000E+000  0.000000000000E+000  0.000000000000E+000 
 0.000000000000E+000  0.000000000000E+000  0.000000000000E+000 
 0.000000000000E+000  0.000000000000E+000  0.000000000000E+000 
 0.000000000000E+000  0.000000000000E+000  0.000000000000E+000 
 0.000000000000E+000  0.000000000000E+000  0.000000000000E+000 
 0.000000000000E+000  0.000000000000E+000  0.000000000000E+000 
 0.000000000000E+000  0.000000000000E+000  0.000000000000E+000 
12 3 ! 1 1 0 1 2 0
-2.144727690000E-001  1.998946690000E-001 -2.726348700000E-002 
-5.185637100000E-002  3.030403500000E-002 -2.683769000000E-002 
 2.483336000000E-002  9.423161300000E-002  8.682659000000E-003 
 4.067810880000E-001  4.086683800000E-002  4.956056600000E-002 
-4.078931000000E-003  4.953619000000E-003  5.243782000000E-003 
 1.541112000000E-003 -1.708967000000E-003  9.022289000000E-003 
-5.322557000000E-003 -4.266970000000E-004 -6.566870000000E-004 
 5.965757000000E-003  2.393188000000E-003 -6.650701000000E-003 
-2.124416800000E-001 -4.202401820000E-001 -1.104912400000E-002 
 4.614620400000E-002  2.843677900000E-002  4.116890000000E-004 
-3.248818000000E-003  4.198990000000E-003 -2.991370000000E-003 
 4.448839000000E-003 -4.451600000000E-004  7.617480000000E-004 
12 3 ! 1 2 0 1 1 0
 2.144727690000E-001 -1.998946690000E-001  2.726348700000E-002 
 5.185637100000E-002 -3.030403500000E-002  2.683769000000E-002 
-2.483336000000E-002 -9.423161300000E-002 -8.682659000000E-003 
-4.067810880000E-001 -4.086683800000E-002 -4.956056600000E-002 
 4.078931000000E-003 -4.953619000000E-003 -5.243782000000E-003 
-1.541112000000E-003  1.708967000000E-003 -9.022289000000E-003 
 5.322557000000E-003  4.266970000000E-004  6.566870000000E-004 
-5.965757000000E-003 -2.393188000000E-003  6.650701000000E-003 
 2.124416800000E-001  4.202401820000E-001  1.104912400000E-002 
-4.614620400000E-002 -2.843677900000E-002 -4.116890000000E-004 
 3.248818000000E-003 -4.198990000000E-003  2.991370000000E-003 
-4.448839000000E-003  4.451600000000E-004 -7.617480000000E-004 
12 3 ! 1 2 0 1 2 0
 0.000000000000E+000  0.000000000000E+000  0.000000000000E+000 
 0.000000000000E+000  0.000000000000E+000  0.000000000000E+000 
 0.000000000000E+000  0.000000000000E+000  0.000000000000E+000 
 0.000000000000E+000  0.000000000000E+000  0.000000000000E+000 
 0.000000000000E+000  0.000000000000E+000  0.000000000000E+000 
 0.000000000000E+000  0.000000000000E+000  0.000000000000E+000 
 0.000000000000E+000  0.000000000000E+000  0.000000000000E+000 
 0.000000000000E+000  0.000000000000E+000  0.000000000000E+000 
 0.000000000000E+000  0.000000000000E+000  0.000000000000E+000 
 0.000000000000E+000  0.000000000000E+000  0.000000000000E+000 
 0.000000000000E+000  0.000000000000E+000  0.000000000000E+000 
 0.000000000000E+000  0.000000000000E+000  0.000000000000E+000 
! 6 Overlap matrix (2x2, complex)
2 2
 1.619676267000E-001  0.000000000000E+000 -5.072162000000E-003  0.000000000000E+000 
 5.060725500000E-003  0.000000000000E+000  1.603835580000E-001  0.000000000000E+000 

! 7 Phases
2 ! for all nmstates
 1.000000000E+000  0.000000000E+000
 1.000000000E+000  0.000000000E+000
! 8 Runtime
 9.504127710000E+002
