2021-08-25 23:20:59.550130 fermium /user/julia/Tutorial/1_TrainingSet/Initial/ICOND_00005

  ================================================================================
||                                                                                ||
||                         SHARC - MOLPRO2012 - Interface                         ||
||                                                                                ||
||                             Author: Sebastian Mai                              ||
||                                                                                ||
||                                  Version: 2.1                                  ||
||                                 Date: 01.09.19                                 ||
||                                                                                ||
  ================================================================================


==> QMin Job description for:
Initial condition ICOND_00005/

Tasks:	H	DM	Grad	Nac(ddr)	Overlaps	Phases
States: 	2 Singlet

Method:
Electrons per Multiplicity:	42
Job ID per Multiplicity:	1
Level of Theory per Job ID:
1:	SA(2+0+0)-CASSCF(6,6)/6-31G*

Found Geo! NAtom is 12.

Geometry in Bohrs:
C -0.2513 -2.5492  0.1486 
C  2.2834 -2.5233 -0.1794 
C  3.1496  0.0720 -0.1911 
C  1.1204  1.5974 -0.0462 
H -1.3058 -4.0297  0.2582 
H  3.8609 -3.6915 -0.2185 
H  5.2603  0.6200 -0.1884 
H  1.0300  3.5901  0.0690 
C -1.1510  0.0514  0.2666 
C -3.6587  0.7495  0.0223 
H -4.3079  2.4692 -0.1211 
H -5.1965 -0.5785 -0.0477 

Gradients:   X X 

Non-adiabatic couplings:
. X 
X . 

wfthres: 1.0
docicas: True
newstep: []
nstates: 2
unit: ['bohr']
phases: []
njobs: 1
initorbs: {1: '/user/julia/Tutorial/1_TrainingSet/Initial/ICOND_00005/SAVE/wf.1.old'}
delay: 0.0
scratchdir: /user/julia/Tutorial/1_TrainingSet/Initial/ICOND_00005/ICOND_00005
cleanup: []
wfoverlap: /user/julia/software/SchNarc/sharc/source/../bin/wfoverlap.x
template: {'gradaccudefault': 1e-05, 'gradaccumax': 0.01, 'basis': '6-31G*', 'occ': [24], 'nelec': {1: [42, 41, 42]}, 'closed': [18], 'rootpad': {1: [0, 0, 0]}, 'dkho': 0, 'roots': {1: [2, 0, 0]}}
memory: 500
multmap: {1: 1, -1: [1]}
ndocc: 0
jobs: [1]
ncore: 0
maxmult: 1
ncpu: 1
pwd: /user/julia/Tutorial/1_TrainingSet/Initial/ICOND_00005
statemap: {1: [1, 1, 0.0], 2: [1, 2, 0.0]}
molpro: /usr/license/molpro/molpros_2012_1_5_Linux_x86_64_i8/bin/
nmstates: 2
savedir: /user/julia/Tutorial/1_TrainingSet/Initial/ICOND_00005/SAVE
nacmap: [(1, 1, 1, 2)]
natom: 12
gradmap: [(1, 1), (1, 2)]
joblist: [1]


>>>>>>>>>>>>> Starting the MOLPRO job execution
START:	/user/julia/Tutorial/1_TrainingSet/Initial/ICOND_00005/ICOND_00005/integrals	2021-08-25 23:20:59.699303	"/usr/license/molpro/molpros_2012_1_5_Linux_x86_64_i8/bin/molpro -W./ -I./ -d./ MOLPRO.input"
FINISH:	/user/julia/Tutorial/1_TrainingSet/Initial/ICOND_00005/ICOND_00005/integrals	2021-08-25 23:21:15.612320	Runtime: 0:00:15.913017	Error Code: 0
Error Codes:
	integrals 	0

START:	/user/julia/Tutorial/1_TrainingSet/Initial/ICOND_00005/ICOND_00005/master_1	2021-08-25 23:21:17.387373	"/usr/license/molpro/molpros_2012_1_5_Linux_x86_64_i8/bin/molpro -W./ -I./ -d./ MOLPRO.input"
FINISH:	/user/julia/Tutorial/1_TrainingSet/Initial/ICOND_00005/ICOND_00005/master_1	2021-08-25 23:26:33.109350	Runtime: 0:05:15.721977	Error Code: 0
Error Codes:
	master_1  	0

START:	/user/julia/Tutorial/1_TrainingSet/Initial/ICOND_00005/ICOND_00005/grad_1_1	2021-08-25 23:26:48.425832	"/usr/license/molpro/molpros_2012_1_5_Linux_x86_64_i8/bin/molpro -W./ -I./ -d./ MOLPRO.input"
FINISH:	/user/julia/Tutorial/1_TrainingSet/Initial/ICOND_00005/ICOND_00005/grad_1_1	2021-08-25 23:29:27.220817	Runtime: 0:02:38.794985	Error Code: 0
START:	/user/julia/Tutorial/1_TrainingSet/Initial/ICOND_00005/ICOND_00005/nac_1_1_1_2	2021-08-25 23:29:32.435931	"/usr/license/molpro/molpros_2012_1_5_Linux_x86_64_i8/bin/molpro -W./ -I./ -d./ MOLPRO.input"
FINISH:	/user/julia/Tutorial/1_TrainingSet/Initial/ICOND_00005/ICOND_00005/nac_1_1_1_2	2021-08-25 23:32:11.795184	Runtime: 0:02:39.359253	Error Code: 0
START:	/user/julia/Tutorial/1_TrainingSet/Initial/ICOND_00005/ICOND_00005/grad_1_2	2021-08-25 23:32:16.983168	"/usr/license/molpro/molpros_2012_1_5_Linux_x86_64_i8/bin/molpro -W./ -I./ -d./ MOLPRO.input"
FINISH:	/user/julia/Tutorial/1_TrainingSet/Initial/ICOND_00005/ICOND_00005/grad_1_2	2021-08-25 23:34:38.813792	Runtime: 0:02:21.830624	Error Code: 0
Error Codes:
	grad_1_1  	0	nac_1_1_1_2	0	grad_1_2  	0

>>>>>>>>>>>>> Starting the WFOVERLAP job execution
START:	/user/julia/Tutorial/1_TrainingSet/Initial/ICOND_00005/ICOND_00005/CI_CAS_1_1	2021-08-25 23:34:39.786674	"/user/julia/software/SchNarc/sharc/source/../bin/wfoverlap.x -m 500 -f wfovl.inp"
FINISH:	/user/julia/Tutorial/1_TrainingSet/Initial/ICOND_00005/ICOND_00005/CI_CAS_1_1	2021-08-25 23:34:40.164069	Runtime: 0:00:00.377395	Error Code: 0
START:	/user/julia/Tutorial/1_TrainingSet/Initial/ICOND_00005/ICOND_00005/AOoverlap	2021-08-25 23:34:40.183770	"/usr/license/molpro/molpros_2012_1_5_Linux_x86_64_i8/bin/molpro -W./ -I./ -d./ MOLPRO.input"
FINISH:	/user/julia/Tutorial/1_TrainingSet/Initial/ICOND_00005/ICOND_00005/AOoverlap	2021-08-25 23:34:50.493395	Runtime: 0:00:10.309625	Error Code: 0
START:	/user/julia/Tutorial/1_TrainingSet/Initial/ICOND_00005/ICOND_00005/WFOVL_1_1	2021-08-25 23:34:50.752807	"/user/julia/software/SchNarc/sharc/source/../bin/wfoverlap.x -m 500 -f wfovl.inp"
FINISH:	/user/julia/Tutorial/1_TrainingSet/Initial/ICOND_00005/ICOND_00005/WFOVL_1_1	2021-08-25 23:34:51.291316	Runtime: 0:00:00.538509	Error Code: 0
Error Codes:
	CI_CAS_1_1	0	WFOVL_1_1 	0

===> Results:

=> Hamiltonian Matrix:
Diagonal Shift:   -230.00
Real Part:
----------------------
|-6.780e-01            |
|           -5.449e-01 |
----------------------

=> Dipole Moment Matrices:

Polarisation X:
Real Part:
----------------------
|-1.688e-01 -6.561e-02 |
|-6.561e-02  1.750e-01 |
----------------------

Polarisation Y:
Real Part:
----------------------
| 6.433e-02 -1.877e-01 |
|-1.877e-01 -5.086e-02 |
----------------------

Polarisation Z:
Real Part:
----------------------
| 2.901e-02  2.836e-02 |
| 2.836e-02 -2.426e-02 |
----------------------

=> Gradient Vectors:

Singlet	1	Ms=  0.0:
1	C	-0.06709	-0.06020	 0.00396	
2	C	-0.00830	-0.02642	-0.00923	
3	C	-0.04296	-0.03308	 0.00021	
4	C	 0.00804	-0.01934	-0.01388	
5	H	 0.06908	 0.09255	-0.00687	
6	H	-0.00151	 0.04875	 0.00271	
7	H	 0.04896	 0.00903	 0.00444	
8	H	-0.00506	-0.01353	 0.00140	
9	C	 0.03415	-0.00289	 0.02710	
10	C	-0.04945	 0.09484	-0.01246	
11	H	 0.02144	-0.10055	 0.00642	
12	H	-0.00728	 0.01084	-0.00380	

Singlet	2	Ms=  0.0:
1	C	 0.02601	-0.12954	-0.00197	
2	C	-0.12912	-0.09722	 0.00676	
3	C	-0.09892	 0.09719	 0.00847	
4	C	 0.12488	-0.01969	-0.02239	
5	H	 0.06966	 0.09311	-0.00670	
6	H	-0.00172	 0.04632	-0.00145	
7	H	 0.04942	 0.01017	 0.00239	
8	H	-0.00493	-0.01387	 0.00372	
9	C	-0.12056	 0.04201	 0.00882	
10	C	 0.07107	 0.06043	-0.00289	
11	H	 0.02207	-0.09792	 0.00666	
12	H	-0.00788	 0.00901	-0.00139	

=> Analytical Non-adiabatic coupling vectors:

Singlet	States 1 - 1	Ms=  0.0:
		...is identical zero...

Singlet	States 1 - 2	Ms=  0.0:
1	C	-0.26109	 0.23508	 0.05343	
2	C	-0.02196	 0.06731	 0.03171	
3	C	 0.05788	 0.03311	-0.03454	
4	C	 0.34756	 0.02938	-0.04824	
5	H	-0.00353	 0.00717	-0.00890	
6	H	 0.00605	 0.00301	-0.00862	
7	H	-0.00293	 0.00273	 0.00334	
8	H	 0.00484	 0.00325	 0.00322	
9	C	-0.14120	-0.45481	 0.01681	
10	C	 0.00512	 0.04976	-0.00481	
11	H	-0.00467	 0.00189	 0.00776	
12	H	 0.00587	-0.00016	-0.00717	

Singlet	States 2 - 1	Ms=  0.0:
1	C	 0.26109	-0.23508	-0.05343	
2	C	 0.02196	-0.06731	-0.03171	
3	C	-0.05788	-0.03311	 0.03454	
4	C	-0.34756	-0.02938	 0.04824	
5	H	 0.00353	-0.00717	 0.00890	
6	H	-0.00605	-0.00301	 0.00862	
7	H	 0.00293	-0.00273	-0.00334	
8	H	-0.00484	-0.00325	-0.00322	
9	C	 0.14120	 0.45481	-0.01681	
10	C	-0.00512	-0.04976	 0.00481	
11	H	 0.00467	-0.00189	-0.00776	
12	H	-0.00587	 0.00016	 0.00717	

Singlet	States 2 - 2	Ms=  0.0:
		...is identical zero...

=> Overlap matrix:

Real Part:
----------------------
| 1.300e-01  2.177e-03 |
|-1.924e-03  1.291e-01 |
----------------------

=> Wavefunction Phases:
2

 1.0  0.0
 1.0  0.0


==> Runtime:
0 Days	0 Hours	13 Minutes	52 Seconds


===> Writing output to file QM.out in SHARC Format

2021-08-25 23:34:55.075943
#================ END ================#
