! 1 Hamiltonian Matrix (2x2, complex)
2 2
-2.306780307267E+002  0.000000000000E+000  0.000000000000E+000  0.000000000000E+000 
 0.000000000000E+000  0.000000000000E+000 -2.305449166950E+002  0.000000000000E+000 

! 2 Dipole Moment Matrices (3x2x2, complex)
2 2
-1.687639900000E-001  0.000000000000E+000 -6.561188244000E-002  0.000000000000E+000 
-6.561188244000E-002  0.000000000000E+000  1.750494800000E-001  0.000000000000E+000 
2 2
 6.433198000000E-002  0.000000000000E+000 -1.876863710030E-001  0.000000000000E+000 
-1.876863710030E-001  0.000000000000E+000 -5.085852000000E-002  0.000000000000E+000 
2 2
 2.900643000000E-002  0.000000000000E+000  2.836410820100E-002  0.000000000000E+000 
 2.836410820100E-002  0.000000000000E+000 -2.426184000000E-002  0.000000000000E+000 
! 3 Gradient Vectors (2x12x3, real)
12 3 ! 1 1 0
-6.708898300000E-002 -6.019676700000E-002  3.962854000000E-003 
-8.301072000000E-003 -2.641701500000E-002 -9.231456000000E-003 
-4.296491200000E-002 -3.308190500000E-002  2.089870000000E-004 
 8.037783000000E-003 -1.934254700000E-002 -1.387680400000E-002 
 6.907507300000E-002  9.255137200000E-002 -6.869128000000E-003 
-1.512996000000E-003  4.874555100000E-002  2.705644000000E-003 
 4.896297400000E-002  9.029053000000E-003  4.437557000000E-003 
-5.055401000000E-003 -1.353386700000E-002  1.400675000000E-003 
 3.414734200000E-002 -2.886145000000E-003  2.709505200000E-002 
-4.945397900000E-002  9.484381200000E-002 -1.245537500000E-002 
 2.143655300000E-002 -1.005472130000E-001  6.424129000000E-003 
-7.282383000000E-003  1.083567100000E-002 -3.802135000000E-003 
12 3 ! 1 2 0
 2.601128600000E-002 -1.295449130000E-001 -1.974719000000E-003 
-1.291171750000E-001 -9.721547100000E-002  6.756480000000E-003 
-9.891643300000E-002  9.718978700000E-002  8.465487000000E-003 
 1.248766360000E-001 -1.969458200000E-002 -2.239499600000E-002 
 6.966095700000E-002  9.311045300000E-002 -6.704185000000E-003 
-1.721303000000E-003  4.631616700000E-002 -1.447799000000E-003 
 4.942124900000E-002  1.017124000000E-002  2.385773000000E-003 
-4.925266000000E-003 -1.387090300000E-002  3.720368000000E-003 
-1.205569110000E-001  4.201303800000E-002  8.817146000000E-003 
 7.106992500000E-002  6.043234500000E-002 -2.892384000000E-003 
 2.207381800000E-002 -9.791560300000E-002  6.662169000000E-003 
-7.876782000000E-003  9.008443000000E-003 -1.393341000000E-003 
! 5 Non-adiabatic couplings (ddr) (2x2x12x3, real)
12 3 ! 1 1 0 1 1 0
 0.000000000000E+000  0.000000000000E+000  0.000000000000E+000 
 0.000000000000E+000  0.000000000000E+000  0.000000000000E+000 
 0.000000000000E+000  0.000000000000E+000  0.000000000000E+000 
 0.000000000000E+000  0.000000000000E+000  0.000000000000E+000 
 0.000000000000E+000  0.000000000000E+000  0.000000000000E+000 
 0.000000000000E+000  0.000000000000E+000  0.000000000000E+000 
 0.000000000000E+000  0.000000000000E+000  0.000000000000E+000 
 0.000000000000E+000  0.000000000000E+000  0.000000000000E+000 
 0.000000000000E+000  0.000000000000E+000  0.000000000000E+000 
 0.000000000000E+000  0.000000000000E+000  0.000000000000E+000 
 0.000000000000E+000  0.000000000000E+000  0.000000000000E+000 
 0.000000000000E+000  0.000000000000E+000  0.000000000000E+000 
12 3 ! 1 1 0 1 2 0
-2.610912500000E-001  2.350751440000E-001  5.343247600000E-002 
-2.195696600000E-002  6.730577700000E-002  3.170949200000E-002 
 5.788400300000E-002  3.311027900000E-002 -3.453929800000E-002 
 3.475598180000E-001  2.937559200000E-002 -4.823681400000E-002 
-3.534547000000E-003  7.173021000000E-003 -8.904039000000E-003 
 6.053798000000E-003  3.013917000000E-003 -8.623748000000E-003 
-2.929914000000E-003  2.732860000000E-003  3.341954000000E-003 
 4.843950000000E-003  3.248011000000E-003  3.215485000000E-003 
-1.411963280000E-001 -4.548127150000E-001  1.680640200000E-002 
 5.119973000000E-003  4.976304900000E-002 -4.805381000000E-003 
-4.669078000000E-003  1.885208000000E-003  7.758364000000E-003 
 5.867907000000E-003 -1.594190000000E-004 -7.174001000000E-003 
12 3 ! 1 2 0 1 1 0
 2.610912500000E-001 -2.350751440000E-001 -5.343247600000E-002 
 2.195696600000E-002 -6.730577700000E-002 -3.170949200000E-002 
-5.788400300000E-002 -3.311027900000E-002  3.453929800000E-002 
-3.475598180000E-001 -2.937559200000E-002  4.823681400000E-002 
 3.534547000000E-003 -7.173021000000E-003  8.904039000000E-003 
-6.053798000000E-003 -3.013917000000E-003  8.623748000000E-003 
 2.929914000000E-003 -2.732860000000E-003 -3.341954000000E-003 
-4.843950000000E-003 -3.248011000000E-003 -3.215485000000E-003 
 1.411963280000E-001  4.548127150000E-001 -1.680640200000E-002 
-5.119973000000E-003 -4.976304900000E-002  4.805381000000E-003 
 4.669078000000E-003 -1.885208000000E-003 -7.758364000000E-003 
-5.867907000000E-003  1.594190000000E-004  7.174001000000E-003 
12 3 ! 1 2 0 1 2 0
 0.000000000000E+000  0.000000000000E+000  0.000000000000E+000 
 0.000000000000E+000  0.000000000000E+000  0.000000000000E+000 
 0.000000000000E+000  0.000000000000E+000  0.000000000000E+000 
 0.000000000000E+000  0.000000000000E+000  0.000000000000E+000 
 0.000000000000E+000  0.000000000000E+000  0.000000000000E+000 
 0.000000000000E+000  0.000000000000E+000  0.000000000000E+000 
 0.000000000000E+000  0.000000000000E+000  0.000000000000E+000 
 0.000000000000E+000  0.000000000000E+000  0.000000000000E+000 
 0.000000000000E+000  0.000000000000E+000  0.000000000000E+000 
 0.000000000000E+000  0.000000000000E+000  0.000000000000E+000 
 0.000000000000E+000  0.000000000000E+000  0.000000000000E+000 
 0.000000000000E+000  0.000000000000E+000  0.000000000000E+000 
! 6 Overlap matrix (2x2, complex)
2 2
 1.299774197000E-001  0.000000000000E+000  2.176652700000E-003  0.000000000000E+000 
-1.924372000000E-003  0.000000000000E+000  1.291469479000E-001  0.000000000000E+000 

! 7 Phases
2 ! for all nmstates
 1.000000000E+000  0.000000000E+000
 1.000000000E+000  0.000000000E+000
! 8 Runtime
 8.329404160000E+002
