! 1 Hamiltonian Matrix (2x2, complex)
2 2
-2.306575084231E+002  0.000000000000E+000  0.000000000000E+000  0.000000000000E+000 
 0.000000000000E+000  0.000000000000E+000 -2.305192898948E+002  0.000000000000E+000 

! 2 Dipole Moment Matrices (3x2x2, complex)
2 2
-1.013502400000E-001  0.000000000000E+000 -2.176779710000E-003  0.000000000000E+000 
-2.176779710000E-003  0.000000000000E+000  1.728957500000E-001  0.000000000000E+000 
2 2
 3.454968000000E-002  0.000000000000E+000 -2.069998889660E-001  0.000000000000E+000 
-2.069998889660E-001  0.000000000000E+000 -8.289485000000E-002  0.000000000000E+000 
2 2
 3.813438000000E-002  0.000000000000E+000  3.736894452800E-002  0.000000000000E+000 
 3.736894452800E-002  0.000000000000E+000  4.946495000000E-002  0.000000000000E+000 
! 3 Gradient Vectors (2x12x3, real)
12 3 ! 1 1 0
 1.684108900000E-002 -8.899205000000E-003  1.314102600000E-002 
 1.533750030000E-001 -1.821398960000E-001  1.388751000000E-003 
 7.800413700000E-002  2.232684900000E-002  1.256534100000E-002 
-4.571512600000E-002  2.658159700000E-002 -5.240693000000E-003 
-2.044535200000E-002 -3.960940900000E-002 -5.337757000000E-003 
-1.650672010000E-001  2.090295100000E-001 -2.011648800000E-002 
-2.203134100000E-002 -1.795154900000E-002  1.478731000000E-003 
 9.945203000000E-003 -3.495389600000E-002 -2.824907000000E-003 
 2.836340600000E-002  1.913626000000E-002  7.073474000000E-003 
-6.659663500000E-002 -4.945164400000E-002  2.208193000000E-003 
-1.200078400000E-002  2.478513000000E-003 -1.679155000000E-003 
 4.532760000000E-002  5.345287000000E-002 -2.656517000000E-003 
12 3 ! 1 2 0
 1.137019220000E-001 -6.338449300000E-002  1.709466300000E-002 
 3.954267400000E-002 -2.590090930000E-001  1.081523000000E-003 
 1.726645900000E-002  1.377667740000E-001  1.597061900000E-002 
 7.116802000000E-002  3.785208900000E-002 -5.137694000000E-003 
-2.079114500000E-002 -3.901593600000E-002 -5.444980000000E-003 
-1.671307830000E-001  2.071514520000E-001 -2.315329700000E-002 
-2.115548500000E-002 -1.659234100000E-002  3.977830000000E-004 
 9.952796000000E-003 -3.554339000000E-002  2.476130000000E-004 
-1.332824690000E-001  5.835610100000E-002 -5.172359000000E-003 
 5.760823900000E-002 -8.279170400000E-002  9.919288000000E-003 
-1.152460700000E-002  4.508777000000E-003  4.701100000000E-005 
 4.464437800000E-002  5.070176400000E-002 -5.850171000000E-003 
! 5 Non-adiabatic couplings (ddr) (2x2x12x3, real)
12 3 ! 1 1 0 1 1 0
 0.000000000000E+000  0.000000000000E+000  0.000000000000E+000 
 0.000000000000E+000  0.000000000000E+000  0.000000000000E+000 
 0.000000000000E+000  0.000000000000E+000  0.000000000000E+000 
 0.000000000000E+000  0.000000000000E+000  0.000000000000E+000 
 0.000000000000E+000  0.000000000000E+000  0.000000000000E+000 
 0.000000000000E+000  0.000000000000E+000  0.000000000000E+000 
 0.000000000000E+000  0.000000000000E+000  0.000000000000E+000 
 0.000000000000E+000  0.000000000000E+000  0.000000000000E+000 
 0.000000000000E+000  0.000000000000E+000  0.000000000000E+000 
 0.000000000000E+000  0.000000000000E+000  0.000000000000E+000 
 0.000000000000E+000  0.000000000000E+000  0.000000000000E+000 
 0.000000000000E+000  0.000000000000E+000  0.000000000000E+000 
12 3 ! 1 1 0 1 2 0
-2.111139870000E-001  1.819596280000E-001  5.436774000000E-003 
-6.803094900000E-002  4.233109500000E-002  3.499418000000E-002 
 3.649152400000E-002  6.845938500000E-002 -1.069445900000E-002 
 3.711895630000E-001  5.049555800000E-002  7.919149000000E-003 
-2.878284000000E-003  4.329661000000E-003 -6.317822000000E-003 
 5.634513000000E-003 -4.095688000000E-003 -1.402519000000E-002 
-3.992013000000E-003  4.026376000000E-003 -5.609086000000E-003 
 4.269400000000E-003  2.537716000000E-003  8.479330000000E-004 
-1.785291050000E-001 -4.097372790000E-001 -1.201154100000E-002 
 4.772232300000E-002  3.300343900000E-002  6.514030000000E-003 
-4.320437000000E-003  3.338193000000E-003  3.432131000000E-003 
 4.230511000000E-003 -1.835219000000E-003 -4.894566000000E-003 
12 3 ! 1 2 0 1 1 0
 2.111139870000E-001 -1.819596280000E-001 -5.436774000000E-003 
 6.803094900000E-002 -4.233109500000E-002 -3.499418000000E-002 
-3.649152400000E-002 -6.845938500000E-002  1.069445900000E-002 
-3.711895630000E-001 -5.049555800000E-002 -7.919149000000E-003 
 2.878284000000E-003 -4.329661000000E-003  6.317822000000E-003 
-5.634513000000E-003  4.095688000000E-003  1.402519000000E-002 
 3.992013000000E-003 -4.026376000000E-003  5.609086000000E-003 
-4.269400000000E-003 -2.537716000000E-003 -8.479330000000E-004 
 1.785291050000E-001  4.097372790000E-001  1.201154100000E-002 
-4.772232300000E-002 -3.300343900000E-002 -6.514030000000E-003 
 4.320437000000E-003 -3.338193000000E-003 -3.432131000000E-003 
-4.230511000000E-003  1.835219000000E-003  4.894566000000E-003 
12 3 ! 1 2 0 1 2 0
 0.000000000000E+000  0.000000000000E+000  0.000000000000E+000 
 0.000000000000E+000  0.000000000000E+000  0.000000000000E+000 
 0.000000000000E+000  0.000000000000E+000  0.000000000000E+000 
 0.000000000000E+000  0.000000000000E+000  0.000000000000E+000 
 0.000000000000E+000  0.000000000000E+000  0.000000000000E+000 
 0.000000000000E+000  0.000000000000E+000  0.000000000000E+000 
 0.000000000000E+000  0.000000000000E+000  0.000000000000E+000 
 0.000000000000E+000  0.000000000000E+000  0.000000000000E+000 
 0.000000000000E+000  0.000000000000E+000  0.000000000000E+000 
 0.000000000000E+000  0.000000000000E+000  0.000000000000E+000 
 0.000000000000E+000  0.000000000000E+000  0.000000000000E+000 
 0.000000000000E+000  0.000000000000E+000  0.000000000000E+000 
! 6 Overlap matrix (2x2, complex)
2 2
 2.382557571000E-001  0.000000000000E+000 -1.118092020000E-002  0.000000000000E+000 
 1.076991470000E-002  0.000000000000E+000  2.369845210000E-001  0.000000000000E+000 

! 7 Phases
2 ! for all nmstates
 1.000000000E+000  0.000000000E+000
 1.000000000E+000  0.000000000E+000
! 8 Runtime
 1.303665680000E+002
