! 1 Hamiltonian Matrix (2x2, complex)
2 2
-2.306942325817E+002  0.000000000000E+000  0.000000000000E+000  0.000000000000E+000 
 0.000000000000E+000  0.000000000000E+000 -2.305536032367E+002  0.000000000000E+000 

! 2 Dipole Moment Matrices (3x2x2, complex)
2 2
-1.830738200000E-001  0.000000000000E+000 -8.485932129500E-002  0.000000000000E+000 
-8.485932129500E-002  0.000000000000E+000  9.779754000000E-002  0.000000000000E+000 
2 2
 5.122564000000E-002  0.000000000000E+000 -2.037062025180E-001  0.000000000000E+000 
-2.037062025180E-001  0.000000000000E+000 -1.250232000000E-001  0.000000000000E+000 
2 2
 4.985615000000E-002  0.000000000000E+000 -2.436158427600E-002  0.000000000000E+000 
-2.436158427600E-002  0.000000000000E+000  5.425149000000E-002  0.000000000000E+000 
! 3 Gradient Vectors (2x12x3, real)
12 3 ! 1 1 0
 1.091316600000E-002 -1.597404200000E-002 -1.980340000000E-003 
 6.181572600000E-002 -1.999511500000E-002  6.929580000000E-003 
-7.741815800000E-002 -1.575592100000E-002 -2.342801200000E-002 
 1.766883300000E-002 -7.165889000000E-003  3.174418000000E-003 
-2.376216200000E-002 -2.206702200000E-002 -4.543450000000E-004 
-6.353666000000E-002  6.538067200000E-002 -1.100578000000E-003 
 4.711095300000E-002  1.285099200000E-002  1.587920200000E-002 
-2.049839000000E-003 -3.416991000000E-003 -3.188865000000E-003 
 7.169086700000E-002  5.256111000000E-003  4.337729000000E-003 
-4.651807200000E-002  1.785139700000E-002 -1.390619000000E-003 
-4.751600000000E-005 -4.432078900000E-002  7.329850000000E-004 
 4.132862000000E-003  2.735659700000E-002  4.888460000000E-004 
12 3 ! 1 2 0
 1.115160090000E-001 -7.679144200000E-002 -1.468115000000E-003 
-6.210490500000E-002 -9.673979800000E-002  8.171615000000E-003 
-1.378339280000E-001  1.124658670000E-001 -2.332020700000E-002 
 1.348804320000E-001 -6.025213000000E-003  2.101223000000E-003 
-2.408046000000E-002 -2.161655900000E-002 -8.511700000000E-005 
-6.505877500000E-002  6.441998900000E-002 -1.348507000000E-003 
 4.766304600000E-002  1.430954500000E-002  1.411269700000E-002 
-2.111086000000E-003 -3.595932000000E-003 -1.939798000000E-003 
-8.204300900000E-002  4.556953900000E-002  3.150458000000E-003 
 7.517084900000E-002 -1.550420900000E-002  3.270850000000E-003 
 4.464120000000E-004 -4.167079300000E-002 -4.190747000000E-003 
 3.555416000000E-003  2.517900700000E-002  1.545647000000E-003 
! 5 Non-adiabatic couplings (ddr) (2x2x12x3, real)
12 3 ! 1 1 0 1 1 0
 0.000000000000E+000  0.000000000000E+000  0.000000000000E+000 
 0.000000000000E+000  0.000000000000E+000  0.000000000000E+000 
 0.000000000000E+000  0.000000000000E+000  0.000000000000E+000 
 0.000000000000E+000  0.000000000000E+000  0.000000000000E+000 
 0.000000000000E+000  0.000000000000E+000  0.000000000000E+000 
 0.000000000000E+000  0.000000000000E+000  0.000000000000E+000 
 0.000000000000E+000  0.000000000000E+000  0.000000000000E+000 
 0.000000000000E+000  0.000000000000E+000  0.000000000000E+000 
 0.000000000000E+000  0.000000000000E+000  0.000000000000E+000 
 0.000000000000E+000  0.000000000000E+000  0.000000000000E+000 
 0.000000000000E+000  0.000000000000E+000  0.000000000000E+000 
 0.000000000000E+000  0.000000000000E+000  0.000000000000E+000 
12 3 ! 1 1 0 1 2 0
-2.237374140000E-001  2.151137960000E-001 -6.914247000000E-003 
-5.610511900000E-002  4.180607700000E-002 -4.410217000000E-003 
 5.596683900000E-002  6.896956200000E-002 -1.832900600000E-002 
 3.430705700000E-001  2.971518800000E-002  5.836391000000E-003 
-4.764500000000E-004  3.876691000000E-003  5.681520000000E-004 
 4.208981000000E-003 -2.057861000000E-003  6.465743000000E-003 
-3.584653000000E-003  2.947620000000E-003  4.254848000000E-003 
 4.399817000000E-003  3.088147000000E-003 -5.056420000000E-004 
-1.456510780000E-001 -4.353320820000E-001  1.563627400000E-002 
 1.137131600000E-002  4.434312600000E-002 -6.306581000000E-003 
-4.254415000000E-003  2.462944000000E-003  1.066003000000E-003 
 4.693632000000E-003 -2.056990000000E-004 -1.171241000000E-003 
12 3 ! 1 2 0 1 1 0
 2.237374140000E-001 -2.151137960000E-001  6.914247000000E-003 
 5.610511900000E-002 -4.180607700000E-002  4.410217000000E-003 
-5.596683900000E-002 -6.896956200000E-002  1.832900600000E-002 
-3.430705700000E-001 -2.971518800000E-002 -5.836391000000E-003 
 4.764500000000E-004 -3.876691000000E-003 -5.681520000000E-004 
-4.208981000000E-003  2.057861000000E-003 -6.465743000000E-003 
 3.584653000000E-003 -2.947620000000E-003 -4.254848000000E-003 
-4.399817000000E-003 -3.088147000000E-003  5.056420000000E-004 
 1.456510780000E-001  4.353320820000E-001 -1.563627400000E-002 
-1.137131600000E-002 -4.434312600000E-002  6.306581000000E-003 
 4.254415000000E-003 -2.462944000000E-003 -1.066003000000E-003 
-4.693632000000E-003  2.056990000000E-004  1.171241000000E-003 
12 3 ! 1 2 0 1 2 0
 0.000000000000E+000  0.000000000000E+000  0.000000000000E+000 
 0.000000000000E+000  0.000000000000E+000  0.000000000000E+000 
 0.000000000000E+000  0.000000000000E+000  0.000000000000E+000 
 0.000000000000E+000  0.000000000000E+000  0.000000000000E+000 
 0.000000000000E+000  0.000000000000E+000  0.000000000000E+000 
 0.000000000000E+000  0.000000000000E+000  0.000000000000E+000 
 0.000000000000E+000  0.000000000000E+000  0.000000000000E+000 
 0.000000000000E+000  0.000000000000E+000  0.000000000000E+000 
 0.000000000000E+000  0.000000000000E+000  0.000000000000E+000 
 0.000000000000E+000  0.000000000000E+000  0.000000000000E+000 
 0.000000000000E+000  0.000000000000E+000  0.000000000000E+000 
 0.000000000000E+000  0.000000000000E+000  0.000000000000E+000 
! 6 Overlap matrix (2x2, complex)
2 2
 9.988005363000E-001  0.000000000000E+000 -3.272808000000E-004  0.000000000000E+000 
 3.255177000000E-004  0.000000000000E+000  9.987958846000E-001  0.000000000000E+000 

! 7 Phases
2 ! for all nmstates
 1.000000000E+000  0.000000000E+000
 1.000000000E+000  0.000000000E+000
! 8 Runtime
 2.541490830000E+002
