! 1 Hamiltonian Matrix (2x2, complex)
2 2
-2.307047025158E+002  0.000000000000E+000  0.000000000000E+000  0.000000000000E+000 
 0.000000000000E+000  0.000000000000E+000 -2.305619507067E+002  0.000000000000E+000 

! 2 Dipole Moment Matrices (3x2x2, complex)
2 2
-1.681194100000E-001  0.000000000000E+000 -8.167934218500E-002  0.000000000000E+000 
-8.167934218500E-002  0.000000000000E+000  1.216972200000E-001  0.000000000000E+000 
2 2
 4.859245000000E-002  0.000000000000E+000 -2.055816961430E-001  0.000000000000E+000 
-2.055816961430E-001  0.000000000000E+000 -1.134016500000E-001  0.000000000000E+000 
2 2
 4.045268000000E-002  0.000000000000E+000 -1.980380945600E-002  0.000000000000E+000 
-1.980380945600E-002  0.000000000000E+000  4.318622000000E-002  0.000000000000E+000 
! 3 Gradient Vectors (2x12x3, real)
12 3 ! 1 1 0
 8.732224000000E-003 -1.192461500000E-002 -1.689460000000E-003 
 4.832885000000E-002 -1.247107400000E-002  6.135800000000E-003 
-6.312651900000E-002 -1.289871400000E-002 -1.766820200000E-002 
 1.337494600000E-002 -5.659015000000E-003  2.437404000000E-003 
-1.922656200000E-002 -1.811586000000E-002 -3.399760000000E-004 
-4.928977900000E-002  4.810246400000E-002 -1.285775000000E-003 
 3.974801600000E-002  1.063084900000E-002  1.158436500000E-002 
-1.632920000000E-003 -2.562365000000E-003 -2.543658000000E-003 
 5.781374700000E-002  3.895865000000E-003  3.640379000000E-003 
-3.684658600000E-002  1.339948000000E-002 -1.848664000000E-003 
-6.901780000000E-004 -3.387050900000E-002  1.345787000000E-003 
 2.814761000000E-003  2.147349400000E-002  2.320000000000E-004 
12 3 ! 1 2 0
 1.086398120000E-001 -7.421240800000E-002 -1.275500000000E-003 
-7.491772100000E-002 -8.817586300000E-002  6.964937000000E-003 
-1.233114700000E-001  1.150478940000E-001 -1.767576500000E-002 
 1.308420940000E-001 -4.314253000000E-003  1.770222000000E-003 
-1.949464500000E-002 -1.767279900000E-002 -3.233900000000E-005 
-5.055251800000E-002  4.710658500000E-002 -1.422703000000E-003 
 4.024258800000E-002  1.202096000000E-002  1.018536000000E-002 
-1.736279000000E-003 -2.788195000000E-003 -1.581000000000E-003 
-9.789215900000E-002  4.609239100000E-002  2.718600000000E-003 
 8.603635200000E-002 -2.099300200000E-002  1.940414000000E-003 
-1.131780000000E-004 -3.145355200000E-002 -2.580473000000E-003 
 2.257126000000E-003  1.934224300000E-002  9.882460000000E-004 
! 5 Non-adiabatic couplings (ddr) (2x2x12x3, real)
12 3 ! 1 1 0 1 1 0
 0.000000000000E+000  0.000000000000E+000  0.000000000000E+000 
 0.000000000000E+000  0.000000000000E+000  0.000000000000E+000 
 0.000000000000E+000  0.000000000000E+000  0.000000000000E+000 
 0.000000000000E+000  0.000000000000E+000  0.000000000000E+000 
 0.000000000000E+000  0.000000000000E+000  0.000000000000E+000 
 0.000000000000E+000  0.000000000000E+000  0.000000000000E+000 
 0.000000000000E+000  0.000000000000E+000  0.000000000000E+000 
 0.000000000000E+000  0.000000000000E+000  0.000000000000E+000 
 0.000000000000E+000  0.000000000000E+000  0.000000000000E+000 
 0.000000000000E+000  0.000000000000E+000  0.000000000000E+000 
 0.000000000000E+000  0.000000000000E+000  0.000000000000E+000 
 0.000000000000E+000  0.000000000000E+000  0.000000000000E+000 
12 3 ! 1 1 0 1 2 0
-2.265938730000E-001  2.119761240000E-001 -5.741506000000E-003 
-5.289031000000E-002  4.481748600000E-002 -3.560931000000E-003 
 5.794963600000E-002  5.955401800000E-002 -1.467615100000E-002 
 3.352326470000E-001  3.020047400000E-002  5.082561000000E-003 
-6.992910000000E-004  4.016700000000E-003  4.895420000000E-004 
 4.260582000000E-003 -1.737338000000E-003  5.169915000000E-003 
-3.534178000000E-003  2.679875000000E-003  3.572385000000E-003 
 4.305199000000E-003  3.037626000000E-003 -5.455820000000E-004 
-1.399224970000E-001 -4.271145770000E-001  1.207816100000E-002 
 1.145945900000E-002  4.417707100000E-002 -4.993419000000E-003 
-4.297693000000E-003  2.552449000000E-003  9.195180000000E-004 
 4.780678000000E-003 -1.725290000000E-004 -9.494250000000E-004 
12 3 ! 1 2 0 1 1 0
 2.265938730000E-001 -2.119761240000E-001  5.741506000000E-003 
 5.289031000000E-002 -4.481748600000E-002  3.560931000000E-003 
-5.794963600000E-002 -5.955401800000E-002  1.467615100000E-002 
-3.352326470000E-001 -3.020047400000E-002 -5.082561000000E-003 
 6.992910000000E-004 -4.016700000000E-003 -4.895420000000E-004 
-4.260582000000E-003  1.737338000000E-003 -5.169915000000E-003 
 3.534178000000E-003 -2.679875000000E-003 -3.572385000000E-003 
-4.305199000000E-003 -3.037626000000E-003  5.455820000000E-004 
 1.399224970000E-001  4.271145770000E-001 -1.207816100000E-002 
-1.145945900000E-002 -4.417707100000E-002  4.993419000000E-003 
 4.297693000000E-003 -2.552449000000E-003 -9.195180000000E-004 
-4.780678000000E-003  1.725290000000E-004  9.494250000000E-004 
12 3 ! 1 2 0 1 2 0
 0.000000000000E+000  0.000000000000E+000  0.000000000000E+000 
 0.000000000000E+000  0.000000000000E+000  0.000000000000E+000 
 0.000000000000E+000  0.000000000000E+000  0.000000000000E+000 
 0.000000000000E+000  0.000000000000E+000  0.000000000000E+000 
 0.000000000000E+000  0.000000000000E+000  0.000000000000E+000 
 0.000000000000E+000  0.000000000000E+000  0.000000000000E+000 
 0.000000000000E+000  0.000000000000E+000  0.000000000000E+000 
 0.000000000000E+000  0.000000000000E+000  0.000000000000E+000 
 0.000000000000E+000  0.000000000000E+000  0.000000000000E+000 
 0.000000000000E+000  0.000000000000E+000  0.000000000000E+000 
 0.000000000000E+000  0.000000000000E+000  0.000000000000E+000 
 0.000000000000E+000  0.000000000000E+000  0.000000000000E+000 
! 6 Overlap matrix (2x2, complex)
2 2
 9.987065190000E-001  0.000000000000E+000 -5.457951000000E-004  0.000000000000E+000 
 5.438959000000E-004  0.000000000000E+000  9.987000789000E-001  0.000000000000E+000 

! 7 Phases
2 ! for all nmstates
 1.000000000E+000  0.000000000E+000
 1.000000000E+000  0.000000000E+000
! 8 Runtime
 2.208499890000E+002
