! 1 Hamiltonian Matrix (2x2, complex)
2 2
-2.306712286107E+002  0.000000000000E+000  0.000000000000E+000  0.000000000000E+000 
 0.000000000000E+000  0.000000000000E+000 -2.305167191142E+002  0.000000000000E+000 

! 2 Dipole Moment Matrices (3x2x2, complex)
2 2
-6.483693000000E-002  0.000000000000E+000 -5.912389024200E-002  0.000000000000E+000 
-5.912389024200E-002  0.000000000000E+000  3.145622900000E-001  0.000000000000E+000 
2 2
-2.633682000000E-002  0.000000000000E+000 -2.117737514930E-001  0.000000000000E+000 
-2.117737514930E-001  0.000000000000E+000 -1.748224000000E-002  0.000000000000E+000 
2 2
 4.897888000000E-002  0.000000000000E+000 -2.607992422400E-002  0.000000000000E+000 
-2.607992422400E-002  0.000000000000E+000  3.369975000000E-002  0.000000000000E+000 
! 3 Gradient Vectors (2x12x3, real)
12 3 ! 1 1 0
 3.106666100000E-002  2.402491200000E-002 -4.158329000000E-003 
 6.218323800000E-002 -1.377569960000E-001  1.079626300000E-002 
 1.256217540000E-001  1.489816500000E-002 -3.182558000000E-003 
 3.237237000000E-003  4.737565500000E-002 -2.188387000000E-003 
 2.185347700000E-002  1.793360700000E-002  2.523180000000E-004 
-8.931983300000E-002  1.187991130000E-001  1.450939000000E-003 
-1.352354930000E-001 -3.785282700000E-002 -8.475513000000E-003 
-3.242158000000E-003 -2.101206000000E-002  1.742813000000E-003 
-1.543751500000E-002 -3.193410600000E-002  4.493539000000E-003 
 3.789642400000E-002  6.811110000000E-003 -5.779586000000E-003 
-8.218902000000E-003  2.978790600000E-002  2.827806000000E-003 
-3.040489100000E-002 -3.107447900000E-002  2.220695000000E-003 
12 3 ! 1 2 0
 1.257825740000E-001 -5.571148700000E-002  9.068550000000E-004 
-5.807512700000E-002 -1.987448160000E-001  3.244890000000E-003 
 7.140895300000E-002  1.463842400000E-001 -3.441246000000E-003 
 1.155049750000E-001  3.672292700000E-002 -2.959724000000E-003 
 2.214807000000E-002  1.821941300000E-002  8.161710000000E-004 
-9.011076400000E-002  1.164984890000E-001  1.857021000000E-003 
-1.342767740000E-001 -3.597846900000E-002 -8.103019000000E-003 
-3.914976000000E-003 -2.130583800000E-002  1.290202000000E-003 
-1.728815840000E-001  3.053384800000E-002  5.155343000000E-003 
 1.628445620000E-001 -3.551069000000E-002 -7.109610000000E-004 
-7.475431000000E-003  3.158704900000E-002  1.442536000000E-003 
-3.095447900000E-002 -3.269466700000E-002  5.019320000000E-004 
! 5 Non-adiabatic couplings (ddr) (2x2x12x3, real)
12 3 ! 1 1 0 1 1 0
 0.000000000000E+000  0.000000000000E+000  0.000000000000E+000 
 0.000000000000E+000  0.000000000000E+000  0.000000000000E+000 
 0.000000000000E+000  0.000000000000E+000  0.000000000000E+000 
 0.000000000000E+000  0.000000000000E+000  0.000000000000E+000 
 0.000000000000E+000  0.000000000000E+000  0.000000000000E+000 
 0.000000000000E+000  0.000000000000E+000  0.000000000000E+000 
 0.000000000000E+000  0.000000000000E+000  0.000000000000E+000 
 0.000000000000E+000  0.000000000000E+000  0.000000000000E+000 
 0.000000000000E+000  0.000000000000E+000  0.000000000000E+000 
 0.000000000000E+000  0.000000000000E+000  0.000000000000E+000 
 0.000000000000E+000  0.000000000000E+000  0.000000000000E+000 
 0.000000000000E+000  0.000000000000E+000  0.000000000000E+000 
12 3 ! 1 1 0 1 2 0
-2.502501880000E-001  1.940065450000E-001 -8.116601000000E-003 
-1.441046800000E-002  8.333408800000E-002 -2.259811700000E-002 
 8.003149900000E-002 -2.030401000000E-002 -1.253220600000E-002 
 2.805208890000E-001  3.258650500000E-002  2.429889700000E-002 
-3.703373000000E-003  4.792052000000E-003  5.520573000000E-003 
 6.414065000000E-003 -4.617340000000E-004  1.210720600000E-002 
-5.884704000000E-003  4.638257000000E-003  6.517152000000E-003 
 3.703822000000E-003  3.872254000000E-003 -1.471580000000E-003 
-1.227605550000E-001 -3.737561100000E-001 -4.192008000000E-003 
 1.393224800000E-002  3.918387600000E-002 -1.167941000000E-003 
-3.682785000000E-003  2.962384000000E-003 -1.160131000000E-003 
 5.419575000000E-003  5.554800000000E-004 -7.117300000000E-004 
12 3 ! 1 2 0 1 1 0
 2.502501880000E-001 -1.940065450000E-001  8.116601000000E-003 
 1.441046800000E-002 -8.333408800000E-002  2.259811700000E-002 
-8.003149900000E-002  2.030401000000E-002  1.253220600000E-002 
-2.805208890000E-001 -3.258650500000E-002 -2.429889700000E-002 
 3.703373000000E-003 -4.792052000000E-003 -5.520573000000E-003 
-6.414065000000E-003  4.617340000000E-004 -1.210720600000E-002 
 5.884704000000E-003 -4.638257000000E-003 -6.517152000000E-003 
-3.703822000000E-003 -3.872254000000E-003  1.471580000000E-003 
 1.227605550000E-001  3.737561100000E-001  4.192008000000E-003 
-1.393224800000E-002 -3.918387600000E-002  1.167941000000E-003 
 3.682785000000E-003 -2.962384000000E-003  1.160131000000E-003 
-5.419575000000E-003 -5.554800000000E-004  7.117300000000E-004 
12 3 ! 1 2 0 1 2 0
 0.000000000000E+000  0.000000000000E+000  0.000000000000E+000 
 0.000000000000E+000  0.000000000000E+000  0.000000000000E+000 
 0.000000000000E+000  0.000000000000E+000  0.000000000000E+000 
 0.000000000000E+000  0.000000000000E+000  0.000000000000E+000 
 0.000000000000E+000  0.000000000000E+000  0.000000000000E+000 
 0.000000000000E+000  0.000000000000E+000  0.000000000000E+000 
 0.000000000000E+000  0.000000000000E+000  0.000000000000E+000 
 0.000000000000E+000  0.000000000000E+000  0.000000000000E+000 
 0.000000000000E+000  0.000000000000E+000  0.000000000000E+000 
 0.000000000000E+000  0.000000000000E+000  0.000000000000E+000 
 0.000000000000E+000  0.000000000000E+000  0.000000000000E+000 
 0.000000000000E+000  0.000000000000E+000  0.000000000000E+000 
! 6 Overlap matrix (2x2, complex)
2 2
 4.334570190000E-001  0.000000000000E+000  1.043890270000E-002  0.000000000000E+000 
-1.093206090000E-002  0.000000000000E+000  4.302575539000E-001  0.000000000000E+000 

! 7 Phases
2 ! for all nmstates
 1.000000000E+000  0.000000000E+000
 1.000000000E+000  0.000000000E+000
! 8 Runtime
 1.470984930000E+002
