2021-08-25 23:21:19.082955 fermium /user/julia/Tutorial/1_TrainingSet/Initial/ICOND_00054

  ================================================================================
||                                                                                ||
||                         SHARC - MOLPRO2012 - Interface                         ||
||                                                                                ||
||                             Author: Sebastian Mai                              ||
||                                                                                ||
||                                  Version: 2.1                                  ||
||                                 Date: 01.09.19                                 ||
||                                                                                ||
  ================================================================================


==> QMin Job description for:
Initial condition ICOND_00054/

Tasks:	H	DM	Grad	Nac(ddr)	Overlaps	Phases
States: 	2 Singlet

Method:
Electrons per Multiplicity:	42
Job ID per Multiplicity:	1
Level of Theory per Job ID:
1:	SA(2+0+0)-CASSCF(6,6)/6-31G*

Found Geo! NAtom is 12.

Geometry in Bohrs:
C -0.2110 -2.5471 -0.0271 
C  2.3593 -2.4638 -0.0154 
C  3.1411  0.0652  0.0026 
C  1.0594  1.6514  0.0739 
H -1.4235 -4.0930  0.3044 
H  3.5426 -4.1413  0.0984 
H  5.1761  0.9053  0.4969 
H  0.8276  3.7146 -0.0415 
C -1.0897 -0.0548  0.0246 
C -3.6889  0.7290 -0.1402 
H -4.4849  2.7648  0.0923 
H -5.2243 -0.5601  0.0212 

Gradients:   X X 

Non-adiabatic couplings:
. X 
X . 

wfthres: 1.0
docicas: True
newstep: []
nstates: 2
unit: ['bohr']
phases: []
njobs: 1
initorbs: {1: '/user/julia/Tutorial/1_TrainingSet/Initial/ICOND_00054/SAVE/wf.1.old'}
delay: 0.0
scratchdir: /user/julia/Tutorial/1_TrainingSet/Initial/ICOND_00054/ICOND_00054
cleanup: []
wfoverlap: /user/julia/software/SchNarc/sharc/source/../bin/wfoverlap.x
template: {'gradaccudefault': 1e-05, 'gradaccumax': 0.01, 'basis': '6-31G*', 'occ': [24], 'nelec': {1: [42, 41, 42]}, 'closed': [18], 'rootpad': {1: [0, 0, 0]}, 'dkho': 0, 'roots': {1: [2, 0, 0]}}
memory: 500
multmap: {1: 1, -1: [1]}
ndocc: 0
jobs: [1]
ncore: 0
maxmult: 1
ncpu: 1
pwd: /user/julia/Tutorial/1_TrainingSet/Initial/ICOND_00054
statemap: {1: [1, 1, 0.0], 2: [1, 2, 0.0]}
molpro: /usr/license/molpro/molpros_2012_1_5_Linux_x86_64_i8/bin/
nmstates: 2
savedir: /user/julia/Tutorial/1_TrainingSet/Initial/ICOND_00054/SAVE
nacmap: [(1, 1, 1, 2)]
natom: 12
gradmap: [(1, 1), (1, 2)]
joblist: [1]


>>>>>>>>>>>>> Starting the MOLPRO job execution
START:	/user/julia/Tutorial/1_TrainingSet/Initial/ICOND_00054/ICOND_00054/integrals	2021-08-25 23:21:20.164704	"/usr/license/molpro/molpros_2012_1_5_Linux_x86_64_i8/bin/molpro -W./ -I./ -d./ MOLPRO.input"
FINISH:	/user/julia/Tutorial/1_TrainingSet/Initial/ICOND_00054/ICOND_00054/integrals	2021-08-25 23:22:57.067992	Runtime: 0:01:36.903288	Error Code: 0
Error Codes:
	integrals 	0

START:	/user/julia/Tutorial/1_TrainingSet/Initial/ICOND_00054/ICOND_00054/master_1	2021-08-25 23:23:02.045839	"/usr/license/molpro/molpros_2012_1_5_Linux_x86_64_i8/bin/molpro -W./ -I./ -d./ MOLPRO.input"
FINISH:	/user/julia/Tutorial/1_TrainingSet/Initial/ICOND_00054/ICOND_00054/master_1	2021-08-25 23:26:53.455860	Runtime: 0:03:51.410021	Error Code: 0
Error Codes:
	master_1  	0

START:	/user/julia/Tutorial/1_TrainingSet/Initial/ICOND_00054/ICOND_00054/grad_1_1	2021-08-25 23:27:03.093128	"/usr/license/molpro/molpros_2012_1_5_Linux_x86_64_i8/bin/molpro -W./ -I./ -d./ MOLPRO.input"
FINISH:	/user/julia/Tutorial/1_TrainingSet/Initial/ICOND_00054/ICOND_00054/grad_1_1	2021-08-25 23:29:30.168165	Runtime: 0:02:27.075037	Error Code: 0
START:	/user/julia/Tutorial/1_TrainingSet/Initial/ICOND_00054/ICOND_00054/nac_1_1_1_2	2021-08-25 23:29:34.130616	"/usr/license/molpro/molpros_2012_1_5_Linux_x86_64_i8/bin/molpro -W./ -I./ -d./ MOLPRO.input"
FINISH:	/user/julia/Tutorial/1_TrainingSet/Initial/ICOND_00054/ICOND_00054/nac_1_1_1_2	2021-08-25 23:32:09.471536	Runtime: 0:02:35.340920	Error Code: 0
START:	/user/julia/Tutorial/1_TrainingSet/Initial/ICOND_00054/ICOND_00054/grad_1_2	2021-08-25 23:32:14.506387	"/usr/license/molpro/molpros_2012_1_5_Linux_x86_64_i8/bin/molpro -W./ -I./ -d./ MOLPRO.input"
FINISH:	/user/julia/Tutorial/1_TrainingSet/Initial/ICOND_00054/ICOND_00054/grad_1_2	2021-08-25 23:34:49.094064	Runtime: 0:02:34.587677	Error Code: 0
Error Codes:
	grad_1_1  	0	nac_1_1_1_2	0	grad_1_2  	0

>>>>>>>>>>>>> Starting the WFOVERLAP job execution
START:	/user/julia/Tutorial/1_TrainingSet/Initial/ICOND_00054/ICOND_00054/CI_CAS_1_1	2021-08-25 23:34:49.452354	"/user/julia/software/SchNarc/sharc/source/../bin/wfoverlap.x -m 500 -f wfovl.inp"
FINISH:	/user/julia/Tutorial/1_TrainingSet/Initial/ICOND_00054/ICOND_00054/CI_CAS_1_1	2021-08-25 23:34:50.079021	Runtime: 0:00:00.626667	Error Code: 0
START:	/user/julia/Tutorial/1_TrainingSet/Initial/ICOND_00054/ICOND_00054/AOoverlap	2021-08-25 23:34:50.232311	"/usr/license/molpro/molpros_2012_1_5_Linux_x86_64_i8/bin/molpro -W./ -I./ -d./ MOLPRO.input"
FINISH:	/user/julia/Tutorial/1_TrainingSet/Initial/ICOND_00054/ICOND_00054/AOoverlap	2021-08-25 23:35:03.032221	Runtime: 0:00:12.799910	Error Code: 0
START:	/user/julia/Tutorial/1_TrainingSet/Initial/ICOND_00054/ICOND_00054/WFOVL_1_1	2021-08-25 23:35:03.685230	"/user/julia/software/SchNarc/sharc/source/../bin/wfoverlap.x -m 500 -f wfovl.inp"
FINISH:	/user/julia/Tutorial/1_TrainingSet/Initial/ICOND_00054/ICOND_00054/WFOVL_1_1	2021-08-25 23:35:04.224863	Runtime: 0:00:00.539633	Error Code: 0
Error Codes:
	CI_CAS_1_1	0	WFOVL_1_1 	0

===> Results:

=> Hamiltonian Matrix:
Diagonal Shift:   -230.00
Real Part:
----------------------
|-6.810e-01            |
|           -5.794e-01 |
----------------------

=> Dipole Moment Matrices:

Polarisation X:
Real Part:
----------------------
|-2.291e-01 -5.643e-02 |
|-5.643e-02  5.022e-02 |
----------------------

Polarisation Y:
Real Part:
----------------------
| 3.492e-03 -1.917e-01 |
|-1.917e-01 -3.257e-02 |
----------------------

Polarisation Z:
Real Part:
----------------------
| 1.565e-01 -2.952e-02 |
|-2.952e-02  1.700e-01 |
----------------------

=> Gradient Vectors:

Singlet	1	Ms=  0.0:
1	C	-0.01514	 0.03036	-0.00613	
2	C	 0.00884	 0.06771	-0.00434	
3	C	-0.06542	-0.10994	-0.02918	
4	C	-0.01049	 0.00085	 0.00974	
5	H	 0.00401	 0.01683	 0.00550	
6	H	 0.00161	-0.01234	 0.00134	
7	H	 0.05295	 0.03281	 0.02404	
8	H	-0.01201	 0.02047	-0.00453	
9	C	 0.10516	-0.07496	 0.01256	
10	C	-0.03654	-0.02828	-0.02318	
11	H	-0.03370	 0.04126	 0.00952	
12	H	 0.00073	 0.01523	 0.00464	

Singlet	2	Ms=  0.0:
1	C	 0.07498	-0.03781	-0.00951	
2	C	-0.11047	-0.00803	-0.00148	
3	C	-0.11935	 0.02598	-0.02604	
4	C	 0.10424	-0.00029	 0.01090	
5	H	 0.00456	 0.01708	 0.00596	
6	H	 0.00078	-0.01329	 0.00086	
7	H	 0.05292	 0.03390	 0.02169	
8	H	-0.01220	 0.02025	-0.00373	
9	C	-0.03556	-0.03332	-0.00110	
10	C	 0.07286	-0.06067	-0.00156	
11	H	-0.03319	 0.04267	 0.00431	
12	H	 0.00044	 0.01352	-0.00030	

=> Analytical Non-adiabatic coupling vectors:

Singlet	States 1 - 1	Ms=  0.0:
		...is identical zero...

Singlet	States 1 - 2	Ms=  0.0:
1	C	-0.38489	 0.34469	-0.00299	
2	C	 0.04733	 0.14216	 0.05066	
3	C	 0.07505	 0.00639	-0.02543	
4	C	 0.41493	 0.09020	-0.01561	
5	H	-0.00348	 0.00523	-0.00957	
6	H	 0.00665	 0.00032	-0.00452	
7	H	-0.00328	 0.00402	-0.00108	
8	H	 0.00295	 0.00433	 0.00592	
9	C	-0.15589	-0.68069	-0.00207	
10	C	-0.00768	 0.06328	-0.00206	
11	H	-0.00474	 0.00361	 0.00901	
12	H	 0.00642	 0.00020	-0.00581	

Singlet	States 2 - 1	Ms=  0.0:
1	C	 0.38489	-0.34469	 0.00299	
2	C	-0.04733	-0.14216	-0.05066	
3	C	-0.07505	-0.00639	 0.02543	
4	C	-0.41493	-0.09020	 0.01561	
5	H	 0.00348	-0.00523	 0.00957	
6	H	-0.00665	-0.00032	 0.00452	
7	H	 0.00328	-0.00402	 0.00108	
8	H	-0.00295	-0.00433	-0.00592	
9	C	 0.15589	 0.68069	 0.00207	
10	C	 0.00768	-0.06328	 0.00206	
11	H	 0.00474	-0.00361	-0.00901	
12	H	-0.00642	-0.00020	 0.00581	

Singlet	States 2 - 2	Ms=  0.0:
		...is identical zero...

=> Overlap matrix:

Real Part:
----------------------
| 4.499e-01  1.103e-02 |
|-1.239e-02  4.469e-01 |
----------------------

=> Wavefunction Phases:
2

 1.0  0.0
 1.0  0.0


==> Runtime:
0 Days	0 Hours	13 Minutes	45 Seconds


===> Writing output to file QM.out in SHARC Format

2021-08-25 23:35:05.185393
#================ END ================#
