! 1 Hamiltonian Matrix (2x2, complex)
2 2
-2.306810361109E+002  0.000000000000E+000  0.000000000000E+000  0.000000000000E+000 
 0.000000000000E+000  0.000000000000E+000 -2.305793625655E+002  0.000000000000E+000 

! 2 Dipole Moment Matrices (3x2x2, complex)
2 2
-2.290942700000E-001  0.000000000000E+000 -5.643275419200E-002  0.000000000000E+000 
-5.643275419200E-002  0.000000000000E+000  5.021678000000E-002  0.000000000000E+000 
2 2
 3.491840000000E-003  0.000000000000E+000 -1.917196166060E-001  0.000000000000E+000 
-1.917196166060E-001  0.000000000000E+000 -3.256558000000E-002  0.000000000000E+000 
2 2
 1.564564200000E-001  0.000000000000E+000 -2.952111426700E-002  0.000000000000E+000 
-2.952111426700E-002  0.000000000000E+000  1.699924300000E-001  0.000000000000E+000 
! 3 Gradient Vectors (2x12x3, real)
12 3 ! 1 1 0
-1.514065200000E-002  3.036063100000E-002 -6.131787000000E-003 
 8.838583000000E-003  6.771000100000E-002 -4.341628000000E-003 
-6.541959800000E-002 -1.099400120000E-001 -2.917912300000E-002 
-1.048683000000E-002  8.466340000000E-004  9.743650000000E-003 
 4.012041000000E-003  1.682960000000E-002  5.501206000000E-003 
 1.614260000000E-003 -1.233662200000E-002  1.341306000000E-003 
 5.294742300000E-002  3.281322500000E-002  2.403643500000E-002 
-1.201255300000E-002  2.046878600000E-002 -4.525203000000E-003 
 1.051601870000E-001 -7.496142600000E-002  1.256385000000E-002 
-3.654450800000E-002 -2.827886300000E-002 -2.317552900000E-002 
-3.369719700000E-002  4.125918500000E-002  9.521921000000E-003 
 7.288460000000E-004  1.522886300000E-002  4.644903000000E-003 
12 3 ! 1 2 0
 7.497531700000E-002 -3.780591900000E-002 -9.508471000000E-003 
-1.104688850000E-001 -8.027944000000E-003 -1.482593000000E-003 
-1.193479480000E-001  2.597757100000E-002 -2.604166000000E-002 
 1.042387250000E-001 -2.857700000000E-004  1.090451600000E-002 
 4.563112000000E-003  1.707601100000E-002  5.962376000000E-003 
 7.786550000000E-004 -1.329165300000E-002  8.603590000000E-004 
 5.291969100000E-002  3.390382200000E-002  2.168581200000E-002 
-1.220243100000E-002  2.025249700000E-002 -3.725034000000E-003 
-3.556207000000E-002 -3.331842900000E-002 -1.103156000000E-003 
 7.285787800000E-002 -6.067432500000E-002 -1.560951000000E-003 
-3.318815600000E-002  4.267210300000E-002  4.305349000000E-003 
 4.361110000000E-004  1.352203500000E-002 -2.965480000000E-004 
! 5 Non-adiabatic couplings (ddr) (2x2x12x3, real)
12 3 ! 1 1 0 1 1 0
 0.000000000000E+000  0.000000000000E+000  0.000000000000E+000 
 0.000000000000E+000  0.000000000000E+000  0.000000000000E+000 
 0.000000000000E+000  0.000000000000E+000  0.000000000000E+000 
 0.000000000000E+000  0.000000000000E+000  0.000000000000E+000 
 0.000000000000E+000  0.000000000000E+000  0.000000000000E+000 
 0.000000000000E+000  0.000000000000E+000  0.000000000000E+000 
 0.000000000000E+000  0.000000000000E+000  0.000000000000E+000 
 0.000000000000E+000  0.000000000000E+000  0.000000000000E+000 
 0.000000000000E+000  0.000000000000E+000  0.000000000000E+000 
 0.000000000000E+000  0.000000000000E+000  0.000000000000E+000 
 0.000000000000E+000  0.000000000000E+000  0.000000000000E+000 
 0.000000000000E+000  0.000000000000E+000  0.000000000000E+000 
12 3 ! 1 1 0 1 2 0
-3.848872370000E-001  3.446906520000E-001 -2.987356000000E-003 
 4.733430500000E-002  1.421627740000E-001  5.066380500000E-002 
 7.504965300000E-002  6.385508000000E-003 -2.542545400000E-002 
 4.149308910000E-001  9.020009100000E-002 -1.561492600000E-002 
-3.483400000000E-003  5.233822000000E-003 -9.566406000000E-003 
 6.653021000000E-003  3.225240000000E-004 -4.518740000000E-003 
-3.281001000000E-003  4.022854000000E-003 -1.079813000000E-003 
 2.946438000000E-003  4.327589000000E-003  5.923583000000E-003 
-1.558895490000E-001 -6.806929880000E-001 -2.068935000000E-003 
-7.679742000000E-003  6.327859900000E-002 -2.055952000000E-003 
-4.744720000000E-003  3.612654000000E-003  9.005263000000E-003 
 6.423531000000E-003  1.984720000000E-004 -5.812496000000E-003 
12 3 ! 1 2 0 1 1 0
 3.848872370000E-001 -3.446906520000E-001  2.987356000000E-003 
-4.733430500000E-002 -1.421627740000E-001 -5.066380500000E-002 
-7.504965300000E-002 -6.385508000000E-003  2.542545400000E-002 
-4.149308910000E-001 -9.020009100000E-002  1.561492600000E-002 
 3.483400000000E-003 -5.233822000000E-003  9.566406000000E-003 
-6.653021000000E-003 -3.225240000000E-004  4.518740000000E-003 
 3.281001000000E-003 -4.022854000000E-003  1.079813000000E-003 
-2.946438000000E-003 -4.327589000000E-003 -5.923583000000E-003 
 1.558895490000E-001  6.806929880000E-001  2.068935000000E-003 
 7.679742000000E-003 -6.327859900000E-002  2.055952000000E-003 
 4.744720000000E-003 -3.612654000000E-003 -9.005263000000E-003 
-6.423531000000E-003 -1.984720000000E-004  5.812496000000E-003 
12 3 ! 1 2 0 1 2 0
 0.000000000000E+000  0.000000000000E+000  0.000000000000E+000 
 0.000000000000E+000  0.000000000000E+000  0.000000000000E+000 
 0.000000000000E+000  0.000000000000E+000  0.000000000000E+000 
 0.000000000000E+000  0.000000000000E+000  0.000000000000E+000 
 0.000000000000E+000  0.000000000000E+000  0.000000000000E+000 
 0.000000000000E+000  0.000000000000E+000  0.000000000000E+000 
 0.000000000000E+000  0.000000000000E+000  0.000000000000E+000 
 0.000000000000E+000  0.000000000000E+000  0.000000000000E+000 
 0.000000000000E+000  0.000000000000E+000  0.000000000000E+000 
 0.000000000000E+000  0.000000000000E+000  0.000000000000E+000 
 0.000000000000E+000  0.000000000000E+000  0.000000000000E+000 
 0.000000000000E+000  0.000000000000E+000  0.000000000000E+000 
! 6 Overlap matrix (2x2, complex)
2 2
 4.498885406000E-001  0.000000000000E+000  1.103226680000E-002  0.000000000000E+000 
-1.239154950000E-002  0.000000000000E+000  4.469218336000E-001  0.000000000000E+000 

! 7 Phases
2 ! for all nmstates
 1.000000000E+000  0.000000000E+000
 1.000000000E+000  0.000000000E+000
! 8 Runtime
 1.425087480000E+002
