! 1 Hamiltonian Matrix (2x2, complex)
2 2
-2.306356727271E+002  0.000000000000E+000  0.000000000000E+000  0.000000000000E+000 
 0.000000000000E+000  0.000000000000E+000 -2.304952495609E+002  0.000000000000E+000 

! 2 Dipole Moment Matrices (3x2x2, complex)
2 2
-1.443515000000E-001  0.000000000000E+000  6.400442281000E-002  0.000000000000E+000 
 6.400442281000E-002  0.000000000000E+000  1.235191200000E-001  0.000000000000E+000 
2 2
-5.729441000000E-002  0.000000000000E+000 -2.157778974000E-001  0.000000000000E+000 
-2.157778974000E-001  0.000000000000E+000  7.182301000000E-002  0.000000000000E+000 
2 2
-4.825379000000E-002  0.000000000000E+000  2.419588252100E-002  0.000000000000E+000 
 2.419588252100E-002  0.000000000000E+000 -5.666322000000E-002  0.000000000000E+000 
! 3 Gradient Vectors (2x12x3, real)
12 3 ! 1 1 0
-9.521242300000E-002 -1.872227220000E-001 -1.436969700000E-002 
 1.011493960000E-001 -1.493312100000E-001  3.837222000000E-003 
 7.899191000000E-003 -4.552988500000E-002  3.680026000000E-003 
-6.527439900000E-002  4.891905500000E-002  9.519690000000E-004 
 1.518853500000E-001  1.826043850000E-001  1.974768400000E-002 
-1.002426610000E-001  1.171955260000E-001 -1.307331000000E-002 
 3.019521700000E-002  1.660698600000E-002 -1.083174000000E-003 
 4.325928000000E-003 -2.010126000000E-003 -4.203073000000E-003 
-8.873537000000E-003 -7.950066000000E-003  3.190001000000E-003 
-2.421848100000E-002 -4.745924600000E-002  4.558626000000E-003 
-2.285777000000E-002  5.494618600000E-002 -1.051769000000E-003 
 2.122418800000E-002  1.923111800000E-002 -2.184503000000E-003 
12 3 ! 1 2 0
 1.683066000000E-003 -2.520755260000E-001 -2.073385100000E-002 
-7.291660000000E-004 -2.197997190000E-001  1.120556900000E-002 
-5.656577200000E-002  7.203381800000E-002  5.887656000000E-003 
 3.929915700000E-002  5.033091100000E-002  2.640117000000E-003 
 1.523865810000E-001  1.814474370000E-001  2.305939700000E-002 
-1.017393790000E-001  1.151939050000E-001 -1.533562300000E-002 
 3.056144900000E-002  1.699588500000E-002 -2.389360000000E-003 
 4.160238000000E-003 -2.668904000000E-003 -2.749215000000E-003 
-1.650270720000E-001  5.285655700000E-002 -7.112890000000E-004 
 9.784630600000E-002 -8.758167800000E-002 -2.032309000000E-003 
-2.225323000000E-002  5.625203300000E-002 -7.329450000000E-004 
 2.037782000000E-002  1.701527900000E-002  1.891854000000E-003 
! 5 Non-adiabatic couplings (ddr) (2x2x12x3, real)
12 3 ! 1 1 0 1 1 0
 0.000000000000E+000  0.000000000000E+000  0.000000000000E+000 
 0.000000000000E+000  0.000000000000E+000  0.000000000000E+000 
 0.000000000000E+000  0.000000000000E+000  0.000000000000E+000 
 0.000000000000E+000  0.000000000000E+000  0.000000000000E+000 
 0.000000000000E+000  0.000000000000E+000  0.000000000000E+000 
 0.000000000000E+000  0.000000000000E+000  0.000000000000E+000 
 0.000000000000E+000  0.000000000000E+000  0.000000000000E+000 
 0.000000000000E+000  0.000000000000E+000  0.000000000000E+000 
 0.000000000000E+000  0.000000000000E+000  0.000000000000E+000 
 0.000000000000E+000  0.000000000000E+000  0.000000000000E+000 
 0.000000000000E+000  0.000000000000E+000  0.000000000000E+000 
 0.000000000000E+000  0.000000000000E+000  0.000000000000E+000 
12 3 ! 1 1 0 1 2 0
-1.912277520000E-001  1.099077840000E-001  1.490450600000E-002 
-6.800114600000E-002  4.142262100000E-002  1.832182700000E-002 
 2.644397100000E-002  6.600182300000E-002 -1.064161400000E-002 
 3.920652330000E-001  9.275669000000E-002 -1.253979800000E-002 
 5.309100000000E-005  1.144347500000E-002 -2.554544000000E-003 
 4.107884000000E-003 -3.732602000000E-003 -6.190175000000E-003 
-3.848529000000E-003  2.796183000000E-003  3.306880000000E-004 
 2.494631000000E-003  1.782119000000E-003  1.644017000000E-003 
-2.739681050000E-001 -3.559315690000E-001  2.795846000000E-003 
 1.186596610000E-001  6.082844000000E-003 -7.938817000000E-003 
-3.847183000000E-003  3.778677000000E-003  4.413338000000E-003 
 4.105343000000E-003 -2.091750000000E-003  1.722986000000E-003 
12 3 ! 1 2 0 1 1 0
 1.912277520000E-001 -1.099077840000E-001 -1.490450600000E-002 
 6.800114600000E-002 -4.142262100000E-002 -1.832182700000E-002 
-2.644397100000E-002 -6.600182300000E-002  1.064161400000E-002 
-3.920652330000E-001 -9.275669000000E-002  1.253979800000E-002 
-5.309100000000E-005 -1.144347500000E-002  2.554544000000E-003 
-4.107884000000E-003  3.732602000000E-003  6.190175000000E-003 
 3.848529000000E-003 -2.796183000000E-003 -3.306880000000E-004 
-2.494631000000E-003 -1.782119000000E-003 -1.644017000000E-003 
 2.739681050000E-001  3.559315690000E-001 -2.795846000000E-003 
-1.186596610000E-001 -6.082844000000E-003  7.938817000000E-003 
 3.847183000000E-003 -3.778677000000E-003 -4.413338000000E-003 
-4.105343000000E-003  2.091750000000E-003 -1.722986000000E-003 
12 3 ! 1 2 0 1 2 0
 0.000000000000E+000  0.000000000000E+000  0.000000000000E+000 
 0.000000000000E+000  0.000000000000E+000  0.000000000000E+000 
 0.000000000000E+000  0.000000000000E+000  0.000000000000E+000 
 0.000000000000E+000  0.000000000000E+000  0.000000000000E+000 
 0.000000000000E+000  0.000000000000E+000  0.000000000000E+000 
 0.000000000000E+000  0.000000000000E+000  0.000000000000E+000 
 0.000000000000E+000  0.000000000000E+000  0.000000000000E+000 
 0.000000000000E+000  0.000000000000E+000  0.000000000000E+000 
 0.000000000000E+000  0.000000000000E+000  0.000000000000E+000 
 0.000000000000E+000  0.000000000000E+000  0.000000000000E+000 
 0.000000000000E+000  0.000000000000E+000  0.000000000000E+000 
 0.000000000000E+000  0.000000000000E+000  0.000000000000E+000 
! 6 Overlap matrix (2x2, complex)
2 2
 1.927749705000E-001  0.000000000000E+000 -1.979224690000E-002  0.000000000000E+000 
 2.024193310000E-002  0.000000000000E+000  1.908500401000E-001  0.000000000000E+000 

! 7 Phases
2 ! for all nmstates
 1.000000000E+000  0.000000000E+000
 1.000000000E+000  0.000000000E+000
! 8 Runtime
 1.438835710000E+002
