2021-08-26 02:38:11.932590 fermium /global/julia/Fulvene/Interpolation_Geometry1/Calc_21

  ================================================================================
||                                                                                ||
||                         SHARC - MOLPRO2012 - Interface                         ||
||                                                                                ||
||                             Author: Sebastian Mai                              ||
||                                                                                ||
||                                  Version: 2.1                                  ||
||                                 Date: 01.09.19                                 ||
||                                                                                ||
  ================================================================================


==> QMin Job description for:
tmp.pdb

Tasks:	H	DM	Grad	Nac(ddr)	Overlaps	Phases
States: 	2 Singlet

Method:
Electrons per Multiplicity:	42
Job ID per Multiplicity:	1
Level of Theory per Job ID:
1:	SA(2+0+0)-CASSCF(6,6)/6-31G*

Found Geo! NAtom is 12.

Geometry in Bohrs:
C -0.2050 -2.6410 -0.0370 
C  2.3560 -2.4710  0.0420 
C  3.1620  0.1470 -0.0740 
C  1.1360  1.6600 -0.0780 
H -1.4930 -4.2990 -0.0380 
H  3.3810 -4.0480 -0.0020 
H  5.2210  0.7580  0.2210 
H  1.0500  3.6730 -0.1840 
C -1.0810  0.0180 -0.0440 
C -3.6000  0.7240 -0.0010 
H -4.2110  2.5740  0.1810 
H -5.1800 -0.4920  0.0160 

Gradients:   X X 

Non-adiabatic couplings:
. X 
X . 

wfthres: 1.0
docicas: True
newstep: []
nstates: 2
unit: ['bohr']
phases: []
njobs: 1
initorbs: {1: '/global/julia/Fulvene/Interpolation_Geometry1/Calc_21/SAVEDIR/wf.1.old'}
delay: 0.0
scratchdir: /public/fermium/scratch/tmp/julia.91780
wfoverlap: /user/julia/software/SchNarc/sharc/bin/wfoverlap.x
template: {'gradaccudefault': 1e-05, 'gradaccumax': 0.01, 'basis': '6-31G*', 'occ': [24], 'nelec': {1: [42, 41, 42]}, 'closed': [18], 'rootpad': {1: [0, 0, 0]}, 'dkho': 0, 'roots': {1: [2, 0, 0]}}
memory: 2000
multmap: {1: 1, -1: [1]}
ndocc: 0
jobs: [1]
ncore: 0
maxmult: 1
ncpu: 1
pwd: /global/julia/Fulvene/Interpolation_Geometry1/Calc_21
statemap: {1: [1, 1, 0.0], 2: [1, 2, 0.0]}
molpro: /usr/license/molpro/molpros_2012_1_5_Linux_x86_64_i8/bin/
nmstates: 2
savedir: /global/julia/Fulvene/Interpolation_Geometry1/Calc_21/SAVEDIR
nacmap: [(1, 1, 1, 2)]
natom: 12
gradmap: [(1, 1), (1, 2)]
joblist: [1]


>>>>>>>>>>>>> Starting the MOLPRO job execution
START:	/public/fermium/scratch/tmp/julia.91780/integrals	2021-08-26 02:38:12.133755	"/usr/license/molpro/molpros_2012_1_5_Linux_x86_64_i8/bin/molpro -W./ -I./ -d./ MOLPRO.input"
FINISH:	/public/fermium/scratch/tmp/julia.91780/integrals	2021-08-26 02:38:16.088640	Runtime: 0:00:03.954885	Error Code: 0
Error Codes:
	integrals 	0

START:	/public/fermium/scratch/tmp/julia.91780/master_1	2021-08-26 02:38:28.901951	"/usr/license/molpro/molpros_2012_1_5_Linux_x86_64_i8/bin/molpro -W./ -I./ -d./ MOLPRO.input"
FINISH:	/public/fermium/scratch/tmp/julia.91780/master_1	2021-08-26 02:38:50.758643	Runtime: 0:00:21.856692	Error Code: 0
Error Codes:
	master_1  	0

START:	/public/fermium/scratch/tmp/julia.91780/grad_1_1	2021-08-26 02:39:09.759035	"/usr/license/molpro/molpros_2012_1_5_Linux_x86_64_i8/bin/molpro -W./ -I./ -d./ MOLPRO.input"
FINISH:	/public/fermium/scratch/tmp/julia.91780/grad_1_1	2021-08-26 02:39:25.837453	Runtime: 0:00:16.078418	Error Code: 0
START:	/public/fermium/scratch/tmp/julia.91780/nac_1_1_1_2	2021-08-26 02:39:47.091623	"/usr/license/molpro/molpros_2012_1_5_Linux_x86_64_i8/bin/molpro -W./ -I./ -d./ MOLPRO.input"
FINISH:	/public/fermium/scratch/tmp/julia.91780/nac_1_1_1_2	2021-08-26 02:40:07.792061	Runtime: 0:00:20.700438	Error Code: 0
START:	/public/fermium/scratch/tmp/julia.91780/grad_1_2	2021-08-26 02:40:13.109027	"/usr/license/molpro/molpros_2012_1_5_Linux_x86_64_i8/bin/molpro -W./ -I./ -d./ MOLPRO.input"
FINISH:	/public/fermium/scratch/tmp/julia.91780/grad_1_2	2021-08-26 02:40:32.482862	Runtime: 0:00:19.373835	Error Code: 0
Error Codes:
	grad_1_1  	0	nac_1_1_1_2	0	grad_1_2  	0

>>>>>>>>>>>>> Starting the WFOVERLAP job execution
START:	/public/fermium/scratch/tmp/julia.91780/CI_CAS_1_1	2021-08-26 02:40:34.742754	"/user/julia/software/SchNarc/sharc/bin/wfoverlap.x -m 2000 -f wfovl.inp"
FINISH:	/public/fermium/scratch/tmp/julia.91780/CI_CAS_1_1	2021-08-26 02:40:51.964667	Runtime: 0:00:17.221913	Error Code: 0
START:	/public/fermium/scratch/tmp/julia.91780/AOoverlap	2021-08-26 02:40:52.002767	"/usr/license/molpro/molpros_2012_1_5_Linux_x86_64_i8/bin/molpro -W./ -I./ -d./ MOLPRO.input"
FINISH:	/public/fermium/scratch/tmp/julia.91780/AOoverlap	2021-08-26 02:40:52.833164	Runtime: 0:00:00.830397	Error Code: 0
START:	/public/fermium/scratch/tmp/julia.91780/WFOVL_1_1	2021-08-26 02:41:09.280256	"/user/julia/software/SchNarc/sharc/bin/wfoverlap.x -m 2000 -f wfovl.inp"
FINISH:	/public/fermium/scratch/tmp/julia.91780/WFOVL_1_1	2021-08-26 02:41:32.222535	Runtime: 0:00:22.942279	Error Code: 0
Error Codes:
	CI_CAS_1_1	0	WFOVL_1_1 	0

===> Results:

=> Hamiltonian Matrix:
Diagonal Shift:   -230.00
Real Part:
----------------------
|-7.009e-01            |
|           -5.590e-01 |
----------------------

=> Dipole Moment Matrices:

Polarisation X:
Real Part:
----------------------
|-1.739e-01 -8.315e-02 |
|-8.315e-02  1.126e-01 |
----------------------

Polarisation Y:
Real Part:
----------------------
| 4.979e-02 -2.053e-01 |
|-2.053e-01 -1.178e-01 |
----------------------

Polarisation Z:
Real Part:
----------------------
| 4.396e-02 -2.154e-02 |
|-2.154e-02  4.759e-02 |
----------------------

=> Gradient Vectors:

Singlet	1	Ms=  0.0:
1	C	 0.00968	-0.01343	-0.00171	
2	C	 0.05355	-0.01492	 0.00647	
3	C	-0.06864	-0.01444	-0.01987	
4	C	 0.01518	-0.00588	 0.00275	
5	H	-0.02108	-0.01976	-0.00042	
6	H	-0.05477	 0.05462	-0.00126	
7	H	 0.04268	 0.01156	 0.01320	
8	H	-0.00185	-0.00308	-0.00279	
9	C	 0.06285	 0.00441	 0.00385	
10	C	-0.04065	 0.01550	-0.00168	
11	H	-0.00031	-0.03834	 0.00113	
12	H	 0.00338	 0.02377	 0.00032	

Singlet	2	Ms=  0.0:
1	C	 0.10984	-0.07516	-0.00125	
2	C	-0.06999	-0.09106	 0.00746	
3	C	-0.12886	 0.11369	-0.01985	
4	C	 0.13255	-0.00465	 0.00194	
5	H	-0.02137	-0.01932	-0.00009	
6	H	-0.05613	 0.05364	-0.00143	
7	H	 0.04319	 0.01297	 0.01167	
8	H	-0.00194	-0.00329	-0.00172	
9	C	-0.09217	 0.04589	 0.00283	
10	C	 0.08182	-0.01851	 0.00246	
11	H	 0.00023	-0.03583	-0.00321	
12	H	 0.00281	 0.02162	 0.00119	

=> Analytical Non-adiabatic coupling vectors:

Singlet	States 1 - 1	Ms=  0.0:
		...is identical zero...

Singlet	States 1 - 2	Ms=  0.0:
1	C	-0.22543	 0.21318	-0.00617	
2	C	-0.05417	 0.04374	-0.00396	
3	C	 0.05736	 0.06292	-0.01613	
4	C	 0.33794	 0.02991	 0.00543	
5	H	-0.00061	 0.00396	 0.00050	
6	H	 0.00425	-0.00185	 0.00568	
7	H	-0.00355	 0.00279	 0.00387	
8	H	 0.00434	 0.00307	-0.00052	
9	C	-0.14198	-0.43016	 0.01349	
10	C	 0.01132	 0.04432	-0.00553	
11	H	-0.00429	 0.00251	 0.00098	
12	H	 0.00476	-0.00019	-0.00103	

Singlet	States 2 - 1	Ms=  0.0:
1	C	 0.22543	-0.21318	 0.00617	
2	C	 0.05417	-0.04374	 0.00396	
3	C	-0.05736	-0.06292	 0.01613	
4	C	-0.33794	-0.02991	-0.00543	
5	H	 0.00061	-0.00396	-0.00050	
6	H	-0.00425	 0.00185	-0.00568	
7	H	 0.00355	-0.00279	-0.00387	
8	H	-0.00434	-0.00307	 0.00052	
9	C	 0.14198	 0.43016	-0.01349	
10	C	-0.01132	-0.04432	 0.00553	
11	H	 0.00429	-0.00251	-0.00098	
12	H	-0.00476	 0.00019	 0.00103	

Singlet	States 2 - 2	Ms=  0.0:
		...is identical zero...

=> Overlap matrix:

Real Part:
----------------------
| 9.990e-01 -4.992e-04 |
| 4.975e-04  9.990e-01 |
----------------------

=> Wavefunction Phases:
2

 1.0  0.0
 1.0  0.0


==> Runtime:
0 Days	0 Hours	3 Minutes	20 Seconds


===> Writing output to file QM.out in SHARC Format

2021-08-26 02:41:32.348119
#================ END ================#
