! 1 Hamiltonian Matrix (2x2, complex)
2 2
-2.307009016977E+002  0.000000000000E+000  0.000000000000E+000  0.000000000000E+000 
 0.000000000000E+000  0.000000000000E+000 -2.305589672487E+002  0.000000000000E+000 

! 2 Dipole Moment Matrices (3x2x2, complex)
2 2
-1.738966600000E-001  0.000000000000E+000 -8.315007350700E-002  0.000000000000E+000 
-8.315007350700E-002  0.000000000000E+000  1.125993800000E-001  0.000000000000E+000 
2 2
 4.979181000000E-002  0.000000000000E+000 -2.052816739490E-001  0.000000000000E+000 
-2.052816739490E-001  0.000000000000E+000 -1.177557700000E-001  0.000000000000E+000 
2 2
 4.395770000000E-002  0.000000000000E+000 -2.153871538400E-002  0.000000000000E+000 
-2.153871538400E-002  0.000000000000E+000  4.759022000000E-002  0.000000000000E+000 
! 3 Gradient Vectors (2x12x3, real)
12 3 ! 1 1 0
 9.684266000000E-003 -1.343428900000E-002 -1.708762000000E-003 
 5.354760200000E-002 -1.491922600000E-002  6.469710000000E-003 
-6.864287800000E-002 -1.443551600000E-002 -1.987057200000E-002 
 1.517715500000E-002 -5.875992000000E-003  2.747216000000E-003 
-2.108302700000E-002 -1.976329800000E-002 -4.158480000000E-004 
-5.477199000000E-002  5.462252200000E-002 -1.255362000000E-003 
 4.267845000000E-002  1.155502900000E-002  1.320417300000E-002 
-1.851288000000E-003 -3.081021000000E-003 -2.789962000000E-003 
 6.284834400000E-002  4.408878000000E-003  3.851992000000E-003 
-4.065240200000E-002  1.549542600000E-002 -1.683596000000E-003 
-3.117020000000E-004 -3.833822900000E-002  1.127808000000E-003 
 3.377470000000E-003  2.376571400000E-002  3.232040000000E-004 
12 3 ! 1 2 0
 1.098447410000E-001 -7.516412200000E-002 -1.246657000000E-003 
-6.998632900000E-002 -9.105950400000E-002  7.459659000000E-003 
-1.288562700000E-001  1.136895180000E-001 -1.985386800000E-002 
 1.325520390000E-001 -4.645237000000E-003  1.937342000000E-003 
-2.137159700000E-002 -1.931780900000E-002 -8.734000000000E-005 
-5.613424200000E-002  5.364014400000E-002 -1.432696000000E-003 
 4.319108900000E-002  1.297026600000E-002  1.166879000000E-002 
-1.938847000000E-003 -3.288963000000E-003 -1.717096000000E-003 
-9.216889800000E-002  4.589370600000E-002  2.826797000000E-003 
 8.182128400000E-002 -1.850620300000E-002  2.461028000000E-003 
 2.343570000000E-004 -3.582870400000E-002 -3.206154000000E-003 
 2.812675000000E-003  2.161691000000E-002  1.190196000000E-003 
! 5 Non-adiabatic couplings (ddr) (2x2x12x3, real)
12 3 ! 1 1 0 1 1 0
 0.000000000000E+000  0.000000000000E+000  0.000000000000E+000 
 0.000000000000E+000  0.000000000000E+000  0.000000000000E+000 
 0.000000000000E+000  0.000000000000E+000  0.000000000000E+000 
 0.000000000000E+000  0.000000000000E+000  0.000000000000E+000 
 0.000000000000E+000  0.000000000000E+000  0.000000000000E+000 
 0.000000000000E+000  0.000000000000E+000  0.000000000000E+000 
 0.000000000000E+000  0.000000000000E+000  0.000000000000E+000 
 0.000000000000E+000  0.000000000000E+000  0.000000000000E+000 
 0.000000000000E+000  0.000000000000E+000  0.000000000000E+000 
 0.000000000000E+000  0.000000000000E+000  0.000000000000E+000 
 0.000000000000E+000  0.000000000000E+000  0.000000000000E+000 
 0.000000000000E+000  0.000000000000E+000  0.000000000000E+000 
12 3 ! 1 1 0 1 2 0
-2.254270560000E-001  2.131753810000E-001 -6.171152000000E-003 
-5.417344200000E-002  4.373756600000E-002 -3.958526000000E-003 
 5.736122800000E-002  6.292125100000E-002 -1.612988900000E-002 
 3.379442770000E-001  2.991139300000E-002  5.427602000000E-003 
-6.113200000000E-004  3.963863000000E-003  4.981100000000E-004 
 4.253716000000E-003 -1.850554000000E-003  5.677164000000E-003 
-3.552893000000E-003  2.785212000000E-003  3.873197000000E-003 
 4.343880000000E-003  3.072709000000E-003 -5.239460000000E-004 
-1.419797540000E-001 -4.301562680000E-001  1.348631800000E-002 
 1.132047800000E-002  4.432186400000E-002 -5.532352000000E-003 
-4.286080000000E-003  2.510412000000E-003  9.821540000000E-004 
 4.755359000000E-003 -1.862520000000E-004 -1.034445000000E-003 
12 3 ! 1 2 0 1 1 0
 2.254270560000E-001 -2.131753810000E-001  6.171152000000E-003 
 5.417344200000E-002 -4.373756600000E-002  3.958526000000E-003 
-5.736122800000E-002 -6.292125100000E-002  1.612988900000E-002 
-3.379442770000E-001 -2.991139300000E-002 -5.427602000000E-003 
 6.113200000000E-004 -3.963863000000E-003 -4.981100000000E-004 
-4.253716000000E-003  1.850554000000E-003 -5.677164000000E-003 
 3.552893000000E-003 -2.785212000000E-003 -3.873197000000E-003 
-4.343880000000E-003 -3.072709000000E-003  5.239460000000E-004 
 1.419797540000E-001  4.301562680000E-001 -1.348631800000E-002 
-1.132047800000E-002 -4.432186400000E-002  5.532352000000E-003 
 4.286080000000E-003 -2.510412000000E-003 -9.821540000000E-004 
-4.755359000000E-003  1.862520000000E-004  1.034445000000E-003 
12 3 ! 1 2 0 1 2 0
 0.000000000000E+000  0.000000000000E+000  0.000000000000E+000 
 0.000000000000E+000  0.000000000000E+000  0.000000000000E+000 
 0.000000000000E+000  0.000000000000E+000  0.000000000000E+000 
 0.000000000000E+000  0.000000000000E+000  0.000000000000E+000 
 0.000000000000E+000  0.000000000000E+000  0.000000000000E+000 
 0.000000000000E+000  0.000000000000E+000  0.000000000000E+000 
 0.000000000000E+000  0.000000000000E+000  0.000000000000E+000 
 0.000000000000E+000  0.000000000000E+000  0.000000000000E+000 
 0.000000000000E+000  0.000000000000E+000  0.000000000000E+000 
 0.000000000000E+000  0.000000000000E+000  0.000000000000E+000 
 0.000000000000E+000  0.000000000000E+000  0.000000000000E+000 
 0.000000000000E+000  0.000000000000E+000  0.000000000000E+000 
! 6 Overlap matrix (2x2, complex)
2 2
 9.989714994000E-001  0.000000000000E+000 -4.992378000000E-004  0.000000000000E+000 
 4.975156000000E-004  0.000000000000E+000  9.989689585000E-001  0.000000000000E+000 

! 7 Phases
2 ! for all nmstates
 1.000000000E+000  0.000000000E+000
 1.000000000E+000  0.000000000E+000
! 8 Runtime
 2.003490620000E+002
