2021-08-25 23:21:10.393898 tellurium3 /user/julia/Tutorial/1_TrainingSet/Initial/ICOND_00015

  ================================================================================
||                                                                                ||
||                         SHARC - MOLPRO2012 - Interface                         ||
||                                                                                ||
||                             Author: Sebastian Mai                              ||
||                                                                                ||
||                                  Version: 2.1                                  ||
||                                 Date: 01.09.19                                 ||
||                                                                                ||
  ================================================================================


==> QMin Job description for:
Initial condition ICOND_00015/

Tasks:	H	DM	Grad	Nac(ddr)	Overlaps	Phases
States: 	2 Singlet

Method:
Electrons per Multiplicity:	42
Job ID per Multiplicity:	1
Level of Theory per Job ID:
1:	SA(2+0+0)-CASSCF(6,6)/6-31G*

Found Geo! NAtom is 12.

Geometry in Bohrs:
C -0.3044 -2.6075  0.1625 
C  2.2990 -2.5635  0.0146 
C  3.1368  0.1183  0.0790 
C  0.9950  1.6473  0.2010 
H -1.5649 -4.2879 -0.5177 
H  3.4836 -3.8241 -0.3913 
H  4.9617  1.0505  0.1814 
H  1.0196  3.4452  0.2890 
C -1.1106 -0.0073 -0.1362 
C -3.5086  0.7852 -0.2747 
H -3.6598  2.8780 -0.1618 
H -5.0749 -0.5831  0.0511 

Gradients:   X X 

Non-adiabatic couplings:
. X 
X . 

wfthres: 1.0
docicas: True
newstep: []
nstates: 2
unit: ['bohr']
phases: []
njobs: 1
initorbs: {1: '/user/julia/Tutorial/1_TrainingSet/Initial/ICOND_00015/SAVE/wf.1.old'}
delay: 0.0
scratchdir: /user/julia/Tutorial/1_TrainingSet/Initial/ICOND_00015/ICOND_00015
cleanup: []
wfoverlap: /user/julia/software/SchNarc/sharc/source/../bin/wfoverlap.x
template: {'gradaccudefault': 1e-05, 'gradaccumax': 0.01, 'basis': '6-31G*', 'occ': [24], 'nelec': {1: [42, 41, 42]}, 'closed': [18], 'rootpad': {1: [0, 0, 0]}, 'dkho': 0, 'roots': {1: [2, 0, 0]}}
memory: 500
multmap: {1: 1, -1: [1]}
ndocc: 0
jobs: [1]
ncore: 0
maxmult: 1
ncpu: 1
pwd: /user/julia/Tutorial/1_TrainingSet/Initial/ICOND_00015
statemap: {1: [1, 1, 0.0], 2: [1, 2, 0.0]}
molpro: /usr/license/molpro/molpros_2012_1_5_Linux_x86_64_i8/bin/
nmstates: 2
savedir: /user/julia/Tutorial/1_TrainingSet/Initial/ICOND_00015/SAVE
nacmap: [(1, 1, 1, 2)]
natom: 12
gradmap: [(1, 1), (1, 2)]
joblist: [1]


>>>>>>>>>>>>> Starting the MOLPRO job execution
START:	/user/julia/Tutorial/1_TrainingSet/Initial/ICOND_00015/ICOND_00015/integrals	2021-08-25 23:21:11.620113	"/usr/license/molpro/molpros_2012_1_5_Linux_x86_64_i8/bin/molpro -W./ -I./ -d./ MOLPRO.input"
FINISH:	/user/julia/Tutorial/1_TrainingSet/Initial/ICOND_00015/ICOND_00015/integrals	2021-08-25 23:21:13.051337	Runtime: 0:00:01.431224	Error Code: 168
Error Codes:
	integrals 	168
Some subprocesses did not finish successfully!
2021-08-26 22:37:23.900386 thorium /user/julia/Tutorial/1_TrainingSet/Initial/ICOND_00015

  ================================================================================
||                                                                                ||
||                         SHARC - MOLPRO2012 - Interface                         ||
||                                                                                ||
||                             Author: Sebastian Mai                              ||
||                                                                                ||
||                                  Version: 2.1                                  ||
||                                 Date: 01.09.19                                 ||
||                                                                                ||
  ================================================================================


==> QMin Job description for:
Initial condition ICOND_00015/

Tasks:	H	DM	Grad	Nac(ddr)	Overlaps	Phases
States: 	2 Singlet

Method:
Electrons per Multiplicity:	42
Job ID per Multiplicity:	1
Level of Theory per Job ID:
1:	SA(2+0+0)-CASSCF(6,6)/6-31G*

Found Geo! NAtom is 12.

Geometry in Bohrs:
C -0.3044 -2.6075  0.1625 
C  2.2990 -2.5635  0.0146 
C  3.1368  0.1183  0.0790 
C  0.9950  1.6473  0.2010 
H -1.5649 -4.2879 -0.5177 
H  3.4836 -3.8241 -0.3913 
H  4.9617  1.0505  0.1814 
H  1.0196  3.4452  0.2890 
C -1.1106 -0.0073 -0.1362 
C -3.5086  0.7852 -0.2747 
H -3.6598  2.8780 -0.1618 
H -5.0749 -0.5831  0.0511 

Gradients:   X X 

Non-adiabatic couplings:
. X 
X . 

wfthres: 1.0
docicas: True
newstep: []
nstates: 2
unit: ['bohr']
phases: []
njobs: 1
initorbs: {1: '/user/julia/Tutorial/1_TrainingSet/Initial/ICOND_00015/SAVE/wf.1.old'}
delay: 0.0
scratchdir: /user/julia/Tutorial/1_TrainingSet/Initial/ICOND_00015/ICOND_00015
cleanup: []
wfoverlap: /user/julia/software/SchNarc/sharc/source/../bin/wfoverlap.x
template: {'gradaccudefault': 1e-05, 'gradaccumax': 0.01, 'basis': '6-31G*', 'occ': [24], 'nelec': {1: [42, 41, 42]}, 'closed': [18], 'rootpad': {1: [0, 0, 0]}, 'dkho': 0, 'roots': {1: [2, 0, 0]}}
memory: 500
multmap: {1: 1, -1: [1]}
ndocc: 0
jobs: [1]
ncore: 0
maxmult: 1
ncpu: 1
pwd: /user/julia/Tutorial/1_TrainingSet/Initial/ICOND_00015
statemap: {1: [1, 1, 0.0], 2: [1, 2, 0.0]}
molpro: /usr/license/molpro/molpros_2012_1_5_Linux_x86_64_i8/bin/
nmstates: 2
savedir: /user/julia/Tutorial/1_TrainingSet/Initial/ICOND_00015/SAVE
nacmap: [(1, 1, 1, 2)]
natom: 12
gradmap: [(1, 1), (1, 2)]
joblist: [1]


>>>>>>>>>>>>> Starting the MOLPRO job execution
START:	/user/julia/Tutorial/1_TrainingSet/Initial/ICOND_00015/ICOND_00015/integrals	2021-08-26 22:37:24.095079	"/usr/license/molpro/molpros_2012_1_5_Linux_x86_64_i8/bin/molpro -W./ -I./ -d./ MOLPRO.input"
FINISH:	/user/julia/Tutorial/1_TrainingSet/Initial/ICOND_00015/ICOND_00015/integrals	2021-08-26 22:37:51.120180	Runtime: 0:00:27.025101	Error Code: 0
Error Codes:
	integrals 	0

START:	/user/julia/Tutorial/1_TrainingSet/Initial/ICOND_00015/ICOND_00015/master_1	2021-08-26 22:37:55.142577	"/usr/license/molpro/molpros_2012_1_5_Linux_x86_64_i8/bin/molpro -W./ -I./ -d./ MOLPRO.input"
FINISH:	/user/julia/Tutorial/1_TrainingSet/Initial/ICOND_00015/ICOND_00015/master_1	2021-08-26 22:38:39.890716	Runtime: 0:00:44.748139	Error Code: 0
Error Codes:
	master_1  	0

START:	/user/julia/Tutorial/1_TrainingSet/Initial/ICOND_00015/ICOND_00015/grad_1_1	2021-08-26 22:38:42.092937	"/usr/license/molpro/molpros_2012_1_5_Linux_x86_64_i8/bin/molpro -W./ -I./ -d./ MOLPRO.input"
FINISH:	/user/julia/Tutorial/1_TrainingSet/Initial/ICOND_00015/ICOND_00015/grad_1_1	2021-08-26 22:39:07.983960	Runtime: 0:00:25.891023	Error Code: 0
START:	/user/julia/Tutorial/1_TrainingSet/Initial/ICOND_00015/ICOND_00015/nac_1_1_1_2	2021-08-26 22:39:08.837211	"/usr/license/molpro/molpros_2012_1_5_Linux_x86_64_i8/bin/molpro -W./ -I./ -d./ MOLPRO.input"
FINISH:	/user/julia/Tutorial/1_TrainingSet/Initial/ICOND_00015/ICOND_00015/nac_1_1_1_2	2021-08-26 22:39:39.978508	Runtime: 0:00:31.141297	Error Code: 0
START:	/user/julia/Tutorial/1_TrainingSet/Initial/ICOND_00015/ICOND_00015/grad_1_2	2021-08-26 22:39:40.679300	"/usr/license/molpro/molpros_2012_1_5_Linux_x86_64_i8/bin/molpro -W./ -I./ -d./ MOLPRO.input"
FINISH:	/user/julia/Tutorial/1_TrainingSet/Initial/ICOND_00015/ICOND_00015/grad_1_2	2021-08-26 22:40:06.411185	Runtime: 0:00:25.731885	Error Code: 0
Error Codes:
	grad_1_1  	0	nac_1_1_1_2	0	grad_1_2  	0

>>>>>>>>>>>>> Starting the WFOVERLAP job execution
START:	/user/julia/Tutorial/1_TrainingSet/Initial/ICOND_00015/ICOND_00015/CI_CAS_1_1	2021-08-26 22:40:06.575312	"/user/julia/software/SchNarc/sharc/source/../bin/wfoverlap.x -m 500 -f wfovl.inp"
FINISH:	/user/julia/Tutorial/1_TrainingSet/Initial/ICOND_00015/ICOND_00015/CI_CAS_1_1	2021-08-26 22:40:06.639345	Runtime: 0:00:00.064033	Error Code: 0
START:	/user/julia/Tutorial/1_TrainingSet/Initial/ICOND_00015/ICOND_00015/AOoverlap	2021-08-26 22:40:06.649317	"/usr/license/molpro/molpros_2012_1_5_Linux_x86_64_i8/bin/molpro -W./ -I./ -d./ MOLPRO.input"
FINISH:	/user/julia/Tutorial/1_TrainingSet/Initial/ICOND_00015/ICOND_00015/AOoverlap	2021-08-26 22:40:07.833537	Runtime: 0:00:01.184220	Error Code: 0
START:	/user/julia/Tutorial/1_TrainingSet/Initial/ICOND_00015/ICOND_00015/WFOVL_1_1	2021-08-26 22:40:07.883035	"/user/julia/software/SchNarc/sharc/source/../bin/wfoverlap.x -m 500 -f wfovl.inp"
FINISH:	/user/julia/Tutorial/1_TrainingSet/Initial/ICOND_00015/ICOND_00015/WFOVL_1_1	2021-08-26 22:40:07.943938	Runtime: 0:00:00.060903	Error Code: 0
Error Codes:
	CI_CAS_1_1	0	WFOVL_1_1 	0

===> Results:

=> Hamiltonian Matrix:
Diagonal Shift:   -230.00
Real Part:
----------------------
|-6.574e-01            |
|           -5.185e-01 |
----------------------

=> Dipole Moment Matrices:

Polarisation X:
Real Part:
----------------------
|-1.844e-02 -2.183e-02 |
|-2.183e-02  1.930e-01 |
----------------------

Polarisation Y:
Real Part:
----------------------
| 7.567e-02 -2.192e-01 |
|-2.192e-01  7.866e-02 |
----------------------

Polarisation Z:
Real Part:
----------------------
|-1.022e-01  1.463e-02 |
| 1.463e-02  1.996e-02 |
----------------------

=> Gradient Vectors:

Singlet	1	Ms=  0.0:
1	C	-0.00616	 0.05078	 0.05047	
2	C	 0.09214	-0.11797	-0.02694	
3	C	 0.03093	-0.04036	-0.01364	
4	C	-0.05727	 0.14929	 0.02659	
5	H	-0.03126	-0.03916	-0.02530	
6	H	-0.09206	 0.11861	 0.02430	
7	H	-0.00165	 0.02193	-0.00032	
8	H	 0.00500	-0.13047	-0.00579	
9	C	 0.03447	 0.00110	-0.03101	
10	C	 0.01895	-0.01394	-0.01718	
11	H	 0.01961	 0.02613	 0.00605	
12	H	-0.01270	-0.02595	 0.01277	

Singlet	2	Ms=  0.0:
1	C	 0.08272	-0.01430	 0.05983	
2	C	-0.02394	-0.18521	-0.03381	
3	C	-0.02659	 0.08199	-0.00973	
4	C	 0.05754	 0.15426	 0.02193	
5	H	-0.02993	-0.03896	-0.02725	
6	H	-0.09269	 0.11669	 0.02466	
7	H	-0.00200	 0.02251	 0.00347	
8	H	 0.00531	-0.13150	-0.00616	
9	C	-0.12510	 0.05246	-0.04094	
10	C	 0.14675	-0.05597	 0.00475	
11	H	 0.02098	 0.02682	 0.00079	
12	H	-0.01306	-0.02880	 0.00248	

=> Analytical Non-adiabatic coupling vectors:

Singlet	States 1 - 1	Ms=  0.0:
		...is identical zero...

Singlet	States 1 - 2	Ms=  0.0:
1	C	-0.22819	 0.21154	 0.04141	
2	C	-0.03556	 0.06720	-0.03812	
3	C	 0.05215	 0.03347	 0.00035	
4	C	 0.32896	 0.05985	 0.00918	
5	H	-0.00150	 0.00607	-0.00896	
6	H	 0.00723	 0.00004	-0.00072	
7	H	-0.00444	 0.00107	 0.01045	
8	H	 0.00394	 0.00336	 0.00625	
9	C	-0.15503	-0.45161	-0.01095	
10	C	 0.03210	 0.03894	 0.00387	
11	H	-0.00507	 0.00381	-0.00328	
12	H	 0.00579	 0.00077	-0.00517	

Singlet	States 2 - 1	Ms=  0.0:
1	C	 0.22819	-0.21154	-0.04141	
2	C	 0.03556	-0.06720	 0.03812	
3	C	-0.05215	-0.03347	-0.00035	
4	C	-0.32896	-0.05985	-0.00918	
5	H	 0.00150	-0.00607	 0.00896	
6	H	-0.00723	-0.00004	 0.00072	
7	H	 0.00444	-0.00107	-0.01045	
8	H	-0.00394	-0.00336	-0.00625	
9	C	 0.15503	 0.45161	 0.01095	
10	C	-0.03210	-0.03894	-0.00387	
11	H	 0.00507	-0.00381	 0.00328	
12	H	-0.00579	-0.00077	 0.00517	

Singlet	States 2 - 2	Ms=  0.0:
		...is identical zero...

=> Overlap matrix:

Real Part:
----------------------
| 1.043e-01 -2.447e-04 |
| 3.834e-04  1.039e-01 |
----------------------

=> Wavefunction Phases:
2

 1.0  0.0
 1.0  0.0


==> Runtime:
0 Days	0 Hours	2 Minutes	44 Seconds


===> Writing output to file QM.out in SHARC Format

2021-08-26 22:40:08.080568
#================ END ================#
