! 1 Hamiltonian Matrix (2x2, complex)
2 2
-2.306573573465E+002  0.000000000000E+000  0.000000000000E+000  0.000000000000E+000 
 0.000000000000E+000  0.000000000000E+000 -2.305184787490E+002  0.000000000000E+000 

! 2 Dipole Moment Matrices (3x2x2, complex)
2 2
-1.844260000000E-002  0.000000000000E+000  2.183114609600E-002  0.000000000000E+000 
 2.183114609600E-002  0.000000000000E+000  1.929798900000E-001  0.000000000000E+000 
2 2
 7.567357000000E-002  0.000000000000E+000  2.192053982210E-001  0.000000000000E+000 
 2.192053982210E-001  0.000000000000E+000  7.866343000000E-002  0.000000000000E+000 
2 2
-1.021936400000E-001  0.000000000000E+000 -1.462620503000E-002  0.000000000000E+000 
-1.462620503000E-002  0.000000000000E+000  1.995911000000E-002  0.000000000000E+000 
! 3 Gradient Vectors (2x12x3, real)
12 3 ! 1 1 0
-6.162272000000E-003  5.077553000000E-002  5.047207800000E-002 
 9.213945200000E-002 -1.179666280000E-001 -2.693634600000E-002 
 3.093056900000E-002 -4.035624000000E-002 -1.363604800000E-002 
-5.727434900000E-002  1.492866610000E-001  2.658806500000E-002 
-3.126046500000E-002 -3.915891200000E-002 -2.529972200000E-002 
-9.206201500000E-002  1.186142030000E-001  2.430032500000E-002 
-1.649343000000E-003  2.192760400000E-002 -3.229800000000E-004 
 5.003667000000E-003 -1.304702020000E-001 -5.793943000000E-003 
 3.447186700000E-002  1.098806000000E-003 -3.100580300000E-002 
 1.895283900000E-002 -1.393533100000E-002 -1.718335800000E-002 
 1.961094200000E-002  2.613489500000E-002  6.051374000000E-003 
-1.270089100000E-002 -2.595038700000E-002  1.276635900000E-002 
12 3 ! 1 2 0
 8.272379400000E-002 -1.429972700000E-002  5.983129200000E-002 
-2.393502700000E-002 -1.852096890000E-001 -3.381406300000E-002 
-2.659000500000E-002  8.198877700000E-002 -9.734403000000E-003 
 5.754139000000E-002  1.542645240000E-001  2.192560900000E-002 
-2.993222400000E-002 -3.895829500000E-002 -2.725162300000E-002 
-9.268936600000E-002  1.166850970000E-001  2.466209500000E-002 
-2.004568000000E-003  2.251355800000E-002  3.468536000000E-003 
 5.311388000000E-003 -1.314983050000E-001 -6.161544000000E-003 
-1.250967610000E-001  5.245968900000E-002 -4.094476200000E-002 
 1.467526740000E-001 -5.596763400000E-002  4.750404000000E-003 
 2.097625000000E-002  2.681921600000E-002  7.903540000000E-004 
-1.305754600000E-002 -2.879721000000E-002  2.478104000000E-003 
! 5 Non-adiabatic couplings (ddr) (2x2x12x3, real)
12 3 ! 1 1 0 1 1 0
 0.000000000000E+000  0.000000000000E+000  0.000000000000E+000 
 0.000000000000E+000  0.000000000000E+000  0.000000000000E+000 
 0.000000000000E+000  0.000000000000E+000  0.000000000000E+000 
 0.000000000000E+000  0.000000000000E+000  0.000000000000E+000 
 0.000000000000E+000  0.000000000000E+000  0.000000000000E+000 
 0.000000000000E+000  0.000000000000E+000  0.000000000000E+000 
 0.000000000000E+000  0.000000000000E+000  0.000000000000E+000 
 0.000000000000E+000  0.000000000000E+000  0.000000000000E+000 
 0.000000000000E+000  0.000000000000E+000  0.000000000000E+000 
 0.000000000000E+000  0.000000000000E+000  0.000000000000E+000 
 0.000000000000E+000  0.000000000000E+000  0.000000000000E+000 
 0.000000000000E+000  0.000000000000E+000  0.000000000000E+000 
12 3 ! 1 1 0 1 2 0
 2.281866840000E-001 -2.115376680000E-001 -4.141099700000E-002 
 3.555600500000E-002 -6.720021400000E-002  3.811641200000E-002 
-5.215328400000E-002 -3.347130400000E-002 -3.535530000000E-004 
-3.289600210000E-001 -5.985211000000E-002 -9.178807000000E-003 
 1.497998000000E-003 -6.066668000000E-003  8.959292000000E-003 
-7.230402000000E-003 -4.176700000000E-005  7.196140000000E-004 
 4.440297000000E-003 -1.065314000000E-003 -1.045339900000E-002 
-3.938390000000E-003 -3.362533000000E-003 -6.248115000000E-003 
 1.550257290000E-001  4.516060520000E-001  1.094999700000E-002 
-3.210256000000E-002 -3.893854900000E-002 -3.873263000000E-003 
 5.065445000000E-003 -3.810012000000E-003  3.275545000000E-003 
-5.794028000000E-003 -7.706910000000E-004  5.168311000000E-003 
12 3 ! 1 2 0 1 1 0
-2.281866840000E-001  2.115376680000E-001  4.141099700000E-002 
-3.555600500000E-002  6.720021400000E-002 -3.811641200000E-002 
 5.215328400000E-002  3.347130400000E-002  3.535530000000E-004 
 3.289600210000E-001  5.985211000000E-002  9.178807000000E-003 
-1.497998000000E-003  6.066668000000E-003 -8.959292000000E-003 
 7.230402000000E-003  4.176700000000E-005 -7.196140000000E-004 
-4.440297000000E-003  1.065314000000E-003  1.045339900000E-002 
 3.938390000000E-003  3.362533000000E-003  6.248115000000E-003 
-1.550257290000E-001 -4.516060520000E-001 -1.094999700000E-002 
 3.210256000000E-002  3.893854900000E-002  3.873263000000E-003 
-5.065445000000E-003  3.810012000000E-003 -3.275545000000E-003 
 5.794028000000E-003  7.706910000000E-004 -5.168311000000E-003 
12 3 ! 1 2 0 1 2 0
 0.000000000000E+000  0.000000000000E+000  0.000000000000E+000 
 0.000000000000E+000  0.000000000000E+000  0.000000000000E+000 
 0.000000000000E+000  0.000000000000E+000  0.000000000000E+000 
 0.000000000000E+000  0.000000000000E+000  0.000000000000E+000 
 0.000000000000E+000  0.000000000000E+000  0.000000000000E+000 
 0.000000000000E+000  0.000000000000E+000  0.000000000000E+000 
 0.000000000000E+000  0.000000000000E+000  0.000000000000E+000 
 0.000000000000E+000  0.000000000000E+000  0.000000000000E+000 
 0.000000000000E+000  0.000000000000E+000  0.000000000000E+000 
 0.000000000000E+000  0.000000000000E+000  0.000000000000E+000 
 0.000000000000E+000  0.000000000000E+000  0.000000000000E+000 
 0.000000000000E+000  0.000000000000E+000  0.000000000000E+000 
! 8 Runtime
 1.111414140000E+003
