! 1 Hamiltonian Matrix (2x2, complex)
2 2
-2.306447722741E+002  0.000000000000E+000  0.000000000000E+000  0.000000000000E+000 
 0.000000000000E+000  0.000000000000E+000 -2.304722432606E+002  0.000000000000E+000 

! 2 Dipole Moment Matrices (3x2x2, complex)
2 2
-1.451315300000E-001  0.000000000000E+000 -8.310164912000E-003  0.000000000000E+000 
-8.310164912000E-003  0.000000000000E+000  2.546491000000E-001  0.000000000000E+000 
2 2
 5.456670000000E-002  0.000000000000E+000 -2.657431395480E-001  0.000000000000E+000 
-2.657431395480E-001  0.000000000000E+000  1.121423600000E-001  0.000000000000E+000 
2 2
 9.857099000000E-002  0.000000000000E+000  1.685487338500E-002  0.000000000000E+000 
 1.685487338500E-002  0.000000000000E+000  8.056748000000E-002  0.000000000000E+000 
! 3 Gradient Vectors (2x12x3, real)
12 3 ! 1 1 0
 5.649536800000E-002 -7.237342100000E-002  1.618155000000E-003 
-1.627146200000E-001  4.725175400000E-002 -1.113504300000E-002 
 1.081000860000E-001 -1.048838400000E-002  1.354526000000E-002 
 2.479200600000E-002  1.182285920000E-001 -1.044786100000E-002 
 3.415180600000E-002  6.328452500000E-002 -8.239673000000E-003 
 7.530001600000E-002 -5.718918100000E-002  2.986240000000E-004 
-7.405685700000E-002 -1.665352300000E-002  3.400123000000E-003 
-5.601989000000E-003 -5.409446600000E-002  9.359370000000E-004 
-5.075588100000E-002 -1.700081000000E-002  1.458081900000E-002 
-6.662863000000E-003 -8.741490200000E-002 -9.753391000000E-003 
-2.496115200000E-002  5.421164000000E-002  6.305046000000E-003 
 2.591407900000E-002  3.223817500000E-002 -1.107997000000E-003 
12 3 ! 1 2 0
 1.466628120000E-001 -1.385666000000E-001 -1.093801400000E-002 
-2.790054120000E-001 -1.395344100000E-002  4.364290000000E-003 
 5.554003700000E-002  1.156649520000E-001  1.636515100000E-002 
 1.370087430000E-001  1.037870350000E-001 -7.861218000000E-003 
 3.412168100000E-002  6.275488000000E-002 -9.745460000000E-003 
 7.544873100000E-002 -5.889510700000E-002 -5.442400000000E-005 
-7.375740500000E-002 -1.521953400000E-002 -4.734050000000E-004 
-6.307717000000E-003 -5.421913200000E-002  3.015071000000E-003 
-2.144173140000E-001  3.564200400000E-002  1.479498000000E-003 
 1.242520310000E-001 -1.227396150000E-001  9.851420000000E-004 
-2.429025900000E-002  5.594747700000E-002  1.197665000000E-003 
 2.474407400000E-002  2.979708200000E-002  1.665704000000E-003 
! 5 Non-adiabatic couplings (ddr) (2x2x12x3, real)
12 3 ! 1 1 0 1 1 0
 0.000000000000E+000  0.000000000000E+000  0.000000000000E+000 
 0.000000000000E+000  0.000000000000E+000  0.000000000000E+000 
 0.000000000000E+000  0.000000000000E+000  0.000000000000E+000 
 0.000000000000E+000  0.000000000000E+000  0.000000000000E+000 
 0.000000000000E+000  0.000000000000E+000  0.000000000000E+000 
 0.000000000000E+000  0.000000000000E+000  0.000000000000E+000 
 0.000000000000E+000  0.000000000000E+000  0.000000000000E+000 
 0.000000000000E+000  0.000000000000E+000  0.000000000000E+000 
 0.000000000000E+000  0.000000000000E+000  0.000000000000E+000 
 0.000000000000E+000  0.000000000000E+000  0.000000000000E+000 
 0.000000000000E+000  0.000000000000E+000  0.000000000000E+000 
 0.000000000000E+000  0.000000000000E+000  0.000000000000E+000 
12 3 ! 1 1 0 1 2 0
-2.035340510000E-001  1.237129730000E-001 -1.539773000000E-003 
-1.243616400000E-002  8.330315900000E-002  4.573631600000E-002 
 7.017545100000E-002 -3.826987700000E-002 -1.133087000000E-003 
 2.352304080000E-001  2.667162300000E-002 -3.615689300000E-002 
-3.308964000000E-003  6.649431000000E-003 -4.781973000000E-003 
 9.235390000000E-004  1.885941000000E-003 -1.340709500000E-002 
-4.606041000000E-003  3.263006000000E-003 -7.021075000000E-003 
 2.789599000000E-003  5.245351000000E-003  3.664590000000E-004 
-1.146791630000E-001 -2.855215090000E-001  1.970773300000E-002 
 2.453431100000E-002  2.905579500000E-002 -2.136558000000E-003 
-3.517391000000E-003  3.062228000000E-003  3.267258000000E-003 
 4.407799000000E-003 -5.570210000000E-004 -1.919950000000E-003 
12 3 ! 1 2 0 1 1 0
 2.035340510000E-001 -1.237129730000E-001  1.539773000000E-003 
 1.243616400000E-002 -8.330315900000E-002 -4.573631600000E-002 
-7.017545100000E-002  3.826987700000E-002  1.133087000000E-003 
-2.352304080000E-001 -2.667162300000E-002  3.615689300000E-002 
 3.308964000000E-003 -6.649431000000E-003  4.781973000000E-003 
-9.235390000000E-004 -1.885941000000E-003  1.340709500000E-002 
 4.606041000000E-003 -3.263006000000E-003  7.021075000000E-003 
-2.789599000000E-003 -5.245351000000E-003 -3.664590000000E-004 
 1.146791630000E-001  2.855215090000E-001 -1.970773300000E-002 
-2.453431100000E-002 -2.905579500000E-002  2.136558000000E-003 
 3.517391000000E-003 -3.062228000000E-003 -3.267258000000E-003 
-4.407799000000E-003  5.570210000000E-004  1.919950000000E-003 
12 3 ! 1 2 0 1 2 0
 0.000000000000E+000  0.000000000000E+000  0.000000000000E+000 
 0.000000000000E+000  0.000000000000E+000  0.000000000000E+000 
 0.000000000000E+000  0.000000000000E+000  0.000000000000E+000 
 0.000000000000E+000  0.000000000000E+000  0.000000000000E+000 
 0.000000000000E+000  0.000000000000E+000  0.000000000000E+000 
 0.000000000000E+000  0.000000000000E+000  0.000000000000E+000 
 0.000000000000E+000  0.000000000000E+000  0.000000000000E+000 
 0.000000000000E+000  0.000000000000E+000  0.000000000000E+000 
 0.000000000000E+000  0.000000000000E+000  0.000000000000E+000 
 0.000000000000E+000  0.000000000000E+000  0.000000000000E+000 
 0.000000000000E+000  0.000000000000E+000  0.000000000000E+000 
 0.000000000000E+000  0.000000000000E+000  0.000000000000E+000 
! 6 Overlap matrix (2x2, complex)
2 2
 1.552596166000E-001  0.000000000000E+000  2.961322300000E-003  0.000000000000E+000 
-4.030632000000E-003  0.000000000000E+000  1.517377422000E-001  0.000000000000E+000 

! 7 Phases
2 ! for all nmstates
 1.000000000E+000  0.000000000E+000
 1.000000000E+000  0.000000000E+000
! 8 Runtime
 1.475790170000E+002
