! 1 Hamiltonian Matrix (2x2, complex)
2 2
-2.307153585898E+002  0.000000000000E+000  0.000000000000E+000  0.000000000000E+000 
 0.000000000000E+000  0.000000000000E+000 -2.305695491653E+002  0.000000000000E+000 

! 2 Dipole Moment Matrices (3x2x2, complex)
2 2
-1.498019600000E-001  0.000000000000E+000 -7.678213964400E-002  0.000000000000E+000 
-7.678213964400E-002  0.000000000000E+000  1.533551800000E-001  0.000000000000E+000 
2 2
 4.501660000000E-002  0.000000000000E+000 -2.080865028150E-001  0.000000000000E+000 
-2.080865028150E-001  0.000000000000E+000 -9.550187000000E-002  0.000000000000E+000 
2 2
 2.603704000000E-002  0.000000000000E+000 -1.287022423800E-002  0.000000000000E+000 
-1.287022423800E-002  0.000000000000E+000  2.710775000000E-002  0.000000000000E+000 
! 3 Gradient Vectors (2x12x3, real)
12 3 ! 1 1 0
 5.501889000000E-003 -6.298115000000E-003 -1.139307000000E-003 
 2.989135400000E-002 -5.260141000000E-003  4.304692000000E-003 
-4.123320900000E-002 -8.692675000000E-003 -1.016506100000E-002 
 7.985334000000E-003 -3.412301000000E-003  1.478864000000E-003 
-1.257389000000E-002 -1.226910000000E-002 -2.253820000000E-004 
-3.000779800000E-002  2.722522900000E-002 -1.057074000000E-003 
 2.724883400000E-002  7.235129000000E-003  6.240995000000E-003 
-1.074589000000E-003 -1.435128000000E-003 -1.619819000000E-003 
 3.693166900000E-002  2.059563000000E-003  2.510647000000E-003 
-2.313289400000E-002  8.112074000000E-003 -1.812052000000E-003 
-8.566680000000E-004 -2.049301800000E-002  1.467271000000E-003 
 1.319969000000E-003  1.322848300000E-002  1.622700000000E-005 
12 3 ! 1 2 0
 1.042533030000E-001 -7.070198200000E-002 -8.704260000000E-004 
-9.220982300000E-002 -7.920135400000E-002  4.709967000000E-003 
-1.009744510000E-001  1.186650460000E-001 -1.026810800000E-002 
 1.257118820000E-001 -1.950178000000E-003  1.229399000000E-003 
-1.276261400000E-002 -1.183596000000E-002 -1.269300000000E-005 
-3.094184900000E-002  2.616180900000E-002 -1.098150000000E-003 
 2.766037000000E-002  8.557645000000E-003  5.365758000000E-003 
-1.240532000000E-003 -1.709890000000E-003 -1.035765000000E-003 
-1.214275900000E-001  4.709464200000E-002  1.887388000000E-003 
 1.013139210000E-001 -2.789615800000E-002  7.243550000000E-004 
-1.834560000000E-004 -1.832961300000E-002 -1.035155000000E-003 
 8.008390000000E-004  1.114599200000E-002  4.034310000000E-004 
! 5 Non-adiabatic couplings (ddr) (2x2x12x3, real)
12 3 ! 1 1 0 1 1 0
 0.000000000000E+000  0.000000000000E+000  0.000000000000E+000 
 0.000000000000E+000  0.000000000000E+000  0.000000000000E+000 
 0.000000000000E+000  0.000000000000E+000  0.000000000000E+000 
 0.000000000000E+000  0.000000000000E+000  0.000000000000E+000 
 0.000000000000E+000  0.000000000000E+000  0.000000000000E+000 
 0.000000000000E+000  0.000000000000E+000  0.000000000000E+000 
 0.000000000000E+000  0.000000000000E+000  0.000000000000E+000 
 0.000000000000E+000  0.000000000000E+000  0.000000000000E+000 
 0.000000000000E+000  0.000000000000E+000  0.000000000000E+000 
 0.000000000000E+000  0.000000000000E+000  0.000000000000E+000 
 0.000000000000E+000  0.000000000000E+000  0.000000000000E+000 
 0.000000000000E+000  0.000000000000E+000  0.000000000000E+000 
12 3 ! 1 1 0 1 2 0
-2.303302910000E-001  2.074652770000E-001 -3.780004000000E-003 
-4.818020900000E-002  4.953497600000E-002 -2.293430000000E-003 
 6.110197100000E-002  4.589222800000E-002 -9.351206000000E-003 
 3.238012760000E-001  3.064368500000E-002  3.502074000000E-003 
-1.049156000000E-003  4.214546000000E-003  3.422390000000E-004 
 4.290447000000E-003 -1.321251000000E-003  3.276315000000E-003 
-3.549483000000E-003  2.325837000000E-003  2.423914000000E-003 
 4.188181000000E-003  2.978539000000E-003 -4.510130000000E-004 
-1.321109520000E-001 -4.151190020000E-001  7.339485000000E-003 
 1.157408100000E-002  4.387615100000E-002 -3.137806000000E-003 
-4.330562000000E-003  2.663309000000E-003  6.605730000000E-004 
 4.914231000000E-003 -1.259370000000E-004 -6.369720000000E-004 
12 3 ! 1 2 0 1 1 0
 2.303302910000E-001 -2.074652770000E-001  3.780004000000E-003 
 4.818020900000E-002 -4.953497600000E-002  2.293430000000E-003 
-6.110197100000E-002 -4.589222800000E-002  9.351206000000E-003 
-3.238012760000E-001 -3.064368500000E-002 -3.502074000000E-003 
 1.049156000000E-003 -4.214546000000E-003 -3.422390000000E-004 
-4.290447000000E-003  1.321251000000E-003 -3.276315000000E-003 
 3.549483000000E-003 -2.325837000000E-003 -2.423914000000E-003 
-4.188181000000E-003 -2.978539000000E-003  4.510130000000E-004 
 1.321109520000E-001  4.151190020000E-001 -7.339485000000E-003 
-1.157408100000E-002 -4.387615100000E-002  3.137806000000E-003 
 4.330562000000E-003 -2.663309000000E-003 -6.605730000000E-004 
-4.914231000000E-003  1.259370000000E-004  6.369720000000E-004 
12 3 ! 1 2 0 1 2 0
 0.000000000000E+000  0.000000000000E+000  0.000000000000E+000 
 0.000000000000E+000  0.000000000000E+000  0.000000000000E+000 
 0.000000000000E+000  0.000000000000E+000  0.000000000000E+000 
 0.000000000000E+000  0.000000000000E+000  0.000000000000E+000 
 0.000000000000E+000  0.000000000000E+000  0.000000000000E+000 
 0.000000000000E+000  0.000000000000E+000  0.000000000000E+000 
 0.000000000000E+000  0.000000000000E+000  0.000000000000E+000 
 0.000000000000E+000  0.000000000000E+000  0.000000000000E+000 
 0.000000000000E+000  0.000000000000E+000  0.000000000000E+000 
 0.000000000000E+000  0.000000000000E+000  0.000000000000E+000 
 0.000000000000E+000  0.000000000000E+000  0.000000000000E+000 
 0.000000000000E+000  0.000000000000E+000  0.000000000000E+000 
! 6 Overlap matrix (2x2, complex)
2 2
 9.988738952000E-001  0.000000000000E+000 -1.174839000000E-004  0.000000000000E+000 
 1.149753000000E-004  0.000000000000E+000  9.988684708000E-001  0.000000000000E+000 

! 7 Phases
2 ! for all nmstates
 1.000000000E+000  0.000000000E+000
 1.000000000E+000  0.000000000E+000
! 8 Runtime
 1.831406330000E+002
