2021-08-25 23:21:15.792391 thorium /user/julia/Tutorial/1_TrainingSet/Initial/ICOND_00073

  ================================================================================
||                                                                                ||
||                         SHARC - MOLPRO2012 - Interface                         ||
||                                                                                ||
||                             Author: Sebastian Mai                              ||
||                                                                                ||
||                                  Version: 2.1                                  ||
||                                 Date: 01.09.19                                 ||
||                                                                                ||
  ================================================================================


==> QMin Job description for:
Initial condition ICOND_00073/

Tasks:	H	DM	Grad	Nac(ddr)	Overlaps	Phases
States: 	2 Singlet

Method:
Electrons per Multiplicity:	42
Job ID per Multiplicity:	1
Level of Theory per Job ID:
1:	SA(2+0+0)-CASSCF(6,6)/6-31G*

Found Geo! NAtom is 12.

Geometry in Bohrs:
C -0.3537 -2.4933 -0.0832 
C  2.3472 -2.6560  0.1046 
C  3.1644  0.0246 -0.1231 
C  1.1459  1.6804  0.1393 
H -1.3337 -4.1017  0.1579 
H  3.7498 -4.1592  0.1613 
H  5.1412  0.8169 -0.3803 
H  1.0823  3.3815  0.1400 
C -1.2479  0.0853  0.0290 
C -3.5988  0.7565 -0.0681 
H -3.7283  3.0547 -0.0642 
H -5.1507 -0.6096  0.0045 

Gradients:   X X 

Non-adiabatic couplings:
. X 
X . 

wfthres: 1.0
docicas: True
newstep: []
nstates: 2
unit: ['bohr']
phases: []
njobs: 1
initorbs: {1: '/user/julia/Tutorial/1_TrainingSet/Initial/ICOND_00073/SAVE/wf.1.old'}
delay: 0.0
scratchdir: /user/julia/Tutorial/1_TrainingSet/Initial/ICOND_00073/ICOND_00073
cleanup: []
wfoverlap: /user/julia/software/SchNarc/sharc/source/../bin/wfoverlap.x
template: {'gradaccudefault': 1e-05, 'gradaccumax': 0.01, 'basis': '6-31G*', 'occ': [24], 'nelec': {1: [42, 41, 42]}, 'closed': [18], 'rootpad': {1: [0, 0, 0]}, 'dkho': 0, 'roots': {1: [2, 0, 0]}}
memory: 500
multmap: {1: 1, -1: [1]}
ndocc: 0
jobs: [1]
ncore: 0
maxmult: 1
ncpu: 1
pwd: /user/julia/Tutorial/1_TrainingSet/Initial/ICOND_00073
statemap: {1: [1, 1, 0.0], 2: [1, 2, 0.0]}
molpro: /usr/license/molpro/molpros_2012_1_5_Linux_x86_64_i8/bin/
nmstates: 2
savedir: /user/julia/Tutorial/1_TrainingSet/Initial/ICOND_00073/SAVE
nacmap: [(1, 1, 1, 2)]
natom: 12
gradmap: [(1, 1), (1, 2)]
joblist: [1]


>>>>>>>>>>>>> Starting the MOLPRO job execution
START:	/user/julia/Tutorial/1_TrainingSet/Initial/ICOND_00073/ICOND_00073/integrals	2021-08-25 23:21:17.669928	"/usr/license/molpro/molpros_2012_1_5_Linux_x86_64_i8/bin/molpro -W./ -I./ -d./ MOLPRO.input"
FINISH:	/user/julia/Tutorial/1_TrainingSet/Initial/ICOND_00073/ICOND_00073/integrals	2021-08-25 23:23:37.784014	Runtime: 0:02:20.114086	Error Code: 0
Error Codes:
	integrals 	0

START:	/user/julia/Tutorial/1_TrainingSet/Initial/ICOND_00073/ICOND_00073/master_1	2021-08-25 23:23:53.718480	"/usr/license/molpro/molpros_2012_1_5_Linux_x86_64_i8/bin/molpro -W./ -I./ -d./ MOLPRO.input"
FINISH:	/user/julia/Tutorial/1_TrainingSet/Initial/ICOND_00073/ICOND_00073/master_1	2021-08-25 23:31:43.069151	Runtime: 0:07:49.350671	Error Code: 0
Error Codes:
	master_1  	0

START:	/user/julia/Tutorial/1_TrainingSet/Initial/ICOND_00073/ICOND_00073/grad_1_1	2021-08-25 23:31:57.609918	"/usr/license/molpro/molpros_2012_1_5_Linux_x86_64_i8/bin/molpro -W./ -I./ -d./ MOLPRO.input"
FINISH:	/user/julia/Tutorial/1_TrainingSet/Initial/ICOND_00073/ICOND_00073/grad_1_1	2021-08-25 23:35:18.405802	Runtime: 0:03:20.795884	Error Code: 0
START:	/user/julia/Tutorial/1_TrainingSet/Initial/ICOND_00073/ICOND_00073/nac_1_1_1_2	2021-08-25 23:35:22.235311	"/usr/license/molpro/molpros_2012_1_5_Linux_x86_64_i8/bin/molpro -W./ -I./ -d./ MOLPRO.input"
FINISH:	/user/julia/Tutorial/1_TrainingSet/Initial/ICOND_00073/ICOND_00073/nac_1_1_1_2	2021-08-25 23:36:26.701757	Runtime: 0:01:04.466446	Error Code: 0
START:	/user/julia/Tutorial/1_TrainingSet/Initial/ICOND_00073/ICOND_00073/grad_1_2	2021-08-25 23:36:34.151468	"/usr/license/molpro/molpros_2012_1_5_Linux_x86_64_i8/bin/molpro -W./ -I./ -d./ MOLPRO.input"
FINISH:	/user/julia/Tutorial/1_TrainingSet/Initial/ICOND_00073/ICOND_00073/grad_1_2	2021-08-25 23:37:38.020948	Runtime: 0:01:03.869480	Error Code: 0
Error Codes:
	grad_1_1  	0	nac_1_1_1_2	0	grad_1_2  	0

>>>>>>>>>>>>> Starting the WFOVERLAP job execution
START:	/user/julia/Tutorial/1_TrainingSet/Initial/ICOND_00073/ICOND_00073/CI_CAS_1_1	2021-08-25 23:37:38.246495	"/user/julia/software/SchNarc/sharc/source/../bin/wfoverlap.x -m 500 -f wfovl.inp"
FINISH:	/user/julia/Tutorial/1_TrainingSet/Initial/ICOND_00073/ICOND_00073/CI_CAS_1_1	2021-08-25 23:37:38.314277	Runtime: 0:00:00.067782	Error Code: 0
START:	/user/julia/Tutorial/1_TrainingSet/Initial/ICOND_00073/ICOND_00073/AOoverlap	2021-08-25 23:37:38.331860	"/usr/license/molpro/molpros_2012_1_5_Linux_x86_64_i8/bin/molpro -W./ -I./ -d./ MOLPRO.input"
FINISH:	/user/julia/Tutorial/1_TrainingSet/Initial/ICOND_00073/ICOND_00073/AOoverlap	2021-08-25 23:37:39.319380	Runtime: 0:00:00.987520	Error Code: 0
START:	/user/julia/Tutorial/1_TrainingSet/Initial/ICOND_00073/ICOND_00073/WFOVL_1_1	2021-08-25 23:37:39.375989	"/user/julia/software/SchNarc/sharc/source/../bin/wfoverlap.x -m 500 -f wfovl.inp"
FINISH:	/user/julia/Tutorial/1_TrainingSet/Initial/ICOND_00073/ICOND_00073/WFOVL_1_1	2021-08-25 23:37:39.429586	Runtime: 0:00:00.053597	Error Code: 0
Error Codes:
	CI_CAS_1_1	0	WFOVL_1_1 	0

===> Results:

=> Hamiltonian Matrix:
Diagonal Shift:   -230.00
Real Part:
----------------------
|-6.417e-01            |
|           -4.931e-01 |
----------------------

=> Dipole Moment Matrices:

Polarisation X:
Real Part:
----------------------
|-8.643e-02 -1.443e-01 |
|-1.443e-01  1.855e-01 |
----------------------

Polarisation Y:
Real Part:
----------------------
|-3.849e-02 -2.239e-01 |
|-2.239e-01 -7.286e-02 |
----------------------

Polarisation Z:
Real Part:
----------------------
| 2.735e-02 -7.726e-02 |
|-7.726e-02  1.654e-02 |
----------------------

=> Gradient Vectors:

Singlet	1	Ms=  0.0:
1	C	-0.10816	 0.00898	-0.01664	
2	C	 0.04661	-0.04499	 0.02350	
3	C	-0.01740	-0.04971	-0.01210	
4	C	 0.00407	 0.25765	 0.01720	
5	H	 0.04750	 0.04803	-0.00315	
6	H	 0.02040	 0.00021	 0.00119	
7	H	 0.03097	 0.02342	-0.00867	
8	H	-0.00078	-0.22106	 0.00287	
9	C	-0.09137	 0.01993	-0.00356	
10	C	 0.05186	-0.09419	-0.00486	
11	H	 0.02183	 0.07178	-0.00140	
12	H	-0.00553	-0.02005	 0.00562	

Singlet	2	Ms=  0.0:
1	C	-0.02503	-0.07550	-0.02208	
2	C	-0.06220	-0.10409	 0.02253	
3	C	-0.06380	 0.07639	-0.01116	
4	C	 0.10917	 0.25016	 0.01734	
5	H	 0.04882	 0.04912	 0.00110	
6	H	 0.02069	-0.00079	 0.00373	
7	H	 0.03080	 0.02412	-0.00925	
8	H	-0.00112	-0.22164	-0.00160	
9	C	-0.26092	 0.08217	-0.00638	
10	C	 0.18682	-0.13022	 0.00618	
11	H	 0.02280	 0.07263	-0.00020	
12	H	-0.00603	-0.02237	-0.00022	

=> Analytical Non-adiabatic coupling vectors:

Singlet	States 1 - 1	Ms=  0.0:
		...is identical zero...

Singlet	States 1 - 2	Ms=  0.0:
1	C	-0.25552	 0.21832	-0.01632	
2	C	-0.00353	 0.08506	-0.00314	
3	C	 0.09280	-0.04402	 0.00138	
4	C	 0.23149	 0.03238	-0.02319	
5	H	-0.00242	 0.00640	 0.00744	
6	H	 0.00705	 0.00206	 0.00624	
7	H	-0.00134	 0.00165	 0.00812	
8	H	 0.00734	 0.00613	 0.00988	
9	C	-0.06746	-0.39791	-0.00676	
10	C	-0.02655	 0.05556	 0.00482	
11	H	-0.00526	 0.00560	-0.00153	
12	H	 0.00496	 0.00095	 0.00172	

Singlet	States 2 - 1	Ms=  0.0:
1	C	 0.25552	-0.21832	 0.01632	
2	C	 0.00353	-0.08506	 0.00314	
3	C	-0.09280	 0.04402	-0.00138	
4	C	-0.23149	-0.03238	 0.02319	
5	H	 0.00242	-0.00640	-0.00744	
6	H	-0.00705	-0.00206	-0.00624	
7	H	 0.00134	-0.00165	-0.00812	
8	H	-0.00734	-0.00613	-0.00988	
9	C	 0.06746	 0.39791	 0.00676	
10	C	 0.02655	-0.05556	-0.00482	
11	H	 0.00526	-0.00560	 0.00153	
12	H	-0.00496	-0.00095	-0.00172	

Singlet	States 2 - 2	Ms=  0.0:
		...is identical zero...

=> Overlap matrix:

Real Part:
----------------------
| 2.236e-01  9.160e-03 |
|-8.893e-03  2.219e-01 |
----------------------

=> Wavefunction Phases:
2

 1.0  0.0
 1.0  0.0


==> Runtime:
0 Days	0 Hours	16 Minutes	23 Seconds


===> Writing output to file QM.out in SHARC Format

2021-08-25 23:37:39.557368
#================ END ================#
