! 1 Hamiltonian Matrix (2x2, complex)
2 2
-2.306416869659E+002  0.000000000000E+000  0.000000000000E+000  0.000000000000E+000 
 0.000000000000E+000  0.000000000000E+000 -2.304931203122E+002  0.000000000000E+000 

! 2 Dipole Moment Matrices (3x2x2, complex)
2 2
-8.643263000000E-002  0.000000000000E+000 -1.443195249930E-001  0.000000000000E+000 
-1.443195249930E-001  0.000000000000E+000  1.854683400000E-001  0.000000000000E+000 
2 2
-3.849087000000E-002  0.000000000000E+000 -2.238983480140E-001  0.000000000000E+000 
-2.238983480140E-001  0.000000000000E+000 -7.286003000000E-002  0.000000000000E+000 
2 2
 2.734903000000E-002  0.000000000000E+000 -7.726105232500E-002  0.000000000000E+000 
-7.726105232500E-002  0.000000000000E+000  1.653684000000E-002  0.000000000000E+000 
! 3 Gradient Vectors (2x12x3, real)
12 3 ! 1 1 0
-1.081641650000E-001  8.977023000000E-003 -1.664043500000E-002 
 4.660702600000E-002 -4.498905300000E-002  2.350392900000E-002 
-1.739592500000E-002 -4.971049600000E-002 -1.210210600000E-002 
 4.074055000000E-003  2.576492110000E-001  1.719605000000E-002 
 4.749676300000E-002  4.802934800000E-002 -3.154570000000E-003 
 2.040431300000E-002  2.091350000000E-004  1.188582000000E-003 
 3.097190300000E-002  2.342229900000E-002 -8.666474000000E-003 
-7.813530000000E-004 -2.210641440000E-001  2.874386000000E-003 
-9.136881200000E-002  1.993036300000E-002 -3.562179000000E-003 
 5.185756600000E-002 -9.418752900000E-002 -4.864432000000E-003 
 2.182688600000E-002  7.178473200000E-002 -1.397130000000E-003 
-5.528258000000E-003 -2.005088900000E-002  5.624378000000E-003 
12 3 ! 1 2 0
-2.502730300000E-002 -7.549809100000E-002 -2.208158000000E-002 
-6.219688000000E-002 -1.040867390000E-001  2.253101600000E-002 
-6.380305900000E-002  7.639027100000E-002 -1.115685300000E-002 
 1.091676350000E-001  2.501606640000E-001  1.733542500000E-002 
 4.881672200000E-002  4.912149500000E-002  1.095334000000E-003 
 2.068544300000E-002 -7.865410000000E-004  3.732715000000E-003 
 3.079700500000E-002  2.412275700000E-002 -9.254770000000E-003 
-1.117550000000E-003 -2.216355530000E-001 -1.596972000000E-003 
-2.609162170000E-001  8.217476100000E-002 -6.375399000000E-003 
 1.868237310000E-001 -1.302172770000E-001  6.183547000000E-003 
 2.280284100000E-002  7.262577200000E-002 -1.961090000000E-004 
-6.032368000000E-003 -2.237151900000E-002 -2.163540000000E-004 
! 5 Non-adiabatic couplings (ddr) (2x2x12x3, real)
12 3 ! 1 1 0 1 1 0
 0.000000000000E+000  0.000000000000E+000  0.000000000000E+000 
 0.000000000000E+000  0.000000000000E+000  0.000000000000E+000 
 0.000000000000E+000  0.000000000000E+000  0.000000000000E+000 
 0.000000000000E+000  0.000000000000E+000  0.000000000000E+000 
 0.000000000000E+000  0.000000000000E+000  0.000000000000E+000 
 0.000000000000E+000  0.000000000000E+000  0.000000000000E+000 
 0.000000000000E+000  0.000000000000E+000  0.000000000000E+000 
 0.000000000000E+000  0.000000000000E+000  0.000000000000E+000 
 0.000000000000E+000  0.000000000000E+000  0.000000000000E+000 
 0.000000000000E+000  0.000000000000E+000  0.000000000000E+000 
 0.000000000000E+000  0.000000000000E+000  0.000000000000E+000 
 0.000000000000E+000  0.000000000000E+000  0.000000000000E+000 
12 3 ! 1 1 0 1 2 0
-2.555232190000E-001  2.183200880000E-001 -1.632329600000E-002 
-3.534424000000E-003  8.506183700000E-002 -3.140961000000E-003 
 9.279794500000E-002 -4.401649800000E-002  1.379367000000E-003 
 2.314868680000E-001  3.238330800000E-002 -2.318684400000E-002 
-2.418216000000E-003  6.402394000000E-003  7.437776000000E-003 
 7.054433000000E-003  2.060702000000E-003  6.240583000000E-003 
-1.335699000000E-003  1.652330000000E-003  8.123555000000E-003 
 7.337834000000E-003  6.126655000000E-003  9.879090000000E-003 
-6.745523300000E-002 -3.979063040000E-001 -6.758072000000E-003 
-2.655127100000E-002  5.555658300000E-002  4.816551000000E-003 
-5.262753000000E-003  5.600325000000E-003 -1.533099000000E-003 
 4.962251000000E-003  9.512020000000E-004  1.720537000000E-003 
12 3 ! 1 2 0 1 1 0
 2.555232190000E-001 -2.183200880000E-001  1.632329600000E-002 
 3.534424000000E-003 -8.506183700000E-002  3.140961000000E-003 
-9.279794500000E-002  4.401649800000E-002 -1.379367000000E-003 
-2.314868680000E-001 -3.238330800000E-002  2.318684400000E-002 
 2.418216000000E-003 -6.402394000000E-003 -7.437776000000E-003 
-7.054433000000E-003 -2.060702000000E-003 -6.240583000000E-003 
 1.335699000000E-003 -1.652330000000E-003 -8.123555000000E-003 
-7.337834000000E-003 -6.126655000000E-003 -9.879090000000E-003 
 6.745523300000E-002  3.979063040000E-001  6.758072000000E-003 
 2.655127100000E-002 -5.555658300000E-002 -4.816551000000E-003 
 5.262753000000E-003 -5.600325000000E-003  1.533099000000E-003 
-4.962251000000E-003 -9.512020000000E-004 -1.720537000000E-003 
12 3 ! 1 2 0 1 2 0
 0.000000000000E+000  0.000000000000E+000  0.000000000000E+000 
 0.000000000000E+000  0.000000000000E+000  0.000000000000E+000 
 0.000000000000E+000  0.000000000000E+000  0.000000000000E+000 
 0.000000000000E+000  0.000000000000E+000  0.000000000000E+000 
 0.000000000000E+000  0.000000000000E+000  0.000000000000E+000 
 0.000000000000E+000  0.000000000000E+000  0.000000000000E+000 
 0.000000000000E+000  0.000000000000E+000  0.000000000000E+000 
 0.000000000000E+000  0.000000000000E+000  0.000000000000E+000 
 0.000000000000E+000  0.000000000000E+000  0.000000000000E+000 
 0.000000000000E+000  0.000000000000E+000  0.000000000000E+000 
 0.000000000000E+000  0.000000000000E+000  0.000000000000E+000 
 0.000000000000E+000  0.000000000000E+000  0.000000000000E+000 
! 6 Overlap matrix (2x2, complex)
2 2
 2.236441005000E-001  0.000000000000E+000  9.160268600000E-003  0.000000000000E+000 
-8.892690000000E-003  0.000000000000E+000  2.218665855000E-001  0.000000000000E+000 

! 7 Phases
2 ! for all nmstates
 1.000000000E+000  0.000000000E+000
 1.000000000E+000  0.000000000E+000
! 8 Runtime
 1.473015670000E+002
