! 1 Hamiltonian Matrix (2x2, complex)
2 2
-2.306952936334E+002  0.000000000000E+000  0.000000000000E+000  0.000000000000E+000 
 0.000000000000E+000  0.000000000000E+000 -2.305375137240E+002  0.000000000000E+000 

! 2 Dipole Moment Matrices (3x2x2, complex)
2 2
-1.295485400000E-001  0.000000000000E+000 -1.062196852430E-001  0.000000000000E+000 
-1.062196852430E-001  0.000000000000E+000  2.366173900000E-001  0.000000000000E+000 
2 2
 2.146953000000E-002  0.000000000000E+000 -1.538061724360E-001  0.000000000000E+000 
-1.538061724360E-001  0.000000000000E+000 -9.705372000000E-002  0.000000000000E+000 
2 2
 1.880957000000E-002  0.000000000000E+000  4.002310881800E-002  0.000000000000E+000 
 4.002310881800E-002  0.000000000000E+000 -2.329005000000E-002  0.000000000000E+000 
! 3 Gradient Vectors (2x12x3, real)
12 3 ! 1 1 0
 6.313082600000E-002  1.021190700000E-001 -8.496342000000E-003 
-7.017111000000E-003 -4.426408100000E-002 -1.154564300000E-002 
-7.423252400000E-002  4.075538100000E-002  1.536417100000E-002 
 5.921424700000E-002 -6.810337900000E-002 -8.983368000000E-003 
-2.144003100000E-002 -2.330335400000E-002  4.211331000000E-003 
-2.630597100000E-002  3.961700100000E-002  1.307458000000E-003 
-3.531446000000E-003 -1.004312100000E-002 -2.826152000000E-003 
-1.682943200000E-002 -1.299877300000E-002  4.787870000000E-004 
 1.000419900000E-002 -8.175659000000E-003  1.175018800000E-002 
 3.838785900000E-002 -3.623574000000E-002  5.281729000000E-003 
-1.165040000000E-003  3.431833000000E-002 -4.258579000000E-003 
-2.021557500000E-002 -1.368567500000E-002 -2.283581000000E-003 
12 3 ! 1 2 0
 1.652228390000E-001  2.241207700000E-002 -1.413851600000E-002 
-1.333255980000E-001 -1.084405240000E-001 -5.518272000000E-003 
-1.376311730000E-001  1.694461740000E-001  1.489671000000E-002 
 1.812056200000E-001 -6.698613100000E-002 -6.931893000000E-003 
-2.148267100000E-002 -2.330808800000E-002  5.186531000000E-003 
-2.687135100000E-002  3.789986900000E-002 -2.402280000000E-004 
-2.947727000000E-003 -8.308488000000E-003 -3.900388000000E-003 
-1.696789300000E-002 -1.273315900000E-002  1.270065000000E-003 
-1.498499640000E-001  4.229881200000E-002  8.174803000000E-003 
 1.636772130000E-001 -7.246769700000E-002  3.468558000000E-003 
-2.446220000000E-004  3.584058400000E-002 -1.966686000000E-003 
-2.078467300000E-002 -1.565343100000E-002 -3.006840000000E-004 
! 5 Non-adiabatic couplings (ddr) (2x2x12x3, real)
12 3 ! 1 1 0 1 1 0
 0.000000000000E+000  0.000000000000E+000  0.000000000000E+000 
 0.000000000000E+000  0.000000000000E+000  0.000000000000E+000 
 0.000000000000E+000  0.000000000000E+000  0.000000000000E+000 
 0.000000000000E+000  0.000000000000E+000  0.000000000000E+000 
 0.000000000000E+000  0.000000000000E+000  0.000000000000E+000 
 0.000000000000E+000  0.000000000000E+000  0.000000000000E+000 
 0.000000000000E+000  0.000000000000E+000  0.000000000000E+000 
 0.000000000000E+000  0.000000000000E+000  0.000000000000E+000 
 0.000000000000E+000  0.000000000000E+000  0.000000000000E+000 
 0.000000000000E+000  0.000000000000E+000  0.000000000000E+000 
 0.000000000000E+000  0.000000000000E+000  0.000000000000E+000 
 0.000000000000E+000  0.000000000000E+000  0.000000000000E+000 
12 3 ! 1 1 0 1 2 0
-2.710310320000E-001  2.256502240000E-001 -8.537150000000E-004 
-3.355016100000E-002  6.359202700000E-002  3.011927200000E-002 
 7.950932900000E-002  2.341714000000E-002  7.904666000000E-003 
 3.056898910000E-001  1.765968200000E-002 -1.303107100000E-002 
-1.737201000000E-003  2.847158000000E-003 -6.434620000000E-004 
 5.433828000000E-003 -2.218694000000E-003 -9.981661000000E-003 
-4.081685000000E-003  9.467380000000E-004 -8.659595000000E-003 
 4.041719000000E-003  4.233436000000E-003 -1.482504000000E-003 
-8.918877500000E-002 -4.079575490000E-001 -3.324107000000E-003 
-9.971353000000E-003  4.720033500000E-002  4.457311000000E-003 
-4.026145000000E-003  3.672163000000E-003  2.389905000000E-003 
 4.469782000000E-003  7.655580000000E-004 -1.083300000000E-003 
12 3 ! 1 2 0 1 1 0
 2.710310320000E-001 -2.256502240000E-001  8.537150000000E-004 
 3.355016100000E-002 -6.359202700000E-002 -3.011927200000E-002 
-7.950932900000E-002 -2.341714000000E-002 -7.904666000000E-003 
-3.056898910000E-001 -1.765968200000E-002  1.303107100000E-002 
 1.737201000000E-003 -2.847158000000E-003  6.434620000000E-004 
-5.433828000000E-003  2.218694000000E-003  9.981661000000E-003 
 4.081685000000E-003 -9.467380000000E-004  8.659595000000E-003 
-4.041719000000E-003 -4.233436000000E-003  1.482504000000E-003 
 8.918877500000E-002  4.079575490000E-001  3.324107000000E-003 
 9.971353000000E-003 -4.720033500000E-002 -4.457311000000E-003 
 4.026145000000E-003 -3.672163000000E-003 -2.389905000000E-003 
-4.469782000000E-003 -7.655580000000E-004  1.083300000000E-003 
12 3 ! 1 2 0 1 2 0
 0.000000000000E+000  0.000000000000E+000  0.000000000000E+000 
 0.000000000000E+000  0.000000000000E+000  0.000000000000E+000 
 0.000000000000E+000  0.000000000000E+000  0.000000000000E+000 
 0.000000000000E+000  0.000000000000E+000  0.000000000000E+000 
 0.000000000000E+000  0.000000000000E+000  0.000000000000E+000 
 0.000000000000E+000  0.000000000000E+000  0.000000000000E+000 
 0.000000000000E+000  0.000000000000E+000  0.000000000000E+000 
 0.000000000000E+000  0.000000000000E+000  0.000000000000E+000 
 0.000000000000E+000  0.000000000000E+000  0.000000000000E+000 
 0.000000000000E+000  0.000000000000E+000  0.000000000000E+000 
 0.000000000000E+000  0.000000000000E+000  0.000000000000E+000 
 0.000000000000E+000  0.000000000000E+000  0.000000000000E+000 
! 6 Overlap matrix (2x2, complex)
2 2
 4.750221465000E-001  0.000000000000E+000  5.748576900000E-003  0.000000000000E+000 
-5.877966600000E-003  0.000000000000E+000  4.739547186000E-001  0.000000000000E+000 

! 7 Phases
2 ! for all nmstates
 1.000000000E+000  0.000000000E+000
 1.000000000E+000  0.000000000E+000
! 8 Runtime
 8.258505940000E+002
