! 1 Hamiltonian Matrix (2x2, complex)
2 2
-2.307215400313E+002  0.000000000000E+000  0.000000000000E+000  0.000000000000E+000 
 0.000000000000E+000  0.000000000000E+000 -2.305723006603E+002  0.000000000000E+000 

! 2 Dipole Moment Matrices (3x2x2, complex)
2 2
-1.330699000000E-001  0.000000000000E+000 -6.968787510900E-002  0.000000000000E+000 
-6.968787510900E-002  0.000000000000E+000  1.859265300000E-001  0.000000000000E+000 
2 2
 4.097167000000E-002  0.000000000000E+000 -2.105239210060E-001  0.000000000000E+000 
-2.105239210060E-001  0.000000000000E+000 -7.313185000000E-002  0.000000000000E+000 
2 2
 9.295790000000E-003  0.000000000000E+000 -4.711332069000E-003  0.000000000000E+000 
-4.711332069000E-003  0.000000000000E+000  8.734140000000E-003  0.000000000000E+000 
! 3 Gradient Vectors (2x12x3, real)
12 3 ! 1 1 0
 1.749516000000E-003 -1.555954000000E-003 -6.386150000000E-004 
 9.682335000000E-003 -9.014430000000E-004  1.638491000000E-003 
-1.422316800000E-002 -3.174932000000E-003 -2.959346000000E-003 
 2.509087000000E-003 -7.686710000000E-004  4.157710000000E-004 
-4.285581000000E-003 -4.314432000000E-003 -5.351000000000E-005 
-9.567944000000E-003  7.986370000000E-003 -3.959220000000E-004 
 9.739578000000E-003  2.638305000000E-003  1.616924000000E-003 
-3.604540000000E-004 -5.819750000000E-004 -5.550690000000E-004 
 1.283072400000E-002  1.717160000000E-004  1.124376000000E-003 
-8.023723000000E-003  2.881382000000E-003 -8.467650000000E-004 
-4.171740000000E-004 -6.790933000000E-003  6.687740000000E-004 
 3.668040000000E-004  4.410566000000E-003 -1.510800000000E-005 
12 3 ! 1 2 0
 9.905639800000E-002 -6.826049500000E-002 -5.355430000000E-004 
-1.108887680000E-001 -7.259792400000E-002  1.688592000000E-003 
-7.346913100000E-002  1.232495500000E-001 -3.038844000000E-003 
 1.204040240000E-001  6.538170000000E-004  3.953790000000E-004 
-4.373921000000E-003 -3.891776000000E-003  4.561500000000E-005 
-1.018983200000E-002  6.822706000000E-003 -3.971950000000E-004 
 1.006350500000E-002  3.923948000000E-003  1.317113000000E-003 
-5.967670000000E-004 -8.948330000000E-004 -3.653110000000E-004 
-1.480912570000E-001  4.861222900000E-002  9.065590000000E-004 
 1.178478200000E-001 -3.516841200000E-002  7.331600000000E-005 
 3.379030000000E-004 -4.813042000000E-003 -1.392540000000E-004 
-9.997500000000E-005  2.364234000000E-003  4.957200000000E-005 
! 5 Non-adiabatic couplings (ddr) (2x2x12x3, real)
12 3 ! 1 1 0 1 1 0
 0.000000000000E+000  0.000000000000E+000  0.000000000000E+000 
 0.000000000000E+000  0.000000000000E+000  0.000000000000E+000 
 0.000000000000E+000  0.000000000000E+000  0.000000000000E+000 
 0.000000000000E+000  0.000000000000E+000  0.000000000000E+000 
 0.000000000000E+000  0.000000000000E+000  0.000000000000E+000 
 0.000000000000E+000  0.000000000000E+000  0.000000000000E+000 
 0.000000000000E+000  0.000000000000E+000  0.000000000000E+000 
 0.000000000000E+000  0.000000000000E+000  0.000000000000E+000 
 0.000000000000E+000  0.000000000000E+000  0.000000000000E+000 
 0.000000000000E+000  0.000000000000E+000  0.000000000000E+000 
 0.000000000000E+000  0.000000000000E+000  0.000000000000E+000 
 0.000000000000E+000  0.000000000000E+000  0.000000000000E+000 
12 3 ! 1 1 0 1 2 0
-2.339025520000E-001  2.018919260000E-001 -1.542966000000E-003 
-4.306196200000E-002  5.512600900000E-002 -7.650500000000E-004 
 6.471939700000E-002  3.103428300000E-002 -3.049961000000E-003 
 3.115585370000E-001  3.117240400000E-002  1.347465000000E-003 
-1.486285000000E-003  4.478014000000E-003  2.260090000000E-004 
 4.240060000000E-003 -9.065070000000E-004  1.136896000000E-003 
-3.713227000000E-003  1.946632000000E-003  8.246720000000E-004 
 4.077847000000E-003  2.898178000000E-003 -2.468460000000E-004 
-1.246667890000E-001 -4.014174130000E-001  2.255053000000E-003 
 1.235360400000E-002  4.320803900000E-002 -9.741560000000E-004 
-4.317042000000E-003  2.781166000000E-003  2.445790000000E-004 
 5.069155000000E-003 -8.720200000000E-005 -2.429300000000E-004 
12 3 ! 1 2 0 1 1 0
 2.339025520000E-001 -2.018919260000E-001  1.542966000000E-003 
 4.306196200000E-002 -5.512600900000E-002  7.650500000000E-004 
-6.471939700000E-002 -3.103428300000E-002  3.049961000000E-003 
-3.115585370000E-001 -3.117240400000E-002 -1.347465000000E-003 
 1.486285000000E-003 -4.478014000000E-003 -2.260090000000E-004 
-4.240060000000E-003  9.065070000000E-004 -1.136896000000E-003 
 3.713227000000E-003 -1.946632000000E-003 -8.246720000000E-004 
-4.077847000000E-003 -2.898178000000E-003  2.468460000000E-004 
 1.246667890000E-001  4.014174130000E-001 -2.255053000000E-003 
-1.235360400000E-002 -4.320803900000E-002  9.741560000000E-004 
 4.317042000000E-003 -2.781166000000E-003 -2.445790000000E-004 
-5.069155000000E-003  8.720200000000E-005  2.429300000000E-004 
12 3 ! 1 2 0 1 2 0
 0.000000000000E+000  0.000000000000E+000  0.000000000000E+000 
 0.000000000000E+000  0.000000000000E+000  0.000000000000E+000 
 0.000000000000E+000  0.000000000000E+000  0.000000000000E+000 
 0.000000000000E+000  0.000000000000E+000  0.000000000000E+000 
 0.000000000000E+000  0.000000000000E+000  0.000000000000E+000 
 0.000000000000E+000  0.000000000000E+000  0.000000000000E+000 
 0.000000000000E+000  0.000000000000E+000  0.000000000000E+000 
 0.000000000000E+000  0.000000000000E+000  0.000000000000E+000 
 0.000000000000E+000  0.000000000000E+000  0.000000000000E+000 
 0.000000000000E+000  0.000000000000E+000  0.000000000000E+000 
 0.000000000000E+000  0.000000000000E+000  0.000000000000E+000 
 0.000000000000E+000  0.000000000000E+000  0.000000000000E+000 
! 6 Overlap matrix (2x2, complex)
2 2
 9.987675681000E-001  0.000000000000E+000 -9.460170000000E-005  0.000000000000E+000 
 9.196850000000E-005  0.000000000000E+000  9.987617805000E-001  0.000000000000E+000 

! 7 Phases
2 ! for all nmstates
 1.000000000E+000  0.000000000E+000
 1.000000000E+000  0.000000000E+000
! 8 Runtime
 1.972925320000E+002
