2021-08-25 23:21:10.395176 tellurium3 /user/julia/Tutorial/1_TrainingSet/Initial/ICOND_00018

  ================================================================================
||                                                                                ||
||                         SHARC - MOLPRO2012 - Interface                         ||
||                                                                                ||
||                             Author: Sebastian Mai                              ||
||                                                                                ||
||                                  Version: 2.1                                  ||
||                                 Date: 01.09.19                                 ||
||                                                                                ||
  ================================================================================


==> QMin Job description for:
Initial condition ICOND_00018/

Tasks:	H	DM	Grad	Nac(ddr)	Overlaps	Phases
States: 	2 Singlet

Method:
Electrons per Multiplicity:	42
Job ID per Multiplicity:	1
Level of Theory per Job ID:
1:	SA(2+0+0)-CASSCF(6,6)/6-31G*

Found Geo! NAtom is 12.

Geometry in Bohrs:
C -0.2185 -2.6016  0.1511 
C  2.3039 -2.5686 -0.1353 
C  3.2111  0.0847 -0.1823 
C  1.1019  1.6732  0.0367 
H -1.4020 -4.1484  0.0357 
H  3.6513 -4.2814 -0.2171 
H  4.9908  0.5983 -0.6619 
H  0.8986  3.7446 -0.4360 
C -1.2132  0.0881  0.1869 
C -3.6450  0.7357  0.0376 
H -4.1672  2.8869  0.2028 
H -5.1990 -0.5845 -0.0498 

Gradients:   X X 

Non-adiabatic couplings:
. X 
X . 

wfthres: 1.0
docicas: True
newstep: []
nstates: 2
unit: ['bohr']
phases: []
njobs: 1
initorbs: {1: '/user/julia/Tutorial/1_TrainingSet/Initial/ICOND_00018/SAVE/wf.1.old'}
delay: 0.0
scratchdir: /user/julia/Tutorial/1_TrainingSet/Initial/ICOND_00018/ICOND_00018
cleanup: []
wfoverlap: /user/julia/software/SchNarc/sharc/source/../bin/wfoverlap.x
template: {'gradaccudefault': 1e-05, 'gradaccumax': 0.01, 'basis': '6-31G*', 'occ': [24], 'nelec': {1: [42, 41, 42]}, 'closed': [18], 'rootpad': {1: [0, 0, 0]}, 'dkho': 0, 'roots': {1: [2, 0, 0]}}
memory: 500
multmap: {1: 1, -1: [1]}
ndocc: 0
jobs: [1]
ncore: 0
maxmult: 1
ncpu: 1
pwd: /user/julia/Tutorial/1_TrainingSet/Initial/ICOND_00018
statemap: {1: [1, 1, 0.0], 2: [1, 2, 0.0]}
molpro: /usr/license/molpro/molpros_2012_1_5_Linux_x86_64_i8/bin/
nmstates: 2
savedir: /user/julia/Tutorial/1_TrainingSet/Initial/ICOND_00018/SAVE
nacmap: [(1, 1, 1, 2)]
natom: 12
gradmap: [(1, 1), (1, 2)]
joblist: [1]


>>>>>>>>>>>>> Starting the MOLPRO job execution
START:	/user/julia/Tutorial/1_TrainingSet/Initial/ICOND_00018/ICOND_00018/integrals	2021-08-25 23:21:11.627384	"/usr/license/molpro/molpros_2012_1_5_Linux_x86_64_i8/bin/molpro -W./ -I./ -d./ MOLPRO.input"
FINISH:	/user/julia/Tutorial/1_TrainingSet/Initial/ICOND_00018/ICOND_00018/integrals	2021-08-25 23:21:13.050510	Runtime: 0:00:01.423126	Error Code: 168
Error Codes:
	integrals 	168
Some subprocesses did not finish successfully!
2021-08-26 16:39:59.986730 polonium1 /user/julia/Tutorial/1_TrainingSet/Initial/ICOND_00018

  ================================================================================
||                                                                                ||
||                         SHARC - MOLPRO2012 - Interface                         ||
||                                                                                ||
||                             Author: Sebastian Mai                              ||
||                                                                                ||
||                                  Version: 2.1                                  ||
||                                 Date: 01.09.19                                 ||
||                                                                                ||
  ================================================================================


File /user/julia/Tutorial/1_TrainingSet/Initial/ICOND_00018/SAVE/wf.1 missing in savedir!
2021-08-26 22:37:23.910155 thorium /user/julia/Tutorial/1_TrainingSet/Initial/ICOND_00018

  ================================================================================
||                                                                                ||
||                         SHARC - MOLPRO2012 - Interface                         ||
||                                                                                ||
||                             Author: Sebastian Mai                              ||
||                                                                                ||
||                                  Version: 2.1                                  ||
||                                 Date: 01.09.19                                 ||
||                                                                                ||
  ================================================================================


==> QMin Job description for:
Initial condition ICOND_00018/

Tasks:	H	DM	Grad	Nac(ddr)	Overlaps	Phases
States: 	2 Singlet

Method:
Electrons per Multiplicity:	42
Job ID per Multiplicity:	1
Level of Theory per Job ID:
1:	SA(2+0+0)-CASSCF(6,6)/6-31G*

Found Geo! NAtom is 12.

Geometry in Bohrs:
C -0.2185 -2.6016  0.1511 
C  2.3039 -2.5686 -0.1353 
C  3.2111  0.0847 -0.1823 
C  1.1019  1.6732  0.0367 
H -1.4020 -4.1484  0.0357 
H  3.6513 -4.2814 -0.2171 
H  4.9908  0.5983 -0.6619 
H  0.8986  3.7446 -0.4360 
C -1.2132  0.0881  0.1869 
C -3.6450  0.7357  0.0376 
H -4.1672  2.8869  0.2028 
H -5.1990 -0.5845 -0.0498 

Gradients:   X X 

Non-adiabatic couplings:
. X 
X . 

wfthres: 1.0
docicas: True
newstep: []
nstates: 2
unit: ['bohr']
phases: []
njobs: 1
initorbs: {1: '/user/julia/Tutorial/1_TrainingSet/Initial/ICOND_00018/SAVE/wf.1.old'}
delay: 0.0
scratchdir: /user/julia/Tutorial/1_TrainingSet/Initial/ICOND_00018/ICOND_00018
cleanup: []
wfoverlap: /user/julia/software/SchNarc/sharc/source/../bin/wfoverlap.x
template: {'gradaccudefault': 1e-05, 'gradaccumax': 0.01, 'basis': '6-31G*', 'occ': [24], 'nelec': {1: [42, 41, 42]}, 'closed': [18], 'rootpad': {1: [0, 0, 0]}, 'dkho': 0, 'roots': {1: [2, 0, 0]}}
memory: 500
multmap: {1: 1, -1: [1]}
ndocc: 0
jobs: [1]
ncore: 0
maxmult: 1
ncpu: 1
pwd: /user/julia/Tutorial/1_TrainingSet/Initial/ICOND_00018
statemap: {1: [1, 1, 0.0], 2: [1, 2, 0.0]}
molpro: /usr/license/molpro/molpros_2012_1_5_Linux_x86_64_i8/bin/
nmstates: 2
savedir: /user/julia/Tutorial/1_TrainingSet/Initial/ICOND_00018/SAVE
nacmap: [(1, 1, 1, 2)]
natom: 12
gradmap: [(1, 1), (1, 2)]
joblist: [1]


>>>>>>>>>>>>> Starting the MOLPRO job execution
START:	/user/julia/Tutorial/1_TrainingSet/Initial/ICOND_00018/ICOND_00018/integrals	2021-08-26 22:37:24.105214	"/usr/license/molpro/molpros_2012_1_5_Linux_x86_64_i8/bin/molpro -W./ -I./ -d./ MOLPRO.input"
FINISH:	/user/julia/Tutorial/1_TrainingSet/Initial/ICOND_00018/ICOND_00018/integrals	2021-08-26 22:37:51.104644	Runtime: 0:00:26.999430	Error Code: 0
Error Codes:
	integrals 	0

START:	/user/julia/Tutorial/1_TrainingSet/Initial/ICOND_00018/ICOND_00018/master_1	2021-08-26 22:37:55.163104	"/usr/license/molpro/molpros_2012_1_5_Linux_x86_64_i8/bin/molpro -W./ -I./ -d./ MOLPRO.input"
FINISH:	/user/julia/Tutorial/1_TrainingSet/Initial/ICOND_00018/ICOND_00018/master_1	2021-08-26 22:38:39.921693	Runtime: 0:00:44.758589	Error Code: 0
Error Codes:
	master_1  	0

START:	/user/julia/Tutorial/1_TrainingSet/Initial/ICOND_00018/ICOND_00018/grad_1_1	2021-08-26 22:38:42.085432	"/usr/license/molpro/molpros_2012_1_5_Linux_x86_64_i8/bin/molpro -W./ -I./ -d./ MOLPRO.input"
FINISH:	/user/julia/Tutorial/1_TrainingSet/Initial/ICOND_00018/ICOND_00018/grad_1_1	2021-08-26 22:39:10.590624	Runtime: 0:00:28.505192	Error Code: 0
START:	/user/julia/Tutorial/1_TrainingSet/Initial/ICOND_00018/ICOND_00018/nac_1_1_1_2	2021-08-26 22:39:12.957721	"/usr/license/molpro/molpros_2012_1_5_Linux_x86_64_i8/bin/molpro -W./ -I./ -d./ MOLPRO.input"
FINISH:	/user/julia/Tutorial/1_TrainingSet/Initial/ICOND_00018/ICOND_00018/nac_1_1_1_2	2021-08-26 22:39:45.232730	Runtime: 0:00:32.275009	Error Code: 0
START:	/user/julia/Tutorial/1_TrainingSet/Initial/ICOND_00018/ICOND_00018/grad_1_2	2021-08-26 22:39:47.772515	"/usr/license/molpro/molpros_2012_1_5_Linux_x86_64_i8/bin/molpro -W./ -I./ -d./ MOLPRO.input"
FINISH:	/user/julia/Tutorial/1_TrainingSet/Initial/ICOND_00018/ICOND_00018/grad_1_2	2021-08-26 22:40:12.783596	Runtime: 0:00:25.011081	Error Code: 0
Error Codes:
	grad_1_1  	0	nac_1_1_1_2	0	grad_1_2  	0

>>>>>>>>>>>>> Starting the WFOVERLAP job execution
START:	/user/julia/Tutorial/1_TrainingSet/Initial/ICOND_00018/ICOND_00018/CI_CAS_1_1	2021-08-26 22:40:12.994866	"/user/julia/software/SchNarc/sharc/source/../bin/wfoverlap.x -m 500 -f wfovl.inp"
FINISH:	/user/julia/Tutorial/1_TrainingSet/Initial/ICOND_00018/ICOND_00018/CI_CAS_1_1	2021-08-26 22:40:13.114588	Runtime: 0:00:00.119722	Error Code: 0
START:	/user/julia/Tutorial/1_TrainingSet/Initial/ICOND_00018/ICOND_00018/AOoverlap	2021-08-26 22:40:13.150528	"/usr/license/molpro/molpros_2012_1_5_Linux_x86_64_i8/bin/molpro -W./ -I./ -d./ MOLPRO.input"
FINISH:	/user/julia/Tutorial/1_TrainingSet/Initial/ICOND_00018/ICOND_00018/AOoverlap	2021-08-26 22:40:14.212847	Runtime: 0:00:01.062319	Error Code: 0
