! 1 Hamiltonian Matrix (2x2, complex)
2 2
-2.306957890091E+002  0.000000000000E+000  0.000000000000E+000  0.000000000000E+000 
 0.000000000000E+000  0.000000000000E+000 -2.305422924966E+002  0.000000000000E+000 

! 2 Dipole Moment Matrices (3x2x2, complex)
2 2
-1.299455800000E-001  0.000000000000E+000  2.731671988100E-002  0.000000000000E+000 
 2.731671988100E-002  0.000000000000E+000  1.766633200000E-001  0.000000000000E+000 
2 2
-8.837960000000E-003  0.000000000000E+000  2.427400771720E-001  0.000000000000E+000 
 2.427400771720E-001  0.000000000000E+000 -9.616488000000E-002  0.000000000000E+000 
2 2
-1.490364100000E-001  0.000000000000E+000 -1.100147322600E-002  0.000000000000E+000 
-1.100147322600E-002  0.000000000000E+000 -1.426597500000E-001  0.000000000000E+000 
! 3 Gradient Vectors (2x12x3, real)
12 3 ! 1 1 0
 1.555183000000E-003 -3.995174800000E-002  7.892146000000E-003 
-4.111371300000E-002  2.804864900000E-002 -6.523200000000E-003 
 8.840872800000E-002 -7.474710000000E-003 -8.096077000000E-003 
-8.583909000000E-003 -1.116531900000E-002  1.725757400000E-002 
 1.974225400000E-002  2.942649800000E-002 -4.222199000000E-003 
 3.250737700000E-002 -3.744942800000E-002 -4.641570000000E-004 
-5.142811800000E-002 -1.712965000000E-002  8.289552000000E-003 
-1.322924100000E-002  3.322819300000E-002 -1.487916700000E-002 
-3.819322100000E-002  3.689723500000E-002  4.583291000000E-003 
 2.504876000000E-002 -6.700382500000E-002 -1.102275100000E-002 
-9.042904000000E-003  5.428700500000E-002  9.035595000000E-003 
-5.671196000000E-003 -1.712901000000E-003 -1.850607000000E-003 
12 3 ! 1 2 0
 9.515938500000E-002 -1.071628260000E-001 -3.774500000000E-003 
-1.561402980000E-001 -4.048511000000E-002  6.369002000000E-003 
 3.334729600000E-002  1.140338560000E-001 -5.563473000000E-003 
 1.059425360000E-001 -9.999234000000E-003  1.799717800000E-002 
 1.981039000000E-002  2.965070600000E-002 -2.519299000000E-003 
 3.222479600000E-002 -3.852421200000E-002 -5.954510000000E-004 
-5.153909100000E-002 -1.574010900000E-002  6.705427000000E-003 
-1.315234100000E-002  3.318161700000E-002 -1.438703100000E-002 
-2.079457980000E-001  8.541055100000E-002 -8.643281000000E-003 
 1.568308670000E-001 -1.024982040000E-001  1.259354000000E-003 
-8.005849000000E-003  5.605088100000E-002  3.631779000000E-003 
-6.531895000000E-003 -3.917915000000E-003 -4.797050000000E-004 
! 5 Non-adiabatic couplings (ddr) (2x2x12x3, real)
12 3 ! 1 1 0 1 1 0
 0.000000000000E+000  0.000000000000E+000  0.000000000000E+000 
 0.000000000000E+000  0.000000000000E+000  0.000000000000E+000 
 0.000000000000E+000  0.000000000000E+000  0.000000000000E+000 
 0.000000000000E+000  0.000000000000E+000  0.000000000000E+000 
 0.000000000000E+000  0.000000000000E+000  0.000000000000E+000 
 0.000000000000E+000  0.000000000000E+000  0.000000000000E+000 
 0.000000000000E+000  0.000000000000E+000  0.000000000000E+000 
 0.000000000000E+000  0.000000000000E+000  0.000000000000E+000 
 0.000000000000E+000  0.000000000000E+000  0.000000000000E+000 
 0.000000000000E+000  0.000000000000E+000  0.000000000000E+000 
 0.000000000000E+000  0.000000000000E+000  0.000000000000E+000 
 0.000000000000E+000  0.000000000000E+000  0.000000000000E+000 
12 3 ! 1 1 0 1 2 0
 1.876240570000E-001 -1.549422850000E-001 -3.440181600000E-002 
 6.317826500000E-002 -4.404720900000E-002 -5.563535000000E-003 
-6.626725600000E-002 -3.235900800000E-002 -1.526050900000E-002 
-3.172858240000E-001 -3.187692000000E-002  6.250222000000E-002 
 2.457903000000E-003 -6.529339000000E-003  1.112912000000E-003 
-2.545092000000E-003  2.653000000000E-006  6.814199000000E-003 
 4.858818000000E-003 -2.994619000000E-003 -9.166410000000E-004 
-2.954289000000E-003 -3.716581000000E-003 -2.179345000000E-003 
 1.874772920000E-001  3.423832960000E-001 -8.721306000000E-003 
-5.088420400000E-002 -2.969744900000E-002 -7.561000000000E-004 
 4.773206000000E-003 -4.316955000000E-003 -4.937091000000E-003 
-4.321003000000E-003  4.034960000000E-004  2.055135000000E-003 
12 3 ! 1 2 0 1 1 0
-1.876240570000E-001  1.549422850000E-001  3.440181600000E-002 
-6.317826500000E-002  4.404720900000E-002  5.563535000000E-003 
 6.626725600000E-002  3.235900800000E-002  1.526050900000E-002 
 3.172858240000E-001  3.187692000000E-002 -6.250222000000E-002 
-2.457903000000E-003  6.529339000000E-003 -1.112912000000E-003 
 2.545092000000E-003 -2.653000000000E-006 -6.814199000000E-003 
-4.858818000000E-003  2.994619000000E-003  9.166410000000E-004 
 2.954289000000E-003  3.716581000000E-003  2.179345000000E-003 
-1.874772920000E-001 -3.423832960000E-001  8.721306000000E-003 
 5.088420400000E-002  2.969744900000E-002  7.561000000000E-004 
-4.773206000000E-003  4.316955000000E-003  4.937091000000E-003 
 4.321003000000E-003 -4.034960000000E-004 -2.055135000000E-003 
12 3 ! 1 2 0 1 2 0
 0.000000000000E+000  0.000000000000E+000  0.000000000000E+000 
 0.000000000000E+000  0.000000000000E+000  0.000000000000E+000 
 0.000000000000E+000  0.000000000000E+000  0.000000000000E+000 
 0.000000000000E+000  0.000000000000E+000  0.000000000000E+000 
 0.000000000000E+000  0.000000000000E+000  0.000000000000E+000 
 0.000000000000E+000  0.000000000000E+000  0.000000000000E+000 
 0.000000000000E+000  0.000000000000E+000  0.000000000000E+000 
 0.000000000000E+000  0.000000000000E+000  0.000000000000E+000 
 0.000000000000E+000  0.000000000000E+000  0.000000000000E+000 
 0.000000000000E+000  0.000000000000E+000  0.000000000000E+000 
 0.000000000000E+000  0.000000000000E+000  0.000000000000E+000 
 0.000000000000E+000  0.000000000000E+000  0.000000000000E+000 
! 8 Runtime
 1.061663974000E+003
