2021-08-25 23:21:15.795216 thorium /user/julia/Tutorial/1_TrainingSet/Initial/ICOND_00053

  ================================================================================
||                                                                                ||
||                         SHARC - MOLPRO2012 - Interface                         ||
||                                                                                ||
||                             Author: Sebastian Mai                              ||
||                                                                                ||
||                                  Version: 2.1                                  ||
||                                 Date: 01.09.19                                 ||
||                                                                                ||
  ================================================================================


==> QMin Job description for:
Initial condition ICOND_00053/

Tasks:	H	DM	Grad	Nac(ddr)	Overlaps	Phases
States: 	2 Singlet

Method:
Electrons per Multiplicity:	42
Job ID per Multiplicity:	1
Level of Theory per Job ID:
1:	SA(2+0+0)-CASSCF(6,6)/6-31G*

Found Geo! NAtom is 12.

Geometry in Bohrs:
C -0.2604 -2.5119 -0.0948 
C  2.2936 -2.5251  0.0759 
C  3.2073  0.0705  0.1210 
C  1.0598  1.7096  0.0435 
H -1.6837 -4.1705 -0.4367 
H  3.4528 -4.2561  0.2805 
H  5.3891  0.4352  0.4572 
H  0.7833  3.7935 -0.2776 
C -1.1628  0.0280  0.0103 
C -3.5889  0.6424 -0.1735 
H -4.1231  2.9687  0.1425 
H -5.1468 -0.5794  0.0446 

Gradients:   X X 

Non-adiabatic couplings:
. X 
X . 

wfthres: 1.0
docicas: True
newstep: []
nstates: 2
unit: ['bohr']
phases: []
njobs: 1
initorbs: {1: '/user/julia/Tutorial/1_TrainingSet/Initial/ICOND_00053/SAVE/wf.1.old'}
delay: 0.0
scratchdir: /user/julia/Tutorial/1_TrainingSet/Initial/ICOND_00053/ICOND_00053
cleanup: []
wfoverlap: /user/julia/software/SchNarc/sharc/source/../bin/wfoverlap.x
template: {'gradaccudefault': 1e-05, 'gradaccumax': 0.01, 'basis': '6-31G*', 'occ': [24], 'nelec': {1: [42, 41, 42]}, 'closed': [18], 'rootpad': {1: [0, 0, 0]}, 'dkho': 0, 'roots': {1: [2, 0, 0]}}
memory: 500
multmap: {1: 1, -1: [1]}
ndocc: 0
jobs: [1]
ncore: 0
maxmult: 1
ncpu: 1
pwd: /user/julia/Tutorial/1_TrainingSet/Initial/ICOND_00053
statemap: {1: [1, 1, 0.0], 2: [1, 2, 0.0]}
molpro: /usr/license/molpro/molpros_2012_1_5_Linux_x86_64_i8/bin/
nmstates: 2
savedir: /user/julia/Tutorial/1_TrainingSet/Initial/ICOND_00053/SAVE
nacmap: [(1, 1, 1, 2)]
natom: 12
gradmap: [(1, 1), (1, 2)]
joblist: [1]


>>>>>>>>>>>>> Starting the MOLPRO job execution
START:	/user/julia/Tutorial/1_TrainingSet/Initial/ICOND_00053/ICOND_00053/integrals	2021-08-25 23:21:17.631128	"/usr/license/molpro/molpros_2012_1_5_Linux_x86_64_i8/bin/molpro -W./ -I./ -d./ MOLPRO.input"
FINISH:	/user/julia/Tutorial/1_TrainingSet/Initial/ICOND_00053/ICOND_00053/integrals	2021-08-25 23:23:37.654670	Runtime: 0:02:20.023542	Error Code: 0
Error Codes:
	integrals 	0

START:	/user/julia/Tutorial/1_TrainingSet/Initial/ICOND_00053/ICOND_00053/master_1	2021-08-25 23:23:52.089618	"/usr/license/molpro/molpros_2012_1_5_Linux_x86_64_i8/bin/molpro -W./ -I./ -d./ MOLPRO.input"
FINISH:	/user/julia/Tutorial/1_TrainingSet/Initial/ICOND_00053/ICOND_00053/master_1	2021-08-25 23:30:23.438803	Runtime: 0:06:31.349185	Error Code: 0
Error Codes:
	master_1  	0

START:	/user/julia/Tutorial/1_TrainingSet/Initial/ICOND_00053/ICOND_00053/grad_1_1	2021-08-25 23:30:35.491102	"/usr/license/molpro/molpros_2012_1_5_Linux_x86_64_i8/bin/molpro -W./ -I./ -d./ MOLPRO.input"
FINISH:	/user/julia/Tutorial/1_TrainingSet/Initial/ICOND_00053/ICOND_00053/grad_1_1	2021-08-25 23:34:25.731742	Runtime: 0:03:50.240640	Error Code: 0
START:	/user/julia/Tutorial/1_TrainingSet/Initial/ICOND_00053/ICOND_00053/nac_1_1_1_2	2021-08-25 23:34:31.788893	"/usr/license/molpro/molpros_2012_1_5_Linux_x86_64_i8/bin/molpro -W./ -I./ -d./ MOLPRO.input"
FINISH:	/user/julia/Tutorial/1_TrainingSet/Initial/ICOND_00053/ICOND_00053/nac_1_1_1_2	2021-08-25 23:36:00.170628	Runtime: 0:01:28.381735	Error Code: 0
START:	/user/julia/Tutorial/1_TrainingSet/Initial/ICOND_00053/ICOND_00053/grad_1_2	2021-08-25 23:36:02.642580	"/usr/license/molpro/molpros_2012_1_5_Linux_x86_64_i8/bin/molpro -W./ -I./ -d./ MOLPRO.input"
FINISH:	/user/julia/Tutorial/1_TrainingSet/Initial/ICOND_00053/ICOND_00053/grad_1_2	2021-08-25 23:37:24.096077	Runtime: 0:01:21.453497	Error Code: 0
Error Codes:
	grad_1_1  	0	nac_1_1_1_2	0	grad_1_2  	0

>>>>>>>>>>>>> Starting the WFOVERLAP job execution
START:	/user/julia/Tutorial/1_TrainingSet/Initial/ICOND_00053/ICOND_00053/CI_CAS_1_1	2021-08-25 23:37:24.872264	"/user/julia/software/SchNarc/sharc/source/../bin/wfoverlap.x -m 500 -f wfovl.inp"
FINISH:	/user/julia/Tutorial/1_TrainingSet/Initial/ICOND_00053/ICOND_00053/CI_CAS_1_1	2021-08-25 23:37:24.925961	Runtime: 0:00:00.053697	Error Code: 0
START:	/user/julia/Tutorial/1_TrainingSet/Initial/ICOND_00053/ICOND_00053/AOoverlap	2021-08-25 23:37:24.935100	"/usr/license/molpro/molpros_2012_1_5_Linux_x86_64_i8/bin/molpro -W./ -I./ -d./ MOLPRO.input"
FINISH:	/user/julia/Tutorial/1_TrainingSet/Initial/ICOND_00053/ICOND_00053/AOoverlap	2021-08-25 23:37:29.908955	Runtime: 0:00:04.973855	Error Code: 0
START:	/user/julia/Tutorial/1_TrainingSet/Initial/ICOND_00053/ICOND_00053/WFOVL_1_1	2021-08-25 23:37:29.960476	"/user/julia/software/SchNarc/sharc/source/../bin/wfoverlap.x -m 500 -f wfovl.inp"
FINISH:	/user/julia/Tutorial/1_TrainingSet/Initial/ICOND_00053/ICOND_00053/WFOVL_1_1	2021-08-25 23:37:30.089388	Runtime: 0:00:00.128912	Error Code: 0
Error Codes:
	CI_CAS_1_1	0	WFOVL_1_1 	0

===> Results:

=> Hamiltonian Matrix:
Diagonal Shift:   -230.00
Real Part:
----------------------
|-6.676e-01            |
|           -5.357e-01 |
----------------------

=> Dipole Moment Matrices:

Polarisation X:
Real Part:
----------------------
|-1.329e-01 -5.975e-02 |
|-5.975e-02  1.580e-01 |
----------------------

Polarisation Y:
Real Part:
----------------------
|-7.192e-02 -2.275e-01 |
|-2.275e-01 -1.215e-01 |
----------------------

Polarisation Z:
Real Part:
----------------------
| 4.763e-02 -1.806e-02 |
|-1.806e-02  5.877e-02 |
----------------------

=> Gradient Vectors:

Singlet	1	Ms=  0.0:
1	C	 0.03107	 0.06848	 0.00762	
2	C	-0.00109	 0.03678	-0.00492	
3	C	-0.02156	-0.04853	-0.01618	
4	C	-0.03160	 0.00352	 0.00561	
5	H	-0.04201	-0.03668	-0.01482	
6	H	 0.00884	-0.02287	 0.00691	
7	H	 0.06328	-0.00194	 0.01457	
8	H	-0.01709	 0.03310	-0.01219	
9	C	-0.01364	-0.00932	 0.01943	
10	C	 0.02950	-0.11765	-0.02774	
11	H	-0.01454	 0.08138	 0.01642	
12	H	 0.00885	 0.01373	 0.00530	

Singlet	2	Ms=  0.0:
1	C	 0.12356	-0.00871	 0.01022	
2	C	-0.12014	-0.03130	-0.00777	
3	C	-0.06975	 0.07829	-0.01333	
4	C	 0.07618	 0.00411	 0.00903	
5	H	-0.04228	-0.03689	-0.01245	
6	H	 0.00851	-0.02388	 0.00458	
7	H	 0.06438	-0.00118	 0.01194	
8	H	-0.01728	 0.03328	-0.01002	
9	C	-0.17814	 0.04156	-0.00544	
10	C	 0.16104	-0.14893	 0.00551	
11	H	-0.01383	 0.08237	 0.01108	
12	H	 0.00775	 0.01128	-0.00334	

=> Analytical Non-adiabatic coupling vectors:

Singlet	States 1 - 1	Ms=  0.0:
		...is identical zero...

Singlet	States 1 - 2	Ms=  0.0:
1	C	-0.25163	 0.22950	 0.00025	
2	C	-0.02105	 0.08595	 0.01428	
3	C	 0.07766	-0.00584	-0.01115	
4	C	 0.32827	 0.06357	 0.00099	
5	H	-0.00139	 0.00342	 0.00121	
6	H	 0.00483	 0.00003	-0.00017	
7	H	-0.00401	 0.00519	 0.00314	
8	H	 0.00130	 0.00369	-0.00162	
9	C	-0.16386	-0.46191	-0.01012	
10	C	 0.01872	 0.04514	-0.00100	
11	H	-0.00438	 0.00629	 0.00791	
12	H	 0.00483	 0.00081	-0.00615	

Singlet	States 2 - 1	Ms=  0.0:
1	C	 0.25163	-0.22950	-0.00025	
2	C	 0.02105	-0.08595	-0.01428	
3	C	-0.07766	 0.00584	 0.01115	
4	C	-0.32827	-0.06357	-0.00099	
5	H	 0.00139	-0.00342	-0.00121	
6	H	-0.00483	-0.00003	 0.00017	
7	H	 0.00401	-0.00519	-0.00314	
8	H	-0.00130	-0.00369	 0.00162	
9	C	 0.16386	 0.46191	 0.01012	
10	C	-0.01872	-0.04514	 0.00100	
11	H	 0.00438	-0.00629	-0.00791	
12	H	-0.00483	-0.00081	 0.00615	

Singlet	States 2 - 2	Ms=  0.0:
		...is identical zero...

=> Overlap matrix:

Real Part:
----------------------
| 2.778e-01  3.871e-03 |
|-3.741e-03  2.740e-01 |
----------------------

=> Wavefunction Phases:
2

 1.0  0.0
 1.0  0.0


==> Runtime:
0 Days	0 Hours	16 Minutes	14 Seconds


===> Writing output to file QM.out in SHARC Format

2021-08-25 23:37:30.230034
#================ END ================#
