! 1 Hamiltonian Matrix (2x2, complex)
2 2
-2.306676442133E+002  0.000000000000E+000  0.000000000000E+000  0.000000000000E+000 
 0.000000000000E+000  0.000000000000E+000 -2.305357358718E+002  0.000000000000E+000 

! 2 Dipole Moment Matrices (3x2x2, complex)
2 2
-1.328981700000E-001  0.000000000000E+000 -5.974779155100E-002  0.000000000000E+000 
-5.974779155100E-002  0.000000000000E+000  1.579576400000E-001  0.000000000000E+000 
2 2
-7.192359000000E-002  0.000000000000E+000 -2.274751262830E-001  0.000000000000E+000 
-2.274751262830E-001  0.000000000000E+000 -1.215263800000E-001  0.000000000000E+000 
2 2
 4.762588000000E-002  0.000000000000E+000 -1.806402477700E-002  0.000000000000E+000 
-1.806402477700E-002  0.000000000000E+000  5.876742000000E-002  0.000000000000E+000 
! 3 Gradient Vectors (2x12x3, real)
12 3 ! 1 1 0
 3.107088500000E-002  6.848236200000E-002  7.617711000000E-003 
-1.092579000000E-003  3.677868400000E-002 -4.924826000000E-003 
-2.156252600000E-002 -4.852510600000E-002 -1.618326400000E-002 
-3.160223000000E-002  3.520446000000E-003  5.612257000000E-003 
-4.201278500000E-002 -3.667774200000E-002 -1.481596700000E-002 
 8.842039000000E-003 -2.286729200000E-002  6.911666000000E-003 
 6.328321900000E-002 -1.942543000000E-003  1.456875100000E-002 
-1.708529300000E-002  3.309611900000E-002 -1.218797900000E-002 
-1.364430000000E-002 -9.322796000000E-003  1.942798000000E-002 
 2.949811200000E-002 -1.176540510000E-001 -2.774214900000E-002 
-1.453963400000E-002  8.138437400000E-002  1.641930900000E-002 
 8.845092000000E-003  1.372754500000E-002  5.296512000000E-003 
12 3 ! 1 2 0
 1.235585120000E-001 -8.708186000000E-003  1.022296500000E-002 
-1.201412500000E-001 -3.130437700000E-002 -7.770901000000E-003 
-6.974856200000E-002  7.829408900000E-002 -1.332945600000E-002 
 7.617707100000E-002  4.111401000000E-003  9.027538000000E-003 
-4.227547300000E-002 -3.689351900000E-002 -1.245340400000E-002 
 8.507707000000E-003 -2.387971000000E-002  4.584968000000E-003 
 6.437760100000E-002 -1.181822000000E-003  1.194225200000E-002 
-1.728331200000E-002  3.328259900000E-002 -1.002419900000E-002 
-1.781379380000E-001  4.156251800000E-002 -5.442292000000E-003 
 1.610424920000E-001 -1.489323090000E-001  5.506436000000E-003 
-1.383171300000E-002  8.236514800000E-002  1.107748500000E-002 
 7.754864000000E-003  1.128416600000E-002 -3.341393000000E-003 
! 5 Non-adiabatic couplings (ddr) (2x2x12x3, real)
12 3 ! 1 1 0 1 1 0
 0.000000000000E+000  0.000000000000E+000  0.000000000000E+000 
 0.000000000000E+000  0.000000000000E+000  0.000000000000E+000 
 0.000000000000E+000  0.000000000000E+000  0.000000000000E+000 
 0.000000000000E+000  0.000000000000E+000  0.000000000000E+000 
 0.000000000000E+000  0.000000000000E+000  0.000000000000E+000 
 0.000000000000E+000  0.000000000000E+000  0.000000000000E+000 
 0.000000000000E+000  0.000000000000E+000  0.000000000000E+000 
 0.000000000000E+000  0.000000000000E+000  0.000000000000E+000 
 0.000000000000E+000  0.000000000000E+000  0.000000000000E+000 
 0.000000000000E+000  0.000000000000E+000  0.000000000000E+000 
 0.000000000000E+000  0.000000000000E+000  0.000000000000E+000 
 0.000000000000E+000  0.000000000000E+000  0.000000000000E+000 
12 3 ! 1 1 0 1 2 0
-2.516335950000E-001  2.295021800000E-001  2.535970000000E-004 
-2.105047700000E-002  8.594548000000E-002  1.428376700000E-002 
 7.766205000000E-002 -5.844570000000E-003 -1.115136300000E-002 
 3.282679050000E-001  6.356624900000E-002  9.885640000000E-004 
-1.385775000000E-003  3.422958000000E-003  1.210473000000E-003 
 4.827789000000E-003  3.294600000000E-005 -1.659120000000E-004 
-4.010056000000E-003  5.191089000000E-003  3.144667000000E-003 
 1.295594000000E-003  3.694915000000E-003 -1.622264000000E-003 
-1.638560900000E-001 -4.619087210000E-001 -1.012201700000E-002 
 1.872020100000E-002  4.514195500000E-002 -1.004235000000E-003 
-4.376902000000E-003  6.287204000000E-003  7.905210000000E-003 
 4.825291000000E-003  8.125620000000E-004 -6.146667000000E-003 
12 3 ! 1 2 0 1 1 0
 2.516335950000E-001 -2.295021800000E-001 -2.535970000000E-004 
 2.105047700000E-002 -8.594548000000E-002 -1.428376700000E-002 
-7.766205000000E-002  5.844570000000E-003  1.115136300000E-002 
-3.282679050000E-001 -6.356624900000E-002 -9.885640000000E-004 
 1.385775000000E-003 -3.422958000000E-003 -1.210473000000E-003 
-4.827789000000E-003 -3.294600000000E-005  1.659120000000E-004 
 4.010056000000E-003 -5.191089000000E-003 -3.144667000000E-003 
-1.295594000000E-003 -3.694915000000E-003  1.622264000000E-003 
 1.638560900000E-001  4.619087210000E-001  1.012201700000E-002 
-1.872020100000E-002 -4.514195500000E-002  1.004235000000E-003 
 4.376902000000E-003 -6.287204000000E-003 -7.905210000000E-003 
-4.825291000000E-003 -8.125620000000E-004  6.146667000000E-003 
12 3 ! 1 2 0 1 2 0
 0.000000000000E+000  0.000000000000E+000  0.000000000000E+000 
 0.000000000000E+000  0.000000000000E+000  0.000000000000E+000 
 0.000000000000E+000  0.000000000000E+000  0.000000000000E+000 
 0.000000000000E+000  0.000000000000E+000  0.000000000000E+000 
 0.000000000000E+000  0.000000000000E+000  0.000000000000E+000 
 0.000000000000E+000  0.000000000000E+000  0.000000000000E+000 
 0.000000000000E+000  0.000000000000E+000  0.000000000000E+000 
 0.000000000000E+000  0.000000000000E+000  0.000000000000E+000 
 0.000000000000E+000  0.000000000000E+000  0.000000000000E+000 
 0.000000000000E+000  0.000000000000E+000  0.000000000000E+000 
 0.000000000000E+000  0.000000000000E+000  0.000000000000E+000 
 0.000000000000E+000  0.000000000000E+000  0.000000000000E+000 
! 6 Overlap matrix (2x2, complex)
2 2
 2.777791779000E-001  0.000000000000E+000  3.871058400000E-003  0.000000000000E+000 
-3.741401900000E-003  0.000000000000E+000  2.740314079000E-001  0.000000000000E+000 

! 7 Phases
2 ! for all nmstates
 1.000000000E+000  0.000000000E+000
 1.000000000E+000  0.000000000E+000
! 8 Runtime
 1.470949000000E+002
