! 1 Hamiltonian Matrix (2x2, complex)
2 2
-2.306918015183E+002  0.000000000000E+000  0.000000000000E+000  0.000000000000E+000 
 0.000000000000E+000  0.000000000000E+000 -2.305516570401E+002  0.000000000000E+000 

! 2 Dipole Moment Matrices (3x2x2, complex)
2 2
-1.862517000000E-001  0.000000000000E+000 -8.505584299300E-002  0.000000000000E+000 
-8.505584299300E-002  0.000000000000E+000  9.286625000000E-002  0.000000000000E+000 
2 2
 5.185214000000E-002  0.000000000000E+000 -2.037445448470E-001  0.000000000000E+000 
-2.037445448470E-001  0.000000000000E+000 -1.272952100000E-001  0.000000000000E+000 
2 2
 5.143718000000E-002  0.000000000000E+000 -2.499686595300E-002  0.000000000000E+000 
-2.499686595300E-002  0.000000000000E+000  5.656023000000E-002  0.000000000000E+000 
! 3 Gradient Vectors (2x12x3, real)
12 3 ! 1 1 0
 1.157029600000E-002 -1.711179200000E-002 -1.905080000000E-003 
 6.495154200000E-002 -2.193054800000E-002  6.970996000000E-003 
-7.967654400000E-002 -1.657287900000E-002 -2.450528800000E-002 
 1.829465200000E-002 -7.296767000000E-003  3.307412000000E-003 
-2.477118200000E-002 -2.285864600000E-002 -5.009410000000E-004 
-6.673324700000E-002  6.947466100000E-002 -1.012866000000E-003 
 4.816583100000E-002  1.318710500000E-002  1.671132200000E-002 
-2.171188000000E-003 -3.681866000000E-003 -3.287974000000E-003 
 7.432148500000E-002  6.065667000000E-003  4.318392000000E-003 
-4.878500500000E-002  1.830297800000E-002 -1.209023000000E-003 
 1.262030000000E-004 -4.640018700000E-002  5.694040000000E-004 
 4.707157000000E-003  2.882227500000E-002  5.436480000000E-004 
12 3 ! 1 2 0
 1.123463660000E-001 -7.760983100000E-002 -1.350357000000E-003 
-5.906069500000E-002 -9.893625500000E-002  8.277938000000E-003 
-1.401297300000E-001  1.116547150000E-001 -2.440681000000E-002 
 1.353959720000E-001 -6.168257000000E-003  2.161511000000E-003 
-2.510243000000E-002 -2.240682600000E-002 -1.355010000000E-004 
-6.831787600000E-002  6.852201400000E-002 -1.286165000000E-003 
 4.872694900000E-002  1.466278400000E-002  1.489212800000E-002 
-2.223019000000E-003 -3.851558000000E-003 -1.982567000000E-003 
-7.903630700000E-002  4.601252800000E-002  3.158857000000E-003 
 7.267586900000E-002 -1.480864600000E-002  3.549218000000E-003 
 6.012310000000E-004 -4.369996300000E-002 -4.556666000000E-003 
 4.123670000000E-003  2.662929400000E-002  1.678413000000E-003 
! 5 Non-adiabatic couplings (ddr) (2x2x12x3, real)
12 3 ! 1 1 0 1 1 0
 0.000000000000E+000  0.000000000000E+000  0.000000000000E+000 
 0.000000000000E+000  0.000000000000E+000  0.000000000000E+000 
 0.000000000000E+000  0.000000000000E+000  0.000000000000E+000 
 0.000000000000E+000  0.000000000000E+000  0.000000000000E+000 
 0.000000000000E+000  0.000000000000E+000  0.000000000000E+000 
 0.000000000000E+000  0.000000000000E+000  0.000000000000E+000 
 0.000000000000E+000  0.000000000000E+000  0.000000000000E+000 
 0.000000000000E+000  0.000000000000E+000  0.000000000000E+000 
 0.000000000000E+000  0.000000000000E+000  0.000000000000E+000 
 0.000000000000E+000  0.000000000000E+000  0.000000000000E+000 
 0.000000000000E+000  0.000000000000E+000  0.000000000000E+000 
 0.000000000000E+000  0.000000000000E+000  0.000000000000E+000 
12 3 ! 1 1 0 1 2 0
-2.225094860000E-001  2.152127410000E-001 -7.181496000000E-003 
-5.741589000000E-002  4.074493600000E-002 -4.704738000000E-003 
 5.540878300000E-002  7.154346700000E-002 -1.898998800000E-002 
 3.453945950000E-001  2.970002200000E-002  6.191230000000E-003 
-4.313810000000E-004  3.861003000000E-003  5.629170000000E-004 
 4.179690000000E-003 -2.134713000000E-003  6.711231000000E-003 
-3.608051000000E-003  3.018256000000E-003  4.365171000000E-003 
 4.417857000000E-003  3.104133000000E-003 -5.072550000000E-004 
-1.479047830000E-001 -4.366951590000E-001  1.637413800000E-002 
 1.197119100000E-002  4.423742900000E-002 -6.568141000000E-003 
-4.251522000000E-003  2.465409000000E-003  1.031541000000E-003 
 4.671400000000E-003 -2.288910000000E-004 -1.176896000000E-003 
12 3 ! 1 2 0 1 1 0
 2.225094860000E-001 -2.152127410000E-001  7.181496000000E-003 
 5.741589000000E-002 -4.074493600000E-002  4.704738000000E-003 
-5.540878300000E-002 -7.154346700000E-002  1.898998800000E-002 
-3.453945950000E-001 -2.970002200000E-002 -6.191230000000E-003 
 4.313810000000E-004 -3.861003000000E-003 -5.629170000000E-004 
-4.179690000000E-003  2.134713000000E-003 -6.711231000000E-003 
 3.608051000000E-003 -3.018256000000E-003 -4.365171000000E-003 
-4.417857000000E-003 -3.104133000000E-003  5.072550000000E-004 
 1.479047830000E-001  4.366951590000E-001 -1.637413800000E-002 
-1.197119100000E-002 -4.423742900000E-002  6.568141000000E-003 
 4.251522000000E-003 -2.465409000000E-003 -1.031541000000E-003 
-4.671400000000E-003  2.288910000000E-004  1.176896000000E-003 
12 3 ! 1 2 0 1 2 0
 0.000000000000E+000  0.000000000000E+000  0.000000000000E+000 
 0.000000000000E+000  0.000000000000E+000  0.000000000000E+000 
 0.000000000000E+000  0.000000000000E+000  0.000000000000E+000 
 0.000000000000E+000  0.000000000000E+000  0.000000000000E+000 
 0.000000000000E+000  0.000000000000E+000  0.000000000000E+000 
 0.000000000000E+000  0.000000000000E+000  0.000000000000E+000 
 0.000000000000E+000  0.000000000000E+000  0.000000000000E+000 
 0.000000000000E+000  0.000000000000E+000  0.000000000000E+000 
 0.000000000000E+000  0.000000000000E+000  0.000000000000E+000 
 0.000000000000E+000  0.000000000000E+000  0.000000000000E+000 
 0.000000000000E+000  0.000000000000E+000  0.000000000000E+000 
 0.000000000000E+000  0.000000000000E+000  0.000000000000E+000 
! 6 Overlap matrix (2x2, complex)
2 2
 9.987328532000E-001  0.000000000000E+000 -1.031309700000E-003  0.000000000000E+000 
 1.028034900000E-003  0.000000000000E+000  9.987266823000E-001  0.000000000000E+000 

! 7 Phases
2 ! for all nmstates
 1.000000000E+000  0.000000000E+000
 1.000000000E+000  0.000000000E+000
! 8 Runtime
 2.542940990000E+002
