! 1 Hamiltonian Matrix (2x2, complex)
2 2
-2.306809077120E+002  0.000000000000E+000  0.000000000000E+000  0.000000000000E+000 
 0.000000000000E+000  0.000000000000E+000 -2.305424905811E+002  0.000000000000E+000 

! 2 Dipole Moment Matrices (3x2x2, complex)
2 2
-1.998821600000E-001  0.000000000000E+000 -8.665157804500E-002  0.000000000000E+000 
-8.665157804500E-002  0.000000000000E+000  7.224584000000E-002  0.000000000000E+000 
2 2
 5.417029000000E-002  0.000000000000E+000 -2.020067242820E-001  0.000000000000E+000 
-2.020067242820E-001  0.000000000000E+000 -1.366009500000E-001  0.000000000000E+000 
2 2
 5.907919000000E-002  0.000000000000E+000 -2.858465252200E-002  0.000000000000E+000 
-2.858465252200E-002  0.000000000000E+000  6.563030000000E-002  0.000000000000E+000 
! 3 Gradient Vectors (2x12x3, real)
12 3 ! 1 1 0
 1.390367300000E-002 -2.067630000000E-002 -2.197140000000E-003 
 7.563675800000E-002 -2.970622000000E-002  7.183119000000E-003 
-9.063695100000E-002 -1.865148800000E-002 -2.942948200000E-002 
 2.211742900000E-002 -9.710227000000E-003  3.959102000000E-003 
-2.848840500000E-002 -2.603819100000E-002 -5.660930000000E-004 
-7.878410900000E-002  8.553396100000E-002 -5.332110000000E-004 
 5.321500800000E-002  1.490500200000E-002  2.050660800000E-002 
-2.584858000000E-003 -3.766785000000E-003 -3.837881000000E-003 
 8.573772300000E-002  7.602390000000E-003  4.891160000000E-003 
-5.732829300000E-002  2.205400900000E-002 -4.479600000000E-004 
 9.996660000000E-004 -5.541622700000E-002 -3.652740000000E-004 
 6.212358000000E-003  3.387007700000E-002  8.370530000000E-004 
12 3 ! 1 2 0
 1.152438310000E-001 -7.990764500000E-002 -1.570365000000E-003 
-4.890035400000E-002 -1.074753770000E-001  8.885389000000E-003 
-1.512970180000E-001  1.096607810000E-001 -2.920456300000E-002 
 1.390165040000E-001 -8.781630000000E-003  2.407141000000E-003 
-2.886192700000E-002 -2.557914400000E-002 -1.505820000000E-004 
-8.060657400000E-002  8.460190500000E-002 -9.306780000000E-004 
 5.382489500000E-002  1.645177200000E-002  1.838539300000E-002 
-2.602134000000E-003 -3.885801000000E-003 -2.287649000000E-003 
-6.582033900000E-002  4.600813000000E-002  3.498284000000E-003 
 6.299068900000E-002 -1.022957700000E-002  5.022626000000E-003 
 1.392937000000E-003 -5.249172600000E-002 -6.290004000000E-003 
 5.619490000000E-003  3.162831200000E-002  2.235009000000E-003 
! 5 Non-adiabatic couplings (ddr) (2x2x12x3, real)
12 3 ! 1 1 0 1 1 0
 0.000000000000E+000  0.000000000000E+000  0.000000000000E+000 
 0.000000000000E+000  0.000000000000E+000  0.000000000000E+000 
 0.000000000000E+000  0.000000000000E+000  0.000000000000E+000 
 0.000000000000E+000  0.000000000000E+000  0.000000000000E+000 
 0.000000000000E+000  0.000000000000E+000  0.000000000000E+000 
 0.000000000000E+000  0.000000000000E+000  0.000000000000E+000 
 0.000000000000E+000  0.000000000000E+000  0.000000000000E+000 
 0.000000000000E+000  0.000000000000E+000  0.000000000000E+000 
 0.000000000000E+000  0.000000000000E+000  0.000000000000E+000 
 0.000000000000E+000  0.000000000000E+000  0.000000000000E+000 
 0.000000000000E+000  0.000000000000E+000  0.000000000000E+000 
 0.000000000000E+000  0.000000000000E+000  0.000000000000E+000 
12 3 ! 1 1 0 1 2 0
-2.196431620000E-001  2.173953540000E-001 -8.149090000000E-003 
-6.040383900000E-002  3.819833800000E-002 -5.282407000000E-003 
 5.356327300000E-002  7.983409900000E-002 -2.184935900000E-002 
 3.527676850000E-001  2.916986700000E-002  6.598204000000E-003 
-2.716490000000E-004  3.755596000000E-003  6.548530000000E-004 
 4.077985000000E-003 -2.429315000000E-003  7.745458000000E-003 
-3.683142000000E-003  3.261476000000E-003  4.784754000000E-003 
 4.486927000000E-003  3.139403000000E-003 -4.207120000000E-004 
-1.538319520000E-001 -4.431180150000E-001  1.937206800000E-002 
 1.248018600000E-002  4.413620300000E-002 -7.579416000000E-003 
-4.201868000000E-003  2.403704000000E-003  1.089492000000E-003 
 4.593826000000E-003 -2.694100000000E-004 -1.348263000000E-003 
12 3 ! 1 2 0 1 1 0
 2.196431620000E-001 -2.173953540000E-001  8.149090000000E-003 
 6.040383900000E-002 -3.819833800000E-002  5.282407000000E-003 
-5.356327300000E-002 -7.983409900000E-002  2.184935900000E-002 
-3.527676850000E-001 -2.916986700000E-002 -6.598204000000E-003 
 2.716490000000E-004 -3.755596000000E-003 -6.548530000000E-004 
-4.077985000000E-003  2.429315000000E-003 -7.745458000000E-003 
 3.683142000000E-003 -3.261476000000E-003 -4.784754000000E-003 
-4.486927000000E-003 -3.139403000000E-003  4.207120000000E-004 
 1.538319520000E-001  4.431180150000E-001 -1.937206800000E-002 
-1.248018600000E-002 -4.413620300000E-002  7.579416000000E-003 
 4.201868000000E-003 -2.403704000000E-003 -1.089492000000E-003 
-4.593826000000E-003  2.694100000000E-004  1.348263000000E-003 
12 3 ! 1 2 0 1 2 0
 0.000000000000E+000  0.000000000000E+000  0.000000000000E+000 
 0.000000000000E+000  0.000000000000E+000  0.000000000000E+000 
 0.000000000000E+000  0.000000000000E+000  0.000000000000E+000 
 0.000000000000E+000  0.000000000000E+000  0.000000000000E+000 
 0.000000000000E+000  0.000000000000E+000  0.000000000000E+000 
 0.000000000000E+000  0.000000000000E+000  0.000000000000E+000 
 0.000000000000E+000  0.000000000000E+000  0.000000000000E+000 
 0.000000000000E+000  0.000000000000E+000  0.000000000000E+000 
 0.000000000000E+000  0.000000000000E+000  0.000000000000E+000 
 0.000000000000E+000  0.000000000000E+000  0.000000000000E+000 
 0.000000000000E+000  0.000000000000E+000  0.000000000000E+000 
 0.000000000000E+000  0.000000000000E+000  0.000000000000E+000 
! 6 Overlap matrix (2x2, complex)
2 2
 9.987442516000E-001  0.000000000000E+000 -7.646152000000E-004  0.000000000000E+000 
 7.621505000000E-004  0.000000000000E+000  9.987374207000E-001  0.000000000000E+000 

! 7 Phases
2 ! for all nmstates
 1.000000000E+000  0.000000000E+000
 1.000000000E+000  0.000000000E+000
! 8 Runtime
 1.208439800000E+002
