2021-08-26 02:41:32.993998 fermium /global/julia/Fulvene/Interpolation_Geometry1/Calc_22

  ================================================================================
||                                                                                ||
||                         SHARC - MOLPRO2012 - Interface                         ||
||                                                                                ||
||                             Author: Sebastian Mai                              ||
||                                                                                ||
||                                  Version: 2.1                                  ||
||                                 Date: 01.09.19                                 ||
||                                                                                ||
  ================================================================================


==> QMin Job description for:
tmp.pdb

Tasks:	H	DM	Grad	Nac(ddr)	Overlaps	Phases
States: 	2 Singlet

Method:
Electrons per Multiplicity:	42
Job ID per Multiplicity:	1
Level of Theory per Job ID:
1:	SA(2+0+0)-CASSCF(6,6)/6-31G*

Found Geo! NAtom is 12.

Geometry in Bohrs:
C -0.2030 -2.6430 -0.0390 
C  2.3580 -2.4680  0.0440 
C  3.1620  0.1470 -0.0780 
C  1.1380  1.6600 -0.0820 
H -1.4970 -4.3020 -0.0400 
H  3.3720 -4.0440 -0.0030 
H  5.2260  0.7600  0.2330 
H  1.0510  3.6730 -0.1930 
C -1.0760  0.0180 -0.0460 
C -3.5990  0.7220 -0.0010 
H -4.2150  2.5660  0.1890 
H -5.1820 -0.4870  0.0170 

Gradients:   X X 

Non-adiabatic couplings:
. X 
X . 

wfthres: 1.0
docicas: True
newstep: []
nstates: 2
unit: ['bohr']
phases: []
njobs: 1
initorbs: {1: '/global/julia/Fulvene/Interpolation_Geometry1/Calc_22/SAVEDIR/wf.1.old'}
delay: 0.0
scratchdir: /public/fermium/scratch/tmp/julia.91780
wfoverlap: /user/julia/software/SchNarc/sharc/bin/wfoverlap.x
template: {'gradaccudefault': 1e-05, 'gradaccumax': 0.01, 'basis': '6-31G*', 'occ': [24], 'nelec': {1: [42, 41, 42]}, 'closed': [18], 'rootpad': {1: [0, 0, 0]}, 'dkho': 0, 'roots': {1: [2, 0, 0]}}
memory: 2000
multmap: {1: 1, -1: [1]}
ndocc: 0
jobs: [1]
ncore: 0
maxmult: 1
ncpu: 1
pwd: /global/julia/Fulvene/Interpolation_Geometry1/Calc_22
statemap: {1: [1, 1, 0.0], 2: [1, 2, 0.0]}
molpro: /usr/license/molpro/molpros_2012_1_5_Linux_x86_64_i8/bin/
nmstates: 2
savedir: /global/julia/Fulvene/Interpolation_Geometry1/Calc_22/SAVEDIR
nacmap: [(1, 1, 1, 2)]
natom: 12
gradmap: [(1, 1), (1, 2)]
joblist: [1]


>>>>>>>>>>>>> Starting the MOLPRO job execution
START:	/public/fermium/scratch/tmp/julia.91780/integrals	2021-08-26 02:41:49.621241	"/usr/license/molpro/molpros_2012_1_5_Linux_x86_64_i8/bin/molpro -W./ -I./ -d./ MOLPRO.input"
FINISH:	/public/fermium/scratch/tmp/julia.91780/integrals	2021-08-26 02:41:59.557407	Runtime: 0:00:09.936166	Error Code: 0
Error Codes:
	integrals 	0

START:	/public/fermium/scratch/tmp/julia.91780/master_1	2021-08-26 02:42:11.386388	"/usr/license/molpro/molpros_2012_1_5_Linux_x86_64_i8/bin/molpro -W./ -I./ -d./ MOLPRO.input"
FINISH:	/public/fermium/scratch/tmp/julia.91780/master_1	2021-08-26 02:42:30.256070	Runtime: 0:00:18.869682	Error Code: 0
Error Codes:
	master_1  	0

START:	/public/fermium/scratch/tmp/julia.91780/grad_1_1	2021-08-26 02:42:30.949477	"/usr/license/molpro/molpros_2012_1_5_Linux_x86_64_i8/bin/molpro -W./ -I./ -d./ MOLPRO.input"
FINISH:	/public/fermium/scratch/tmp/julia.91780/grad_1_1	2021-08-26 02:42:49.099089	Runtime: 0:00:18.149612	Error Code: 0
START:	/public/fermium/scratch/tmp/julia.91780/nac_1_1_1_2	2021-08-26 02:42:55.802543	"/usr/license/molpro/molpros_2012_1_5_Linux_x86_64_i8/bin/molpro -W./ -I./ -d./ MOLPRO.input"
FINISH:	/public/fermium/scratch/tmp/julia.91780/nac_1_1_1_2	2021-08-26 02:43:18.201769	Runtime: 0:00:22.399226	Error Code: 0
START:	/public/fermium/scratch/tmp/julia.91780/grad_1_2	2021-08-26 02:43:20.733938	"/usr/license/molpro/molpros_2012_1_5_Linux_x86_64_i8/bin/molpro -W./ -I./ -d./ MOLPRO.input"
FINISH:	/public/fermium/scratch/tmp/julia.91780/grad_1_2	2021-08-26 02:43:35.411692	Runtime: 0:00:14.677754	Error Code: 0
Error Codes:
	grad_1_1  	0	nac_1_1_1_2	0	grad_1_2  	0

>>>>>>>>>>>>> Starting the WFOVERLAP job execution
START:	/public/fermium/scratch/tmp/julia.91780/CI_CAS_1_1	2021-08-26 02:43:40.993076	"/user/julia/software/SchNarc/sharc/bin/wfoverlap.x -m 2000 -f wfovl.inp"
FINISH:	/public/fermium/scratch/tmp/julia.91780/CI_CAS_1_1	2021-08-26 02:43:42.365805	Runtime: 0:00:01.372729	Error Code: 0
START:	/public/fermium/scratch/tmp/julia.91780/AOoverlap	2021-08-26 02:43:42.373719	"/usr/license/molpro/molpros_2012_1_5_Linux_x86_64_i8/bin/molpro -W./ -I./ -d./ MOLPRO.input"
FINISH:	/public/fermium/scratch/tmp/julia.91780/AOoverlap	2021-08-26 02:43:43.272510	Runtime: 0:00:00.898791	Error Code: 0
START:	/public/fermium/scratch/tmp/julia.91780/WFOVL_1_1	2021-08-26 02:43:50.863809	"/user/julia/software/SchNarc/sharc/bin/wfoverlap.x -m 2000 -f wfovl.inp"
FINISH:	/public/fermium/scratch/tmp/julia.91780/WFOVL_1_1	2021-08-26 02:44:06.937932	Runtime: 0:00:16.074123	Error Code: 0
Error Codes:
	CI_CAS_1_1	0	WFOVL_1_1 	0

===> Results:

=> Hamiltonian Matrix:
Diagonal Shift:   -230.00
Real Part:
----------------------
|-6.987e-01            |
|           -5.573e-01 |
----------------------

=> Dipole Moment Matrices:

Polarisation X:
Real Part:
----------------------
|-1.774e-01 -8.340e-02 |
|-8.340e-02  1.074e-01 |
----------------------

Polarisation Y:
Real Part:
----------------------
| 5.040e-02 -2.050e-01 |
|-2.050e-01 -1.201e-01 |
----------------------

Polarisation Z:
Real Part:
----------------------
| 4.595e-02 -2.260e-02 |
|-2.260e-02  4.980e-02 |
----------------------

=> Gradient Vectors:

Singlet	1	Ms=  0.0:
1	C	 0.01047	-0.01401	-0.00184	
2	C	 0.05641	-0.01610	 0.00668	
3	C	-0.07187	-0.01526	-0.02111	
4	C	 0.01572	-0.00682	 0.00291	
5	H	-0.02224	-0.02080	-0.00044	
6	H	-0.05764	 0.05801	-0.00122	
7	H	 0.04433	 0.01206	 0.01413	
8	H	-0.00190	-0.00294	-0.00294	
9	C	 0.06594	 0.00490	 0.00405	
10	C	-0.04260	 0.01621	-0.00161	
11	H	-0.00029	-0.04031	 0.00101	
12	H	 0.00365	 0.02505	 0.00038	

Singlet	2	Ms=  0.0:
1	C	 0.11081	-0.07543	-0.00134	
2	C	-0.06724	-0.09253	 0.00775	
3	C	-0.13217	 0.11292	-0.02107	
4	C	 0.13304	-0.00555	 0.00201	
5	H	-0.02254	-0.02036	-0.00009	
6	H	-0.05906	 0.05703	-0.00143	
7	H	 0.04486	 0.01349	 0.01251	
8	H	-0.00198	-0.00313	-0.00181	
9	C	-0.08866	 0.04602	 0.00296	
10	C	 0.07961	-0.01758	 0.00271	
11	H	 0.00024	-0.03776	-0.00351	
12	H	 0.00308	 0.02289	 0.00131	

=> Analytical Non-adiabatic coupling vectors:

Singlet	States 1 - 1	Ms=  0.0:
		...is identical zero...

Singlet	States 1 - 2	Ms=  0.0:
1	C	-0.22478	 0.21377	-0.00644	
2	C	-0.05522	 0.04287	-0.00415	
3	C	 0.05681	 0.06545	-0.01692	
4	C	 0.34044	 0.03002	 0.00562	
5	H	-0.00056	 0.00393	 0.00054	
6	H	 0.00423	-0.00192	 0.00597	
7	H	-0.00357	 0.00285	 0.00403	
8	H	 0.00436	 0.00307	-0.00053	
9	C	-0.14393	-0.43226	 0.01420	
10	C	 0.01174	 0.04428	-0.00578	
11	H	-0.00428	 0.00251	 0.00100	
12	H	 0.00473	-0.00020	-0.00108	

Singlet	States 2 - 1	Ms=  0.0:
1	C	 0.22478	-0.21377	 0.00644	
2	C	 0.05522	-0.04287	 0.00415	
3	C	-0.05681	-0.06545	 0.01692	
4	C	-0.34044	-0.03002	-0.00562	
5	H	 0.00056	-0.00393	-0.00054	
6	H	-0.00423	 0.00192	-0.00597	
7	H	 0.00357	-0.00285	-0.00403	
8	H	-0.00436	-0.00307	 0.00053	
9	C	 0.14393	 0.43226	-0.01420	
10	C	-0.01174	-0.04428	 0.00578	
11	H	 0.00428	-0.00251	-0.00100	
12	H	-0.00473	 0.00020	 0.00108	

Singlet	States 2 - 2	Ms=  0.0:
		...is identical zero...

=> Overlap matrix:

Real Part:
----------------------
| 9.988e-01 -9.726e-04 |
| 9.712e-04  9.987e-01 |
----------------------

=> Wavefunction Phases:
2

 1.0  0.0
 1.0  0.0


==> Runtime:
0 Days	0 Hours	2 Minutes	35 Seconds


===> Writing output to file QM.out in SHARC Format

2021-08-26 02:44:15.659343
#================ END ================#
