! 1 Hamiltonian Matrix (2x2, complex)
2 2
-2.306986822064E+002  0.000000000000E+000  0.000000000000E+000  0.000000000000E+000 
 0.000000000000E+000  0.000000000000E+000 -2.305573249026E+002  0.000000000000E+000 

! 2 Dipole Moment Matrices (3x2x2, complex)
2 2
-1.774366800000E-001  0.000000000000E+000 -8.340250165100E-002  0.000000000000E+000 
-8.340250165100E-002  0.000000000000E+000  1.073693600000E-001  0.000000000000E+000 
2 2
 5.039767000000E-002  0.000000000000E+000 -2.050034379570E-001  0.000000000000E+000 
-2.050034379570E-001  0.000000000000E+000 -1.200545900000E-001  0.000000000000E+000 
2 2
 4.595420000000E-002  0.000000000000E+000 -2.260484269700E-002  0.000000000000E+000 
-2.260484269700E-002  0.000000000000E+000  4.980372000000E-002  0.000000000000E+000 
! 3 Gradient Vectors (2x12x3, real)
12 3 ! 1 1 0
 1.046764000000E-002 -1.400597700000E-002 -1.838096000000E-003 
 5.640842600000E-002 -1.609560100000E-002  6.677107000000E-003 
-7.186557800000E-002 -1.526352100000E-002 -2.111066000000E-002 
 1.572353000000E-002 -6.815075000000E-003  2.908228000000E-003 
-2.223884800000E-002 -2.080108900000E-002 -4.388440000000E-004 
-5.764209000000E-002  5.800632500000E-002 -1.218639000000E-003 
 4.433427300000E-002  1.206368400000E-002  1.412851700000E-002 
-1.898220000000E-003 -2.935164000000E-003 -2.938942000000E-003 
 6.593947600000E-002  4.901573000000E-003  4.046034000000E-003 
-4.259699200000E-002  1.620853100000E-002 -1.605249000000E-003 
-2.857650000000E-004 -4.031385600000E-002  1.011561000000E-003 
 3.654146000000E-003  2.505017000000E-002  3.789830000000E-004 
12 3 ! 1 2 0
 1.108080210000E-001 -7.543364200000E-002 -1.342903000000E-003 
-6.723576800000E-002 -9.253151000000E-002  7.748103000000E-003 
-1.321731710000E-001  1.129156190000E-001 -2.106796400000E-002 
 1.330439570000E-001 -5.554289000000E-003  2.008319000000E-003 
-2.254021700000E-002 -2.035506000000E-002 -9.259300000000E-005 
-5.906204200000E-002  5.703464900000E-002 -1.426461000000E-003 
 4.485870900000E-002  1.349247400000E-002  1.251498000000E-002 
-1.975631000000E-003 -3.134681000000E-003 -1.807152000000E-003 
-8.865800800000E-002  4.601744800000E-002  2.958002000000E-003 
 7.960769100000E-002 -1.758262000000E-002  2.714602000000E-003 
 2.434320000000E-004 -3.775971100000E-002 -3.514045000000E-003 
 3.083027000000E-003  2.289132200000E-002  1.307110000000E-003 
! 5 Non-adiabatic couplings (ddr) (2x2x12x3, real)
12 3 ! 1 1 0 1 1 0
 0.000000000000E+000  0.000000000000E+000  0.000000000000E+000 
 0.000000000000E+000  0.000000000000E+000  0.000000000000E+000 
 0.000000000000E+000  0.000000000000E+000  0.000000000000E+000 
 0.000000000000E+000  0.000000000000E+000  0.000000000000E+000 
 0.000000000000E+000  0.000000000000E+000  0.000000000000E+000 
 0.000000000000E+000  0.000000000000E+000  0.000000000000E+000 
 0.000000000000E+000  0.000000000000E+000  0.000000000000E+000 
 0.000000000000E+000  0.000000000000E+000  0.000000000000E+000 
 0.000000000000E+000  0.000000000000E+000  0.000000000000E+000 
 0.000000000000E+000  0.000000000000E+000  0.000000000000E+000 
 0.000000000000E+000  0.000000000000E+000  0.000000000000E+000 
 0.000000000000E+000  0.000000000000E+000  0.000000000000E+000 
12 3 ! 1 1 0 1 2 0
-2.247784900000E-001  2.137675020000E-001 -6.443147000000E-003 
-5.522216600000E-002  4.287406700000E-002 -4.147380000000E-003 
 5.681473100000E-002  6.544958300000E-002 -1.692423000000E-002 
 3.404380120000E-001  3.001871200000E-002  5.619047000000E-003 
-5.638710000000E-004  3.933199000000E-003  5.361740000000E-004 
 4.231618000000E-003 -1.921748000000E-003  5.974505000000E-003 
-3.565828000000E-003  2.852397000000E-003  4.025400000000E-003 
 4.362550000000E-003  3.066561000000E-003 -5.272440000000E-004 
-1.439269690000E-001 -4.322598000000E-001  1.419872400000E-002 
 1.174303300000E-002  4.428436000000E-002 -5.778342000000E-003 
-4.279632000000E-003  2.505380000000E-003  9.954450000000E-004 
 4.734160000000E-003 -1.993700000000E-004 -1.082507000000E-003 
12 3 ! 1 2 0 1 1 0
 2.247784900000E-001 -2.137675020000E-001  6.443147000000E-003 
 5.522216600000E-002 -4.287406700000E-002  4.147380000000E-003 
-5.681473100000E-002 -6.544958300000E-002  1.692423000000E-002 
-3.404380120000E-001 -3.001871200000E-002 -5.619047000000E-003 
 5.638710000000E-004 -3.933199000000E-003 -5.361740000000E-004 
-4.231618000000E-003  1.921748000000E-003 -5.974505000000E-003 
 3.565828000000E-003 -2.852397000000E-003 -4.025400000000E-003 
-4.362550000000E-003 -3.066561000000E-003  5.272440000000E-004 
 1.439269690000E-001  4.322598000000E-001 -1.419872400000E-002 
-1.174303300000E-002 -4.428436000000E-002  5.778342000000E-003 
 4.279632000000E-003 -2.505380000000E-003 -9.954450000000E-004 
-4.734160000000E-003  1.993700000000E-004  1.082507000000E-003 
12 3 ! 1 2 0 1 2 0
 0.000000000000E+000  0.000000000000E+000  0.000000000000E+000 
 0.000000000000E+000  0.000000000000E+000  0.000000000000E+000 
 0.000000000000E+000  0.000000000000E+000  0.000000000000E+000 
 0.000000000000E+000  0.000000000000E+000  0.000000000000E+000 
 0.000000000000E+000  0.000000000000E+000  0.000000000000E+000 
 0.000000000000E+000  0.000000000000E+000  0.000000000000E+000 
 0.000000000000E+000  0.000000000000E+000  0.000000000000E+000 
 0.000000000000E+000  0.000000000000E+000  0.000000000000E+000 
 0.000000000000E+000  0.000000000000E+000  0.000000000000E+000 
 0.000000000000E+000  0.000000000000E+000  0.000000000000E+000 
 0.000000000000E+000  0.000000000000E+000  0.000000000000E+000 
 0.000000000000E+000  0.000000000000E+000  0.000000000000E+000 
! 6 Overlap matrix (2x2, complex)
2 2
 9.987509677000E-001  0.000000000000E+000 -9.726126000000E-004  0.000000000000E+000 
 9.711764000000E-004  0.000000000000E+000  9.987480070000E-001  0.000000000000E+000 

! 7 Phases
2 ! for all nmstates
 1.000000000E+000  0.000000000E+000
 1.000000000E+000  0.000000000E+000
! 8 Runtime
 1.551836360000E+002
