2021-08-25 23:21:18.927350 fermium /user/julia/Tutorial/1_TrainingSet/Initial/ICOND_00032

  ================================================================================
||                                                                                ||
||                         SHARC - MOLPRO2012 - Interface                         ||
||                                                                                ||
||                             Author: Sebastian Mai                              ||
||                                                                                ||
||                                  Version: 2.1                                  ||
||                                 Date: 01.09.19                                 ||
||                                                                                ||
  ================================================================================


==> QMin Job description for:
Initial condition ICOND_00032/

Tasks:	H	DM	Grad	Nac(ddr)	Overlaps	Phases
States: 	2 Singlet

Method:
Electrons per Multiplicity:	42
Job ID per Multiplicity:	1
Level of Theory per Job ID:
1:	SA(2+0+0)-CASSCF(6,6)/6-31G*

Found Geo! NAtom is 12.

Geometry in Bohrs:
C -0.1534 -2.5946  0.0643 
C  2.3737 -2.5247 -0.0349 
C  3.2099  0.0752 -0.0848 
C  1.0006  1.6158  0.1238 
H -1.2427 -4.5000 -0.0636 
H  3.5622 -4.0228  0.0954 
H  5.0706  0.3723  0.1079 
H  0.7369  3.7159  0.1254 
C -1.1711 -0.0314  0.0527 
C -3.6877  0.9069 -0.1301 
H -4.6254  2.7997 -0.1681 
H -5.1090 -0.5730  0.0101 

Gradients:   X X 

Non-adiabatic couplings:
. X 
X . 

wfthres: 1.0
docicas: True
newstep: []
nstates: 2
unit: ['bohr']
phases: []
njobs: 1
initorbs: {1: '/user/julia/Tutorial/1_TrainingSet/Initial/ICOND_00032/SAVE/wf.1.old'}
delay: 0.0
scratchdir: /user/julia/Tutorial/1_TrainingSet/Initial/ICOND_00032/ICOND_00032
cleanup: []
wfoverlap: /user/julia/software/SchNarc/sharc/source/../bin/wfoverlap.x
template: {'gradaccudefault': 1e-05, 'gradaccumax': 0.01, 'basis': '6-31G*', 'occ': [24], 'nelec': {1: [42, 41, 42]}, 'closed': [18], 'rootpad': {1: [0, 0, 0]}, 'dkho': 0, 'roots': {1: [2, 0, 0]}}
memory: 500
multmap: {1: 1, -1: [1]}
ndocc: 0
jobs: [1]
ncore: 0
maxmult: 1
ncpu: 1
pwd: /user/julia/Tutorial/1_TrainingSet/Initial/ICOND_00032
statemap: {1: [1, 1, 0.0], 2: [1, 2, 0.0]}
molpro: /usr/license/molpro/molpros_2012_1_5_Linux_x86_64_i8/bin/
nmstates: 2
savedir: /user/julia/Tutorial/1_TrainingSet/Initial/ICOND_00032/SAVE
nacmap: [(1, 1, 1, 2)]
natom: 12
gradmap: [(1, 1), (1, 2)]
joblist: [1]


>>>>>>>>>>>>> Starting the MOLPRO job execution
START:	/user/julia/Tutorial/1_TrainingSet/Initial/ICOND_00032/ICOND_00032/integrals	2021-08-25 23:21:20.057368	"/usr/license/molpro/molpros_2012_1_5_Linux_x86_64_i8/bin/molpro -W./ -I./ -d./ MOLPRO.input"
FINISH:	/user/julia/Tutorial/1_TrainingSet/Initial/ICOND_00032/ICOND_00032/integrals	2021-08-25 23:22:52.426676	Runtime: 0:01:32.369308	Error Code: 0
Error Codes:
	integrals 	0

START:	/user/julia/Tutorial/1_TrainingSet/Initial/ICOND_00032/ICOND_00032/master_1	2021-08-25 23:22:58.751679	"/usr/license/molpro/molpros_2012_1_5_Linux_x86_64_i8/bin/molpro -W./ -I./ -d./ MOLPRO.input"
FINISH:	/user/julia/Tutorial/1_TrainingSet/Initial/ICOND_00032/ICOND_00032/master_1	2021-08-25 23:27:21.953589	Runtime: 0:04:23.201910	Error Code: 0
Error Codes:
	master_1  	0

START:	/user/julia/Tutorial/1_TrainingSet/Initial/ICOND_00032/ICOND_00032/grad_1_1	2021-08-25 23:27:30.322782	"/usr/license/molpro/molpros_2012_1_5_Linux_x86_64_i8/bin/molpro -W./ -I./ -d./ MOLPRO.input"
FINISH:	/user/julia/Tutorial/1_TrainingSet/Initial/ICOND_00032/ICOND_00032/grad_1_1	2021-08-25 23:29:56.650270	Runtime: 0:02:26.327488	Error Code: 0
START:	/user/julia/Tutorial/1_TrainingSet/Initial/ICOND_00032/ICOND_00032/nac_1_1_1_2	2021-08-25 23:30:04.195124	"/usr/license/molpro/molpros_2012_1_5_Linux_x86_64_i8/bin/molpro -W./ -I./ -d./ MOLPRO.input"
FINISH:	/user/julia/Tutorial/1_TrainingSet/Initial/ICOND_00032/ICOND_00032/nac_1_1_1_2	2021-08-25 23:32:13.765177	Runtime: 0:02:09.570053	Error Code: 0
START:	/user/julia/Tutorial/1_TrainingSet/Initial/ICOND_00032/ICOND_00032/grad_1_2	2021-08-25 23:32:18.144019	"/usr/license/molpro/molpros_2012_1_5_Linux_x86_64_i8/bin/molpro -W./ -I./ -d./ MOLPRO.input"
FINISH:	/user/julia/Tutorial/1_TrainingSet/Initial/ICOND_00032/ICOND_00032/grad_1_2	2021-08-25 23:34:49.191625	Runtime: 0:02:31.047606	Error Code: 0
Error Codes:
	grad_1_1  	0	nac_1_1_1_2	0	grad_1_2  	0

>>>>>>>>>>>>> Starting the WFOVERLAP job execution
START:	/user/julia/Tutorial/1_TrainingSet/Initial/ICOND_00032/ICOND_00032/CI_CAS_1_1	2021-08-25 23:34:49.441601	"/user/julia/software/SchNarc/sharc/source/../bin/wfoverlap.x -m 500 -f wfovl.inp"
FINISH:	/user/julia/Tutorial/1_TrainingSet/Initial/ICOND_00032/ICOND_00032/CI_CAS_1_1	2021-08-25 23:34:50.037658	Runtime: 0:00:00.596057	Error Code: 0
START:	/user/julia/Tutorial/1_TrainingSet/Initial/ICOND_00032/ICOND_00032/AOoverlap	2021-08-25 23:34:50.131088	"/usr/license/molpro/molpros_2012_1_5_Linux_x86_64_i8/bin/molpro -W./ -I./ -d./ MOLPRO.input"
FINISH:	/user/julia/Tutorial/1_TrainingSet/Initial/ICOND_00032/ICOND_00032/AOoverlap	2021-08-25 23:35:02.426748	Runtime: 0:00:12.295660	Error Code: 0
START:	/user/julia/Tutorial/1_TrainingSet/Initial/ICOND_00032/ICOND_00032/WFOVL_1_1	2021-08-25 23:35:03.062483	"/user/julia/software/SchNarc/sharc/source/../bin/wfoverlap.x -m 500 -f wfovl.inp"
FINISH:	/user/julia/Tutorial/1_TrainingSet/Initial/ICOND_00032/ICOND_00032/WFOVL_1_1	2021-08-25 23:35:03.753056	Runtime: 0:00:00.690573	Error Code: 0
Error Codes:
	CI_CAS_1_1	0	WFOVL_1_1 	0

===> Results:

=> Hamiltonian Matrix:
Diagonal Shift:   -230.00
Real Part:
----------------------
|-6.783e-01            |
|           -5.684e-01 |
----------------------

=> Dipole Moment Matrices:

Polarisation X:
Real Part:
----------------------
|-1.331e-01  2.866e-02 |
| 2.866e-02  1.480e-01 |
----------------------

Polarisation Y:
Real Part:
----------------------
| 2.122e-02 -1.929e-01 |
|-1.929e-01  2.328e-02 |
----------------------

Polarisation Z:
Real Part:
----------------------
| 2.747e-02 -1.586e-02 |
|-1.586e-02  7.243e-02 |
----------------------

=> Gradient Vectors:

Singlet	1	Ms=  0.0:
1	C	 0.04988	 0.07361	 0.00888	
2	C	 0.02895	-0.03280	-0.00066	
3	C	 0.09810	-0.02624	-0.01330	
4	C	-0.05652	-0.01387	 0.01361	
5	H	-0.01769	-0.05040	-0.00670	
6	H	-0.03159	 0.04316	 0.00164	
7	H	-0.06279	-0.03153	-0.00169	
8	H	-0.01372	 0.03117	-0.00063	
9	C	 0.05690	-0.04983	 0.00674	
10	C	-0.01458	 0.04445	-0.01253	
11	H	-0.03544	 0.01762	-0.00094	
12	H	-0.00150	-0.00535	 0.00558	

Singlet	2	Ms=  0.0:
1	C	 0.14458	 0.00582	 0.01000	
2	C	-0.08676	-0.10684	 0.00369	
3	C	 0.04352	 0.09776	-0.00516	
4	C	 0.05465	-0.00959	 0.01037	
5	H	-0.01752	-0.05005	-0.00564	
6	H	-0.03272	 0.04150	-0.00014	
7	H	-0.06189	-0.02999	-0.00403	
8	H	-0.01391	 0.03081	-0.00059	
9	C	-0.08933	 0.00645	-0.00951	
10	C	 0.09587	 0.00184	 0.00138	
11	H	-0.03535	 0.01947	-0.00177	
12	H	-0.00114	-0.00719	 0.00141	

=> Analytical Non-adiabatic coupling vectors:

Singlet	States 1 - 1	Ms=  0.0:
		...is identical zero...

Singlet	States 1 - 2	Ms=  0.0:
1	C	-0.30695	 0.25059	 0.02823	
2	C	-0.01356	 0.09305	 0.02530	
3	C	 0.03549	 0.05261	-0.03402	
4	C	 0.46341	 0.09432	-0.02395	
5	H	-0.00439	 0.00327	-0.00786	
6	H	 0.00504	-0.00116	-0.00341	
7	H	-0.00676	 0.00618	 0.01035	
8	H	 0.00151	 0.00290	 0.01214	
9	C	-0.25490	-0.54828	-0.01079	
10	C	 0.07714	 0.02633	 0.01054	
11	H	-0.00366	 0.00326	 0.00329	
12	H	 0.00825	-0.00098	-0.01045	

Singlet	States 2 - 1	Ms=  0.0:
1	C	 0.30695	-0.25059	-0.02823	
2	C	 0.01356	-0.09305	-0.02530	
3	C	-0.03549	-0.05261	 0.03402	
4	C	-0.46341	-0.09432	 0.02395	
5	H	 0.00439	-0.00327	 0.00786	
6	H	-0.00504	 0.00116	 0.00341	
7	H	 0.00676	-0.00618	-0.01035	
8	H	-0.00151	-0.00290	-0.01214	
9	C	 0.25490	 0.54828	 0.01079	
10	C	-0.07714	-0.02633	-0.01054	
11	H	 0.00366	-0.00326	-0.00329	
12	H	-0.00825	 0.00098	 0.01045	

Singlet	States 2 - 2	Ms=  0.0:
		...is identical zero...

=> Overlap matrix:

Real Part:
----------------------
| 3.117e-01 -9.370e-03 |
| 8.778e-03  3.090e-01 |
----------------------

=> Wavefunction Phases:
2

 1.0  0.0
 1.0  0.0


==> Runtime:
0 Days	0 Hours	13 Minutes	44 Seconds


===> Writing output to file QM.out in SHARC Format

2021-08-25 23:35:04.598258
#================ END ================#
2021-08-26 16:40:04.461875 polonium8 /user/julia/Tutorial/1_TrainingSet/Initial/ICOND_00032

  ================================================================================
||                                                                                ||
||                         SHARC - MOLPRO2012 - Interface                         ||
||                                                                                ||
||                             Author: Sebastian Mai                              ||
||                                                                                ||
||                                  Version: 2.1                                  ||
||                                 Date: 01.09.19                                 ||
||                                                                                ||
  ================================================================================


File /user/julia/Tutorial/1_TrainingSet/Initial/ICOND_00032/SAVE/wf.1 missing in savedir!
