! 1 Hamiltonian Matrix (2x2, complex)
2 2
-2.306783288765E+002  0.000000000000E+000  0.000000000000E+000  0.000000000000E+000 
 0.000000000000E+000  0.000000000000E+000 -2.305683769347E+002  0.000000000000E+000 

! 2 Dipole Moment Matrices (3x2x2, complex)
2 2
-1.331492000000E-001  0.000000000000E+000  2.865762243200E-002  0.000000000000E+000 
 2.865762243200E-002  0.000000000000E+000  1.480084700000E-001  0.000000000000E+000 
2 2
 2.121848000000E-002  0.000000000000E+000 -1.928936688920E-001  0.000000000000E+000 
-1.928936688920E-001  0.000000000000E+000  2.327951000000E-002  0.000000000000E+000 
2 2
 2.747064000000E-002  0.000000000000E+000 -1.586328874700E-002  0.000000000000E+000 
-1.586328874700E-002  0.000000000000E+000  7.243164000000E-002  0.000000000000E+000 
! 3 Gradient Vectors (2x12x3, real)
12 3 ! 1 1 0
 4.988008900000E-002  7.361118600000E-002  8.881493000000E-003 
 2.895240800000E-002 -3.279584500000E-002 -6.556710000000E-004 
 9.810125100000E-002 -2.624322000000E-002 -1.329505900000E-002 
-5.651792700000E-002 -1.387007500000E-002  1.361366900000E-002 
-1.768619400000E-002 -5.040008700000E-002 -6.702697000000E-003 
-3.159300800000E-002  4.316412400000E-002  1.640974000000E-003 
-6.279466100000E-002 -3.152857700000E-002 -1.694232000000E-003 
-1.371612300000E-002  3.117309000000E-002 -6.300970000000E-004 
 5.689698200000E-002 -4.983259100000E-002  6.739118000000E-003 
-1.458335100000E-002  4.445184800000E-002 -1.253048300000E-002 
-3.544041300000E-002  1.762300300000E-002 -9.425780000000E-004 
-1.499053000000E-003 -5.352856000000E-003  5.575562000000E-003 
12 3 ! 1 2 0
 1.445844180000E-001  5.823333000000E-003  9.996150000000E-003 
-8.676303800000E-002 -1.068434470000E-001  3.691551000000E-003 
 4.352473700000E-002  9.775630600000E-002 -5.163587000000E-003 
 5.465416500000E-002 -9.585108000000E-003  1.037249200000E-002 
-1.752389600000E-002 -5.004961900000E-002 -5.642418000000E-003 
-3.271639600000E-002  4.149981100000E-002 -1.362780000000E-004 
-6.189488400000E-002 -2.998839900000E-002 -4.034379000000E-003 
-1.390689400000E-002  3.081378500000E-002 -5.913210000000E-004 
-8.933435700000E-002  6.448043000000E-003 -9.507412000000E-003 
 9.586557000000E-002  1.842321000000E-003  1.378162000000E-003 
-3.534747100000E-002  1.947191400000E-002 -1.768635000000E-003 
-1.141952000000E-003 -7.188939000000E-003  1.405677000000E-003 
! 5 Non-adiabatic couplings (ddr) (2x2x12x3, real)
12 3 ! 1 1 0 1 1 0
 0.000000000000E+000  0.000000000000E+000  0.000000000000E+000 
 0.000000000000E+000  0.000000000000E+000  0.000000000000E+000 
 0.000000000000E+000  0.000000000000E+000  0.000000000000E+000 
 0.000000000000E+000  0.000000000000E+000  0.000000000000E+000 
 0.000000000000E+000  0.000000000000E+000  0.000000000000E+000 
 0.000000000000E+000  0.000000000000E+000  0.000000000000E+000 
 0.000000000000E+000  0.000000000000E+000  0.000000000000E+000 
 0.000000000000E+000  0.000000000000E+000  0.000000000000E+000 
 0.000000000000E+000  0.000000000000E+000  0.000000000000E+000 
 0.000000000000E+000  0.000000000000E+000  0.000000000000E+000 
 0.000000000000E+000  0.000000000000E+000  0.000000000000E+000 
 0.000000000000E+000  0.000000000000E+000  0.000000000000E+000 
12 3 ! 1 1 0 1 2 0
-3.069478170000E-001  2.505937080000E-001  2.822632200000E-002 
-1.355821600000E-002  9.304585400000E-002  2.529620000000E-002 
 3.549074500000E-002  5.261292200000E-002 -3.401913200000E-002 
 4.634131390000E-001  9.432259100000E-002 -2.394830200000E-002 
-4.394671000000E-003  3.270186000000E-003 -7.856594000000E-003 
 5.042747000000E-003 -1.160390000000E-003 -3.413230000000E-003 
-6.759945000000E-003  6.175141000000E-003  1.035463200000E-002 
 1.505376000000E-003  2.901047000000E-003  1.214168800000E-002 
-2.549017680000E-001 -5.482818770000E-001 -1.079498500000E-002 
 7.713650300000E-002  2.633148800000E-002  1.054374700000E-002 
-3.664747000000E-003  3.259924000000E-003  3.285425000000E-003 
 8.245966000000E-003 -9.751770000000E-004 -1.045190300000E-002 
12 3 ! 1 2 0 1 1 0
 3.069478170000E-001 -2.505937080000E-001 -2.822632200000E-002 
 1.355821600000E-002 -9.304585400000E-002 -2.529620000000E-002 
-3.549074500000E-002 -5.261292200000E-002  3.401913200000E-002 
-4.634131390000E-001 -9.432259100000E-002  2.394830200000E-002 
 4.394671000000E-003 -3.270186000000E-003  7.856594000000E-003 
-5.042747000000E-003  1.160390000000E-003  3.413230000000E-003 
 6.759945000000E-003 -6.175141000000E-003 -1.035463200000E-002 
-1.505376000000E-003 -2.901047000000E-003 -1.214168800000E-002 
 2.549017680000E-001  5.482818770000E-001  1.079498500000E-002 
-7.713650300000E-002 -2.633148800000E-002 -1.054374700000E-002 
 3.664747000000E-003 -3.259924000000E-003 -3.285425000000E-003 
-8.245966000000E-003  9.751770000000E-004  1.045190300000E-002 
12 3 ! 1 2 0 1 2 0
 0.000000000000E+000  0.000000000000E+000  0.000000000000E+000 
 0.000000000000E+000  0.000000000000E+000  0.000000000000E+000 
 0.000000000000E+000  0.000000000000E+000  0.000000000000E+000 
 0.000000000000E+000  0.000000000000E+000  0.000000000000E+000 
 0.000000000000E+000  0.000000000000E+000  0.000000000000E+000 
 0.000000000000E+000  0.000000000000E+000  0.000000000000E+000 
 0.000000000000E+000  0.000000000000E+000  0.000000000000E+000 
 0.000000000000E+000  0.000000000000E+000  0.000000000000E+000 
 0.000000000000E+000  0.000000000000E+000  0.000000000000E+000 
 0.000000000000E+000  0.000000000000E+000  0.000000000000E+000 
 0.000000000000E+000  0.000000000000E+000  0.000000000000E+000 
 0.000000000000E+000  0.000000000000E+000  0.000000000000E+000 
! 6 Overlap matrix (2x2, complex)
2 2
 3.116722707000E-001  0.000000000000E+000 -9.369583800000E-003  0.000000000000E+000 
 8.777948300000E-003  0.000000000000E+000  3.090232795000E-001  0.000000000000E+000 

! 7 Phases
2 ! for all nmstates
 1.000000000E+000  0.000000000E+000
 1.000000000E+000  0.000000000E+000
! 8 Runtime
 1.363211570000E+002
