! 1 Hamiltonian Matrix (2x2, complex)
2 2
-2.306535304184E+002  0.000000000000E+000  0.000000000000E+000  0.000000000000E+000 
 0.000000000000E+000  0.000000000000E+000 -2.305288648994E+002  0.000000000000E+000 

! 2 Dipole Moment Matrices (3x2x2, complex)
2 2
-1.364305700000E-001  0.000000000000E+000 -1.489498067200E-001  0.000000000000E+000 
-1.489498067200E-001  0.000000000000E+000  1.296519900000E-001  0.000000000000E+000 
2 2
 1.262376400000E-001  0.000000000000E+000 -1.888510834860E-001  0.000000000000E+000 
-1.888510834860E-001  0.000000000000E+000 -1.165405700000E-001  0.000000000000E+000 
2 2
 1.192347400000E-001  0.000000000000E+000 -4.482789362000E-003  0.000000000000E+000 
-4.482789362000E-003  0.000000000000E+000  1.975868900000E-001  0.000000000000E+000 
! 3 Gradient Vectors (2x12x3, real)
12 3 ! 1 1 0
-4.296685800000E-002  4.998434500000E-002  1.312112600000E-002 
 7.115613000000E-002  5.569552400000E-002 -1.618296700000E-002 
 1.501311880000E-001  1.482322400000E-002  6.936448000000E-003 
 5.088106000000E-003  1.141441370000E-001  2.658129600000E-002 
-7.834476000000E-003 -2.036108600000E-002  6.235046000000E-003 
 1.952394700000E-002 -3.265040200000E-002  1.089213400000E-002 
-1.289320430000E-001 -4.291640000000E-002 -1.134017800000E-002 
-3.837483000000E-003 -1.693195800000E-001 -9.389880000000E-003 
-7.743090700000E-002  4.264035500000E-002 -3.000862300000E-002 
 2.650205600000E-002 -3.150030400000E-002 -3.535999000000E-003 
-8.860793000000E-003  2.577951300000E-002  5.188992000000E-003 
-2.538868000000E-003 -6.319327000000E-003  1.502605000000E-003 
12 3 ! 1 2 0
 4.129862100000E-002 -2.138355700000E-002  1.212129300000E-002 
-4.067005500000E-002 -1.417724200000E-002 -1.869624700000E-002 
 1.073758400000E-001  1.352029040000E-001  7.896897000000E-003 
 1.219155680000E-001  1.215149000000E-001  3.072579900000E-002 
-7.925776000000E-003 -1.979812000000E-002  3.979268000000E-003 
 1.903444000000E-002 -3.291503300000E-002  1.286766400000E-002 
-1.289537420000E-001 -4.085000900000E-002 -1.007229400000E-002 
-3.003571000000E-003 -1.694414950000E-001 -1.220383100000E-002 
-2.556437100000E-001  8.888556700000E-002 -1.842821500000E-002 
 1.581605710000E-001 -6.675761300000E-002 -1.047864700000E-002 
-8.803507000000E-003  2.802635100000E-002  2.271166000000E-003 
-2.784679000000E-003 -8.306653000000E-003  1.714800000000E-005 
! 5 Non-adiabatic couplings (ddr) (2x2x12x3, real)
12 3 ! 1 1 0 1 1 0
 0.000000000000E+000  0.000000000000E+000  0.000000000000E+000 
 0.000000000000E+000  0.000000000000E+000  0.000000000000E+000 
 0.000000000000E+000  0.000000000000E+000  0.000000000000E+000 
 0.000000000000E+000  0.000000000000E+000  0.000000000000E+000 
 0.000000000000E+000  0.000000000000E+000  0.000000000000E+000 
 0.000000000000E+000  0.000000000000E+000  0.000000000000E+000 
 0.000000000000E+000  0.000000000000E+000  0.000000000000E+000 
 0.000000000000E+000  0.000000000000E+000  0.000000000000E+000 
 0.000000000000E+000  0.000000000000E+000  0.000000000000E+000 
 0.000000000000E+000  0.000000000000E+000  0.000000000000E+000 
 0.000000000000E+000  0.000000000000E+000  0.000000000000E+000 
 0.000000000000E+000  0.000000000000E+000  0.000000000000E+000 
12 3 ! 1 1 0 1 2 0
-2.622210050000E-001  2.742285080000E-001 -1.907618000000E-002 
-4.842349100000E-002  5.231169800000E-002  2.649348900000E-002 
 9.182483900000E-002  3.486024800000E-002 -1.966047600000E-002 
 3.092516280000E-001 -1.249987000000E-002  9.109052000000E-003 
-1.388597000000E-003  1.712707000000E-003 -1.075765500000E-002 
 5.588902000000E-003  1.095020000000E-004 -3.030647000000E-003 
-6.251663000000E-003  3.541013000000E-003  1.279901000000E-003 
 6.772891000000E-003  5.999859000000E-003  1.871276200000E-002 
-6.569504300000E-002 -4.527930820000E-001 -1.028858500000E-002 
-4.659991600000E-002  6.731602700000E-002  2.692669000000E-003 
-4.807937000000E-003  2.346185000000E-003 -1.424071000000E-003 
 6.719362000000E-003  2.353100000000E-004  4.965616000000E-003 
12 3 ! 1 2 0 1 1 0
 2.622210050000E-001 -2.742285080000E-001  1.907618000000E-002 
 4.842349100000E-002 -5.231169800000E-002 -2.649348900000E-002 
-9.182483900000E-002 -3.486024800000E-002  1.966047600000E-002 
-3.092516280000E-001  1.249987000000E-002 -9.109052000000E-003 
 1.388597000000E-003 -1.712707000000E-003  1.075765500000E-002 
-5.588902000000E-003 -1.095020000000E-004  3.030647000000E-003 
 6.251663000000E-003 -3.541013000000E-003 -1.279901000000E-003 
-6.772891000000E-003 -5.999859000000E-003 -1.871276200000E-002 
 6.569504300000E-002  4.527930820000E-001  1.028858500000E-002 
 4.659991600000E-002 -6.731602700000E-002 -2.692669000000E-003 
 4.807937000000E-003 -2.346185000000E-003  1.424071000000E-003 
-6.719362000000E-003 -2.353100000000E-004 -4.965616000000E-003 
12 3 ! 1 2 0 1 2 0
 0.000000000000E+000  0.000000000000E+000  0.000000000000E+000 
 0.000000000000E+000  0.000000000000E+000  0.000000000000E+000 
 0.000000000000E+000  0.000000000000E+000  0.000000000000E+000 
 0.000000000000E+000  0.000000000000E+000  0.000000000000E+000 
 0.000000000000E+000  0.000000000000E+000  0.000000000000E+000 
 0.000000000000E+000  0.000000000000E+000  0.000000000000E+000 
 0.000000000000E+000  0.000000000000E+000  0.000000000000E+000 
 0.000000000000E+000  0.000000000000E+000  0.000000000000E+000 
 0.000000000000E+000  0.000000000000E+000  0.000000000000E+000 
 0.000000000000E+000  0.000000000000E+000  0.000000000000E+000 
 0.000000000000E+000  0.000000000000E+000  0.000000000000E+000 
 0.000000000000E+000  0.000000000000E+000  0.000000000000E+000 
! 6 Overlap matrix (2x2, complex)
2 2
 1.202405435000E-001  0.000000000000E+000  6.003388600000E-003  0.000000000000E+000 
-6.256772100000E-003  0.000000000000E+000  1.198758367000E-001  0.000000000000E+000 

! 7 Phases
2 ! for all nmstates
 1.000000000E+000  0.000000000E+000
 1.000000000E+000  0.000000000E+000
! 8 Runtime
 1.384956150000E+002
