! 1 Hamiltonian Matrix (2x2, complex)
2 2
-2.306961175300E+002  0.000000000000E+000  0.000000000000E+000  0.000000000000E+000 
 0.000000000000E+000  0.000000000000E+000 -2.305452565240E+002  0.000000000000E+000 

! 2 Dipole Moment Matrices (3x2x2, complex)
2 2
-1.229690800000E-001  0.000000000000E+000 -8.545031857000E-002  0.000000000000E+000 
-8.545031857000E-002  0.000000000000E+000  2.058842000000E-001  0.000000000000E+000 
2 2
-2.705680000000E-003  0.000000000000E+000 -1.803715660900E-001  0.000000000000E+000 
-1.803715660900E-001  0.000000000000E+000 -6.738851000000E-002  0.000000000000E+000 
2 2
-8.804549000000E-002  0.000000000000E+000  4.835751656900E-002  0.000000000000E+000 
 4.835751656900E-002  0.000000000000E+000 -1.952272000000E-002  0.000000000000E+000 
! 3 Gradient Vectors (2x12x3, real)
12 3 ! 1 1 0
-4.723568000000E-003 -3.401043500000E-002  1.997413800000E-002 
-1.023613300000E-002 -5.589217000000E-003 -2.753280500000E-002 
 2.787304900000E-002  1.890855900000E-002  1.260960800000E-002 
 5.923614700000E-002 -3.388483800000E-002  1.506530000000E-002 
 3.948274500000E-002  4.316377500000E-002 -1.578008000000E-003 
-2.022777000000E-002  1.193771700000E-002  4.974562000000E-003 
-4.129649900000E-002 -1.582981300000E-002 -1.841500000000E-004 
-1.300874100000E-002  3.741927600000E-002 -8.387168000000E-003 
 2.532991000000E-003 -4.749244600000E-002 -1.798312100000E-002 
-5.247372800000E-002  3.090436700000E-002  6.180394000000E-003 
-1.028327000000E-003 -7.301235000000E-003 -2.872377000000E-003 
 1.386983400000E-002  1.774290000000E-003 -2.663720000000E-004 
12 3 ! 1 2 0
 8.953566500000E-002 -1.008545480000E-001  1.914816800000E-002 
-1.332622380000E-001 -6.934948300000E-002 -1.998235900000E-002 
-2.651299000000E-002  1.483701420000E-001  1.543498400000E-002 
 1.800916540000E-001 -4.403700000000E-002  1.350884800000E-002 
 3.985784500000E-002  4.393002700000E-002 -3.316152000000E-003 
-2.191391900000E-002  1.037082700000E-002  3.345590000000E-003 
-4.103525800000E-002 -1.439442500000E-002  2.519160000000E-004 
-1.371293300000E-002  3.763684400000E-002 -6.992278000000E-003 
-1.519828970000E-001  3.629101000000E-003 -1.915516500000E-002 
 6.553662800000E-002 -1.058337300000E-002 -4.314929000000E-003 
-4.216740000000E-004 -4.792631000000E-003  1.756712000000E-003 
 1.382011800000E-002  7.451900000000E-005  3.146630000000E-004 
! 5 Non-adiabatic couplings (ddr) (2x2x12x3, real)
12 3 ! 1 1 0 1 1 0
 0.000000000000E+000  0.000000000000E+000  0.000000000000E+000 
 0.000000000000E+000  0.000000000000E+000  0.000000000000E+000 
 0.000000000000E+000  0.000000000000E+000  0.000000000000E+000 
 0.000000000000E+000  0.000000000000E+000  0.000000000000E+000 
 0.000000000000E+000  0.000000000000E+000  0.000000000000E+000 
 0.000000000000E+000  0.000000000000E+000  0.000000000000E+000 
 0.000000000000E+000  0.000000000000E+000  0.000000000000E+000 
 0.000000000000E+000  0.000000000000E+000  0.000000000000E+000 
 0.000000000000E+000  0.000000000000E+000  0.000000000000E+000 
 0.000000000000E+000  0.000000000000E+000  0.000000000000E+000 
 0.000000000000E+000  0.000000000000E+000  0.000000000000E+000 
 0.000000000000E+000  0.000000000000E+000  0.000000000000E+000 
12 3 ! 1 1 0 1 2 0
-2.839389920000E-001  2.300424750000E-001  1.498432900000E-002 
 2.278099700000E-002  1.007522950000E-001  2.799044500000E-002 
 7.421100400000E-002 -3.508782500000E-002  6.785375000000E-003 
 2.431049700000E-001  1.309755000000E-002 -2.085614200000E-002 
-5.342308000000E-003  4.867801000000E-003 -9.846856000000E-003 
 3.685791000000E-003 -1.842804000000E-003 -1.608657500000E-002 
-4.112947000000E-003  1.277686000000E-003 -7.637400000000E-003 
 3.371702000000E-003  3.962699000000E-003  5.733425000000E-003 
-3.169556800000E-002 -3.966805470000E-001  3.450320000000E-004 
-3.467383100000E-002  5.319181800000E-002  7.314864000000E-003 
-3.812530000000E-003  1.015407000000E-003 -1.407177000000E-003 
 5.656312000000E-003  1.798600000000E-005 -3.125920000000E-004 
12 3 ! 1 2 0 1 1 0
 2.839389920000E-001 -2.300424750000E-001 -1.498432900000E-002 
-2.278099700000E-002 -1.007522950000E-001 -2.799044500000E-002 
-7.421100400000E-002  3.508782500000E-002 -6.785375000000E-003 
-2.431049700000E-001 -1.309755000000E-002  2.085614200000E-002 
 5.342308000000E-003 -4.867801000000E-003  9.846856000000E-003 
-3.685791000000E-003  1.842804000000E-003  1.608657500000E-002 
 4.112947000000E-003 -1.277686000000E-003  7.637400000000E-003 
-3.371702000000E-003 -3.962699000000E-003 -5.733425000000E-003 
 3.169556800000E-002  3.966805470000E-001 -3.450320000000E-004 
 3.467383100000E-002 -5.319181800000E-002 -7.314864000000E-003 
 3.812530000000E-003 -1.015407000000E-003  1.407177000000E-003 
-5.656312000000E-003 -1.798600000000E-005  3.125920000000E-004 
12 3 ! 1 2 0 1 2 0
 0.000000000000E+000  0.000000000000E+000  0.000000000000E+000 
 0.000000000000E+000  0.000000000000E+000  0.000000000000E+000 
 0.000000000000E+000  0.000000000000E+000  0.000000000000E+000 
 0.000000000000E+000  0.000000000000E+000  0.000000000000E+000 
 0.000000000000E+000  0.000000000000E+000  0.000000000000E+000 
 0.000000000000E+000  0.000000000000E+000  0.000000000000E+000 
 0.000000000000E+000  0.000000000000E+000  0.000000000000E+000 
 0.000000000000E+000  0.000000000000E+000  0.000000000000E+000 
 0.000000000000E+000  0.000000000000E+000  0.000000000000E+000 
 0.000000000000E+000  0.000000000000E+000  0.000000000000E+000 
 0.000000000000E+000  0.000000000000E+000  0.000000000000E+000 
 0.000000000000E+000  0.000000000000E+000  0.000000000000E+000 
! 6 Overlap matrix (2x2, complex)
2 2
 3.093041916000E-001  0.000000000000E+000  1.905231150000E-002  0.000000000000E+000 
-1.988002870000E-002  0.000000000000E+000  3.078565518000E-001  0.000000000000E+000 

! 7 Phases
2 ! for all nmstates
 1.000000000E+000  0.000000000E+000
 1.000000000E+000  0.000000000E+000
! 8 Runtime
 9.744988560000E+002
