! 1 Hamiltonian Matrix (2x2, complex)
2 2
-2.307192530540E+002  0.000000000000E+000  0.000000000000E+000  0.000000000000E+000 
 0.000000000000E+000  0.000000000000E+000 -2.305717168070E+002  0.000000000000E+000 

! 2 Dipole Moment Matrices (3x2x2, complex)
2 2
-1.409032900000E-001  0.000000000000E+000 -7.349020134200E-002  0.000000000000E+000 
-7.349020134200E-002  0.000000000000E+000  1.697736800000E-001  0.000000000000E+000 
2 2
 4.322147000000E-002  0.000000000000E+000 -2.095266241080E-001  0.000000000000E+000 
-2.095266241080E-001  0.000000000000E+000 -8.504229000000E-002  0.000000000000E+000 
2 2
 1.807918000000E-002  0.000000000000E+000 -8.985759871000E-003  0.000000000000E+000 
-8.985759871000E-003  0.000000000000E+000  1.811706000000E-002  0.000000000000E+000 
! 3 Gradient Vectors (2x12x3, real)
12 3 ! 1 1 0
 3.201462000000E-003 -4.321856000000E-003 -9.764760000000E-004 
 1.959408000000E-002 -2.058411000000E-003  3.055064000000E-003 
-2.776731600000E-002 -5.919353000000E-003 -6.377325000000E-003 
 5.058207000000E-003 -2.057294000000E-003  9.432330000000E-004 
-8.341731000000E-003 -8.175879000000E-003 -1.259170000000E-004 
-1.934829000000E-002  1.665926200000E-002 -7.536360000000E-004 
 1.880659600000E-002  5.012005000000E-003  3.708152000000E-003 
-6.407070000000E-004 -1.062796000000E-003 -1.087716000000E-003 
 2.488127500000E-002  1.283953000000E-003  1.940677000000E-003 
-1.578100100000E-002  5.126092000000E-003 -1.502572000000E-003 
-6.917090000000E-004 -1.348659700000E-002  1.179554000000E-003 
 1.029132000000E-003  9.000874000000E-003 -3.038000000000E-006 
12 3 ! 1 2 0
 1.012365640000E-001 -6.980487800000E-002 -7.995510000000E-004 
-1.017629950000E-001 -7.495542500000E-002  3.269377000000E-003 
-8.725569600000E-002  1.209653200000E-001 -6.463071000000E-003 
 1.228969170000E-001 -5.403210000000E-004  8.362240000000E-004 
-8.482139000000E-003 -7.745594000000E-003  4.250900000000E-005 
-2.011703100000E-002  1.555204400000E-002 -7.709400000000E-004 
 1.917290300000E-002  6.312931000000E-003  3.113107000000E-003 
-8.395440000000E-004 -1.360747000000E-003 -7.086860000000E-004 
-1.348570370000E-001  4.792984200000E-002  1.441430000000E-003 
 1.094489260000E-001 -3.185890500000E-002  3.424600000000E-004 
 2.491200000000E-005 -1.143026400000E-002 -4.810050000000E-004 
 5.342200000000E-004  6.935997000000E-003  1.781450000000E-004 
! 5 Non-adiabatic couplings (ddr) (2x2x12x3, real)
12 3 ! 1 1 0 1 1 0
 0.000000000000E+000  0.000000000000E+000  0.000000000000E+000 
 0.000000000000E+000  0.000000000000E+000  0.000000000000E+000 
 0.000000000000E+000  0.000000000000E+000  0.000000000000E+000 
 0.000000000000E+000  0.000000000000E+000  0.000000000000E+000 
 0.000000000000E+000  0.000000000000E+000  0.000000000000E+000 
 0.000000000000E+000  0.000000000000E+000  0.000000000000E+000 
 0.000000000000E+000  0.000000000000E+000  0.000000000000E+000 
 0.000000000000E+000  0.000000000000E+000  0.000000000000E+000 
 0.000000000000E+000  0.000000000000E+000  0.000000000000E+000 
 0.000000000000E+000  0.000000000000E+000  0.000000000000E+000 
 0.000000000000E+000  0.000000000000E+000  0.000000000000E+000 
 0.000000000000E+000  0.000000000000E+000  0.000000000000E+000 
12 3 ! 1 1 0 1 2 0
-2.319457520000E-001  2.046431850000E-001 -2.660263000000E-003 
-4.580757600000E-002  5.212111100000E-002 -1.429790000000E-003 
 6.285699600000E-002  3.856873800000E-002 -6.255591000000E-003 
 3.175878750000E-001  3.084271000000E-002  2.365671000000E-003 
-1.257678000000E-003  4.353240000000E-003  2.973590000000E-004 
 4.270214000000E-003 -1.099969000000E-003  2.199976000000E-003 
-3.615115000000E-003  2.138798000000E-003  1.663939000000E-003 
 4.137765000000E-003  2.934880000000E-003 -3.511370000000E-004 
-1.281926210000E-001 -4.081930290000E-001  4.686338000000E-003 
 1.187959600000E-002  4.359975300000E-002 -2.023530000000E-003 
-4.335397000000E-003  2.723974000000E-003  4.861220000000E-004 
 4.989349000000E-003 -1.093540000000E-004 -4.665940000000E-004 
12 3 ! 1 2 0 1 1 0
 2.319457520000E-001 -2.046431850000E-001  2.660263000000E-003 
 4.580757600000E-002 -5.212111100000E-002  1.429790000000E-003 
-6.285699600000E-002 -3.856873800000E-002  6.255591000000E-003 
-3.175878750000E-001 -3.084271000000E-002 -2.365671000000E-003 
 1.257678000000E-003 -4.353240000000E-003 -2.973590000000E-004 
-4.270214000000E-003  1.099969000000E-003 -2.199976000000E-003 
 3.615115000000E-003 -2.138798000000E-003 -1.663939000000E-003 
-4.137765000000E-003 -2.934880000000E-003  3.511370000000E-004 
 1.281926210000E-001  4.081930290000E-001 -4.686338000000E-003 
-1.187959600000E-002 -4.359975300000E-002  2.023530000000E-003 
 4.335397000000E-003 -2.723974000000E-003 -4.861220000000E-004 
-4.989349000000E-003  1.093540000000E-004  4.665940000000E-004 
12 3 ! 1 2 0 1 2 0
 0.000000000000E+000  0.000000000000E+000  0.000000000000E+000 
 0.000000000000E+000  0.000000000000E+000  0.000000000000E+000 
 0.000000000000E+000  0.000000000000E+000  0.000000000000E+000 
 0.000000000000E+000  0.000000000000E+000  0.000000000000E+000 
 0.000000000000E+000  0.000000000000E+000  0.000000000000E+000 
 0.000000000000E+000  0.000000000000E+000  0.000000000000E+000 
 0.000000000000E+000  0.000000000000E+000  0.000000000000E+000 
 0.000000000000E+000  0.000000000000E+000  0.000000000000E+000 
 0.000000000000E+000  0.000000000000E+000  0.000000000000E+000 
 0.000000000000E+000  0.000000000000E+000  0.000000000000E+000 
 0.000000000000E+000  0.000000000000E+000  0.000000000000E+000 
 0.000000000000E+000  0.000000000000E+000  0.000000000000E+000 
! 6 Overlap matrix (2x2, complex)
2 2
 9.989016591000E-001  0.000000000000E+000 -5.815796000000E-004  0.000000000000E+000 
 5.792056000000E-004  0.000000000000E+000  9.988942506000E-001  0.000000000000E+000 

! 7 Phases
2 ! for all nmstates
 1.000000000E+000  0.000000000E+000
 1.000000000E+000  0.000000000E+000
! 8 Runtime
 2.098544230000E+002
