2021-08-25 23:21:10.398233 tellurium3 /user/julia/Tutorial/1_TrainingSet/Initial/ICOND_00060

  ================================================================================
||                                                                                ||
||                         SHARC - MOLPRO2012 - Interface                         ||
||                                                                                ||
||                             Author: Sebastian Mai                              ||
||                                                                                ||
||                                  Version: 2.1                                  ||
||                                 Date: 01.09.19                                 ||
||                                                                                ||
  ================================================================================


==> QMin Job description for:
Initial condition ICOND_00060/

Tasks:	H	DM	Grad	Nac(ddr)	Overlaps	Phases
States: 	2 Singlet

Method:
Electrons per Multiplicity:	42
Job ID per Multiplicity:	1
Level of Theory per Job ID:
1:	SA(2+0+0)-CASSCF(6,6)/6-31G*

Found Geo! NAtom is 12.

Geometry in Bohrs:
C -0.2421 -2.6287 -0.0045 
C  2.4243 -2.5481  0.0365 
C  3.1873  0.1332 -0.0054 
C  1.0279  1.6089  0.1440 
H -1.3952 -4.5102 -0.2502 
H  3.8563 -4.1912  0.1776 
H  4.9683  0.9252 -0.1379 
H  0.9086  3.5750 -0.2110 
C -1.1712  0.0351  0.0038 
C -3.7197  0.8238 -0.1512 
H -3.9904  2.8325  0.1242 
H -5.1742 -0.5675  0.0219 

Gradients:   X X 

Non-adiabatic couplings:
. X 
X . 

wfthres: 1.0
docicas: True
newstep: []
nstates: 2
unit: ['bohr']
phases: []
njobs: 1
initorbs: {1: '/user/julia/Tutorial/1_TrainingSet/Initial/ICOND_00060/SAVE/wf.1.old'}
delay: 0.0
scratchdir: /user/julia/Tutorial/1_TrainingSet/Initial/ICOND_00060/ICOND_00060
cleanup: []
wfoverlap: /user/julia/software/SchNarc/sharc/source/../bin/wfoverlap.x
template: {'gradaccudefault': 1e-05, 'gradaccumax': 0.01, 'basis': '6-31G*', 'occ': [24], 'nelec': {1: [42, 41, 42]}, 'closed': [18], 'rootpad': {1: [0, 0, 0]}, 'dkho': 0, 'roots': {1: [2, 0, 0]}}
memory: 500
multmap: {1: 1, -1: [1]}
ndocc: 0
jobs: [1]
ncore: 0
maxmult: 1
ncpu: 1
pwd: /user/julia/Tutorial/1_TrainingSet/Initial/ICOND_00060
statemap: {1: [1, 1, 0.0], 2: [1, 2, 0.0]}
molpro: /usr/license/molpro/molpros_2012_1_5_Linux_x86_64_i8/bin/
nmstates: 2
savedir: /user/julia/Tutorial/1_TrainingSet/Initial/ICOND_00060/SAVE
nacmap: [(1, 1, 1, 2)]
natom: 12
gradmap: [(1, 1), (1, 2)]
joblist: [1]


>>>>>>>>>>>>> Starting the MOLPRO job execution
START:	/user/julia/Tutorial/1_TrainingSet/Initial/ICOND_00060/ICOND_00060/integrals	2021-08-25 23:21:11.635128	"/usr/license/molpro/molpros_2012_1_5_Linux_x86_64_i8/bin/molpro -W./ -I./ -d./ MOLPRO.input"
FINISH:	/user/julia/Tutorial/1_TrainingSet/Initial/ICOND_00060/ICOND_00060/integrals	2021-08-25 23:21:13.051370	Runtime: 0:00:01.416242	Error Code: 168
Error Codes:
	integrals 	168
Some subprocesses did not finish successfully!
2021-08-26 16:39:59.987789 polonium1 /user/julia/Tutorial/1_TrainingSet/Initial/ICOND_00060

  ================================================================================
||                                                                                ||
||                         SHARC - MOLPRO2012 - Interface                         ||
||                                                                                ||
||                             Author: Sebastian Mai                              ||
||                                                                                ||
||                                  Version: 2.1                                  ||
||                                 Date: 01.09.19                                 ||
||                                                                                ||
  ================================================================================


File /user/julia/Tutorial/1_TrainingSet/Initial/ICOND_00060/SAVE/wf.1 missing in savedir!
2021-08-26 22:37:23.941421 thorium /user/julia/Tutorial/1_TrainingSet/Initial/ICOND_00060

  ================================================================================
||                                                                                ||
||                         SHARC - MOLPRO2012 - Interface                         ||
||                                                                                ||
||                             Author: Sebastian Mai                              ||
||                                                                                ||
||                                  Version: 2.1                                  ||
||                                 Date: 01.09.19                                 ||
||                                                                                ||
  ================================================================================


==> QMin Job description for:
Initial condition ICOND_00060/

Tasks:	H	DM	Grad	Nac(ddr)	Overlaps	Phases
States: 	2 Singlet

Method:
Electrons per Multiplicity:	42
Job ID per Multiplicity:	1
Level of Theory per Job ID:
1:	SA(2+0+0)-CASSCF(6,6)/6-31G*

Found Geo! NAtom is 12.

Geometry in Bohrs:
C -0.2421 -2.6287 -0.0045 
C  2.4243 -2.5481  0.0365 
C  3.1873  0.1332 -0.0054 
C  1.0279  1.6089  0.1440 
H -1.3952 -4.5102 -0.2502 
H  3.8563 -4.1912  0.1776 
H  4.9683  0.9252 -0.1379 
H  0.9086  3.5750 -0.2110 
C -1.1712  0.0351  0.0038 
C -3.7197  0.8238 -0.1512 
H -3.9904  2.8325  0.1242 
H -5.1742 -0.5675  0.0219 

Gradients:   X X 

Non-adiabatic couplings:
. X 
X . 

wfthres: 1.0
docicas: True
newstep: []
nstates: 2
unit: ['bohr']
phases: []
njobs: 1
initorbs: {1: '/user/julia/Tutorial/1_TrainingSet/Initial/ICOND_00060/SAVE/wf.1.old'}
delay: 0.0
scratchdir: /user/julia/Tutorial/1_TrainingSet/Initial/ICOND_00060/ICOND_00060
cleanup: []
wfoverlap: /user/julia/software/SchNarc/sharc/source/../bin/wfoverlap.x
template: {'gradaccudefault': 1e-05, 'gradaccumax': 0.01, 'basis': '6-31G*', 'occ': [24], 'nelec': {1: [42, 41, 42]}, 'closed': [18], 'rootpad': {1: [0, 0, 0]}, 'dkho': 0, 'roots': {1: [2, 0, 0]}}
memory: 500
multmap: {1: 1, -1: [1]}
ndocc: 0
jobs: [1]
ncore: 0
maxmult: 1
ncpu: 1
pwd: /user/julia/Tutorial/1_TrainingSet/Initial/ICOND_00060
statemap: {1: [1, 1, 0.0], 2: [1, 2, 0.0]}
molpro: /usr/license/molpro/molpros_2012_1_5_Linux_x86_64_i8/bin/
nmstates: 2
savedir: /user/julia/Tutorial/1_TrainingSet/Initial/ICOND_00060/SAVE
nacmap: [(1, 1, 1, 2)]
natom: 12
gradmap: [(1, 1), (1, 2)]
joblist: [1]


>>>>>>>>>>>>> Starting the MOLPRO job execution
START:	/user/julia/Tutorial/1_TrainingSet/Initial/ICOND_00060/ICOND_00060/integrals	2021-08-26 22:37:24.122414	"/usr/license/molpro/molpros_2012_1_5_Linux_x86_64_i8/bin/molpro -W./ -I./ -d./ MOLPRO.input"
FINISH:	/user/julia/Tutorial/1_TrainingSet/Initial/ICOND_00060/ICOND_00060/integrals	2021-08-26 22:37:51.103708	Runtime: 0:00:26.981294	Error Code: 0
Error Codes:
	integrals 	0

START:	/user/julia/Tutorial/1_TrainingSet/Initial/ICOND_00060/ICOND_00060/master_1	2021-08-26 22:37:55.203636	"/usr/license/molpro/molpros_2012_1_5_Linux_x86_64_i8/bin/molpro -W./ -I./ -d./ MOLPRO.input"
FINISH:	/user/julia/Tutorial/1_TrainingSet/Initial/ICOND_00060/ICOND_00060/master_1	2021-08-26 22:38:17.744478	Runtime: 0:00:22.540842	Error Code: 0
Error Codes:
	master_1  	0

START:	/user/julia/Tutorial/1_TrainingSet/Initial/ICOND_00060/ICOND_00060/grad_1_1	2021-08-26 22:38:19.743697	"/usr/license/molpro/molpros_2012_1_5_Linux_x86_64_i8/bin/molpro -W./ -I./ -d./ MOLPRO.input"
FINISH:	/user/julia/Tutorial/1_TrainingSet/Initial/ICOND_00060/ICOND_00060/grad_1_1	2021-08-26 22:38:58.358087	Runtime: 0:00:38.614390	Error Code: 0
START:	/user/julia/Tutorial/1_TrainingSet/Initial/ICOND_00060/ICOND_00060/nac_1_1_1_2	2021-08-26 22:38:59.408493	"/usr/license/molpro/molpros_2012_1_5_Linux_x86_64_i8/bin/molpro -W./ -I./ -d./ MOLPRO.input"
FINISH:	/user/julia/Tutorial/1_TrainingSet/Initial/ICOND_00060/ICOND_00060/nac_1_1_1_2	2021-08-26 22:39:26.852218	Runtime: 0:00:27.443725	Error Code: 0
START:	/user/julia/Tutorial/1_TrainingSet/Initial/ICOND_00060/ICOND_00060/grad_1_2	2021-08-26 22:39:28.687391	"/usr/license/molpro/molpros_2012_1_5_Linux_x86_64_i8/bin/molpro -W./ -I./ -d./ MOLPRO.input"
FINISH:	/user/julia/Tutorial/1_TrainingSet/Initial/ICOND_00060/ICOND_00060/grad_1_2	2021-08-26 22:39:54.684320	Runtime: 0:00:25.996929	Error Code: 0
Error Codes:
	grad_1_1  	0	nac_1_1_1_2	0	grad_1_2  	0

>>>>>>>>>>>>> Starting the WFOVERLAP job execution
START:	/user/julia/Tutorial/1_TrainingSet/Initial/ICOND_00060/ICOND_00060/CI_CAS_1_1	2021-08-26 22:39:54.809954	"/user/julia/software/SchNarc/sharc/source/../bin/wfoverlap.x -m 500 -f wfovl.inp"
FINISH:	/user/julia/Tutorial/1_TrainingSet/Initial/ICOND_00060/ICOND_00060/CI_CAS_1_1	2021-08-26 22:39:54.884644	Runtime: 0:00:00.074690	Error Code: 0
START:	/user/julia/Tutorial/1_TrainingSet/Initial/ICOND_00060/ICOND_00060/AOoverlap	2021-08-26 22:39:54.900887	"/usr/license/molpro/molpros_2012_1_5_Linux_x86_64_i8/bin/molpro -W./ -I./ -d./ MOLPRO.input"
FINISH:	/user/julia/Tutorial/1_TrainingSet/Initial/ICOND_00060/ICOND_00060/AOoverlap	2021-08-26 22:39:56.650671	Runtime: 0:00:01.749784	Error Code: 0
START:	/user/julia/Tutorial/1_TrainingSet/Initial/ICOND_00060/ICOND_00060/WFOVL_1_1	2021-08-26 22:39:56.705935	"/user/julia/software/SchNarc/sharc/source/../bin/wfoverlap.x -m 500 -f wfovl.inp"
FINISH:	/user/julia/Tutorial/1_TrainingSet/Initial/ICOND_00060/ICOND_00060/WFOVL_1_1	2021-08-26 22:39:56.807588	Runtime: 0:00:00.101653	Error Code: 0
Error Codes:
	CI_CAS_1_1	0	WFOVL_1_1 	0

===> Results:

=> Hamiltonian Matrix:
Diagonal Shift:   -230.00
Real Part:
----------------------
|-6.926e-01            |
|           -5.769e-01 |
----------------------

=> Dipole Moment Matrices:

Polarisation X:
Real Part:
----------------------
|-8.920e-02 -5.195e-02 |
|-5.195e-02  1.098e-01 |
----------------------

Polarisation Y:
Real Part:
----------------------
| 6.762e-02 -1.719e-01 |
|-1.719e-01 -3.802e-02 |
----------------------

Polarisation Z:
Real Part:
----------------------
|-4.013e-02 -2.313e-02 |
|-2.313e-02  1.509e-02 |
----------------------

=> Gradient Vectors:

Singlet	1	Ms=  0.0:
1	C	-0.02333	 0.04616	 0.00991	
2	C	 0.01075	 0.02910	-0.00287	
3	C	 0.05759	-0.01103	-0.01106	
4	C	-0.03191	 0.00831	 0.01850	
5	H	-0.02538	-0.05416	-0.01139	
6	H	 0.03790	-0.03514	 0.00625	
7	H	-0.03444	-0.00425	 0.00052	
8	H	-0.00392	-0.01333	-0.00564	
9	C	 0.06439	 0.02291	 0.00356	
10	C	-0.07313	 0.00884	-0.01871	
11	H	 0.01332	 0.00726	 0.00554	
12	H	 0.00814	-0.00467	 0.00538	

Singlet	2	Ms=  0.0:
1	C	 0.07214	-0.01688	 0.00761	
2	C	-0.10308	-0.04608	-0.00264	
3	C	 0.00023	 0.10855	-0.00861	
4	C	 0.07919	 0.01560	 0.02309	
5	H	-0.02565	-0.05379	-0.00912	
6	H	 0.03786	-0.03592	 0.00646	
7	H	-0.03481	-0.00296	-0.00134	
8	H	-0.00346	-0.01403	-0.00660	
9	C	-0.08686	 0.07041	-0.01067	
10	C	 0.04181	-0.02709	 0.00345	
11	H	 0.01453	 0.00880	 0.00014	
12	H	 0.00809	-0.00661	-0.00177	

=> Analytical Non-adiabatic coupling vectors:

Singlet	States 1 - 1	Ms=  0.0:
		...is identical zero...

Singlet	States 1 - 2	Ms=  0.0:
1	C	-0.25830	 0.25113	 0.00489	
2	C	-0.05146	 0.02704	 0.00494	
3	C	 0.02949	 0.11579	 0.00920	
4	C	 0.44210	 0.06024	-0.02154	
5	H	-0.00179	 0.00231	 0.00104	
6	H	 0.00449	 0.00036	-0.00083	
7	H	-0.00465	 0.00169	 0.00505	
8	H	 0.00600	 0.00349	 0.00368	
9	C	-0.21662	-0.51898	-0.01915	
10	C	 0.04664	 0.03587	 0.01118	
11	H	-0.00574	 0.00422	 0.00357	
12	H	 0.00553	-0.00078	-0.00537	

Singlet	States 2 - 1	Ms=  0.0:
1	C	 0.25830	-0.25113	-0.00489	
2	C	 0.05146	-0.02704	-0.00494	
3	C	-0.02949	-0.11579	-0.00920	
4	C	-0.44210	-0.06024	 0.02154	
5	H	 0.00179	-0.00231	-0.00104	
6	H	-0.00449	-0.00036	 0.00083	
7	H	 0.00465	-0.00169	-0.00505	
8	H	-0.00600	-0.00349	-0.00368	
9	C	 0.21662	 0.51898	 0.01915	
10	C	-0.04664	-0.03587	-0.01118	
11	H	 0.00574	-0.00422	-0.00357	
12	H	-0.00553	 0.00078	 0.00537	

Singlet	States 2 - 2	Ms=  0.0:
		...is identical zero...

=> Overlap matrix:

Real Part:
----------------------
| 4.170e-01 -1.765e-02 |
| 1.757e-02  4.141e-01 |
----------------------

=> Wavefunction Phases:
2

 1.0  0.0
 1.0  0.0


==> Runtime:
0 Days	0 Hours	2 Minutes	32 Seconds


===> Writing output to file QM.out in SHARC Format

2021-08-26 22:39:57.324415
#================ END ================#
