! 1 Hamiltonian Matrix (2x2, complex)
2 2
-2.306925920409E+002  0.000000000000E+000  0.000000000000E+000  0.000000000000E+000 
 0.000000000000E+000  0.000000000000E+000 -2.305769047191E+002  0.000000000000E+000 

! 2 Dipole Moment Matrices (3x2x2, complex)
2 2
-8.919666000000E-002  0.000000000000E+000 -5.195480586600E-002  0.000000000000E+000 
-5.195480586600E-002  0.000000000000E+000  1.098472100000E-001  0.000000000000E+000 
2 2
 6.761844000000E-002  0.000000000000E+000 -1.719167465510E-001  0.000000000000E+000 
-1.719167465510E-001  0.000000000000E+000 -3.801619000000E-002  0.000000000000E+000 
2 2
-4.013291000000E-002  0.000000000000E+000 -2.312784938300E-002  0.000000000000E+000 
-2.312784938300E-002  0.000000000000E+000  1.509247000000E-002  0.000000000000E+000 
! 3 Gradient Vectors (2x12x3, real)
12 3 ! 1 1 0
-2.332558500000E-002  4.616068300000E-002  9.909348000000E-003 
 1.075331700000E-002  2.910054200000E-002 -2.867992000000E-003 
 5.759242900000E-002 -1.102541600000E-002 -1.105772500000E-002 
-3.190832300000E-002  8.309759000000E-003  1.849668600000E-002 
-2.537713800000E-002 -5.416046200000E-002 -1.138638200000E-002 
 3.790188200000E-002 -3.514073000000E-002  6.253233000000E-003 
-3.443633900000E-002 -4.249708000000E-003  5.217810000000E-004 
-3.924250000000E-003 -1.333089200000E-002 -5.636395000000E-003 
 6.438597800000E-002  2.290630700000E-002  3.561040000000E-003 
-7.312786300000E-002  8.836796000000E-003 -1.870867400000E-002 
 1.332093000000E-002  7.262586000000E-003  5.536919000000E-003 
 8.144961000000E-003 -4.669465000000E-003  5.378159000000E-003 
12 3 ! 1 2 0
 7.213662900000E-002 -1.687776000000E-002  7.608952000000E-003 
-1.030775480000E-001 -4.607787500000E-002 -2.635570000000E-003 
 2.290730000000E-004  1.085536640000E-001 -8.608647000000E-003 
 7.918891000000E-002  1.559574500000E-002  2.308659500000E-002 
-2.564626200000E-002 -5.379062000000E-002 -9.121207000000E-003 
 3.786166500000E-002 -3.592385000000E-002  6.458547000000E-003 
-3.480861200000E-002 -2.959231000000E-003 -1.335588000000E-003 
-3.456898000000E-003 -1.402925200000E-002 -6.599712000000E-003 
-8.686473500000E-002  7.041181300000E-002 -1.067460100000E-002 
 4.181441000000E-002 -2.709248800000E-002  3.448961000000E-003 
 1.453448800000E-002  8.798674000000E-003  1.380200000000E-004 
 8.088882000000E-003 -6.608819000000E-003 -1.765750000000E-003 
! 5 Non-adiabatic couplings (ddr) (2x2x12x3, real)
12 3 ! 1 1 0 1 1 0
 0.000000000000E+000  0.000000000000E+000  0.000000000000E+000 
 0.000000000000E+000  0.000000000000E+000  0.000000000000E+000 
 0.000000000000E+000  0.000000000000E+000  0.000000000000E+000 
 0.000000000000E+000  0.000000000000E+000  0.000000000000E+000 
 0.000000000000E+000  0.000000000000E+000  0.000000000000E+000 
 0.000000000000E+000  0.000000000000E+000  0.000000000000E+000 
 0.000000000000E+000  0.000000000000E+000  0.000000000000E+000 
 0.000000000000E+000  0.000000000000E+000  0.000000000000E+000 
 0.000000000000E+000  0.000000000000E+000  0.000000000000E+000 
 0.000000000000E+000  0.000000000000E+000  0.000000000000E+000 
 0.000000000000E+000  0.000000000000E+000  0.000000000000E+000 
 0.000000000000E+000  0.000000000000E+000  0.000000000000E+000 
12 3 ! 1 1 0 1 2 0
-2.582993560000E-001  2.511326240000E-001  4.892307000000E-003 
-5.145644300000E-002  2.704242000000E-002  4.944939000000E-003 
 2.949066100000E-002  1.157896510000E-001  9.204820000000E-003 
 4.421042160000E-001  6.023877100000E-002 -2.154134900000E-002 
-1.788227000000E-003  2.308029000000E-003  1.042010000000E-003 
 4.494492000000E-003  3.573000000000E-004 -8.253430000000E-004 
-4.645808000000E-003  1.691766000000E-003  5.046162000000E-003 
 6.004351000000E-003  3.492316000000E-003  3.680523000000E-003 
-2.166166030000E-001 -5.189805680000E-001 -1.914979400000E-002 
 4.663801400000E-002  3.586529800000E-002  1.117673200000E-002 
-5.736293000000E-003  4.217913000000E-003  3.568524000000E-003 
 5.525808000000E-003 -7.777030000000E-004 -5.372486000000E-003 
12 3 ! 1 2 0 1 1 0
 2.582993560000E-001 -2.511326240000E-001 -4.892307000000E-003 
 5.145644300000E-002 -2.704242000000E-002 -4.944939000000E-003 
-2.949066100000E-002 -1.157896510000E-001 -9.204820000000E-003 
-4.421042160000E-001 -6.023877100000E-002  2.154134900000E-002 
 1.788227000000E-003 -2.308029000000E-003 -1.042010000000E-003 
-4.494492000000E-003 -3.573000000000E-004  8.253430000000E-004 
 4.645808000000E-003 -1.691766000000E-003 -5.046162000000E-003 
-6.004351000000E-003 -3.492316000000E-003 -3.680523000000E-003 
 2.166166030000E-001  5.189805680000E-001  1.914979400000E-002 
-4.663801400000E-002 -3.586529800000E-002 -1.117673200000E-002 
 5.736293000000E-003 -4.217913000000E-003 -3.568524000000E-003 
-5.525808000000E-003  7.777030000000E-004  5.372486000000E-003 
12 3 ! 1 2 0 1 2 0
 0.000000000000E+000  0.000000000000E+000  0.000000000000E+000 
 0.000000000000E+000  0.000000000000E+000  0.000000000000E+000 
 0.000000000000E+000  0.000000000000E+000  0.000000000000E+000 
 0.000000000000E+000  0.000000000000E+000  0.000000000000E+000 
 0.000000000000E+000  0.000000000000E+000  0.000000000000E+000 
 0.000000000000E+000  0.000000000000E+000  0.000000000000E+000 
 0.000000000000E+000  0.000000000000E+000  0.000000000000E+000 
 0.000000000000E+000  0.000000000000E+000  0.000000000000E+000 
 0.000000000000E+000  0.000000000000E+000  0.000000000000E+000 
 0.000000000000E+000  0.000000000000E+000  0.000000000000E+000 
 0.000000000000E+000  0.000000000000E+000  0.000000000000E+000 
 0.000000000000E+000  0.000000000000E+000  0.000000000000E+000 
! 8 Runtime
 1.133341672000E+003
