! 1 Hamiltonian Matrix (2x2, complex)
2 2
-2.306746504471E+002  0.000000000000E+000  0.000000000000E+000  0.000000000000E+000 
 0.000000000000E+000  0.000000000000E+000 -2.305279513607E+002  0.000000000000E+000 

! 2 Dipole Moment Matrices (3x2x2, complex)
2 2
-6.828031000000E-002  0.000000000000E+000  1.937659084000E-003  0.000000000000E+000 
 1.937659084000E-003  0.000000000000E+000  3.051945200000E-001  0.000000000000E+000 
2 2
 4.726596000000E-002  0.000000000000E+000 -1.914408131470E-001  0.000000000000E+000 
-1.914408131470E-001  0.000000000000E+000 -6.028860000000E-003  0.000000000000E+000 
2 2
 2.701493000000E-002  0.000000000000E+000  6.930657185000E-003  0.000000000000E+000 
 6.930657185000E-003  0.000000000000E+000  8.109290000000E-003  0.000000000000E+000 
! 3 Gradient Vectors (2x12x3, real)
12 3 ! 1 1 0
 8.735090800000E-002  9.957108100000E-002  1.732921000000E-002 
-1.014464660000E-001  2.763254100000E-002 -1.013877700000E-002 
-6.506972000000E-003 -3.461875000000E-003 -7.179348000000E-003 
-4.872663300000E-002 -7.487567000000E-002 -5.366259000000E-003 
-2.778850700000E-002 -6.219819000000E-002 -2.155520000000E-002 
 5.387525800000E-002 -4.222920200000E-002  1.278574200000E-002 
 8.562635000000E-003  5.919120000000E-004  1.616917000000E-003 
 1.899679200000E-002  5.112442400000E-002 -1.137867000000E-003 
 1.326625100000E-002  2.804916000000E-003  1.973913500000E-002 
 9.865034000000E-003 -3.072567700000E-002 -1.706641700000E-002 
 5.460881000000E-003  6.038319500000E-002  1.114861500000E-002 
-1.290918100000E-002 -2.861745500000E-002 -1.757510000000E-004 
12 3 ! 1 2 0
 1.852622820000E-001  2.504741200000E-002  1.596126900000E-002 
-2.226097700000E-001 -3.997957400000E-002 -5.816469000000E-003 
-6.648743200000E-002  1.234699780000E-001 -3.037002000000E-003 
 6.932568000000E-002 -7.333612300000E-002 -6.873827000000E-003 
-2.818630600000E-002 -6.241829600000E-002 -1.922273400000E-002 
 5.407812800000E-002 -4.390560000000E-002  9.735806000000E-003 
 8.982984000000E-003  1.678498000000E-003 -4.244800000000E-005 
 1.874473000000E-002  5.078388500000E-002  4.137410000000E-004 
-1.441238990000E-001  5.960076900000E-002  4.000286000000E-003 
 1.315619280000E-001 -7.223378800000E-002  6.215670000000E-004 
 6.655423000000E-003  6.171405900000E-002  5.819526000000E-003 
-1.320374900000E-002 -3.042122000000E-002 -1.559716000000E-003 
! 5 Non-adiabatic couplings (ddr) (2x2x12x3, real)
12 3 ! 1 1 0 1 1 0
 0.000000000000E+000  0.000000000000E+000  0.000000000000E+000 
 0.000000000000E+000  0.000000000000E+000  0.000000000000E+000 
 0.000000000000E+000  0.000000000000E+000  0.000000000000E+000 
 0.000000000000E+000  0.000000000000E+000  0.000000000000E+000 
 0.000000000000E+000  0.000000000000E+000  0.000000000000E+000 
 0.000000000000E+000  0.000000000000E+000  0.000000000000E+000 
 0.000000000000E+000  0.000000000000E+000  0.000000000000E+000 
 0.000000000000E+000  0.000000000000E+000  0.000000000000E+000 
 0.000000000000E+000  0.000000000000E+000  0.000000000000E+000 
 0.000000000000E+000  0.000000000000E+000  0.000000000000E+000 
 0.000000000000E+000  0.000000000000E+000  0.000000000000E+000 
 0.000000000000E+000  0.000000000000E+000  0.000000000000E+000 
12 3 ! 1 1 0 1 2 0
-2.434079710000E-001  1.925657990000E-001  2.421941600000E-002 
-4.417133200000E-002  5.880303500000E-002  1.056654000000E-003 
 5.465692400000E-002  4.072016500000E-002 -2.926046400000E-002 
 3.676402930000E-001  4.248067300000E-002 -8.924484000000E-003 
-3.729238000000E-003  1.286634000000E-003  1.724477000000E-003 
 2.642171000000E-003  8.243200000000E-005  2.990451000000E-003 
-3.735505000000E-003  2.223318000000E-003  8.074009000000E-003 
 2.973063000000E-003 -5.867260000000E-004  1.322067000000E-003 
-1.888964200000E-001 -3.938271060000E-001  2.247986000000E-003 
 5.416099600000E-002  2.742409700000E-002  4.432160000000E-004 
-3.934553000000E-003  3.836815000000E-003  3.432998000000E-003 
 4.946280000000E-003 -1.312300000000E-005 -5.822703000000E-003 
12 3 ! 1 2 0 1 1 0
 2.434079710000E-001 -1.925657990000E-001 -2.421941600000E-002 
 4.417133200000E-002 -5.880303500000E-002 -1.056654000000E-003 
-5.465692400000E-002 -4.072016500000E-002  2.926046400000E-002 
-3.676402930000E-001 -4.248067300000E-002  8.924484000000E-003 
 3.729238000000E-003 -1.286634000000E-003 -1.724477000000E-003 
-2.642171000000E-003 -8.243200000000E-005 -2.990451000000E-003 
 3.735505000000E-003 -2.223318000000E-003 -8.074009000000E-003 
-2.973063000000E-003  5.867260000000E-004 -1.322067000000E-003 
 1.888964200000E-001  3.938271060000E-001 -2.247986000000E-003 
-5.416099600000E-002 -2.742409700000E-002 -4.432160000000E-004 
 3.934553000000E-003 -3.836815000000E-003 -3.432998000000E-003 
-4.946280000000E-003  1.312300000000E-005  5.822703000000E-003 
12 3 ! 1 2 0 1 2 0
 0.000000000000E+000  0.000000000000E+000  0.000000000000E+000 
 0.000000000000E+000  0.000000000000E+000  0.000000000000E+000 
 0.000000000000E+000  0.000000000000E+000  0.000000000000E+000 
 0.000000000000E+000  0.000000000000E+000  0.000000000000E+000 
 0.000000000000E+000  0.000000000000E+000  0.000000000000E+000 
 0.000000000000E+000  0.000000000000E+000  0.000000000000E+000 
 0.000000000000E+000  0.000000000000E+000  0.000000000000E+000 
 0.000000000000E+000  0.000000000000E+000  0.000000000000E+000 
 0.000000000000E+000  0.000000000000E+000  0.000000000000E+000 
 0.000000000000E+000  0.000000000000E+000  0.000000000000E+000 
 0.000000000000E+000  0.000000000000E+000  0.000000000000E+000 
 0.000000000000E+000  0.000000000000E+000  0.000000000000E+000 
! 6 Overlap matrix (2x2, complex)
2 2
 5.426299056000E-001  0.000000000000E+000 -8.782683700000E-003  0.000000000000E+000 
 8.273613800000E-003  0.000000000000E+000  5.388575862000E-001  0.000000000000E+000 

! 7 Phases
2 ! for all nmstates
 1.000000000E+000  0.000000000E+000
 1.000000000E+000  0.000000000E+000
! 8 Runtime
 1.413996660000E+002
