2021-08-25 23:21:14.018064 thorium /user/julia/Tutorial/1_TrainingSet/Initial/ICOND_00022

  ================================================================================
||                                                                                ||
||                         SHARC - MOLPRO2012 - Interface                         ||
||                                                                                ||
||                             Author: Sebastian Mai                              ||
||                                                                                ||
||                                  Version: 2.1                                  ||
||                                 Date: 01.09.19                                 ||
||                                                                                ||
  ================================================================================


==> QMin Job description for:
Initial condition ICOND_00022/

Tasks:	H	DM	Grad	Nac(ddr)	Overlaps	Phases
States: 	2 Singlet

Method:
Electrons per Multiplicity:	42
Job ID per Multiplicity:	1
Level of Theory per Job ID:
1:	SA(2+0+0)-CASSCF(6,6)/6-31G*

Found Geo! NAtom is 12.

Geometry in Bohrs:
C -0.1843 -2.6584  0.0092 
C  2.3138 -2.5794  0.0463 
C  3.0880  0.2729 -0.1559 
C  1.0497  1.6099  0.1032 
H -1.3025 -4.3089  0.0498 
H  3.7924 -3.9538 -0.1707 
H  5.1253  0.5893 -0.3397 
H  0.8445  3.7335 -0.4978 
C -1.1631  0.0083 -0.0291 
C -3.6354  0.7387  0.1007 
H -3.7372  2.9448  0.1008 
H -5.0984 -0.5553 -0.0257 

Gradients:   X X 

Non-adiabatic couplings:
. X 
X . 

wfthres: 1.0
docicas: True
newstep: []
nstates: 2
unit: ['bohr']
phases: []
njobs: 1
initorbs: {1: '/user/julia/Tutorial/1_TrainingSet/Initial/ICOND_00022/SAVE/wf.1.old'}
delay: 0.0
scratchdir: /user/julia/Tutorial/1_TrainingSet/Initial/ICOND_00022/ICOND_00022
cleanup: []
wfoverlap: /user/julia/software/SchNarc/sharc/source/../bin/wfoverlap.x
template: {'gradaccudefault': 1e-05, 'gradaccumax': 0.01, 'basis': '6-31G*', 'occ': [24], 'nelec': {1: [42, 41, 42]}, 'closed': [18], 'rootpad': {1: [0, 0, 0]}, 'dkho': 0, 'roots': {1: [2, 0, 0]}}
memory: 500
multmap: {1: 1, -1: [1]}
ndocc: 0
jobs: [1]
ncore: 0
maxmult: 1
ncpu: 1
pwd: /user/julia/Tutorial/1_TrainingSet/Initial/ICOND_00022
statemap: {1: [1, 1, 0.0], 2: [1, 2, 0.0]}
molpro: /usr/license/molpro/molpros_2012_1_5_Linux_x86_64_i8/bin/
nmstates: 2
savedir: /user/julia/Tutorial/1_TrainingSet/Initial/ICOND_00022/SAVE
nacmap: [(1, 1, 1, 2)]
natom: 12
gradmap: [(1, 1), (1, 2)]
joblist: [1]


>>>>>>>>>>>>> Starting the MOLPRO job execution
START:	/user/julia/Tutorial/1_TrainingSet/Initial/ICOND_00022/ICOND_00022/integrals	2021-08-25 23:21:16.692810	"/usr/license/molpro/molpros_2012_1_5_Linux_x86_64_i8/bin/molpro -W./ -I./ -d./ MOLPRO.input"
FINISH:	/user/julia/Tutorial/1_TrainingSet/Initial/ICOND_00022/ICOND_00022/integrals	2021-08-25 23:23:40.986879	Runtime: 0:02:24.294069	Error Code: 0
Error Codes:
	integrals 	0

START:	/user/julia/Tutorial/1_TrainingSet/Initial/ICOND_00022/ICOND_00022/master_1	2021-08-25 23:23:56.662254	"/usr/license/molpro/molpros_2012_1_5_Linux_x86_64_i8/bin/molpro -W./ -I./ -d./ MOLPRO.input"
FINISH:	/user/julia/Tutorial/1_TrainingSet/Initial/ICOND_00022/ICOND_00022/master_1	2021-08-25 23:31:21.348538	Runtime: 0:07:24.686284	Error Code: 0
Error Codes:
	master_1  	0

START:	/user/julia/Tutorial/1_TrainingSet/Initial/ICOND_00022/ICOND_00022/grad_1_1	2021-08-25 23:31:36.112991	"/usr/license/molpro/molpros_2012_1_5_Linux_x86_64_i8/bin/molpro -W./ -I./ -d./ MOLPRO.input"
FINISH:	/user/julia/Tutorial/1_TrainingSet/Initial/ICOND_00022/ICOND_00022/grad_1_1	2021-08-25 23:35:10.854747	Runtime: 0:03:34.741756	Error Code: 0
START:	/user/julia/Tutorial/1_TrainingSet/Initial/ICOND_00022/ICOND_00022/nac_1_1_1_2	2021-08-25 23:35:14.957138	"/usr/license/molpro/molpros_2012_1_5_Linux_x86_64_i8/bin/molpro -W./ -I./ -d./ MOLPRO.input"
FINISH:	/user/julia/Tutorial/1_TrainingSet/Initial/ICOND_00022/ICOND_00022/nac_1_1_1_2	2021-08-25 23:36:16.026123	Runtime: 0:01:01.068985	Error Code: 0
START:	/user/julia/Tutorial/1_TrainingSet/Initial/ICOND_00022/ICOND_00022/grad_1_2	2021-08-25 23:36:19.147782	"/usr/license/molpro/molpros_2012_1_5_Linux_x86_64_i8/bin/molpro -W./ -I./ -d./ MOLPRO.input"
FINISH:	/user/julia/Tutorial/1_TrainingSet/Initial/ICOND_00022/ICOND_00022/grad_1_2	2021-08-25 23:37:22.424802	Runtime: 0:01:03.277020	Error Code: 0
Error Codes:
	grad_1_1  	0	nac_1_1_1_2	0	grad_1_2  	0

>>>>>>>>>>>>> Starting the WFOVERLAP job execution
START:	/user/julia/Tutorial/1_TrainingSet/Initial/ICOND_00022/ICOND_00022/CI_CAS_1_1	2021-08-25 23:37:23.998896	"/user/julia/software/SchNarc/sharc/source/../bin/wfoverlap.x -m 500 -f wfovl.inp"
FINISH:	/user/julia/Tutorial/1_TrainingSet/Initial/ICOND_00022/ICOND_00022/CI_CAS_1_1	2021-08-25 23:37:24.853993	Runtime: 0:00:00.855097	Error Code: 0
START:	/user/julia/Tutorial/1_TrainingSet/Initial/ICOND_00022/ICOND_00022/AOoverlap	2021-08-25 23:37:24.872199	"/usr/license/molpro/molpros_2012_1_5_Linux_x86_64_i8/bin/molpro -W./ -I./ -d./ MOLPRO.input"
FINISH:	/user/julia/Tutorial/1_TrainingSet/Initial/ICOND_00022/ICOND_00022/AOoverlap	2021-08-25 23:37:28.972833	Runtime: 0:00:04.100634	Error Code: 0
START:	/user/julia/Tutorial/1_TrainingSet/Initial/ICOND_00022/ICOND_00022/WFOVL_1_1	2021-08-25 23:37:29.548064	"/user/julia/software/SchNarc/sharc/source/../bin/wfoverlap.x -m 500 -f wfovl.inp"
FINISH:	/user/julia/Tutorial/1_TrainingSet/Initial/ICOND_00022/ICOND_00022/WFOVL_1_1	2021-08-25 23:37:29.915966	Runtime: 0:00:00.367902	Error Code: 0
Error Codes:
	CI_CAS_1_1	0	WFOVL_1_1 	0

===> Results:

=> Hamiltonian Matrix:
Diagonal Shift:   -230.00
Real Part:
----------------------
|-6.816e-01            |
|           -5.057e-01 |
----------------------

=> Dipole Moment Matrices:

Polarisation X:
Real Part:
----------------------
|-4.501e-02 -7.265e-02 |
|-7.265e-02  2.583e-01 |
----------------------

Polarisation Y:
Real Part:
----------------------
|-6.429e-02 -1.412e-01 |
|-1.412e-01 -2.581e-01 |
----------------------

Polarisation Z:
Real Part:
----------------------
|-1.642e-01 -6.317e-02 |
|-6.317e-02 -1.132e-01 |
----------------------

=> Gradient Vectors:

Singlet	1	Ms=  0.0:
1	C	 0.02347	-0.01357	 0.00019	
2	C	-0.04862	-0.05136	 0.01741	
3	C	-0.06782	 0.09539	-0.01090	
4	C	 0.04620	-0.11138	 0.04294	
5	H	 0.01216	 0.00974	-0.00019	
6	H	 0.00988	 0.00953	-0.00652	
7	H	 0.01946	-0.01678	-0.00083	
8	H	-0.00821	 0.04860	-0.02666	
9	C	 0.02858	 0.03899	-0.02134	
10	C	-0.06659	-0.07552	 0.00703	
11	H	 0.02141	 0.05510	-0.00141	
12	H	 0.03006	 0.01127	 0.00027	

Singlet	2	Ms=  0.0:
1	C	 0.12931	-0.07604	-0.00370	
2	C	-0.17105	-0.11514	 0.01838	
3	C	-0.13887	 0.20736	-0.00831	
4	C	 0.16379	-0.10584	 0.04300	
5	H	 0.01192	 0.01031	 0.00102	
6	H	 0.01053	 0.00795	-0.00270	
7	H	 0.02065	-0.01533	-0.00327	
8	H	-0.00794	 0.04861	-0.02776	
9	C	-0.12729	 0.08268	-0.01138	
10	C	 0.05686	-0.10898	-0.00890	
11	H	 0.02244	 0.05568	 0.00041	
12	H	 0.02967	 0.00875	 0.00323	

=> Analytical Non-adiabatic coupling vectors:

Singlet	States 1 - 1	Ms=  0.0:
		...is identical zero...

Singlet	States 1 - 2	Ms=  0.0:
1	C	-0.21183	 0.16553	-0.00564	
2	C	-0.04777	 0.02568	-0.00975	
3	C	 0.04023	 0.06037	 0.01658	
4	C	 0.30436	 0.02050	-0.03026	
5	H	-0.00219	 0.00417	 0.00088	
6	H	 0.00354	-0.00186	 0.00389	
7	H	-0.00230	 0.00076	 0.00333	
8	H	 0.00474	 0.00184	 0.00259	
9	C	-0.12065	-0.32762	 0.00422	
10	C	 0.02106	 0.02705	-0.00013	
11	H	-0.00448	 0.00381	-0.00146	
12	H	 0.00315	-0.00054	 0.00311	

Singlet	States 2 - 1	Ms=  0.0:
1	C	 0.21183	-0.16553	 0.00564	
2	C	 0.04777	-0.02568	 0.00975	
3	C	-0.04023	-0.06037	-0.01658	
4	C	-0.30436	-0.02050	 0.03026	
5	H	 0.00219	-0.00417	-0.00088	
6	H	-0.00354	 0.00186	-0.00389	
7	H	 0.00230	-0.00076	-0.00333	
8	H	-0.00474	-0.00184	-0.00259	
9	C	 0.12065	 0.32762	-0.00422	
10	C	-0.02106	-0.02705	 0.00013	
11	H	 0.00448	-0.00381	 0.00146	
12	H	-0.00315	 0.00054	-0.00311	

Singlet	States 2 - 2	Ms=  0.0:
		...is identical zero...

=> Overlap matrix:

Real Part:
----------------------
| 3.704e-01 -1.339e-02 |
| 1.472e-02  3.685e-01 |
----------------------

=> Wavefunction Phases:
2

 1.0  0.0
 1.0  0.0


==> Runtime:
0 Days	0 Hours	16 Minutes	15 Seconds


===> Writing output to file QM.out in SHARC Format

2021-08-25 23:37:30.138515
#================ END ================#
2021-08-26 16:40:03.426257 polonium1 /user/julia/Tutorial/1_TrainingSet/Initial/ICOND_00022

  ================================================================================
||                                                                                ||
||                         SHARC - MOLPRO2012 - Interface                         ||
||                                                                                ||
||                             Author: Sebastian Mai                              ||
||                                                                                ||
||                                  Version: 2.1                                  ||
||                                 Date: 01.09.19                                 ||
||                                                                                ||
  ================================================================================


File /user/julia/Tutorial/1_TrainingSet/Initial/ICOND_00022/SAVE/wf.1 missing in savedir!
