! 1 Hamiltonian Matrix (2x2, complex)
2 2
-2.306815802270E+002  0.000000000000E+000  0.000000000000E+000  0.000000000000E+000 
 0.000000000000E+000  0.000000000000E+000 -2.305057347674E+002  0.000000000000E+000 

! 2 Dipole Moment Matrices (3x2x2, complex)
2 2
-4.500857000000E-002  0.000000000000E+000 -7.264703586400E-002  0.000000000000E+000 
-7.264703586400E-002  0.000000000000E+000  2.583432300000E-001  0.000000000000E+000 
2 2
-6.428864000000E-002  0.000000000000E+000 -1.412397719590E-001  0.000000000000E+000 
-1.412397719590E-001  0.000000000000E+000 -2.581498900000E-001  0.000000000000E+000 
2 2
-1.642487900000E-001  0.000000000000E+000 -6.317320569900E-002  0.000000000000E+000 
-6.317320569900E-002  0.000000000000E+000 -1.131686500000E-001  0.000000000000E+000 
! 3 Gradient Vectors (2x12x3, real)
12 3 ! 1 1 0
 2.346936100000E-002 -1.357211100000E-002  1.913590000000E-004 
-4.861741300000E-002 -5.136121900000E-002  1.741091700000E-002 
-6.781892800000E-002  9.539179600000E-002 -1.089951600000E-002 
 4.619954300000E-002 -1.113805760000E-001  4.294411800000E-002 
 1.216492600000E-002  9.737446000000E-003 -1.903960000000E-004 
 9.881140000000E-003  9.529230000000E-003 -6.523417000000E-003 
 1.946412700000E-002 -1.677738900000E-002 -8.269990000000E-004 
-8.205141000000E-003  4.859600800000E-002 -2.666336000000E-002 
 2.858034200000E-002  3.899043300000E-002 -2.133769400000E-002 
-6.659295600000E-002 -7.552038800000E-002  7.032467000000E-003 
 2.141494700000E-002  5.509947900000E-002 -1.412044000000E-003 
 3.006005300000E-002  1.126729200000E-002  2.745640000000E-004 
12 3 ! 1 2 0
 1.293056340000E-001 -7.603764700000E-002 -3.702786000000E-003 
-1.710526660000E-001 -1.151413070000E-001  1.837981000000E-002 
-1.388686170000E-001  2.073563880000E-001 -8.309924000000E-003 
 1.637936230000E-001 -1.058423730000E-001  4.299959000000E-002 
 1.191716400000E-002  1.031458700000E-002  1.015011000000E-003 
 1.052927200000E-002  7.951677000000E-003 -2.704717000000E-003 
 2.065480100000E-002 -1.533122100000E-002 -3.274566000000E-003 
-7.943781000000E-003  4.860644800000E-002 -2.775667800000E-002 
-1.272938610000E-001  8.267522600000E-002 -1.138474600000E-002 
 5.685713300000E-002 -1.089807120000E-001 -8.896855000000E-003 
 2.243610900000E-002  5.567873700000E-002  4.091420000000E-004 
 2.966518700000E-002  8.750198000000E-003  3.226720000000E-003 
! 5 Non-adiabatic couplings (ddr) (2x2x12x3, real)
12 3 ! 1 1 0 1 1 0
 0.000000000000E+000  0.000000000000E+000  0.000000000000E+000 
 0.000000000000E+000  0.000000000000E+000  0.000000000000E+000 
 0.000000000000E+000  0.000000000000E+000  0.000000000000E+000 
 0.000000000000E+000  0.000000000000E+000  0.000000000000E+000 
 0.000000000000E+000  0.000000000000E+000  0.000000000000E+000 
 0.000000000000E+000  0.000000000000E+000  0.000000000000E+000 
 0.000000000000E+000  0.000000000000E+000  0.000000000000E+000 
 0.000000000000E+000  0.000000000000E+000  0.000000000000E+000 
 0.000000000000E+000  0.000000000000E+000  0.000000000000E+000 
 0.000000000000E+000  0.000000000000E+000  0.000000000000E+000 
 0.000000000000E+000  0.000000000000E+000  0.000000000000E+000 
 0.000000000000E+000  0.000000000000E+000  0.000000000000E+000 
12 3 ! 1 1 0 1 2 0
-2.118318440000E-001  1.655289740000E-001 -5.638797000000E-003 
-4.776723000000E-002  2.568099100000E-002 -9.750388000000E-003 
 4.023316200000E-002  6.037168100000E-002  1.658135700000E-002 
 3.043641440000E-001  2.050275900000E-002 -3.026070000000E-002 
-2.188249000000E-003  4.171139000000E-003  8.766210000000E-004 
 3.537048000000E-003 -1.861003000000E-003  3.886587000000E-003 
-2.304873000000E-003  7.624430000000E-004  3.333934000000E-003 
 4.737560000000E-003  1.836823000000E-003  2.592548000000E-003 
-1.206503560000E-001 -3.276225740000E-001  4.221568000000E-003 
 2.105877000000E-002  2.705406900000E-002 -1.278410000000E-004 
-4.475678000000E-003  3.805706000000E-003 -1.456764000000E-003 
 3.153422000000E-003 -5.438250000000E-004  3.109558000000E-003 
12 3 ! 1 2 0 1 1 0
 2.118318440000E-001 -1.655289740000E-001  5.638797000000E-003 
 4.776723000000E-002 -2.568099100000E-002  9.750388000000E-003 
-4.023316200000E-002 -6.037168100000E-002 -1.658135700000E-002 
-3.043641440000E-001 -2.050275900000E-002  3.026070000000E-002 
 2.188249000000E-003 -4.171139000000E-003 -8.766210000000E-004 
-3.537048000000E-003  1.861003000000E-003 -3.886587000000E-003 
 2.304873000000E-003 -7.624430000000E-004 -3.333934000000E-003 
-4.737560000000E-003 -1.836823000000E-003 -2.592548000000E-003 
 1.206503560000E-001  3.276225740000E-001 -4.221568000000E-003 
-2.105877000000E-002 -2.705406900000E-002  1.278410000000E-004 
 4.475678000000E-003 -3.805706000000E-003  1.456764000000E-003 
-3.153422000000E-003  5.438250000000E-004 -3.109558000000E-003 
12 3 ! 1 2 0 1 2 0
 0.000000000000E+000  0.000000000000E+000  0.000000000000E+000 
 0.000000000000E+000  0.000000000000E+000  0.000000000000E+000 
 0.000000000000E+000  0.000000000000E+000  0.000000000000E+000 
 0.000000000000E+000  0.000000000000E+000  0.000000000000E+000 
 0.000000000000E+000  0.000000000000E+000  0.000000000000E+000 
 0.000000000000E+000  0.000000000000E+000  0.000000000000E+000 
 0.000000000000E+000  0.000000000000E+000  0.000000000000E+000 
 0.000000000000E+000  0.000000000000E+000  0.000000000000E+000 
 0.000000000000E+000  0.000000000000E+000  0.000000000000E+000 
 0.000000000000E+000  0.000000000000E+000  0.000000000000E+000 
 0.000000000000E+000  0.000000000000E+000  0.000000000000E+000 
 0.000000000000E+000  0.000000000000E+000  0.000000000000E+000 
! 6 Overlap matrix (2x2, complex)
2 2
 3.703792222000E-001  0.000000000000E+000 -1.338512080000E-002  0.000000000000E+000 
 1.472291830000E-002  0.000000000000E+000  3.684747619000E-001  0.000000000000E+000 

! 7 Phases
2 ! for all nmstates
 1.000000000E+000  0.000000000E+000
 1.000000000E+000  0.000000000E+000
! 8 Runtime
 9.759454170000E+002
