! 1 Hamiltonian Matrix (2x2, complex)
2 2
-2.306651598797E+002  0.000000000000E+000  0.000000000000E+000  0.000000000000E+000 
 0.000000000000E+000  0.000000000000E+000 -2.305189900449E+002  0.000000000000E+000 

! 2 Dipole Moment Matrices (3x2x2, complex)
2 2
-9.094258000000E-002  0.000000000000E+000 -2.230176505800E-002  0.000000000000E+000 
-2.230176505800E-002  0.000000000000E+000  1.883992200000E-001  0.000000000000E+000 
2 2
 9.902280000000E-002  0.000000000000E+000 -1.792453293710E-001  0.000000000000E+000 
-1.792453293710E-001  0.000000000000E+000 -4.370816000000E-002  0.000000000000E+000 
2 2
-1.110585400000E-001  0.000000000000E+000  2.257103301600E-002  0.000000000000E+000 
 2.257103301600E-002  0.000000000000E+000 -1.341760000000E-001  0.000000000000E+000 
! 3 Gradient Vectors (2x12x3, real)
12 3 ! 1 1 0
 5.235019100000E-002 -2.819717000000E-003  7.566422000000E-003 
-2.835639500000E-002  5.569550600000E-002  4.680942000000E-003 
 3.225894100000E-002 -6.058330000000E-004  1.488197400000E-002 
 8.600167000000E-003  1.560128360000E-001 -1.640883900000E-002 
-3.874888100000E-002 -6.255061800000E-002 -7.708764000000E-003 
 6.595083000000E-003 -5.563976400000E-002 -8.918425000000E-003 
-1.547022000000E-002  1.425677000000E-002 -1.652973000000E-003 
-1.304014000000E-003 -1.372765160000E-001  4.756639000000E-003 
 4.601513000000E-002  1.945639500000E-002 -1.244938200000E-002 
-8.301651000000E-002 -4.052056700000E-002  2.943836600000E-002 
-5.417805000000E-003  3.461116300000E-002 -1.080010600000E-002 
 2.649431400000E-002  1.938034400000E-002 -3.385855000000E-003 
12 3 ! 1 2 0
 1.530549990000E-001 -6.058875500000E-002  1.276299900000E-002 
-1.478051750000E-001 -1.484587700000E-002 -8.427790000000E-004 
-2.638600600000E-002  1.193171120000E-001  6.807600000000E-003 
 1.239432400000E-001  1.538847400000E-001 -1.511644500000E-002 
-3.944479400000E-002 -6.194079600000E-002 -8.637374000000E-003 
 5.487415000000E-003 -5.606073100000E-002 -8.869519000000E-003 
-1.624610400000E-002  1.589582100000E-002 -5.575600000000E-005 
-1.460492000000E-003 -1.380988490000E-001  6.999360000000E-003 
-1.047226580000E-001  6.072855500000E-002  7.939278000000E-003 
 3.130471500000E-002 -7.176399800000E-002 -5.072420000000E-004 
-4.474464000000E-003  3.601113200000E-002 -3.740087000000E-003 
 2.674932200000E-002  1.746164500000E-002  3.259965000000E-003 
! 5 Non-adiabatic couplings (ddr) (2x2x12x3, real)
12 3 ! 1 1 0 1 1 0
 0.000000000000E+000  0.000000000000E+000  0.000000000000E+000 
 0.000000000000E+000  0.000000000000E+000  0.000000000000E+000 
 0.000000000000E+000  0.000000000000E+000  0.000000000000E+000 
 0.000000000000E+000  0.000000000000E+000  0.000000000000E+000 
 0.000000000000E+000  0.000000000000E+000  0.000000000000E+000 
 0.000000000000E+000  0.000000000000E+000  0.000000000000E+000 
 0.000000000000E+000  0.000000000000E+000  0.000000000000E+000 
 0.000000000000E+000  0.000000000000E+000  0.000000000000E+000 
 0.000000000000E+000  0.000000000000E+000  0.000000000000E+000 
 0.000000000000E+000  0.000000000000E+000  0.000000000000E+000 
 0.000000000000E+000  0.000000000000E+000  0.000000000000E+000 
 0.000000000000E+000  0.000000000000E+000  0.000000000000E+000 
12 3 ! 1 1 0 1 2 0
-1.874291710000E-001  1.631503610000E-001 -2.231907700000E-002 
-5.667445800000E-002  2.280858200000E-002 -2.082042300000E-002 
 2.633008800000E-002  8.766067300000E-002  2.125248700000E-002 
 3.643502670000E-001  2.356279000000E-002  3.881364700000E-002 
-2.245210000000E-003  3.165566000000E-003  3.118141000000E-003 
 3.532300000000E-004 -1.276620000000E-003  8.030030000000E-004 
-3.062898000000E-003 -2.816610000000E-004 -8.378726000000E-003 
 7.337106000000E-003  1.372776000000E-003 -1.001787000000E-002 
-2.046502410000E-001 -3.491776240000E-001  6.462674000000E-003 
 5.116547100000E-002  2.282680600000E-002 -8.970805000000E-003 
-3.982408000000E-003  2.662723000000E-003 -2.078346000000E-003 
 4.888941000000E-003 -1.616396000000E-003  6.095582000000E-003 
12 3 ! 1 2 0 1 1 0
 1.874291710000E-001 -1.631503610000E-001  2.231907700000E-002 
 5.667445800000E-002 -2.280858200000E-002  2.082042300000E-002 
-2.633008800000E-002 -8.766067300000E-002 -2.125248700000E-002 
-3.643502670000E-001 -2.356279000000E-002 -3.881364700000E-002 
 2.245210000000E-003 -3.165566000000E-003 -3.118141000000E-003 
-3.532300000000E-004  1.276620000000E-003 -8.030030000000E-004 
 3.062898000000E-003  2.816610000000E-004  8.378726000000E-003 
-7.337106000000E-003 -1.372776000000E-003  1.001787000000E-002 
 2.046502410000E-001  3.491776240000E-001 -6.462674000000E-003 
-5.116547100000E-002 -2.282680600000E-002  8.970805000000E-003 
 3.982408000000E-003 -2.662723000000E-003  2.078346000000E-003 
-4.888941000000E-003  1.616396000000E-003 -6.095582000000E-003 
12 3 ! 1 2 0 1 2 0
 0.000000000000E+000  0.000000000000E+000  0.000000000000E+000 
 0.000000000000E+000  0.000000000000E+000  0.000000000000E+000 
 0.000000000000E+000  0.000000000000E+000  0.000000000000E+000 
 0.000000000000E+000  0.000000000000E+000  0.000000000000E+000 
 0.000000000000E+000  0.000000000000E+000  0.000000000000E+000 
 0.000000000000E+000  0.000000000000E+000  0.000000000000E+000 
 0.000000000000E+000  0.000000000000E+000  0.000000000000E+000 
 0.000000000000E+000  0.000000000000E+000  0.000000000000E+000 
 0.000000000000E+000  0.000000000000E+000  0.000000000000E+000 
 0.000000000000E+000  0.000000000000E+000  0.000000000000E+000 
 0.000000000000E+000  0.000000000000E+000  0.000000000000E+000 
 0.000000000000E+000  0.000000000000E+000  0.000000000000E+000 
! 6 Overlap matrix (2x2, complex)
2 2
 1.781580531000E-001  0.000000000000E+000 -5.236813800000E-003  0.000000000000E+000 
 5.244039400000E-003  0.000000000000E+000  1.759526696000E-001  0.000000000000E+000 

! 7 Phases
2 ! for all nmstates
 1.000000000E+000  0.000000000E+000
 1.000000000E+000  0.000000000E+000
! 8 Runtime
 1.447802430000E+002
