! 1 Hamiltonian Matrix (2x2, complex)
2 2
-2.306474475387E+002  0.000000000000E+000  0.000000000000E+000  0.000000000000E+000 
 0.000000000000E+000  0.000000000000E+000 -2.305132808305E+002  0.000000000000E+000 

! 2 Dipole Moment Matrices (3x2x2, complex)
2 2
-1.054929700000E-001  0.000000000000E+000 -3.455652109900E-002  0.000000000000E+000 
-3.455652109900E-002  0.000000000000E+000  1.906550100000E-001  0.000000000000E+000 
2 2
-8.464801000000E-002  0.000000000000E+000 -1.814124826340E-001  0.000000000000E+000 
-1.814124826340E-001  0.000000000000E+000 -1.649260400000E-001  0.000000000000E+000 
2 2
-4.952200000000E-002  0.000000000000E+000 -3.156422369100E-002  0.000000000000E+000 
-3.156422369100E-002  0.000000000000E+000  2.132943000000E-002  0.000000000000E+000 
! 3 Gradient Vectors (2x12x3, real)
12 3 ! 1 1 0
 5.830904000000E-002  1.289572500000E-002  4.960004000000E-003 
 7.587874700000E-002 -1.509116250000E-001  1.505417000000E-002 
-3.321400400000E-002 -4.355821000000E-002 -2.878964800000E-002 
-1.827416900000E-002 -4.604729600000E-002  4.506451500000E-002 
-2.135967100000E-002 -2.651881500000E-002  2.545805000000E-003 
-1.030512680000E-001  1.491050760000E-001 -1.751588100000E-002 
 4.960962600000E-002  1.880573000000E-003  1.626236000000E-002 
 2.132760000000E-004  8.502424600000E-002 -2.083977200000E-002 
 4.170570600000E-002  1.841919200000E-002 -3.233991400000E-002 
-4.205630400000E-002 -3.730259700000E-002  3.508952200000E-002 
-4.711932000000E-003  5.508653600000E-002 -1.823803700000E-002 
-3.049047000000E-003 -1.807280500000E-002 -1.253125000000E-003 
12 3 ! 1 2 0
 1.533297640000E-001 -6.327691600000E-002  7.636460000000E-003 
-4.467831500000E-002 -2.118614170000E-001  1.599294500000E-002 
-8.078747200000E-002  8.439884200000E-002 -2.443612300000E-002 
 8.306605100000E-002 -6.001198400000E-002  4.349562200000E-002 
-2.161970600000E-002 -2.601117100000E-002  3.663870000000E-003 
-1.043323720000E-001  1.476087440000E-001 -1.653320100000E-002 
 5.061380900000E-002  3.097710000000E-003  1.415332300000E-002 
-2.295000000000E-006  8.495290200000E-002 -2.105557800000E-002 
-1.024531370000E-001  7.249516000000E-002 -2.023407600000E-002 
 7.336329600000E-002 -6.873056000000E-002  4.616698000000E-003 
-3.319768000000E-003  5.680569400000E-002 -8.647295000000E-003 
-3.179855000000E-003 -1.946700300000E-002  1.347354000000E-003 
! 5 Non-adiabatic couplings (ddr) (2x2x12x3, real)
12 3 ! 1 1 0 1 1 0
 0.000000000000E+000  0.000000000000E+000  0.000000000000E+000 
 0.000000000000E+000  0.000000000000E+000  0.000000000000E+000 
 0.000000000000E+000  0.000000000000E+000  0.000000000000E+000 
 0.000000000000E+000  0.000000000000E+000  0.000000000000E+000 
 0.000000000000E+000  0.000000000000E+000  0.000000000000E+000 
 0.000000000000E+000  0.000000000000E+000  0.000000000000E+000 
 0.000000000000E+000  0.000000000000E+000  0.000000000000E+000 
 0.000000000000E+000  0.000000000000E+000  0.000000000000E+000 
 0.000000000000E+000  0.000000000000E+000  0.000000000000E+000 
 0.000000000000E+000  0.000000000000E+000  0.000000000000E+000 
 0.000000000000E+000  0.000000000000E+000  0.000000000000E+000 
 0.000000000000E+000  0.000000000000E+000  0.000000000000E+000 
12 3 ! 1 1 0 1 2 0
-1.826102760000E-001  1.746384030000E-001 -2.548233400000E-002 
-5.876114700000E-002  3.654968700000E-002  3.133743700000E-002 
 3.883699300000E-002  8.447377000000E-002 -6.303507000000E-003 
 4.071422720000E-001  2.422671700000E-002  8.640445000000E-003 
-2.186559000000E-003  4.164116000000E-003 -8.459942000000E-003 
 4.704360000000E-003 -2.926907000000E-003 -3.854232000000E-003 
-2.577077000000E-003  3.479505000000E-003  8.745410000000E-004 
 1.920405000000E-003  1.837332000000E-003  7.454409000000E-003 
-2.954156280000E-001 -3.708340370000E-001 -6.107706000000E-003 
 7.656886900000E-002  2.085171900000E-002 -5.158400000000E-003 
-3.097426000000E-003  3.972971000000E-003  1.258074000000E-003 
 5.345930000000E-003 -6.215300000000E-004  1.798046000000E-003 
12 3 ! 1 2 0 1 1 0
 1.826102760000E-001 -1.746384030000E-001  2.548233400000E-002 
 5.876114700000E-002 -3.654968700000E-002 -3.133743700000E-002 
-3.883699300000E-002 -8.447377000000E-002  6.303507000000E-003 
-4.071422720000E-001 -2.422671700000E-002 -8.640445000000E-003 
 2.186559000000E-003 -4.164116000000E-003  8.459942000000E-003 
-4.704360000000E-003  2.926907000000E-003  3.854232000000E-003 
 2.577077000000E-003 -3.479505000000E-003 -8.745410000000E-004 
-1.920405000000E-003 -1.837332000000E-003 -7.454409000000E-003 
 2.954156280000E-001  3.708340370000E-001  6.107706000000E-003 
-7.656886900000E-002 -2.085171900000E-002  5.158400000000E-003 
 3.097426000000E-003 -3.972971000000E-003 -1.258074000000E-003 
-5.345930000000E-003  6.215300000000E-004 -1.798046000000E-003 
12 3 ! 1 2 0 1 2 0
 0.000000000000E+000  0.000000000000E+000  0.000000000000E+000 
 0.000000000000E+000  0.000000000000E+000  0.000000000000E+000 
 0.000000000000E+000  0.000000000000E+000  0.000000000000E+000 
 0.000000000000E+000  0.000000000000E+000  0.000000000000E+000 
 0.000000000000E+000  0.000000000000E+000  0.000000000000E+000 
 0.000000000000E+000  0.000000000000E+000  0.000000000000E+000 
 0.000000000000E+000  0.000000000000E+000  0.000000000000E+000 
 0.000000000000E+000  0.000000000000E+000  0.000000000000E+000 
 0.000000000000E+000  0.000000000000E+000  0.000000000000E+000 
 0.000000000000E+000  0.000000000000E+000  0.000000000000E+000 
 0.000000000000E+000  0.000000000000E+000  0.000000000000E+000 
 0.000000000000E+000  0.000000000000E+000  0.000000000000E+000 
! 6 Overlap matrix (2x2, complex)
2 2
 3.905857930000E-002  0.000000000000E+000 -2.671493000000E-004  0.000000000000E+000 
 8.480170000000E-005  0.000000000000E+000  3.847419600000E-002  0.000000000000E+000 

! 7 Phases
2 ! for all nmstates
 1.000000000E+000  0.000000000E+000
 1.000000000E+000  0.000000000E+000
! 8 Runtime
 1.598893340000E+002
