! 1 Hamiltonian Matrix (2x2, complex)
2 2
-2.306770834850E+002  0.000000000000E+000  0.000000000000E+000  0.000000000000E+000 
 0.000000000000E+000  0.000000000000E+000 -2.305523239766E+002  0.000000000000E+000 

! 2 Dipole Moment Matrices (3x2x2, complex)
2 2
-1.636902000000E-001  0.000000000000E+000 -1.909168623300E-002  0.000000000000E+000 
-1.909168623300E-002  0.000000000000E+000  1.122008500000E-001  0.000000000000E+000 
2 2
 7.657580000000E-003  0.000000000000E+000 -2.187264496460E-001  0.000000000000E+000 
-2.187264496460E-001  0.000000000000E+000  3.029815000000E-002  0.000000000000E+000 
2 2
-7.491665000000E-002  0.000000000000E+000  2.238840644000E-002  0.000000000000E+000 
 2.238840644000E-002  0.000000000000E+000 -6.452674000000E-002  0.000000000000E+000 
! 3 Gradient Vectors (2x12x3, real)
12 3 ! 1 1 0
-3.294030500000E-002 -9.559310600000E-002 -4.342401000000E-003 
 2.974895500000E-002  3.856358200000E-002  2.131810000000E-003 
 7.837173000000E-003 -7.295146100000E-002  9.271837000000E-003 
-1.911775100000E-002  1.188611110000E-001 -1.187304000000E-002 
 5.126567200000E-002  7.595941700000E-002  1.015694500000E-002 
 2.481792000000E-003 -4.096392700000E-002 -4.859139000000E-003 
-5.873925000000E-003  1.983942200000E-002 -3.163517000000E-003 
 6.043322000000E-003 -5.310109700000E-002  2.603510000000E-004 
 1.451351100000E-002 -1.289047500000E-002  8.117350000000E-003 
-1.068149600000E-001  5.140435500000E-002 -4.032078000000E-003 
 1.736142400000E-002 -5.595938200000E-002 -1.531367000000E-003 
 3.549509300000E-002  2.683156000000E-002 -1.367500000000E-004 
12 3 ! 1 2 0
 6.515724400000E-002 -1.618199400000E-001 -6.803131000000E-003 
-8.091306900000E-002 -3.738235000000E-002  2.712099000000E-003 
-4.808939800000E-002  5.493705800000E-002  8.081371000000E-003 
 8.662484900000E-002  1.148419770000E-001 -1.128988200000E-002 
 5.180366000000E-002  7.599084300000E-002  1.061458200000E-002 
 1.199163000000E-003 -4.134471200000E-002 -5.955573000000E-003 
-6.720013000000E-003  2.085734300000E-002 -2.769257000000E-003 
 5.576465000000E-003 -5.383427300000E-002  2.538566000000E-003 
-1.384850670000E-001  4.294338400000E-002  1.896306000000E-003 
 9.994822000000E-003  1.261984600000E-002  1.274679900000E-002 
 1.872946700000E-002 -5.278814900000E-002 -1.069875800000E-002 
 3.512187800000E-002  2.497897200000E-002 -1.073122000000E-003 
! 5 Non-adiabatic couplings (ddr) (2x2x12x3, real)
12 3 ! 1 1 0 1 1 0
 0.000000000000E+000  0.000000000000E+000  0.000000000000E+000 
 0.000000000000E+000  0.000000000000E+000  0.000000000000E+000 
 0.000000000000E+000  0.000000000000E+000  0.000000000000E+000 
 0.000000000000E+000  0.000000000000E+000  0.000000000000E+000 
 0.000000000000E+000  0.000000000000E+000  0.000000000000E+000 
 0.000000000000E+000  0.000000000000E+000  0.000000000000E+000 
 0.000000000000E+000  0.000000000000E+000  0.000000000000E+000 
 0.000000000000E+000  0.000000000000E+000  0.000000000000E+000 
 0.000000000000E+000  0.000000000000E+000  0.000000000000E+000 
 0.000000000000E+000  0.000000000000E+000  0.000000000000E+000 
 0.000000000000E+000  0.000000000000E+000  0.000000000000E+000 
 0.000000000000E+000  0.000000000000E+000  0.000000000000E+000 
12 3 ! 1 1 0 1 2 0
-2.340412110000E-001  1.704963330000E-001  2.233464200000E-002 
-4.416898700000E-002  4.940181500000E-002 -2.832849900000E-002 
 4.467236800000E-002  6.680359500000E-002  9.089029000000E-003 
 3.814434120000E-001  6.833371500000E-002  5.402740000000E-004 
-3.464221000000E-003  7.431897000000E-003  3.762299000000E-003 
 2.103180000000E-003 -1.219063000000E-003  1.971982000000E-003 
-3.651232000000E-003  1.886385000000E-003  2.177254000000E-003 
 4.819678000000E-003  1.031292000000E-003 -5.497377000000E-003 
-2.226234120000E-001 -4.169022310000E-001 -3.132466000000E-003 
 7.070777400000E-002  2.507091400000E-002  3.676242000000E-003 
-5.068352000000E-003  3.588654000000E-003 -1.109516000000E-003 
 5.777231000000E-003 -1.886254000000E-003 -2.605240000000E-003 
12 3 ! 1 2 0 1 1 0
 2.340412110000E-001 -1.704963330000E-001 -2.233464200000E-002 
 4.416898700000E-002 -4.940181500000E-002  2.832849900000E-002 
-4.467236800000E-002 -6.680359500000E-002 -9.089029000000E-003 
-3.814434120000E-001 -6.833371500000E-002 -5.402740000000E-004 
 3.464221000000E-003 -7.431897000000E-003 -3.762299000000E-003 
-2.103180000000E-003  1.219063000000E-003 -1.971982000000E-003 
 3.651232000000E-003 -1.886385000000E-003 -2.177254000000E-003 
-4.819678000000E-003 -1.031292000000E-003  5.497377000000E-003 
 2.226234120000E-001  4.169022310000E-001  3.132466000000E-003 
-7.070777400000E-002 -2.507091400000E-002 -3.676242000000E-003 
 5.068352000000E-003 -3.588654000000E-003  1.109516000000E-003 
-5.777231000000E-003  1.886254000000E-003  2.605240000000E-003 
12 3 ! 1 2 0 1 2 0
 0.000000000000E+000  0.000000000000E+000  0.000000000000E+000 
 0.000000000000E+000  0.000000000000E+000  0.000000000000E+000 
 0.000000000000E+000  0.000000000000E+000  0.000000000000E+000 
 0.000000000000E+000  0.000000000000E+000  0.000000000000E+000 
 0.000000000000E+000  0.000000000000E+000  0.000000000000E+000 
 0.000000000000E+000  0.000000000000E+000  0.000000000000E+000 
 0.000000000000E+000  0.000000000000E+000  0.000000000000E+000 
 0.000000000000E+000  0.000000000000E+000  0.000000000000E+000 
 0.000000000000E+000  0.000000000000E+000  0.000000000000E+000 
 0.000000000000E+000  0.000000000000E+000  0.000000000000E+000 
 0.000000000000E+000  0.000000000000E+000  0.000000000000E+000 
 0.000000000000E+000  0.000000000000E+000  0.000000000000E+000 
! 6 Overlap matrix (2x2, complex)
2 2
 3.326359216000E-001  0.000000000000E+000 -1.736347260000E-002  0.000000000000E+000 
 1.762674120000E-002  0.000000000000E+000  3.296322285000E-001  0.000000000000E+000 

! 7 Phases
2 ! for all nmstates
 1.000000000E+000  0.000000000E+000
 1.000000000E+000  0.000000000E+000
! 8 Runtime
 1.377165800000E+002
