2021-08-25 23:21:18.662200 fermium /user/julia/Tutorial/1_TrainingSet/Initial/ICOND_00029

  ================================================================================
||                                                                                ||
||                         SHARC - MOLPRO2012 - Interface                         ||
||                                                                                ||
||                             Author: Sebastian Mai                              ||
||                                                                                ||
||                                  Version: 2.1                                  ||
||                                 Date: 01.09.19                                 ||
||                                                                                ||
  ================================================================================


==> QMin Job description for:
Initial condition ICOND_00029/

Tasks:	H	DM	Grad	Nac(ddr)	Overlaps	Phases
States: 	2 Singlet

Method:
Electrons per Multiplicity:	42
Job ID per Multiplicity:	1
Level of Theory per Job ID:
1:	SA(2+0+0)-CASSCF(6,6)/6-31G*

Found Geo! NAtom is 12.

Geometry in Bohrs:
C -0.1778 -2.5133 -0.0305 
C  2.3531 -2.5192  0.0938 
C  3.1598  0.1340 -0.1187 
C  1.0345  1.6287  0.0788 
H -1.4211 -4.5267 -0.4016 
H  3.4511 -4.2435  0.0148 
H  5.2391  0.2819 -0.3420 
H  1.1022  3.7524  0.0686 
C -1.2129 -0.0060  0.1193 
C -3.6231  0.7490 -0.0738 
H -4.3479  2.7875 -0.1602 
H -5.1733 -0.5708  0.0012 

Gradients:   X X 

Non-adiabatic couplings:
. X 
X . 

wfthres: 1.0
docicas: True
newstep: []
nstates: 2
unit: ['bohr']
phases: []
njobs: 1
initorbs: {1: '/user/julia/Tutorial/1_TrainingSet/Initial/ICOND_00029/SAVE/wf.1.old'}
delay: 0.0
scratchdir: /user/julia/Tutorial/1_TrainingSet/Initial/ICOND_00029/ICOND_00029
cleanup: []
wfoverlap: /user/julia/software/SchNarc/sharc/source/../bin/wfoverlap.x
template: {'gradaccudefault': 1e-05, 'gradaccumax': 0.01, 'basis': '6-31G*', 'occ': [24], 'nelec': {1: [42, 41, 42]}, 'closed': [18], 'rootpad': {1: [0, 0, 0]}, 'dkho': 0, 'roots': {1: [2, 0, 0]}}
memory: 500
multmap: {1: 1, -1: [1]}
ndocc: 0
jobs: [1]
ncore: 0
maxmult: 1
ncpu: 1
pwd: /user/julia/Tutorial/1_TrainingSet/Initial/ICOND_00029
statemap: {1: [1, 1, 0.0], 2: [1, 2, 0.0]}
molpro: /usr/license/molpro/molpros_2012_1_5_Linux_x86_64_i8/bin/
nmstates: 2
savedir: /user/julia/Tutorial/1_TrainingSet/Initial/ICOND_00029/SAVE
nacmap: [(1, 1, 1, 2)]
natom: 12
gradmap: [(1, 1), (1, 2)]
joblist: [1]


>>>>>>>>>>>>> Starting the MOLPRO job execution
START:	/user/julia/Tutorial/1_TrainingSet/Initial/ICOND_00029/ICOND_00029/integrals	2021-08-25 23:21:19.861260	"/usr/license/molpro/molpros_2012_1_5_Linux_x86_64_i8/bin/molpro -W./ -I./ -d./ MOLPRO.input"
FINISH:	/user/julia/Tutorial/1_TrainingSet/Initial/ICOND_00029/ICOND_00029/integrals	2021-08-25 23:22:48.861976	Runtime: 0:01:29.000716	Error Code: 0
Error Codes:
	integrals 	0

START:	/user/julia/Tutorial/1_TrainingSet/Initial/ICOND_00029/ICOND_00029/master_1	2021-08-25 23:22:56.850740	"/usr/license/molpro/molpros_2012_1_5_Linux_x86_64_i8/bin/molpro -W./ -I./ -d./ MOLPRO.input"
FINISH:	/user/julia/Tutorial/1_TrainingSet/Initial/ICOND_00029/ICOND_00029/master_1	2021-08-25 23:27:34.778069	Runtime: 0:04:37.927329	Error Code: 0
Error Codes:
	master_1  	0

START:	/user/julia/Tutorial/1_TrainingSet/Initial/ICOND_00029/ICOND_00029/grad_1_1	2021-08-25 23:27:40.442475	"/usr/license/molpro/molpros_2012_1_5_Linux_x86_64_i8/bin/molpro -W./ -I./ -d./ MOLPRO.input"
FINISH:	/user/julia/Tutorial/1_TrainingSet/Initial/ICOND_00029/ICOND_00029/grad_1_1	2021-08-25 23:30:06.491211	Runtime: 0:02:26.048736	Error Code: 0
START:	/user/julia/Tutorial/1_TrainingSet/Initial/ICOND_00029/ICOND_00029/nac_1_1_1_2	2021-08-25 23:30:16.248420	"/usr/license/molpro/molpros_2012_1_5_Linux_x86_64_i8/bin/molpro -W./ -I./ -d./ MOLPRO.input"
FINISH:	/user/julia/Tutorial/1_TrainingSet/Initial/ICOND_00029/ICOND_00029/nac_1_1_1_2	2021-08-25 23:32:36.181204	Runtime: 0:02:19.932784	Error Code: 0
START:	/user/julia/Tutorial/1_TrainingSet/Initial/ICOND_00029/ICOND_00029/grad_1_2	2021-08-25 23:32:39.987623	"/usr/license/molpro/molpros_2012_1_5_Linux_x86_64_i8/bin/molpro -W./ -I./ -d./ MOLPRO.input"
FINISH:	/user/julia/Tutorial/1_TrainingSet/Initial/ICOND_00029/ICOND_00029/grad_1_2	2021-08-25 23:34:54.892705	Runtime: 0:02:14.905082	Error Code: 0
Error Codes:
	grad_1_1  	0	nac_1_1_1_2	0	grad_1_2  	0

>>>>>>>>>>>>> Starting the WFOVERLAP job execution
START:	/user/julia/Tutorial/1_TrainingSet/Initial/ICOND_00029/ICOND_00029/CI_CAS_1_1	2021-08-25 23:34:55.534838	"/user/julia/software/SchNarc/sharc/source/../bin/wfoverlap.x -m 500 -f wfovl.inp"
FINISH:	/user/julia/Tutorial/1_TrainingSet/Initial/ICOND_00029/ICOND_00029/CI_CAS_1_1	2021-08-25 23:34:57.351199	Runtime: 0:00:01.816361	Error Code: 0
START:	/user/julia/Tutorial/1_TrainingSet/Initial/ICOND_00029/ICOND_00029/AOoverlap	2021-08-25 23:34:58.216086	"/usr/license/molpro/molpros_2012_1_5_Linux_x86_64_i8/bin/molpro -W./ -I./ -d./ MOLPRO.input"
FINISH:	/user/julia/Tutorial/1_TrainingSet/Initial/ICOND_00029/ICOND_00029/AOoverlap	2021-08-25 23:35:06.680202	Runtime: 0:00:08.464116	Error Code: 0
START:	/user/julia/Tutorial/1_TrainingSet/Initial/ICOND_00029/ICOND_00029/WFOVL_1_1	2021-08-25 23:35:07.116418	"/user/julia/software/SchNarc/sharc/source/../bin/wfoverlap.x -m 500 -f wfovl.inp"
FINISH:	/user/julia/Tutorial/1_TrainingSet/Initial/ICOND_00029/ICOND_00029/WFOVL_1_1	2021-08-25 23:35:07.302438	Runtime: 0:00:00.186020	Error Code: 0
Error Codes:
	CI_CAS_1_1	0	WFOVL_1_1 	0

===> Results:

=> Hamiltonian Matrix:
Diagonal Shift:   -230.00
Real Part:
----------------------
|-6.778e-01            |
|           -5.374e-01 |
----------------------

=> Dipole Moment Matrices:

Polarisation X:
Real Part:
----------------------
|-1.128e-01 -5.661e-02 |
|-5.661e-02  2.526e-01 |
----------------------

Polarisation Y:
Real Part:
----------------------
| 2.509e-02 -1.889e-01 |
|-1.889e-01 -3.377e-02 |
----------------------

Polarisation Z:
Real Part:
----------------------
|-7.263e-02 -4.495e-02 |
|-4.495e-02 -8.870e-02 |
----------------------

=> Gradient Vectors:

Singlet	1	Ms=  0.0:
1	C	 0.05932	 0.11494	 0.00408	
2	C	 0.01093	 0.00857	 0.01649	
3	C	-0.01943	 0.01630	-0.01393	
4	C	-0.04258	-0.03995	 0.00795	
5	H	-0.03846	-0.07495	-0.02000	
6	H	-0.00372	-0.01206	 0.00099	
7	H	 0.02626	-0.02802	-0.00471	
8	H	 0.00829	 0.03433	 0.00021	
9	C	-0.00963	-0.02573	 0.01322	
10	C	 0.03967	-0.03479	-0.00468	
11	H	-0.02595	 0.03733	-0.00408	
12	H	-0.00469	 0.00403	 0.00446	

Singlet	2	Ms=  0.0:
1	C	 0.15677	 0.03829	 0.00845	
2	C	-0.10684	-0.05948	 0.01645	
3	C	-0.07608	 0.14198	-0.01023	
4	C	 0.07174	-0.03686	 0.00324	
5	H	-0.03926	-0.07510	-0.01728	
6	H	-0.00463	-0.01312	-0.00022	
7	H	 0.02749	-0.02694	-0.00569	
8	H	 0.00776	 0.03398	-0.00091	
9	C	-0.17227	 0.02991	-0.00129	
10	C	 0.16590	-0.07346	 0.01004	
11	H	-0.02563	 0.03929	-0.00197	
12	H	-0.00494	 0.00151	-0.00060	

=> Analytical Non-adiabatic coupling vectors:

Singlet	States 1 - 1	Ms=  0.0:
		...is identical zero...

Singlet	States 1 - 2	Ms=  0.0:
1	C	-0.27694	 0.22123	 0.02633	
2	C	-0.02602	 0.07391	-0.02880	
3	C	 0.07104	 0.01652	-0.00910	
4	C	 0.33127	 0.04703	-0.02049	
5	H	-0.00316	-0.00105	 0.00668	
6	H	 0.00353	-0.00153	 0.01084	
7	H	-0.00160	 0.00573	 0.01260	
8	H	 0.00374	 0.00147	 0.00296	
9	C	-0.12736	-0.43264	-0.00550	
10	C	 0.01530	 0.04339	 0.00264	
11	H	-0.00363	 0.00303	 0.00198	
12	H	 0.00561	 0.00007	-0.00531	

Singlet	States 2 - 1	Ms=  0.0:
1	C	 0.27694	-0.22123	-0.02633	
2	C	 0.02602	-0.07391	 0.02880	
3	C	-0.07104	-0.01652	 0.00910	
4	C	-0.33127	-0.04703	 0.02049	
5	H	 0.00316	 0.00105	-0.00668	
6	H	-0.00353	 0.00153	-0.01084	
7	H	 0.00160	-0.00573	-0.01260	
8	H	-0.00374	-0.00147	-0.00296	
9	C	 0.12736	 0.43264	 0.00550	
10	C	-0.01530	-0.04339	-0.00264	
11	H	 0.00363	-0.00303	-0.00198	
12	H	-0.00561	-0.00007	 0.00531	

Singlet	States 2 - 2	Ms=  0.0:
		...is identical zero...

=> Overlap matrix:

Real Part:
----------------------
| 4.231e-01 -3.182e-03 |
| 1.477e-03  4.204e-01 |
----------------------

=> Wavefunction Phases:
2

 1.0  0.0
 1.0  0.0


==> Runtime:
0 Days	0 Hours	13 Minutes	48 Seconds


===> Writing output to file QM.out in SHARC Format

2021-08-25 23:35:08.280239
#================ END ================#
