! 1 Hamiltonian Matrix (2x2, complex)
2 2
-2.306777969713E+002  0.000000000000E+000  0.000000000000E+000  0.000000000000E+000 
 0.000000000000E+000  0.000000000000E+000 -2.305374427375E+002  0.000000000000E+000 

! 2 Dipole Moment Matrices (3x2x2, complex)
2 2
-1.127976500000E-001  0.000000000000E+000 -5.660921336200E-002  0.000000000000E+000 
-5.660921336200E-002  0.000000000000E+000  2.526171500000E-001  0.000000000000E+000 
2 2
 2.508779000000E-002  0.000000000000E+000 -1.889466486940E-001  0.000000000000E+000 
-1.889466486940E-001  0.000000000000E+000 -3.376755000000E-002  0.000000000000E+000 
2 2
-7.262725000000E-002  0.000000000000E+000 -4.495377933700E-002  0.000000000000E+000 
-4.495377933700E-002  0.000000000000E+000 -8.869862000000E-002  0.000000000000E+000 
! 3 Gradient Vectors (2x12x3, real)
12 3 ! 1 1 0
 5.932275900000E-002  1.149384460000E-001  4.075017000000E-003 
 1.093036300000E-002  8.572631000000E-003  1.649234900000E-002 
-1.942962300000E-002  1.630318600000E-002 -1.392963000000E-002 
-4.257773700000E-002 -3.994998700000E-002  7.953044000000E-003 
-3.846238600000E-002 -7.494691800000E-002 -2.000141700000E-002 
-3.723574000000E-003 -1.206156800000E-002  9.854910000000E-004 
 2.625702600000E-002 -2.802385500000E-002 -4.713215000000E-003 
 8.289280000000E-003  3.433272700000E-002  2.100440000000E-004 
-9.634822000000E-003 -2.572867100000E-002  1.322427200000E-002 
 3.967499900000E-002 -3.479468400000E-002 -4.675582000000E-003 
-2.595260600000E-002  3.733012800000E-002 -4.084771000000E-003 
-4.693678000000E-003  4.028566000000E-003  4.464400000000E-003 
12 3 ! 1 2 0
 1.567725280000E-001  3.829103800000E-002  8.453855000000E-003 
-1.068440370000E-001 -5.947564700000E-002  1.644704500000E-002 
-7.607589600000E-002  1.419765730000E-001 -1.023274400000E-002 
 7.174051300000E-002 -3.685664100000E-002  3.235705000000E-003 
-3.926289700000E-002 -7.510047300000E-002 -1.727674200000E-002 
-4.634076000000E-003 -1.311646500000E-002 -2.158230000000E-004 
 2.748824400000E-002 -2.694459700000E-002 -5.691124000000E-003 
 7.758001000000E-003  3.398089300000E-002 -9.113310000000E-004 
-1.722733470000E-001  2.990944500000E-002 -1.285927000000E-003 
 1.659017290000E-001 -7.346456300000E-002  1.004186800000E-002 
-2.562903100000E-002  3.928783800000E-002 -1.969504000000E-003 
-4.941731000000E-003  1.512598000000E-003 -5.952790000000E-004 
! 5 Non-adiabatic couplings (ddr) (2x2x12x3, real)
12 3 ! 1 1 0 1 1 0
 0.000000000000E+000  0.000000000000E+000  0.000000000000E+000 
 0.000000000000E+000  0.000000000000E+000  0.000000000000E+000 
 0.000000000000E+000  0.000000000000E+000  0.000000000000E+000 
 0.000000000000E+000  0.000000000000E+000  0.000000000000E+000 
 0.000000000000E+000  0.000000000000E+000  0.000000000000E+000 
 0.000000000000E+000  0.000000000000E+000  0.000000000000E+000 
 0.000000000000E+000  0.000000000000E+000  0.000000000000E+000 
 0.000000000000E+000  0.000000000000E+000  0.000000000000E+000 
 0.000000000000E+000  0.000000000000E+000  0.000000000000E+000 
 0.000000000000E+000  0.000000000000E+000  0.000000000000E+000 
 0.000000000000E+000  0.000000000000E+000  0.000000000000E+000 
 0.000000000000E+000  0.000000000000E+000  0.000000000000E+000 
12 3 ! 1 1 0 1 2 0
-2.769384480000E-001  2.212327380000E-001  2.632941700000E-002 
-2.601894400000E-002  7.391386400000E-002 -2.880306200000E-002 
 7.104063200000E-002  1.652416300000E-002 -9.104570000000E-003 
 3.312696690000E-001  4.703362500000E-002 -2.048844300000E-002 
-3.164490000000E-003 -1.051980000000E-003  6.683685000000E-003 
 3.533302000000E-003 -1.534922000000E-003  1.084041200000E-002 
-1.599001000000E-003  5.729724000000E-003  1.260410100000E-002 
 3.736186000000E-003  1.473987000000E-003  2.962536000000E-003 
-1.273572550000E-001 -4.326438530000E-001 -5.497557000000E-003 
 1.529664300000E-002  4.338637100000E-002  2.636920000000E-003 
-3.627948000000E-003  3.034511000000E-003  1.983785000000E-003 
 5.605285000000E-003  6.657500000000E-005 -5.310460000000E-003 
12 3 ! 1 2 0 1 1 0
 2.769384480000E-001 -2.212327380000E-001 -2.632941700000E-002 
 2.601894400000E-002 -7.391386400000E-002  2.880306200000E-002 
-7.104063200000E-002 -1.652416300000E-002  9.104570000000E-003 
-3.312696690000E-001 -4.703362500000E-002  2.048844300000E-002 
 3.164490000000E-003  1.051980000000E-003 -6.683685000000E-003 
-3.533302000000E-003  1.534922000000E-003 -1.084041200000E-002 
 1.599001000000E-003 -5.729724000000E-003 -1.260410100000E-002 
-3.736186000000E-003 -1.473987000000E-003 -2.962536000000E-003 
 1.273572550000E-001  4.326438530000E-001  5.497557000000E-003 
-1.529664300000E-002 -4.338637100000E-002 -2.636920000000E-003 
 3.627948000000E-003 -3.034511000000E-003 -1.983785000000E-003 
-5.605285000000E-003 -6.657500000000E-005  5.310460000000E-003 
12 3 ! 1 2 0 1 2 0
 0.000000000000E+000  0.000000000000E+000  0.000000000000E+000 
 0.000000000000E+000  0.000000000000E+000  0.000000000000E+000 
 0.000000000000E+000  0.000000000000E+000  0.000000000000E+000 
 0.000000000000E+000  0.000000000000E+000  0.000000000000E+000 
 0.000000000000E+000  0.000000000000E+000  0.000000000000E+000 
 0.000000000000E+000  0.000000000000E+000  0.000000000000E+000 
 0.000000000000E+000  0.000000000000E+000  0.000000000000E+000 
 0.000000000000E+000  0.000000000000E+000  0.000000000000E+000 
 0.000000000000E+000  0.000000000000E+000  0.000000000000E+000 
 0.000000000000E+000  0.000000000000E+000  0.000000000000E+000 
 0.000000000000E+000  0.000000000000E+000  0.000000000000E+000 
 0.000000000000E+000  0.000000000000E+000  0.000000000000E+000 
! 6 Overlap matrix (2x2, complex)
2 2
 4.231026596000E-001  0.000000000000E+000 -3.182383200000E-003  0.000000000000E+000 
 1.476640300000E-003  0.000000000000E+000  4.203884812000E-001  0.000000000000E+000 

! 7 Phases
2 ! for all nmstates
 1.000000000E+000  0.000000000E+000
 1.000000000E+000  0.000000000E+000
! 8 Runtime
 8.289206920000E+002
