2021-08-25 23:21:13.756476 thorium /user/julia/Tutorial/1_TrainingSet/Initial/ICOND_00016

  ================================================================================
||                                                                                ||
||                         SHARC - MOLPRO2012 - Interface                         ||
||                                                                                ||
||                             Author: Sebastian Mai                              ||
||                                                                                ||
||                                  Version: 2.1                                  ||
||                                 Date: 01.09.19                                 ||
||                                                                                ||
  ================================================================================


==> QMin Job description for:
Initial condition ICOND_00016/

Tasks:	H	DM	Grad	Nac(ddr)	Overlaps	Phases
States: 	2 Singlet

Method:
Electrons per Multiplicity:	42
Job ID per Multiplicity:	1
Level of Theory per Job ID:
1:	SA(2+0+0)-CASSCF(6,6)/6-31G*

Found Geo! NAtom is 12.

Geometry in Bohrs:
C -0.2839 -2.6516 -0.0835 
C  2.2715 -2.5725  0.1578 
C  3.1341  0.2026 -0.0102 
C  1.0943  1.7226  0.0402 
H -1.5286 -4.0457 -0.2752 
H  3.5688 -4.0448  0.2296 
H  5.0042  0.5894  0.0521 
H  1.3070  3.6078  0.1457 
C -1.1540 -0.0452 -0.1951 
C -3.5631  0.7592  0.0723 
H -3.9477  2.6459  0.0545 
H -5.1404 -0.5803  0.0146 

Gradients:   X X 

Non-adiabatic couplings:
. X 
X . 

wfthres: 1.0
docicas: True
newstep: []
nstates: 2
unit: ['bohr']
phases: []
njobs: 1
initorbs: {1: '/user/julia/Tutorial/1_TrainingSet/Initial/ICOND_00016/SAVE/wf.1.old'}
delay: 0.0
scratchdir: /user/julia/Tutorial/1_TrainingSet/Initial/ICOND_00016/ICOND_00016
cleanup: []
wfoverlap: /user/julia/software/SchNarc/sharc/source/../bin/wfoverlap.x
template: {'gradaccudefault': 1e-05, 'gradaccumax': 0.01, 'basis': '6-31G*', 'occ': [24], 'nelec': {1: [42, 41, 42]}, 'closed': [18], 'rootpad': {1: [0, 0, 0]}, 'dkho': 0, 'roots': {1: [2, 0, 0]}}
memory: 500
multmap: {1: 1, -1: [1]}
ndocc: 0
jobs: [1]
ncore: 0
maxmult: 1
ncpu: 1
pwd: /user/julia/Tutorial/1_TrainingSet/Initial/ICOND_00016
statemap: {1: [1, 1, 0.0], 2: [1, 2, 0.0]}
molpro: /usr/license/molpro/molpros_2012_1_5_Linux_x86_64_i8/bin/
nmstates: 2
savedir: /user/julia/Tutorial/1_TrainingSet/Initial/ICOND_00016/SAVE
nacmap: [(1, 1, 1, 2)]
natom: 12
gradmap: [(1, 1), (1, 2)]
joblist: [1]


>>>>>>>>>>>>> Starting the MOLPRO job execution
START:	/user/julia/Tutorial/1_TrainingSet/Initial/ICOND_00016/ICOND_00016/integrals	2021-08-25 23:21:15.145531	"/usr/license/molpro/molpros_2012_1_5_Linux_x86_64_i8/bin/molpro -W./ -I./ -d./ MOLPRO.input"
FINISH:	/user/julia/Tutorial/1_TrainingSet/Initial/ICOND_00016/ICOND_00016/integrals	2021-08-25 23:23:37.785644	Runtime: 0:02:22.640113	Error Code: 0
Error Codes:
	integrals 	0

START:	/user/julia/Tutorial/1_TrainingSet/Initial/ICOND_00016/ICOND_00016/master_1	2021-08-25 23:23:53.329666	"/usr/license/molpro/molpros_2012_1_5_Linux_x86_64_i8/bin/molpro -W./ -I./ -d./ MOLPRO.input"
FINISH:	/user/julia/Tutorial/1_TrainingSet/Initial/ICOND_00016/ICOND_00016/master_1	2021-08-25 23:31:19.764258	Runtime: 0:07:26.434592	Error Code: 0
Error Codes:
	master_1  	0

START:	/user/julia/Tutorial/1_TrainingSet/Initial/ICOND_00016/ICOND_00016/grad_1_1	2021-08-25 23:31:25.781889	"/usr/license/molpro/molpros_2012_1_5_Linux_x86_64_i8/bin/molpro -W./ -I./ -d./ MOLPRO.input"
FINISH:	/user/julia/Tutorial/1_TrainingSet/Initial/ICOND_00016/ICOND_00016/grad_1_1	2021-08-25 23:35:11.871758	Runtime: 0:03:46.089869	Error Code: 0
START:	/user/julia/Tutorial/1_TrainingSet/Initial/ICOND_00016/ICOND_00016/nac_1_1_1_2	2021-08-25 23:35:16.396867	"/usr/license/molpro/molpros_2012_1_5_Linux_x86_64_i8/bin/molpro -W./ -I./ -d./ MOLPRO.input"
FINISH:	/user/julia/Tutorial/1_TrainingSet/Initial/ICOND_00016/ICOND_00016/nac_1_1_1_2	2021-08-25 23:36:26.253579	Runtime: 0:01:09.856712	Error Code: 0
START:	/user/julia/Tutorial/1_TrainingSet/Initial/ICOND_00016/ICOND_00016/grad_1_2	2021-08-25 23:36:33.407659	"/usr/license/molpro/molpros_2012_1_5_Linux_x86_64_i8/bin/molpro -W./ -I./ -d./ MOLPRO.input"
FINISH:	/user/julia/Tutorial/1_TrainingSet/Initial/ICOND_00016/ICOND_00016/grad_1_2	2021-08-25 23:37:31.294941	Runtime: 0:00:57.887282	Error Code: 0
Error Codes:
	grad_1_1  	0	nac_1_1_1_2	0	grad_1_2  	0

>>>>>>>>>>>>> Starting the WFOVERLAP job execution
START:	/user/julia/Tutorial/1_TrainingSet/Initial/ICOND_00016/ICOND_00016/CI_CAS_1_1	2021-08-25 23:37:31.455038	"/user/julia/software/SchNarc/sharc/source/../bin/wfoverlap.x -m 500 -f wfovl.inp"
FINISH:	/user/julia/Tutorial/1_TrainingSet/Initial/ICOND_00016/ICOND_00016/CI_CAS_1_1	2021-08-25 23:37:31.513878	Runtime: 0:00:00.058840	Error Code: 0
START:	/user/julia/Tutorial/1_TrainingSet/Initial/ICOND_00016/ICOND_00016/AOoverlap	2021-08-25 23:37:31.523755	"/usr/license/molpro/molpros_2012_1_5_Linux_x86_64_i8/bin/molpro -W./ -I./ -d./ MOLPRO.input"
FINISH:	/user/julia/Tutorial/1_TrainingSet/Initial/ICOND_00016/ICOND_00016/AOoverlap	2021-08-25 23:37:32.690586	Runtime: 0:00:01.166831	Error Code: 0
START:	/user/julia/Tutorial/1_TrainingSet/Initial/ICOND_00016/ICOND_00016/WFOVL_1_1	2021-08-25 23:37:32.738038	"/user/julia/software/SchNarc/sharc/source/../bin/wfoverlap.x -m 500 -f wfovl.inp"
FINISH:	/user/julia/Tutorial/1_TrainingSet/Initial/ICOND_00016/ICOND_00016/WFOVL_1_1	2021-08-25 23:37:32.790480	Runtime: 0:00:00.052442	Error Code: 0
Error Codes:
	CI_CAS_1_1	0	WFOVL_1_1 	0

===> Results:

=> Hamiltonian Matrix:
Diagonal Shift:   -230.00
Real Part:
----------------------
|-6.912e-01            |
|           -5.266e-01 |
----------------------

=> Dipole Moment Matrices:

Polarisation X:
Real Part:
----------------------
|-7.882e-02 -7.708e-02 |
|-7.708e-02  2.615e-01 |
----------------------

Polarisation Y:
Real Part:
----------------------
| 2.587e-02 -1.793e-01 |
|-1.793e-01 -1.783e-02 |
----------------------

Polarisation Z:
Real Part:
----------------------
|-2.299e-02 -4.321e-02 |
|-4.321e-02  1.015e-02 |
----------------------

=> Gradient Vectors:

Singlet	1	Ms=  0.0:
1	C	-0.05870	-0.06617	-0.00226	
2	C	 0.00966	-0.04525	 0.01864	
3	C	 0.05373	 0.06096	-0.01516	
4	C	-0.00051	 0.09000	 0.01798	
5	H	 0.04172	 0.06376	 0.00242	
6	H	-0.01537	 0.02513	-0.00206	
7	H	-0.05416	-0.02113	-0.00338	
8	H	 0.01304	-0.06432	 0.00054	
9	C	 0.00506	-0.04322	-0.02574	
10	C	 0.00006	 0.05848	 0.01402	
11	H	 0.01436	-0.04749	-0.00312	
12	H	-0.00888	-0.01077	-0.00188	

Singlet	2	Ms=  0.0:
1	C	 0.03305	-0.13375	 0.00254	
2	C	-0.10760	-0.10506	 0.00862	
3	C	-0.00517	 0.18218	-0.01704	
4	C	 0.11229	 0.08455	 0.01836	
5	H	 0.04190	 0.06395	 0.00337	
6	H	-0.01585	 0.02354	 0.00054	
7	H	-0.05358	-0.01984	-0.00142	
8	H	 0.01265	-0.06492	-0.00224	
9	C	-0.14789	 0.01091	-0.00429	
10	C	 0.12373	 0.01656	-0.00903	
11	H	 0.01573	-0.04551	 0.00071	
12	H	-0.00927	-0.01261	-0.00013	

=> Analytical Non-adiabatic coupling vectors:

Singlet	States 1 - 1	Ms=  0.0:
		...is identical zero...

Singlet	States 1 - 2	Ms=  0.0:
1	C	-0.24023	 0.20508	-0.02625	
2	C	-0.00340	 0.07350	-0.02558	
3	C	 0.06617	-0.01057	-0.00274	
4	C	 0.23867	 0.03020	 0.02587	
5	H	-0.00087	 0.00571	 0.00303	
6	H	 0.00421	-0.00006	 0.01195	
7	H	-0.00450	 0.00155	 0.00655	
8	H	 0.00529	 0.00126	 0.00476	
9	C	-0.05935	-0.38135	-0.00587	
10	C	-0.01722	 0.04800	 0.00462	
11	H	-0.00440	 0.00199	-0.00643	
12	H	 0.00511	 0.00011	 0.00355	

Singlet	States 2 - 1	Ms=  0.0:
1	C	 0.24023	-0.20508	 0.02625	
2	C	 0.00340	-0.07350	 0.02558	
3	C	-0.06617	 0.01057	 0.00274	
4	C	-0.23867	-0.03020	-0.02587	
5	H	 0.00087	-0.00571	-0.00303	
6	H	-0.00421	 0.00006	-0.01195	
7	H	 0.00450	-0.00155	-0.00655	
8	H	-0.00529	-0.00126	-0.00476	
9	C	 0.05935	 0.38135	 0.00587	
10	C	 0.01722	-0.04800	-0.00462	
11	H	 0.00440	-0.00199	 0.00643	
12	H	-0.00511	-0.00011	-0.00355	

Singlet	States 2 - 2	Ms=  0.0:
		...is identical zero...

=> Overlap matrix:

Real Part:
----------------------
| 2.965e-01  8.654e-03 |
|-8.959e-03  2.940e-01 |
----------------------

=> Wavefunction Phases:
2

 1.0  0.0
 1.0  0.0


==> Runtime:
0 Days	0 Hours	16 Minutes	19 Seconds


===> Writing output to file QM.out in SHARC Format

2021-08-25 23:37:32.927623
#================ END ================#
2021-08-26 16:39:59.990485 polonium1 /user/julia/Tutorial/1_TrainingSet/Initial/ICOND_00016

  ================================================================================
||                                                                                ||
||                         SHARC - MOLPRO2012 - Interface                         ||
||                                                                                ||
||                             Author: Sebastian Mai                              ||
||                                                                                ||
||                                  Version: 2.1                                  ||
||                                 Date: 01.09.19                                 ||
||                                                                                ||
  ================================================================================


File /user/julia/Tutorial/1_TrainingSet/Initial/ICOND_00016/SAVE/wf.1 missing in savedir!
