! 1 Hamiltonian Matrix (2x2, complex)
2 2
-2.306912017093E+002  0.000000000000E+000  0.000000000000E+000  0.000000000000E+000 
 0.000000000000E+000  0.000000000000E+000 -2.305266287722E+002  0.000000000000E+000 

! 2 Dipole Moment Matrices (3x2x2, complex)
2 2
-7.882108000000E-002  0.000000000000E+000 -7.708082149100E-002  0.000000000000E+000 
-7.708082149100E-002  0.000000000000E+000  2.615372400000E-001  0.000000000000E+000 
2 2
 2.586777000000E-002  0.000000000000E+000 -1.793406374270E-001  0.000000000000E+000 
-1.793406374270E-001  0.000000000000E+000 -1.782948000000E-002  0.000000000000E+000 
2 2
-2.298600000000E-002  0.000000000000E+000 -4.321324579300E-002  0.000000000000E+000 
-4.321324579300E-002  0.000000000000E+000  1.014656000000E-002  0.000000000000E+000 
! 3 Gradient Vectors (2x12x3, real)
12 3 ! 1 1 0
-5.870382800000E-002 -6.617004300000E-002 -2.255910000000E-003 
 9.655948000000E-003 -4.524905900000E-002  1.863883300000E-002 
 5.372737100000E-002  6.096227400000E-002 -1.515859300000E-002 
-5.146400000000E-004  8.999734100000E-002  1.797783300000E-002 
 4.171625700000E-002  6.376213000000E-002  2.422497000000E-003 
-1.536993900000E-002  2.513287900000E-002 -2.060315000000E-003 
-5.415998400000E-002 -2.112872000000E-002 -3.381865000000E-003 
 1.303890600000E-002 -6.431501400000E-002  5.354630000000E-004 
 5.062837000000E-003 -4.321791600000E-002 -2.573868100000E-002 
 6.190800000000E-005  5.848447500000E-002  1.402450000000E-002 
 1.436134800000E-002 -4.749065600000E-002 -3.122021000000E-003 
-8.876185000000E-003 -1.076769100000E-002 -1.881740000000E-003 
12 3 ! 1 2 0
 3.305032800000E-002 -1.337526180000E-001  2.539950000000E-003 
-1.075996550000E-001 -1.050576190000E-001  8.618273000000E-003 
-5.166017000000E-003  1.821775020000E-001 -1.703764800000E-002 
 1.122883520000E-001  8.455331100000E-002  1.836241300000E-002 
 4.189807300000E-002  6.395043600000E-002  3.369781000000E-003 
-1.584576500000E-002  2.353896800000E-002  5.373650000000E-004 
-5.357747400000E-002 -1.983687300000E-002 -1.418840000000E-003 
 1.265313700000E-002 -6.492147100000E-002 -2.241679000000E-003 
-1.478905420000E-001  1.090943100000E-002 -4.286829000000E-003 
 1.237308890000E-001  1.655539000000E-002 -9.030848000000E-003 
 1.573176100000E-002 -4.551107400000E-002  7.147320000000E-004 
-9.273087000000E-003 -1.260538400000E-002 -1.266700000000E-004 
! 5 Non-adiabatic couplings (ddr) (2x2x12x3, real)
12 3 ! 1 1 0 1 1 0
 0.000000000000E+000  0.000000000000E+000  0.000000000000E+000 
 0.000000000000E+000  0.000000000000E+000  0.000000000000E+000 
 0.000000000000E+000  0.000000000000E+000  0.000000000000E+000 
 0.000000000000E+000  0.000000000000E+000  0.000000000000E+000 
 0.000000000000E+000  0.000000000000E+000  0.000000000000E+000 
 0.000000000000E+000  0.000000000000E+000  0.000000000000E+000 
 0.000000000000E+000  0.000000000000E+000  0.000000000000E+000 
 0.000000000000E+000  0.000000000000E+000  0.000000000000E+000 
 0.000000000000E+000  0.000000000000E+000  0.000000000000E+000 
 0.000000000000E+000  0.000000000000E+000  0.000000000000E+000 
 0.000000000000E+000  0.000000000000E+000  0.000000000000E+000 
 0.000000000000E+000  0.000000000000E+000  0.000000000000E+000 
12 3 ! 1 1 0 1 2 0
-2.402295570000E-001  2.050770560000E-001 -2.624998900000E-002 
-3.395900000000E-003  7.350272600000E-002 -2.558200600000E-002 
 6.617188200000E-002 -1.056780100000E-002 -2.735304000000E-003 
 2.386683510000E-001  3.019620000000E-002  2.587248500000E-002 
-8.666700000000E-004  5.714395000000E-003  3.033824000000E-003 
 4.210149000000E-003 -5.877600000000E-005  1.194511100000E-002 
-4.503051000000E-003  1.545921000000E-003  6.547051000000E-003 
 5.293527000000E-003  1.257442000000E-003  4.755956000000E-003 
-5.935214500000E-002 -3.813507230000E-001 -5.874926000000E-003 
-1.721559200000E-002  4.800281600000E-002  4.616612000000E-003 
-4.400117000000E-003  1.989723000000E-003 -6.428894000000E-003 
 5.106429000000E-003  1.068200000000E-004  3.548196000000E-003 
12 3 ! 1 2 0 1 1 0
 2.402295570000E-001 -2.050770560000E-001  2.624998900000E-002 
 3.395900000000E-003 -7.350272600000E-002  2.558200600000E-002 
-6.617188200000E-002  1.056780100000E-002  2.735304000000E-003 
-2.386683510000E-001 -3.019620000000E-002 -2.587248500000E-002 
 8.666700000000E-004 -5.714395000000E-003 -3.033824000000E-003 
-4.210149000000E-003  5.877600000000E-005 -1.194511100000E-002 
 4.503051000000E-003 -1.545921000000E-003 -6.547051000000E-003 
-5.293527000000E-003 -1.257442000000E-003 -4.755956000000E-003 
 5.935214500000E-002  3.813507230000E-001  5.874926000000E-003 
 1.721559200000E-002 -4.800281600000E-002 -4.616612000000E-003 
 4.400117000000E-003 -1.989723000000E-003  6.428894000000E-003 
-5.106429000000E-003 -1.068200000000E-004 -3.548196000000E-003 
12 3 ! 1 2 0 1 2 0
 0.000000000000E+000  0.000000000000E+000  0.000000000000E+000 
 0.000000000000E+000  0.000000000000E+000  0.000000000000E+000 
 0.000000000000E+000  0.000000000000E+000  0.000000000000E+000 
 0.000000000000E+000  0.000000000000E+000  0.000000000000E+000 
 0.000000000000E+000  0.000000000000E+000  0.000000000000E+000 
 0.000000000000E+000  0.000000000000E+000  0.000000000000E+000 
 0.000000000000E+000  0.000000000000E+000  0.000000000000E+000 
 0.000000000000E+000  0.000000000000E+000  0.000000000000E+000 
 0.000000000000E+000  0.000000000000E+000  0.000000000000E+000 
 0.000000000000E+000  0.000000000000E+000  0.000000000000E+000 
 0.000000000000E+000  0.000000000000E+000  0.000000000000E+000 
 0.000000000000E+000  0.000000000000E+000  0.000000000000E+000 
! 6 Overlap matrix (2x2, complex)
2 2
 2.964753525000E-001  0.000000000000E+000  8.654242000000E-003  0.000000000000E+000 
-8.958784400000E-003  0.000000000000E+000  2.940177503000E-001  0.000000000000E+000 

! 7 Phases
2 ! for all nmstates
 1.000000000E+000  0.000000000E+000
 1.000000000E+000  0.000000000E+000
! 8 Runtime
 9.790848570000E+002
