! 1 Hamiltonian Matrix (2x2, complex)
2 2
-2.307082584627E+002  0.000000000000E+000  0.000000000000E+000  0.000000000000E+000 
 0.000000000000E+000  0.000000000000E+000 -2.305645845726E+002  0.000000000000E+000 

! 2 Dipole Moment Matrices (3x2x2, complex)
2 2
-1.627062700000E-001  0.000000000000E+000 -8.066236445200E-002  0.000000000000E+000 
-8.066236445200E-002  0.000000000000E+000  1.309574700000E-001  0.000000000000E+000 
2 2
 4.791571000000E-002  0.000000000000E+000 -2.062261026680E-001  0.000000000000E+000 
-2.062261026680E-001  0.000000000000E+000 -1.086527500000E-001  0.000000000000E+000 
2 2
 3.639981000000E-002  0.000000000000E+000 -1.800369651700E-002  0.000000000000E+000 
-1.800369651700E-002  0.000000000000E+000  3.858737000000E-002  0.000000000000E+000 
! 3 Gradient Vectors (2x12x3, real)
12 3 ! 1 1 0
 7.937584000000E-003 -1.001397200000E-002 -1.542143000000E-003 
 4.271012600000E-002 -9.668758000000E-003  5.736581000000E-003 
-5.719184500000E-002 -1.162483200000E-002 -1.554572100000E-002 
 1.217603200000E-002 -5.460617000000E-003  2.183940000000E-003 
-1.746532700000E-002 -1.666976900000E-002 -3.363530000000E-004 
-4.338178400000E-002  4.138166700000E-002 -1.268448000000E-003 
 3.624713300000E-002  9.695431000000E-003  9.993409000000E-003 
-1.541275000000E-003 -2.024809000000E-003 -2.291168000000E-003 
 5.186320800000E-002  3.470173000000E-003  3.395767000000E-003 
-3.305773900000E-002  1.215782200000E-002 -1.905651000000E-003 
-6.659100000000E-004 -3.040898600000E-002  1.430862000000E-003 
 2.369796000000E-003  1.916665000000E-002  1.489260000000E-004 
12 3 ! 1 2 0
 1.075455560000E-001 -7.291556900000E-002 -1.151511000000E-003 
-8.026267200000E-002 -8.488645000000E-002  6.460556000000E-003 
-1.172525660000E-001  1.161870210000E-001 -1.556939600000E-002 
 1.297569790000E-001 -4.079456000000E-003  1.624622000000E-003 
-1.771332900000E-002 -1.622945600000E-002 -4.678700000000E-005 
-4.454122000000E-002  4.036902400000E-002 -1.382252000000E-003 
 3.671584600000E-002  1.106872400000E-002  8.733042000000E-003 
-1.662424000000E-003 -2.263304000000E-003 -1.434881000000E-003 
-1.046462430000E-001  4.643915400000E-002  2.494472000000E-003 
 9.029529400000E-002 -2.267001700000E-002  1.570455000000E-003 
-5.700300000000E-005 -2.807003600000E-002 -2.092880000000E-003 
 1.821782000000E-003  1.705036600000E-002  7.945590000000E-004 
! 5 Non-adiabatic couplings (ddr) (2x2x12x3, real)
12 3 ! 1 1 0 1 1 0
 0.000000000000E+000  0.000000000000E+000  0.000000000000E+000 
 0.000000000000E+000  0.000000000000E+000  0.000000000000E+000 
 0.000000000000E+000  0.000000000000E+000  0.000000000000E+000 
 0.000000000000E+000  0.000000000000E+000  0.000000000000E+000 
 0.000000000000E+000  0.000000000000E+000  0.000000000000E+000 
 0.000000000000E+000  0.000000000000E+000  0.000000000000E+000 
 0.000000000000E+000  0.000000000000E+000  0.000000000000E+000 
 0.000000000000E+000  0.000000000000E+000  0.000000000000E+000 
 0.000000000000E+000  0.000000000000E+000  0.000000000000E+000 
 0.000000000000E+000  0.000000000000E+000  0.000000000000E+000 
 0.000000000000E+000  0.000000000000E+000  0.000000000000E+000 
 0.000000000000E+000  0.000000000000E+000  0.000000000000E+000 
12 3 ! 1 1 0 1 2 0
-2.276972740000E-001  2.107542640000E-001 -5.086415000000E-003 
-5.157931800000E-002  4.606694400000E-002 -3.210464000000E-003 
 5.891126300000E-002  5.564594100000E-002 -1.336868300000E-002 
 3.318066630000E-001  3.016151900000E-002  4.590360000000E-003 
-7.942490000000E-004  4.063843000000E-003  4.384710000000E-004 
 4.276945000000E-003 -1.605597000000E-003  4.663781000000E-003 
-3.534825000000E-003  2.570865000000E-003  3.329628000000E-003 
 4.271972000000E-003  3.023056000000E-003 -5.064990000000E-004 
-1.374063170000E-001 -4.235427470000E-001  1.076756300000E-002 
 1.131833000000E-002  4.414523900000E-002 -4.489903000000E-003 
-4.312012000000E-003  2.575194000000E-003  8.727530000000E-004 
 4.816403000000E-003 -1.580210000000E-004 -8.873420000000E-004 
12 3 ! 1 2 0 1 1 0
 2.276972740000E-001 -2.107542640000E-001  5.086415000000E-003 
 5.157931800000E-002 -4.606694400000E-002  3.210464000000E-003 
-5.891126300000E-002 -5.564594100000E-002  1.336868300000E-002 
-3.318066630000E-001 -3.016151900000E-002 -4.590360000000E-003 
 7.942490000000E-004 -4.063843000000E-003 -4.384710000000E-004 
-4.276945000000E-003  1.605597000000E-003 -4.663781000000E-003 
 3.534825000000E-003 -2.570865000000E-003 -3.329628000000E-003 
-4.271972000000E-003 -3.023056000000E-003  5.064990000000E-004 
 1.374063170000E-001  4.235427470000E-001 -1.076756300000E-002 
-1.131833000000E-002 -4.414523900000E-002  4.489903000000E-003 
 4.312012000000E-003 -2.575194000000E-003 -8.727530000000E-004 
-4.816403000000E-003  1.580210000000E-004  8.873420000000E-004 
12 3 ! 1 2 0 1 2 0
 0.000000000000E+000  0.000000000000E+000  0.000000000000E+000 
 0.000000000000E+000  0.000000000000E+000  0.000000000000E+000 
 0.000000000000E+000  0.000000000000E+000  0.000000000000E+000 
 0.000000000000E+000  0.000000000000E+000  0.000000000000E+000 
 0.000000000000E+000  0.000000000000E+000  0.000000000000E+000 
 0.000000000000E+000  0.000000000000E+000  0.000000000000E+000 
 0.000000000000E+000  0.000000000000E+000  0.000000000000E+000 
 0.000000000000E+000  0.000000000000E+000  0.000000000000E+000 
 0.000000000000E+000  0.000000000000E+000  0.000000000000E+000 
 0.000000000000E+000  0.000000000000E+000  0.000000000000E+000 
 0.000000000000E+000  0.000000000000E+000  0.000000000000E+000 
 0.000000000000E+000  0.000000000000E+000  0.000000000000E+000 
! 6 Overlap matrix (2x2, complex)
2 2
 9.987584761000E-001  0.000000000000E+000 -5.266885000000E-004  0.000000000000E+000 
 5.246055000000E-004  0.000000000000E+000  9.987543774000E-001  0.000000000000E+000 

! 7 Phases
2 ! for all nmstates
 1.000000000E+000  0.000000000E+000
 1.000000000E+000  0.000000000E+000
! 8 Runtime
 2.119414990000E+002
