! 1 Hamiltonian Matrix (2x2, complex)
2 2
-2.306808995508E+002  0.000000000000E+000  0.000000000000E+000  0.000000000000E+000 
 0.000000000000E+000  0.000000000000E+000 -2.305685391933E+002  0.000000000000E+000 

! 2 Dipole Moment Matrices (3x2x2, complex)
2 2
-1.132447200000E-001  0.000000000000E+000 -6.568461440000E-002  0.000000000000E+000 
-6.568461440000E-002  0.000000000000E+000  1.799700500000E-001  0.000000000000E+000 
2 2
 4.752041000000E-002  0.000000000000E+000 -1.900720217200E-001  0.000000000000E+000 
-1.900720217200E-001  0.000000000000E+000  1.839136000000E-002  0.000000000000E+000 
2 2
-6.268639000000E-002  0.000000000000E+000  2.258715488800E-002  0.000000000000E+000 
 2.258715488800E-002  0.000000000000E+000 -3.200600000000E-002  0.000000000000E+000 
! 3 Gradient Vectors (2x12x3, real)
12 3 ! 1 1 0
-8.464069000000E-003  3.358953900000E-002  1.456643200000E-002 
 3.385932400000E-002  2.234126200000E-002 -1.749371400000E-002 
 2.538682100000E-002 -1.162280900000E-002 -6.819016000000E-003 
-3.329571000000E-002 -1.735190000000E-004  5.877511000000E-003 
 7.932400000000E-003  2.419741600000E-002 -5.766510000000E-003 
-3.076477700000E-002  4.237912500000E-002  4.058782000000E-003 
-2.581195100000E-002 -1.565492600000E-002  5.365425000000E-003 
 2.435809200000E-002 -2.801622000000E-002 -5.991831000000E-003 
 4.532445700000E-002 -1.202755110000E-001  6.010889000000E-003 
-2.407774600000E-002  3.050442500000E-002  1.245294500000E-002 
-1.827571600000E-002  4.109168800000E-002 -1.001226700000E-002 
 3.828876000000E-003 -1.836047100000E-002 -2.248646000000E-003 
12 3 ! 1 2 0
 7.171039300000E-002 -2.617498600000E-002  1.861149000000E-002 
-8.082723300000E-002 -4.793754200000E-002 -7.607767000000E-003 
-2.937706800000E-002  1.206929950000E-001 -1.676856000000E-003 
 9.205390700000E-002  1.794418000000E-003  1.603621000000E-003 
 8.596831000000E-003  2.421565900000E-002 -5.131407000000E-003 
-3.182545900000E-002  4.009120900000E-002 -9.833880000000E-004 
-2.544228600000E-002 -1.403802100000E-002  3.141333000000E-003 
 2.474806300000E-002 -2.863923600000E-002 -1.976511000000E-003 
-1.008073190000E-001 -7.835612900000E-002 -4.901424000000E-003 
 8.480756400000E-002 -1.526432400000E-002  2.893482000000E-003 
-1.781830400000E-002  4.316736500000E-002 -4.413511000000E-003 
 4.180909000000E-003 -1.955140800000E-002  4.409380000000E-004 
! 5 Non-adiabatic couplings (ddr) (2x2x12x3, real)
12 3 ! 1 1 0 1 1 0
 0.000000000000E+000  0.000000000000E+000  0.000000000000E+000 
 0.000000000000E+000  0.000000000000E+000  0.000000000000E+000 
 0.000000000000E+000  0.000000000000E+000  0.000000000000E+000 
 0.000000000000E+000  0.000000000000E+000  0.000000000000E+000 
 0.000000000000E+000  0.000000000000E+000  0.000000000000E+000 
 0.000000000000E+000  0.000000000000E+000  0.000000000000E+000 
 0.000000000000E+000  0.000000000000E+000  0.000000000000E+000 
 0.000000000000E+000  0.000000000000E+000  0.000000000000E+000 
 0.000000000000E+000  0.000000000000E+000  0.000000000000E+000 
 0.000000000000E+000  0.000000000000E+000  0.000000000000E+000 
 0.000000000000E+000  0.000000000000E+000  0.000000000000E+000 
 0.000000000000E+000  0.000000000000E+000  0.000000000000E+000 
12 3 ! 1 1 0 1 2 0
-4.277536820000E-001  3.551095530000E-001  1.817457300000E-002 
 9.768092200000E-002  1.893151560000E-001  3.469194600000E-002 
 9.401566000000E-002 -9.528185000000E-002 -4.003755400000E-002 
 2.810471210000E-001  5.938168200000E-002 -9.481229000000E-003 
-4.169959000000E-003  8.039452000000E-003 -9.818846000000E-003 
 8.683652000000E-003  1.543608000000E-003 -8.464476000000E-003 
-4.430505000000E-003  2.401350000000E-003  8.635400000000E-004 
 6.872489000000E-003  8.116660000000E-004  4.054151000000E-003 
 1.042396300000E-002 -6.312777730000E-001  1.537807500000E-002 
-7.048378500000E-002  8.781511500000E-002  5.291997000000E-003 
-4.160896000000E-003  1.485443000000E-003 -1.130218000000E-003 
 7.320049000000E-003  6.783000000000E-004 -6.398220000000E-003 
12 3 ! 1 2 0 1 1 0
 4.277536820000E-001 -3.551095530000E-001 -1.817457300000E-002 
-9.768092200000E-002 -1.893151560000E-001 -3.469194600000E-002 
-9.401566000000E-002  9.528185000000E-002  4.003755400000E-002 
-2.810471210000E-001 -5.938168200000E-002  9.481229000000E-003 
 4.169959000000E-003 -8.039452000000E-003  9.818846000000E-003 
-8.683652000000E-003 -1.543608000000E-003  8.464476000000E-003 
 4.430505000000E-003 -2.401350000000E-003 -8.635400000000E-004 
-6.872489000000E-003 -8.116660000000E-004 -4.054151000000E-003 
-1.042396300000E-002  6.312777730000E-001 -1.537807500000E-002 
 7.048378500000E-002 -8.781511500000E-002 -5.291997000000E-003 
 4.160896000000E-003 -1.485443000000E-003  1.130218000000E-003 
-7.320049000000E-003 -6.783000000000E-004  6.398220000000E-003 
12 3 ! 1 2 0 1 2 0
 0.000000000000E+000  0.000000000000E+000  0.000000000000E+000 
 0.000000000000E+000  0.000000000000E+000  0.000000000000E+000 
 0.000000000000E+000  0.000000000000E+000  0.000000000000E+000 
 0.000000000000E+000  0.000000000000E+000  0.000000000000E+000 
 0.000000000000E+000  0.000000000000E+000  0.000000000000E+000 
 0.000000000000E+000  0.000000000000E+000  0.000000000000E+000 
 0.000000000000E+000  0.000000000000E+000  0.000000000000E+000 
 0.000000000000E+000  0.000000000000E+000  0.000000000000E+000 
 0.000000000000E+000  0.000000000000E+000  0.000000000000E+000 
 0.000000000000E+000  0.000000000000E+000  0.000000000000E+000 
 0.000000000000E+000  0.000000000000E+000  0.000000000000E+000 
 0.000000000000E+000  0.000000000000E+000  0.000000000000E+000 
! 6 Overlap matrix (2x2, complex)
2 2
 3.049451486000E-001  0.000000000000E+000  2.670543710000E-002  0.000000000000E+000 
-2.644277900000E-002  0.000000000000E+000  3.016314931000E-001  0.000000000000E+000 

! 7 Phases
2 ! for all nmstates
 1.000000000E+000  0.000000000E+000
 1.000000000E+000  0.000000000E+000
! 8 Runtime
 1.361612980000E+002
