! 1 Hamiltonian Matrix (2x2, complex)
2 2
-2.306824415614E+002  0.000000000000E+000  0.000000000000E+000  0.000000000000E+000 
 0.000000000000E+000  0.000000000000E+000 -2.304913284895E+002  0.000000000000E+000 

! 2 Dipole Moment Matrices (3x2x2, complex)
2 2
-6.626581000000E-002  0.000000000000E+000 -7.605608007500E-002  0.000000000000E+000 
-7.605608007500E-002  0.000000000000E+000  3.940360500000E-001  0.000000000000E+000 
2 2
 1.711153000000E-002  0.000000000000E+000 -2.394020576950E-001  0.000000000000E+000 
-2.394020576950E-001  0.000000000000E+000 -1.318581300000E-001  0.000000000000E+000 
2 2
 1.588990500000E-001  0.000000000000E+000 -4.619892121400E-002  0.000000000000E+000 
-4.619892121400E-002  0.000000000000E+000  1.537822900000E-001  0.000000000000E+000 
! 3 Gradient Vectors (2x12x3, real)
12 3 ! 1 1 0
-3.194145900000E-002 -6.905750600000E-002 -3.720502000000E-003 
-2.777594000000E-002 -6.874948100000E-002  7.252183000000E-003 
-5.668097000000E-002  2.152040100000E-002 -1.759527000000E-002 
 2.940641700000E-002  5.339744000000E-003  4.643973000000E-003 
 4.892854600000E-002  5.177343000000E-002 -5.317531000000E-003 
-2.316655200000E-002  4.823717500000E-002 -1.849892000000E-003 
 5.154560700000E-002  2.985929500000E-002  1.402016900000E-002 
 1.963379200000E-002 -1.734001400000E-002 -6.404790000000E-004 
-8.292483400000E-002  2.561324300000E-002  4.687001000000E-003 
 8.782484600000E-002 -4.195752000000E-002 -1.235780000000E-002 
-1.885714000000E-003  2.613156700000E-002  3.316564000000E-003 
-1.296373800000E-002 -1.137033500000E-002  7.561583000000E-003 
12 3 ! 1 2 0
 6.015423200000E-002 -1.299103130000E-001 -5.182606000000E-003 
-1.456315930000E-001 -1.335673570000E-001  9.346296000000E-003 
-1.167643070000E-001  1.408096070000E-001 -1.377270100000E-002 
 1.475927480000E-001  5.166573000000E-003  4.702789000000E-003 
 4.924928500000E-002  5.258809800000E-002 -5.076855000000E-003 
-2.339432700000E-002  4.630354600000E-002 -1.304730000000E-003 
 5.183652400000E-002  3.126555900000E-002  1.192599000000E-002 
 1.916335300000E-002 -1.782923200000E-002 -1.487910000000E-003 
-2.450325890000E-001  7.328521300000E-002 -1.354974700000E-002 
 2.175043260000E-001 -8.244476300000E-002  1.339454200000E-002 
-1.248431000000E-003  2.791849500000E-002  3.193000000000E-004 
-1.342922100000E-002 -1.358542600000E-002  6.856320000000E-004 
! 5 Non-adiabatic couplings (ddr) (2x2x12x3, real)
12 3 ! 1 1 0 1 1 0
 0.000000000000E+000  0.000000000000E+000  0.000000000000E+000 
 0.000000000000E+000  0.000000000000E+000  0.000000000000E+000 
 0.000000000000E+000  0.000000000000E+000  0.000000000000E+000 
 0.000000000000E+000  0.000000000000E+000  0.000000000000E+000 
 0.000000000000E+000  0.000000000000E+000  0.000000000000E+000 
 0.000000000000E+000  0.000000000000E+000  0.000000000000E+000 
 0.000000000000E+000  0.000000000000E+000  0.000000000000E+000 
 0.000000000000E+000  0.000000000000E+000  0.000000000000E+000 
 0.000000000000E+000  0.000000000000E+000  0.000000000000E+000 
 0.000000000000E+000  0.000000000000E+000  0.000000000000E+000 
 0.000000000000E+000  0.000000000000E+000  0.000000000000E+000 
 0.000000000000E+000  0.000000000000E+000  0.000000000000E+000 
12 3 ! 1 1 0 1 2 0
-1.929357100000E-001  1.453408720000E-001 -7.174946000000E-003 
-5.633788400000E-002  5.334436400000E-002  2.616358500000E-002 
 7.313830200000E-002 -3.655211000000E-003 -1.877387200000E-002 
 2.314303300000E-001  6.140412000000E-003 -1.614741900000E-002 
-5.043089000000E-003  4.376816000000E-003 -2.644686000000E-003 
 4.737986000000E-003 -7.116650000000E-004 -2.863650000000E-003 
-2.462316000000E-003 -9.360900000000E-005  3.819406000000E-003 
 5.990495000000E-003  6.395960000000E-004  3.614361000000E-003 
-7.575348300000E-002 -2.864774720000E-001  4.215387000000E-003 
 4.407736000000E-003  3.744614200000E-002  9.649610000000E-004 
-3.777494000000E-003  2.829817000000E-003  1.890835000000E-003 
 4.452743000000E-003 -2.119890000000E-004 -2.397760000000E-003 
12 3 ! 1 2 0 1 1 0
 1.929357100000E-001 -1.453408720000E-001  7.174946000000E-003 
 5.633788400000E-002 -5.334436400000E-002 -2.616358500000E-002 
-7.313830200000E-002  3.655211000000E-003  1.877387200000E-002 
-2.314303300000E-001 -6.140412000000E-003  1.614741900000E-002 
 5.043089000000E-003 -4.376816000000E-003  2.644686000000E-003 
-4.737986000000E-003  7.116650000000E-004  2.863650000000E-003 
 2.462316000000E-003  9.360900000000E-005 -3.819406000000E-003 
-5.990495000000E-003 -6.395960000000E-004 -3.614361000000E-003 
 7.575348300000E-002  2.864774720000E-001 -4.215387000000E-003 
-4.407736000000E-003 -3.744614200000E-002 -9.649610000000E-004 
 3.777494000000E-003 -2.829817000000E-003 -1.890835000000E-003 
-4.452743000000E-003  2.119890000000E-004  2.397760000000E-003 
12 3 ! 1 2 0 1 2 0
 0.000000000000E+000  0.000000000000E+000  0.000000000000E+000 
 0.000000000000E+000  0.000000000000E+000  0.000000000000E+000 
 0.000000000000E+000  0.000000000000E+000  0.000000000000E+000 
 0.000000000000E+000  0.000000000000E+000  0.000000000000E+000 
 0.000000000000E+000  0.000000000000E+000  0.000000000000E+000 
 0.000000000000E+000  0.000000000000E+000  0.000000000000E+000 
 0.000000000000E+000  0.000000000000E+000  0.000000000000E+000 
 0.000000000000E+000  0.000000000000E+000  0.000000000000E+000 
 0.000000000000E+000  0.000000000000E+000  0.000000000000E+000 
 0.000000000000E+000  0.000000000000E+000  0.000000000000E+000 
 0.000000000000E+000  0.000000000000E+000  0.000000000000E+000 
 0.000000000000E+000  0.000000000000E+000  0.000000000000E+000 
! 6 Overlap matrix (2x2, complex)
2 2
 4.569137648000E-001  0.000000000000E+000  6.169914300000E-003  0.000000000000E+000 
-7.542079100000E-003  0.000000000000E+000  4.524271676000E-001  0.000000000000E+000 

! 7 Phases
2 ! for all nmstates
 1.000000000E+000  0.000000000E+000
 1.000000000E+000  0.000000000E+000
! 8 Runtime
 1.510469820000E+002
