! 1 Hamiltonian Matrix (2x2, complex)
2 2
-2.306860706457E+002  0.000000000000E+000  0.000000000000E+000  0.000000000000E+000 
 0.000000000000E+000  0.000000000000E+000 -2.304935920439E+002  0.000000000000E+000 

! 2 Dipole Moment Matrices (3x2x2, complex)
2 2
-8.847786000000E-002  0.000000000000E+000 -3.025285673000E-002  0.000000000000E+000 
-3.025285673000E-002  0.000000000000E+000  3.606944800000E-001  0.000000000000E+000 
2 2
 2.374553000000E-002  0.000000000000E+000  2.684556687200E-001  0.000000000000E+000 
 2.684556687200E-001  0.000000000000E+000 -2.420289000000E-002  0.000000000000E+000 
2 2
 3.838538000000E-002  0.000000000000E+000 -2.592434336800E-002  0.000000000000E+000 
-2.592434336800E-002  0.000000000000E+000  8.611268000000E-002  0.000000000000E+000 
! 3 Gradient Vectors (2x12x3, real)
12 3 ! 1 1 0
 1.236903110000E-001 -4.006715300000E-002  1.168496700000E-002 
-3.871488600000E-002 -9.296543100000E-002 -1.988022000000E-003 
 8.571982100000E-002  3.359707800000E-002  2.692523000000E-003 
 1.658122500000E-002  5.380232000000E-002  9.345884000000E-003 
-5.401633000000E-003  7.187789000000E-003 -3.369483000000E-003 
-5.786903800000E-002  7.272382900000E-002 -6.430639000000E-003 
-8.439947300000E-002 -2.406299000000E-002 -5.129060000000E-004 
-2.629698000000E-003 -4.290046700000E-002  5.714460000000E-004 
-9.262192500000E-002  5.002302900000E-002 -1.356907500000E-002 
 6.006866400000E-002 -3.723807900000E-002 -1.348749000000E-003 
-5.011578000000E-003  1.823353000000E-002 -1.944914000000E-003 
 5.882090000000E-004  1.666546000000E-003  4.868966000000E-003 
12 3 ! 1 2 0
 2.196971110000E-001 -1.044969910000E-001  1.283643000000E-002 
-1.505732160000E-001 -1.560456430000E-001 -4.198405000000E-003 
 2.150395000000E-002  1.534207460000E-001  2.086787000000E-003 
 1.332586350000E-001  4.987480400000E-002  1.158394000000E-002 
-6.066434000000E-003  7.334976000000E-003 -2.507625000000E-003 
-5.935076600000E-002  7.080600700000E-002 -6.860058000000E-003 
-8.395220900000E-002 -2.241745600000E-002  1.597140000000E-003 
-3.043189000000E-003 -4.312341100000E-002 -1.623371000000E-003 
-2.574049880000E-001  9.999606100000E-002 -1.475513300000E-002 
 1.905689820000E-001 -7.474963400000E-002  2.478165000000E-003 
-4.397409000000E-003  2.031225100000E-002 -3.060030000000E-004 
-2.404660000000E-004 -9.117090000000E-004 -3.318670000000E-004 
! 5 Non-adiabatic couplings (ddr) (2x2x12x3, real)
12 3 ! 1 1 0 1 1 0
 0.000000000000E+000  0.000000000000E+000  0.000000000000E+000 
 0.000000000000E+000  0.000000000000E+000  0.000000000000E+000 
 0.000000000000E+000  0.000000000000E+000  0.000000000000E+000 
 0.000000000000E+000  0.000000000000E+000  0.000000000000E+000 
 0.000000000000E+000  0.000000000000E+000  0.000000000000E+000 
 0.000000000000E+000  0.000000000000E+000  0.000000000000E+000 
 0.000000000000E+000  0.000000000000E+000  0.000000000000E+000 
 0.000000000000E+000  0.000000000000E+000  0.000000000000E+000 
 0.000000000000E+000  0.000000000000E+000  0.000000000000E+000 
 0.000000000000E+000  0.000000000000E+000  0.000000000000E+000 
 0.000000000000E+000  0.000000000000E+000  0.000000000000E+000 
 0.000000000000E+000  0.000000000000E+000  0.000000000000E+000 
12 3 ! 1 1 0 1 2 0
 1.566487230000E-001 -9.475052100000E-002 -2.061331000000E-003 
 8.264440800000E-002 -3.889329200000E-002 -1.347691000000E-002 
-7.112206100000E-002 -1.764895300000E-002 -5.938300000000E-003 
-2.858473260000E-001 -1.751162100000E-002 -2.176580000000E-003 
 2.084291000000E-003 -6.261776000000E-003  2.318599000000E-003 
-3.081984000000E-003  3.450388000000E-003  5.401026000000E-003 
 5.238064000000E-003 -1.301721000000E-003  2.406908000000E-003 
-3.380023000000E-003 -3.074799000000E-003 -6.150479000000E-003 
 1.746301860000E-001  2.447051840000E-001  2.132572200000E-002 
-6.102785600000E-002 -1.975919300000E-002 -8.482820000000E-003 
 3.889603000000E-003 -3.326540000000E-003 -5.228680000000E-004 
-3.984386000000E-003  8.230100000000E-004  1.374558000000E-003 
12 3 ! 1 2 0 1 1 0
-1.566487230000E-001  9.475052100000E-002  2.061331000000E-003 
-8.264440800000E-002  3.889329200000E-002  1.347691000000E-002 
 7.112206100000E-002  1.764895300000E-002  5.938300000000E-003 
 2.858473260000E-001  1.751162100000E-002  2.176580000000E-003 
-2.084291000000E-003  6.261776000000E-003 -2.318599000000E-003 
 3.081984000000E-003 -3.450388000000E-003 -5.401026000000E-003 
-5.238064000000E-003  1.301721000000E-003 -2.406908000000E-003 
 3.380023000000E-003  3.074799000000E-003  6.150479000000E-003 
-1.746301860000E-001 -2.447051840000E-001 -2.132572200000E-002 
 6.102785600000E-002  1.975919300000E-002  8.482820000000E-003 
-3.889603000000E-003  3.326540000000E-003  5.228680000000E-004 
 3.984386000000E-003 -8.230100000000E-004 -1.374558000000E-003 
12 3 ! 1 2 0 1 2 0
 0.000000000000E+000  0.000000000000E+000  0.000000000000E+000 
 0.000000000000E+000  0.000000000000E+000  0.000000000000E+000 
 0.000000000000E+000  0.000000000000E+000  0.000000000000E+000 
 0.000000000000E+000  0.000000000000E+000  0.000000000000E+000 
 0.000000000000E+000  0.000000000000E+000  0.000000000000E+000 
 0.000000000000E+000  0.000000000000E+000  0.000000000000E+000 
 0.000000000000E+000  0.000000000000E+000  0.000000000000E+000 
 0.000000000000E+000  0.000000000000E+000  0.000000000000E+000 
 0.000000000000E+000  0.000000000000E+000  0.000000000000E+000 
 0.000000000000E+000  0.000000000000E+000  0.000000000000E+000 
 0.000000000000E+000  0.000000000000E+000  0.000000000000E+000 
 0.000000000000E+000  0.000000000000E+000  0.000000000000E+000 
! 8 Runtime
 1.042314159000E+003
