! 1 Hamiltonian Matrix (2x2, complex)
2 2
-2.306861774831E+002  0.000000000000E+000  0.000000000000E+000  0.000000000000E+000 
 0.000000000000E+000  0.000000000000E+000 -2.305302946208E+002  0.000000000000E+000 

! 2 Dipole Moment Matrices (3x2x2, complex)
2 2
-1.473187500000E-001  0.000000000000E+000 -9.217042949900E-002  0.000000000000E+000 
-9.217042949900E-002  0.000000000000E+000  2.165099700000E-001  0.000000000000E+000 
2 2
 9.663138000000E-002  0.000000000000E+000 -2.106832552750E-001  0.000000000000E+000 
-2.106832552750E-001  0.000000000000E+000  3.527400000000E-002  0.000000000000E+000 
2 2
-6.107282000000E-002  0.000000000000E+000  1.120996740000E-002  0.000000000000E+000 
 1.120996740000E-002  0.000000000000E+000 -9.563276000000E-002  0.000000000000E+000 
! 3 Gradient Vectors (2x12x3, real)
12 3 ! 1 1 0
 8.124551500000E-002  4.979568900000E-002 -2.285453000000E-003 
-4.516288800000E-002  5.524546800000E-002  3.377787000000E-003 
-6.265536300000E-002  1.028585500000E-002  6.473286000000E-003 
 1.691442200000E-002 -4.680771900000E-002 -2.386920000000E-003 
-6.732012700000E-002 -1.231110500000E-002  3.053212000000E-003 
 3.096070800000E-002 -2.568083300000E-002 -7.771986000000E-003 
 4.329777300000E-002  6.288050000000E-003  7.646740000000E-004 
 3.571353000000E-003  7.511486000000E-003 -1.130935700000E-002 
-4.476073200000E-002 -3.762573300000E-002  1.221364200000E-002 
 5.213063600000E-002  1.445188700000E-002  1.669492000000E-003 
 3.496640000000E-003 -5.493612000000E-003  6.991105000000E-003 
-1.171794000000E-002 -1.565943200000E-002 -1.078948200000E-002 
12 3 ! 1 2 0
 1.748029470000E-001 -1.986900900000E-002 -1.320577800000E-002 
-1.677186720000E-001 -1.351802400000E-002  1.075048900000E-002 
-1.230286330000E-001  1.400107200000E-001  3.852051000000E-003 
 1.410315860000E-001 -4.590586400000E-002  1.417288000000E-003 
-6.785673000000E-002 -1.303999300000E-002  3.491701000000E-003 
 3.095733100000E-002 -2.725237800000E-002 -6.863587000000E-003 
 4.384988600000E-002  7.085393000000E-003 -1.487752000000E-003 
 3.303077000000E-003  7.778486000000E-003 -8.806566000000E-003 
-2.046737290000E-001  1.558004400000E-002  1.695596200000E-002 
 1.765245100000E-001 -2.997772900000E-002 -2.500165000000E-003 
 4.794261000000E-003 -1.917256000000E-003 -1.023455000000E-003 
-1.198583500000E-002 -1.897439000000E-002 -2.580189000000E-003 
! 5 Non-adiabatic couplings (ddr) (2x2x12x3, real)
12 3 ! 1 1 0 1 1 0
 0.000000000000E+000  0.000000000000E+000  0.000000000000E+000 
 0.000000000000E+000  0.000000000000E+000  0.000000000000E+000 
 0.000000000000E+000  0.000000000000E+000  0.000000000000E+000 
 0.000000000000E+000  0.000000000000E+000  0.000000000000E+000 
 0.000000000000E+000  0.000000000000E+000  0.000000000000E+000 
 0.000000000000E+000  0.000000000000E+000  0.000000000000E+000 
 0.000000000000E+000  0.000000000000E+000  0.000000000000E+000 
 0.000000000000E+000  0.000000000000E+000  0.000000000000E+000 
 0.000000000000E+000  0.000000000000E+000  0.000000000000E+000 
 0.000000000000E+000  0.000000000000E+000  0.000000000000E+000 
 0.000000000000E+000  0.000000000000E+000  0.000000000000E+000 
 0.000000000000E+000  0.000000000000E+000  0.000000000000E+000 
12 3 ! 1 1 0 1 2 0
-2.753214320000E-001  2.282917030000E-001  6.540231000000E-003 
-1.290328000000E-002  9.365943900000E-002 -9.420119000000E-003 
 8.799060700000E-002 -2.814142000000E-002  1.533117600000E-002 
 2.590823080000E-001  2.253544700000E-002 -1.964399600000E-002 
 1.821546000000E-003  4.928403000000E-003  4.220894000000E-003 
 4.391404000000E-003  6.654770000000E-004 -7.078920000000E-004 
-3.261915000000E-003  1.600705000000E-003 -3.043213000000E-003 
 4.072710000000E-003  2.303690000000E-004 -7.922965000000E-003 
-5.525079500000E-002 -4.123076350000E-001  1.954770100000E-002 
-2.393993900000E-002  5.575690900000E-002 -1.103108700000E-002 
-4.074251000000E-003  1.796214000000E-003  6.084872000000E-003 
 5.765598000000E-003  1.572216000000E-003 -6.381980000000E-004 
12 3 ! 1 2 0 1 1 0
 2.753214320000E-001 -2.282917030000E-001 -6.540231000000E-003 
 1.290328000000E-002 -9.365943900000E-002  9.420119000000E-003 
-8.799060700000E-002  2.814142000000E-002 -1.533117600000E-002 
-2.590823080000E-001 -2.253544700000E-002  1.964399600000E-002 
-1.821546000000E-003 -4.928403000000E-003 -4.220894000000E-003 
-4.391404000000E-003 -6.654770000000E-004  7.078920000000E-004 
 3.261915000000E-003 -1.600705000000E-003  3.043213000000E-003 
-4.072710000000E-003 -2.303690000000E-004  7.922965000000E-003 
 5.525079500000E-002  4.123076350000E-001 -1.954770100000E-002 
 2.393993900000E-002 -5.575690900000E-002  1.103108700000E-002 
 4.074251000000E-003 -1.796214000000E-003 -6.084872000000E-003 
-5.765598000000E-003 -1.572216000000E-003  6.381980000000E-004 
12 3 ! 1 2 0 1 2 0
 0.000000000000E+000  0.000000000000E+000  0.000000000000E+000 
 0.000000000000E+000  0.000000000000E+000  0.000000000000E+000 
 0.000000000000E+000  0.000000000000E+000  0.000000000000E+000 
 0.000000000000E+000  0.000000000000E+000  0.000000000000E+000 
 0.000000000000E+000  0.000000000000E+000  0.000000000000E+000 
 0.000000000000E+000  0.000000000000E+000  0.000000000000E+000 
 0.000000000000E+000  0.000000000000E+000  0.000000000000E+000 
 0.000000000000E+000  0.000000000000E+000  0.000000000000E+000 
 0.000000000000E+000  0.000000000000E+000  0.000000000000E+000 
 0.000000000000E+000  0.000000000000E+000  0.000000000000E+000 
 0.000000000000E+000  0.000000000000E+000  0.000000000000E+000 
 0.000000000000E+000  0.000000000000E+000  0.000000000000E+000 
! 6 Overlap matrix (2x2, complex)
2 2
 2.666618779000E-001  0.000000000000E+000  1.074177910000E-002  0.000000000000E+000 
-9.304892300000E-003  0.000000000000E+000  2.646746785000E-001  0.000000000000E+000 

! 7 Phases
2 ! for all nmstates
 1.000000000E+000  0.000000000E+000
 1.000000000E+000  0.000000000E+000
! 8 Runtime
 8.260905820000E+002
