2021-08-25 23:21:13.788145 thorium /user/julia/Tutorial/1_TrainingSet/Initial/ICOND_00019

  ================================================================================
||                                                                                ||
||                         SHARC - MOLPRO2012 - Interface                         ||
||                                                                                ||
||                             Author: Sebastian Mai                              ||
||                                                                                ||
||                                  Version: 2.1                                  ||
||                                 Date: 01.09.19                                 ||
||                                                                                ||
  ================================================================================


==> QMin Job description for:
Initial condition ICOND_00019/

Tasks:	H	DM	Grad	Nac(ddr)	Overlaps	Phases
States: 	2 Singlet

Method:
Electrons per Multiplicity:	42
Job ID per Multiplicity:	1
Level of Theory per Job ID:
1:	SA(2+0+0)-CASSCF(6,6)/6-31G*

Found Geo! NAtom is 12.

Geometry in Bohrs:
C -0.2434 -2.5730 -0.1834 
C  2.3245 -2.5741  0.0636 
C  3.1728  0.2060  0.0609 
C  1.0555  1.5410  0.0335 
H -1.6750 -4.0791 -0.2250 
H  3.6035 -3.9849  0.8753 
H  5.3125  0.7028  0.0210 
H  0.6405  3.8289 -0.2916 
C -1.1210 -0.0256  0.0141 
C -3.6422  0.7978 -0.0075 
H -4.0984  2.7913 -0.1774 
H -5.0838 -0.5726  0.0229 

Gradients:   X X 

Non-adiabatic couplings:
. X 
X . 

wfthres: 1.0
docicas: True
newstep: []
nstates: 2
unit: ['bohr']
phases: []
njobs: 1
initorbs: {1: '/user/julia/Tutorial/1_TrainingSet/Initial/ICOND_00019/SAVE/wf.1.old'}
delay: 0.0
scratchdir: /user/julia/Tutorial/1_TrainingSet/Initial/ICOND_00019/ICOND_00019
cleanup: []
wfoverlap: /user/julia/software/SchNarc/sharc/source/../bin/wfoverlap.x
template: {'gradaccudefault': 1e-05, 'gradaccumax': 0.01, 'basis': '6-31G*', 'occ': [24], 'nelec': {1: [42, 41, 42]}, 'closed': [18], 'rootpad': {1: [0, 0, 0]}, 'dkho': 0, 'roots': {1: [2, 0, 0]}}
memory: 500
multmap: {1: 1, -1: [1]}
ndocc: 0
jobs: [1]
ncore: 0
maxmult: 1
ncpu: 1
pwd: /user/julia/Tutorial/1_TrainingSet/Initial/ICOND_00019
statemap: {1: [1, 1, 0.0], 2: [1, 2, 0.0]}
molpro: /usr/license/molpro/molpros_2012_1_5_Linux_x86_64_i8/bin/
nmstates: 2
savedir: /user/julia/Tutorial/1_TrainingSet/Initial/ICOND_00019/SAVE
nacmap: [(1, 1, 1, 2)]
natom: 12
gradmap: [(1, 1), (1, 2)]
joblist: [1]


>>>>>>>>>>>>> Starting the MOLPRO job execution
START:	/user/julia/Tutorial/1_TrainingSet/Initial/ICOND_00019/ICOND_00019/integrals	2021-08-25 23:21:15.359739	"/usr/license/molpro/molpros_2012_1_5_Linux_x86_64_i8/bin/molpro -W./ -I./ -d./ MOLPRO.input"
FINISH:	/user/julia/Tutorial/1_TrainingSet/Initial/ICOND_00019/ICOND_00019/integrals	2021-08-25 23:23:16.515372	Runtime: 0:02:01.155633	Error Code: 0
Error Codes:
	integrals 	0

START:	/user/julia/Tutorial/1_TrainingSet/Initial/ICOND_00019/ICOND_00019/master_1	2021-08-25 23:23:26.505957	"/usr/license/molpro/molpros_2012_1_5_Linux_x86_64_i8/bin/molpro -W./ -I./ -d./ MOLPRO.input"
FINISH:	/user/julia/Tutorial/1_TrainingSet/Initial/ICOND_00019/ICOND_00019/master_1	2021-08-25 23:31:21.347965	Runtime: 0:07:54.842008	Error Code: 0
Error Codes:
	master_1  	0

START:	/user/julia/Tutorial/1_TrainingSet/Initial/ICOND_00019/ICOND_00019/grad_1_1	2021-08-25 23:31:35.708659	"/usr/license/molpro/molpros_2012_1_5_Linux_x86_64_i8/bin/molpro -W./ -I./ -d./ MOLPRO.input"
FINISH:	/user/julia/Tutorial/1_TrainingSet/Initial/ICOND_00019/ICOND_00019/grad_1_1	2021-08-25 23:35:08.118903	Runtime: 0:03:32.410244	Error Code: 0
START:	/user/julia/Tutorial/1_TrainingSet/Initial/ICOND_00019/ICOND_00019/nac_1_1_1_2	2021-08-25 23:35:11.642121	"/usr/license/molpro/molpros_2012_1_5_Linux_x86_64_i8/bin/molpro -W./ -I./ -d./ MOLPRO.input"
FINISH:	/user/julia/Tutorial/1_TrainingSet/Initial/ICOND_00019/ICOND_00019/nac_1_1_1_2	2021-08-25 23:36:14.484958	Runtime: 0:01:02.842837	Error Code: 0
START:	/user/julia/Tutorial/1_TrainingSet/Initial/ICOND_00019/ICOND_00019/grad_1_2	2021-08-25 23:36:17.565951	"/usr/license/molpro/molpros_2012_1_5_Linux_x86_64_i8/bin/molpro -W./ -I./ -d./ MOLPRO.input"
FINISH:	/user/julia/Tutorial/1_TrainingSet/Initial/ICOND_00019/ICOND_00019/grad_1_2	2021-08-25 23:37:22.176462	Runtime: 0:01:04.610511	Error Code: 0
Error Codes:
	grad_1_1  	0	nac_1_1_1_2	0	grad_1_2  	0

>>>>>>>>>>>>> Starting the WFOVERLAP job execution
START:	/user/julia/Tutorial/1_TrainingSet/Initial/ICOND_00019/ICOND_00019/CI_CAS_1_1	2021-08-25 23:37:23.909232	"/user/julia/software/SchNarc/sharc/source/../bin/wfoverlap.x -m 500 -f wfovl.inp"
FINISH:	/user/julia/Tutorial/1_TrainingSet/Initial/ICOND_00019/ICOND_00019/CI_CAS_1_1	2021-08-25 23:37:24.853847	Runtime: 0:00:00.944615	Error Code: 0
START:	/user/julia/Tutorial/1_TrainingSet/Initial/ICOND_00019/ICOND_00019/AOoverlap	2021-08-25 23:37:24.872306	"/usr/license/molpro/molpros_2012_1_5_Linux_x86_64_i8/bin/molpro -W./ -I./ -d./ MOLPRO.input"
FINISH:	/user/julia/Tutorial/1_TrainingSet/Initial/ICOND_00019/ICOND_00019/AOoverlap	2021-08-25 23:37:28.972848	Runtime: 0:00:04.100542	Error Code: 0
START:	/user/julia/Tutorial/1_TrainingSet/Initial/ICOND_00019/ICOND_00019/WFOVL_1_1	2021-08-25 23:37:29.547512	"/user/julia/software/SchNarc/sharc/source/../bin/wfoverlap.x -m 500 -f wfovl.inp"
FINISH:	/user/julia/Tutorial/1_TrainingSet/Initial/ICOND_00019/ICOND_00019/WFOVL_1_1	2021-08-25 23:37:29.913022	Runtime: 0:00:00.365510	Error Code: 0
Error Codes:
	CI_CAS_1_1	0	WFOVL_1_1 	0

===> Results:

=> Hamiltonian Matrix:
Diagonal Shift:   -230.00
Real Part:
----------------------
|-6.746e-01            |
|           -5.381e-01 |
----------------------

=> Dipole Moment Matrices:

Polarisation X:
Real Part:
----------------------
|-1.654e-01 -7.357e-02 |
|-7.357e-02  4.925e-02 |
----------------------

Polarisation Y:
Real Part:
----------------------
|-3.382e-03 -9.781e-02 |
|-9.781e-02 -1.103e-01 |
----------------------

Polarisation Z:
Real Part:
----------------------
| 5.855e-02 -2.226e-02 |
|-2.226e-02  1.972e-02 |
----------------------

=> Gradient Vectors:

Singlet	1	Ms=  0.0:
1	C	 0.01368	 0.03793	-0.01624	
2	C	-0.01645	-0.01634	-0.02038	
3	C	-0.06086	 0.03887	-0.00128	
4	C	 0.01750	-0.13504	 0.01756	
5	H	-0.02354	-0.00263	-0.00400	
6	H	 0.01298	 0.00056	 0.02211	
7	H	 0.05643	 0.00329	-0.00128	
8	H	-0.02669	 0.07400	-0.01611	
9	C	 0.06998	-0.01883	 0.02057	
10	C	-0.05995	 0.00126	 0.00403	
11	H	 0.00014	 0.00938	-0.00731	
12	H	 0.01679	 0.00755	 0.00232	

Singlet	2	Ms=  0.0:
1	C	 0.10931	-0.02816	-0.01860	
2	C	-0.13664	-0.07557	-0.01667	
3	C	-0.12452	 0.15316	-0.00055	
4	C	 0.13832	-0.12793	 0.02343	
5	H	-0.02378	-0.00285	 0.00200	
6	H	 0.01376	-0.00222	 0.01830	
7	H	 0.05737	 0.00409	-0.00452	
8	H	-0.02683	 0.07429	-0.01646	
9	C	-0.07895	 0.02390	 0.00959	
10	C	 0.05382	-0.03558	 0.00366	
11	H	 0.00125	 0.01130	-0.00031	
12	H	 0.01689	 0.00555	 0.00012	

=> Analytical Non-adiabatic coupling vectors:

Singlet	States 1 - 1	Ms=  0.0:
		...is identical zero...

Singlet	States 1 - 2	Ms=  0.0:
1	C	-0.29919	 0.26823	-0.03609	
2	C	 0.00210	 0.06785	 0.04698	
3	C	 0.03995	 0.04937	-0.00610	
4	C	 0.35338	 0.03381	-0.00322	
5	H	-0.00099	 0.00453	 0.00475	
6	H	 0.00430	 0.00045	 0.00145	
7	H	-0.00242	 0.00037	-0.00260	
8	H	 0.00281	 0.00221	 0.00446	
9	C	-0.08200	-0.48667	-0.02878	
10	C	-0.02591	 0.04745	 0.01454	
11	H	-0.00328	 0.00236	 0.00246	
12	H	 0.00494	 0.00038	-0.00120	

Singlet	States 2 - 1	Ms=  0.0:
1	C	 0.29919	-0.26823	 0.03609	
2	C	-0.00210	-0.06785	-0.04698	
3	C	-0.03995	-0.04937	 0.00610	
4	C	-0.35338	-0.03381	 0.00322	
5	H	 0.00099	-0.00453	-0.00475	
6	H	-0.00430	-0.00045	-0.00145	
7	H	 0.00242	-0.00037	 0.00260	
8	H	-0.00281	-0.00221	-0.00446	
9	C	 0.08200	 0.48667	 0.02878	
10	C	 0.02591	-0.04745	-0.01454	
11	H	 0.00328	-0.00236	-0.00246	
12	H	-0.00494	-0.00038	 0.00120	

Singlet	States 2 - 2	Ms=  0.0:
		...is identical zero...

=> Overlap matrix:

Real Part:
----------------------
| 3.838e-01  8.575e-03 |
|-2.370e-03  3.820e-01 |
----------------------

=> Wavefunction Phases:
2

 1.0  0.0
 1.0  0.0


==> Runtime:
0 Days	0 Hours	16 Minutes	16 Seconds


===> Writing output to file QM.out in SHARC Format

2021-08-25 23:37:30.128298
#================ END ================#
