! 1 Hamiltonian Matrix (2x2, complex)
2 2
-2.306745595728E+002  0.000000000000E+000  0.000000000000E+000  0.000000000000E+000 
 0.000000000000E+000  0.000000000000E+000 -2.305381185194E+002  0.000000000000E+000 

! 2 Dipole Moment Matrices (3x2x2, complex)
2 2
-1.653975100000E-001  0.000000000000E+000 -7.356767639100E-002  0.000000000000E+000 
-7.356767639100E-002  0.000000000000E+000  4.925313000000E-002  0.000000000000E+000 
2 2
-3.382380000000E-003  0.000000000000E+000 -9.781197121200E-002  0.000000000000E+000 
-9.781197121200E-002  0.000000000000E+000 -1.102547700000E-001  0.000000000000E+000 
2 2
 5.854685000000E-002  0.000000000000E+000 -2.226340235100E-002  0.000000000000E+000 
-2.226340235100E-002  0.000000000000E+000  1.972115000000E-002  0.000000000000E+000 
! 3 Gradient Vectors (2x12x3, real)
12 3 ! 1 1 0
 1.367566400000E-002  3.792627400000E-002 -1.624191500000E-002 
-1.645410500000E-002 -1.633653700000E-002 -2.038402600000E-002 
-6.085701500000E-002  3.886872700000E-002 -1.277133000000E-003 
 1.749520800000E-002 -1.350385090000E-001  1.756004900000E-002 
-2.353987700000E-002 -2.630063000000E-003 -3.998793000000E-003 
 1.297671000000E-002  5.567920000000E-004  2.211160300000E-002 
 5.642971400000E-002  3.285357000000E-003 -1.276493000000E-003 
-2.669210300000E-002  7.400088000000E-002 -1.610564300000E-002 
 6.998117900000E-002 -1.882877800000E-002  2.057051900000E-002 
-5.995200900000E-002  1.264498000000E-003  4.026112000000E-003 
 1.417870000000E-004  9.382663000000E-003 -7.309174000000E-003 
 1.679484600000E-002  7.548696000000E-003  2.324894000000E-003 
12 3 ! 1 2 0
 1.093117420000E-001 -2.815611100000E-002 -1.859916000000E-002 
-1.366356260000E-001 -7.557097800000E-002 -1.666761700000E-002 
-1.245181600000E-001  1.531599540000E-001 -5.490760000000E-004 
 1.383225370000E-001 -1.279252710000E-001  2.343194800000E-002 
-2.377952400000E-002 -2.846149000000E-003  2.000036000000E-003 
 1.376201100000E-002 -2.218113000000E-003  1.829801700000E-002 
 5.736561300000E-002  4.092626000000E-003 -4.519307000000E-003 
-2.683298200000E-002  7.429054700000E-002 -1.645507300000E-002 
-7.894956200000E-002  2.389988800000E-002  9.594651000000E-003 
 5.381920400000E-002 -3.557687600000E-002  3.656784000000E-003 
 1.247140000000E-003  1.129929600000E-002 -3.102000000000E-004 
 1.688760800000E-002  5.551186000000E-003  1.189970000000E-004 
! 5 Non-adiabatic couplings (ddr) (2x2x12x3, real)
12 3 ! 1 1 0 1 1 0
 0.000000000000E+000  0.000000000000E+000  0.000000000000E+000 
 0.000000000000E+000  0.000000000000E+000  0.000000000000E+000 
 0.000000000000E+000  0.000000000000E+000  0.000000000000E+000 
 0.000000000000E+000  0.000000000000E+000  0.000000000000E+000 
 0.000000000000E+000  0.000000000000E+000  0.000000000000E+000 
 0.000000000000E+000  0.000000000000E+000  0.000000000000E+000 
 0.000000000000E+000  0.000000000000E+000  0.000000000000E+000 
 0.000000000000E+000  0.000000000000E+000  0.000000000000E+000 
 0.000000000000E+000  0.000000000000E+000  0.000000000000E+000 
 0.000000000000E+000  0.000000000000E+000  0.000000000000E+000 
 0.000000000000E+000  0.000000000000E+000  0.000000000000E+000 
 0.000000000000E+000  0.000000000000E+000  0.000000000000E+000 
12 3 ! 1 1 0 1 2 0
-2.991905580000E-001  2.682265270000E-001 -3.609019300000E-002 
 2.103439000000E-003  6.785215200000E-002  4.698329400000E-002 
 3.995490900000E-002  4.937257500000E-002 -6.098825000000E-003 
 3.533767930000E-001  3.381403300000E-002 -3.218119000000E-003 
-9.946420000000E-004  4.534377000000E-003  4.751011000000E-003 
 4.301560000000E-003  4.512740000000E-004  1.453291000000E-003 
-2.416611000000E-003  3.674850000000E-004 -2.602201000000E-003 
 2.814927000000E-003  2.214950000000E-003  4.463864000000E-003 
-8.200457600000E-002 -4.866729960000E-001 -2.878149300000E-002 
-2.591006500000E-002  4.744635300000E-002  1.454078200000E-002 
-3.281791000000E-003  2.356978000000E-003  2.456342000000E-003 
 4.936369000000E-003  3.808420000000E-004 -1.204247000000E-003 
12 3 ! 1 2 0 1 1 0
 2.991905580000E-001 -2.682265270000E-001  3.609019300000E-002 
-2.103439000000E-003 -6.785215200000E-002 -4.698329400000E-002 
-3.995490900000E-002 -4.937257500000E-002  6.098825000000E-003 
-3.533767930000E-001 -3.381403300000E-002  3.218119000000E-003 
 9.946420000000E-004 -4.534377000000E-003 -4.751011000000E-003 
-4.301560000000E-003 -4.512740000000E-004 -1.453291000000E-003 
 2.416611000000E-003 -3.674850000000E-004  2.602201000000E-003 
-2.814927000000E-003 -2.214950000000E-003 -4.463864000000E-003 
 8.200457600000E-002  4.866729960000E-001  2.878149300000E-002 
 2.591006500000E-002 -4.744635300000E-002 -1.454078200000E-002 
 3.281791000000E-003 -2.356978000000E-003 -2.456342000000E-003 
-4.936369000000E-003 -3.808420000000E-004  1.204247000000E-003 
12 3 ! 1 2 0 1 2 0
 0.000000000000E+000  0.000000000000E+000  0.000000000000E+000 
 0.000000000000E+000  0.000000000000E+000  0.000000000000E+000 
 0.000000000000E+000  0.000000000000E+000  0.000000000000E+000 
 0.000000000000E+000  0.000000000000E+000  0.000000000000E+000 
 0.000000000000E+000  0.000000000000E+000  0.000000000000E+000 
 0.000000000000E+000  0.000000000000E+000  0.000000000000E+000 
 0.000000000000E+000  0.000000000000E+000  0.000000000000E+000 
 0.000000000000E+000  0.000000000000E+000  0.000000000000E+000 
 0.000000000000E+000  0.000000000000E+000  0.000000000000E+000 
 0.000000000000E+000  0.000000000000E+000  0.000000000000E+000 
 0.000000000000E+000  0.000000000000E+000  0.000000000000E+000 
 0.000000000000E+000  0.000000000000E+000  0.000000000000E+000 
! 6 Overlap matrix (2x2, complex)
2 2
 3.838442787000E-001  0.000000000000E+000  8.575317300000E-003  0.000000000000E+000 
-2.369508800000E-003  0.000000000000E+000  3.819565119000E-001  0.000000000000E+000 

! 7 Phases
2 ! for all nmstates
 1.000000000E+000  0.000000000E+000
 1.000000000E+000  0.000000000E+000
! 8 Runtime
 9.761714150000E+002
