! 1 Hamiltonian Matrix (2x2, complex)
2 2
-2.306640725390E+002  0.000000000000E+000  0.000000000000E+000  0.000000000000E+000 
 0.000000000000E+000  0.000000000000E+000 -2.304896363378E+002  0.000000000000E+000 

! 2 Dipole Moment Matrices (3x2x2, complex)
2 2
-2.241435200000E-001  0.000000000000E+000 -1.445869598950E-001  0.000000000000E+000 
-1.445869598950E-001  0.000000000000E+000  1.793562900000E-001  0.000000000000E+000 
2 2
-4.731050000000E-003  0.000000000000E+000 -2.922816415860E-001  0.000000000000E+000 
-2.922816415860E-001  0.000000000000E+000 -1.267517200000E-001  0.000000000000E+000 
2 2
 9.434089000000E-002  0.000000000000E+000  1.438066301000E-003  0.000000000000E+000 
 1.438066301000E-003  0.000000000000E+000  1.313689400000E-001  0.000000000000E+000 
! 3 Gradient Vectors (2x12x3, real)
12 3 ! 1 1 0
 2.282766400000E-002 -3.224943400000E-002  4.853946000000E-003 
 4.446678000000E-003  7.877892800000E-002 -2.273758800000E-002 
-1.327831090000E-001 -1.478572800000E-002 -1.459217400000E-002 
 6.558598500000E-002  8.827939100000E-002  9.004088000000E-003 
 6.932830000000E-004  2.193398000000E-003  4.246456000000E-003 
 2.632218900000E-002 -6.712357000000E-002  1.290896700000E-002 
 7.439653300000E-002 -1.171792500000E-002  1.474749800000E-002 
-1.256137300000E-002 -5.748280300000E-002 -8.724900000000E-004 
-7.672592300000E-002  1.803357800000E-002 -7.757441000000E-003 
 8.584674300000E-002 -3.066459100000E-002 -5.143641000000E-003 
-3.353907400000E-002  3.880076100000E-002  1.681626000000E-003 
-2.450959600000E-002 -1.206200500000E-002  3.660754000000E-003 
12 3 ! 1 2 0
 1.225505710000E-001 -1.040352780000E-001  2.812881000000E-003 
-1.168577070000E-001  7.319251000000E-003 -2.053342300000E-002 
-1.835828510000E-001  1.212641960000E-001 -1.148023000000E-002 
 1.711566110000E-001  7.423659500000E-002  1.093991300000E-002 
 4.321050000000E-004  2.656672000000E-003  4.192761000000E-003 
 2.545979500000E-002 -6.785682400000E-002  1.267846900000E-002 
 7.587403900000E-002 -1.042091100000E-002  1.319650100000E-002 
-1.307265500000E-002 -5.759588400000E-002  9.457000000000E-006 
-2.423895830000E-001  7.644814300000E-002 -1.348510900000E-002 
 2.193734980000E-001 -6.901112000000E-002 -1.896610000000E-004 
-3.361145100000E-002  4.106445200000E-002  6.979450000000E-004 
-2.533237200000E-002 -1.406929100000E-002  1.160496000000E-003 
! 5 Non-adiabatic couplings (ddr) (2x2x12x3, real)
12 3 ! 1 1 0 1 1 0
 0.000000000000E+000  0.000000000000E+000  0.000000000000E+000 
 0.000000000000E+000  0.000000000000E+000  0.000000000000E+000 
 0.000000000000E+000  0.000000000000E+000  0.000000000000E+000 
 0.000000000000E+000  0.000000000000E+000  0.000000000000E+000 
 0.000000000000E+000  0.000000000000E+000  0.000000000000E+000 
 0.000000000000E+000  0.000000000000E+000  0.000000000000E+000 
 0.000000000000E+000  0.000000000000E+000  0.000000000000E+000 
 0.000000000000E+000  0.000000000000E+000  0.000000000000E+000 
 0.000000000000E+000  0.000000000000E+000  0.000000000000E+000 
 0.000000000000E+000  0.000000000000E+000  0.000000000000E+000 
 0.000000000000E+000  0.000000000000E+000  0.000000000000E+000 
 0.000000000000E+000  0.000000000000E+000  0.000000000000E+000 
12 3 ! 1 1 0 1 2 0
-1.928727920000E-001  1.396841890000E-001 -1.250150200000E-002 
-6.145428500000E-002  4.806141100000E-002  4.134844300000E-002 
 8.874685200000E-002 -9.060856000000E-003 -1.058419800000E-002 
 2.225455770000E-001  5.658462000000E-003 -9.214325000000E-003 
-1.781403000000E-003  5.248312000000E-003 -6.888273000000E-003 
 3.565644000000E-003 -3.470730000000E-004 -8.417929000000E-003 
-7.001730000000E-004  4.249757000000E-003 -3.356910000000E-003 
 4.857093000000E-003  6.599397000000E-003  6.933398000000E-003 
-9.211926100000E-002 -2.920504220000E-001  2.792160000000E-004 
 3.198947000000E-003  4.172053000000E-002  1.393568000000E-003 
-3.574981000000E-003  2.693110000000E-003  2.153512000000E-003 
 5.539696000000E-003  2.778680000000E-004 -1.801849000000E-003 
12 3 ! 1 2 0 1 1 0
 1.928727920000E-001 -1.396841890000E-001  1.250150200000E-002 
 6.145428500000E-002 -4.806141100000E-002 -4.134844300000E-002 
-8.874685200000E-002  9.060856000000E-003  1.058419800000E-002 
-2.225455770000E-001 -5.658462000000E-003  9.214325000000E-003 
 1.781403000000E-003 -5.248312000000E-003  6.888273000000E-003 
-3.565644000000E-003  3.470730000000E-004  8.417929000000E-003 
 7.001730000000E-004 -4.249757000000E-003  3.356910000000E-003 
-4.857093000000E-003 -6.599397000000E-003 -6.933398000000E-003 
 9.211926100000E-002  2.920504220000E-001 -2.792160000000E-004 
-3.198947000000E-003 -4.172053000000E-002 -1.393568000000E-003 
 3.574981000000E-003 -2.693110000000E-003 -2.153512000000E-003 
-5.539696000000E-003 -2.778680000000E-004  1.801849000000E-003 
12 3 ! 1 2 0 1 2 0
 0.000000000000E+000  0.000000000000E+000  0.000000000000E+000 
 0.000000000000E+000  0.000000000000E+000  0.000000000000E+000 
 0.000000000000E+000  0.000000000000E+000  0.000000000000E+000 
 0.000000000000E+000  0.000000000000E+000  0.000000000000E+000 
 0.000000000000E+000  0.000000000000E+000  0.000000000000E+000 
 0.000000000000E+000  0.000000000000E+000  0.000000000000E+000 
 0.000000000000E+000  0.000000000000E+000  0.000000000000E+000 
 0.000000000000E+000  0.000000000000E+000  0.000000000000E+000 
 0.000000000000E+000  0.000000000000E+000  0.000000000000E+000 
 0.000000000000E+000  0.000000000000E+000  0.000000000000E+000 
 0.000000000000E+000  0.000000000000E+000  0.000000000000E+000 
 0.000000000000E+000  0.000000000000E+000  0.000000000000E+000 
! 6 Overlap matrix (2x2, complex)
2 2
 3.313503945000E-001  0.000000000000E+000  6.420392000000E-004  0.000000000000E+000 
-1.688180900000E-003  0.000000000000E+000  3.300111027000E-001  0.000000000000E+000 

! 7 Phases
2 ! for all nmstates
 1.000000000E+000  0.000000000E+000
 1.000000000E+000  0.000000000E+000
! 8 Runtime
 1.518910760000E+002
