! 1 Hamiltonian Matrix (2x2, complex)
2 2
-2.306961337011E+002  0.000000000000E+000  0.000000000000E+000  0.000000000000E+000 
 0.000000000000E+000  0.000000000000E+000 -2.305629440963E+002  0.000000000000E+000 

! 2 Dipole Moment Matrices (3x2x2, complex)
2 2
-1.453361200000E-001  0.000000000000E+000 -8.955496591100E-002  0.000000000000E+000 
-8.955496591100E-002  0.000000000000E+000  1.451906200000E-001  0.000000000000E+000 
2 2
-1.275200000000E-003  0.000000000000E+000 -2.110926122020E-001  0.000000000000E+000 
-2.110926122020E-001  0.000000000000E+000 -1.095668900000E-001  0.000000000000E+000 
2 2
-1.276094000000E-002  0.000000000000E+000  7.083503425000E-003  0.000000000000E+000 
 7.083503425000E-003  0.000000000000E+000 -1.169493000000E-002  0.000000000000E+000 
! 3 Gradient Vectors (2x12x3, real)
12 3 ! 1 1 0
-1.403868900000E-002 -3.964320400000E-002 -4.010265000000E-003 
 3.965617800000E-002  2.089503500000E-002  8.892095000000E-003 
-3.394646100000E-002 -1.710555800000E-002 -2.318440000000E-004 
 1.077107700000E-002  3.876451800000E-002 -2.093679000000E-003 
 2.688728800000E-002  4.196887700000E-002  2.563391000000E-003 
-1.021086700000E-002 -5.878740000000E-004 -2.872263000000E-003 
 4.344094600000E-002 -1.111532700000E-002 -1.647792000000E-003 
-5.017332000000E-003 -4.321012100000E-002 -3.935100000000E-004 
-1.752228600000E-002  5.709373000000E-003  3.570235000000E-003 
-8.769326500000E-002 -2.795729600000E-002 -4.753414000000E-003 
 1.871238300000E-002  2.650143300000E-002 -8.668990000000E-004 
 2.896102800000E-002  5.780144000000E-003  1.843946000000E-003 
12 3 ! 1 2 0
 8.201369700000E-002 -1.088274530000E-001  3.855635000000E-003 
-7.983727900000E-002 -5.110495600000E-002  4.023885000000E-003 
-8.506329500000E-002  1.119829600000E-001  6.893700000000E-005 
 1.256346700000E-001  3.583900100000E-002 -6.245744000000E-003 
 2.718261200000E-002  4.266511700000E-002  1.304619000000E-003 
-1.137409400000E-002 -1.442001000000E-003 -4.015764000000E-003 
 4.426953100000E-002 -9.869455000000E-003  3.291600000000E-004 
-5.180010000000E-003 -4.362987500000E-002 -1.148620000000E-004 
-1.800363320000E-001  5.648735200000E-002 -1.559154000000E-003 
 3.367540200000E-002 -6.316155100000E-002  5.063574000000E-003 
 1.978305000000E-002  2.764685100000E-002 -8.652970000000E-004 
 2.893204800000E-002  3.414010000000E-003 -1.844989000000E-003 
! 5 Non-adiabatic couplings (ddr) (2x2x12x3, real)
12 3 ! 1 1 0 1 1 0
 0.000000000000E+000  0.000000000000E+000  0.000000000000E+000 
 0.000000000000E+000  0.000000000000E+000  0.000000000000E+000 
 0.000000000000E+000  0.000000000000E+000  0.000000000000E+000 
 0.000000000000E+000  0.000000000000E+000  0.000000000000E+000 
 0.000000000000E+000  0.000000000000E+000  0.000000000000E+000 
 0.000000000000E+000  0.000000000000E+000  0.000000000000E+000 
 0.000000000000E+000  0.000000000000E+000  0.000000000000E+000 
 0.000000000000E+000  0.000000000000E+000  0.000000000000E+000 
 0.000000000000E+000  0.000000000000E+000  0.000000000000E+000 
 0.000000000000E+000  0.000000000000E+000  0.000000000000E+000 
 0.000000000000E+000  0.000000000000E+000  0.000000000000E+000 
 0.000000000000E+000  0.000000000000E+000  0.000000000000E+000 
12 3 ! 1 1 0 1 2 0
-2.618833640000E-001  2.201790610000E-001  1.578316700000E-002 
-2.689885500000E-002  6.799557300000E-002 -2.675409500000E-002 
 6.843709400000E-002  1.919188200000E-002 -2.734884000000E-003 
 3.187815500000E-001  1.941058800000E-002  1.782554000000E-002 
-2.896048000000E-003  6.524508000000E-003  2.678169000000E-003 
 4.235410000000E-003 -1.151807000000E-003  5.369175000000E-003 
-2.722273000000E-003  3.881514000000E-003  3.373382000000E-003 
 6.150723000000E-003  4.918745000000E-003 -2.107142000000E-003 
-1.172415100000E-001 -4.177867620000E-001 -6.349506000000E-003 
 1.726932000000E-003  4.746107100000E-002 -1.360323000000E-003 
-5.955540000000E-003  3.212641000000E-003 -1.804166000000E-003 
 5.917234000000E-003 -7.940380000000E-004 -1.186434000000E-003 
12 3 ! 1 2 0 1 1 0
 2.618833640000E-001 -2.201790610000E-001 -1.578316700000E-002 
 2.689885500000E-002 -6.799557300000E-002  2.675409500000E-002 
-6.843709400000E-002 -1.919188200000E-002  2.734884000000E-003 
-3.187815500000E-001 -1.941058800000E-002 -1.782554000000E-002 
 2.896048000000E-003 -6.524508000000E-003 -2.678169000000E-003 
-4.235410000000E-003  1.151807000000E-003 -5.369175000000E-003 
 2.722273000000E-003 -3.881514000000E-003 -3.373382000000E-003 
-6.150723000000E-003 -4.918745000000E-003  2.107142000000E-003 
 1.172415100000E-001  4.177867620000E-001  6.349506000000E-003 
-1.726932000000E-003 -4.746107100000E-002  1.360323000000E-003 
 5.955540000000E-003 -3.212641000000E-003  1.804166000000E-003 
-5.917234000000E-003  7.940380000000E-004  1.186434000000E-003 
12 3 ! 1 2 0 1 2 0
 0.000000000000E+000  0.000000000000E+000  0.000000000000E+000 
 0.000000000000E+000  0.000000000000E+000  0.000000000000E+000 
 0.000000000000E+000  0.000000000000E+000  0.000000000000E+000 
 0.000000000000E+000  0.000000000000E+000  0.000000000000E+000 
 0.000000000000E+000  0.000000000000E+000  0.000000000000E+000 
 0.000000000000E+000  0.000000000000E+000  0.000000000000E+000 
 0.000000000000E+000  0.000000000000E+000  0.000000000000E+000 
 0.000000000000E+000  0.000000000000E+000  0.000000000000E+000 
 0.000000000000E+000  0.000000000000E+000  0.000000000000E+000 
 0.000000000000E+000  0.000000000000E+000  0.000000000000E+000 
 0.000000000000E+000  0.000000000000E+000  0.000000000000E+000 
 0.000000000000E+000  0.000000000000E+000  0.000000000000E+000 
! 6 Overlap matrix (2x2, complex)
2 2
 4.057850801000E-001  0.000000000000E+000  7.527498800000E-003  0.000000000000E+000 
-7.280385200000E-003  0.000000000000E+000  4.045796770000E-001  0.000000000000E+000 

! 7 Phases
2 ! for all nmstates
 1.000000000E+000  0.000000000E+000
 1.000000000E+000  0.000000000E+000
! 8 Runtime
 8.257440630000E+002
