! 1 Hamiltonian Matrix (2x2, complex)
2 2
-2.306780470532E+002  0.000000000000E+000  0.000000000000E+000  0.000000000000E+000 
 0.000000000000E+000  0.000000000000E+000 -2.305322437553E+002  0.000000000000E+000 

! 2 Dipole Moment Matrices (3x2x2, complex)
2 2
-1.859223400000E-001  0.000000000000E+000 -5.062627869200E-002  0.000000000000E+000 
-5.062627869200E-002  0.000000000000E+000  1.191536600000E-001  0.000000000000E+000 
2 2
 7.229259000000E-002  0.000000000000E+000 -2.692680388970E-001  0.000000000000E+000 
-2.692680388970E-001  0.000000000000E+000 -7.834390000000E-003  0.000000000000E+000 
2 2
-8.596434000000E-002  0.000000000000E+000 -3.756388039600E-002  0.000000000000E+000 
-3.756388039600E-002  0.000000000000E+000 -4.906237000000E-002  0.000000000000E+000 
! 3 Gradient Vectors (2x12x3, real)
12 3 ! 1 1 0
-5.611386300000E-002 -3.936770400000E-002 -5.446644000000E-003 
-3.234298000000E-002  7.440463400000E-002  2.347308200000E-002 
-3.535000000000E-006  1.860939000000E-003  3.366342000000E-003 
-3.498860800000E-002 -6.260271000000E-003  1.386774800000E-002 
 3.002772200000E-002  3.585956400000E-002  1.905613000000E-003 
 6.745714300000E-002 -4.199744700000E-002 -1.307903900000E-002 
-9.319010000000E-003 -3.558201300000E-002 -9.267389000000E-003 
 4.810419000000E-003  1.177771100000E-002  3.521397000000E-003 
-1.563134100000E-002  7.279315000000E-003 -2.058960200000E-002 
 3.281387900000E-002  2.913872800000E-002 -1.448115000000E-003 
 5.948354000000E-003 -5.398893000000E-002 -1.212112000000E-003 
 7.341819000000E-003  1.687547500000E-002  4.908720000000E-003 
12 3 ! 1 2 0
 3.612556600000E-002 -9.829894200000E-002 -2.528278000000E-003 
-1.481602900000E-001 -7.386584000000E-003  1.438828300000E-002 
-6.037555000000E-002  1.272880220000E-001 -4.437833000000E-003 
 7.935014200000E-002  3.101730000000E-003  1.858158700000E-002 
 3.026368700000E-002  3.647412600000E-002  1.698347000000E-003 
 6.796552600000E-002 -4.335564500000E-002 -9.053591000000E-003 
-7.213134000000E-003 -3.370919600000E-002 -5.813040000000E-003 
 4.818142000000E-003  1.142715300000E-002 -7.748230000000E-004 
-1.813778700000E-001  5.528307100000E-002 -1.050950500000E-002 
 1.652798120000E-001 -1.372185700000E-002 -1.034654000000E-003 
 6.841616000000E-003 -5.148615900000E-002  2.517450000000E-004 
 6.482353000000E-003  1.438427900000E-002 -7.682380000000E-004 
! 5 Non-adiabatic couplings (ddr) (2x2x12x3, real)
12 3 ! 1 1 0 1 1 0
 0.000000000000E+000  0.000000000000E+000  0.000000000000E+000 
 0.000000000000E+000  0.000000000000E+000  0.000000000000E+000 
 0.000000000000E+000  0.000000000000E+000  0.000000000000E+000 
 0.000000000000E+000  0.000000000000E+000  0.000000000000E+000 
 0.000000000000E+000  0.000000000000E+000  0.000000000000E+000 
 0.000000000000E+000  0.000000000000E+000  0.000000000000E+000 
 0.000000000000E+000  0.000000000000E+000  0.000000000000E+000 
 0.000000000000E+000  0.000000000000E+000  0.000000000000E+000 
 0.000000000000E+000  0.000000000000E+000  0.000000000000E+000 
 0.000000000000E+000  0.000000000000E+000  0.000000000000E+000 
 0.000000000000E+000  0.000000000000E+000  0.000000000000E+000 
 0.000000000000E+000  0.000000000000E+000  0.000000000000E+000 
12 3 ! 1 1 0 1 2 0
-2.268987500000E-001  1.928321530000E-001 -1.553999200000E-002 
-5.767440100000E-002  5.527514000000E-002 -3.851124000000E-002 
 7.514407000000E-002  2.159688900000E-002  4.037749600000E-002 
 2.951439500000E-001  5.282335900000E-002 -2.441570000000E-004 
-3.011078000000E-003  5.847740000000E-003  7.647327000000E-003 
 4.937737000000E-003  2.884182000000E-003  6.340521000000E-003 
-3.796771000000E-003  7.990633000000E-003  7.574800000000E-005 
 3.404748000000E-003  2.996009000000E-003  9.332170000000E-004 
-1.154350060000E-001 -4.278944480000E-001 -1.178150200000E-002 
 2.345408700000E-002  4.848232100000E-002  7.483587000000E-003 
-4.971448000000E-003  2.893919000000E-003 -5.948559000000E-003 
 5.209123000000E-003  1.327550000000E-004  4.176976000000E-003 
12 3 ! 1 2 0 1 1 0
 2.268987500000E-001 -1.928321530000E-001  1.553999200000E-002 
 5.767440100000E-002 -5.527514000000E-002  3.851124000000E-002 
-7.514407000000E-002 -2.159688900000E-002 -4.037749600000E-002 
-2.951439500000E-001 -5.282335900000E-002  2.441570000000E-004 
 3.011078000000E-003 -5.847740000000E-003 -7.647327000000E-003 
-4.937737000000E-003 -2.884182000000E-003 -6.340521000000E-003 
 3.796771000000E-003 -7.990633000000E-003 -7.574800000000E-005 
-3.404748000000E-003 -2.996009000000E-003 -9.332170000000E-004 
 1.154350060000E-001  4.278944480000E-001  1.178150200000E-002 
-2.345408700000E-002 -4.848232100000E-002 -7.483587000000E-003 
 4.971448000000E-003 -2.893919000000E-003  5.948559000000E-003 
-5.209123000000E-003 -1.327550000000E-004 -4.176976000000E-003 
12 3 ! 1 2 0 1 2 0
 0.000000000000E+000  0.000000000000E+000  0.000000000000E+000 
 0.000000000000E+000  0.000000000000E+000  0.000000000000E+000 
 0.000000000000E+000  0.000000000000E+000  0.000000000000E+000 
 0.000000000000E+000  0.000000000000E+000  0.000000000000E+000 
 0.000000000000E+000  0.000000000000E+000  0.000000000000E+000 
 0.000000000000E+000  0.000000000000E+000  0.000000000000E+000 
 0.000000000000E+000  0.000000000000E+000  0.000000000000E+000 
 0.000000000000E+000  0.000000000000E+000  0.000000000000E+000 
 0.000000000000E+000  0.000000000000E+000  0.000000000000E+000 
 0.000000000000E+000  0.000000000000E+000  0.000000000000E+000 
 0.000000000000E+000  0.000000000000E+000  0.000000000000E+000 
 0.000000000000E+000  0.000000000000E+000  0.000000000000E+000 
! 6 Overlap matrix (2x2, complex)
2 2
 2.368429746000E-001  0.000000000000E+000 -6.862094600000E-003  0.000000000000E+000 
 5.981152200000E-003  0.000000000000E+000  2.361438971000E-001  0.000000000000E+000 

! 7 Phases
2 ! for all nmstates
 1.000000000E+000  0.000000000E+000
 1.000000000E+000  0.000000000E+000
! 8 Runtime
 1.466990110000E+002
