! 1 Hamiltonian Matrix (2x2, complex)
2 2
-2.306847262163E+002  0.000000000000E+000  0.000000000000E+000  0.000000000000E+000 
 0.000000000000E+000  0.000000000000E+000 -2.305512889356E+002  0.000000000000E+000 

! 2 Dipole Moment Matrices (3x2x2, complex)
2 2
-1.227294300000E-001  0.000000000000E+000 -1.737938335090E-001  0.000000000000E+000 
-1.737938335090E-001  0.000000000000E+000  1.301434700000E-001  0.000000000000E+000 
2 2
 6.429937000000E-002  0.000000000000E+000 -2.497885213430E-001  0.000000000000E+000 
-2.497885213430E-001  0.000000000000E+000 -1.502182900000E-001  0.000000000000E+000 
2 2
 1.175406000000E-002  0.000000000000E+000  4.070126664000E-003  0.000000000000E+000 
 4.070126664000E-003  0.000000000000E+000  4.983375000000E-002  0.000000000000E+000 
! 3 Gradient Vectors (2x12x3, real)
12 3 ! 1 1 0
-7.209207800000E-002  4.677931000000E-003  1.468451000000E-003 
 3.973290400000E-002  8.196193800000E-002 -1.784616200000E-002 
 5.426495200000E-002 -3.293479300000E-002  6.497570000000E-003 
 2.609461700000E-002  5.616632400000E-002  2.487039000000E-003 
 5.874240000000E-003 -2.282560000000E-003 -3.761188000000E-003 
 8.486942000000E-003 -2.898945000000E-003  1.004283900000E-002 
-6.475367800000E-002 -2.151977800000E-002 -3.372355000000E-003 
-2.064680000000E-003 -6.698311100000E-002  9.509830000000E-004 
-2.219710700000E-002  4.218282400000E-002  3.985027000000E-003 
-2.348785900000E-002 -8.144499200000E-002 -4.401240000000E-003 
 3.309057600000E-002  6.056590000000E-003 -2.743820000000E-004 
 1.705117100000E-002  1.701857300000E-002  4.223418000000E-003 
12 3 ! 1 2 0
 1.685797100000E-002 -6.104459800000E-002  6.899962000000E-003 
-7.946595400000E-002  5.917527000000E-003 -2.238095300000E-002 
 6.717879000000E-003  9.612143500000E-002  1.009751800000E-002 
 1.397313150000E-001  5.762507400000E-002  5.786686000000E-003 
 6.067306000000E-003 -1.616541000000E-003 -2.472709000000E-003 
 8.318022000000E-003 -4.165770000000E-003  7.929688000000E-003 
-6.468139300000E-002 -1.948102700000E-002 -4.950979000000E-003 
-1.849501000000E-003 -6.707447200000E-002  2.487274000000E-003 
-1.918354720000E-001  7.877322000000E-002 -1.671553100000E-002 
 1.098041390000E-001 -1.055143840000E-001  1.795471500000E-002 
 3.428408200000E-002  7.023124000000E-003  1.168888000000E-003 
 1.605160700000E-002  1.343641300000E-002 -5.804559000000E-003 
! 5 Non-adiabatic couplings (ddr) (2x2x12x3, real)
12 3 ! 1 1 0 1 1 0
 0.000000000000E+000  0.000000000000E+000  0.000000000000E+000 
 0.000000000000E+000  0.000000000000E+000  0.000000000000E+000 
 0.000000000000E+000  0.000000000000E+000  0.000000000000E+000 
 0.000000000000E+000  0.000000000000E+000  0.000000000000E+000 
 0.000000000000E+000  0.000000000000E+000  0.000000000000E+000 
 0.000000000000E+000  0.000000000000E+000  0.000000000000E+000 
 0.000000000000E+000  0.000000000000E+000  0.000000000000E+000 
 0.000000000000E+000  0.000000000000E+000  0.000000000000E+000 
 0.000000000000E+000  0.000000000000E+000  0.000000000000E+000 
 0.000000000000E+000  0.000000000000E+000  0.000000000000E+000 
 0.000000000000E+000  0.000000000000E+000  0.000000000000E+000 
 0.000000000000E+000  0.000000000000E+000  0.000000000000E+000 
12 3 ! 1 1 0 1 2 0
-2.407860140000E-001  2.575532220000E-001 -6.877925000000E-003 
-4.991635900000E-002  5.988766300000E-002  2.896563600000E-002 
 9.309232800000E-002  1.856135300000E-002  1.346567500000E-002 
 2.857767460000E-001  1.569573400000E-002 -4.342750000000E-003 
-1.158332000000E-003  4.331923000000E-003 -3.547292000000E-003 
 8.687780000000E-003  2.112856000000E-003 -1.005045000000E-002 
-4.479976000000E-003  4.214834000000E-003 -7.495138000000E-003 
 6.448457000000E-003  5.714739000000E-003  2.592823000000E-003 
-6.573931400000E-002 -4.730780560000E-001 -1.692549600000E-002 
-4.879859900000E-002  6.711822300000E-002 -3.606770000000E-004 
-8.388832000000E-003  6.385901000000E-003  4.844659000000E-003 
 5.223634000000E-003  1.417368000000E-003  3.723410000000E-004 
12 3 ! 1 2 0 1 1 0
 2.407860140000E-001 -2.575532220000E-001  6.877925000000E-003 
 4.991635900000E-002 -5.988766300000E-002 -2.896563600000E-002 
-9.309232800000E-002 -1.856135300000E-002 -1.346567500000E-002 
-2.857767460000E-001 -1.569573400000E-002  4.342750000000E-003 
 1.158332000000E-003 -4.331923000000E-003  3.547292000000E-003 
-8.687780000000E-003 -2.112856000000E-003  1.005045000000E-002 
 4.479976000000E-003 -4.214834000000E-003  7.495138000000E-003 
-6.448457000000E-003 -5.714739000000E-003 -2.592823000000E-003 
 6.573931400000E-002  4.730780560000E-001  1.692549600000E-002 
 4.879859900000E-002 -6.711822300000E-002  3.606770000000E-004 
 8.388832000000E-003 -6.385901000000E-003 -4.844659000000E-003 
-5.223634000000E-003 -1.417368000000E-003 -3.723410000000E-004 
12 3 ! 1 2 0 1 2 0
 0.000000000000E+000  0.000000000000E+000  0.000000000000E+000 
 0.000000000000E+000  0.000000000000E+000  0.000000000000E+000 
 0.000000000000E+000  0.000000000000E+000  0.000000000000E+000 
 0.000000000000E+000  0.000000000000E+000  0.000000000000E+000 
 0.000000000000E+000  0.000000000000E+000  0.000000000000E+000 
 0.000000000000E+000  0.000000000000E+000  0.000000000000E+000 
 0.000000000000E+000  0.000000000000E+000  0.000000000000E+000 
 0.000000000000E+000  0.000000000000E+000  0.000000000000E+000 
 0.000000000000E+000  0.000000000000E+000  0.000000000000E+000 
 0.000000000000E+000  0.000000000000E+000  0.000000000000E+000 
 0.000000000000E+000  0.000000000000E+000  0.000000000000E+000 
 0.000000000000E+000  0.000000000000E+000  0.000000000000E+000 
! 6 Overlap matrix (2x2, complex)
2 2
 1.620383331000E-001  0.000000000000E+000  5.331512800000E-003  0.000000000000E+000 
-5.696900900000E-003  0.000000000000E+000  1.608246821000E-001  0.000000000000E+000 

! 7 Phases
2 ! for all nmstates
 1.000000000E+000  0.000000000E+000
 1.000000000E+000  0.000000000E+000
! 8 Runtime
 1.500552750000E+002
