! 1 Hamiltonian Matrix (2x2, complex)
2 2
-2.306895471292E+002  0.000000000000E+000  0.000000000000E+000  0.000000000000E+000 
 0.000000000000E+000  0.000000000000E+000 -2.305201953653E+002  0.000000000000E+000 

! 2 Dipole Moment Matrices (3x2x2, complex)
2 2
-1.616108700000E-001  0.000000000000E+000 -8.071252944800E-002  0.000000000000E+000 
-8.071252944800E-002  0.000000000000E+000  1.765696000000E-001  0.000000000000E+000 
2 2
 4.261898000000E-002  0.000000000000E+000 -1.643686798720E-001  0.000000000000E+000 
-1.643686798720E-001  0.000000000000E+000 -1.399588800000E-001  0.000000000000E+000 
2 2
-2.479862000000E-002  0.000000000000E+000  1.696002959500E-002  0.000000000000E+000 
 1.696002959500E-002  0.000000000000E+000 -6.959255000000E-002  0.000000000000E+000 
! 3 Gradient Vectors (2x12x3, real)
12 3 ! 1 1 0
 9.670311000000E-003 -6.905676000000E-002 -1.362207200000E-002 
-4.958489300000E-002  1.513191500000E-002 -4.321278000000E-003 
-6.608436000000E-002  3.276409600000E-002  6.480199000000E-003 
 4.005759800000E-002  6.605086000000E-002 -6.629189000000E-003 
 2.497264800000E-002  4.762228100000E-002  9.343870000000E-004 
 9.379156000000E-003 -3.662564700000E-002  3.486985000000E-003 
 4.356623400000E-002  1.375230100000E-002 -2.197783000000E-003 
-2.994843000000E-003 -7.538687700000E-002 -1.409639000000E-003 
 1.322021500000E-002  1.526267800000E-002  2.389861500000E-002 
-6.395319000000E-002 -9.160066800000E-002  5.994543000000E-003 
-5.919096000000E-003  3.510494600000E-002 -1.156203900000E-002 
 4.767022000000E-002  4.698087500000E-002 -1.052728000000E-003 
12 3 ! 1 2 0
 1.123852050000E-001 -1.372121590000E-001 -8.000692000000E-003 
-1.738349900000E-001 -4.663344000000E-002 -2.509753000000E-003 
-1.279711440000E-001  1.526886530000E-001  1.025912500000E-002 
 1.550415420000E-001  6.281440700000E-002 -1.086455500000E-002 
 2.483791600000E-002  4.771488300000E-002  2.430253000000E-003 
 8.815936000000E-003 -3.741165500000E-002  1.057450000000E-004 
 4.410446600000E-002  1.509140500000E-002 -2.763233000000E-003 
-3.038185000000E-003 -7.569865000000E-002  1.432760000000E-004 
-1.422112810000E-001  5.653140500000E-002  2.398113000000E-003 
 5.998238800000E-002 -1.190148900000E-001  2.084480800000E-002 
-5.695543000000E-003  3.756139600000E-002 -5.849820000000E-003 
 4.758368800000E-002  4.356864500000E-002 -6.193265000000E-003 
! 5 Non-adiabatic couplings (ddr) (2x2x12x3, real)
12 3 ! 1 1 0 1 1 0
 0.000000000000E+000  0.000000000000E+000  0.000000000000E+000 
 0.000000000000E+000  0.000000000000E+000  0.000000000000E+000 
 0.000000000000E+000  0.000000000000E+000  0.000000000000E+000 
 0.000000000000E+000  0.000000000000E+000  0.000000000000E+000 
 0.000000000000E+000  0.000000000000E+000  0.000000000000E+000 
 0.000000000000E+000  0.000000000000E+000  0.000000000000E+000 
 0.000000000000E+000  0.000000000000E+000  0.000000000000E+000 
 0.000000000000E+000  0.000000000000E+000  0.000000000000E+000 
 0.000000000000E+000  0.000000000000E+000  0.000000000000E+000 
 0.000000000000E+000  0.000000000000E+000  0.000000000000E+000 
 0.000000000000E+000  0.000000000000E+000  0.000000000000E+000 
 0.000000000000E+000  0.000000000000E+000  0.000000000000E+000 
12 3 ! 1 1 0 1 2 0
-1.973613680000E-001  1.676660280000E-001  2.282213700000E-002 
-4.797147700000E-002  3.031049600000E-002  9.257326000000E-003 
 4.886949100000E-002  5.203160000000E-002 -4.900136000000E-003 
 2.999719200000E-001  1.232740600000E-002 -9.806702000000E-003 
-2.347390000000E-004  5.823330000000E-003 -8.816000000000E-005 
 1.918651000000E-003 -1.752910000000E-003 -4.789140000000E-003 
-2.569575000000E-003  4.727950000000E-004 -3.605110000000E-004 
 4.697422000000E-003  3.981943000000E-003 -1.073779000000E-003 
-1.321420260000E-001 -3.306736530000E-001 -1.084932600000E-002 
 1.032290300000E-002  3.354666000000E-002  6.575558000000E-003 
-3.568778000000E-003  3.611166000000E-003  2.321079000000E-003 
 4.383754000000E-003 -1.147617000000E-003 -5.068349000000E-003 
12 3 ! 1 2 0 1 1 0
 1.973613680000E-001 -1.676660280000E-001 -2.282213700000E-002 
 4.797147700000E-002 -3.031049600000E-002 -9.257326000000E-003 
-4.886949100000E-002 -5.203160000000E-002  4.900136000000E-003 
-2.999719200000E-001 -1.232740600000E-002  9.806702000000E-003 
 2.347390000000E-004 -5.823330000000E-003  8.816000000000E-005 
-1.918651000000E-003  1.752910000000E-003  4.789140000000E-003 
 2.569575000000E-003 -4.727950000000E-004  3.605110000000E-004 
-4.697422000000E-003 -3.981943000000E-003  1.073779000000E-003 
 1.321420260000E-001  3.306736530000E-001  1.084932600000E-002 
-1.032290300000E-002 -3.354666000000E-002 -6.575558000000E-003 
 3.568778000000E-003 -3.611166000000E-003 -2.321079000000E-003 
-4.383754000000E-003  1.147617000000E-003  5.068349000000E-003 
12 3 ! 1 2 0 1 2 0
 0.000000000000E+000  0.000000000000E+000  0.000000000000E+000 
 0.000000000000E+000  0.000000000000E+000  0.000000000000E+000 
 0.000000000000E+000  0.000000000000E+000  0.000000000000E+000 
 0.000000000000E+000  0.000000000000E+000  0.000000000000E+000 
 0.000000000000E+000  0.000000000000E+000  0.000000000000E+000 
 0.000000000000E+000  0.000000000000E+000  0.000000000000E+000 
 0.000000000000E+000  0.000000000000E+000  0.000000000000E+000 
 0.000000000000E+000  0.000000000000E+000  0.000000000000E+000 
 0.000000000000E+000  0.000000000000E+000  0.000000000000E+000 
 0.000000000000E+000  0.000000000000E+000  0.000000000000E+000 
 0.000000000000E+000  0.000000000000E+000  0.000000000000E+000 
 0.000000000000E+000  0.000000000000E+000  0.000000000000E+000 
! 6 Overlap matrix (2x2, complex)
2 2
 4.032133562000E-001  0.000000000000E+000 -2.018188100000E-003  0.000000000000E+000 
 1.688004300000E-003  0.000000000000E+000  4.002102160000E-001  0.000000000000E+000 

! 7 Phases
2 ! for all nmstates
 1.000000000E+000  0.000000000E+000
 1.000000000E+000  0.000000000E+000
! 8 Runtime
 1.314101190000E+002
