2021-08-26 03:01:22.820522 fermium /global/julia/Fulvene/Interpolation_Geometry1/Calc_26

  ================================================================================
||                                                                                ||
||                         SHARC - MOLPRO2012 - Interface                         ||
||                                                                                ||
||                             Author: Sebastian Mai                              ||
||                                                                                ||
||                                  Version: 2.1                                  ||
||                                 Date: 01.09.19                                 ||
||                                                                                ||
  ================================================================================


==> QMin Job description for:
tmp.pdb

Tasks:	H	DM	Grad	Nac(ddr)	Overlaps	Phases
States: 	2 Singlet

Method:
Electrons per Multiplicity:	42
Job ID per Multiplicity:	1
Level of Theory per Job ID:
1:	SA(2+0+0)-CASSCF(6,6)/6-31G*

Found Geo! NAtom is 12.

Geometry in Bohrs:
C -0.1980 -2.6510 -0.0450 
C  2.3630 -2.4570  0.0510 
C  3.1640  0.1480 -0.0930 
C  1.1500  1.6630 -0.0980 
H -1.5120 -4.3110 -0.0450 
H  3.3360 -4.0250 -0.0070 
H  5.2450  0.7650  0.2790 
H  1.0550  3.6730 -0.2280 
C -1.0560  0.0190 -0.0550 
C -3.5950  0.7140 -0.0010 
H -4.2290  2.5330  0.2210 
H -5.1870 -0.4700  0.0210 

Gradients:   X X 

Non-adiabatic couplings:
. X 
X . 

wfthres: 1.0
docicas: True
newstep: []
nstates: 2
unit: ['bohr']
phases: []
njobs: 1
initorbs: {1: '/global/julia/Fulvene/Interpolation_Geometry1/Calc_26/SAVEDIR/wf.1.old'}
delay: 0.0
scratchdir: /public/fermium/scratch/tmp/julia.91780
wfoverlap: /user/julia/software/SchNarc/sharc/bin/wfoverlap.x
template: {'gradaccudefault': 1e-05, 'gradaccumax': 0.01, 'basis': '6-31G*', 'occ': [24], 'nelec': {1: [42, 41, 42]}, 'closed': [18], 'rootpad': {1: [0, 0, 0]}, 'dkho': 0, 'roots': {1: [2, 0, 0]}}
memory: 2000
multmap: {1: 1, -1: [1]}
ndocc: 0
jobs: [1]
ncore: 0
maxmult: 1
ncpu: 1
pwd: /global/julia/Fulvene/Interpolation_Geometry1/Calc_26
statemap: {1: [1, 1, 0.0], 2: [1, 2, 0.0]}
molpro: /usr/license/molpro/molpros_2012_1_5_Linux_x86_64_i8/bin/
nmstates: 2
savedir: /global/julia/Fulvene/Interpolation_Geometry1/Calc_26/SAVEDIR
nacmap: [(1, 1, 1, 2)]
natom: 12
gradmap: [(1, 1), (1, 2)]
joblist: [1]


>>>>>>>>>>>>> Starting the MOLPRO job execution
START:	/public/fermium/scratch/tmp/julia.91780/integrals	2021-08-26 03:01:24.107409	"/usr/license/molpro/molpros_2012_1_5_Linux_x86_64_i8/bin/molpro -W./ -I./ -d./ MOLPRO.input"
FINISH:	/public/fermium/scratch/tmp/julia.91780/integrals	2021-08-26 03:01:27.611006	Runtime: 0:00:03.503597	Error Code: 0
Error Codes:
	integrals 	0

START:	/public/fermium/scratch/tmp/julia.91780/master_1	2021-08-26 03:01:49.907732	"/usr/license/molpro/molpros_2012_1_5_Linux_x86_64_i8/bin/molpro -W./ -I./ -d./ MOLPRO.input"
FINISH:	/public/fermium/scratch/tmp/julia.91780/master_1	2021-08-26 03:02:11.022321	Runtime: 0:00:21.114589	Error Code: 0
Error Codes:
	master_1  	0

START:	/public/fermium/scratch/tmp/julia.91780/grad_1_1	2021-08-26 03:02:38.807929	"/usr/license/molpro/molpros_2012_1_5_Linux_x86_64_i8/bin/molpro -W./ -I./ -d./ MOLPRO.input"
FINISH:	/public/fermium/scratch/tmp/julia.91780/grad_1_1	2021-08-26 03:02:53.204792	Runtime: 0:00:14.396863	Error Code: 0
START:	/public/fermium/scratch/tmp/julia.91780/nac_1_1_1_2	2021-08-26 03:02:59.453909	"/usr/license/molpro/molpros_2012_1_5_Linux_x86_64_i8/bin/molpro -W./ -I./ -d./ MOLPRO.input"
FINISH:	/public/fermium/scratch/tmp/julia.91780/nac_1_1_1_2	2021-08-26 03:03:14.845209	Runtime: 0:00:15.391300	Error Code: 0
START:	/public/fermium/scratch/tmp/julia.91780/grad_1_2	2021-08-26 03:03:15.063790	"/usr/license/molpro/molpros_2012_1_5_Linux_x86_64_i8/bin/molpro -W./ -I./ -d./ MOLPRO.input"
FINISH:	/public/fermium/scratch/tmp/julia.91780/grad_1_2	2021-08-26 03:03:30.282499	Runtime: 0:00:15.218709	Error Code: 0
Error Codes:
	grad_1_1  	0	nac_1_1_1_2	0	grad_1_2  	0

>>>>>>>>>>>>> Starting the WFOVERLAP job execution
START:	/public/fermium/scratch/tmp/julia.91780/CI_CAS_1_1	2021-08-26 03:03:37.040019	"/user/julia/software/SchNarc/sharc/bin/wfoverlap.x -m 2000 -f wfovl.inp"
FINISH:	/public/fermium/scratch/tmp/julia.91780/CI_CAS_1_1	2021-08-26 03:03:53.488548	Runtime: 0:00:16.448529	Error Code: 0
START:	/public/fermium/scratch/tmp/julia.91780/AOoverlap	2021-08-26 03:03:58.672294	"/usr/license/molpro/molpros_2012_1_5_Linux_x86_64_i8/bin/molpro -W./ -I./ -d./ MOLPRO.input"
FINISH:	/public/fermium/scratch/tmp/julia.91780/AOoverlap	2021-08-26 03:04:01.844843	Runtime: 0:00:03.172549	Error Code: 0
START:	/public/fermium/scratch/tmp/julia.91780/WFOVL_1_1	2021-08-26 03:04:16.012440	"/user/julia/software/SchNarc/sharc/bin/wfoverlap.x -m 2000 -f wfovl.inp"
FINISH:	/public/fermium/scratch/tmp/julia.91780/WFOVL_1_1	2021-08-26 03:04:17.278349	Runtime: 0:00:01.265909	Error Code: 0
Error Codes:
	CI_CAS_1_1	0	WFOVL_1_1 	0

===> Results:

=> Hamiltonian Matrix:
Diagonal Shift:   -230.00
Real Part:
----------------------
|-6.891e-01            |
|           -5.494e-01 |
----------------------

=> Dipole Moment Matrices:

Polarisation X:
Real Part:
----------------------
|-1.899e-01 -8.592e-02 |
|-8.592e-02  8.753e-02 |
----------------------

Polarisation Y:
Real Part:
----------------------
| 5.251e-02 -2.032e-01 |
|-2.032e-01 -1.301e-01 |
----------------------

Polarisation Z:
Real Part:
----------------------
| 5.351e-02 -2.606e-02 |
|-2.606e-02  5.883e-02 |
----------------------

=> Gradient Vectors:

Singlet	1	Ms=  0.0:
1	C	 0.01200	-0.01784	-0.00207	
2	C	 0.06776	-0.02358	 0.00710	
3	C	-0.08306	-0.01706	-0.02579	
4	C	 0.01954	-0.00843	 0.00348	
5	H	-0.02574	-0.02375	-0.00049	
6	H	-0.06973	 0.07336	-0.00092	
7	H	 0.04970	 0.01371	 0.01769	
8	H	-0.00228	-0.00350	-0.00344	
9	C	 0.07731	 0.00639	 0.00450	
10	C	-0.05095	 0.01937	-0.00103	
11	H	 0.00035	-0.04879	 0.00034	
12	H	 0.00509	 0.03011	 0.00061	

Singlet	2	Ms=  0.0:
1	C	 0.11293	-0.07802	-0.00149	
2	C	-0.05641	-0.10080	 0.00849	
3	C	-0.14358	 0.11122	-0.02567	
4	C	 0.13662	-0.00733	 0.00225	
5	H	-0.02608	-0.02329	-0.00011	
6	H	-0.07137	 0.07241	-0.00122	
7	H	 0.05028	 0.01520	 0.01580	
8	H	-0.00232	-0.00366	-0.00208	
9	C	-0.07561	 0.04592	 0.00329	
10	C	 0.07022	-0.01352	 0.00391	
11	H	 0.00080	-0.04603	-0.00498	
12	H	 0.00451	 0.02791	 0.00181	

=> Analytical Non-adiabatic coupling vectors:

Singlet	States 1 - 1	Ms=  0.0:
		...is identical zero...

Singlet	States 1 - 2	Ms=  0.0:
1	C	-0.22199	 0.21604	-0.00749	
2	C	-0.05812	 0.04011	-0.00487	
3	C	 0.05502	 0.07363	-0.01970	
4	C	 0.34710	 0.02946	 0.00632	
5	H	-0.00039	 0.00383	 0.00061	
6	H	 0.00417	-0.00220	 0.00700	
7	H	-0.00362	 0.00307	 0.00448	
8	H	 0.00444	 0.00311	-0.00050	
9	C	-0.14893	-0.43857	 0.01711	
10	C	 0.01178	 0.04432	-0.00683	
11	H	-0.00424	 0.00244	 0.00106	
12	H	 0.00466	-0.00023	-0.00122	

Singlet	States 2 - 1	Ms=  0.0:
1	C	 0.22199	-0.21604	 0.00749	
2	C	 0.05812	-0.04011	 0.00487	
3	C	-0.05502	-0.07363	 0.01970	
4	C	-0.34710	-0.02946	-0.00632	
5	H	 0.00039	-0.00383	-0.00061	
6	H	-0.00417	 0.00220	-0.00700	
7	H	 0.00362	-0.00307	-0.00448	
8	H	-0.00444	-0.00311	 0.00050	
9	C	 0.14893	 0.43857	-0.01711	
10	C	-0.01178	-0.04432	 0.00683	
11	H	 0.00424	-0.00244	-0.00106	
12	H	-0.00466	 0.00023	 0.00122	

Singlet	States 2 - 2	Ms=  0.0:
		...is identical zero...

=> Overlap matrix:

Real Part:
----------------------
| 9.988e-01 -3.659e-04 |
| 3.630e-04  9.988e-01 |
----------------------

=> Wavefunction Phases:
2

 1.0  0.0
 1.0  0.0


==> Runtime:
0 Days	0 Hours	3 Minutes	4 Seconds


===> Writing output to file QM.out in SHARC Format

2021-08-26 03:04:26.966172
#================ END ================#
