! 1 Hamiltonian Matrix (2x2, complex)
2 2
-2.306891180137E+002  0.000000000000E+000  0.000000000000E+000  0.000000000000E+000 
 0.000000000000E+000  0.000000000000E+000 -2.305494203812E+002  0.000000000000E+000 

! 2 Dipole Moment Matrices (3x2x2, complex)
2 2
-1.898588200000E-001  0.000000000000E+000 -8.591503031400E-002  0.000000000000E+000 
-8.591503031400E-002  0.000000000000E+000  8.752999000000E-002  0.000000000000E+000 
2 2
 5.251399000000E-002  0.000000000000E+000 -2.031910698160E-001  0.000000000000E+000 
-2.031910698160E-001  0.000000000000E+000 -1.300862600000E-001  0.000000000000E+000 
2 2
 5.350789000000E-002  0.000000000000E+000 -2.606256891100E-002  0.000000000000E+000 
-2.606256891100E-002  0.000000000000E+000  5.882546000000E-002  0.000000000000E+000 
! 3 Gradient Vectors (2x12x3, real)
12 3 ! 1 1 0
 1.200426900000E-002 -1.784274400000E-002 -2.066059000000E-003 
 6.776427300000E-002 -2.357806600000E-002  7.098400000000E-003 
-8.306498600000E-002 -1.705841200000E-002 -2.578743400000E-002 
 1.954082800000E-002 -8.426420000000E-003  3.484951000000E-003 
-2.573530400000E-002 -2.374695400000E-002 -4.913190000000E-004 
-6.972719200000E-002  7.335874100000E-002 -9.204680000000E-004 
 4.970401800000E-002  1.370710500000E-002  1.769096700000E-002 
-2.278012000000E-003 -3.504776000000E-003 -3.438624000000E-003 
 7.730700300000E-002  6.394829000000E-003  4.500859000000E-003 
-5.095416500000E-002  1.937082400000E-002 -1.026583000000E-003 
 3.482670000000E-004 -4.878908400000E-002  3.411220000000E-004 
 5.091002000000E-003  3.011495900000E-002  6.141890000000E-004 
12 3 ! 1 2 0
 1.129307740000E-001 -7.801645800000E-002 -1.490096000000E-003 
-5.640587500000E-002 -1.008025720000E-001  8.486427000000E-003 
-1.435810760000E-001  1.112231360000E-001 -2.566876500000E-002 
 1.366239070000E-001 -7.334405000000E-003  2.245969000000E-003 
-2.607729900000E-002 -2.329261100000E-002 -1.102780000000E-004 
-7.136924000000E-002  7.241174700000E-002 -1.218598000000E-003 
 5.027671400000E-002  1.519953300000E-002  1.579531500000E-002 
-2.321218000000E-003 -3.661200000000E-003 -2.075193000000E-003 
-7.560860700000E-002  4.591893000000E-002  3.292687000000E-003 
 7.022278100000E-002 -1.352265900000E-002  3.907186000000E-003 
 8.025890000000E-004 -4.603339800000E-002 -4.979590000000E-003 
 4.506550000000E-003  2.790995800000E-002  1.814935000000E-003 
! 5 Non-adiabatic couplings (ddr) (2x2x12x3, real)
12 3 ! 1 1 0 1 1 0
 0.000000000000E+000  0.000000000000E+000  0.000000000000E+000 
 0.000000000000E+000  0.000000000000E+000  0.000000000000E+000 
 0.000000000000E+000  0.000000000000E+000  0.000000000000E+000 
 0.000000000000E+000  0.000000000000E+000  0.000000000000E+000 
 0.000000000000E+000  0.000000000000E+000  0.000000000000E+000 
 0.000000000000E+000  0.000000000000E+000  0.000000000000E+000 
 0.000000000000E+000  0.000000000000E+000  0.000000000000E+000 
 0.000000000000E+000  0.000000000000E+000  0.000000000000E+000 
 0.000000000000E+000  0.000000000000E+000  0.000000000000E+000 
 0.000000000000E+000  0.000000000000E+000  0.000000000000E+000 
 0.000000000000E+000  0.000000000000E+000  0.000000000000E+000 
 0.000000000000E+000  0.000000000000E+000  0.000000000000E+000 
12 3 ! 1 1 0 1 2 0
-2.219873530000E-001  2.160378920000E-001 -7.494510000000E-003 
-5.812129200000E-002  4.011096500000E-002 -4.872180000000E-003 
 5.501919300000E-002  7.362810900000E-002 -1.970454900000E-002 
 3.471030720000E-001  2.946458100000E-002  6.319163000000E-003 
-3.864070000000E-004  3.825856000000E-003  6.121200000000E-004 
 4.166336000000E-003 -2.204643000000E-003  6.997501000000E-003 
-3.617111000000E-003  3.073396000000E-003  4.481949000000E-003 
 4.441003000000E-003  3.107337000000E-003 -4.976850000000E-004 
-1.489301300000E-001 -4.385681010000E-001  1.710974500000E-002 
 1.178135900000E-002  4.432140900000E-002 -6.829641000000E-003 
-4.239042000000E-003  2.440104000000E-003  1.056464000000E-003 
 4.656074000000E-003 -2.341260000000E-004 -1.218770000000E-003 
12 3 ! 1 2 0 1 1 0
 2.219873530000E-001 -2.160378920000E-001  7.494510000000E-003 
 5.812129200000E-002 -4.011096500000E-002  4.872180000000E-003 
-5.501919300000E-002 -7.362810900000E-002  1.970454900000E-002 
-3.471030720000E-001 -2.946458100000E-002 -6.319163000000E-003 
 3.864070000000E-004 -3.825856000000E-003 -6.121200000000E-004 
-4.166336000000E-003  2.204643000000E-003 -6.997501000000E-003 
 3.617111000000E-003 -3.073396000000E-003 -4.481949000000E-003 
-4.441003000000E-003 -3.107337000000E-003  4.976850000000E-004 
 1.489301300000E-001  4.385681010000E-001 -1.710974500000E-002 
-1.178135900000E-002 -4.432140900000E-002  6.829641000000E-003 
 4.239042000000E-003 -2.440104000000E-003 -1.056464000000E-003 
-4.656074000000E-003  2.341260000000E-004  1.218770000000E-003 
12 3 ! 1 2 0 1 2 0
 0.000000000000E+000  0.000000000000E+000  0.000000000000E+000 
 0.000000000000E+000  0.000000000000E+000  0.000000000000E+000 
 0.000000000000E+000  0.000000000000E+000  0.000000000000E+000 
 0.000000000000E+000  0.000000000000E+000  0.000000000000E+000 
 0.000000000000E+000  0.000000000000E+000  0.000000000000E+000 
 0.000000000000E+000  0.000000000000E+000  0.000000000000E+000 
 0.000000000000E+000  0.000000000000E+000  0.000000000000E+000 
 0.000000000000E+000  0.000000000000E+000  0.000000000000E+000 
 0.000000000000E+000  0.000000000000E+000  0.000000000000E+000 
 0.000000000000E+000  0.000000000000E+000  0.000000000000E+000 
 0.000000000000E+000  0.000000000000E+000  0.000000000000E+000 
 0.000000000000E+000  0.000000000000E+000  0.000000000000E+000 
! 6 Overlap matrix (2x2, complex)
2 2
 9.987617569000E-001  0.000000000000E+000 -3.659179000000E-004  0.000000000000E+000 
 3.629787000000E-004  0.000000000000E+000  9.987556063000E-001  0.000000000000E+000 

! 7 Phases
2 ! for all nmstates
 1.000000000E+000  0.000000000E+000
 1.000000000E+000  0.000000000E+000
! 8 Runtime
 1.840065060000E+002
