2021-08-26 02:23:31.313683 fermium /global/julia/Fulvene/Interpolation_Geometry1/Calc_18

  ================================================================================
||                                                                                ||
||                         SHARC - MOLPRO2012 - Interface                         ||
||                                                                                ||
||                             Author: Sebastian Mai                              ||
||                                                                                ||
||                                  Version: 2.1                                  ||
||                                 Date: 01.09.19                                 ||
||                                                                                ||
  ================================================================================


==> QMin Job description for:
tmp.pdb

Tasks:	H	DM	Grad	Nac(ddr)	Overlaps	Phases
States: 	2 Singlet

Method:
Electrons per Multiplicity:	42
Job ID per Multiplicity:	1
Level of Theory per Job ID:
1:	SA(2+0+0)-CASSCF(6,6)/6-31G*

Found Geo! NAtom is 12.

Geometry in Bohrs:
C -0.2090 -2.6360 -0.0330 
C  2.3520 -2.4800  0.0370 
C  3.1600  0.1470 -0.0630 
C  1.1270  1.6570 -0.0670 
H -1.4810 -4.2930 -0.0340 
H  3.4090 -4.0620 -0.0000 
H  5.2050  0.7550  0.1880 
H  1.0470  3.6730 -0.1580 
C -1.0950  0.0170 -0.0380 
C -3.6030  0.7290 -0.0010 
H -4.2000  2.5980  0.1560 
H -5.1760 -0.5040  0.0130 

Gradients:   X X 

Non-adiabatic couplings:
. X 
X . 

wfthres: 1.0
docicas: True
newstep: []
nstates: 2
unit: ['bohr']
phases: []
njobs: 1
initorbs: {1: '/global/julia/Fulvene/Interpolation_Geometry1/Calc_18/SAVEDIR/wf.1.old'}
delay: 0.0
scratchdir: /public/fermium/scratch/tmp/julia.91780
wfoverlap: /user/julia/software/SchNarc/sharc/bin/wfoverlap.x
template: {'gradaccudefault': 1e-05, 'gradaccumax': 0.01, 'basis': '6-31G*', 'occ': [24], 'nelec': {1: [42, 41, 42]}, 'closed': [18], 'rootpad': {1: [0, 0, 0]}, 'dkho': 0, 'roots': {1: [2, 0, 0]}}
memory: 2000
multmap: {1: 1, -1: [1]}
ndocc: 0
jobs: [1]
ncore: 0
maxmult: 1
ncpu: 1
pwd: /global/julia/Fulvene/Interpolation_Geometry1/Calc_18
statemap: {1: [1, 1, 0.0], 2: [1, 2, 0.0]}
molpro: /usr/license/molpro/molpros_2012_1_5_Linux_x86_64_i8/bin/
nmstates: 2
savedir: /global/julia/Fulvene/Interpolation_Geometry1/Calc_18/SAVEDIR
nacmap: [(1, 1, 1, 2)]
natom: 12
gradmap: [(1, 1), (1, 2)]
joblist: [1]


>>>>>>>>>>>>> Starting the MOLPRO job execution
START:	/public/fermium/scratch/tmp/julia.91780/integrals	2021-08-26 02:23:31.542599	"/usr/license/molpro/molpros_2012_1_5_Linux_x86_64_i8/bin/molpro -W./ -I./ -d./ MOLPRO.input"
FINISH:	/public/fermium/scratch/tmp/julia.91780/integrals	2021-08-26 02:23:34.980081	Runtime: 0:00:03.437482	Error Code: 0
Error Codes:
	integrals 	0

START:	/public/fermium/scratch/tmp/julia.91780/master_1	2021-08-26 02:23:51.600221	"/usr/license/molpro/molpros_2012_1_5_Linux_x86_64_i8/bin/molpro -W./ -I./ -d./ MOLPRO.input"
FINISH:	/public/fermium/scratch/tmp/julia.91780/master_1	2021-08-26 02:24:30.147163	Runtime: 0:00:38.546942	Error Code: 0
Error Codes:
	master_1  	0

START:	/public/fermium/scratch/tmp/julia.91780/grad_1_1	2021-08-26 02:24:56.758293	"/usr/license/molpro/molpros_2012_1_5_Linux_x86_64_i8/bin/molpro -W./ -I./ -d./ MOLPRO.input"
FINISH:	/public/fermium/scratch/tmp/julia.91780/grad_1_1	2021-08-26 02:25:09.197230	Runtime: 0:00:12.438937	Error Code: 0
START:	/public/fermium/scratch/tmp/julia.91780/nac_1_1_1_2	2021-08-26 02:25:09.556189	"/usr/license/molpro/molpros_2012_1_5_Linux_x86_64_i8/bin/molpro -W./ -I./ -d./ MOLPRO.input"
FINISH:	/public/fermium/scratch/tmp/julia.91780/nac_1_1_1_2	2021-08-26 02:25:30.512152	Runtime: 0:00:20.955963	Error Code: 0
START:	/public/fermium/scratch/tmp/julia.91780/grad_1_2	2021-08-26 02:25:31.170282	"/usr/license/molpro/molpros_2012_1_5_Linux_x86_64_i8/bin/molpro -W./ -I./ -d./ MOLPRO.input"
FINISH:	/public/fermium/scratch/tmp/julia.91780/grad_1_2	2021-08-26 02:25:47.596629	Runtime: 0:00:16.426347	Error Code: 0
Error Codes:
	grad_1_1  	0	nac_1_1_1_2	0	grad_1_2  	0

>>>>>>>>>>>>> Starting the WFOVERLAP job execution
START:	/public/fermium/scratch/tmp/julia.91780/CI_CAS_1_1	2021-08-26 02:25:51.878008	"/user/julia/software/SchNarc/sharc/bin/wfoverlap.x -m 2000 -f wfovl.inp"
FINISH:	/public/fermium/scratch/tmp/julia.91780/CI_CAS_1_1	2021-08-26 02:26:04.805416	Runtime: 0:00:12.927408	Error Code: 0
START:	/public/fermium/scratch/tmp/julia.91780/AOoverlap	2021-08-26 02:26:04.837581	"/usr/license/molpro/molpros_2012_1_5_Linux_x86_64_i8/bin/molpro -W./ -I./ -d./ MOLPRO.input"
FINISH:	/public/fermium/scratch/tmp/julia.91780/AOoverlap	2021-08-26 02:26:05.811262	Runtime: 0:00:00.973681	Error Code: 0
START:	/public/fermium/scratch/tmp/julia.91780/WFOVL_1_1	2021-08-26 02:26:10.057155	"/user/julia/software/SchNarc/sharc/bin/wfoverlap.x -m 2000 -f wfovl.inp"
FINISH:	/public/fermium/scratch/tmp/julia.91780/WFOVL_1_1	2021-08-26 02:26:16.560639	Runtime: 0:00:06.503484	Error Code: 0
Error Codes:
	CI_CAS_1_1	0	WFOVL_1_1 	0

===> Results:

=> Hamiltonian Matrix:
Diagonal Shift:   -230.00
Real Part:
----------------------
|-7.066e-01            |
|           -5.634e-01 |
----------------------

=> Dipole Moment Matrices:

Polarisation X:
Real Part:
----------------------
|-1.653e-01 -8.123e-02 |
|-8.123e-02  1.263e-01 |
----------------------

Polarisation Y:
Real Part:
----------------------
| 4.822e-02 -2.057e-01 |
|-2.057e-01 -1.114e-01 |
----------------------

Polarisation Z:
Real Part:
----------------------
| 3.808e-02 -1.890e-02 |
|-1.890e-02  4.064e-02 |
----------------------

=> Gradient Vectors:

Singlet	1	Ms=  0.0:
1	C	 0.00807	-0.01105	-0.00160	
2	C	 0.04512	-0.01074	 0.00597	
3	C	-0.06034	-0.01195	-0.01658	
4	C	 0.01271	-0.00571	 0.00233	
5	H	-0.01818	-0.01728	-0.00035	
6	H	-0.04599	 0.04423	-0.00130	
7	H	 0.03811	 0.01015	 0.01076	
8	H	-0.00154	-0.00230	-0.00241	
9	C	 0.05506	 0.00369	 0.00345	
10	C	-0.03503	 0.01250	-0.00186	
11	H	-0.00073	-0.03194	 0.00140	
12	H	 0.00274	 0.02040	 0.00018	

Singlet	2	Ms=  0.0:
1	C	 0.10784	-0.07363	-0.00117	
2	C	-0.07800	-0.08618	 0.00671	
3	C	-0.12049	 0.11590	-0.01662	
4	C	 0.13024	-0.00433	 0.00172	
5	H	-0.01843	-0.01683	-0.00005	
6	H	-0.04719	 0.04323	-0.00141	
7	H	 0.03859	 0.01153	 0.00944	
8	H	-0.00165	-0.00254	-0.00151	
9	C	-0.10103	 0.04624	 0.00259	
10	C	 0.08808	-0.02210	 0.00172	
11	H	-0.00013	-0.02956	-0.00230	
12	H	 0.00218	 0.01828	 0.00089	

=> Analytical Non-adiabatic coupling vectors:

Singlet	States 1 - 1	Ms=  0.0:
		...is identical zero...

Singlet	States 1 - 2	Ms=  0.0:
1	C	-0.22711	 0.21138	-0.00549	
2	C	-0.05223	 0.04535	-0.00351	
3	C	 0.05835	 0.05772	-0.01392	
4	C	 0.33354	 0.03017	 0.00495	
5	H	-0.00075	 0.00404	 0.00048	
6	H	 0.00427	-0.00167	 0.00493	
7	H	-0.00353	 0.00262	 0.00344	
8	H	 0.00429	 0.00302	-0.00054	
9	C	-0.13861	-0.42531	 0.01142	
10	C	 0.01135	 0.04415	-0.00474	
11	H	-0.00430	 0.00257	 0.00087	
12	H	 0.00480	-0.00017	-0.00090	

Singlet	States 2 - 1	Ms=  0.0:
1	C	 0.22711	-0.21138	 0.00549	
2	C	 0.05223	-0.04535	 0.00351	
3	C	-0.05835	-0.05772	 0.01392	
4	C	-0.33354	-0.03017	-0.00495	
5	H	 0.00075	-0.00404	-0.00048	
6	H	-0.00427	 0.00167	-0.00493	
7	H	 0.00353	-0.00262	-0.00344	
8	H	-0.00429	-0.00302	 0.00054	
9	C	 0.13861	 0.42531	-0.01142	
10	C	-0.01135	-0.04415	 0.00474	
11	H	 0.00430	-0.00257	-0.00087	
12	H	-0.00480	 0.00017	 0.00090	

Singlet	States 2 - 2	Ms=  0.0:
		...is identical zero...

=> Overlap matrix:

Real Part:
----------------------
| 9.988e-01 -6.148e-04 |
| 6.135e-04  9.988e-01 |
----------------------

=> Wavefunction Phases:
2

 1.0  0.0
 1.0  0.0


==> Runtime:
0 Days	0 Hours	2 Minutes	53 Seconds


===> Writing output to file QM.out in SHARC Format

2021-08-26 02:26:27.434713
#================ END ================#
