! 1 Hamiltonian Matrix (2x2, complex)
2 2
-2.307066176299E+002  0.000000000000E+000  0.000000000000E+000  0.000000000000E+000 
 0.000000000000E+000  0.000000000000E+000 -2.305633534819E+002  0.000000000000E+000 

! 2 Dipole Moment Matrices (3x2x2, complex)
2 2
-1.652730200000E-001  0.000000000000E+000 -8.122504926000E-002  0.000000000000E+000 
-8.122504926000E-002  0.000000000000E+000  1.263462000000E-001  0.000000000000E+000 
2 2
 4.821911000000E-002  0.000000000000E+000 -2.056820572110E-001  0.000000000000E+000 
-2.056820572110E-001  0.000000000000E+000 -1.113726500000E-001  0.000000000000E+000 
2 2
 3.807985000000E-002  0.000000000000E+000 -1.890497896600E-002  0.000000000000E+000 
-1.890497896600E-002  0.000000000000E+000  4.064226000000E-002  0.000000000000E+000 
! 3 Gradient Vectors (2x12x3, real)
12 3 ! 1 1 0
 8.067928000000E-003 -1.105040600000E-002 -1.596942000000E-003 
 4.512465800000E-002 -1.073686300000E-002  5.974977000000E-003 
-6.034185400000E-002 -1.194983100000E-002 -1.658266600000E-002 
 1.270824400000E-002 -5.714214000000E-003  2.328582000000E-003 
-1.817675200000E-002 -1.727583900000E-002 -3.475370000000E-004 
-4.598657800000E-002  4.423470300000E-002 -1.298026000000E-003 
 3.810624900000E-002  1.014515600000E-002  1.075801300000E-002 
-1.537533000000E-003 -2.303425000000E-003 -2.413854000000E-003 
 5.505864400000E-002  3.688345000000E-003  3.449482000000E-003 
-3.503375500000E-002  1.249549100000E-002 -1.860137000000E-003 
-7.255180000000E-004 -3.193582500000E-002  1.404489000000E-003 
 2.736267000000E-003  2.040270900000E-002  1.836190000000E-004 
12 3 ! 1 2 0
 1.078354170000E-001 -7.363206700000E-002 -1.169246000000E-003 
-7.800363400000E-002 -8.618415300000E-002  6.713945000000E-003 
-1.204946820000E-001  1.159001850000E-001 -1.662183600000E-002 
 1.302403730000E-001 -4.325967000000E-003  1.723550000000E-003 
-1.843385100000E-002 -1.683294600000E-002 -5.362900000000E-005 
-4.719205400000E-002  4.323115700000E-002 -1.413043000000E-003 
 3.858997800000E-002  1.152543400000E-002  9.437366000000E-003 
-1.648988000000E-003 -2.536592000000E-003 -1.509194000000E-003 
-1.010256940000E-001  4.624188400000E-002  2.592213000000E-003 
 8.808142200000E-002 -2.210255000000E-002  1.719204000000E-003 
-1.328340000000E-004 -2.956231000000E-002 -2.304532000000E-003 
 2.184547000000E-003  1.827792500000E-002  8.852020000000E-004 
! 5 Non-adiabatic couplings (ddr) (2x2x12x3, real)
12 3 ! 1 1 0 1 1 0
 0.000000000000E+000  0.000000000000E+000  0.000000000000E+000 
 0.000000000000E+000  0.000000000000E+000  0.000000000000E+000 
 0.000000000000E+000  0.000000000000E+000  0.000000000000E+000 
 0.000000000000E+000  0.000000000000E+000  0.000000000000E+000 
 0.000000000000E+000  0.000000000000E+000  0.000000000000E+000 
 0.000000000000E+000  0.000000000000E+000  0.000000000000E+000 
 0.000000000000E+000  0.000000000000E+000  0.000000000000E+000 
 0.000000000000E+000  0.000000000000E+000  0.000000000000E+000 
 0.000000000000E+000  0.000000000000E+000  0.000000000000E+000 
 0.000000000000E+000  0.000000000000E+000  0.000000000000E+000 
 0.000000000000E+000  0.000000000000E+000  0.000000000000E+000 
 0.000000000000E+000  0.000000000000E+000  0.000000000000E+000 
12 3 ! 1 1 0 1 2 0
-2.271090410000E-001  2.113776350000E-001 -5.489830000000E-003 
-5.222967300000E-002  4.534543000000E-002 -3.509216000000E-003 
 5.834657700000E-002  5.772328600000E-002 -1.392203400000E-002 
 3.335435690000E-001  3.016706600000E-002  4.946797000000E-003 
-7.493670000000E-004  4.037414000000E-003  4.765670000000E-004 
 4.266707000000E-003 -1.666539000000E-003  4.926613000000E-003 
-3.528573000000E-003  2.620760000000E-003  3.442629000000E-003 
 4.289838000000E-003  3.021369000000E-003 -5.419690000000E-004 
-1.386066300000E-001 -4.253111440000E-001  1.141558400000E-002 
 1.134602700000E-002  4.415398100000E-002 -4.737506000000E-003 
-4.302936000000E-003  2.566417000000E-003  8.699610000000E-004 
 4.796287000000E-003 -1.656730000000E-004 -8.975860000000E-004 
12 3 ! 1 2 0 1 1 0
 2.271090410000E-001 -2.113776350000E-001  5.489830000000E-003 
 5.222967300000E-002 -4.534543000000E-002  3.509216000000E-003 
-5.834657700000E-002 -5.772328600000E-002  1.392203400000E-002 
-3.335435690000E-001 -3.016706600000E-002 -4.946797000000E-003 
 7.493670000000E-004 -4.037414000000E-003 -4.765670000000E-004 
-4.266707000000E-003  1.666539000000E-003 -4.926613000000E-003 
 3.528573000000E-003 -2.620760000000E-003 -3.442629000000E-003 
-4.289838000000E-003 -3.021369000000E-003  5.419690000000E-004 
 1.386066300000E-001  4.253111440000E-001 -1.141558400000E-002 
-1.134602700000E-002 -4.415398100000E-002  4.737506000000E-003 
 4.302936000000E-003 -2.566417000000E-003 -8.699610000000E-004 
-4.796287000000E-003  1.656730000000E-004  8.975860000000E-004 
12 3 ! 1 2 0 1 2 0
 0.000000000000E+000  0.000000000000E+000  0.000000000000E+000 
 0.000000000000E+000  0.000000000000E+000  0.000000000000E+000 
 0.000000000000E+000  0.000000000000E+000  0.000000000000E+000 
 0.000000000000E+000  0.000000000000E+000  0.000000000000E+000 
 0.000000000000E+000  0.000000000000E+000  0.000000000000E+000 
 0.000000000000E+000  0.000000000000E+000  0.000000000000E+000 
 0.000000000000E+000  0.000000000000E+000  0.000000000000E+000 
 0.000000000000E+000  0.000000000000E+000  0.000000000000E+000 
 0.000000000000E+000  0.000000000000E+000  0.000000000000E+000 
 0.000000000000E+000  0.000000000000E+000  0.000000000000E+000 
 0.000000000000E+000  0.000000000000E+000  0.000000000000E+000 
 0.000000000000E+000  0.000000000000E+000  0.000000000000E+000 
! 6 Overlap matrix (2x2, complex)
2 2
 9.988269532000E-001  0.000000000000E+000 -6.148310000000E-004  0.000000000000E+000 
 6.134795000000E-004  0.000000000000E+000  9.988214042000E-001  0.000000000000E+000 

! 7 Phases
2 ! for all nmstates
 1.000000000E+000  0.000000000E+000
 1.000000000E+000  0.000000000E+000
! 8 Runtime
 1.738774560000E+002
