! 1 Hamiltonian Matrix (2x2, complex)
2 2
-2.306351145266E+002  0.000000000000E+000  0.000000000000E+000  0.000000000000E+000 
 0.000000000000E+000  0.000000000000E+000 -2.305164718953E+002  0.000000000000E+000 

! 2 Dipole Moment Matrices (3x2x2, complex)
2 2
-1.262268500000E-001  0.000000000000E+000 -1.160445527570E-001  0.000000000000E+000 
-1.160445527570E-001  0.000000000000E+000  1.194863400000E-001  0.000000000000E+000 
2 2
-6.319016000000E-002  0.000000000000E+000 -2.299616522620E-001  0.000000000000E+000 
-2.299616522620E-001  0.000000000000E+000 -1.826687500000E-001  0.000000000000E+000 
2 2
-7.715230000000E-002  0.000000000000E+000 -7.016587048800E-002  0.000000000000E+000 
-7.016587048800E-002  0.000000000000E+000 -6.570328000000E-002  0.000000000000E+000 
! 3 Gradient Vectors (2x12x3, real)
12 3 ! 1 1 0
-2.158866700000E-002 -2.278293600000E-002 -1.916955600000E-002 
 1.396738180000E-001 -9.285718000000E-003  1.363242000000E-002 
-5.334059700000E-002 -5.637831300000E-002 -8.353632000000E-003 
 4.334153900000E-002 -7.726085800000E-002  5.883447900000E-002 
-1.880660000000E-003 -1.263708200000E-002  5.377135000000E-003 
-8.009445500000E-002  9.315765000000E-002 -4.096070000000E-003 
-2.357457000000E-003 -1.146072200000E-002  2.872782000000E-003 
-1.528819000000E-002  8.252769800000E-002 -4.265161800000E-002 
 4.926508500000E-002 -1.775795300000E-002 -1.412938600000E-002 
-8.814397100000E-002  2.121738680000E-001  1.575808000000E-003 
 4.699618000000E-002 -1.708373480000E-001  3.871179000000E-003 
-1.658262500000E-002 -9.458285000000E-003  2.236459000000E-003 
12 3 ! 1 2 0
 7.205703300000E-002 -8.249070000000E-002 -1.996226600000E-002 
 2.391959900000E-002 -9.058886400000E-002  7.994137000000E-003 
-1.071372760000E-001  7.733629400000E-002 -1.015489000000E-002 
 1.539604630000E-001 -8.127777500000E-002  6.406395700000E-002 
-1.509027000000E-003 -1.196023300000E-002  7.883879000000E-003 
-8.192604900000E-002  9.192697400000E-002 -8.344620000000E-004 
-1.897354000000E-003 -9.787039000000E-003  3.259000000000E-005 
-1.474838500000E-002  8.256211900000E-002 -4.292307700000E-002 
-1.035710950000E-001  3.187510200000E-002 -6.411679000000E-003 
 2.991045500000E-002  1.710835000000E-001 -9.524526000000E-003 
 4.764112700000E-002 -1.676827460000E-001  1.010615500000E-002 
-1.669949000000E-002 -1.099663200000E-002 -2.698180000000E-004 
! 5 Non-adiabatic couplings (ddr) (2x2x12x3, real)
12 3 ! 1 1 0 1 1 0
 0.000000000000E+000  0.000000000000E+000  0.000000000000E+000 
 0.000000000000E+000  0.000000000000E+000  0.000000000000E+000 
 0.000000000000E+000  0.000000000000E+000  0.000000000000E+000 
 0.000000000000E+000  0.000000000000E+000  0.000000000000E+000 
 0.000000000000E+000  0.000000000000E+000  0.000000000000E+000 
 0.000000000000E+000  0.000000000000E+000  0.000000000000E+000 
 0.000000000000E+000  0.000000000000E+000  0.000000000000E+000 
 0.000000000000E+000  0.000000000000E+000  0.000000000000E+000 
 0.000000000000E+000  0.000000000000E+000  0.000000000000E+000 
 0.000000000000E+000  0.000000000000E+000  0.000000000000E+000 
 0.000000000000E+000  0.000000000000E+000  0.000000000000E+000 
 0.000000000000E+000  0.000000000000E+000  0.000000000000E+000 
12 3 ! 1 1 0 1 2 0
-2.683981990000E-001  2.608908000000E-001 -5.228903400000E-002 
-2.266950400000E-002  7.080053900000E-002  8.132228000000E-003 
 6.855928200000E-002  3.641831100000E-002  4.570110100000E-002 
 3.208189530000E-001  3.689254300000E-002 -1.150841900000E-002 
-2.883077000000E-003  5.594307000000E-003  3.965263000000E-003 
 7.009160000000E-003 -5.731580000000E-004 -1.159871000000E-003 
-2.933200000000E-003  4.170507000000E-003 -6.070382000000E-003 
 5.753418000000E-003  2.610020000000E-003  2.396680000000E-004 
-1.086347240000E-001 -5.025257190000E-001 -1.035308800000E-002 
-1.134038100000E-002  5.892476700000E-002  1.411088300000E-002 
-4.783970000000E-003 -1.753710000000E-004 -4.494130000000E-003 
 6.717337000000E-003  3.157720000000E-004  3.455680000000E-003 
12 3 ! 1 2 0 1 1 0
 2.683981990000E-001 -2.608908000000E-001  5.228903400000E-002 
 2.266950400000E-002 -7.080053900000E-002 -8.132228000000E-003 
-6.855928200000E-002 -3.641831100000E-002 -4.570110100000E-002 
-3.208189530000E-001 -3.689254300000E-002  1.150841900000E-002 
 2.883077000000E-003 -5.594307000000E-003 -3.965263000000E-003 
-7.009160000000E-003  5.731580000000E-004  1.159871000000E-003 
 2.933200000000E-003 -4.170507000000E-003  6.070382000000E-003 
-5.753418000000E-003 -2.610020000000E-003 -2.396680000000E-004 
 1.086347240000E-001  5.025257190000E-001  1.035308800000E-002 
 1.134038100000E-002 -5.892476700000E-002 -1.411088300000E-002 
 4.783970000000E-003  1.753710000000E-004  4.494130000000E-003 
-6.717337000000E-003 -3.157720000000E-004 -3.455680000000E-003 
12 3 ! 1 2 0 1 2 0
 0.000000000000E+000  0.000000000000E+000  0.000000000000E+000 
 0.000000000000E+000  0.000000000000E+000  0.000000000000E+000 
 0.000000000000E+000  0.000000000000E+000  0.000000000000E+000 
 0.000000000000E+000  0.000000000000E+000  0.000000000000E+000 
 0.000000000000E+000  0.000000000000E+000  0.000000000000E+000 
 0.000000000000E+000  0.000000000000E+000  0.000000000000E+000 
 0.000000000000E+000  0.000000000000E+000  0.000000000000E+000 
 0.000000000000E+000  0.000000000000E+000  0.000000000000E+000 
 0.000000000000E+000  0.000000000000E+000  0.000000000000E+000 
 0.000000000000E+000  0.000000000000E+000  0.000000000000E+000 
 0.000000000000E+000  0.000000000000E+000  0.000000000000E+000 
 0.000000000000E+000  0.000000000000E+000  0.000000000000E+000 
! 6 Overlap matrix (2x2, complex)
2 2
 2.110741943000E-001  0.000000000000E+000  2.457955400000E-003  0.000000000000E+000 
-5.877639000000E-004  0.000000000000E+000  2.091474706000E-001  0.000000000000E+000 

! 7 Phases
2 ! for all nmstates
 1.000000000E+000  0.000000000E+000
 1.000000000E+000  0.000000000E+000
! 8 Runtime
 1.359279570000E+002
