! 1 Hamiltonian Matrix (2x2, complex)
2 2
-2.306857195651E+002  0.000000000000E+000  0.000000000000E+000  0.000000000000E+000 
 0.000000000000E+000  0.000000000000E+000 -2.305259649579E+002  0.000000000000E+000 

! 2 Dipole Moment Matrices (3x2x2, complex)
2 2
-1.561843400000E-001  0.000000000000E+000 -5.604475952300E-002  0.000000000000E+000 
-5.604475952300E-002  0.000000000000E+000  1.844530400000E-001  0.000000000000E+000 
2 2
 3.385385000000E-002  0.000000000000E+000 -1.830522201440E-001  0.000000000000E+000 
-1.830522201440E-001  0.000000000000E+000 -1.614156300000E-001  0.000000000000E+000 
2 2
 4.333575000000E-002  0.000000000000E+000 -2.049718210900E-002  0.000000000000E+000 
-2.049718210900E-002  0.000000000000E+000  3.461948000000E-002  0.000000000000E+000 
! 3 Gradient Vectors (2x12x3, real)
12 3 ! 1 1 0
 4.645436500000E-002 -5.463998000000E-003 -1.643651100000E-002 
 4.793526400000E-002 -2.323127700000E-002  1.047904500000E-002 
-5.600136000000E-002  4.232069200000E-002  1.495192000000E-003 
 8.973780900000E-002 -8.561533800000E-002  7.373240000000E-003 
-2.951284700000E-002 -3.552137700000E-002  5.618812000000E-003 
-4.547196500000E-002  2.668385400000E-002 -5.429687000000E-003 
-2.631838000000E-003  2.193308000000E-003 -2.252308000000E-003 
-3.040350900000E-002  3.834321100000E-002 -4.183586000000E-003 
 9.747225000000E-003  1.268074700000E-002  1.367904000000E-003 
-5.232559400000E-002 -4.967575100000E-002 -1.513427000000E-003 
-2.771940300000E-002  2.518872800000E-002  3.347744000000E-003 
 5.019185300000E-002  5.209720100000E-002  1.335820000000E-004 
12 3 ! 1 2 0
 1.527417150000E-001 -5.863947000000E-002 -1.015267900000E-002 
-6.912594700000E-002 -1.007236900000E-001 -3.164272000000E-003 
-1.266365720000E-001  1.580201570000E-001 -7.249859000000E-003 
 2.142070760000E-001 -7.442174100000E-002  1.535058600000E-002 
-3.006116600000E-002 -3.513131200000E-002  5.222646000000E-003 
-4.738086800000E-002  2.565555000000E-002 -3.731281000000E-003 
-2.732443000000E-003  4.013081000000E-003 -1.494921000000E-003 
-3.056258500000E-002  3.884924400000E-002 -4.710576000000E-003 
-1.521337090000E-001  5.356052900000E-002  8.088506000000E-003 
 6.956483100000E-002 -8.790469500000E-002  3.062035000000E-003 
-2.750872900000E-002  2.713347000000E-002  2.817703000000E-003 
 4.962839700000E-002  4.958887700000E-002 -4.037887000000E-003 
! 5 Non-adiabatic couplings (ddr) (2x2x12x3, real)
12 3 ! 1 1 0 1 1 0
 0.000000000000E+000  0.000000000000E+000  0.000000000000E+000 
 0.000000000000E+000  0.000000000000E+000  0.000000000000E+000 
 0.000000000000E+000  0.000000000000E+000  0.000000000000E+000 
 0.000000000000E+000  0.000000000000E+000  0.000000000000E+000 
 0.000000000000E+000  0.000000000000E+000  0.000000000000E+000 
 0.000000000000E+000  0.000000000000E+000  0.000000000000E+000 
 0.000000000000E+000  0.000000000000E+000  0.000000000000E+000 
 0.000000000000E+000  0.000000000000E+000  0.000000000000E+000 
 0.000000000000E+000  0.000000000000E+000  0.000000000000E+000 
 0.000000000000E+000  0.000000000000E+000  0.000000000000E+000 
 0.000000000000E+000  0.000000000000E+000  0.000000000000E+000 
 0.000000000000E+000  0.000000000000E+000  0.000000000000E+000 
12 3 ! 1 1 0 1 2 0
-2.286885970000E-001  1.749276840000E-001 -4.200634600000E-002 
-5.202966400000E-002  3.444863600000E-002 -1.641419800000E-002 
 4.941060300000E-002  5.182050200000E-002  2.834039500000E-002 
 2.896544790000E-001  2.438601100000E-002  3.602577800000E-002 
-1.657980000000E-003  4.003091000000E-003  7.430110000000E-003 
 1.410092000000E-003 -3.047568000000E-003  4.481449000000E-003 
-2.584665000000E-003 -3.148710000000E-004 -7.822453000000E-003 
 3.880514000000E-003  3.674738000000E-003 -7.884163000000E-003 
-7.239175600000E-002 -3.556253980000E-001 -7.791067000000E-003 
 7.752591000000E-003  3.599238900000E-002  2.925546000000E-003 
-3.660445000000E-003  2.379278000000E-003 -3.075476000000E-003 
 4.375102000000E-003 -4.242590000000E-004  2.939886000000E-003 
12 3 ! 1 2 0 1 1 0
 2.286885970000E-001 -1.749276840000E-001  4.200634600000E-002 
 5.202966400000E-002 -3.444863600000E-002  1.641419800000E-002 
-4.941060300000E-002 -5.182050200000E-002 -2.834039500000E-002 
-2.896544790000E-001 -2.438601100000E-002 -3.602577800000E-002 
 1.657980000000E-003 -4.003091000000E-003 -7.430110000000E-003 
-1.410092000000E-003  3.047568000000E-003 -4.481449000000E-003 
 2.584665000000E-003  3.148710000000E-004  7.822453000000E-003 
-3.880514000000E-003 -3.674738000000E-003  7.884163000000E-003 
 7.239175600000E-002  3.556253980000E-001  7.791067000000E-003 
-7.752591000000E-003 -3.599238900000E-002 -2.925546000000E-003 
 3.660445000000E-003 -2.379278000000E-003  3.075476000000E-003 
-4.375102000000E-003  4.242590000000E-004 -2.939886000000E-003 
12 3 ! 1 2 0 1 2 0
 0.000000000000E+000  0.000000000000E+000  0.000000000000E+000 
 0.000000000000E+000  0.000000000000E+000  0.000000000000E+000 
 0.000000000000E+000  0.000000000000E+000  0.000000000000E+000 
 0.000000000000E+000  0.000000000000E+000  0.000000000000E+000 
 0.000000000000E+000  0.000000000000E+000  0.000000000000E+000 
 0.000000000000E+000  0.000000000000E+000  0.000000000000E+000 
 0.000000000000E+000  0.000000000000E+000  0.000000000000E+000 
 0.000000000000E+000  0.000000000000E+000  0.000000000000E+000 
 0.000000000000E+000  0.000000000000E+000  0.000000000000E+000 
 0.000000000000E+000  0.000000000000E+000  0.000000000000E+000 
 0.000000000000E+000  0.000000000000E+000  0.000000000000E+000 
 0.000000000000E+000  0.000000000000E+000  0.000000000000E+000 
! 6 Overlap matrix (2x2, complex)
2 2
 5.296199150000E-002  0.000000000000E+000 -2.267953600000E-003  0.000000000000E+000 
 2.471637000000E-003  0.000000000000E+000  5.244798520000E-002  0.000000000000E+000 

! 7 Phases
2 ! for all nmstates
 1.000000000E+000  0.000000000E+000
 1.000000000E+000  0.000000000E+000
! 8 Runtime
 1.315011480000E+002
