2021-08-25 23:21:15.807679 thorium /user/julia/Tutorial/1_TrainingSet/Initial/ICOND_00057

  ================================================================================
||                                                                                ||
||                         SHARC - MOLPRO2012 - Interface                         ||
||                                                                                ||
||                             Author: Sebastian Mai                              ||
||                                                                                ||
||                                  Version: 2.1                                  ||
||                                 Date: 01.09.19                                 ||
||                                                                                ||
  ================================================================================


==> QMin Job description for:
Initial condition ICOND_00057/

Tasks:	H	DM	Grad	Nac(ddr)	Overlaps	Phases
States: 	2 Singlet

Method:
Electrons per Multiplicity:	42
Job ID per Multiplicity:	1
Level of Theory per Job ID:
1:	SA(2+0+0)-CASSCF(6,6)/6-31G*

Found Geo! NAtom is 12.

Geometry in Bohrs:
C -0.1974 -2.6077  0.0835 
C  2.2131 -2.5833 -0.0043 
C  3.1230  0.0892 -0.0122 
C  1.1270  1.6612 -0.0844 
H -1.8418 -4.1855 -0.2893 
H  3.6595 -4.0795 -0.5485 
H  5.1034  0.6637  0.3643 
H  1.2810  3.7514 -0.1846 
C -1.1447  0.0356 -0.0185 
C -3.5711  0.8081  0.0910 
H -4.2802  2.7693  0.0169 
H -5.2651 -0.6045 -0.0133 

Gradients:   X X 

Non-adiabatic couplings:
. X 
X . 

wfthres: 1.0
docicas: True
newstep: []
nstates: 2
unit: ['bohr']
phases: []
njobs: 1
initorbs: {1: '/user/julia/Tutorial/1_TrainingSet/Initial/ICOND_00057/SAVE/wf.1.old'}
delay: 0.0
scratchdir: /user/julia/Tutorial/1_TrainingSet/Initial/ICOND_00057/ICOND_00057
cleanup: []
wfoverlap: /user/julia/software/SchNarc/sharc/source/../bin/wfoverlap.x
template: {'gradaccudefault': 1e-05, 'gradaccumax': 0.01, 'basis': '6-31G*', 'occ': [24], 'nelec': {1: [42, 41, 42]}, 'closed': [18], 'rootpad': {1: [0, 0, 0]}, 'dkho': 0, 'roots': {1: [2, 0, 0]}}
memory: 500
multmap: {1: 1, -1: [1]}
ndocc: 0
jobs: [1]
ncore: 0
maxmult: 1
ncpu: 1
pwd: /user/julia/Tutorial/1_TrainingSet/Initial/ICOND_00057
statemap: {1: [1, 1, 0.0], 2: [1, 2, 0.0]}
molpro: /usr/license/molpro/molpros_2012_1_5_Linux_x86_64_i8/bin/
nmstates: 2
savedir: /user/julia/Tutorial/1_TrainingSet/Initial/ICOND_00057/SAVE
nacmap: [(1, 1, 1, 2)]
natom: 12
gradmap: [(1, 1), (1, 2)]
joblist: [1]


>>>>>>>>>>>>> Starting the MOLPRO job execution
START:	/user/julia/Tutorial/1_TrainingSet/Initial/ICOND_00057/ICOND_00057/integrals	2021-08-25 23:21:17.697940	"/usr/license/molpro/molpros_2012_1_5_Linux_x86_64_i8/bin/molpro -W./ -I./ -d./ MOLPRO.input"
FINISH:	/user/julia/Tutorial/1_TrainingSet/Initial/ICOND_00057/ICOND_00057/integrals	2021-08-25 23:23:40.983906	Runtime: 0:02:23.285966	Error Code: 0
Error Codes:
	integrals 	0

START:	/user/julia/Tutorial/1_TrainingSet/Initial/ICOND_00057/ICOND_00057/master_1	2021-08-25 23:23:56.665002	"/usr/license/molpro/molpros_2012_1_5_Linux_x86_64_i8/bin/molpro -W./ -I./ -d./ MOLPRO.input"
FINISH:	/user/julia/Tutorial/1_TrainingSet/Initial/ICOND_00057/ICOND_00057/master_1	2021-08-25 23:31:41.118245	Runtime: 0:07:44.453243	Error Code: 0
Error Codes:
	master_1  	0

START:	/user/julia/Tutorial/1_TrainingSet/Initial/ICOND_00057/ICOND_00057/grad_1_1	2021-08-25 23:31:52.769884	"/usr/license/molpro/molpros_2012_1_5_Linux_x86_64_i8/bin/molpro -W./ -I./ -d./ MOLPRO.input"
FINISH:	/user/julia/Tutorial/1_TrainingSet/Initial/ICOND_00057/ICOND_00057/grad_1_1	2021-08-25 23:35:18.093424	Runtime: 0:03:25.323540	Error Code: 0
START:	/user/julia/Tutorial/1_TrainingSet/Initial/ICOND_00057/ICOND_00057/nac_1_1_1_2	2021-08-25 23:35:22.182455	"/usr/license/molpro/molpros_2012_1_5_Linux_x86_64_i8/bin/molpro -W./ -I./ -d./ MOLPRO.input"
FINISH:	/user/julia/Tutorial/1_TrainingSet/Initial/ICOND_00057/ICOND_00057/nac_1_1_1_2	2021-08-25 23:36:34.085905	Runtime: 0:01:11.903450	Error Code: 0
START:	/user/julia/Tutorial/1_TrainingSet/Initial/ICOND_00057/ICOND_00057/grad_1_2	2021-08-25 23:36:37.019780	"/usr/license/molpro/molpros_2012_1_5_Linux_x86_64_i8/bin/molpro -W./ -I./ -d./ MOLPRO.input"
FINISH:	/user/julia/Tutorial/1_TrainingSet/Initial/ICOND_00057/ICOND_00057/grad_1_2	2021-08-25 23:37:33.962408	Runtime: 0:00:56.942628	Error Code: 0
Error Codes:
	grad_1_1  	0	nac_1_1_1_2	0	grad_1_2  	0

>>>>>>>>>>>>> Starting the WFOVERLAP job execution
START:	/user/julia/Tutorial/1_TrainingSet/Initial/ICOND_00057/ICOND_00057/CI_CAS_1_1	2021-08-25 23:37:34.288930	"/user/julia/software/SchNarc/sharc/source/../bin/wfoverlap.x -m 500 -f wfovl.inp"
FINISH:	/user/julia/Tutorial/1_TrainingSet/Initial/ICOND_00057/ICOND_00057/CI_CAS_1_1	2021-08-25 23:37:34.342396	Runtime: 0:00:00.053466	Error Code: 0
START:	/user/julia/Tutorial/1_TrainingSet/Initial/ICOND_00057/ICOND_00057/AOoverlap	2021-08-25 23:37:34.349574	"/usr/license/molpro/molpros_2012_1_5_Linux_x86_64_i8/bin/molpro -W./ -I./ -d./ MOLPRO.input"
FINISH:	/user/julia/Tutorial/1_TrainingSet/Initial/ICOND_00057/ICOND_00057/AOoverlap	2021-08-25 23:37:36.360023	Runtime: 0:00:02.010449	Error Code: 0
START:	/user/julia/Tutorial/1_TrainingSet/Initial/ICOND_00057/ICOND_00057/WFOVL_1_1	2021-08-25 23:37:36.890482	"/user/julia/software/SchNarc/sharc/source/../bin/wfoverlap.x -m 500 -f wfovl.inp"
FINISH:	/user/julia/Tutorial/1_TrainingSet/Initial/ICOND_00057/ICOND_00057/WFOVL_1_1	2021-08-25 23:37:36.972199	Runtime: 0:00:00.081717	Error Code: 0
Error Codes:
	CI_CAS_1_1	0	WFOVL_1_1 	0

===> Results:

=> Hamiltonian Matrix:
Diagonal Shift:   -230.00
Real Part:
----------------------
|-6.790e-01            |
|           -5.069e-01 |
----------------------

=> Dipole Moment Matrices:

Polarisation X:
Real Part:
----------------------
|-9.254e-02  2.048e-02 |
| 2.048e-02  3.143e-01 |
----------------------

Polarisation Y:
Real Part:
----------------------
| 9.842e-02 -2.133e-01 |
|-2.133e-01  1.169e-01 |
----------------------

Polarisation Z:
Real Part:
----------------------
|-1.086e-01  1.334e-02 |
| 1.334e-02 -1.062e-01 |
----------------------

=> Gradient Vectors:

Singlet	1	Ms=  0.0:
1	C	 0.16611	 0.03594	 0.02390	
2	C	-0.13851	 0.02031	 0.02482	
3	C	-0.02984	-0.00173	-0.01526	
4	C	-0.00066	-0.02102	 0.00078	
5	H	-0.06360	-0.03972	-0.01625	
6	H	 0.03448	-0.01766	-0.02069	
7	H	 0.02112	 0.00861	 0.01277	
8	H	 0.01036	 0.02592	-0.00534	
9	C	 0.00298	-0.01828	-0.00842	
10	C	 0.06052	 0.01990	 0.01189	
11	H	-0.01844	 0.01544	-0.00047	
12	H	-0.04451	-0.02772	-0.00773	

Singlet	2	Ms=  0.0:
1	C	 0.26436	-0.03421	 0.02911	
2	C	-0.26004	-0.04118	 0.02381	
3	C	-0.09407	 0.12535	-0.01347	
4	C	 0.11913	-0.03008	-0.00535	
5	H	-0.06397	-0.03992	-0.01861	
6	H	 0.03402	-0.01962	-0.02111	
7	H	 0.02166	 0.00965	 0.01277	
8	H	 0.00969	 0.02584	-0.00171	
9	C	-0.15277	 0.03841	-0.00062	
10	C	 0.18479	-0.02235	-0.00277	
11	H	-0.01793	 0.01748	-0.00006	
12	H	-0.04486	-0.02937	-0.00198	

=> Analytical Non-adiabatic coupling vectors:

Singlet	States 1 - 1	Ms=  0.0:
		...is identical zero...

Singlet	States 1 - 2	Ms=  0.0:
1	C	-0.20850	 0.14713	 0.02238	
2	C	-0.03894	 0.06493	-0.02499	
3	C	 0.05963	 0.01103	-0.01275	
4	C	 0.30467	 0.03024	 0.01564	
5	H	-0.00056	 0.00470	-0.00535	
6	H	 0.00343	-0.00066	 0.00453	
7	H	-0.00334	 0.00143	 0.00152	
8	H	 0.00319	 0.00089	-0.00386	
9	C	-0.16318	-0.31687	 0.02018	
10	C	 0.04331	 0.02131	-0.01311	
11	H	-0.00281	 0.00281	-0.00226	
12	H	 0.00447	 0.00065	 0.00119	

Singlet	States 2 - 1	Ms=  0.0:
1	C	 0.20850	-0.14713	-0.02238	
2	C	 0.03894	-0.06493	 0.02499	
3	C	-0.05963	-0.01103	 0.01275	
4	C	-0.30467	-0.03024	-0.01564	
5	H	 0.00056	-0.00470	 0.00535	
6	H	-0.00343	 0.00066	-0.00453	
7	H	 0.00334	-0.00143	-0.00152	
8	H	-0.00319	-0.00089	 0.00386	
9	C	 0.16318	 0.31687	-0.02018	
10	C	-0.04331	-0.02131	 0.01311	
11	H	 0.00281	-0.00281	 0.00226	
12	H	-0.00447	-0.00065	-0.00119	

Singlet	States 2 - 2	Ms=  0.0:
		...is identical zero...

=> Overlap matrix:

Real Part:
----------------------
| 4.922e-01 -1.513e-03 |
| 1.309e-03  4.900e-01 |
----------------------

=> Wavefunction Phases:
2

 1.0  0.0
 1.0  0.0


==> Runtime:
0 Days	0 Hours	16 Minutes	21 Seconds


===> Writing output to file QM.out in SHARC Format

2021-08-25 23:37:37.133890
#================ END ================#
