! 1 Hamiltonian Matrix (2x2, complex)
2 2
-2.306789902215E+002  0.000000000000E+000  0.000000000000E+000  0.000000000000E+000 
 0.000000000000E+000  0.000000000000E+000 -2.305069233910E+002  0.000000000000E+000 

! 2 Dipole Moment Matrices (3x2x2, complex)
2 2
-9.254292000000E-002  0.000000000000E+000  2.048421221500E-002  0.000000000000E+000 
 2.048421221500E-002  0.000000000000E+000  3.142588400000E-001  0.000000000000E+000 
2 2
 9.841943000000E-002  0.000000000000E+000 -2.132667857530E-001  0.000000000000E+000 
-2.132667857530E-001  0.000000000000E+000  1.169322200000E-001  0.000000000000E+000 
2 2
-1.085569300000E-001  0.000000000000E+000  1.333807239500E-002  0.000000000000E+000 
 1.333807239500E-002  0.000000000000E+000 -1.062077100000E-001  0.000000000000E+000 
! 3 Gradient Vectors (2x12x3, real)
12 3 ! 1 1 0
 1.661068840000E-001  3.594263100000E-002  2.389705100000E-002 
-1.385122730000E-001  2.031030600000E-002  2.482105800000E-002 
-2.983864600000E-002 -1.734949000000E-003 -1.525922400000E-002 
-6.590350000000E-004 -2.101989300000E-002  7.795540000000E-004 
-6.359793100000E-002 -3.971577900000E-002 -1.624552600000E-002 
 3.448164700000E-002 -1.765714700000E-002 -2.069175800000E-002 
 2.111727200000E-002  8.611325000000E-003  1.277333400000E-002 
 1.035534900000E-002  2.592146700000E-002 -5.342990000000E-003 
 2.982990000000E-003 -1.827912000000E-002 -8.417755000000E-003 
 6.052006700000E-002  1.989676300000E-002  1.189412600000E-002 
-1.844377900000E-002  1.544083900000E-002 -4.738420000000E-004 
-4.451254400000E-002 -2.771644400000E-002 -7.734028000000E-003 
12 3 ! 1 2 0
 2.643575860000E-001 -3.421130200000E-002  2.910572300000E-002 
-2.600401830000E-001 -4.118330100000E-002  2.381292000000E-002 
-9.407241900000E-002  1.253524040000E-001 -1.346620400000E-002 
 1.191254730000E-001 -3.008269800000E-002 -5.351339000000E-003 
-6.396655600000E-002 -3.992173900000E-002 -1.861314200000E-002 
 3.402315700000E-002 -1.962293000000E-002 -2.111225700000E-002 
 2.166217800000E-002  9.651295000000E-003  1.277322500000E-002 
 9.687223000000E-003  2.584284900000E-002 -1.714939000000E-003 
-1.527734700000E-001  3.841299900000E-002 -6.191920000000E-004 
 1.847883970000E-001 -2.234559500000E-002 -2.772825000000E-003 
-1.793102500000E-002  1.748079400000E-002 -6.267000000000E-005 
-4.486036200000E-002 -2.937277600000E-002 -1.979299000000E-003 
! 5 Non-adiabatic couplings (ddr) (2x2x12x3, real)
12 3 ! 1 1 0 1 1 0
 0.000000000000E+000  0.000000000000E+000  0.000000000000E+000 
 0.000000000000E+000  0.000000000000E+000  0.000000000000E+000 
 0.000000000000E+000  0.000000000000E+000  0.000000000000E+000 
 0.000000000000E+000  0.000000000000E+000  0.000000000000E+000 
 0.000000000000E+000  0.000000000000E+000  0.000000000000E+000 
 0.000000000000E+000  0.000000000000E+000  0.000000000000E+000 
 0.000000000000E+000  0.000000000000E+000  0.000000000000E+000 
 0.000000000000E+000  0.000000000000E+000  0.000000000000E+000 
 0.000000000000E+000  0.000000000000E+000  0.000000000000E+000 
 0.000000000000E+000  0.000000000000E+000  0.000000000000E+000 
 0.000000000000E+000  0.000000000000E+000  0.000000000000E+000 
 0.000000000000E+000  0.000000000000E+000  0.000000000000E+000 
12 3 ! 1 1 0 1 2 0
-2.085039020000E-001  1.471292370000E-001  2.237723700000E-002 
-3.893922500000E-002  6.493001400000E-002 -2.499177800000E-002 
 5.963354400000E-002  1.102976600000E-002 -1.275046400000E-002 
 3.046703170000E-001  3.024208000000E-002  1.564262000000E-002 
-5.633620000000E-004  4.695400000000E-003 -5.347507000000E-003 
 3.432764000000E-003 -6.648460000000E-004  4.533137000000E-003 
-3.342803000000E-003  1.425282000000E-003  1.518247000000E-003 
 3.186052000000E-003  8.923170000000E-004 -3.864817000000E-003 
-1.631773550000E-001 -3.168720620000E-001  2.017914600000E-002 
 4.331136400000E-002  2.131392900000E-002 -1.311320600000E-002 
-2.805105000000E-003  2.810017000000E-003 -2.262576000000E-003 
 4.469324000000E-003  6.492510000000E-004  1.192815000000E-003 
12 3 ! 1 2 0 1 1 0
 2.085039020000E-001 -1.471292370000E-001 -2.237723700000E-002 
 3.893922500000E-002 -6.493001400000E-002  2.499177800000E-002 
-5.963354400000E-002 -1.102976600000E-002  1.275046400000E-002 
-3.046703170000E-001 -3.024208000000E-002 -1.564262000000E-002 
 5.633620000000E-004 -4.695400000000E-003  5.347507000000E-003 
-3.432764000000E-003  6.648460000000E-004 -4.533137000000E-003 
 3.342803000000E-003 -1.425282000000E-003 -1.518247000000E-003 
-3.186052000000E-003 -8.923170000000E-004  3.864817000000E-003 
 1.631773550000E-001  3.168720620000E-001 -2.017914600000E-002 
-4.331136400000E-002 -2.131392900000E-002  1.311320600000E-002 
 2.805105000000E-003 -2.810017000000E-003  2.262576000000E-003 
-4.469324000000E-003 -6.492510000000E-004 -1.192815000000E-003 
12 3 ! 1 2 0 1 2 0
 0.000000000000E+000  0.000000000000E+000  0.000000000000E+000 
 0.000000000000E+000  0.000000000000E+000  0.000000000000E+000 
 0.000000000000E+000  0.000000000000E+000  0.000000000000E+000 
 0.000000000000E+000  0.000000000000E+000  0.000000000000E+000 
 0.000000000000E+000  0.000000000000E+000  0.000000000000E+000 
 0.000000000000E+000  0.000000000000E+000  0.000000000000E+000 
 0.000000000000E+000  0.000000000000E+000  0.000000000000E+000 
 0.000000000000E+000  0.000000000000E+000  0.000000000000E+000 
 0.000000000000E+000  0.000000000000E+000  0.000000000000E+000 
 0.000000000000E+000  0.000000000000E+000  0.000000000000E+000 
 0.000000000000E+000  0.000000000000E+000  0.000000000000E+000 
 0.000000000000E+000  0.000000000000E+000  0.000000000000E+000 
! 6 Overlap matrix (2x2, complex)
2 2
 4.922235700000E-001  0.000000000000E+000 -1.512764300000E-003  0.000000000000E+000 
 1.309473600000E-003  0.000000000000E+000  4.899866198000E-001  0.000000000000E+000 

! 7 Phases
2 ! for all nmstates
 1.000000000E+000  0.000000000E+000
 1.000000000E+000  0.000000000E+000
! 8 Runtime
 1.551051150000E+002
