! 1 Hamiltonian Matrix (2x2, complex)
2 2
-2.306866033705E+002  0.000000000000E+000  0.000000000000E+000  0.000000000000E+000 
 0.000000000000E+000  0.000000000000E+000 -2.305474437502E+002  0.000000000000E+000 

! 2 Dipole Moment Matrices (3x2x2, complex)
2 2
-1.930543200000E-001  0.000000000000E+000 -8.622007535000E-002  0.000000000000E+000 
-8.622007535000E-002  0.000000000000E+000  8.234051000000E-002  0.000000000000E+000 
2 2
 5.323967000000E-002  0.000000000000E+000 -2.028253187680E-001  0.000000000000E+000 
-2.028253187680E-001  0.000000000000E+000 -1.316852200000E-001  0.000000000000E+000 
2 2
 5.507475000000E-002  0.000000000000E+000 -2.687067850300E-002  0.000000000000E+000 
-2.687067850300E-002  0.000000000000E+000  6.084043000000E-002  0.000000000000E+000 
! 3 Gradient Vectors (2x12x3, real)
12 3 ! 1 1 0
 1.234372000000E-002 -1.888595000000E-002 -2.065856000000E-003 
 7.020426200000E-002 -2.491053000000E-002  7.167804000000E-003 
-8.519231300000E-002 -1.777140200000E-002 -2.694582700000E-002 
 2.023089700000E-002 -8.397597000000E-003  3.626457000000E-003 
-2.657883700000E-002 -2.440900000000E-002 -5.522070000000E-004 
-7.241476800000E-002  7.683371000000E-002 -8.153820000000E-004 
 5.072130400000E-002  1.406201900000E-002  1.856548500000E-002 
-2.360738000000E-003 -3.728456000000E-003 -3.557109000000E-003 
 8.019445100000E-002  6.442908000000E-003  4.607668000000E-003 
-5.298469800000E-002  2.092233300000E-002 -8.010970000000E-004 
 6.262520000000E-004 -5.132134200000E-002  8.549400000000E-005 
 5.210468000000E-003  3.116330800000E-002  6.845680000000E-004 
12 3 ! 1 2 0
 1.133486290000E-001 -7.873183600000E-002 -1.465831000000E-003 
-5.407914300000E-002 -1.023184450000E-001  8.661219000000E-003 
-1.457133340000E-001  1.105485680000E-001 -2.681054100000E-002 
 1.372557770000E-001 -7.374491000000E-003  2.287813000000E-003 
-2.692874100000E-002 -2.395346400000E-002 -1.599260000000E-004 
-7.411566500000E-002  7.589237200000E-002 -1.144129000000E-003 
 5.130365600000E-002  1.557127400000E-002  1.660003700000E-002 
-2.395545000000E-003 -3.874214000000E-003 -2.133053000000E-003 
-7.224689000000E-002  4.561097000000E-002  3.345402000000E-003 
 6.788567400000E-002 -1.181269000000E-002  4.304146000000E-003 
 1.061090000000E-003 -4.850719200000E-002 -5.443470000000E-003 
 4.624491000000E-003  2.894914700000E-002  1.958333000000E-003 
! 5 Non-adiabatic couplings (ddr) (2x2x12x3, real)
12 3 ! 1 1 0 1 1 0
 0.000000000000E+000  0.000000000000E+000  0.000000000000E+000 
 0.000000000000E+000  0.000000000000E+000  0.000000000000E+000 
 0.000000000000E+000  0.000000000000E+000  0.000000000000E+000 
 0.000000000000E+000  0.000000000000E+000  0.000000000000E+000 
 0.000000000000E+000  0.000000000000E+000  0.000000000000E+000 
 0.000000000000E+000  0.000000000000E+000  0.000000000000E+000 
 0.000000000000E+000  0.000000000000E+000  0.000000000000E+000 
 0.000000000000E+000  0.000000000000E+000  0.000000000000E+000 
 0.000000000000E+000  0.000000000000E+000  0.000000000000E+000 
 0.000000000000E+000  0.000000000000E+000  0.000000000000E+000 
 0.000000000000E+000  0.000000000000E+000  0.000000000000E+000 
 0.000000000000E+000  0.000000000000E+000  0.000000000000E+000 
12 3 ! 1 1 0 1 2 0
-2.215685090000E-001  2.168889880000E-001 -7.687698000000E-003 
-5.853620400000E-002  3.977994900000E-002 -5.124626000000E-003 
 5.462306900000E-002  7.536150800000E-002 -2.041389400000E-002 
 3.487989510000E-001  2.946601700000E-002  6.447222000000E-003 
-3.465710000000E-004  3.803700000000E-003  6.305400000000E-004 
 4.148594000000E-003 -2.268391000000E-003  7.267137000000E-003 
-3.647518000000E-003  3.138011000000E-003  4.606550000000E-003 
 4.455184000000E-003  3.122769000000E-003 -4.786180000000E-004 
-1.502277330000E-001 -4.406484080000E-001  1.790913500000E-002 
 1.178907800000E-002  4.435701600000E-002 -7.112150000000E-003 
-4.227806000000E-003  2.419496000000E-003  1.072830000000E-003 
 4.643420000000E-003 -2.396300000000E-004 -1.262165000000E-003 
12 3 ! 1 2 0 1 1 0
 2.215685090000E-001 -2.168889880000E-001  7.687698000000E-003 
 5.853620400000E-002 -3.977994900000E-002  5.124626000000E-003 
-5.462306900000E-002 -7.536150800000E-002  2.041389400000E-002 
-3.487989510000E-001 -2.946601700000E-002 -6.447222000000E-003 
 3.465710000000E-004 -3.803700000000E-003 -6.305400000000E-004 
-4.148594000000E-003  2.268391000000E-003 -7.267137000000E-003 
 3.647518000000E-003 -3.138011000000E-003 -4.606550000000E-003 
-4.455184000000E-003 -3.122769000000E-003  4.786180000000E-004 
 1.502277330000E-001  4.406484080000E-001 -1.790913500000E-002 
-1.178907800000E-002 -4.435701600000E-002  7.112150000000E-003 
 4.227806000000E-003 -2.419496000000E-003 -1.072830000000E-003 
-4.643420000000E-003  2.396300000000E-004  1.262165000000E-003 
12 3 ! 1 2 0 1 2 0
 0.000000000000E+000  0.000000000000E+000  0.000000000000E+000 
 0.000000000000E+000  0.000000000000E+000  0.000000000000E+000 
 0.000000000000E+000  0.000000000000E+000  0.000000000000E+000 
 0.000000000000E+000  0.000000000000E+000  0.000000000000E+000 
 0.000000000000E+000  0.000000000000E+000  0.000000000000E+000 
 0.000000000000E+000  0.000000000000E+000  0.000000000000E+000 
 0.000000000000E+000  0.000000000000E+000  0.000000000000E+000 
 0.000000000000E+000  0.000000000000E+000  0.000000000000E+000 
 0.000000000000E+000  0.000000000000E+000  0.000000000000E+000 
 0.000000000000E+000  0.000000000000E+000  0.000000000000E+000 
 0.000000000000E+000  0.000000000000E+000  0.000000000000E+000 
 0.000000000000E+000  0.000000000000E+000  0.000000000000E+000 
! 6 Overlap matrix (2x2, complex)
2 2
 9.988127247000E-001  0.000000000000E+000 -2.523852000000E-004  0.000000000000E+000 
 2.499230000000E-004  0.000000000000E+000  9.988094723000E-001  0.000000000000E+000 

! 7 Phases
2 ! for all nmstates
 1.000000000E+000  0.000000000E+000
 1.000000000E+000  0.000000000E+000
! 8 Runtime
 1.588590070000E+002
