2021-08-26 02:13:14.143191 fermium /global/julia/Fulvene/Interpolation_Geometry1/Calc_15

  ================================================================================
||                                                                                ||
||                         SHARC - MOLPRO2012 - Interface                         ||
||                                                                                ||
||                             Author: Sebastian Mai                              ||
||                                                                                ||
||                                  Version: 2.1                                  ||
||                                 Date: 01.09.19                                 ||
||                                                                                ||
  ================================================================================


==> QMin Job description for:
tmp.pdb

Tasks:	H	DM	Grad	Nac(ddr)	Overlaps	Phases
States: 	2 Singlet

Method:
Electrons per Multiplicity:	42
Job ID per Multiplicity:	1
Level of Theory per Job ID:
1:	SA(2+0+0)-CASSCF(6,6)/6-31G*

Found Geo! NAtom is 12.

Geometry in Bohrs:
C -0.2130 -2.6310 -0.0280 
C  2.3480 -2.4890  0.0310 
C  3.1590  0.1460 -0.0520 
C  1.1190  1.6550 -0.0550 
H -1.4700 -4.2860 -0.0290 
H  3.4360 -4.0740  0.0020 
H  5.1880  0.7530  0.1550 
H  1.0450  3.6730 -0.1310 
C -1.1100  0.0160 -0.0310 
C -3.6060  0.7350 -0.0010 
H -4.1890  2.6210  0.1310 
H -5.1720 -0.5170  0.0110 

Gradients:   X X 

Non-adiabatic couplings:
. X 
X . 

wfthres: 1.0
docicas: True
newstep: []
nstates: 2
unit: ['bohr']
phases: []
njobs: 1
initorbs: {1: '/global/julia/Fulvene/Interpolation_Geometry1/Calc_15/SAVEDIR/wf.1.old'}
delay: 0.0
scratchdir: /public/fermium/scratch/tmp/julia.91780
wfoverlap: /user/julia/software/SchNarc/sharc/bin/wfoverlap.x
template: {'gradaccudefault': 1e-05, 'gradaccumax': 0.01, 'basis': '6-31G*', 'occ': [24], 'nelec': {1: [42, 41, 42]}, 'closed': [18], 'rootpad': {1: [0, 0, 0]}, 'dkho': 0, 'roots': {1: [2, 0, 0]}}
memory: 2000
multmap: {1: 1, -1: [1]}
ndocc: 0
jobs: [1]
ncore: 0
maxmult: 1
ncpu: 1
pwd: /global/julia/Fulvene/Interpolation_Geometry1/Calc_15
statemap: {1: [1, 1, 0.0], 2: [1, 2, 0.0]}
molpro: /usr/license/molpro/molpros_2012_1_5_Linux_x86_64_i8/bin/
nmstates: 2
savedir: /global/julia/Fulvene/Interpolation_Geometry1/Calc_15/SAVEDIR
nacmap: [(1, 1, 1, 2)]
natom: 12
gradmap: [(1, 1), (1, 2)]
joblist: [1]


>>>>>>>>>>>>> Starting the MOLPRO job execution
START:	/public/fermium/scratch/tmp/julia.91780/integrals	2021-08-26 02:14:00.098022	"/usr/license/molpro/molpros_2012_1_5_Linux_x86_64_i8/bin/molpro -W./ -I./ -d./ MOLPRO.input"
FINISH:	/public/fermium/scratch/tmp/julia.91780/integrals	2021-08-26 02:14:03.177562	Runtime: 0:00:03.079540	Error Code: 0
Error Codes:
	integrals 	0

START:	/public/fermium/scratch/tmp/julia.91780/master_1	2021-08-26 02:14:08.684415	"/usr/license/molpro/molpros_2012_1_5_Linux_x86_64_i8/bin/molpro -W./ -I./ -d./ MOLPRO.input"
FINISH:	/public/fermium/scratch/tmp/julia.91780/master_1	2021-08-26 02:14:27.344586	Runtime: 0:00:18.660171	Error Code: 0
Error Codes:
	master_1  	0

START:	/public/fermium/scratch/tmp/julia.91780/grad_1_1	2021-08-26 02:14:27.881195	"/usr/license/molpro/molpros_2012_1_5_Linux_x86_64_i8/bin/molpro -W./ -I./ -d./ MOLPRO.input"
FINISH:	/public/fermium/scratch/tmp/julia.91780/grad_1_1	2021-08-26 02:14:42.147685	Runtime: 0:00:14.266490	Error Code: 0
START:	/public/fermium/scratch/tmp/julia.91780/nac_1_1_1_2	2021-08-26 02:14:44.688460	"/usr/license/molpro/molpros_2012_1_5_Linux_x86_64_i8/bin/molpro -W./ -I./ -d./ MOLPRO.input"
FINISH:	/public/fermium/scratch/tmp/julia.91780/nac_1_1_1_2	2021-08-26 02:15:04.362030	Runtime: 0:00:19.673570	Error Code: 0
START:	/public/fermium/scratch/tmp/julia.91780/grad_1_2	2021-08-26 02:15:04.570805	"/usr/license/molpro/molpros_2012_1_5_Linux_x86_64_i8/bin/molpro -W./ -I./ -d./ MOLPRO.input"
FINISH:	/public/fermium/scratch/tmp/julia.91780/grad_1_2	2021-08-26 02:15:18.877529	Runtime: 0:00:14.306724	Error Code: 0
Error Codes:
	grad_1_1  	0	nac_1_1_1_2	0	grad_1_2  	0

>>>>>>>>>>>>> Starting the WFOVERLAP job execution
START:	/public/fermium/scratch/tmp/julia.91780/CI_CAS_1_1	2021-08-26 02:15:25.682090	"/user/julia/software/SchNarc/sharc/bin/wfoverlap.x -m 2000 -f wfovl.inp"
FINISH:	/public/fermium/scratch/tmp/julia.91780/CI_CAS_1_1	2021-08-26 02:15:41.672065	Runtime: 0:00:15.989975	Error Code: 0
START:	/public/fermium/scratch/tmp/julia.91780/AOoverlap	2021-08-26 02:15:41.719760	"/usr/license/molpro/molpros_2012_1_5_Linux_x86_64_i8/bin/molpro -W./ -I./ -d./ MOLPRO.input"
FINISH:	/public/fermium/scratch/tmp/julia.91780/AOoverlap	2021-08-26 02:15:43.758081	Runtime: 0:00:02.038321	Error Code: 0
START:	/public/fermium/scratch/tmp/julia.91780/WFOVL_1_1	2021-08-26 02:16:02.412072	"/user/julia/software/SchNarc/sharc/bin/wfoverlap.x -m 2000 -f wfovl.inp"
FINISH:	/public/fermium/scratch/tmp/julia.91780/WFOVL_1_1	2021-08-26 02:16:09.950393	Runtime: 0:00:07.538321	Error Code: 0
Error Codes:
	CI_CAS_1_1	0	WFOVL_1_1 	0

===> Results:

=> Hamiltonian Matrix:
Diagonal Shift:   -230.00
Real Part:
----------------------
|-7.114e-01            |
|           -5.668e-01 |
----------------------

=> Dipole Moment Matrices:

Polarisation X:
Real Part:
----------------------
|-1.571e-01 -7.911e-02 |
|-7.911e-02  1.402e-01 |
----------------------

Polarisation Y:
Real Part:
----------------------
| 4.655e-02 -2.069e-01 |
|-2.069e-01 -1.033e-01 |
----------------------

Polarisation Z:
Real Part:
----------------------
| 3.233e-02 -1.600e-02 |
|-1.600e-02  3.405e-02 |
----------------------

=> Gradient Vectors:

Singlet	1	Ms=  0.0:
1	C	 0.00664	-0.00902	-0.00140	
2	C	 0.03750	-0.00797	 0.00520	
3	C	-0.05093	-0.01024	-0.01334	
4	C	 0.01038	-0.00426	 0.00191	
5	H	-0.01527	-0.01457	-0.00029	
6	H	-0.03806	 0.03557	-0.00121	
7	H	 0.03291	 0.00877	 0.00843	
8	H	-0.00125	-0.00189	-0.00202	
9	C	 0.04604	 0.00255	 0.00304	
10	C	-0.02891	 0.01074	-0.00192	
11	H	-0.00085	-0.02634	 0.00149	
12	H	 0.00178	 0.01664	 0.00010	

Singlet	2	Ms=  0.0:
1	C	 0.10590	-0.07248	-0.00105	
2	C	-0.08512	-0.08265	 0.00577	
3	C	-0.11089	 0.11738	-0.01339	
4	C	 0.12802	-0.00286	 0.00149	
5	H	-0.01549	-0.01413	-0.00003	
6	H	-0.03912	 0.03454	-0.00128	
7	H	 0.03336	 0.01012	 0.00732	
8	H	-0.00139	-0.00214	-0.00128	
9	C	-0.11118	 0.04635	 0.00225	
10	C	 0.09489	-0.02458	 0.00119	
11	H	-0.00021	-0.02407	-0.00161	
12	H	 0.00124	 0.01454	 0.00062	

=> Analytical Non-adiabatic coupling vectors:

Singlet	States 1 - 1	Ms=  0.0:
		...is identical zero...

Singlet	States 1 - 2	Ms=  0.0:
1	C	-0.22885	 0.20941	-0.00459	
2	C	-0.04993	 0.04760	-0.00283	
3	C	 0.05974	 0.05143	-0.01171	
4	C	 0.32811	 0.03041	 0.00418	
5	H	-0.00089	 0.00413	 0.00040	
6	H	 0.00428	-0.00149	 0.00410	
7	H	-0.00353	 0.00246	 0.00296	
8	H	 0.00424	 0.00300	-0.00049	
9	C	-0.13479	-0.42002	 0.00931	
10	C	 0.01124	 0.04404	-0.00392	
11	H	-0.00431	 0.00260	 0.00079	
12	H	 0.00486	-0.00014	-0.00079	

Singlet	States 2 - 1	Ms=  0.0:
1	C	 0.22885	-0.20941	 0.00459	
2	C	 0.04993	-0.04760	 0.00283	
3	C	-0.05974	-0.05143	 0.01171	
4	C	-0.32811	-0.03041	-0.00418	
5	H	 0.00089	-0.00413	-0.00040	
6	H	-0.00428	 0.00149	-0.00410	
7	H	 0.00353	-0.00246	-0.00296	
8	H	-0.00424	-0.00300	 0.00049	
9	C	 0.13479	 0.42002	-0.00931	
10	C	-0.01124	-0.04404	 0.00392	
11	H	 0.00431	-0.00260	-0.00079	
12	H	-0.00486	 0.00014	 0.00079	

Singlet	States 2 - 2	Ms=  0.0:
		...is identical zero...

=> Overlap matrix:

Real Part:
----------------------
| 9.990e-01 -2.745e-04 |
| 2.732e-04  9.990e-01 |
----------------------

=> Wavefunction Phases:
2

 1.0  0.0
 1.0  0.0


==> Runtime:
0 Days	0 Hours	2 Minutes	59 Seconds


===> Writing output to file QM.out in SHARC Format

2021-08-26 02:16:13.382203
#================ END ================#
