! 1 Hamiltonian Matrix (2x2, complex)
2 2
-2.307114030429E+002  0.000000000000E+000  0.000000000000E+000  0.000000000000E+000 
 0.000000000000E+000  0.000000000000E+000 -2.305667795575E+002  0.000000000000E+000 

! 2 Dipole Moment Matrices (3x2x2, complex)
2 2
-1.570937900000E-001  0.000000000000E+000 -7.911335416900E-002  0.000000000000E+000 
-7.911335416900E-002  0.000000000000E+000  1.402250400000E-001  0.000000000000E+000 
2 2
 4.655038000000E-002  0.000000000000E+000 -2.068571974990E-001  0.000000000000E+000 
-2.068571974990E-001  0.000000000000E+000 -1.033184800000E-001  0.000000000000E+000 
2 2
 3.233499000000E-002  0.000000000000E+000 -1.599693068200E-002  0.000000000000E+000 
-1.599693068200E-002  0.000000000000E+000  3.404994000000E-002  0.000000000000E+000 
! 3 Gradient Vectors (2x12x3, real)
12 3 ! 1 1 0
 6.641007000000E-003 -9.016153000000E-003 -1.397558000000E-003 
 3.750183800000E-002 -7.965909000000E-003  5.200358000000E-003 
-5.092584400000E-002 -1.024200400000E-002 -1.333529500000E-002 
 1.037924900000E-002 -4.264671000000E-003  1.912640000000E-003 
-1.526977000000E-002 -1.456804700000E-002 -2.872570000000E-004 
-3.805696800000E-002  3.556872500000E-002 -1.207223000000E-003 
 3.291341800000E-002  8.774427000000E-003  8.426718000000E-003 
-1.251277000000E-003 -1.885959000000E-003 -2.021328000000E-003 
 4.604434100000E-002  2.552446000000E-003  3.040844000000E-003 
-2.890681200000E-002  1.074466700000E-002 -1.924741000000E-003 
-8.471490000000E-004 -2.633808100000E-002  1.492507000000E-003 
 1.777967000000E-003  1.664056000000E-002  1.003350000000E-004 
12 3 ! 1 2 0
 1.058974890000E-001 -7.248385200000E-002 -1.048978000000E-003 
-8.512365200000E-002 -8.265486900000E-002  5.767642000000E-003 
-1.108877820000E-001  1.173814420000E-001 -1.338573400000E-002 
 1.280243990000E-001 -2.860973000000E-003  1.485044000000E-003 
-1.549214400000E-002 -1.413034000000E-002 -2.757800000000E-005 
-3.912337800000E-002  3.453527300000E-002 -1.284058000000E-003 
 3.336032300000E-002  1.012230400000E-002  7.321904000000E-003 
-1.391413000000E-003 -2.142345000000E-003 -1.278438000000E-003 
-1.111834020000E-001  4.634527000000E-002  2.252780000000E-003 
 9.489067000000E-002 -2.457937100000E-002  1.193025000000E-003 
-2.132300000000E-004 -2.407446800000E-002 -1.612162000000E-003 
 1.242121000000E-003  1.454192800000E-002  6.165530000000E-004 
! 5 Non-adiabatic couplings (ddr) (2x2x12x3, real)
12 3 ! 1 1 0 1 1 0
 0.000000000000E+000  0.000000000000E+000  0.000000000000E+000 
 0.000000000000E+000  0.000000000000E+000  0.000000000000E+000 
 0.000000000000E+000  0.000000000000E+000  0.000000000000E+000 
 0.000000000000E+000  0.000000000000E+000  0.000000000000E+000 
 0.000000000000E+000  0.000000000000E+000  0.000000000000E+000 
 0.000000000000E+000  0.000000000000E+000  0.000000000000E+000 
 0.000000000000E+000  0.000000000000E+000  0.000000000000E+000 
 0.000000000000E+000  0.000000000000E+000  0.000000000000E+000 
 0.000000000000E+000  0.000000000000E+000  0.000000000000E+000 
 0.000000000000E+000  0.000000000000E+000  0.000000000000E+000 
 0.000000000000E+000  0.000000000000E+000  0.000000000000E+000 
 0.000000000000E+000  0.000000000000E+000  0.000000000000E+000 
12 3 ! 1 1 0 1 2 0
-2.288485710000E-001  2.094113280000E-001 -4.594872000000E-003 
-4.992965200000E-002  4.759866400000E-002 -2.826092000000E-003 
 5.974169400000E-002  5.142674100000E-002 -1.170842200000E-002 
 3.281103630000E-001  3.040620600000E-002  4.182262000000E-003 
-8.914780000000E-004  4.131979000000E-003  4.025470000000E-004 
 4.284859000000E-003 -1.492292000000E-003  4.097740000000E-003 
-3.527655000000E-003  2.461859000000E-003  2.962230000000E-003 
 4.237343000000E-003  2.997359000000E-003 -4.891940000000E-004 
-1.347903760000E-001 -4.200159150000E-001  9.309764000000E-003 
 1.123995700000E-002  4.403919000000E-002 -3.919989000000E-003 
-4.314183000000E-003  2.604111000000E-003  7.904360000000E-004 
 4.856491000000E-003 -1.391210000000E-004 -7.912690000000E-004 
12 3 ! 1 2 0 1 1 0
 2.288485710000E-001 -2.094113280000E-001  4.594872000000E-003 
 4.992965200000E-002 -4.759866400000E-002  2.826092000000E-003 
-5.974169400000E-002 -5.142674100000E-002  1.170842200000E-002 
-3.281103630000E-001 -3.040620600000E-002 -4.182262000000E-003 
 8.914780000000E-004 -4.131979000000E-003 -4.025470000000E-004 
-4.284859000000E-003  1.492292000000E-003 -4.097740000000E-003 
 3.527655000000E-003 -2.461859000000E-003 -2.962230000000E-003 
-4.237343000000E-003 -2.997359000000E-003  4.891940000000E-004 
 1.347903760000E-001  4.200159150000E-001 -9.309764000000E-003 
-1.123995700000E-002 -4.403919000000E-002  3.919989000000E-003 
 4.314183000000E-003 -2.604111000000E-003 -7.904360000000E-004 
-4.856491000000E-003  1.391210000000E-004  7.912690000000E-004 
12 3 ! 1 2 0 1 2 0
 0.000000000000E+000  0.000000000000E+000  0.000000000000E+000 
 0.000000000000E+000  0.000000000000E+000  0.000000000000E+000 
 0.000000000000E+000  0.000000000000E+000  0.000000000000E+000 
 0.000000000000E+000  0.000000000000E+000  0.000000000000E+000 
 0.000000000000E+000  0.000000000000E+000  0.000000000000E+000 
 0.000000000000E+000  0.000000000000E+000  0.000000000000E+000 
 0.000000000000E+000  0.000000000000E+000  0.000000000000E+000 
 0.000000000000E+000  0.000000000000E+000  0.000000000000E+000 
 0.000000000000E+000  0.000000000000E+000  0.000000000000E+000 
 0.000000000000E+000  0.000000000000E+000  0.000000000000E+000 
 0.000000000000E+000  0.000000000000E+000  0.000000000000E+000 
 0.000000000000E+000  0.000000000000E+000  0.000000000000E+000 
! 6 Overlap matrix (2x2, complex)
2 2
 9.989593592000E-001  0.000000000000E+000 -2.744632000000E-004  0.000000000000E+000 
 2.731518000000E-004  0.000000000000E+000  9.989530342000E-001  0.000000000000E+000 

! 7 Phases
2 ! for all nmstates
 1.000000000E+000  0.000000000E+000
 1.000000000E+000  0.000000000E+000
! 8 Runtime
 1.791708560000E+002
