! 1 Hamiltonian Matrix (2x2, complex)
2 2
-2.306508288981E+002  0.000000000000E+000  0.000000000000E+000  0.000000000000E+000 
 0.000000000000E+000  0.000000000000E+000 -2.304935132193E+002  0.000000000000E+000 

! 2 Dipole Moment Matrices (3x2x2, complex)
2 2
-1.828616600000E-001  0.000000000000E+000 -2.160950374260E-001  0.000000000000E+000 
-2.160950374260E-001  0.000000000000E+000  2.817708000000E-002  0.000000000000E+000 
2 2
 8.248591000000E-002  0.000000000000E+000 -2.600015617250E-001  0.000000000000E+000 
-2.600015617250E-001  0.000000000000E+000 -1.816851900000E-001  0.000000000000E+000 
2 2
-1.158150200000E-001  0.000000000000E+000 -4.053508782000E-003  0.000000000000E+000 
-4.053508782000E-003  0.000000000000E+000 -8.451951000000E-002  0.000000000000E+000 
! 3 Gradient Vectors (2x12x3, real)
12 3 ! 1 1 0
-3.299568300000E-002 -2.124814200000E-002  3.050461000000E-003 
 2.611033500000E-002  1.187924410000E-001 -1.055893000000E-002 
-1.178774090000E-001  1.734867000000E-003  3.083190500000E-002 
 1.144444990000E-001 -3.495131600000E-002  1.688433600000E-002 
-4.721833200000E-002 -4.685893000000E-002  4.849382000000E-003 
 5.738649600000E-002 -5.079248500000E-002 -2.578327000000E-003 
 2.484154600000E-002 -1.277262100000E-002 -1.731561800000E-002 
-2.128975200000E-002  3.621616300000E-002 -1.132163900000E-002 
 8.375920000000E-004  5.175684200000E-002 -1.362072100000E-002 
-3.976377300000E-002  1.673597000000E-003 -4.321879000000E-003 
 3.610207300000E-002 -4.376304600000E-002  1.158205000000E-003 
-5.775910000000E-004  2.126300000000E-004  2.942823000000E-003 
12 3 ! 1 2 0
 6.494640700000E-002 -7.315469400000E-002 -2.558343000000E-003 
-9.311176600000E-002  3.613277400000E-002 -5.125449000000E-003 
-1.740166670000E-001  1.308274920000E-001  3.022318100000E-002 
 2.222639250000E-001 -3.949494200000E-002  1.762955300000E-002 
-4.775632500000E-002 -4.632062400000E-002  4.979999000000E-003 
 5.808231300000E-002 -5.129626500000E-002 -1.110093000000E-003 
 2.564816100000E-002 -1.056989100000E-002 -1.728985900000E-002 
-2.125035700000E-002  3.631369000000E-002 -1.275961200000E-002 
-1.657270080000E-001  9.139301300000E-002 -1.736706100000E-002 
 9.456343800000E-002 -2.913555700000E-002  2.297280000000E-003 
 3.762426300000E-002 -4.252779700000E-002  2.145356000000E-003 
-1.266383000000E-003 -2.167199000000E-003 -1.064952000000E-003 
! 5 Non-adiabatic couplings (ddr) (2x2x12x3, real)
12 3 ! 1 1 0 1 1 0
 0.000000000000E+000  0.000000000000E+000  0.000000000000E+000 
 0.000000000000E+000  0.000000000000E+000  0.000000000000E+000 
 0.000000000000E+000  0.000000000000E+000  0.000000000000E+000 
 0.000000000000E+000  0.000000000000E+000  0.000000000000E+000 
 0.000000000000E+000  0.000000000000E+000  0.000000000000E+000 
 0.000000000000E+000  0.000000000000E+000  0.000000000000E+000 
 0.000000000000E+000  0.000000000000E+000  0.000000000000E+000 
 0.000000000000E+000  0.000000000000E+000  0.000000000000E+000 
 0.000000000000E+000  0.000000000000E+000  0.000000000000E+000 
 0.000000000000E+000  0.000000000000E+000  0.000000000000E+000 
 0.000000000000E+000  0.000000000000E+000  0.000000000000E+000 
 0.000000000000E+000  0.000000000000E+000  0.000000000000E+000 
12 3 ! 1 1 0 1 2 0
-1.862485370000E-001  1.940554850000E-001  5.249542000000E-003 
-7.572417900000E-002  3.283934000000E-003  9.612904000000E-003 
 7.544955700000E-002  6.069209400000E-002  3.209594400000E-002 
 2.306596240000E-001 -2.647880000000E-003 -4.694125100000E-002 
 1.379349000000E-003  3.202002000000E-003 -1.644240000000E-003 
 5.109665000000E-003  2.817009000000E-003 -7.419216000000E-003 
-2.895877000000E-003  4.887976000000E-003 -4.350733000000E-003 
 5.711596000000E-003  5.971035000000E-003  6.567426000000E-003 
-4.359189700000E-002 -3.714934290000E-001 -3.550550000000E-004 
-3.432560300000E-002  5.688885400000E-002  2.914738000000E-003 
-7.659769000000E-003  4.129327000000E-003  1.211044000000E-003 
 4.596448000000E-003 -1.087100000000E-005  1.260428000000E-003 
12 3 ! 1 2 0 1 1 0
 1.862485370000E-001 -1.940554850000E-001 -5.249542000000E-003 
 7.572417900000E-002 -3.283934000000E-003 -9.612904000000E-003 
-7.544955700000E-002 -6.069209400000E-002 -3.209594400000E-002 
-2.306596240000E-001  2.647880000000E-003  4.694125100000E-002 
-1.379349000000E-003 -3.202002000000E-003  1.644240000000E-003 
-5.109665000000E-003 -2.817009000000E-003  7.419216000000E-003 
 2.895877000000E-003 -4.887976000000E-003  4.350733000000E-003 
-5.711596000000E-003 -5.971035000000E-003 -6.567426000000E-003 
 4.359189700000E-002  3.714934290000E-001  3.550550000000E-004 
 3.432560300000E-002 -5.688885400000E-002 -2.914738000000E-003 
 7.659769000000E-003 -4.129327000000E-003 -1.211044000000E-003 
-4.596448000000E-003  1.087100000000E-005 -1.260428000000E-003 
12 3 ! 1 2 0 1 2 0
 0.000000000000E+000  0.000000000000E+000  0.000000000000E+000 
 0.000000000000E+000  0.000000000000E+000  0.000000000000E+000 
 0.000000000000E+000  0.000000000000E+000  0.000000000000E+000 
 0.000000000000E+000  0.000000000000E+000  0.000000000000E+000 
 0.000000000000E+000  0.000000000000E+000  0.000000000000E+000 
 0.000000000000E+000  0.000000000000E+000  0.000000000000E+000 
 0.000000000000E+000  0.000000000000E+000  0.000000000000E+000 
 0.000000000000E+000  0.000000000000E+000  0.000000000000E+000 
 0.000000000000E+000  0.000000000000E+000  0.000000000000E+000 
 0.000000000000E+000  0.000000000000E+000  0.000000000000E+000 
 0.000000000000E+000  0.000000000000E+000  0.000000000000E+000 
 0.000000000000E+000  0.000000000000E+000  0.000000000000E+000 
! 6 Overlap matrix (2x2, complex)
2 2
 2.058899630000E-001  0.000000000000E+000 -2.393239500000E-003  0.000000000000E+000 
 3.522089000000E-004  0.000000000000E+000  2.033301653000E-001  0.000000000000E+000 

! 7 Phases
2 ! for all nmstates
 1.000000000E+000  0.000000000E+000
 1.000000000E+000  0.000000000E+000
! 8 Runtime
 1.464648790000E+002
