! 1 Hamiltonian Matrix (2x2, complex)
2 2
-2.306788787799E+002  0.000000000000E+000  0.000000000000E+000  0.000000000000E+000 
 0.000000000000E+000  0.000000000000E+000 -2.305132271271E+002  0.000000000000E+000 

! 2 Dipole Moment Matrices (3x2x2, complex)
2 2
-1.696157700000E-001  0.000000000000E+000  6.471410124300E-002  0.000000000000E+000 
 6.471410124300E-002  0.000000000000E+000  1.951155100000E-001  0.000000000000E+000 
2 2
 6.771788000000E-002  0.000000000000E+000 -2.313223155690E-001  0.000000000000E+000 
-2.313223155690E-001  0.000000000000E+000  3.627860000000E-002  0.000000000000E+000 
2 2
 1.168280000000E-003  0.000000000000E+000 -1.878141467300E-002  0.000000000000E+000 
-1.878141467300E-002  0.000000000000E+000 -2.059351000000E-002  0.000000000000E+000 
! 3 Gradient Vectors (2x12x3, real)
12 3 ! 1 1 0
 9.681122000000E-002 -6.518136700000E-002 -7.744494000000E-003 
-1.186289270000E-001  5.373580300000E-002  2.699142500000E-002 
-1.004431600000E-002 -4.227270800000E-002 -1.463052000000E-002 
-2.486507900000E-002 -7.714099000000E-003 -3.298840000000E-003 
-5.810602000000E-003  8.621797000000E-003  1.621079000000E-003 
 2.426354800000E-002 -4.458314200000E-002 -2.123815500000E-002 
 4.053971800000E-002  4.921985900000E-002  1.306901200000E-002 
 2.285190500000E-002  1.735394000000E-002 -4.687442000000E-003 
-4.783880000000E-004  2.072021700000E-002  1.550640500000E-002 
-1.365158300000E-002  2.860785600000E-002 -1.111960100000E-002 
 9.418435000000E-003  1.320183800000E-002  5.782427000000E-003 
-2.040593000000E-002 -3.170999400000E-002 -2.512980000000E-004 
12 3 ! 1 2 0
 1.928937560000E-001 -1.212641230000E-001 -5.293389000000E-003 
-2.328860810000E-001 -1.603283100000E-002  2.724413700000E-002 
-7.570727800000E-002  7.858863600000E-002 -1.367997900000E-002 
 9.801746000000E-002 -1.079942800000E-002 -6.141292000000E-003 
-6.424073000000E-003  8.993903000000E-003  3.539430000000E-004 
 2.311708600000E-002 -4.582398500000E-002 -2.180078200000E-002 
 4.016564900000E-002  5.019126500000E-002  1.147108000000E-002 
 2.246334800000E-002  1.690361300000E-002 -1.894858000000E-003 
-1.585550900000E-001  7.122173700000E-002  6.355450000000E-003 
 1.071513440000E-001 -1.370633000000E-002  3.542478000000E-003 
 1.055588100000E-002  1.504006400000E-002  3.894150000000E-004 
-2.079200100000E-002 -3.331252100000E-002 -5.462030000000E-004 
! 5 Non-adiabatic couplings (ddr) (2x2x12x3, real)
12 3 ! 1 1 0 1 1 0
 0.000000000000E+000  0.000000000000E+000  0.000000000000E+000 
 0.000000000000E+000  0.000000000000E+000  0.000000000000E+000 
 0.000000000000E+000  0.000000000000E+000  0.000000000000E+000 
 0.000000000000E+000  0.000000000000E+000  0.000000000000E+000 
 0.000000000000E+000  0.000000000000E+000  0.000000000000E+000 
 0.000000000000E+000  0.000000000000E+000  0.000000000000E+000 
 0.000000000000E+000  0.000000000000E+000  0.000000000000E+000 
 0.000000000000E+000  0.000000000000E+000  0.000000000000E+000 
 0.000000000000E+000  0.000000000000E+000  0.000000000000E+000 
 0.000000000000E+000  0.000000000000E+000  0.000000000000E+000 
 0.000000000000E+000  0.000000000000E+000  0.000000000000E+000 
 0.000000000000E+000  0.000000000000E+000  0.000000000000E+000 
12 3 ! 1 1 0 1 2 0
-1.680448010000E-001  1.129982490000E-001  8.089598000000E-003 
-6.586059100000E-002  4.273459900000E-002 -1.353169600000E-002 
 3.460393700000E-002  4.666888500000E-002 -9.443843000000E-003 
 3.480538350000E-001  3.322503400000E-002 -8.762080000000E-004 
-2.376690000000E-003  6.648313000000E-003  5.671420000000E-004 
 9.729080000000E-004 -1.498401000000E-003  3.630888000000E-003 
-2.748508000000E-003  6.937480000000E-004  3.297522000000E-003 
 3.451590000000E-003 -9.343350000000E-004 -5.413263000000E-003 
-2.200710060000E-001 -2.875782750000E-001  1.441255200000E-002 
 7.960391000000E-002  8.982196000000E-003  1.387220000000E-003 
-3.501680000000E-003  3.601642000000E-003 -2.560821000000E-003 
 4.530653000000E-003 -7.038700000000E-004 -2.989842000000E-003 
12 3 ! 1 2 0 1 1 0
 1.680448010000E-001 -1.129982490000E-001 -8.089598000000E-003 
 6.586059100000E-002 -4.273459900000E-002  1.353169600000E-002 
-3.460393700000E-002 -4.666888500000E-002  9.443843000000E-003 
-3.480538350000E-001 -3.322503400000E-002  8.762080000000E-004 
 2.376690000000E-003 -6.648313000000E-003 -5.671420000000E-004 
-9.729080000000E-004  1.498401000000E-003 -3.630888000000E-003 
 2.748508000000E-003 -6.937480000000E-004 -3.297522000000E-003 
-3.451590000000E-003  9.343350000000E-004  5.413263000000E-003 
 2.200710060000E-001  2.875782750000E-001 -1.441255200000E-002 
-7.960391000000E-002 -8.982196000000E-003 -1.387220000000E-003 
 3.501680000000E-003 -3.601642000000E-003  2.560821000000E-003 
-4.530653000000E-003  7.038700000000E-004  2.989842000000E-003 
12 3 ! 1 2 0 1 2 0
 0.000000000000E+000  0.000000000000E+000  0.000000000000E+000 
 0.000000000000E+000  0.000000000000E+000  0.000000000000E+000 
 0.000000000000E+000  0.000000000000E+000  0.000000000000E+000 
 0.000000000000E+000  0.000000000000E+000  0.000000000000E+000 
 0.000000000000E+000  0.000000000000E+000  0.000000000000E+000 
 0.000000000000E+000  0.000000000000E+000  0.000000000000E+000 
 0.000000000000E+000  0.000000000000E+000  0.000000000000E+000 
 0.000000000000E+000  0.000000000000E+000  0.000000000000E+000 
 0.000000000000E+000  0.000000000000E+000  0.000000000000E+000 
 0.000000000000E+000  0.000000000000E+000  0.000000000000E+000 
 0.000000000000E+000  0.000000000000E+000  0.000000000000E+000 
 0.000000000000E+000  0.000000000000E+000  0.000000000000E+000 
! 6 Overlap matrix (2x2, complex)
2 2
 4.693268144000E-001  0.000000000000E+000 -1.707869650000E-002  0.000000000000E+000 
 1.900288710000E-002  0.000000000000E+000  4.647129988000E-001  0.000000000000E+000 

! 7 Phases
2 ! for all nmstates
 1.000000000E+000  0.000000000E+000
 1.000000000E+000  0.000000000E+000
! 8 Runtime
 1.494854790000E+002
