! 1 Hamiltonian Matrix (2x2, complex)
2 2
-2.306627090095E+002  0.000000000000E+000  0.000000000000E+000  0.000000000000E+000 
 0.000000000000E+000  0.000000000000E+000 -2.304604285191E+002  0.000000000000E+000 

! 2 Dipole Moment Matrices (3x2x2, complex)
2 2
-1.498143100000E-001  0.000000000000E+000 -1.280215995820E-001  0.000000000000E+000 
-1.280215995820E-001  0.000000000000E+000  4.148150100000E-001  0.000000000000E+000 
2 2
 9.695434000000E-002  0.000000000000E+000 -2.277382030610E-001  0.000000000000E+000 
-2.277382030610E-001  0.000000000000E+000  2.462730000000E-003  0.000000000000E+000 
2 2
 7.762018000000E-002  0.000000000000E+000 -7.051974311500E-002  0.000000000000E+000 
-7.051974311500E-002  0.000000000000E+000  3.844854000000E-002  0.000000000000E+000 
! 3 Gradient Vectors (2x12x3, real)
12 3 ! 1 1 0
 1.261122410000E-001  5.371952300000E-002 -2.912748000000E-002 
-1.209951710000E-001  4.938237100000E-002  7.883164000000E-003 
-4.058313400000E-002  2.972024000000E-002 -1.203015700000E-002 
 8.627374200000E-002 -6.937744500000E-002  1.451457000000E-003 
-5.877235300000E-002 -2.561374000000E-002  1.177078600000E-002 
 2.810354800000E-002 -3.628790400000E-002  3.070257000000E-003 
 3.266115500000E-002  3.037014800000E-002  3.268143000000E-003 
-1.874889000000E-003  1.415046200000E-002 -7.259800000000E-005 
-1.925109890000E-001  1.241901800000E-002  7.534804000000E-003 
 1.279142010000E-001 -2.208532300000E-002 -1.818207000000E-003 
 1.948624800000E-002 -2.816910100000E-002 -1.681310000000E-004 
-5.814601000000E-003 -8.228249000000E-003  8.237964000000E-003 
12 3 ! 1 2 0
 2.184707270000E-001 -1.251589600000E-002 -2.825184200000E-002 
-2.430279080000E-001 -9.646630000000E-003  1.120503800000E-002 
-9.853201700000E-002  1.470519130000E-001 -7.421423000000E-003 
 2.107431420000E-001 -6.936374100000E-002 -1.512641000000E-003 
-5.940547900000E-002 -2.641973000000E-002  1.408768200000E-002 
 2.766018000000E-002 -3.820352700000E-002  2.299429000000E-003 
 3.226516300000E-002  3.138315500000E-002  1.926805000000E-003 
-2.810643000000E-003  1.449966300000E-002 -1.741471000000E-003 
-3.512351540000E-001  6.378294900000E-002 -1.642589000000E-002 
 2.513898320000E-001 -6.346776700000E-002  2.392625300000E-002 
 2.061953300000E-002 -2.608019900000E-002  1.338389000000E-003 
-6.137377000000E-003 -1.102019100000E-002  5.696720000000E-004 
! 5 Non-adiabatic couplings (ddr) (2x2x12x3, real)
12 3 ! 1 1 0 1 1 0
 0.000000000000E+000  0.000000000000E+000  0.000000000000E+000 
 0.000000000000E+000  0.000000000000E+000  0.000000000000E+000 
 0.000000000000E+000  0.000000000000E+000  0.000000000000E+000 
 0.000000000000E+000  0.000000000000E+000  0.000000000000E+000 
 0.000000000000E+000  0.000000000000E+000  0.000000000000E+000 
 0.000000000000E+000  0.000000000000E+000  0.000000000000E+000 
 0.000000000000E+000  0.000000000000E+000  0.000000000000E+000 
 0.000000000000E+000  0.000000000000E+000  0.000000000000E+000 
 0.000000000000E+000  0.000000000000E+000  0.000000000000E+000 
 0.000000000000E+000  0.000000000000E+000  0.000000000000E+000 
 0.000000000000E+000  0.000000000000E+000  0.000000000000E+000 
 0.000000000000E+000  0.000000000000E+000  0.000000000000E+000 
12 3 ! 1 1 0 1 2 0
-2.320072030000E-001  1.637910340000E-001  4.096525000000E-003 
-4.242802400000E-002  7.912336100000E-002  1.811598300000E-002 
 9.386824000000E-002 -5.064280200000E-002 -2.129094800000E-002 
 1.913148260000E-001 -8.671686000000E-003 -2.848537200000E-002 
-2.873480000000E-004  4.934756000000E-003  4.051540000000E-004 
 2.717226000000E-003 -6.451350000000E-004  4.774140000000E-004 
-1.687589000000E-003 -1.912236000000E-003  8.011693000000E-003 
 5.482497000000E-003  2.741435000000E-003  7.065999000000E-003 
-1.266443300000E-002 -2.837001830000E-001 -3.731742000000E-003 
-2.762300500000E-002  5.057086700000E-002 -3.218000000000E-006 
-4.447813000000E-003  2.304820000000E-003  2.786850000000E-003 
 5.015949000000E-003  6.951410000000E-004 -8.543670000000E-004 
12 3 ! 1 2 0 1 1 0
 2.320072030000E-001 -1.637910340000E-001 -4.096525000000E-003 
 4.242802400000E-002 -7.912336100000E-002 -1.811598300000E-002 
-9.386824000000E-002  5.064280200000E-002  2.129094800000E-002 
-1.913148260000E-001  8.671686000000E-003  2.848537200000E-002 
 2.873480000000E-004 -4.934756000000E-003 -4.051540000000E-004 
-2.717226000000E-003  6.451350000000E-004 -4.774140000000E-004 
 1.687589000000E-003  1.912236000000E-003 -8.011693000000E-003 
-5.482497000000E-003 -2.741435000000E-003 -7.065999000000E-003 
 1.266443300000E-002  2.837001830000E-001  3.731742000000E-003 
 2.762300500000E-002 -5.057086700000E-002  3.218000000000E-006 
 4.447813000000E-003 -2.304820000000E-003 -2.786850000000E-003 
-5.015949000000E-003 -6.951410000000E-004  8.543670000000E-004 
12 3 ! 1 2 0 1 2 0
 0.000000000000E+000  0.000000000000E+000  0.000000000000E+000 
 0.000000000000E+000  0.000000000000E+000  0.000000000000E+000 
 0.000000000000E+000  0.000000000000E+000  0.000000000000E+000 
 0.000000000000E+000  0.000000000000E+000  0.000000000000E+000 
 0.000000000000E+000  0.000000000000E+000  0.000000000000E+000 
 0.000000000000E+000  0.000000000000E+000  0.000000000000E+000 
 0.000000000000E+000  0.000000000000E+000  0.000000000000E+000 
 0.000000000000E+000  0.000000000000E+000  0.000000000000E+000 
 0.000000000000E+000  0.000000000000E+000  0.000000000000E+000 
 0.000000000000E+000  0.000000000000E+000  0.000000000000E+000 
 0.000000000000E+000  0.000000000000E+000  0.000000000000E+000 
 0.000000000000E+000  0.000000000000E+000  0.000000000000E+000 
! 6 Overlap matrix (2x2, complex)
2 2
 2.011988445000E-001  0.000000000000E+000  1.129674990000E-002  0.000000000000E+000 
-1.176944410000E-002  0.000000000000E+000  1.979700292000E-001  0.000000000000E+000 

! 7 Phases
2 ! for all nmstates
 1.000000000E+000  0.000000000E+000
 1.000000000E+000  0.000000000E+000
! 8 Runtime
 1.808350940000E+002
