! 1 Hamiltonian Matrix (2x2, complex)
2 2
-2.306745476254E+002  0.000000000000E+000  0.000000000000E+000  0.000000000000E+000 
 0.000000000000E+000  0.000000000000E+000 -2.305599290774E+002  0.000000000000E+000 

! 2 Dipole Moment Matrices (3x2x2, complex)
2 2
-2.000423100000E-001  0.000000000000E+000 -6.471750148300E-002  0.000000000000E+000 
-6.471750148300E-002  0.000000000000E+000  4.404218000000E-002  0.000000000000E+000 
2 2
 1.118849100000E-001  0.000000000000E+000 -2.587883917740E-001  0.000000000000E+000 
-2.587883917740E-001  0.000000000000E+000 -2.473478000000E-002  0.000000000000E+000 
2 2
 1.291706700000E-001  0.000000000000E+000 -4.520001594900E-002  0.000000000000E+000 
-4.520001594900E-002  0.000000000000E+000  1.484305800000E-001  0.000000000000E+000 
! 3 Gradient Vectors (2x12x3, real)
12 3 ! 1 1 0
-2.527290000000E-003  3.996575300000E-002 -1.987706800000E-002 
-4.090486000000E-003  1.166741640000E-001 -1.184211400000E-002 
-1.710171900000E-002 -1.130116160000E-001 -3.807504800000E-002 
-2.105844000000E-002  2.989198300000E-002  2.204936600000E-002 
-3.812331900000E-002 -6.237817100000E-002  2.611525300000E-002 
 3.003397900000E-002 -2.253037400000E-002  4.667160000000E-003 
 3.811703300000E-002  1.458066000000E-002  2.910067400000E-002 
-1.473665000000E-003  1.652947000000E-003 -6.517240000000E-003 
 4.709427700000E-002 -7.268140000000E-003 -9.467897000000E-003 
-2.930402000000E-002  6.103326400000E-002  6.034886000000E-003 
 9.873786000000E-003 -5.806025500000E-002 -6.308120000000E-004 
-1.144013500000E-002 -5.502160000000E-004 -1.557162000000E-003 
12 3 ! 1 2 0
 8.507647100000E-002 -2.329545600000E-002 -2.369353900000E-002 
-1.248324650000E-001  4.079339400000E-002 -5.938687000000E-003 
-5.819803200000E-002  1.418696500000E-002 -3.372729500000E-002 
 8.745940400000E-002  3.061155500000E-002  2.349897700000E-002 
-3.805181100000E-002 -6.177244100000E-002  2.691983600000E-002 
 2.968300700000E-002 -2.370310700000E-002  4.412817000000E-003 
 3.856598400000E-002  1.642461500000E-002  2.616419100000E-002 
-1.228923000000E-003  1.169859000000E-003 -6.431290000000E-003 
-1.147456820000E-001  3.873717100000E-002 -9.372032000000E-003 
 9.761359900000E-002  2.478862800000E-002 -3.702752000000E-003 
 1.031242800000E-002 -5.551454700000E-002  2.020280000000E-003 
-1.165398200000E-002 -2.426635000000E-003 -1.505080000000E-004 
! 5 Non-adiabatic couplings (ddr) (2x2x12x3, real)
12 3 ! 1 1 0 1 1 0
 0.000000000000E+000  0.000000000000E+000  0.000000000000E+000 
 0.000000000000E+000  0.000000000000E+000  0.000000000000E+000 
 0.000000000000E+000  0.000000000000E+000  0.000000000000E+000 
 0.000000000000E+000  0.000000000000E+000  0.000000000000E+000 
 0.000000000000E+000  0.000000000000E+000  0.000000000000E+000 
 0.000000000000E+000  0.000000000000E+000  0.000000000000E+000 
 0.000000000000E+000  0.000000000000E+000  0.000000000000E+000 
 0.000000000000E+000  0.000000000000E+000  0.000000000000E+000 
 0.000000000000E+000  0.000000000000E+000  0.000000000000E+000 
 0.000000000000E+000  0.000000000000E+000  0.000000000000E+000 
 0.000000000000E+000  0.000000000000E+000  0.000000000000E+000 
 0.000000000000E+000  0.000000000000E+000  0.000000000000E+000 
12 3 ! 1 1 0 1 2 0
-2.290201210000E-001  2.640002670000E-001 -2.184914600000E-002 
-4.769497500000E-002  7.297047700000E-002  5.881164300000E-002 
 7.257162900000E-002  4.702210500000E-002 -2.929333900000E-002 
 3.785385730000E-001  4.847596100000E-002 -1.898127800000E-002 
-4.325640000000E-003  1.442665000000E-003 -1.121053700000E-002 
 6.325396000000E-003  2.478041000000E-003 -6.846891000000E-003 
-4.619067000000E-003  6.137035000000E-003  1.460409000000E-003 
 4.499144000000E-003  5.144645000000E-003  1.286706700000E-002 
-2.116907640000E-001 -5.295119780000E-001  5.563120000000E-003 
 2.394469800000E-002  5.458137200000E-002  2.786710000000E-003 
-4.803539000000E-003  2.366824000000E-003  2.892287000000E-003 
 7.144417000000E-003  1.134090000000E-004 -2.470494000000E-003 
12 3 ! 1 2 0 1 1 0
 2.290201210000E-001 -2.640002670000E-001  2.184914600000E-002 
 4.769497500000E-002 -7.297047700000E-002 -5.881164300000E-002 
-7.257162900000E-002 -4.702210500000E-002  2.929333900000E-002 
-3.785385730000E-001 -4.847596100000E-002  1.898127800000E-002 
 4.325640000000E-003 -1.442665000000E-003  1.121053700000E-002 
-6.325396000000E-003 -2.478041000000E-003  6.846891000000E-003 
 4.619067000000E-003 -6.137035000000E-003 -1.460409000000E-003 
-4.499144000000E-003 -5.144645000000E-003 -1.286706700000E-002 
 2.116907640000E-001  5.295119780000E-001 -5.563120000000E-003 
-2.394469800000E-002 -5.458137200000E-002 -2.786710000000E-003 
 4.803539000000E-003 -2.366824000000E-003 -2.892287000000E-003 
-7.144417000000E-003 -1.134090000000E-004  2.470494000000E-003 
12 3 ! 1 2 0 1 2 0
 0.000000000000E+000  0.000000000000E+000  0.000000000000E+000 
 0.000000000000E+000  0.000000000000E+000  0.000000000000E+000 
 0.000000000000E+000  0.000000000000E+000  0.000000000000E+000 
 0.000000000000E+000  0.000000000000E+000  0.000000000000E+000 
 0.000000000000E+000  0.000000000000E+000  0.000000000000E+000 
 0.000000000000E+000  0.000000000000E+000  0.000000000000E+000 
 0.000000000000E+000  0.000000000000E+000  0.000000000000E+000 
 0.000000000000E+000  0.000000000000E+000  0.000000000000E+000 
 0.000000000000E+000  0.000000000000E+000  0.000000000000E+000 
 0.000000000000E+000  0.000000000000E+000  0.000000000000E+000 
 0.000000000000E+000  0.000000000000E+000  0.000000000000E+000 
 0.000000000000E+000  0.000000000000E+000  0.000000000000E+000 
! 6 Overlap matrix (2x2, complex)
2 2
 3.149639649000E-001  0.000000000000E+000  5.633091500000E-003  0.000000000000E+000 
-9.681774600000E-003  0.000000000000E+000  3.133402075000E-001  0.000000000000E+000 

! 7 Phases
2 ! for all nmstates
 1.000000000E+000  0.000000000E+000
 1.000000000E+000  0.000000000E+000
! 8 Runtime
 1.605630800000E+002
