! 1 Hamiltonian Matrix (2x2, complex)
2 2
-2.307028545992E+002  0.000000000000E+000  0.000000000000E+000  0.000000000000E+000 
 0.000000000000E+000  0.000000000000E+000 -2.305604086024E+002  0.000000000000E+000 

! 2 Dipole Moment Matrices (3x2x2, complex)
2 2
-1.711277800000E-001  0.000000000000E+000 -8.265126746100E-002  0.000000000000E+000 
-8.265126746100E-002  0.000000000000E+000  1.172979500000E-001  0.000000000000E+000 
2 2
 4.918713000000E-002  0.000000000000E+000 -2.055656381820E-001  0.000000000000E+000 
-2.055656381820E-001  0.000000000000E+000 -1.154996300000E-001  0.000000000000E+000 
2 2
 4.246155000000E-002  0.000000000000E+000 -2.063948028000E-002  0.000000000000E+000 
-2.063948028000E-002  0.000000000000E+000  4.553618000000E-002  0.000000000000E+000 
! 3 Gradient Vectors (2x12x3, real)
12 3 ! 1 1 0
 9.236000000000E-003 -1.288089600000E-002 -1.687525000000E-003 
 5.088410600000E-002 -1.339887400000E-002  6.334917000000E-003 
-6.628221700000E-002 -1.363109300000E-002 -1.882348400000E-002 
 1.460582100000E-002 -5.675093000000E-003  2.551315000000E-003 
-2.010843100000E-002 -1.881557500000E-002 -3.995850000000E-004 
-5.191218700000E-002  5.110511500000E-002 -1.280964000000E-003 
 4.134925400000E-002  1.112412100000E-002  1.242379400000E-002 
-1.736897000000E-003 -2.836472000000E-003 -2.645525000000E-003 
 6.001165000000E-002  3.907142000000E-003  3.783084000000E-003 
-3.855982900000E-002  1.484546000000E-002 -1.762029000000E-003 
-5.080570000000E-004 -3.626065600000E-002  1.235044000000E-003 
 3.020785000000E-003  2.251682200000E-002  2.709600000000E-004 
12 3 ! 1 2 0
 1.092704170000E-001 -7.487082000000E-002 -1.239403000000E-003 
-7.250676800000E-002 -8.933138900000E-002  7.257977000000E-003 
-1.264917340000E-001  1.144447910000E-001 -1.881890800000E-002 
 1.320511260000E-001 -4.421887000000E-003  1.795592000000E-003 
-2.038685500000E-002 -1.837185900000E-002 -7.850700000000E-005 
-5.322513000000E-002  5.011606400000E-002 -1.446037000000E-003 
 4.185294900000E-002  1.252674100000E-002  1.095658300000E-002 
-1.834269000000E-003 -3.053165000000E-003 -1.624627000000E-003 
-9.537690200000E-002  4.579045000000E-002  2.799766000000E-003 
 8.413400400000E-002 -1.941248000000E-002  2.210465000000E-003 
 5.210700000000E-005 -3.379414700000E-002 -2.900079000000E-003 
 2.461053000000E-003  2.037770200000E-002  1.087179000000E-003 
! 5 Non-adiabatic couplings (ddr) (2x2x12x3, real)
12 3 ! 1 1 0 1 1 0
 0.000000000000E+000  0.000000000000E+000  0.000000000000E+000 
 0.000000000000E+000  0.000000000000E+000  0.000000000000E+000 
 0.000000000000E+000  0.000000000000E+000  0.000000000000E+000 
 0.000000000000E+000  0.000000000000E+000  0.000000000000E+000 
 0.000000000000E+000  0.000000000000E+000  0.000000000000E+000 
 0.000000000000E+000  0.000000000000E+000  0.000000000000E+000 
 0.000000000000E+000  0.000000000000E+000  0.000000000000E+000 
 0.000000000000E+000  0.000000000000E+000  0.000000000000E+000 
 0.000000000000E+000  0.000000000000E+000  0.000000000000E+000 
 0.000000000000E+000  0.000000000000E+000  0.000000000000E+000 
 0.000000000000E+000  0.000000000000E+000  0.000000000000E+000 
 0.000000000000E+000  0.000000000000E+000  0.000000000000E+000 
12 3 ! 1 1 0 1 2 0
-2.261243400000E-001  2.125075410000E-001 -5.920861000000E-003 
-5.337028300000E-002  4.441854600000E-002 -3.780639000000E-003 
 5.780388400000E-002  6.082785100000E-002 -1.551615300000E-002 
 3.358993190000E-001  2.995259400000E-002  5.301510000000E-003 
-6.502640000000E-004  3.994938000000E-003  4.939750000000E-004 
 4.256708000000E-003 -1.788073000000E-003  5.451379000000E-003 
-3.538217000000E-003  2.729331000000E-003  3.744391000000E-003 
 4.328365000000E-003  3.058976000000E-003 -5.329220000000E-004 
-1.402710010000E-001 -4.282883610000E-001  1.280854000000E-002 
 1.114835400000E-002  4.429050000000E-002 -5.282501000000E-003 
-4.287869000000E-003  2.520052000000E-003  9.631130000000E-004 
 4.772461000000E-003 -1.742750000000E-004 -1.005104000000E-003 
12 3 ! 1 2 0 1 1 0
 2.261243400000E-001 -2.125075410000E-001  5.920861000000E-003 
 5.337028300000E-002 -4.441854600000E-002  3.780639000000E-003 
-5.780388400000E-002 -6.082785100000E-002  1.551615300000E-002 
-3.358993190000E-001 -2.995259400000E-002 -5.301510000000E-003 
 6.502640000000E-004 -3.994938000000E-003 -4.939750000000E-004 
-4.256708000000E-003  1.788073000000E-003 -5.451379000000E-003 
 3.538217000000E-003 -2.729331000000E-003 -3.744391000000E-003 
-4.328365000000E-003 -3.058976000000E-003  5.329220000000E-004 
 1.402710010000E-001  4.282883610000E-001 -1.280854000000E-002 
-1.114835400000E-002 -4.429050000000E-002  5.282501000000E-003 
 4.287869000000E-003 -2.520052000000E-003 -9.631130000000E-004 
-4.772461000000E-003  1.742750000000E-004  1.005104000000E-003 
12 3 ! 1 2 0 1 2 0
 0.000000000000E+000  0.000000000000E+000  0.000000000000E+000 
 0.000000000000E+000  0.000000000000E+000  0.000000000000E+000 
 0.000000000000E+000  0.000000000000E+000  0.000000000000E+000 
 0.000000000000E+000  0.000000000000E+000  0.000000000000E+000 
 0.000000000000E+000  0.000000000000E+000  0.000000000000E+000 
 0.000000000000E+000  0.000000000000E+000  0.000000000000E+000 
 0.000000000000E+000  0.000000000000E+000  0.000000000000E+000 
 0.000000000000E+000  0.000000000000E+000  0.000000000000E+000 
 0.000000000000E+000  0.000000000000E+000  0.000000000000E+000 
 0.000000000000E+000  0.000000000000E+000  0.000000000000E+000 
 0.000000000000E+000  0.000000000000E+000  0.000000000000E+000 
 0.000000000000E+000  0.000000000000E+000  0.000000000000E+000 
! 6 Overlap matrix (2x2, complex)
2 2
 9.989426755000E-001  0.000000000000E+000 -1.341034000000E-004  0.000000000000E+000 
 1.318825000000E-004  0.000000000000E+000  9.989389141000E-001  0.000000000000E+000 

! 7 Phases
2 ! for all nmstates
 1.000000000E+000  0.000000000E+000
 1.000000000E+000  0.000000000E+000
! 8 Runtime
 2.990868650000E+002
