! 1 Hamiltonian Matrix (2x2, complex)
2 2
-2.306758149060E+002  0.000000000000E+000  0.000000000000E+000  0.000000000000E+000 
 0.000000000000E+000  0.000000000000E+000 -2.305127953719E+002  0.000000000000E+000 

! 2 Dipole Moment Matrices (3x2x2, complex)
2 2
-2.152241700000E-001  0.000000000000E+000 -1.473579167330E-001  0.000000000000E+000 
-1.473579167330E-001  0.000000000000E+000  1.289990700000E-001  0.000000000000E+000 
2 2
 6.588785000000E-002  0.000000000000E+000 -2.150472641540E-001  0.000000000000E+000 
-2.150472641540E-001  0.000000000000E+000 -7.743340000000E-002  0.000000000000E+000 
2 2
 2.589557000000E-002  0.000000000000E+000 -1.093439226500E-002  0.000000000000E+000 
-1.093439226500E-002  0.000000000000E+000  3.705200000000E-004  0.000000000000E+000 
! 3 Gradient Vectors (2x12x3, real)
12 3 ! 1 1 0
 3.395077000000E-003 -3.235526200000E-002 -1.609817400000E-002 
-1.843262100000E-002  7.977931700000E-002  1.536120000000E-004 
-1.392795620000E-001 -3.668564300000E-002 -4.688476000000E-003 
 1.017472890000E-001 -4.581801700000E-002  2.992425000000E-003 
-1.295801800000E-002  2.019747600000E-002  3.782714000000E-003 
 2.628466500000E-002 -5.273164200000E-002 -1.115692000000E-003 
 3.620876700000E-002  5.544864300000E-002  5.408420000000E-003 
-1.169480000000E-002  2.928865100000E-002 -3.123308000000E-003 
 8.038939000000E-003 -1.577533600000E-002  1.667458400000E-002 
 4.977555000000E-002 -3.451016800000E-002 -1.119331000000E-003 
-1.926134700000E-002  4.766116500000E-002 -1.061717000000E-002 
-2.382393800000E-002 -1.449918400000E-002  7.750395000000E-003 
12 3 ! 1 2 0
 1.044071770000E-001 -1.005894970000E-001 -1.003618000000E-002 
-1.445127240000E-001  7.194672000000E-003 -3.565295000000E-003 
-1.991609830000E-001  9.676203400000E-002 -3.142898000000E-003 
 2.189473580000E-001 -5.191530700000E-002  2.622934000000E-003 
-1.304512200000E-002  1.999708100000E-002  4.025891000000E-003 
 2.597803800000E-002 -5.344240400000E-002 -2.252804000000E-003 
 3.516308200000E-002  5.667223500000E-002  4.272552000000E-003 
-1.218171800000E-002  2.945895900000E-002 -2.214077000000E-003 
-1.495345040000E-001  3.521463200000E-002  1.343049000000E-003 
 1.769640150000E-001 -7.204908500000E-002  1.367708200000E-002 
-1.892520200000E-002  5.000454000000E-002 -6.116980000000E-003 
-2.409941800000E-002 -1.730786000000E-002  1.386726000000E-003 
! 5 Non-adiabatic couplings (ddr) (2x2x12x3, real)
12 3 ! 1 1 0 1 1 0
 0.000000000000E+000  0.000000000000E+000  0.000000000000E+000 
 0.000000000000E+000  0.000000000000E+000  0.000000000000E+000 
 0.000000000000E+000  0.000000000000E+000  0.000000000000E+000 
 0.000000000000E+000  0.000000000000E+000  0.000000000000E+000 
 0.000000000000E+000  0.000000000000E+000  0.000000000000E+000 
 0.000000000000E+000  0.000000000000E+000  0.000000000000E+000 
 0.000000000000E+000  0.000000000000E+000  0.000000000000E+000 
 0.000000000000E+000  0.000000000000E+000  0.000000000000E+000 
 0.000000000000E+000  0.000000000000E+000  0.000000000000E+000 
 0.000000000000E+000  0.000000000000E+000  0.000000000000E+000 
 0.000000000000E+000  0.000000000000E+000  0.000000000000E+000 
 0.000000000000E+000  0.000000000000E+000  0.000000000000E+000 
12 3 ! 1 1 0 1 2 0
-2.276639160000E-001  1.979876140000E-001 -6.509681000000E-003 
-4.354569600000E-002  4.956735400000E-002  1.653859800000E-002 
 7.583012400000E-002  2.015351200000E-002  5.663064000000E-003 
 2.562818730000E-001  1.560980000000E-002 -2.486582000000E-003 
 1.826978000000E-003  5.154353000000E-003  1.852692000000E-003 
 4.164586000000E-003  1.525520000000E-004 -4.713869000000E-003 
-3.717620000000E-004  4.244200000000E-005 -4.165854000000E-003 
 4.071094000000E-003  3.276686000000E-003 -1.287453000000E-003 
-7.191763700000E-002 -3.773906940000E-001 -9.059974000000E-003 
-2.039109100000E-002  4.963647600000E-002  5.307683000000E-003 
-3.363520000000E-003  3.282944000000E-003  2.986680000000E-004 
 5.239797000000E-003  7.888540000000E-004 -2.569709000000E-003 
12 3 ! 1 2 0 1 1 0
 2.276639160000E-001 -1.979876140000E-001  6.509681000000E-003 
 4.354569600000E-002 -4.956735400000E-002 -1.653859800000E-002 
-7.583012400000E-002 -2.015351200000E-002 -5.663064000000E-003 
-2.562818730000E-001 -1.560980000000E-002  2.486582000000E-003 
-1.826978000000E-003 -5.154353000000E-003 -1.852692000000E-003 
-4.164586000000E-003 -1.525520000000E-004  4.713869000000E-003 
 3.717620000000E-004 -4.244200000000E-005  4.165854000000E-003 
-4.071094000000E-003 -3.276686000000E-003  1.287453000000E-003 
 7.191763700000E-002  3.773906940000E-001  9.059974000000E-003 
 2.039109100000E-002 -4.963647600000E-002 -5.307683000000E-003 
 3.363520000000E-003 -3.282944000000E-003 -2.986680000000E-004 
-5.239797000000E-003 -7.888540000000E-004  2.569709000000E-003 
12 3 ! 1 2 0 1 2 0
 0.000000000000E+000  0.000000000000E+000  0.000000000000E+000 
 0.000000000000E+000  0.000000000000E+000  0.000000000000E+000 
 0.000000000000E+000  0.000000000000E+000  0.000000000000E+000 
 0.000000000000E+000  0.000000000000E+000  0.000000000000E+000 
 0.000000000000E+000  0.000000000000E+000  0.000000000000E+000 
 0.000000000000E+000  0.000000000000E+000  0.000000000000E+000 
 0.000000000000E+000  0.000000000000E+000  0.000000000000E+000 
 0.000000000000E+000  0.000000000000E+000  0.000000000000E+000 
 0.000000000000E+000  0.000000000000E+000  0.000000000000E+000 
 0.000000000000E+000  0.000000000000E+000  0.000000000000E+000 
 0.000000000000E+000  0.000000000000E+000  0.000000000000E+000 
 0.000000000000E+000  0.000000000000E+000  0.000000000000E+000 
! 6 Overlap matrix (2x2, complex)
2 2
 3.802638164000E-001  0.000000000000E+000  4.428783500000E-003  0.000000000000E+000 
-4.955096700000E-003  0.000000000000E+000  3.777465337000E-001  0.000000000000E+000 

! 7 Phases
2 ! for all nmstates
 1.000000000E+000  0.000000000E+000
 1.000000000E+000  0.000000000E+000
! 8 Runtime
 1.416087610000E+002
