! 1 Hamiltonian Matrix (2x2, complex)
2 2
-2.307027461668E+002  0.000000000000E+000  0.000000000000E+000  0.000000000000E+000 
 0.000000000000E+000  0.000000000000E+000 -2.305524624313E+002  0.000000000000E+000 

! 2 Dipole Moment Matrices (3x2x2, complex)
2 2
-9.189479000000E-002  0.000000000000E+000 -6.065138617900E-002  0.000000000000E+000 
-6.065138617900E-002  0.000000000000E+000  3.136376900000E-001  0.000000000000E+000 
2 2
-5.140850000000E-003  0.000000000000E+000 -2.269023206750E-001  0.000000000000E+000 
-2.269023206750E-001  0.000000000000E+000 -2.149010000000E-003  0.000000000000E+000 
2 2
-2.233346000000E-002  0.000000000000E+000  1.069096467800E-002  0.000000000000E+000 
 1.069096467800E-002  0.000000000000E+000 -4.237546000000E-002  0.000000000000E+000 
! 3 Gradient Vectors (2x12x3, real)
12 3 ! 1 1 0
-8.308230000000E-003  6.327720000000E-004  4.677234000000E-003 
 1.374976000000E-002 -3.476133700000E-002 -6.610124000000E-003 
 4.173039000000E-003 -8.548144000000E-003 -6.307419000000E-003 
 7.755574000000E-003  5.595835500000E-002 -1.728767000000E-003 
 3.526548900000E-002  2.359706500000E-002 -3.884959000000E-003 
 1.101047800000E-002  5.577694000000E-003  1.427630000000E-003 
-3.189139100000E-002 -1.634229900000E-002  5.386629000000E-003 
 8.345038000000E-003 -2.632456300000E-002 -2.272078000000E-003 
-3.402462800000E-002 -1.180936800000E-002  1.160066400000E-002 
 4.367584000000E-003  1.944114100000E-002  2.638648000000E-003 
 2.639023000000E-003  1.167770500000E-002 -6.489850000000E-004 
-1.308173400000E-002 -1.909902100000E-002 -4.278472000000E-003 
12 3 ! 1 2 0
 8.847689200000E-002 -7.093047000000E-002  1.473692000000E-003 
-9.792158800000E-002 -1.054924450000E-001  4.698515000000E-003 
-5.455923200000E-002  1.213513700000E-001 -1.085439000000E-003 
 1.184256410000E-001  5.010849700000E-002 -6.294540000000E-003 
 3.579782900000E-002  2.423408000000E-002 -3.733176000000E-003 
 1.050826400000E-002  3.904726000000E-003 -6.890640000000E-004 
-3.168569200000E-002 -1.458347300000E-002  3.423750000000E-003 
 7.730608000000E-003 -2.689560000000E-002 -6.704250000000E-004 
-1.953314780000E-001  4.981590600000E-002  1.533457000000E-003 
 1.288696080000E-001 -2.399195000000E-002  2.384939000000E-003 
 3.601406000000E-003  1.337435900000E-002 -2.365010000000E-004 
-1.391226000000E-002 -2.089500100000E-002 -8.052070000000E-004 
! 5 Non-adiabatic couplings (ddr) (2x2x12x3, real)
12 3 ! 1 1 0 1 1 0
 0.000000000000E+000  0.000000000000E+000  0.000000000000E+000 
 0.000000000000E+000  0.000000000000E+000  0.000000000000E+000 
 0.000000000000E+000  0.000000000000E+000  0.000000000000E+000 
 0.000000000000E+000  0.000000000000E+000  0.000000000000E+000 
 0.000000000000E+000  0.000000000000E+000  0.000000000000E+000 
 0.000000000000E+000  0.000000000000E+000  0.000000000000E+000 
 0.000000000000E+000  0.000000000000E+000  0.000000000000E+000 
 0.000000000000E+000  0.000000000000E+000  0.000000000000E+000 
 0.000000000000E+000  0.000000000000E+000  0.000000000000E+000 
 0.000000000000E+000  0.000000000000E+000  0.000000000000E+000 
 0.000000000000E+000  0.000000000000E+000  0.000000000000E+000 
 0.000000000000E+000  0.000000000000E+000  0.000000000000E+000 
12 3 ! 1 1 0 1 2 0
-2.545884770000E-001  1.774711310000E-001  3.141358800000E-002 
-2.369150400000E-002  7.133565200000E-002  1.848168300000E-002 
 7.700846000000E-002 -6.896951000000E-003 -3.042186500000E-002 
 2.734097320000E-001  4.270256300000E-002 -2.654761400000E-002 
-5.450788000000E-003  4.867595000000E-003 -6.124786000000E-003 
 4.646836000000E-003  3.667920000000E-004 -3.851633000000E-003 
-3.950182000000E-003  2.222444000000E-003  5.384770000000E-003 
 5.799821000000E-003  2.312392000000E-003  3.042549000000E-003 
-1.025954740000E-001 -3.682302260000E-001  1.522382900000E-002 
 2.011177600000E-002  3.865952700000E-002 -5.077281000000E-003 
-4.670321000000E-003  2.983399000000E-003  3.626669000000E-003 
 5.202337000000E-003 -1.955080000000E-004 -3.300700000000E-003 
12 3 ! 1 2 0 1 1 0
 2.545884770000E-001 -1.774711310000E-001 -3.141358800000E-002 
 2.369150400000E-002 -7.133565200000E-002 -1.848168300000E-002 
-7.700846000000E-002  6.896951000000E-003  3.042186500000E-002 
-2.734097320000E-001 -4.270256300000E-002  2.654761400000E-002 
 5.450788000000E-003 -4.867595000000E-003  6.124786000000E-003 
-4.646836000000E-003 -3.667920000000E-004  3.851633000000E-003 
 3.950182000000E-003 -2.222444000000E-003 -5.384770000000E-003 
-5.799821000000E-003 -2.312392000000E-003 -3.042549000000E-003 
 1.025954740000E-001  3.682302260000E-001 -1.522382900000E-002 
-2.011177600000E-002 -3.865952700000E-002  5.077281000000E-003 
 4.670321000000E-003 -2.983399000000E-003 -3.626669000000E-003 
-5.202337000000E-003  1.955080000000E-004  3.300700000000E-003 
12 3 ! 1 2 0 1 2 0
 0.000000000000E+000  0.000000000000E+000  0.000000000000E+000 
 0.000000000000E+000  0.000000000000E+000  0.000000000000E+000 
 0.000000000000E+000  0.000000000000E+000  0.000000000000E+000 
 0.000000000000E+000  0.000000000000E+000  0.000000000000E+000 
 0.000000000000E+000  0.000000000000E+000  0.000000000000E+000 
 0.000000000000E+000  0.000000000000E+000  0.000000000000E+000 
 0.000000000000E+000  0.000000000000E+000  0.000000000000E+000 
 0.000000000000E+000  0.000000000000E+000  0.000000000000E+000 
 0.000000000000E+000  0.000000000000E+000  0.000000000000E+000 
 0.000000000000E+000  0.000000000000E+000  0.000000000000E+000 
 0.000000000000E+000  0.000000000000E+000  0.000000000000E+000 
 0.000000000000E+000  0.000000000000E+000  0.000000000000E+000 
! 6 Overlap matrix (2x2, complex)
2 2
 2.217838008000E-001  0.000000000000E+000 -3.523184100000E-003  0.000000000000E+000 
 4.161292100000E-003  0.000000000000E+000  2.205746083000E-001  0.000000000000E+000 

! 7 Phases
2 ! for all nmstates
 1.000000000E+000  0.000000000E+000
 1.000000000E+000  0.000000000E+000
! 8 Runtime
 1.413081580000E+002
