! 1 Hamiltonian Matrix (2x2, complex)
2 2
-2.306342249460E+002  0.000000000000E+000  0.000000000000E+000  0.000000000000E+000 
 0.000000000000E+000  0.000000000000E+000 -2.304672310153E+002  0.000000000000E+000 

! 2 Dipole Moment Matrices (3x2x2, complex)
2 2
-6.639644000000E-002  0.000000000000E+000 -1.334198551460E-001  0.000000000000E+000 
-1.334198551460E-001  0.000000000000E+000  2.551488400000E-001  0.000000000000E+000 
2 2
 1.553227400000E-001  0.000000000000E+000 -2.903980073050E-001  0.000000000000E+000 
-2.903980073050E-001  0.000000000000E+000 -1.016083100000E-001  0.000000000000E+000 
2 2
 2.023012800000E-001  0.000000000000E+000 -1.276834816700E-002  0.000000000000E+000 
-1.276834816700E-002  0.000000000000E+000  1.751148300000E-001  0.000000000000E+000 
! 3 Gradient Vectors (2x12x3, real)
12 3 ! 1 1 0
 5.163255000000E-003 -2.353536300000E-002 -1.629614900000E-002 
 2.335975300000E-002  6.502157100000E-002 -1.596040600000E-002 
 1.551985900000E-001  2.569361000000E-002  2.408104800000E-002 
 4.757467300000E-002  7.290621000000E-002 -2.631941000000E-003 
-2.938413900000E-002 -4.258086700000E-002  1.114964000000E-002 
 1.564537300000E-002 -1.237516600000E-002  1.555679100000E-002 
-1.717915410000E-001 -4.150027000000E-002 -2.358694800000E-002 
-7.970890000000E-004 -7.359812900000E-002 -6.626410000000E-004 
-7.749063100000E-002  3.341521700000E-002  7.974959000000E-003 
-1.198232600000E-002  2.281029070000E-001  2.904239500000E-002 
 6.978849800000E-002 -2.077855790000E-001 -2.248883500000E-002 
-2.528441600000E-002 -2.376414000000E-002 -6.177913000000E-003 
12 3 ! 1 2 0
 9.953411000000E-002 -7.668822500000E-002 -1.985488200000E-002 
-9.832035500000E-002 -1.145883200000E-002 -1.776605600000E-002 
 1.058865220000E-001  1.505518020000E-001  2.250735600000E-002 
 1.626480110000E-001  7.172452000000E-002  4.363725000000E-003 
-3.004760500000E-002 -4.167378100000E-002  1.266627100000E-002 
 1.536727400000E-002 -1.365029400000E-002  1.534594100000E-002 
-1.707574500000E-001 -3.907328200000E-002 -2.631796300000E-002 
-9.358110000000E-004 -7.411982300000E-002 -6.971930000000E-004 
-2.474312880000E-001  7.958571100000E-002  2.006890500000E-002 
 1.191471080000E-001  1.850812240000E-001  1.574821800000E-002 
 6.988971900000E-002 -2.041949950000E-001 -2.437595900000E-002 
-2.498023500000E-002 -2.608402700000E-002 -1.688361000000E-003 
! 5 Non-adiabatic couplings (ddr) (2x2x12x3, real)
12 3 ! 1 1 0 1 1 0
 0.000000000000E+000  0.000000000000E+000  0.000000000000E+000 
 0.000000000000E+000  0.000000000000E+000  0.000000000000E+000 
 0.000000000000E+000  0.000000000000E+000  0.000000000000E+000 
 0.000000000000E+000  0.000000000000E+000  0.000000000000E+000 
 0.000000000000E+000  0.000000000000E+000  0.000000000000E+000 
 0.000000000000E+000  0.000000000000E+000  0.000000000000E+000 
 0.000000000000E+000  0.000000000000E+000  0.000000000000E+000 
 0.000000000000E+000  0.000000000000E+000  0.000000000000E+000 
 0.000000000000E+000  0.000000000000E+000  0.000000000000E+000 
 0.000000000000E+000  0.000000000000E+000  0.000000000000E+000 
 0.000000000000E+000  0.000000000000E+000  0.000000000000E+000 
 0.000000000000E+000  0.000000000000E+000  0.000000000000E+000 
12 3 ! 1 1 0 1 2 0
-1.545491650000E-001  1.550473800000E-001 -4.475563800000E-002 
-1.054011590000E-001  1.417755100000E-002  2.723589800000E-002 
 8.195069700000E-002  4.485561900000E-002 -1.956029000000E-002 
 2.452587110000E-001 -1.930680000000E-002  3.172126800000E-002 
-1.309931000000E-003  5.365810000000E-003  2.355893000000E-003 
 3.453996000000E-003  1.721439000000E-003  3.387061000000E-003 
-4.589308000000E-003  4.932430000000E-003 -4.424098000000E-003 
 7.074178000000E-003  4.453300000000E-003  5.750720000000E-004 
-9.376490600000E-002 -3.057104130000E-001 -3.577706000000E-003 
 1.122810000000E-003  4.733748600000E-002  1.267274000000E-003 
-3.764994000000E-003 -1.332040000000E-004  7.261940000000E-004 
 6.691214000000E-003  5.911000000000E-005  1.345377000000E-003 
12 3 ! 1 2 0 1 1 0
 1.545491650000E-001 -1.550473800000E-001  4.475563800000E-002 
 1.054011590000E-001 -1.417755100000E-002 -2.723589800000E-002 
-8.195069700000E-002 -4.485561900000E-002  1.956029000000E-002 
-2.452587110000E-001  1.930680000000E-002 -3.172126800000E-002 
 1.309931000000E-003 -5.365810000000E-003 -2.355893000000E-003 
-3.453996000000E-003 -1.721439000000E-003 -3.387061000000E-003 
 4.589308000000E-003 -4.932430000000E-003  4.424098000000E-003 
-7.074178000000E-003 -4.453300000000E-003 -5.750720000000E-004 
 9.376490600000E-002  3.057104130000E-001  3.577706000000E-003 
-1.122810000000E-003 -4.733748600000E-002 -1.267274000000E-003 
 3.764994000000E-003  1.332040000000E-004 -7.261940000000E-004 
-6.691214000000E-003 -5.911000000000E-005 -1.345377000000E-003 
12 3 ! 1 2 0 1 2 0
 0.000000000000E+000  0.000000000000E+000  0.000000000000E+000 
 0.000000000000E+000  0.000000000000E+000  0.000000000000E+000 
 0.000000000000E+000  0.000000000000E+000  0.000000000000E+000 
 0.000000000000E+000  0.000000000000E+000  0.000000000000E+000 
 0.000000000000E+000  0.000000000000E+000  0.000000000000E+000 
 0.000000000000E+000  0.000000000000E+000  0.000000000000E+000 
 0.000000000000E+000  0.000000000000E+000  0.000000000000E+000 
 0.000000000000E+000  0.000000000000E+000  0.000000000000E+000 
 0.000000000000E+000  0.000000000000E+000  0.000000000000E+000 
 0.000000000000E+000  0.000000000000E+000  0.000000000000E+000 
 0.000000000000E+000  0.000000000000E+000  0.000000000000E+000 
 0.000000000000E+000  0.000000000000E+000  0.000000000000E+000 
! 6 Overlap matrix (2x2, complex)
2 2
 1.317261691000E-001  0.000000000000E+000  3.287921300000E-003  0.000000000000E+000 
-3.485160100000E-003  0.000000000000E+000  1.307738030000E-001  0.000000000000E+000 

! 7 Phases
2 ! for all nmstates
 1.000000000E+000  0.000000000E+000
 1.000000000E+000  0.000000000E+000
! 8 Runtime
 1.473836600000E+002
