! 1 Hamiltonian Matrix (2x2, complex)
2 2
-2.306878197786E+002  0.000000000000E+000  0.000000000000E+000  0.000000000000E+000 
 0.000000000000E+000  0.000000000000E+000 -2.305613191378E+002  0.000000000000E+000 

! 2 Dipole Moment Matrices (3x2x2, complex)
2 2
-1.554975400000E-001  0.000000000000E+000 -1.752940781400E-002  0.000000000000E+000 
-1.752940781400E-002  0.000000000000E+000  1.265826200000E-001  0.000000000000E+000 
2 2
 2.066383000000E-002  0.000000000000E+000 -1.455002741780E-001  0.000000000000E+000 
-1.455002741780E-001  0.000000000000E+000  8.625360000000E-003  0.000000000000E+000 
2 2
-2.159900000000E-002  0.000000000000E+000 -1.771088025000E-003  0.000000000000E+000 
-1.771088025000E-003  0.000000000000E+000  2.616653000000E-002  0.000000000000E+000 
! 3 Gradient Vectors (2x12x3, real)
12 3 ! 1 1 0
-5.477415900000E-002  5.366556000000E-002  1.497798500000E-002 
 4.489915000000E-002 -9.174706300000E-002 -1.663076000000E-003 
 9.507230900000E-002  1.111759400000E-002 -7.014335000000E-003 
-6.561616300000E-002 -4.861091000000E-003  8.527979000000E-003 
 2.881152000000E-002  2.859538700000E-002 -4.951820000000E-004 
-3.250530400000E-002  5.502654700000E-002  1.475680000000E-004 
-3.136425700000E-002 -1.783218600000E-002 -7.737500000000E-005 
-3.390918000000E-003  2.255926000000E-003 -1.092495000000E-003 
 1.228393900000E-002 -4.366657600000E-002 -2.250969400000E-002 
-2.237030600000E-002  7.039583800000E-002  1.310881900000E-002 
 1.472772300000E-002 -8.234665100000E-002  7.729050000000E-004 
 1.422646600000E-002  1.939671500000E-002 -4.683100000000E-003 
12 3 ! 1 2 0
 3.040756300000E-002 -1.987266100000E-002  2.290650600000E-002 
-6.544626400000E-002 -1.515345200000E-001 -3.446312000000E-003 
 4.035966700000E-002  1.266182680000E-001 -6.202447000000E-003 
 5.046948100000E-002  2.166190000000E-003  6.113241000000E-003 
 2.994225600000E-002  2.918785500000E-002 -3.525323000000E-003 
-3.303447900000E-002  5.343895600000E-002  2.266640000000E-004 
-3.121252600000E-002 -1.664561700000E-002  9.176180000000E-004 
-3.560549000000E-003  1.800246000000E-003 -2.085940000000E-004 
-1.466227700000E-001  7.019212000000E-003 -9.497607000000E-003 
 9.897662600000E-002  3.060411600000E-002 -1.024470800000E-002 
 1.553078100000E-002 -7.982824400000E-002  2.654649000000E-003 
 1.419021500000E-002  1.704620100000E-002  3.063130000000E-004 
! 5 Non-adiabatic couplings (ddr) (2x2x12x3, real)
12 3 ! 1 1 0 1 1 0
 0.000000000000E+000  0.000000000000E+000  0.000000000000E+000 
 0.000000000000E+000  0.000000000000E+000  0.000000000000E+000 
 0.000000000000E+000  0.000000000000E+000  0.000000000000E+000 
 0.000000000000E+000  0.000000000000E+000  0.000000000000E+000 
 0.000000000000E+000  0.000000000000E+000  0.000000000000E+000 
 0.000000000000E+000  0.000000000000E+000  0.000000000000E+000 
 0.000000000000E+000  0.000000000000E+000  0.000000000000E+000 
 0.000000000000E+000  0.000000000000E+000  0.000000000000E+000 
 0.000000000000E+000  0.000000000000E+000  0.000000000000E+000 
 0.000000000000E+000  0.000000000000E+000  0.000000000000E+000 
 0.000000000000E+000  0.000000000000E+000  0.000000000000E+000 
 0.000000000000E+000  0.000000000000E+000  0.000000000000E+000 
12 3 ! 1 1 0 1 2 0
-3.068523390000E-001  2.660368940000E-001 -1.168564400000E-002 
 2.177455100000E-002  1.015639200000E-001 -1.359350700000E-002 
 5.690831500000E-002 -5.605720000000E-004 -2.565718400000E-002 
 3.528504420000E-001  6.638673600000E-002  3.878575100000E-002 
-4.666227000000E-003  4.958229000000E-003 -5.243349000000E-003 
 5.888573000000E-003 -1.335368000000E-003  5.345136000000E-003 
-6.456039000000E-003  1.738634000000E-003  5.828540000000E-003 
 2.443190000000E-003  2.634954000000E-003  2.230633000000E-003 
-1.314275760000E-001 -5.063401010000E-001  1.448349000000E-002 
 5.967249000000E-003  5.139147000000E-002 -6.952592000000E-003 
-4.299568000000E-003  1.643917000000E-003 -5.993380000000E-003 
 5.435995000000E-003 -4.945700000000E-005  2.621772000000E-003 
12 3 ! 1 2 0 1 1 0
 3.068523390000E-001 -2.660368940000E-001  1.168564400000E-002 
-2.177455100000E-002 -1.015639200000E-001  1.359350700000E-002 
-5.690831500000E-002  5.605720000000E-004  2.565718400000E-002 
-3.528504420000E-001 -6.638673600000E-002 -3.878575100000E-002 
 4.666227000000E-003 -4.958229000000E-003  5.243349000000E-003 
-5.888573000000E-003  1.335368000000E-003 -5.345136000000E-003 
 6.456039000000E-003 -1.738634000000E-003 -5.828540000000E-003 
-2.443190000000E-003 -2.634954000000E-003 -2.230633000000E-003 
 1.314275760000E-001  5.063401010000E-001 -1.448349000000E-002 
-5.967249000000E-003 -5.139147000000E-002  6.952592000000E-003 
 4.299568000000E-003 -1.643917000000E-003  5.993380000000E-003 
-5.435995000000E-003  4.945700000000E-005 -2.621772000000E-003 
12 3 ! 1 2 0 1 2 0
 0.000000000000E+000  0.000000000000E+000  0.000000000000E+000 
 0.000000000000E+000  0.000000000000E+000  0.000000000000E+000 
 0.000000000000E+000  0.000000000000E+000  0.000000000000E+000 
 0.000000000000E+000  0.000000000000E+000  0.000000000000E+000 
 0.000000000000E+000  0.000000000000E+000  0.000000000000E+000 
 0.000000000000E+000  0.000000000000E+000  0.000000000000E+000 
 0.000000000000E+000  0.000000000000E+000  0.000000000000E+000 
 0.000000000000E+000  0.000000000000E+000  0.000000000000E+000 
 0.000000000000E+000  0.000000000000E+000  0.000000000000E+000 
 0.000000000000E+000  0.000000000000E+000  0.000000000000E+000 
 0.000000000000E+000  0.000000000000E+000  0.000000000000E+000 
 0.000000000000E+000  0.000000000000E+000  0.000000000000E+000 
! 6 Overlap matrix (2x2, complex)
2 2
 4.059746865000E-001  0.000000000000E+000  8.398995100000E-003  0.000000000000E+000 
-1.048989320000E-002  0.000000000000E+000  4.044014104000E-001  0.000000000000E+000 

! 7 Phases
2 ! for all nmstates
 1.000000000E+000  0.000000000E+000
 1.000000000E+000  0.000000000E+000
! 8 Runtime
 1.388485700000E+002
