! 1 Hamiltonian Matrix (2x2, complex)
2 2
-2.306828268942E+002  0.000000000000E+000  0.000000000000E+000  0.000000000000E+000 
 0.000000000000E+000  0.000000000000E+000 -2.305566363130E+002  0.000000000000E+000 

! 2 Dipole Moment Matrices (3x2x2, complex)
2 2
-1.434748600000E-001  0.000000000000E+000 -1.316302875870E-001  0.000000000000E+000 
-1.316302875870E-001  0.000000000000E+000  9.958578000000E-002  0.000000000000E+000 
2 2
 2.462403000000E-002  0.000000000000E+000 -1.788822963770E-001  0.000000000000E+000 
-1.788822963770E-001  0.000000000000E+000 -1.254132400000E-001  0.000000000000E+000 
2 2
-7.284910000000E-003  0.000000000000E+000 -2.605738280700E-002  0.000000000000E+000 
-2.605738280700E-002  0.000000000000E+000 -1.007347000000E-002  0.000000000000E+000 
! 3 Gradient Vectors (2x12x3, real)
12 3 ! 1 1 0
-4.846152100000E-002  3.514121600000E-002  2.987524000000E-003 
 8.327093400000E-002 -1.428889000000E-003 -9.496150000000E-004 
-5.097229900000E-002 -8.255460000000E-004 -2.803055700000E-002 
 2.311543000000E-003  1.454265300000E-002  7.678065000000E-003 
-6.216854000000E-003 -3.331919800000E-002 -1.834600600000E-002 
 5.531521000000E-003 -2.200234400000E-002  8.584593000000E-003 
 1.583918300000E-002 -1.149386600000E-002  1.279204500000E-002 
-2.004101000000E-003  1.019184900000E-002 -1.060955300000E-002 
 1.676473300000E-002  2.194678700000E-002  4.018070900000E-002 
-6.834548900000E-002  6.201806800000E-002 -1.626595400000E-002 
 3.315762500000E-002 -8.063657400000E-002 -1.372112000000E-003 
 1.912472300000E-002  5.865844000000E-003  3.350860000000E-003 
12 3 ! 1 2 0
 4.348861100000E-002 -3.223735500000E-002  3.392552000000E-003 
-2.409079000000E-002 -7.276514600000E-002  5.502485000000E-003 
-1.057304800000E-001  1.202429300000E-001 -1.834803000000E-002 
 1.066421760000E-001  1.736600500000E-002  5.068462000000E-003 
-6.197833000000E-003 -3.362598400000E-002 -1.433256100000E-002 
 5.268006000000E-003 -2.276205300000E-002  4.669588000000E-003 
 1.659579100000E-002 -9.314905000000E-003  7.419593000000E-003 
-1.727094000000E-003  1.021342700000E-002 -8.317018000000E-003 
-1.412467030000E-001  7.100518500000E-002  6.574634000000E-003 
 5.308212000000E-002  2.704357300000E-002  1.667492600000E-002 
 3.498992500000E-002 -7.879353100000E-002 -5.835202000000E-003 
 1.892627200000E-002  3.627854000000E-003 -2.469429000000E-003 
! 5 Non-adiabatic couplings (ddr) (2x2x12x3, real)
12 3 ! 1 1 0 1 1 0
 0.000000000000E+000  0.000000000000E+000  0.000000000000E+000 
 0.000000000000E+000  0.000000000000E+000  0.000000000000E+000 
 0.000000000000E+000  0.000000000000E+000  0.000000000000E+000 
 0.000000000000E+000  0.000000000000E+000  0.000000000000E+000 
 0.000000000000E+000  0.000000000000E+000  0.000000000000E+000 
 0.000000000000E+000  0.000000000000E+000  0.000000000000E+000 
 0.000000000000E+000  0.000000000000E+000  0.000000000000E+000 
 0.000000000000E+000  0.000000000000E+000  0.000000000000E+000 
 0.000000000000E+000  0.000000000000E+000  0.000000000000E+000 
 0.000000000000E+000  0.000000000000E+000  0.000000000000E+000 
 0.000000000000E+000  0.000000000000E+000  0.000000000000E+000 
 0.000000000000E+000  0.000000000000E+000  0.000000000000E+000 
12 3 ! 1 1 0 1 2 0
-2.466586350000E-001  2.450234950000E-001  3.673205100000E-002 
-4.486560500000E-002  2.107676700000E-002  2.137018700000E-002 
 6.314513700000E-002  7.665547500000E-002 -4.114838000000E-002 
 3.310101870000E-001  4.746062500000E-002 -3.596009500000E-002 
-1.438901000000E-003  1.111842000000E-003  2.416011000000E-003 
 5.783849000000E-003  9.727800000000E-005  5.512320000000E-004 
-4.466958000000E-003  5.426455000000E-003  1.218054100000E-002 
 6.361932000000E-003  3.418879000000E-003  4.198672000000E-003 
-1.231750020000E-001 -4.740985800000E-001 -1.937898000000E-003 
 2.238121000000E-003  5.267965700000E-002 -3.995165000000E-003 
-7.967503000000E-003  2.126934000000E-003  1.149033900000E-002 
 5.972388000000E-003 -7.853630000000E-004 -9.555939000000E-003 
12 3 ! 1 2 0 1 1 0
 2.466586350000E-001 -2.450234950000E-001 -3.673205100000E-002 
 4.486560500000E-002 -2.107676700000E-002 -2.137018700000E-002 
-6.314513700000E-002 -7.665547500000E-002  4.114838000000E-002 
-3.310101870000E-001 -4.746062500000E-002  3.596009500000E-002 
 1.438901000000E-003 -1.111842000000E-003 -2.416011000000E-003 
-5.783849000000E-003 -9.727800000000E-005 -5.512320000000E-004 
 4.466958000000E-003 -5.426455000000E-003 -1.218054100000E-002 
-6.361932000000E-003 -3.418879000000E-003 -4.198672000000E-003 
 1.231750020000E-001  4.740985800000E-001  1.937898000000E-003 
-2.238121000000E-003 -5.267965700000E-002  3.995165000000E-003 
 7.967503000000E-003 -2.126934000000E-003 -1.149033900000E-002 
-5.972388000000E-003  7.853630000000E-004  9.555939000000E-003 
12 3 ! 1 2 0 1 2 0
 0.000000000000E+000  0.000000000000E+000  0.000000000000E+000 
 0.000000000000E+000  0.000000000000E+000  0.000000000000E+000 
 0.000000000000E+000  0.000000000000E+000  0.000000000000E+000 
 0.000000000000E+000  0.000000000000E+000  0.000000000000E+000 
 0.000000000000E+000  0.000000000000E+000  0.000000000000E+000 
 0.000000000000E+000  0.000000000000E+000  0.000000000000E+000 
 0.000000000000E+000  0.000000000000E+000  0.000000000000E+000 
 0.000000000000E+000  0.000000000000E+000  0.000000000000E+000 
 0.000000000000E+000  0.000000000000E+000  0.000000000000E+000 
 0.000000000000E+000  0.000000000000E+000  0.000000000000E+000 
 0.000000000000E+000  0.000000000000E+000  0.000000000000E+000 
 0.000000000000E+000  0.000000000000E+000  0.000000000000E+000 
! 6 Overlap matrix (2x2, complex)
2 2
 2.891580013000E-001  0.000000000000E+000 -6.569862300000E-003  0.000000000000E+000 
 6.937528700000E-003  0.000000000000E+000  2.834795116000E-001  0.000000000000E+000 

! 7 Phases
2 ! for all nmstates
 1.000000000E+000  0.000000000E+000
 1.000000000E+000  0.000000000E+000
! 8 Runtime
 1.604809130000E+002
