! 1 Hamiltonian Matrix (2x2, complex)
2 2
-2.306901118557E+002  0.000000000000E+000  0.000000000000E+000  0.000000000000E+000 
 0.000000000000E+000  0.000000000000E+000 -2.305132357664E+002  0.000000000000E+000 

! 2 Dipole Moment Matrices (3x2x2, complex)
2 2
-9.506771000000E-002  0.000000000000E+000 -7.569323063700E-002  0.000000000000E+000 
-7.569323063700E-002  0.000000000000E+000  2.128612800000E-001  0.000000000000E+000 
2 2
 4.351575000000E-002  0.000000000000E+000 -2.168828433900E-001  0.000000000000E+000 
-2.168828433900E-001  0.000000000000E+000 -7.437811000000E-002  0.000000000000E+000 
2 2
 1.344067500000E-001  0.000000000000E+000  3.907303617300E-002  0.000000000000E+000 
 3.907303617300E-002  0.000000000000E+000  1.200170900000E-001  0.000000000000E+000 
! 3 Gradient Vectors (2x12x3, real)
12 3 ! 1 1 0
-7.169367200000E-002 -2.403802600000E-002  8.166199000000E-003 
-5.356744700000E-002  5.675039000000E-003 -2.262714700000E-002 
 7.653166000000E-002  4.131017300000E-002  3.598706000000E-003 
-1.675868900000E-002  7.853764000000E-003 -1.341361900000E-002 
 2.312549200000E-002  2.966399500000E-002 -5.326260000000E-004 
 2.943251000000E-002 -9.331253000000E-003  8.896828000000E-003 
-1.096491000000E-003 -6.479429000000E-003  5.631478000000E-003 
-2.499193000000E-003 -1.328910800000E-002  2.350519000000E-003 
-9.220915500000E-002  1.968188200000E-002  8.724354000000E-003 
 9.231007500000E-002 -2.537627700000E-002  3.607360000000E-004 
 2.099756200000E-002 -1.284000300000E-002  1.579184000000E-003 
-4.572652000000E-003 -1.283075700000E-002 -2.734611000000E-003 
12 3 ! 1 2 0
 1.321339200000E-002 -8.556776400000E-002  4.963416000000E-003 
-1.703836960000E-001 -5.413616000000E-002 -1.377877500000E-002 
 2.055673700000E-002  1.523608930000E-001  7.077083000000E-003 
 1.049016410000E-001  1.677813500000E-002 -1.601546800000E-002 
 2.316609700000E-002  3.017649900000E-002 -1.601137000000E-003 
 2.967328600000E-002 -1.134002000000E-002  6.132653000000E-003 
-3.149830000000E-004 -5.505589000000E-003  4.436065000000E-003 
-2.504369000000E-003 -1.354383800000E-002  4.066199000000E-003 
-2.624833320000E-001  6.673269500000E-002  2.451230000000E-003 
 2.271115010000E-001 -6.987668200000E-002  2.346402000000E-003 
 2.229674600000E-002 -1.097864200000E-002  1.168330000000E-004 
-5.233021000000E-003 -1.509952700000E-002 -1.945010000000E-004 
! 5 Non-adiabatic couplings (ddr) (2x2x12x3, real)
12 3 ! 1 1 0 1 1 0
 0.000000000000E+000  0.000000000000E+000  0.000000000000E+000 
 0.000000000000E+000  0.000000000000E+000  0.000000000000E+000 
 0.000000000000E+000  0.000000000000E+000  0.000000000000E+000 
 0.000000000000E+000  0.000000000000E+000  0.000000000000E+000 
 0.000000000000E+000  0.000000000000E+000  0.000000000000E+000 
 0.000000000000E+000  0.000000000000E+000  0.000000000000E+000 
 0.000000000000E+000  0.000000000000E+000  0.000000000000E+000 
 0.000000000000E+000  0.000000000000E+000  0.000000000000E+000 
 0.000000000000E+000  0.000000000000E+000  0.000000000000E+000 
 0.000000000000E+000  0.000000000000E+000  0.000000000000E+000 
 0.000000000000E+000  0.000000000000E+000  0.000000000000E+000 
 0.000000000000E+000  0.000000000000E+000  0.000000000000E+000 
12 3 ! 1 1 0 1 2 0
-2.113335200000E-001  1.951418580000E-001  8.278915000000E-003 
-3.063110500000E-002  7.399117800000E-002  3.399763200000E-002 
 7.414018800000E-002 -2.232782700000E-002 -3.191085600000E-002 
 2.252103090000E-001  1.052176100000E-002  6.779342000000E-003 
-2.404538000000E-003  4.178500000000E-003 -6.156572000000E-003 
 4.777745000000E-003  2.471610000000E-004 -6.388383000000E-003 
-4.666474000000E-003  1.616341000000E-003  1.145229000000E-003 
 2.865575000000E-003  3.855708000000E-003  3.055890000000E-004 
-4.686172400000E-002 -3.532812650000E-001  9.288080000000E-004 
-2.015115500000E-002  5.209845300000E-002 -2.161968000000E-003 
-5.087336000000E-003  3.154938000000E-003  3.930851000000E-003 
 4.899188000000E-003  7.280950000000E-004 -2.434840000000E-003 
12 3 ! 1 2 0 1 1 0
 2.113335200000E-001 -1.951418580000E-001 -8.278915000000E-003 
 3.063110500000E-002 -7.399117800000E-002 -3.399763200000E-002 
-7.414018800000E-002  2.232782700000E-002  3.191085600000E-002 
-2.252103090000E-001 -1.052176100000E-002 -6.779342000000E-003 
 2.404538000000E-003 -4.178500000000E-003  6.156572000000E-003 
-4.777745000000E-003 -2.471610000000E-004  6.388383000000E-003 
 4.666474000000E-003 -1.616341000000E-003 -1.145229000000E-003 
-2.865575000000E-003 -3.855708000000E-003 -3.055890000000E-004 
 4.686172400000E-002  3.532812650000E-001 -9.288080000000E-004 
 2.015115500000E-002 -5.209845300000E-002  2.161968000000E-003 
 5.087336000000E-003 -3.154938000000E-003 -3.930851000000E-003 
-4.899188000000E-003 -7.280950000000E-004  2.434840000000E-003 
12 3 ! 1 2 0 1 2 0
 0.000000000000E+000  0.000000000000E+000  0.000000000000E+000 
 0.000000000000E+000  0.000000000000E+000  0.000000000000E+000 
 0.000000000000E+000  0.000000000000E+000  0.000000000000E+000 
 0.000000000000E+000  0.000000000000E+000  0.000000000000E+000 
 0.000000000000E+000  0.000000000000E+000  0.000000000000E+000 
 0.000000000000E+000  0.000000000000E+000  0.000000000000E+000 
 0.000000000000E+000  0.000000000000E+000  0.000000000000E+000 
 0.000000000000E+000  0.000000000000E+000  0.000000000000E+000 
 0.000000000000E+000  0.000000000000E+000  0.000000000000E+000 
 0.000000000000E+000  0.000000000000E+000  0.000000000000E+000 
 0.000000000000E+000  0.000000000000E+000  0.000000000000E+000 
 0.000000000000E+000  0.000000000000E+000  0.000000000000E+000 
! 6 Overlap matrix (2x2, complex)
2 2
 2.651183762000E-001  0.000000000000E+000  1.381933650000E-002  0.000000000000E+000 
-1.376401650000E-002  0.000000000000E+000  2.639004853000E-001  0.000000000000E+000 

! 7 Phases
2 ! for all nmstates
 1.000000000E+000  0.000000000E+000
 1.000000000E+000  0.000000000E+000
! 8 Runtime
 1.463845830000E+002
