! 1 Hamiltonian Matrix (2x2, complex)
2 2
-2.306392901859E+002  0.000000000000E+000  0.000000000000E+000  0.000000000000E+000 
 0.000000000000E+000  0.000000000000E+000 -2.304617318010E+002  0.000000000000E+000 

! 2 Dipole Moment Matrices (3x2x2, complex)
2 2
-1.715403500000E-001  0.000000000000E+000 -1.273296965160E-001  0.000000000000E+000 
-1.273296965160E-001  0.000000000000E+000  2.654896000000E-001  0.000000000000E+000 
2 2
-4.148316000000E-002  0.000000000000E+000 -3.129919718580E-001  0.000000000000E+000 
-3.129919718580E-001  0.000000000000E+000 -4.274985000000E-002  0.000000000000E+000 
2 2
-1.158417200000E-001  0.000000000000E+000 -5.842718100700E-002  0.000000000000E+000 
-5.842718100700E-002  0.000000000000E+000 -1.495934800000E-001  0.000000000000E+000 
! 3 Gradient Vectors (2x12x3, real)
12 3 ! 1 1 0
 1.557555330000E-001  7.091186500000E-002  6.025884000000E-003 
-1.328357910000E-001  9.451304300000E-002  1.299831600000E-002 
-3.537719200000E-002 -4.263089800000E-002 -2.062232600000E-002 
 1.240954240000E-001 -4.967691300000E-002  3.939242200000E-002 
-4.265778700000E-002 -3.687134900000E-002 -1.281232100000E-002 
 4.126721300000E-002 -4.218816100000E-002 -9.299357000000E-003 
-2.467078300000E-002 -2.042582000000E-003  1.353274900000E-002 
-4.089377600000E-002  5.344733000000E-002 -4.014870800000E-002 
-1.101933890000E-001 -3.460064300000E-002  1.111015700000E-002 
 1.202719870000E-001 -6.382357400000E-002 -2.086030000000E-003 
-3.961118600000E-002  4.983864500000E-002  3.552825000000E-003 
-1.515025200000E-002  3.123237000000E-003 -1.643612000000E-003 
12 3 ! 1 2 0
 2.538580220000E-001 -5.403857000000E-003  6.274728000000E-003 
-2.613030940000E-001  2.962783700000E-002  2.350076600000E-002 
-8.160565700000E-002  9.364932700000E-002 -1.459998500000E-002 
 2.343920590000E-001 -6.868966400000E-002  3.162842800000E-002 
-4.291168700000E-002 -3.785330900000E-002 -9.876291000000E-003 
 4.085030100000E-002 -4.357993300000E-002 -1.185967000000E-002 
-2.427240600000E-002  2.745780000000E-004  7.631415000000E-003 
-4.009719600000E-002  5.697405300000E-002 -3.254743000000E-002 
-2.741509700000E-001  2.765427900000E-002 -5.308732000000E-003 
 2.511564270000E-001 -1.059288360000E-001  3.888573000000E-003 
-3.944937700000E-002  5.228437700000E-002  1.778173000000E-003 
-1.646642400000E-002  9.911470000000E-004 -5.099750000000E-004 
! 5 Non-adiabatic couplings (ddr) (2x2x12x3, real)
12 3 ! 1 1 0 1 1 0
 0.000000000000E+000  0.000000000000E+000  0.000000000000E+000 
 0.000000000000E+000  0.000000000000E+000  0.000000000000E+000 
 0.000000000000E+000  0.000000000000E+000  0.000000000000E+000 
 0.000000000000E+000  0.000000000000E+000  0.000000000000E+000 
 0.000000000000E+000  0.000000000000E+000  0.000000000000E+000 
 0.000000000000E+000  0.000000000000E+000  0.000000000000E+000 
 0.000000000000E+000  0.000000000000E+000  0.000000000000E+000 
 0.000000000000E+000  0.000000000000E+000  0.000000000000E+000 
 0.000000000000E+000  0.000000000000E+000  0.000000000000E+000 
 0.000000000000E+000  0.000000000000E+000  0.000000000000E+000 
 0.000000000000E+000  0.000000000000E+000  0.000000000000E+000 
 0.000000000000E+000  0.000000000000E+000  0.000000000000E+000 
12 3 ! 1 1 0 1 2 0
-2.510421020000E-001  1.650232830000E-001  1.578624300000E-002 
 1.899764000000E-003  1.177290140000E-001 -2.349046000000E-003 
 1.140430570000E-001 -1.072058970000E-001 -1.415363300000E-002 
 1.589858400000E-001  6.639947000000E-003 -3.963708400000E-002 
-1.909232000000E-003  5.476969000000E-003 -4.293430000000E-004 
 3.783781000000E-003  1.707341000000E-003  3.161150000000E-003 
-4.292317000000E-003  1.074477000000E-003  7.148468000000E-003 
 3.129378000000E-003  5.449388000000E-003  1.041829000000E-003 
-2.399745500000E-002 -3.003945400000E-001  3.066663400000E-002 
-2.904095200000E-002  5.074950200000E-002 -1.032500400000E-002 
-3.631159000000E-003  1.714782000000E-003  9.809248000000E-003 
 6.119541000000E-003  1.474372000000E-003 -1.184555700000E-002 
12 3 ! 1 2 0 1 1 0
 2.510421020000E-001 -1.650232830000E-001 -1.578624300000E-002 
-1.899764000000E-003 -1.177290140000E-001  2.349046000000E-003 
-1.140430570000E-001  1.072058970000E-001  1.415363300000E-002 
-1.589858400000E-001 -6.639947000000E-003  3.963708400000E-002 
 1.909232000000E-003 -5.476969000000E-003  4.293430000000E-004 
-3.783781000000E-003 -1.707341000000E-003 -3.161150000000E-003 
 4.292317000000E-003 -1.074477000000E-003 -7.148468000000E-003 
-3.129378000000E-003 -5.449388000000E-003 -1.041829000000E-003 
 2.399745500000E-002  3.003945400000E-001 -3.066663400000E-002 
 2.904095200000E-002 -5.074950200000E-002  1.032500400000E-002 
 3.631159000000E-003 -1.714782000000E-003 -9.809248000000E-003 
-6.119541000000E-003 -1.474372000000E-003  1.184555700000E-002 
12 3 ! 1 2 0 1 2 0
 0.000000000000E+000  0.000000000000E+000  0.000000000000E+000 
 0.000000000000E+000  0.000000000000E+000  0.000000000000E+000 
 0.000000000000E+000  0.000000000000E+000  0.000000000000E+000 
 0.000000000000E+000  0.000000000000E+000  0.000000000000E+000 
 0.000000000000E+000  0.000000000000E+000  0.000000000000E+000 
 0.000000000000E+000  0.000000000000E+000  0.000000000000E+000 
 0.000000000000E+000  0.000000000000E+000  0.000000000000E+000 
 0.000000000000E+000  0.000000000000E+000  0.000000000000E+000 
 0.000000000000E+000  0.000000000000E+000  0.000000000000E+000 
 0.000000000000E+000  0.000000000000E+000  0.000000000000E+000 
 0.000000000000E+000  0.000000000000E+000  0.000000000000E+000 
 0.000000000000E+000  0.000000000000E+000  0.000000000000E+000 
! 6 Overlap matrix (2x2, complex)
2 2
 2.522386881000E-001  0.000000000000E+000  1.868666140000E-002  0.000000000000E+000 
-1.526065100000E-002  0.000000000000E+000  2.441201767000E-001  0.000000000000E+000 

! 7 Phases
2 ! for all nmstates
 1.000000000E+000  0.000000000E+000
 1.000000000E+000  0.000000000E+000
! 8 Runtime
 9.851437730000E+002
