2021-08-26 01:43:21.977869 fermium /global/julia/Fulvene/Interpolation_Geometry1/Calc_6

  ================================================================================
||                                                                                ||
||                         SHARC - MOLPRO2012 - Interface                         ||
||                                                                                ||
||                             Author: Sebastian Mai                              ||
||                                                                                ||
||                                  Version: 2.1                                  ||
||                                 Date: 01.09.19                                 ||
||                                                                                ||
  ================================================================================


==> QMin Job description for:
tmp.pdb

Tasks:	H	DM	Grad	Nac(ddr)	Overlaps	Phases
States: 	2 Singlet

Method:
Electrons per Multiplicity:	42
Job ID per Multiplicity:	1
Level of Theory per Job ID:
1:	SA(2+0+0)-CASSCF(6,6)/6-31G*

Found Geo! NAtom is 12.

Geometry in Bohrs:
C -0.2250 -2.6150 -0.0130 
C  2.3350 -2.5160  0.0130 
C  3.1550  0.1410 -0.0200 
C  1.0950  1.6460 -0.0220 
H -1.4360 -4.2670 -0.0130 
H  3.5210 -4.1090  0.0040 
H  5.1300  0.7470  0.0600 
H  1.0380  3.6690 -0.0530 
C -1.1550  0.0150 -0.0120 
C -3.6140  0.7540 -0.0000 
H -4.1500  2.6900  0.0540 
H -5.1570 -0.5520  0.0050 

Gradients:   X X 

Non-adiabatic couplings:
. X 
X . 

wfthres: 1.0
docicas: True
newstep: []
nstates: 2
unit: ['bohr']
phases: []
njobs: 1
initorbs: {1: '/global/julia/Fulvene/Interpolation_Geometry1/Calc_6/SAVEDIR/wf.1.old'}
delay: 0.0
scratchdir: /public/fermium/scratch/tmp/julia.91780
wfoverlap: /user/julia/software/SchNarc/sharc/bin/wfoverlap.x
template: {'gradaccudefault': 1e-05, 'gradaccumax': 0.01, 'basis': '6-31G*', 'occ': [24], 'nelec': {1: [42, 41, 42]}, 'closed': [18], 'rootpad': {1: [0, 0, 0]}, 'dkho': 0, 'roots': {1: [2, 0, 0]}}
memory: 2000
multmap: {1: 1, -1: [1]}
ndocc: 0
jobs: [1]
ncore: 0
maxmult: 1
ncpu: 1
pwd: /global/julia/Fulvene/Interpolation_Geometry1/Calc_6
statemap: {1: [1, 1, 0.0], 2: [1, 2, 0.0]}
molpro: /usr/license/molpro/molpros_2012_1_5_Linux_x86_64_i8/bin/
nmstates: 2
savedir: /global/julia/Fulvene/Interpolation_Geometry1/Calc_6/SAVEDIR
nacmap: [(1, 1, 1, 2)]
natom: 12
gradmap: [(1, 1), (1, 2)]
joblist: [1]


>>>>>>>>>>>>> Starting the MOLPRO job execution
START:	/public/fermium/scratch/tmp/julia.91780/integrals	2021-08-26 01:43:22.247523	"/usr/license/molpro/molpros_2012_1_5_Linux_x86_64_i8/bin/molpro -W./ -I./ -d./ MOLPRO.input"
FINISH:	/public/fermium/scratch/tmp/julia.91780/integrals	2021-08-26 01:43:25.460976	Runtime: 0:00:03.213453	Error Code: 0
Error Codes:
	integrals 	0

START:	/public/fermium/scratch/tmp/julia.91780/master_1	2021-08-26 01:43:29.206805	"/usr/license/molpro/molpros_2012_1_5_Linux_x86_64_i8/bin/molpro -W./ -I./ -d./ MOLPRO.input"
FINISH:	/public/fermium/scratch/tmp/julia.91780/master_1	2021-08-26 01:43:51.077427	Runtime: 0:00:21.870622	Error Code: 0
Error Codes:
	master_1  	0

START:	/public/fermium/scratch/tmp/julia.91780/grad_1_1	2021-08-26 01:44:40.597728	"/usr/license/molpro/molpros_2012_1_5_Linux_x86_64_i8/bin/molpro -W./ -I./ -d./ MOLPRO.input"
FINISH:	/public/fermium/scratch/tmp/julia.91780/grad_1_1	2021-08-26 01:44:56.498320	Runtime: 0:00:15.900592	Error Code: 0
START:	/public/fermium/scratch/tmp/julia.91780/nac_1_1_1_2	2021-08-26 01:44:59.166051	"/usr/license/molpro/molpros_2012_1_5_Linux_x86_64_i8/bin/molpro -W./ -I./ -d./ MOLPRO.input"
FINISH:	/public/fermium/scratch/tmp/julia.91780/nac_1_1_1_2	2021-08-26 01:45:14.596536	Runtime: 0:00:15.430485	Error Code: 0
START:	/public/fermium/scratch/tmp/julia.91780/grad_1_2	2021-08-26 01:45:20.789144	"/usr/license/molpro/molpros_2012_1_5_Linux_x86_64_i8/bin/molpro -W./ -I./ -d./ MOLPRO.input"
FINISH:	/public/fermium/scratch/tmp/julia.91780/grad_1_2	2021-08-26 01:45:40.355106	Runtime: 0:00:19.565962	Error Code: 0
Error Codes:
	grad_1_1  	0	nac_1_1_1_2	0	grad_1_2  	0

>>>>>>>>>>>>> Starting the WFOVERLAP job execution
START:	/public/fermium/scratch/tmp/julia.91780/CI_CAS_1_1	2021-08-26 01:45:42.384499	"/user/julia/software/SchNarc/sharc/bin/wfoverlap.x -m 2000 -f wfovl.inp"
FINISH:	/public/fermium/scratch/tmp/julia.91780/CI_CAS_1_1	2021-08-26 01:45:56.354834	Runtime: 0:00:13.970335	Error Code: 0
START:	/public/fermium/scratch/tmp/julia.91780/AOoverlap	2021-08-26 01:45:56.369661	"/usr/license/molpro/molpros_2012_1_5_Linux_x86_64_i8/bin/molpro -W./ -I./ -d./ MOLPRO.input"
FINISH:	/public/fermium/scratch/tmp/julia.91780/AOoverlap	2021-08-26 01:45:57.390378	Runtime: 0:00:01.020717	Error Code: 0
START:	/public/fermium/scratch/tmp/julia.91780/WFOVL_1_1	2021-08-26 01:46:13.559232	"/user/julia/software/SchNarc/sharc/bin/wfoverlap.x -m 2000 -f wfovl.inp"
FINISH:	/public/fermium/scratch/tmp/julia.91780/WFOVL_1_1	2021-08-26 01:46:17.906469	Runtime: 0:00:04.347237	Error Code: 0
Error Codes:
	CI_CAS_1_1	0	WFOVL_1_1 	0

===> Results:

=> Hamiltonian Matrix:
Diagonal Shift:   -230.00
Real Part:
----------------------
|-7.206e-01            |
|           -5.720e-01 |
----------------------

=> Dipole Moment Matrices:

Polarisation X:
Real Part:
----------------------
|-1.368e-01 -7.154e-02 |
|-7.154e-02  1.788e-01 |
----------------------

Polarisation Y:
Real Part:
----------------------
| 4.230e-02 -2.103e-01 |
|-2.103e-01 -7.920e-02 |
----------------------

Polarisation Z:
Real Part:
----------------------
| 1.368e-02 -6.768e-03 |
|-6.768e-03  1.347e-02 |
----------------------

=> Gradient Vectors:

Singlet	1	Ms=  0.0:
1	C	 0.00302	-0.00263	-0.00075	
2	C	 0.01429	-0.00126	 0.00232	
3	C	-0.02139	-0.00450	-0.00462	
4	C	 0.00392	-0.00164	 0.00068	
5	H	-0.00649	-0.00652	-0.00009	
6	H	-0.01432	 0.01207	-0.00058	
7	H	 0.01462	 0.00388	 0.00262	
8	H	-0.00053	-0.00084	-0.00082	
9	C	 0.01820	 0.00096	 0.00149	
10	C	-0.01104	 0.00446	-0.00116	
11	H	-0.00054	-0.01030	 0.00095	
12	H	 0.00026	 0.00632	-0.00003	

Singlet	2	Ms=  0.0:
1	C	 0.10072	-0.06874	-0.00062	
2	C	-0.10669	-0.07357	 0.00247	
3	C	-0.08078	 0.12216	-0.00471	
4	C	 0.12183	-0.00014	 0.00062	
5	H	-0.00660	-0.00609	 0.00004	
6	H	-0.01502	 0.01093	-0.00058	
7	H	 0.01497	 0.00517	 0.00218	
8	H	-0.00075	-0.00114	-0.00054	
9	C	-0.14224	 0.04853	 0.00116	
10	C	 0.11458	-0.03310	 0.00017	
11	H	 0.00020	-0.00828	-0.00029	
12	H	-0.00022	 0.00427	 0.00011	

=> Analytical Non-adiabatic coupling vectors:

Singlet	States 1 - 1	Ms=  0.0:
		...is identical zero...

Singlet	States 1 - 2	Ms=  0.0:
1	C	-0.23268	 0.20283	-0.00210	
2	C	-0.04469	 0.05352	-0.00107	
3	C	 0.06389	 0.03464	-0.00470	
4	C	 0.31424	 0.03085	 0.00188	
5	H	-0.00138	 0.00441	 0.00024	
6	H	 0.00425	-0.00100	 0.00166	
7	H	-0.00365	 0.00204	 0.00125	
8	H	 0.00411	 0.00292	-0.00029	
9	C	-0.12629	-0.40400	 0.00350	
10	C	 0.01220	 0.04336	-0.00151	
11	H	-0.00432	 0.00275	 0.00036	
12	H	 0.00503	-0.00009	-0.00035	

Singlet	States 2 - 1	Ms=  0.0:
1	C	 0.23268	-0.20283	 0.00210	
2	C	 0.04469	-0.05352	 0.00107	
3	C	-0.06389	-0.03464	 0.00470	
4	C	-0.31424	-0.03085	-0.00188	
5	H	 0.00138	-0.00441	-0.00024	
6	H	-0.00425	 0.00100	-0.00166	
7	H	 0.00365	-0.00204	-0.00125	
8	H	-0.00411	-0.00292	 0.00029	
9	C	 0.12629	 0.40400	-0.00350	
10	C	-0.01220	-0.04336	 0.00151	
11	H	 0.00432	-0.00275	-0.00036	
12	H	-0.00503	 0.00009	 0.00035	

Singlet	States 2 - 2	Ms=  0.0:
		...is identical zero...

=> Overlap matrix:

Real Part:
----------------------
| 9.988e-01 -4.818e-04 |
| 4.800e-04  9.988e-01 |
----------------------

=> Wavefunction Phases:
2

 1.0  0.0
 1.0  0.0


==> Runtime:
0 Days	0 Hours	3 Minutes	0 Seconds


===> Writing output to file QM.out in SHARC Format

2021-08-26 01:46:25.681090
#================ END ================#
