! 1 Hamiltonian Matrix (2x2, complex)
2 2
-2.307205923733E+002  0.000000000000E+000  0.000000000000E+000  0.000000000000E+000 
 0.000000000000E+000  0.000000000000E+000 -2.305720052541E+002  0.000000000000E+000 

! 2 Dipole Moment Matrices (3x2x2, complex)
2 2
-1.368036500000E-001  0.000000000000E+000 -7.154378791900E-002  0.000000000000E+000 
-7.154378791900E-002  0.000000000000E+000  1.787757300000E-001  0.000000000000E+000 
2 2
 4.229565000000E-002  0.000000000000E+000 -2.103432340110E-001  0.000000000000E+000 
-2.103432340110E-001  0.000000000000E+000 -7.920117000000E-002  0.000000000000E+000 
2 2
 1.368056000000E-002  0.000000000000E+000 -6.768220079000E-003  0.000000000000E+000 
-6.768220079000E-003  0.000000000000E+000  1.347188000000E-002  0.000000000000E+000 
! 3 Gradient Vectors (2x12x3, real)
12 3 ! 1 1 0
 3.020458000000E-003 -2.634291000000E-003 -7.537180000000E-004 
 1.429129800000E-002 -1.255728000000E-003  2.320383000000E-003 
-2.138671900000E-002 -4.499582000000E-003 -4.622036000000E-003 
 3.917301000000E-003 -1.640616000000E-003  6.816660000000E-004 
-6.485560000000E-003 -6.517241000000E-003 -9.316400000000E-005 
-1.432372400000E-002  1.206628600000E-002 -5.757300000000E-004 
 1.461918700000E-002  3.876098000000E-003  2.621695000000E-003 
-5.341000000000E-004 -8.390760000000E-004 -8.215730000000E-004 
 1.819613300000E-002  9.600180000000E-004  1.491931000000E-003 
-1.103573800000E-002  4.456365000000E-003 -1.164336000000E-003 
-5.386780000000E-004 -1.029686300000E-002  9.463750000000E-004 
 2.601430000000E-004  6.324630000000E-003 -3.149200000000E-005 
12 3 ! 1 2 0
 1.007236610000E-001 -6.873958900000E-002 -6.219130000000E-004 
-1.066864650000E-001 -7.356702300000E-002  2.468742000000E-003 
-8.077601200000E-002  1.221560730000E-001 -4.712581000000E-003 
 1.218251440000E-001 -1.418140000000E-004  6.247230000000E-004 
-6.603442000000E-003 -6.091473000000E-003  3.709000000000E-005 
-1.501815100000E-002  1.093114000000E-002 -5.840880000000E-004 
 1.496687300000E-002  5.167982000000E-003  2.176507000000E-003 
-7.521380000000E-004 -1.143485000000E-003 -5.361590000000E-004 
-1.422393800000E-001  4.853475200000E-002  1.162909000000E-003 
 1.145834660000E-001 -3.309987700000E-002  1.658480000000E-004 
 1.971350000000E-004 -8.277924000000E-003 -2.895880000000E-004 
-2.206890000000E-004  4.271238000000E-003  1.085100000000E-004 
! 5 Non-adiabatic couplings (ddr) (2x2x12x3, real)
12 3 ! 1 1 0 1 1 0
 0.000000000000E+000  0.000000000000E+000  0.000000000000E+000 
 0.000000000000E+000  0.000000000000E+000  0.000000000000E+000 
 0.000000000000E+000  0.000000000000E+000  0.000000000000E+000 
 0.000000000000E+000  0.000000000000E+000  0.000000000000E+000 
 0.000000000000E+000  0.000000000000E+000  0.000000000000E+000 
 0.000000000000E+000  0.000000000000E+000  0.000000000000E+000 
 0.000000000000E+000  0.000000000000E+000  0.000000000000E+000 
 0.000000000000E+000  0.000000000000E+000  0.000000000000E+000 
 0.000000000000E+000  0.000000000000E+000  0.000000000000E+000 
 0.000000000000E+000  0.000000000000E+000  0.000000000000E+000 
 0.000000000000E+000  0.000000000000E+000  0.000000000000E+000 
 0.000000000000E+000  0.000000000000E+000  0.000000000000E+000 
12 3 ! 1 1 0 1 2 0
-2.326756180000E-001  2.028344380000E-001 -2.098249000000E-003 
-4.468991200000E-002  5.352492000000E-002 -1.069009000000E-003 
 6.388982400000E-002  3.464273600000E-002 -4.697268000000E-003 
 3.142407720000E-001  3.084900900000E-002  1.875884000000E-003 
-1.376053000000E-003  4.411264000000E-003  2.394060000000E-004 
 4.246129000000E-003 -1.004102000000E-003  1.655723000000E-003 
-3.653639000000E-003  2.042345000000E-003  1.252193000000E-003 
 4.108099000000E-003  2.922123000000E-003 -2.928690000000E-004 
-1.262898590000E-001 -4.040034440000E-001  3.499775000000E-003 
 1.220281300000E-002  4.335579600000E-002 -1.511264000000E-003 
-4.323334000000E-003  2.750078000000E-003  3.643040000000E-004 
 5.029389000000E-003 -9.334100000000E-005 -3.498690000000E-004 
12 3 ! 1 2 0 1 1 0
 2.326756180000E-001 -2.028344380000E-001  2.098249000000E-003 
 4.468991200000E-002 -5.352492000000E-002  1.069009000000E-003 
-6.388982400000E-002 -3.464273600000E-002  4.697268000000E-003 
-3.142407720000E-001 -3.084900900000E-002 -1.875884000000E-003 
 1.376053000000E-003 -4.411264000000E-003 -2.394060000000E-004 
-4.246129000000E-003  1.004102000000E-003 -1.655723000000E-003 
 3.653639000000E-003 -2.042345000000E-003 -1.252193000000E-003 
-4.108099000000E-003 -2.922123000000E-003  2.928690000000E-004 
 1.262898590000E-001  4.040034440000E-001 -3.499775000000E-003 
-1.220281300000E-002 -4.335579600000E-002  1.511264000000E-003 
 4.323334000000E-003 -2.750078000000E-003 -3.643040000000E-004 
-5.029389000000E-003  9.334100000000E-005  3.498690000000E-004 
12 3 ! 1 2 0 1 2 0
 0.000000000000E+000  0.000000000000E+000  0.000000000000E+000 
 0.000000000000E+000  0.000000000000E+000  0.000000000000E+000 
 0.000000000000E+000  0.000000000000E+000  0.000000000000E+000 
 0.000000000000E+000  0.000000000000E+000  0.000000000000E+000 
 0.000000000000E+000  0.000000000000E+000  0.000000000000E+000 
 0.000000000000E+000  0.000000000000E+000  0.000000000000E+000 
 0.000000000000E+000  0.000000000000E+000  0.000000000000E+000 
 0.000000000000E+000  0.000000000000E+000  0.000000000000E+000 
 0.000000000000E+000  0.000000000000E+000  0.000000000000E+000 
 0.000000000000E+000  0.000000000000E+000  0.000000000000E+000 
 0.000000000000E+000  0.000000000000E+000  0.000000000000E+000 
 0.000000000000E+000  0.000000000000E+000  0.000000000000E+000 
! 6 Overlap matrix (2x2, complex)
2 2
 9.988307201000E-001  0.000000000000E+000 -4.817528000000E-004  0.000000000000E+000 
 4.800383000000E-004  0.000000000000E+000  9.988246415000E-001  0.000000000000E+000 

! 7 Phases
2 ! for all nmstates
 1.000000000E+000  0.000000000E+000
 1.000000000E+000  0.000000000E+000
! 8 Runtime
 1.802445480000E+002
