! 1 Hamiltonian Matrix (2x2, complex)
2 2
-2.306861861283E+002  0.000000000000E+000  0.000000000000E+000  0.000000000000E+000 
 0.000000000000E+000  0.000000000000E+000 -2.305316699734E+002  0.000000000000E+000 

! 2 Dipole Moment Matrices (3x2x2, complex)
2 2
-1.177329600000E-001  0.000000000000E+000 -1.508195252310E-001  0.000000000000E+000 
-1.508195252310E-001  0.000000000000E+000  2.013062800000E-001  0.000000000000E+000 
2 2
 1.424462000000E-002  0.000000000000E+000 -1.935592776510E-001  0.000000000000E+000 
-1.935592776510E-001  0.000000000000E+000 -6.412919000000E-002  0.000000000000E+000 
2 2
-2.896187000000E-002  0.000000000000E+000 -7.992257711000E-003  0.000000000000E+000 
-7.992257711000E-003  0.000000000000E+000  5.608580000000E-003  0.000000000000E+000 
! 3 Gradient Vectors (2x12x3, real)
12 3 ! 1 1 0
 6.537662100000E-002  2.497881600000E-002  1.323426100000E-002 
 4.112577300000E-002 -1.010737300000E-002  1.710298000000E-003 
-5.494322000000E-002  2.811113000000E-002 -8.537134000000E-003 
 4.127349200000E-002  5.059586800000E-002  1.019421300000E-002 
-5.514026600000E-002 -2.561286000000E-003 -7.653167000000E-003 
-3.827982100000E-002  3.284311700000E-002  1.527985000000E-003 
 2.984775000000E-003 -1.865334500000E-002  2.681070000000E-004 
 2.395514000000E-003 -4.145620900000E-002  1.374110000000E-004 
 1.511034800000E-002 -5.119738600000E-002 -1.313765000000E-002 
-1.664725800000E-002 -6.743686600000E-002  4.629396000000E-003 
-8.640410000000E-004  5.322411600000E-002 -2.512930000000E-003 
-2.391917000000E-003  1.659418000000E-003  1.392110000000E-004 
12 3 ! 1 2 0
 1.647918630000E-001 -5.045897200000E-002  1.383882300000E-002 
-8.557369600000E-002 -7.534377900000E-002  4.801171000000E-003 
-1.096398670000E-001  1.635810720000E-001 -4.464737000000E-003 
 1.537378080000E-001  3.881598400000E-002  6.031930000000E-003 
-5.545855000000E-002 -3.260482000000E-003 -7.038134000000E-003 
-3.930031000000E-002  3.158363400000E-002  1.096953000000E-003 
 3.963157000000E-003 -1.702245300000E-002  5.144650000000E-004 
 1.793154000000E-003 -4.174433500000E-002 -7.714530000000E-004 
-1.395001450000E-001 -9.144120000000E-004 -1.296115900000E-002 
 1.082514840000E-001 -9.920549500000E-002  1.774040000000E-004 
-1.463800000000E-005  5.437384600000E-002 -1.328467000000E-003 
-3.050259000000E-003 -4.046080000000E-004  1.032050000000E-004 
! 5 Non-adiabatic couplings (ddr) (2x2x12x3, real)
12 3 ! 1 1 0 1 1 0
 0.000000000000E+000  0.000000000000E+000  0.000000000000E+000 
 0.000000000000E+000  0.000000000000E+000  0.000000000000E+000 
 0.000000000000E+000  0.000000000000E+000  0.000000000000E+000 
 0.000000000000E+000  0.000000000000E+000  0.000000000000E+000 
 0.000000000000E+000  0.000000000000E+000  0.000000000000E+000 
 0.000000000000E+000  0.000000000000E+000  0.000000000000E+000 
 0.000000000000E+000  0.000000000000E+000  0.000000000000E+000 
 0.000000000000E+000  0.000000000000E+000  0.000000000000E+000 
 0.000000000000E+000  0.000000000000E+000  0.000000000000E+000 
 0.000000000000E+000  0.000000000000E+000  0.000000000000E+000 
 0.000000000000E+000  0.000000000000E+000  0.000000000000E+000 
 0.000000000000E+000  0.000000000000E+000  0.000000000000E+000 
12 3 ! 1 1 0 1 2 0
-2.663092100000E-001  2.350647280000E-001  1.656723000000E-002 
-5.541795000000E-003  7.888724300000E-002 -4.846283000000E-003 
 8.560663500000E-002 -1.538371100000E-002 -1.739970700000E-002 
 2.464749760000E-001  2.018024500000E-002 -7.744337000000E-003 
 1.928806000000E-003  4.895472000000E-003 -5.501739000000E-003 
 4.830100000000E-003 -1.615192000000E-003  1.809849000000E-003 
-3.053302000000E-003  2.938157000000E-003  7.536680000000E-003 
 5.846315000000E-003  3.061680000000E-003  7.114183000000E-003 
-5.168090300000E-002 -4.140507060000E-001  1.690760000000E-003 
-4.061580000000E-002  5.439957400000E-002  1.974617000000E-003 
-4.458643000000E-003  3.933743000000E-003 -1.529430000000E-003 
 5.010814000000E-003  9.979030000000E-004 -4.612890000000E-004 
12 3 ! 1 2 0 1 1 0
 2.663092100000E-001 -2.350647280000E-001 -1.656723000000E-002 
 5.541795000000E-003 -7.888724300000E-002  4.846283000000E-003 
-8.560663500000E-002  1.538371100000E-002  1.739970700000E-002 
-2.464749760000E-001 -2.018024500000E-002  7.744337000000E-003 
-1.928806000000E-003 -4.895472000000E-003  5.501739000000E-003 
-4.830100000000E-003  1.615192000000E-003 -1.809849000000E-003 
 3.053302000000E-003 -2.938157000000E-003 -7.536680000000E-003 
-5.846315000000E-003 -3.061680000000E-003 -7.114183000000E-003 
 5.168090300000E-002  4.140507060000E-001 -1.690760000000E-003 
 4.061580000000E-002 -5.439957400000E-002 -1.974617000000E-003 
 4.458643000000E-003 -3.933743000000E-003  1.529430000000E-003 
-5.010814000000E-003 -9.979030000000E-004  4.612890000000E-004 
12 3 ! 1 2 0 1 2 0
 0.000000000000E+000  0.000000000000E+000  0.000000000000E+000 
 0.000000000000E+000  0.000000000000E+000  0.000000000000E+000 
 0.000000000000E+000  0.000000000000E+000  0.000000000000E+000 
 0.000000000000E+000  0.000000000000E+000  0.000000000000E+000 
 0.000000000000E+000  0.000000000000E+000  0.000000000000E+000 
 0.000000000000E+000  0.000000000000E+000  0.000000000000E+000 
 0.000000000000E+000  0.000000000000E+000  0.000000000000E+000 
 0.000000000000E+000  0.000000000000E+000  0.000000000000E+000 
 0.000000000000E+000  0.000000000000E+000  0.000000000000E+000 
 0.000000000000E+000  0.000000000000E+000  0.000000000000E+000 
 0.000000000000E+000  0.000000000000E+000  0.000000000000E+000 
 0.000000000000E+000  0.000000000000E+000  0.000000000000E+000 
! 6 Overlap matrix (2x2, complex)
2 2
 4.722463938000E-001  0.000000000000E+000  2.163061370000E-002  0.000000000000E+000 
-2.168526780000E-002  0.000000000000E+000  4.701113695000E-001  0.000000000000E+000 

! 7 Phases
2 ! for all nmstates
 1.000000000E+000  0.000000000E+000
 1.000000000E+000  0.000000000E+000
! 8 Runtime
 8.246336570000E+002
