! 1 Hamiltonian Matrix (2x2, complex)
2 2
-2.306809631597E+002  0.000000000000E+000  0.000000000000E+000  0.000000000000E+000 
 0.000000000000E+000  0.000000000000E+000 -2.305426944203E+002  0.000000000000E+000 

! 2 Dipole Moment Matrices (3x2x2, complex)
2 2
-2.014580500000E-001  0.000000000000E+000 -8.342882394600E-002  0.000000000000E+000 
-8.342882394600E-002  0.000000000000E+000  7.340182000000E-002  0.000000000000E+000 
2 2
 5.004069000000E-002  0.000000000000E+000 -2.030715720130E-001  0.000000000000E+000 
-2.030715720130E-001  0.000000000000E+000 -1.360184900000E-001  0.000000000000E+000 
2 2
 5.764072000000E-002  0.000000000000E+000 -3.297648953700E-002  0.000000000000E+000 
-3.297648953700E-002  0.000000000000E+000  6.364600000000E-002  0.000000000000E+000 
! 3 Gradient Vectors (2x12x3, real)
12 3 ! 1 1 0
 1.390404200000E-002 -2.047164200000E-002 -2.355334000000E-003 
 7.632223200000E-002 -2.846965600000E-002  7.394344000000E-003 
-8.979989000000E-002 -1.999290500000E-002 -3.062600200000E-002 
 2.180455600000E-002 -8.729873000000E-003  3.974385000000E-003 
-2.800827800000E-002 -2.627421200000E-002 -1.350556000000E-003 
-8.006521000000E-002  8.439522700000E-002  1.985840000000E-004 
 5.271541700000E-002  1.531391400000E-002  2.128383300000E-002 
-2.425943000000E-003 -4.049518000000E-003 -3.903908000000E-003 
 8.551640600000E-002  8.455214000000E-003  5.847025000000E-003 
-5.723902900000E-002  2.132547000000E-002 -6.177770000000E-004 
 1.761012000000E-003 -5.529372100000E-002 -1.349107000000E-003 
 5.514687000000E-003  3.379170400000E-002  1.504514000000E-003 
12 3 ! 1 2 0
 1.160433160000E-001 -7.825029600000E-002 -1.748967000000E-003 
-4.701634100000E-002 -1.081091480000E-001  6.384754000000E-003 
-1.523099690000E-001  1.074505880000E-001 -2.873957800000E-002 
 1.386391700000E-001 -6.068034000000E-003  3.685405000000E-003 
-2.838835500000E-002 -2.582975000000E-002 -9.384270000000E-004 
-8.187281400000E-002  8.344439100000E-002 -2.334390000000E-004 
 5.331956200000E-002  1.690407300000E-002  1.921274100000E-002 
-2.457583000000E-003 -4.200963000000E-003 -2.358096000000E-003 
-6.658484800000E-002  4.471154300000E-002  3.609371000000E-003 
 6.351614400000E-002 -9.313944000000E-003  5.463436000000E-003 
 2.170044000000E-003 -5.225341800000E-002 -7.218235000000E-003 
 4.941674000000E-003  3.151495800000E-002  2.881034000000E-003 
! 5 Non-adiabatic couplings (ddr) (2x2x12x3, real)
12 3 ! 1 1 0 1 1 0
 0.000000000000E+000  0.000000000000E+000  0.000000000000E+000 
 0.000000000000E+000  0.000000000000E+000  0.000000000000E+000 
 0.000000000000E+000  0.000000000000E+000  0.000000000000E+000 
 0.000000000000E+000  0.000000000000E+000  0.000000000000E+000 
 0.000000000000E+000  0.000000000000E+000  0.000000000000E+000 
 0.000000000000E+000  0.000000000000E+000  0.000000000000E+000 
 0.000000000000E+000  0.000000000000E+000  0.000000000000E+000 
 0.000000000000E+000  0.000000000000E+000  0.000000000000E+000 
 0.000000000000E+000  0.000000000000E+000  0.000000000000E+000 
 0.000000000000E+000  0.000000000000E+000  0.000000000000E+000 
 0.000000000000E+000  0.000000000000E+000  0.000000000000E+000 
 0.000000000000E+000  0.000000000000E+000  0.000000000000E+000 
12 3 ! 1 1 0 1 2 0
-2.229936950000E-001  2.145647190000E-001 -6.503028000000E-003 
-6.079872500000E-002  3.762396700000E-002 -5.300343000000E-003 
 5.274690400000E-002  8.080536600000E-002 -1.979661700000E-002 
 3.522138440000E-001  3.445122500000E-002  1.091862600000E-002 
-3.289660000000E-004  3.743728000000E-003  7.128350000000E-004 
 4.049013000000E-003 -2.505405000000E-003  7.738259000000E-003 
-3.783921000000E-003  3.131167000000E-003  4.800524000000E-003 
 4.446547000000E-003  3.217867000000E-003 -3.261950000000E-004 
-1.474276310000E-001 -4.463409030000E-001  9.744438000000E-003 
 1.184541300000E-002  4.455896100000E-002 -6.680647000000E-003 
-4.250796000000E-003  2.325080000000E-003  1.077939000000E-003 
 4.621540000000E-003 -1.722000000000E-004 -1.287406000000E-003 
12 3 ! 1 2 0 1 1 0
 2.229936950000E-001 -2.145647190000E-001  6.503028000000E-003 
 6.079872500000E-002 -3.762396700000E-002  5.300343000000E-003 
-5.274690400000E-002 -8.080536600000E-002  1.979661700000E-002 
-3.522138440000E-001 -3.445122500000E-002 -1.091862600000E-002 
 3.289660000000E-004 -3.743728000000E-003 -7.128350000000E-004 
-4.049013000000E-003  2.505405000000E-003 -7.738259000000E-003 
 3.783921000000E-003 -3.131167000000E-003 -4.800524000000E-003 
-4.446547000000E-003 -3.217867000000E-003  3.261950000000E-004 
 1.474276310000E-001  4.463409030000E-001 -9.744438000000E-003 
-1.184541300000E-002 -4.455896100000E-002  6.680647000000E-003 
 4.250796000000E-003 -2.325080000000E-003 -1.077939000000E-003 
-4.621540000000E-003  1.722000000000E-004  1.287406000000E-003 
12 3 ! 1 2 0 1 2 0
 0.000000000000E+000  0.000000000000E+000  0.000000000000E+000 
 0.000000000000E+000  0.000000000000E+000  0.000000000000E+000 
 0.000000000000E+000  0.000000000000E+000  0.000000000000E+000 
 0.000000000000E+000  0.000000000000E+000  0.000000000000E+000 
 0.000000000000E+000  0.000000000000E+000  0.000000000000E+000 
 0.000000000000E+000  0.000000000000E+000  0.000000000000E+000 
 0.000000000000E+000  0.000000000000E+000  0.000000000000E+000 
 0.000000000000E+000  0.000000000000E+000  0.000000000000E+000 
 0.000000000000E+000  0.000000000000E+000  0.000000000000E+000 
 0.000000000000E+000  0.000000000000E+000  0.000000000000E+000 
 0.000000000000E+000  0.000000000000E+000  0.000000000000E+000 
 0.000000000000E+000  0.000000000000E+000  0.000000000000E+000 
! 6 Overlap matrix (2x2, complex)
2 2
 4.749684879000E-001  0.000000000000E+000 -1.172267450000E-002  0.000000000000E+000 
 1.115816160000E-002  0.000000000000E+000  4.726453911000E-001  0.000000000000E+000 

! 7 Phases
2 ! for all nmstates
 1.000000000E+000  0.000000000E+000
 1.000000000E+000  0.000000000E+000
! 8 Runtime
 9.535322000000E+001
