! 1 Hamiltonian Matrix (2x2, complex)
2 2
-2.306248799732E+002  0.000000000000E+000  0.000000000000E+000  0.000000000000E+000 
 0.000000000000E+000  0.000000000000E+000 -2.304893861690E+002  0.000000000000E+000 

! 2 Dipole Moment Matrices (3x2x2, complex)
2 2
-2.127756900000E-001  0.000000000000E+000 -1.821632755100E-002  0.000000000000E+000 
-1.821632755100E-002  0.000000000000E+000  4.811875000000E-002  0.000000000000E+000 
2 2
-5.420002000000E-002  0.000000000000E+000 -1.742438844410E-001  0.000000000000E+000 
-1.742438844410E-001  0.000000000000E+000 -1.280205400000E-001  0.000000000000E+000 
2 2
 8.213130000000E-003  0.000000000000E+000 -5.681556315000E-003  0.000000000000E+000 
-5.681556315000E-003  0.000000000000E+000 -1.123439000000E-002  0.000000000000E+000 
! 3 Gradient Vectors (2x12x3, real)
12 3 ! 1 1 0
 6.304460700000E-002 -2.363344100000E-002 -1.831718500000E-002 
-1.235928500000E-002  2.535695000000E-003  9.089865000000E-003 
-1.068548560000E-001 -1.155538100000E-002  3.640726700000E-002 
-1.813008100000E-002 -8.412388800000E-002 -9.926817000000E-003 
-2.164086600000E-002 -1.088852000000E-002  1.803492400000E-002 
-3.341022000000E-002  1.325065500000E-002 -3.284171000000E-003 
 9.661731400000E-002  1.544331100000E-002 -3.125233700000E-002 
 7.540165000000E-003  1.017391500000E-001  1.090246700000E-002 
 1.028855640000E-001 -2.632046000000E-002 -1.335438800000E-002 
-7.293426000000E-002 -2.941414100000E-002 -3.277139000000E-003 
-6.122235000000E-003  5.827435800000E-002  9.953032000000E-003 
 1.364153000000E-003 -5.307339000000E-003 -4.975518000000E-003 
12 3 ! 1 2 0
 1.643478650000E-001 -8.519708400000E-002 -2.937973600000E-002 
-1.357086450000E-001 -7.140350200000E-002  1.600963600000E-002 
-1.717550580000E-001  1.182099070000E-001  3.110233300000E-002 
 9.658041200000E-002 -8.887453500000E-002 -9.903163000000E-003 
-2.201472800000E-002 -1.137958400000E-002  1.521560000000E-002 
-3.429062700000E-002  1.204049500000E-002  1.586742000000E-003 
 9.788810500000E-002  1.597821800000E-002 -2.937005400000E-002 
 6.911783000000E-003  1.019317210000E-001  8.531638000000E-003 
-3.502177000000E-002  1.931860400000E-002  9.335810000000E-004 
 3.728013600000E-002 -6.248210500000E-002 -1.023289300000E-002 
-5.229568000000E-003  5.956257100000E-002  5.694206000000E-003 
 1.012095000000E-003 -7.704704000000E-003 -1.878880000000E-004 
! 5 Non-adiabatic couplings (ddr) (2x2x12x3, real)
12 3 ! 1 1 0 1 1 0
 0.000000000000E+000  0.000000000000E+000  0.000000000000E+000 
 0.000000000000E+000  0.000000000000E+000  0.000000000000E+000 
 0.000000000000E+000  0.000000000000E+000  0.000000000000E+000 
 0.000000000000E+000  0.000000000000E+000  0.000000000000E+000 
 0.000000000000E+000  0.000000000000E+000  0.000000000000E+000 
 0.000000000000E+000  0.000000000000E+000  0.000000000000E+000 
 0.000000000000E+000  0.000000000000E+000  0.000000000000E+000 
 0.000000000000E+000  0.000000000000E+000  0.000000000000E+000 
 0.000000000000E+000  0.000000000000E+000  0.000000000000E+000 
 0.000000000000E+000  0.000000000000E+000  0.000000000000E+000 
 0.000000000000E+000  0.000000000000E+000  0.000000000000E+000 
 0.000000000000E+000  0.000000000000E+000  0.000000000000E+000 
12 3 ! 1 1 0 1 2 0
-2.393088670000E-001  1.974978810000E-001  2.986664000000E-003 
-3.448366000000E-002  4.757347600000E-002 -1.475476500000E-002 
 2.377089800000E-002  8.413808400000E-002  2.083039900000E-002 
 3.942795010000E-001  4.985783200000E-002 -3.572559600000E-002 
-9.372270000000E-004  5.842691000000E-003  2.935447000000E-003 
 2.515163000000E-003 -1.892323000000E-003 -2.173100000000E-005 
-9.126010000000E-004  2.466919000000E-003  5.029120000000E-004 
 9.860460000000E-004  1.195650000000E-004 -2.335671000000E-003 
-1.963459100000E-001 -4.338485280000E-001  2.779660600000E-002 
 4.555781800000E-002  2.495919900000E-002 -9.759465000000E-003 
-3.624824000000E-003  3.803736000000E-003 -1.421804000000E-003 
 4.564626000000E-003 -1.183818000000E-003  6.436471000000E-003 
12 3 ! 1 2 0 1 1 0
 2.393088670000E-001 -1.974978810000E-001 -2.986664000000E-003 
 3.448366000000E-002 -4.757347600000E-002  1.475476500000E-002 
-2.377089800000E-002 -8.413808400000E-002 -2.083039900000E-002 
-3.942795010000E-001 -4.985783200000E-002  3.572559600000E-002 
 9.372270000000E-004 -5.842691000000E-003 -2.935447000000E-003 
-2.515163000000E-003  1.892323000000E-003  2.173100000000E-005 
 9.126010000000E-004 -2.466919000000E-003 -5.029120000000E-004 
-9.860460000000E-004 -1.195650000000E-004  2.335671000000E-003 
 1.963459100000E-001  4.338485280000E-001 -2.779660600000E-002 
-4.555781800000E-002 -2.495919900000E-002  9.759465000000E-003 
 3.624824000000E-003 -3.803736000000E-003  1.421804000000E-003 
-4.564626000000E-003  1.183818000000E-003 -6.436471000000E-003 
12 3 ! 1 2 0 1 2 0
 0.000000000000E+000  0.000000000000E+000  0.000000000000E+000 
 0.000000000000E+000  0.000000000000E+000  0.000000000000E+000 
 0.000000000000E+000  0.000000000000E+000  0.000000000000E+000 
 0.000000000000E+000  0.000000000000E+000  0.000000000000E+000 
 0.000000000000E+000  0.000000000000E+000  0.000000000000E+000 
 0.000000000000E+000  0.000000000000E+000  0.000000000000E+000 
 0.000000000000E+000  0.000000000000E+000  0.000000000000E+000 
 0.000000000000E+000  0.000000000000E+000  0.000000000000E+000 
 0.000000000000E+000  0.000000000000E+000  0.000000000000E+000 
 0.000000000000E+000  0.000000000000E+000  0.000000000000E+000 
 0.000000000000E+000  0.000000000000E+000  0.000000000000E+000 
 0.000000000000E+000  0.000000000000E+000  0.000000000000E+000 
! 6 Overlap matrix (2x2, complex)
2 2
 2.023464147000E-001  0.000000000000E+000 -7.062076700000E-003  0.000000000000E+000 
 5.651959100000E-003  0.000000000000E+000  2.004609147000E-001  0.000000000000E+000 

! 7 Phases
2 ! for all nmstates
 1.000000000E+000  0.000000000E+000
 1.000000000E+000  0.000000000E+000
! 8 Runtime
 1.454958350000E+002
