! 1 Hamiltonian Matrix (2x2, complex)
2 2
-2.306771977974E+002  0.000000000000E+000  0.000000000000E+000  0.000000000000E+000 
 0.000000000000E+000  0.000000000000E+000 -2.305092841612E+002  0.000000000000E+000 

! 2 Dipole Moment Matrices (3x2x2, complex)
2 2
-9.650307000000E-002  0.000000000000E+000  4.926996297000E-002  0.000000000000E+000 
 4.926996297000E-002  0.000000000000E+000  2.551484800000E-001  0.000000000000E+000 
2 2
-1.220122000000E-002  0.000000000000E+000 -1.930819022720E-001  0.000000000000E+000 
-1.930819022720E-001  0.000000000000E+000 -9.242702000000E-002  0.000000000000E+000 
2 2
 1.755823700000E-001  0.000000000000E+000  4.446530310900E-002  0.000000000000E+000 
 4.446530310900E-002  0.000000000000E+000  1.214545800000E-001  0.000000000000E+000 
! 3 Gradient Vectors (2x12x3, real)
12 3 ! 1 1 0
 1.007400190000E-001 -2.080569000000E-003 -7.475900000000E-003 
-1.101626460000E-001 -9.679091000000E-003 -1.257897500000E-002 
-3.818794000000E-003  3.732828800000E-002  1.025711400000E-002 
-9.783610800000E-002 -8.083879900000E-002 -3.504849600000E-002 
-2.234225000000E-002 -7.030360000000E-004  2.815245000000E-003 
 1.377246900000E-002  7.384660000000E-004  7.700778000000E-003 
 6.120659000000E-002  1.179364000000E-003  3.660752000000E-003 
 3.380002000000E-002  3.415660000000E-002  1.799475300000E-002 
-1.266716900000E-002  3.791533100000E-002  1.874083800000E-002 
 4.126599900000E-002 -7.242395300000E-002 -1.506449100000E-002 
-1.929150000000E-002  1.966108900000E-002  7.727834000000E-003 
 1.533337100000E-002  3.474631100000E-002  1.270549000000E-003 
12 3 ! 1 2 0
 1.975789340000E-001 -6.709258000000E-002 -8.911596000000E-003 
-2.258114650000E-001 -7.527537100000E-002 -1.028388400000E-002 
-7.056616800000E-002  1.502905600000E-001  1.398611200000E-002 
 1.824229200000E-002 -7.188310800000E-002 -3.935349900000E-002 
-2.275573700000E-002 -7.369040000000E-004  2.488363000000E-003 
 1.363217000000E-002 -1.089085000000E-003  4.856278000000E-003 
 6.241052300000E-002  1.819922000000E-003  3.696871000000E-003 
 3.413531900000E-002  3.314841900000E-002  1.945771500000E-002 
-1.731945850000E-001  8.177218100000E-002  2.429073000000E-003 
 1.703594650000E-001 -1.047785810000E-001  1.162594200000E-002 
-1.850790100000E-002  2.162211700000E-002  2.153671000000E-003 
 1.447715200000E-002  3.220243200000E-002 -2.145047000000E-003 
! 5 Non-adiabatic couplings (ddr) (2x2x12x3, real)
12 3 ! 1 1 0 1 1 0
 0.000000000000E+000  0.000000000000E+000  0.000000000000E+000 
 0.000000000000E+000  0.000000000000E+000  0.000000000000E+000 
 0.000000000000E+000  0.000000000000E+000  0.000000000000E+000 
 0.000000000000E+000  0.000000000000E+000  0.000000000000E+000 
 0.000000000000E+000  0.000000000000E+000  0.000000000000E+000 
 0.000000000000E+000  0.000000000000E+000  0.000000000000E+000 
 0.000000000000E+000  0.000000000000E+000  0.000000000000E+000 
 0.000000000000E+000  0.000000000000E+000  0.000000000000E+000 
 0.000000000000E+000  0.000000000000E+000  0.000000000000E+000 
 0.000000000000E+000  0.000000000000E+000  0.000000000000E+000 
 0.000000000000E+000  0.000000000000E+000  0.000000000000E+000 
 0.000000000000E+000  0.000000000000E+000  0.000000000000E+000 
12 3 ! 1 1 0 1 2 0
-1.794125430000E-001  1.342076610000E-001  1.763996600000E-002 
-6.854074300000E-002  3.649643300000E-002  1.689253300000E-002 
 3.502735100000E-002  5.495820700000E-002 -2.512821700000E-002 
 3.613738950000E-001  4.913156400000E-002 -5.279000000000E-005 
-1.432814000000E-003  5.401640000000E-003 -2.347071000000E-003 
 2.690473000000E-003 -1.837356000000E-003 -3.318340000000E-003 
-2.962080000000E-003  2.115083000000E-003 -1.045125000000E-003 
 4.469061000000E-003 -3.361671000000E-003  3.749290000000E-003 
-2.221880580000E-001 -3.260348420000E-001 -1.289766000000E-003 
 7.512869000000E-002  2.126669400000E-002  8.039540000000E-003 
-3.232567000000E-003  3.306073000000E-003  9.181020000000E-004 
 3.223782000000E-003 -1.194718000000E-003 -6.162169000000E-003 
12 3 ! 1 2 0 1 1 0
 1.794125430000E-001 -1.342076610000E-001 -1.763996600000E-002 
 6.854074300000E-002 -3.649643300000E-002 -1.689253300000E-002 
-3.502735100000E-002 -5.495820700000E-002  2.512821700000E-002 
-3.613738950000E-001 -4.913156400000E-002  5.279000000000E-005 
 1.432814000000E-003 -5.401640000000E-003  2.347071000000E-003 
-2.690473000000E-003  1.837356000000E-003  3.318340000000E-003 
 2.962080000000E-003 -2.115083000000E-003  1.045125000000E-003 
-4.469061000000E-003  3.361671000000E-003 -3.749290000000E-003 
 2.221880580000E-001  3.260348420000E-001  1.289766000000E-003 
-7.512869000000E-002 -2.126669400000E-002 -8.039540000000E-003 
 3.232567000000E-003 -3.306073000000E-003 -9.181020000000E-004 
-3.223782000000E-003  1.194718000000E-003  6.162169000000E-003 
12 3 ! 1 2 0 1 2 0
 0.000000000000E+000  0.000000000000E+000  0.000000000000E+000 
 0.000000000000E+000  0.000000000000E+000  0.000000000000E+000 
 0.000000000000E+000  0.000000000000E+000  0.000000000000E+000 
 0.000000000000E+000  0.000000000000E+000  0.000000000000E+000 
 0.000000000000E+000  0.000000000000E+000  0.000000000000E+000 
 0.000000000000E+000  0.000000000000E+000  0.000000000000E+000 
 0.000000000000E+000  0.000000000000E+000  0.000000000000E+000 
 0.000000000000E+000  0.000000000000E+000  0.000000000000E+000 
 0.000000000000E+000  0.000000000000E+000  0.000000000000E+000 
 0.000000000000E+000  0.000000000000E+000  0.000000000000E+000 
 0.000000000000E+000  0.000000000000E+000  0.000000000000E+000 
 0.000000000000E+000  0.000000000000E+000  0.000000000000E+000 
! 6 Overlap matrix (2x2, complex)
2 2
 3.781935285000E-001  0.000000000000E+000 -1.895991520000E-002  0.000000000000E+000 
 1.953451770000E-002  0.000000000000E+000  3.731226483000E-001  0.000000000000E+000 

! 7 Phases
2 ! for all nmstates
 1.000000000E+000  0.000000000E+000
 1.000000000E+000  0.000000000E+000
! 8 Runtime
 9.892741680000E+002
