! 1 Hamiltonian Matrix (2x2, complex)
2 2
-2.306821359827E+002  0.000000000000E+000  0.000000000000E+000  0.000000000000E+000 
 0.000000000000E+000  0.000000000000E+000 -2.305192559798E+002  0.000000000000E+000 

! 2 Dipole Moment Matrices (3x2x2, complex)
2 2
-1.096476800000E-001  0.000000000000E+000 -1.625358581950E-001  0.000000000000E+000 
-1.625358581950E-001  0.000000000000E+000  1.739828300000E-001  0.000000000000E+000 
2 2
 2.901187000000E-002  0.000000000000E+000 -1.778735298570E-001  0.000000000000E+000 
-1.778735298570E-001  0.000000000000E+000 -5.002030000000E-003  0.000000000000E+000 
2 2
-1.007529500000E-001  0.000000000000E+000  2.176675418900E-002  0.000000000000E+000 
 2.176675418900E-002  0.000000000000E+000 -1.750149400000E-001  0.000000000000E+000 
! 3 Gradient Vectors (2x12x3, real)
12 3 ! 1 1 0
-6.607011500000E-002  3.060761600000E-002 -5.944233000000E-003 
-2.221061000000E-003 -4.220624300000E-002  8.248555000000E-003 
-4.696702500000E-002  1.904925700000E-002  3.417246000000E-003 
 5.795796600000E-002  7.781135600000E-002 -2.616059700000E-002 
 3.091170600000E-002  1.942275500000E-002  1.895662000000E-003 
-4.919078000000E-003  3.935350500000E-002 -4.016717000000E-003 
 8.159944000000E-003 -1.075299000000E-002  2.797316000000E-003 
-5.405143000000E-003 -6.684177000000E-002  1.312377000000E-003 
 8.404940000000E-003 -5.625962800000E-002  2.145005200000E-002 
 3.386300700000E-002  4.566637500000E-002 -7.845000000000E-006 
 9.476449000000E-003 -3.818052800000E-002  1.977871000000E-003 
-2.319158800000E-002 -1.766970500000E-002 -4.969686000000E-003 
12 3 ! 1 2 0
 2.460743800000E-002 -4.250786200000E-002 -9.148770000000E-004 
-1.261033490000E-001 -9.942890000000E-002 -3.191029000000E-003 
-9.995978700000E-002  1.476743540000E-001 -5.714100000000E-005 
 1.693238670000E-001  6.765468900000E-002 -2.455059800000E-002 
 3.163442600000E-002  2.017388300000E-002 -7.239400000000E-005 
-4.726927000000E-003  3.625683200000E-002 -1.585061000000E-003 
 9.154202000000E-003 -9.609061000000E-003  2.968312000000E-003 
-5.805365000000E-003 -6.674168400000E-002  4.170893000000E-003 
-1.441571460000E-001 -1.761175000000E-003  2.341377300000E-002 
 1.591932290000E-001  3.601585000000E-003  2.436586000000E-003 
 1.062847000000E-002 -3.579196900000E-002 -1.651804000000E-003 
-2.378905800000E-002 -1.952069200000E-002 -9.666600000000E-004 
! 5 Non-adiabatic couplings (ddr) (2x2x12x3, real)
12 3 ! 1 1 0 1 1 0
 0.000000000000E+000  0.000000000000E+000  0.000000000000E+000 
 0.000000000000E+000  0.000000000000E+000  0.000000000000E+000 
 0.000000000000E+000  0.000000000000E+000  0.000000000000E+000 
 0.000000000000E+000  0.000000000000E+000  0.000000000000E+000 
 0.000000000000E+000  0.000000000000E+000  0.000000000000E+000 
 0.000000000000E+000  0.000000000000E+000  0.000000000000E+000 
 0.000000000000E+000  0.000000000000E+000  0.000000000000E+000 
 0.000000000000E+000  0.000000000000E+000  0.000000000000E+000 
 0.000000000000E+000  0.000000000000E+000  0.000000000000E+000 
 0.000000000000E+000  0.000000000000E+000  0.000000000000E+000 
 0.000000000000E+000  0.000000000000E+000  0.000000000000E+000 
 0.000000000000E+000  0.000000000000E+000  0.000000000000E+000 
12 3 ! 1 1 0 1 2 0
-2.813677390000E-001  2.532985930000E-001  1.128975700000E-002 
 2.283732100000E-002  1.031284470000E-001 -3.951606000000E-002 
 8.985708800000E-002 -5.101113600000E-002  2.026471600000E-002 
 1.932257340000E-001  1.474099700000E-002  2.302639200000E-002 
-3.218945000000E-003  2.109750000000E-003  1.099046100000E-002 
 7.829811000000E-003  1.872203000000E-003  5.730490000000E-003 
-2.911228000000E-003  1.539823000000E-003 -6.467618000000E-003 
 4.119329000000E-003  3.208030000000E-003 -1.908489000000E-002 
 1.353906600000E-002 -4.221626170000E-001  1.091042500000E-002 
-6.736959800000E-002  6.621758200000E-002 -1.198075000000E-002 
-4.236092000000E-003  1.307557000000E-003  1.537144000000E-003 
 5.286652000000E-003  1.278158000000E-003 -3.105305000000E-003 
12 3 ! 1 2 0 1 1 0
 2.813677390000E-001 -2.532985930000E-001 -1.128975700000E-002 
-2.283732100000E-002 -1.031284470000E-001  3.951606000000E-002 
-8.985708800000E-002  5.101113600000E-002 -2.026471600000E-002 
-1.932257340000E-001 -1.474099700000E-002 -2.302639200000E-002 
 3.218945000000E-003 -2.109750000000E-003 -1.099046100000E-002 
-7.829811000000E-003 -1.872203000000E-003 -5.730490000000E-003 
 2.911228000000E-003 -1.539823000000E-003  6.467618000000E-003 
-4.119329000000E-003 -3.208030000000E-003  1.908489000000E-002 
-1.353906600000E-002  4.221626170000E-001 -1.091042500000E-002 
 6.736959800000E-002 -6.621758200000E-002  1.198075000000E-002 
 4.236092000000E-003 -1.307557000000E-003 -1.537144000000E-003 
-5.286652000000E-003 -1.278158000000E-003  3.105305000000E-003 
12 3 ! 1 2 0 1 2 0
 0.000000000000E+000  0.000000000000E+000  0.000000000000E+000 
 0.000000000000E+000  0.000000000000E+000  0.000000000000E+000 
 0.000000000000E+000  0.000000000000E+000  0.000000000000E+000 
 0.000000000000E+000  0.000000000000E+000  0.000000000000E+000 
 0.000000000000E+000  0.000000000000E+000  0.000000000000E+000 
 0.000000000000E+000  0.000000000000E+000  0.000000000000E+000 
 0.000000000000E+000  0.000000000000E+000  0.000000000000E+000 
 0.000000000000E+000  0.000000000000E+000  0.000000000000E+000 
 0.000000000000E+000  0.000000000000E+000  0.000000000000E+000 
 0.000000000000E+000  0.000000000000E+000  0.000000000000E+000 
 0.000000000000E+000  0.000000000000E+000  0.000000000000E+000 
 0.000000000000E+000  0.000000000000E+000  0.000000000000E+000 
! 6 Overlap matrix (2x2, complex)
2 2
 2.558013366000E-001  0.000000000000E+000  1.972309920000E-002  0.000000000000E+000 
-1.865961430000E-002  0.000000000000E+000  2.538354271000E-001  0.000000000000E+000 

! 7 Phases
2 ! for all nmstates
 1.000000000E+000  0.000000000E+000
 1.000000000E+000  0.000000000E+000
! 8 Runtime
 1.388199130000E+002
