! 1 Hamiltonian Matrix (2x2, complex)
2 2
-2.306780544801E+002  0.000000000000E+000  0.000000000000E+000  0.000000000000E+000 
 0.000000000000E+000  0.000000000000E+000 -2.305506895417E+002  0.000000000000E+000 

! 2 Dipole Moment Matrices (3x2x2, complex)
2 2
-1.978113800000E-001  0.000000000000E+000 -4.866531562700E-002  0.000000000000E+000 
-4.866531562700E-002  0.000000000000E+000  1.025637400000E-001  0.000000000000E+000 
2 2
 1.619300000000E-004  0.000000000000E+000 -2.139712302800E-001  0.000000000000E+000 
-2.139712302800E-001  0.000000000000E+000 -9.849566000000E-002  0.000000000000E+000 
2 2
-6.680149000000E-002  0.000000000000E+000  3.056744829300E-002  0.000000000000E+000 
 3.056744829300E-002  0.000000000000E+000 -3.491817000000E-002  0.000000000000E+000 
! 3 Gradient Vectors (2x12x3, real)
12 3 ! 1 1 0
 4.051119200000E-002  6.538342100000E-002  1.928128800000E-002 
 1.652188200000E-002  6.396791800000E-002 -7.726914000000E-003 
-6.817708100000E-002 -4.954303400000E-002  8.007460000000E-004 
-2.532415900000E-002 -7.434484500000E-002  1.438545000000E-003 
-8.385210000000E-003 -8.016966000000E-003 -6.862550000000E-003 
-1.152921800000E-002 -3.824127400000E-002  1.605651000000E-003 
 3.403044900000E-002 -5.320394000000E-003 -1.583066000000E-003 
-3.179295900000E-002  4.505923100000E-002  6.562273000000E-003 
 5.087481000000E-002  1.292861000000E-002 -1.678163400000E-002 
 4.424440700000E-002 -1.496022000000E-002  1.227862900000E-002 
-1.073077000000E-003  4.319613400000E-002 -5.013150000000E-004 
-3.990103600000E-002 -4.010858000000E-002 -8.511652000000E-003 
12 3 ! 1 2 0
 1.387403600000E-001 -1.911098500000E-002  1.666505500000E-002 
-1.087690050000E-001 -6.021916000000E-003  2.287524000000E-003 
-1.209299850000E-001  8.300914400000E-002  4.714665000000E-003 
 8.591305200000E-002 -7.361234500000E-002 -5.015549000000E-003 
-7.953298000000E-003 -7.916872000000E-003 -8.543757000000E-003 
-1.292793200000E-002 -3.835924400000E-002  1.036194000000E-003 
 3.486620700000E-002 -4.177048000000E-003 -6.775330000000E-004 
-3.186290000000E-002  4.529673300000E-002  6.681035000000E-003 
-1.047724860000E-001  7.064589000000E-002 -1.206551900000E-002 
 1.680609510000E-001 -5.232951400000E-002 -1.419447000000E-003 
-1.779370000000E-004  4.449484100000E-002 -4.536620000000E-004 
-4.018702600000E-002 -4.191868400000E-002 -3.209005000000E-003 
! 5 Non-adiabatic couplings (ddr) (2x2x12x3, real)
12 3 ! 1 1 0 1 1 0
 0.000000000000E+000  0.000000000000E+000  0.000000000000E+000 
 0.000000000000E+000  0.000000000000E+000  0.000000000000E+000 
 0.000000000000E+000  0.000000000000E+000  0.000000000000E+000 
 0.000000000000E+000  0.000000000000E+000  0.000000000000E+000 
 0.000000000000E+000  0.000000000000E+000  0.000000000000E+000 
 0.000000000000E+000  0.000000000000E+000  0.000000000000E+000 
 0.000000000000E+000  0.000000000000E+000  0.000000000000E+000 
 0.000000000000E+000  0.000000000000E+000  0.000000000000E+000 
 0.000000000000E+000  0.000000000000E+000  0.000000000000E+000 
 0.000000000000E+000  0.000000000000E+000  0.000000000000E+000 
 0.000000000000E+000  0.000000000000E+000  0.000000000000E+000 
 0.000000000000E+000  0.000000000000E+000  0.000000000000E+000 
12 3 ! 1 1 0 1 2 0
-2.308072140000E-001  2.267011490000E-001  4.428068400000E-002 
-7.325309700000E-002  4.258032000000E-002 -6.460075000000E-003 
 6.499982000000E-002  8.957054200000E-002 -2.442929300000E-002 
 4.332846650000E-001  4.726085100000E-002 -2.253024700000E-002 
-2.457082000000E-003  5.116740000000E-003 -1.020205600000E-002 
 1.362581000000E-003 -1.478433000000E-003 -1.663248000000E-003 
-3.149706000000E-003  4.900433000000E-003  8.765925000000E-003 
 2.182939000000E-003  3.619100000000E-003  7.118201000000E-003 
-2.626988130000E-001 -4.847254470000E-001  2.355798800000E-002 
 6.287955100000E-002  3.816547100000E-002 -1.557145000000E-002 
-4.217161000000E-003  5.280152000000E-003 -1.438392000000E-003 
 5.449806000000E-003  7.153510000000E-004  2.884471000000E-003 
12 3 ! 1 2 0 1 1 0
 2.308072140000E-001 -2.267011490000E-001 -4.428068400000E-002 
 7.325309700000E-002 -4.258032000000E-002  6.460075000000E-003 
-6.499982000000E-002 -8.957054200000E-002  2.442929300000E-002 
-4.332846650000E-001 -4.726085100000E-002  2.253024700000E-002 
 2.457082000000E-003 -5.116740000000E-003  1.020205600000E-002 
-1.362581000000E-003  1.478433000000E-003  1.663248000000E-003 
 3.149706000000E-003 -4.900433000000E-003 -8.765925000000E-003 
-2.182939000000E-003 -3.619100000000E-003 -7.118201000000E-003 
 2.626988130000E-001  4.847254470000E-001 -2.355798800000E-002 
-6.287955100000E-002 -3.816547100000E-002  1.557145000000E-002 
 4.217161000000E-003 -5.280152000000E-003  1.438392000000E-003 
-5.449806000000E-003 -7.153510000000E-004 -2.884471000000E-003 
12 3 ! 1 2 0 1 2 0
 0.000000000000E+000  0.000000000000E+000  0.000000000000E+000 
 0.000000000000E+000  0.000000000000E+000  0.000000000000E+000 
 0.000000000000E+000  0.000000000000E+000  0.000000000000E+000 
 0.000000000000E+000  0.000000000000E+000  0.000000000000E+000 
 0.000000000000E+000  0.000000000000E+000  0.000000000000E+000 
 0.000000000000E+000  0.000000000000E+000  0.000000000000E+000 
 0.000000000000E+000  0.000000000000E+000  0.000000000000E+000 
 0.000000000000E+000  0.000000000000E+000  0.000000000000E+000 
 0.000000000000E+000  0.000000000000E+000  0.000000000000E+000 
 0.000000000000E+000  0.000000000000E+000  0.000000000000E+000 
 0.000000000000E+000  0.000000000000E+000  0.000000000000E+000 
 0.000000000000E+000  0.000000000000E+000  0.000000000000E+000 
! 6 Overlap matrix (2x2, complex)
2 2
 9.206295770000E-002  0.000000000000E+000 -1.045001900000E-003  0.000000000000E+000 
 1.207701800000E-003  0.000000000000E+000  9.181694600000E-002  0.000000000000E+000 

! 7 Phases
2 ! for all nmstates
 1.000000000E+000  0.000000000E+000
 1.000000000E+000  0.000000000E+000
! 8 Runtime
 8.280241070000E+002
