! 1 Hamiltonian Matrix (2x2, complex)
2 2
-2.306867454192E+002  0.000000000000E+000  0.000000000000E+000  0.000000000000E+000 
 0.000000000000E+000  0.000000000000E+000 -2.305400292574E+002  0.000000000000E+000 

! 2 Dipole Moment Matrices (3x2x2, complex)
2 2
-1.036148700000E-001  0.000000000000E+000 -8.538358511500E-002  0.000000000000E+000 
-8.538358511500E-002  0.000000000000E+000  1.815087300000E-001  0.000000000000E+000 
2 2
 3.067689000000E-002  0.000000000000E+000 -1.576226853320E-001  0.000000000000E+000 
-1.576226853320E-001  0.000000000000E+000 -1.195399700000E-001  0.000000000000E+000 
2 2
-2.392790000000E-003  0.000000000000E+000 -3.007408133700E-002  0.000000000000E+000 
-3.007408133700E-002  0.000000000000E+000 -9.487617000000E-002  0.000000000000E+000 
! 3 Gradient Vectors (2x12x3, real)
12 3 ! 1 1 0
-6.983717800000E-002 -6.964698500000E-002 -1.641422700000E-002 
-2.375352200000E-002  4.114504300000E-002  1.995064500000E-002 
-7.862421300000E-002  3.733279100000E-002 -2.013012700000E-002 
 4.074923900000E-002 -1.648564200000E-002 -6.529359000000E-003 
 3.851141100000E-002  5.287083600000E-002 -2.782127000000E-003 
 1.725579500000E-002 -2.177301000000E-002 -3.454620000000E-003 
 3.394761200000E-002  3.591340000000E-003  1.108478100000E-002 
-8.343760000000E-004 -7.123791000000E-003  3.027357000000E-003 
 6.060325200000E-002 -5.457198400000E-002  1.850699100000E-002 
 2.602234600000E-002  3.477319500000E-002  2.096155500000E-002 
-3.084604900000E-002 -3.303684000000E-003 -1.693076500000E-002 
-1.319431700000E-002  3.191892000000E-003 -7.290106000000E-003 
12 3 ! 1 2 0
 2.118382200000E-002 -1.193704210000E-001 -8.526367000000E-003 
-1.438398990000E-001 -3.225393000000E-002  2.239151600000E-002 
-1.450031230000E-001  1.602742310000E-001 -1.292817500000E-002 
 1.653346520000E-001 -1.183610900000E-002 -1.850572500000E-002 
 3.884223400000E-002  5.362910100000E-002 -1.537209000000E-003 
 1.698311600000E-002 -2.300335000000E-002 -4.921301000000E-003 
 3.453760700000E-002  4.958542000000E-003  9.477504000000E-003 
-8.415130000000E-004 -7.354746000000E-003  3.344347000000E-003 
-8.514251700000E-002 -1.489554300000E-002  1.650886400000E-002 
 1.417456250000E-001 -1.436921400000E-002  2.651626000000E-003 
-3.069674700000E-002  2.543752000000E-003 -1.718166000000E-003 
-1.310325800000E-002  1.677687000000E-003 -6.236913000000E-003 
! 5 Non-adiabatic couplings (ddr) (2x2x12x3, real)
12 3 ! 1 1 0 1 1 0
 0.000000000000E+000  0.000000000000E+000  0.000000000000E+000 
 0.000000000000E+000  0.000000000000E+000  0.000000000000E+000 
 0.000000000000E+000  0.000000000000E+000  0.000000000000E+000 
 0.000000000000E+000  0.000000000000E+000  0.000000000000E+000 
 0.000000000000E+000  0.000000000000E+000  0.000000000000E+000 
 0.000000000000E+000  0.000000000000E+000  0.000000000000E+000 
 0.000000000000E+000  0.000000000000E+000  0.000000000000E+000 
 0.000000000000E+000  0.000000000000E+000  0.000000000000E+000 
 0.000000000000E+000  0.000000000000E+000  0.000000000000E+000 
 0.000000000000E+000  0.000000000000E+000  0.000000000000E+000 
 0.000000000000E+000  0.000000000000E+000  0.000000000000E+000 
 0.000000000000E+000  0.000000000000E+000  0.000000000000E+000 
12 3 ! 1 1 0 1 2 0
-2.959500240000E-001  2.531221880000E-001  1.577997800000E-002 
 2.013707800000E-002  9.412834100000E-002  7.684041000000E-003 
 6.362523100000E-002 -5.595230000000E-003 -2.762775400000E-002 
 2.541882590000E-001  3.171560400000E-002 -7.092489000000E-003 
-2.306489000000E-003  3.411940000000E-003 -8.569530000000E-004 
 4.704805000000E-003  4.762390000000E-004  3.770218000000E-003 
-3.541144000000E-003  1.240253000000E-003  6.350233000000E-003 
 3.871811000000E-003  3.333991000000E-003  9.564740000000E-004 
-1.078635700000E-002 -4.627804220000E-001 -4.542386000000E-003 
-4.530061900000E-002  5.941720400000E-002  1.268563400000E-002 
-2.126668000000E-003  3.510860000000E-004 -6.743120000000E-003 
 5.707963000000E-003  7.886690000000E-004 -4.228084000000E-003 
12 3 ! 1 2 0 1 1 0
 2.959500240000E-001 -2.531221880000E-001 -1.577997800000E-002 
-2.013707800000E-002 -9.412834100000E-002 -7.684041000000E-003 
-6.362523100000E-002  5.595230000000E-003  2.762775400000E-002 
-2.541882590000E-001 -3.171560400000E-002  7.092489000000E-003 
 2.306489000000E-003 -3.411940000000E-003  8.569530000000E-004 
-4.704805000000E-003 -4.762390000000E-004 -3.770218000000E-003 
 3.541144000000E-003 -1.240253000000E-003 -6.350233000000E-003 
-3.871811000000E-003 -3.333991000000E-003 -9.564740000000E-004 
 1.078635700000E-002  4.627804220000E-001  4.542386000000E-003 
 4.530061900000E-002 -5.941720400000E-002 -1.268563400000E-002 
 2.126668000000E-003 -3.510860000000E-004  6.743120000000E-003 
-5.707963000000E-003 -7.886690000000E-004  4.228084000000E-003 
12 3 ! 1 2 0 1 2 0
 0.000000000000E+000  0.000000000000E+000  0.000000000000E+000 
 0.000000000000E+000  0.000000000000E+000  0.000000000000E+000 
 0.000000000000E+000  0.000000000000E+000  0.000000000000E+000 
 0.000000000000E+000  0.000000000000E+000  0.000000000000E+000 
 0.000000000000E+000  0.000000000000E+000  0.000000000000E+000 
 0.000000000000E+000  0.000000000000E+000  0.000000000000E+000 
 0.000000000000E+000  0.000000000000E+000  0.000000000000E+000 
 0.000000000000E+000  0.000000000000E+000  0.000000000000E+000 
 0.000000000000E+000  0.000000000000E+000  0.000000000000E+000 
 0.000000000000E+000  0.000000000000E+000  0.000000000000E+000 
 0.000000000000E+000  0.000000000000E+000  0.000000000000E+000 
 0.000000000000E+000  0.000000000000E+000  0.000000000000E+000 
! 8 Runtime
 1.176496905000E+003
