! 1 Hamiltonian Matrix (2x2, complex)
2 2
-2.306561966597E+002  0.000000000000E+000  0.000000000000E+000  0.000000000000E+000 
 0.000000000000E+000  0.000000000000E+000 -2.305141408209E+002  0.000000000000E+000 

! 2 Dipole Moment Matrices (3x2x2, complex)
2 2
-1.236426600000E-001  0.000000000000E+000 -5.237462954200E-002  0.000000000000E+000 
-5.237462954200E-002  0.000000000000E+000  1.199805600000E-001  0.000000000000E+000 
2 2
 2.041139000000E-002  0.000000000000E+000 -2.383964160220E-001  0.000000000000E+000 
-2.383964160220E-001  0.000000000000E+000 -1.245243500000E-001  0.000000000000E+000 
2 2
 2.361127000000E-002  0.000000000000E+000  6.285829197500E-002  0.000000000000E+000 
 6.285829197500E-002  0.000000000000E+000 -1.304964000000E-002  0.000000000000E+000 
! 3 Gradient Vectors (2x12x3, real)
12 3 ! 1 1 0
-3.046182800000E-002 -1.382742300000E-002  1.299421100000E-002 
 1.247795440000E-001 -7.526469400000E-002 -1.239224100000E-002 
-6.105488400000E-002 -2.738628000000E-002  7.138618000000E-003 
-3.751755400000E-002  1.239396480000E-001  1.730707100000E-002 
 1.122716400000E-002 -1.793146200000E-002 -1.879880000000E-003 
-6.375921300000E-002  6.754479600000E-002 -1.883287000000E-003 
 3.770425200000E-002  5.101263000000E-003  1.519771000000E-003 
 4.117440000000E-003 -1.470795270000E-001 -2.595815300000E-002 
 4.981165000000E-003  9.900290700000E-002 -3.250809000000E-003 
-1.497100600000E-002  1.107191770000E-001 -1.019923200000E-002 
 3.240530900000E-002 -1.184631610000E-001  1.976967500000E-002 
-7.450389000000E-003 -6.355246000000E-003 -3.165744000000E-003 
12 3 ! 1 2 0
 7.208898300000E-002 -6.917414900000E-002  1.964176200000E-002 
 1.891597400000E-002 -1.569943460000E-001 -1.371576300000E-002 
-1.277443230000E-001  8.752162600000E-002  9.942686000000E-003 
 6.916074300000E-002  1.368769700000E-001  8.462227000000E-003 
 1.122203900000E-002 -1.717203500000E-002 -3.757046000000E-003 
-6.492299800000E-002  6.671155900000E-002 -3.891570000000E-003 
 3.810889800000E-002  6.320099000000E-003  4.482788000000E-003 
 5.179966000000E-003 -1.482204800000E-001 -2.419584000000E-002 
-1.590123580000E-001  1.475434180000E-001  2.350931000000E-003 
 1.108607730000E-001  6.839890500000E-002 -2.969543200000E-002 
 3.416754900000E-002 -1.137980800000E-001  3.042252000000E-002 
-8.025247000000E-003 -8.013486000000E-003 -4.726300000000E-005 
! 5 Non-adiabatic couplings (ddr) (2x2x12x3, real)
12 3 ! 1 1 0 1 1 0
 0.000000000000E+000  0.000000000000E+000  0.000000000000E+000 
 0.000000000000E+000  0.000000000000E+000  0.000000000000E+000 
 0.000000000000E+000  0.000000000000E+000  0.000000000000E+000 
 0.000000000000E+000  0.000000000000E+000  0.000000000000E+000 
 0.000000000000E+000  0.000000000000E+000  0.000000000000E+000 
 0.000000000000E+000  0.000000000000E+000  0.000000000000E+000 
 0.000000000000E+000  0.000000000000E+000  0.000000000000E+000 
 0.000000000000E+000  0.000000000000E+000  0.000000000000E+000 
 0.000000000000E+000  0.000000000000E+000  0.000000000000E+000 
 0.000000000000E+000  0.000000000000E+000  0.000000000000E+000 
 0.000000000000E+000  0.000000000000E+000  0.000000000000E+000 
 0.000000000000E+000  0.000000000000E+000  0.000000000000E+000 
12 3 ! 1 1 0 1 2 0
-1.515241590000E-001  1.416804670000E-001  1.684803200000E-002 
-1.269347420000E-001 -4.382277800000E-002  1.228154800000E-002 
 2.594067800000E-002  1.570876650000E-001 -1.770373500000E-002 
 3.978843470000E-001  5.226446200000E-002  2.293553500000E-002 
-3.808989000000E-003  5.064119000000E-003 -7.075309000000E-003 
 4.146282000000E-003 -2.059480000000E-003 -8.908951000000E-003 
-3.150014000000E-003  3.904977000000E-003 -1.284091000000E-003 
 7.979560000000E-003  6.979070000000E-003  1.698374000000E-003 
-2.510872870000E-001 -3.730680010000E-001 -6.332570000000E-004 
 9.782274900000E-002  1.691049100000E-002 -1.284069400000E-002 
-5.436360000000E-003  6.564020000000E-003  4.141743000000E-003 
 4.097362000000E-003 -1.772157000000E-003  1.718423000000E-003 
12 3 ! 1 2 0 1 1 0
 1.515241590000E-001 -1.416804670000E-001 -1.684803200000E-002 
 1.269347420000E-001  4.382277800000E-002 -1.228154800000E-002 
-2.594067800000E-002 -1.570876650000E-001  1.770373500000E-002 
-3.978843470000E-001 -5.226446200000E-002 -2.293553500000E-002 
 3.808989000000E-003 -5.064119000000E-003  7.075309000000E-003 
-4.146282000000E-003  2.059480000000E-003  8.908951000000E-003 
 3.150014000000E-003 -3.904977000000E-003  1.284091000000E-003 
-7.979560000000E-003 -6.979070000000E-003 -1.698374000000E-003 
 2.510872870000E-001  3.730680010000E-001  6.332570000000E-004 
-9.782274900000E-002 -1.691049100000E-002  1.284069400000E-002 
 5.436360000000E-003 -6.564020000000E-003 -4.141743000000E-003 
-4.097362000000E-003  1.772157000000E-003 -1.718423000000E-003 
12 3 ! 1 2 0 1 2 0
 0.000000000000E+000  0.000000000000E+000  0.000000000000E+000 
 0.000000000000E+000  0.000000000000E+000  0.000000000000E+000 
 0.000000000000E+000  0.000000000000E+000  0.000000000000E+000 
 0.000000000000E+000  0.000000000000E+000  0.000000000000E+000 
 0.000000000000E+000  0.000000000000E+000  0.000000000000E+000 
 0.000000000000E+000  0.000000000000E+000  0.000000000000E+000 
 0.000000000000E+000  0.000000000000E+000  0.000000000000E+000 
 0.000000000000E+000  0.000000000000E+000  0.000000000000E+000 
 0.000000000000E+000  0.000000000000E+000  0.000000000000E+000 
 0.000000000000E+000  0.000000000000E+000  0.000000000000E+000 
 0.000000000000E+000  0.000000000000E+000  0.000000000000E+000 
 0.000000000000E+000  0.000000000000E+000  0.000000000000E+000 
! 6 Overlap matrix (2x2, complex)
2 2
 2.346635955000E-001  0.000000000000E+000 -2.965721300000E-002  0.000000000000E+000 
 3.024035250000E-002  0.000000000000E+000  2.324132987000E-001  0.000000000000E+000 

! 7 Phases
2 ! for all nmstates
 1.000000000E+000  0.000000000E+000
 1.000000000E+000  0.000000000E+000
! 8 Runtime
 8.448883810000E+002
