! 1 Hamiltonian Matrix (2x2, complex)
2 2
-2.306425515209E+002  0.000000000000E+000  0.000000000000E+000  0.000000000000E+000 
 0.000000000000E+000  0.000000000000E+000 -2.305077847654E+002  0.000000000000E+000 

! 2 Dipole Moment Matrices (3x2x2, complex)
2 2
-1.975522400000E-001  0.000000000000E+000 -2.869634151600E-002  0.000000000000E+000 
-2.869634151600E-002  0.000000000000E+000 -1.983283000000E-002  0.000000000000E+000 
2 2
 3.790361000000E-002  0.000000000000E+000 -1.512594046680E-001  0.000000000000E+000 
-1.512594046680E-001  0.000000000000E+000 -2.158205300000E-001  0.000000000000E+000 
2 2
-1.677582200000E-001  0.000000000000E+000 -3.355188783100E-002  0.000000000000E+000 
-3.355188783100E-002  0.000000000000E+000 -1.357589700000E-001  0.000000000000E+000 
! 3 Gradient Vectors (2x12x3, real)
12 3 ! 1 1 0
 1.479540300000E-002 -9.733081000000E-003 -6.268385000000E-003 
-7.200893700000E-002  7.194064600000E-002  7.534066000000E-003 
-6.461041200000E-002  3.693234900000E-002  3.639426100000E-002 
-8.894233400000E-002 -9.789314100000E-002  3.898654700000E-002 
-8.790314000000E-003 -2.116497500000E-002  3.248076000000E-003 
 2.326167600000E-002 -5.055410700000E-002 -1.706020000000E-003 
 8.915729100000E-002  7.799087000000E-003 -4.909920100000E-002 
 2.652713000000E-002  1.214488900000E-002 -1.874488900000E-002 
 1.488517450000E-001  6.058757600000E-002 -7.044848000000E-003 
-1.047183960000E-001 -1.231987300000E-002 -6.441750000000E-003 
 9.105195000000E-003 -4.271407400000E-002 -7.021730000000E-004 
 2.737195200000E-002  4.497470200000E-002  3.844315000000E-003 
12 3 ! 1 2 0
 1.169119250000E-001 -6.959914400000E-002 -1.966849000000E-002 
-1.977507510000E-001  2.056896000000E-003  1.574390400000E-002 
-1.284783120000E-001  1.495285720000E-001  3.002062100000E-002 
 2.381867300000E-002 -9.053418200000E-002  4.884199100000E-002 
-8.767711000000E-003 -2.051829400000E-002  5.208511000000E-003 
 2.332108300000E-002 -5.098497800000E-002  2.163351000000E-003 
 9.010036500000E-002  9.098326000000E-003 -4.868933900000E-002 
 2.695869200000E-002  1.008932100000E-002 -2.234356300000E-002 
 9.714811000000E-003  9.433241700000E-002 -8.178004000000E-003 
 7.164203000000E-003 -3.595495600000E-002 -1.174767000000E-003 
 9.802268000000E-003 -4.042123300000E-002 -4.727607000000E-003 
 2.720475400000E-002  4.290725300000E-002  2.803393000000E-003 
! 5 Non-adiabatic couplings (ddr) (2x2x12x3, real)
12 3 ! 1 1 0 1 1 0
 0.000000000000E+000  0.000000000000E+000  0.000000000000E+000 
 0.000000000000E+000  0.000000000000E+000  0.000000000000E+000 
 0.000000000000E+000  0.000000000000E+000  0.000000000000E+000 
 0.000000000000E+000  0.000000000000E+000  0.000000000000E+000 
 0.000000000000E+000  0.000000000000E+000  0.000000000000E+000 
 0.000000000000E+000  0.000000000000E+000  0.000000000000E+000 
 0.000000000000E+000  0.000000000000E+000  0.000000000000E+000 
 0.000000000000E+000  0.000000000000E+000  0.000000000000E+000 
 0.000000000000E+000  0.000000000000E+000  0.000000000000E+000 
 0.000000000000E+000  0.000000000000E+000  0.000000000000E+000 
 0.000000000000E+000  0.000000000000E+000  0.000000000000E+000 
 0.000000000000E+000  0.000000000000E+000  0.000000000000E+000 
12 3 ! 1 1 0 1 2 0
-1.718321030000E-001  1.884512890000E-001 -1.369388500000E-002 
-9.207128600000E-002 -5.598666000000E-003  2.476333000000E-003 
-4.290554000000E-003  1.717581510000E-001  5.308363300000E-002 
 4.987792810000E-001  3.309168000000E-002 -5.428906400000E-002 
-2.280940000000E-003  4.954027000000E-003  6.354311000000E-003 
 1.545436000000E-003 -7.081180000000E-004  1.120098000000E-003 
-2.268395000000E-003  2.855560000000E-003 -4.635962000000E-003 
 8.428636000000E-003 -5.584933000000E-003 -7.091743000000E-003 
-3.236619490000E-001 -4.299601650000E-001 -2.786147000000E-003 
 8.222680300000E-002  2.404892000000E-002  7.169999000000E-003 
-3.768959000000E-003  2.893313000000E-003  2.850458000000E-003 
 3.902812000000E-003 -2.001776000000E-003  2.923308000000E-003 
12 3 ! 1 2 0 1 1 0
 1.718321030000E-001 -1.884512890000E-001  1.369388500000E-002 
 9.207128600000E-002  5.598666000000E-003 -2.476333000000E-003 
 4.290554000000E-003 -1.717581510000E-001 -5.308363300000E-002 
-4.987792810000E-001 -3.309168000000E-002  5.428906400000E-002 
 2.280940000000E-003 -4.954027000000E-003 -6.354311000000E-003 
-1.545436000000E-003  7.081180000000E-004 -1.120098000000E-003 
 2.268395000000E-003 -2.855560000000E-003  4.635962000000E-003 
-8.428636000000E-003  5.584933000000E-003  7.091743000000E-003 
 3.236619490000E-001  4.299601650000E-001  2.786147000000E-003 
-8.222680300000E-002 -2.404892000000E-002 -7.169999000000E-003 
 3.768959000000E-003 -2.893313000000E-003 -2.850458000000E-003 
-3.902812000000E-003  2.001776000000E-003 -2.923308000000E-003 
12 3 ! 1 2 0 1 2 0
 0.000000000000E+000  0.000000000000E+000  0.000000000000E+000 
 0.000000000000E+000  0.000000000000E+000  0.000000000000E+000 
 0.000000000000E+000  0.000000000000E+000  0.000000000000E+000 
 0.000000000000E+000  0.000000000000E+000  0.000000000000E+000 
 0.000000000000E+000  0.000000000000E+000  0.000000000000E+000 
 0.000000000000E+000  0.000000000000E+000  0.000000000000E+000 
 0.000000000000E+000  0.000000000000E+000  0.000000000000E+000 
 0.000000000000E+000  0.000000000000E+000  0.000000000000E+000 
 0.000000000000E+000  0.000000000000E+000  0.000000000000E+000 
 0.000000000000E+000  0.000000000000E+000  0.000000000000E+000 
 0.000000000000E+000  0.000000000000E+000  0.000000000000E+000 
 0.000000000000E+000  0.000000000000E+000  0.000000000000E+000 
! 6 Overlap matrix (2x2, complex)
2 2
 2.070148160000E-001  0.000000000000E+000 -1.341157650000E-002  0.000000000000E+000 
 1.078641130000E-002  0.000000000000E+000  2.059684833000E-001  0.000000000000E+000 

! 7 Phases
2 ! for all nmstates
 1.000000000E+000  0.000000000E+000
 1.000000000E+000  0.000000000E+000
! 8 Runtime
 1.522692330000E+002
