! 1 Hamiltonian Matrix (2x2, complex)
2 2
-2.307223115890E+002  0.000000000000E+000  0.000000000000E+000  0.000000000000E+000 
 0.000000000000E+000  0.000000000000E+000 -2.305712409676E+002  0.000000000000E+000 

! 2 Dipole Moment Matrices (3x2x2, complex)
2 2
-1.259874500000E-001  0.000000000000E+000 -6.554689499300E-002  0.000000000000E+000 
-6.554689499300E-002  0.000000000000E+000  2.014360900000E-001  0.000000000000E+000 
2 2
 3.896379000000E-002  0.000000000000E+000 -2.119444527740E-001  0.000000000000E+000 
-2.119444527740E-001  0.000000000000E+000 -6.229747000000E-002  0.000000000000E+000 
2 2
 5.300000000000E-006  0.000000000000E+000 -5.475200000000E-008  0.000000000000E+000 
-5.475200000000E-008  0.000000000000E+000 -3.220000000000E-006  0.000000000000E+000 
! 3 Gradient Vectors (2x12x3, real)
12 3 ! 1 1 0
 3.428000000000E-006 -8.346000000000E-006 -6.514000000000E-006 
-3.500000000000E-008  2.766600000000E-005 -2.500000000000E-008 
-1.559600000000E-005 -2.296800000000E-005  3.086000000000E-006 
 7.143000000000E-006  4.851000000000E-006  4.196000000000E-006 
 2.992000000000E-006 -7.688000000000E-006  1.048000000000E-006 
-9.937000000000E-006 -4.685000000000E-006  1.029000000000E-006 
-5.557000000000E-006  9.570000000000E-006 -2.549000000000E-006 
 6.890000000000E-006  4.602000000000E-006 -9.000000000000E-009 
-2.506300000000E-005  7.983000000000E-006 -4.560000000000E-007 
 4.070200000000E-005 -1.243800000000E-005 -2.410000000000E-007 
-1.284000000000E-006  4.759000000000E-006 -4.006000000000E-006 
-3.681000000000E-006 -3.306000000000E-006  4.441000000000E-006 
12 3 ! 1 2 0
 9.656079400000E-002 -6.775845600000E-002 -5.267000000000E-006 
-1.197104910000E-001 -7.050231000000E-002  2.325000000000E-006 
-5.900899600000E-002  1.257738640000E-001  1.803000000000E-006 
 1.179537390000E-001  1.416360000000E-003 -4.430000000000E-007 
-3.679400000000E-005  4.117220000000E-004  1.588000000000E-006 
-4.987570000000E-004 -1.224759000000E-003  1.246000000000E-006 
 2.797380000000E-004  1.292589000000E-003 -2.135000000000E-006 
-2.627180000000E-004 -3.191260000000E-004 -8.080000000000E-007 
-1.621881370000E-001  5.015936000000E-002  4.639000000000E-006 
 1.265687160000E-001 -3.914311700000E-002 -2.961000000000E-006 
 7.850230000000E-004  1.931072000000E-003  1.660000000000E-007 
-4.421170000000E-004 -2.037199000000E-003 -1.510000000000E-007 
! 5 Non-adiabatic couplings (ddr) (2x2x12x3, real)
12 3 ! 1 1 0 1 1 0
 0.000000000000E+000  0.000000000000E+000  0.000000000000E+000 
 0.000000000000E+000  0.000000000000E+000  0.000000000000E+000 
 0.000000000000E+000  0.000000000000E+000  0.000000000000E+000 
 0.000000000000E+000  0.000000000000E+000  0.000000000000E+000 
 0.000000000000E+000  0.000000000000E+000  0.000000000000E+000 
 0.000000000000E+000  0.000000000000E+000  0.000000000000E+000 
 0.000000000000E+000  0.000000000000E+000  0.000000000000E+000 
 0.000000000000E+000  0.000000000000E+000  0.000000000000E+000 
 0.000000000000E+000  0.000000000000E+000  0.000000000000E+000 
 0.000000000000E+000  0.000000000000E+000  0.000000000000E+000 
 0.000000000000E+000  0.000000000000E+000  0.000000000000E+000 
 0.000000000000E+000  0.000000000000E+000  0.000000000000E+000 
12 3 ! 1 1 0 1 2 0
-2.347512760000E-001  1.984177960000E-001 -7.442000000000E-006 
-4.123110300000E-002  5.756229900000E-002  3.335000000000E-006 
 6.652831700000E-002  2.423698100000E-002  9.541000000000E-006 
 3.057807350000E-001  3.125050600000E-002 -9.304000000000E-006 
-1.719679000000E-003  4.623856000000E-003  2.291000000000E-006 
 4.178532000000E-003 -7.200800000000E-004 -1.574000000000E-006 
-3.855465000000E-003  1.764595000000E-003 -3.233000000000E-006 
 4.029762000000E-003  2.845777000000E-003 -1.900000000000E-007 
-1.217750410000E-001 -3.937528360000E-001  2.899000000000E-006 
 1.319524700000E-002  4.266532400000E-002  6.005000000000E-006 
-4.288988000000E-003  2.845522000000E-003 -1.451000000000E-006 
 5.146665000000E-003 -7.247600000000E-005 -4.490000000000E-007 
12 3 ! 1 2 0 1 1 0
 2.347512760000E-001 -1.984177960000E-001  7.442000000000E-006 
 4.123110300000E-002 -5.756229900000E-002 -3.335000000000E-006 
-6.652831700000E-002 -2.423698100000E-002 -9.541000000000E-006 
-3.057807350000E-001 -3.125050600000E-002  9.304000000000E-006 
 1.719679000000E-003 -4.623856000000E-003 -2.291000000000E-006 
-4.178532000000E-003  7.200800000000E-004  1.574000000000E-006 
 3.855465000000E-003 -1.764595000000E-003  3.233000000000E-006 
-4.029762000000E-003 -2.845777000000E-003  1.900000000000E-007 
 1.217750410000E-001  3.937528360000E-001 -2.899000000000E-006 
-1.319524700000E-002 -4.266532400000E-002 -6.005000000000E-006 
 4.288988000000E-003 -2.845522000000E-003  1.451000000000E-006 
-5.146665000000E-003  7.247600000000E-005  4.490000000000E-007 
12 3 ! 1 2 0 1 2 0
 0.000000000000E+000  0.000000000000E+000  0.000000000000E+000 
 0.000000000000E+000  0.000000000000E+000  0.000000000000E+000 
 0.000000000000E+000  0.000000000000E+000  0.000000000000E+000 
 0.000000000000E+000  0.000000000000E+000  0.000000000000E+000 
 0.000000000000E+000  0.000000000000E+000  0.000000000000E+000 
 0.000000000000E+000  0.000000000000E+000  0.000000000000E+000 
 0.000000000000E+000  0.000000000000E+000  0.000000000000E+000 
 0.000000000000E+000  0.000000000000E+000  0.000000000000E+000 
 0.000000000000E+000  0.000000000000E+000  0.000000000000E+000 
 0.000000000000E+000  0.000000000000E+000  0.000000000000E+000 
 0.000000000000E+000  0.000000000000E+000  0.000000000000E+000 
 0.000000000000E+000  0.000000000000E+000  0.000000000000E+000 
! 8 Runtime
 7.053632300000E+001
