! 1 Hamiltonian Matrix (2x2, complex)
2 2
-2.306696564107E+002  0.000000000000E+000  0.000000000000E+000  0.000000000000E+000 
 0.000000000000E+000  0.000000000000E+000 -2.305222024487E+002  0.000000000000E+000 

! 2 Dipole Moment Matrices (3x2x2, complex)
2 2
-8.017956000000E-002  0.000000000000E+000 -4.913177331300E-002  0.000000000000E+000 
-4.913177331300E-002  0.000000000000E+000  1.360504800000E-001  0.000000000000E+000 
2 2
 1.182535600000E-001  0.000000000000E+000 -2.171209540620E-001  0.000000000000E+000 
-2.171209540620E-001  0.000000000000E+000 -7.014861000000E-002  0.000000000000E+000 
2 2
-5.090332000000E-002  0.000000000000E+000 -5.115669873300E-002  0.000000000000E+000 
-5.115669873300E-002  0.000000000000E+000 -9.609830000000E-002  0.000000000000E+000 
! 3 Gradient Vectors (2x12x3, real)
12 3 ! 1 1 0
-5.660918600000E-002 -2.331164100000E-002 -3.224864800000E-002 
 6.986708400000E-002 -9.831251000000E-003  2.845934900000E-002 
 6.715136400000E-002  4.580268400000E-002 -6.584524000000E-003 
-1.227221160000E-001  2.800479600000E-002  1.069700000000E-005 
-2.171281800000E-002 -1.469124000000E-002  1.698982000000E-003 
 3.019167000000E-003 -1.234502000000E-002 -2.835950000000E-003 
-2.892658000000E-002 -1.485312400000E-002 -9.502530000000E-004 
 2.743587300000E-002 -4.194850900000E-002  1.480115000000E-003 
-2.424938700000E-002  6.087128400000E-002  1.032581600000E-002 
 8.654637500000E-002  5.876595000000E-002  2.483545000000E-003 
 1.255383700000E-002 -8.565564900000E-002  7.709910000000E-004 
-1.235361200000E-002  9.191720000000E-003 -2.610120000000E-003 
12 3 ! 1 2 0
 3.606701600000E-002 -7.810546300000E-002 -2.633701500000E-002 
-3.544241100000E-002 -8.212361400000E-002  2.404092700000E-002 
 5.121033000000E-003  1.519522670000E-001 -1.049737500000E-002 
-1.043227700000E-002  4.895690700000E-002 -1.344754000000E-003 
-2.199364300000E-002 -1.424331600000E-002  2.566340000000E-003 
 2.757520000000E-003 -1.280861800000E-002 -2.463914000000E-003 
-2.842555800000E-002 -1.330648200000E-002 -1.170913000000E-003 
 2.779144600000E-002 -4.344664300000E-002 -2.083840000000E-004 
-1.969281160000E-001  1.022782960000E-001  2.092206900000E-002 
 2.214174570000E-001  1.558503000000E-002 -1.387961900000E-002 
 1.298266800000E-002 -8.166266000000E-002  1.107967200000E-002 
-1.291513400000E-002  6.924295000000E-003 -2.707034000000E-003 
! 5 Non-adiabatic couplings (ddr) (2x2x12x3, real)
12 3 ! 1 1 0 1 1 0
 0.000000000000E+000  0.000000000000E+000  0.000000000000E+000 
 0.000000000000E+000  0.000000000000E+000  0.000000000000E+000 
 0.000000000000E+000  0.000000000000E+000  0.000000000000E+000 
 0.000000000000E+000  0.000000000000E+000  0.000000000000E+000 
 0.000000000000E+000  0.000000000000E+000  0.000000000000E+000 
 0.000000000000E+000  0.000000000000E+000  0.000000000000E+000 
 0.000000000000E+000  0.000000000000E+000  0.000000000000E+000 
 0.000000000000E+000  0.000000000000E+000  0.000000000000E+000 
 0.000000000000E+000  0.000000000000E+000  0.000000000000E+000 
 0.000000000000E+000  0.000000000000E+000  0.000000000000E+000 
 0.000000000000E+000  0.000000000000E+000  0.000000000000E+000 
 0.000000000000E+000  0.000000000000E+000  0.000000000000E+000 
12 3 ! 1 1 0 1 2 0
-1.460427440000E-001  1.707235680000E-001 -2.743467100000E-002 
-1.156673720000E-001 -2.961087000000E-002 -1.987924300000E-002 
 3.394217200000E-002  1.331266480000E-001  1.636109000000E-002 
 3.570991620000E-001  5.154127100000E-002  7.958725000000E-003 
 3.333290000000E-004  3.954765000000E-003  1.312093000000E-002 
 4.469801000000E-003 -9.388750000000E-004  9.622834000000E-003 
-5.227465000000E-003  3.328665000000E-003 -1.854467000000E-003 
 6.761403000000E-003 -1.743623000000E-003 -6.464095000000E-003 
-1.971963670000E-001 -3.906990130000E-001  1.424589000000E-003 
 5.946842200000E-002  3.193615900000E-002 -6.978620000000E-004 
-3.539709000000E-003  3.124723000000E-003 -1.894970000000E-003 
 4.943027000000E-003 -1.675090000000E-004  3.430965000000E-003 
12 3 ! 1 2 0 1 1 0
 1.460427440000E-001 -1.707235680000E-001  2.743467100000E-002 
 1.156673720000E-001  2.961087000000E-002  1.987924300000E-002 
-3.394217200000E-002 -1.331266480000E-001 -1.636109000000E-002 
-3.570991620000E-001 -5.154127100000E-002 -7.958725000000E-003 
-3.333290000000E-004 -3.954765000000E-003 -1.312093000000E-002 
-4.469801000000E-003  9.388750000000E-004 -9.622834000000E-003 
 5.227465000000E-003 -3.328665000000E-003  1.854467000000E-003 
-6.761403000000E-003  1.743623000000E-003  6.464095000000E-003 
 1.971963670000E-001  3.906990130000E-001 -1.424589000000E-003 
-5.946842200000E-002 -3.193615900000E-002  6.978620000000E-004 
 3.539709000000E-003 -3.124723000000E-003  1.894970000000E-003 
-4.943027000000E-003  1.675090000000E-004 -3.430965000000E-003 
12 3 ! 1 2 0 1 2 0
 0.000000000000E+000  0.000000000000E+000  0.000000000000E+000 
 0.000000000000E+000  0.000000000000E+000  0.000000000000E+000 
 0.000000000000E+000  0.000000000000E+000  0.000000000000E+000 
 0.000000000000E+000  0.000000000000E+000  0.000000000000E+000 
 0.000000000000E+000  0.000000000000E+000  0.000000000000E+000 
 0.000000000000E+000  0.000000000000E+000  0.000000000000E+000 
 0.000000000000E+000  0.000000000000E+000  0.000000000000E+000 
 0.000000000000E+000  0.000000000000E+000  0.000000000000E+000 
 0.000000000000E+000  0.000000000000E+000  0.000000000000E+000 
 0.000000000000E+000  0.000000000000E+000  0.000000000000E+000 
 0.000000000000E+000  0.000000000000E+000  0.000000000000E+000 
 0.000000000000E+000  0.000000000000E+000  0.000000000000E+000 
! 6 Overlap matrix (2x2, complex)
2 2
 2.172337998000E-001  0.000000000000E+000 -1.583670320000E-002  0.000000000000E+000 
 1.562490440000E-002  0.000000000000E+000  2.132078725000E-001  0.000000000000E+000 

! 7 Phases
2 ! for all nmstates
 1.000000000E+000  0.000000000E+000
 1.000000000E+000  0.000000000E+000
! 8 Runtime
 1.461452840000E+002
