! 1 Hamiltonian Matrix (2x2, complex)
2 2
-2.306692712686E+002  0.000000000000E+000  0.000000000000E+000  0.000000000000E+000 
 0.000000000000E+000  0.000000000000E+000 -2.305254884339E+002  0.000000000000E+000 

! 2 Dipole Moment Matrices (3x2x2, complex)
2 2
-1.452234000000E-001  0.000000000000E+000  1.153723747700E-002  0.000000000000E+000 
 1.153723747700E-002  0.000000000000E+000  1.877849600000E-001  0.000000000000E+000 
2 2
 4.373541000000E-002  0.000000000000E+000 -2.193223887650E-001  0.000000000000E+000 
-2.193223887650E-001  0.000000000000E+000 -4.137621000000E-002  0.000000000000E+000 
2 2
-1.909456000000E-002  0.000000000000E+000 -1.935868487800E-002  0.000000000000E+000 
-1.935868487800E-002  0.000000000000E+000 -1.864261000000E-002  0.000000000000E+000 
! 3 Gradient Vectors (2x12x3, real)
12 3 ! 1 1 0
 1.986201900000E-002 -7.897519500000E-002  1.718330000000E-003 
-1.306897500000E-001  8.969056200000E-002 -2.040822600000E-002 
 7.892018500000E-002 -1.197557500000E-002 -7.829456000000E-003 
-5.865092900000E-002 -4.178113300000E-002  1.982603600000E-002 
 5.192479200000E-002  6.862216800000E-002 -5.502055000000E-003 
 4.834570000000E-002 -6.456820200000E-002  1.787535600000E-002 
-3.858687300000E-002 -7.707924000000E-003  2.394728000000E-003 
 3.239024600000E-002  3.917271100000E-002 -1.348702100000E-002 
 3.483011100000E-002  2.339239400000E-002  2.246266000000E-003 
-4.318461900000E-002 -7.091090500000E-002  1.111216300000E-002 
 2.718265000000E-003  4.615668500000E-002 -6.538314000000E-003 
 2.120853000000E-003  8.884414000000E-003 -1.407808000000E-003 
12 3 ! 1 2 0
 1.170585810000E-001 -1.444292420000E-001 -3.292541000000E-003 
-2.552075230000E-001  1.729280700000E-002 -1.554768000000E-002 
 2.439782800000E-002  1.136787890000E-001 -5.258280000000E-003 
 5.723046200000E-002 -4.289894200000E-002  2.369748700000E-002 
 5.221809900000E-002  6.934962300000E-002 -2.750424000000E-003 
 4.807575200000E-002 -6.565641400000E-002  1.792538400000E-002 
-3.852118500000E-002 -6.354957000000E-003 -6.179010000000E-004 
 3.238556500000E-002  3.836677900000E-002 -1.387898700000E-002 
-1.235977240000E-001  6.642591500000E-002  1.424771000000E-003 
 8.098739800000E-002 -9.966556100000E-002 -6.623330000000E-004 
 3.616615000000E-003  4.715697400000E-002 -2.744783000000E-003 
 1.356132000000E-003  6.734228000000E-003  1.705288000000E-003 
! 5 Non-adiabatic couplings (ddr) (2x2x12x3, real)
12 3 ! 1 1 0 1 1 0
 0.000000000000E+000  0.000000000000E+000  0.000000000000E+000 
 0.000000000000E+000  0.000000000000E+000  0.000000000000E+000 
 0.000000000000E+000  0.000000000000E+000  0.000000000000E+000 
 0.000000000000E+000  0.000000000000E+000  0.000000000000E+000 
 0.000000000000E+000  0.000000000000E+000  0.000000000000E+000 
 0.000000000000E+000  0.000000000000E+000  0.000000000000E+000 
 0.000000000000E+000  0.000000000000E+000  0.000000000000E+000 
 0.000000000000E+000  0.000000000000E+000  0.000000000000E+000 
 0.000000000000E+000  0.000000000000E+000  0.000000000000E+000 
 0.000000000000E+000  0.000000000000E+000  0.000000000000E+000 
 0.000000000000E+000  0.000000000000E+000  0.000000000000E+000 
 0.000000000000E+000  0.000000000000E+000  0.000000000000E+000 
12 3 ! 1 1 0 1 2 0
-2.013735470000E-001  1.640637150000E-001 -1.349255000000E-002 
-5.672279900000E-002  4.939925400000E-002  3.226985000000E-002 
 4.250072400000E-002  5.818105900000E-002 -7.243143000000E-003 
 3.895699970000E-001  3.799350000000E-002 -1.658241300000E-002 
-4.312420000000E-003  7.357807000000E-003 -1.882991000000E-003 
 1.739815000000E-003  1.515040000000E-004 -3.618020000000E-003 
-4.933406000000E-003  2.528361000000E-003 -5.334960000000E-004 
 3.727842000000E-003 -1.528424000000E-003  2.208362000000E-003 
-2.362426840000E-001 -3.770301790000E-001  1.728492000000E-003 
 6.396667700000E-002  2.778247800000E-002  1.106740000000E-004 
-4.324175000000E-003  4.010962000000E-003  3.687904000000E-003 
 3.865999000000E-003 -9.703580000000E-004  3.348400000000E-005 
12 3 ! 1 2 0 1 1 0
 2.013735470000E-001 -1.640637150000E-001  1.349255000000E-002 
 5.672279900000E-002 -4.939925400000E-002 -3.226985000000E-002 
-4.250072400000E-002 -5.818105900000E-002  7.243143000000E-003 
-3.895699970000E-001 -3.799350000000E-002  1.658241300000E-002 
 4.312420000000E-003 -7.357807000000E-003  1.882991000000E-003 
-1.739815000000E-003 -1.515040000000E-004  3.618020000000E-003 
 4.933406000000E-003 -2.528361000000E-003  5.334960000000E-004 
-3.727842000000E-003  1.528424000000E-003 -2.208362000000E-003 
 2.362426840000E-001  3.770301790000E-001 -1.728492000000E-003 
-6.396667700000E-002 -2.778247800000E-002 -1.106740000000E-004 
 4.324175000000E-003 -4.010962000000E-003 -3.687904000000E-003 
-3.865999000000E-003  9.703580000000E-004 -3.348400000000E-005 
12 3 ! 1 2 0 1 2 0
 0.000000000000E+000  0.000000000000E+000  0.000000000000E+000 
 0.000000000000E+000  0.000000000000E+000  0.000000000000E+000 
 0.000000000000E+000  0.000000000000E+000  0.000000000000E+000 
 0.000000000000E+000  0.000000000000E+000  0.000000000000E+000 
 0.000000000000E+000  0.000000000000E+000  0.000000000000E+000 
 0.000000000000E+000  0.000000000000E+000  0.000000000000E+000 
 0.000000000000E+000  0.000000000000E+000  0.000000000000E+000 
 0.000000000000E+000  0.000000000000E+000  0.000000000000E+000 
 0.000000000000E+000  0.000000000000E+000  0.000000000000E+000 
 0.000000000000E+000  0.000000000000E+000  0.000000000000E+000 
 0.000000000000E+000  0.000000000000E+000  0.000000000000E+000 
 0.000000000000E+000  0.000000000000E+000  0.000000000000E+000 
! 6 Overlap matrix (2x2, complex)
2 2
 4.710651961000E-001  0.000000000000E+000 -7.226040900000E-003  0.000000000000E+000 
 7.282865500000E-003  0.000000000000E+000  4.670873566000E-001  0.000000000000E+000 

! 7 Phases
2 ! for all nmstates
 1.000000000E+000  0.000000000E+000
 1.000000000E+000  0.000000000E+000
! 8 Runtime
 1.297883710000E+002
