! 1 Hamiltonian Matrix (2x2, complex)
2 2
-2.307221171928E+002  0.000000000000E+000  0.000000000000E+000  0.000000000000E+000 
 0.000000000000E+000  0.000000000000E+000 -2.305719713853E+002  0.000000000000E+000 

! 2 Dipole Moment Matrices (3x2x2, complex)
2 2
-1.293215700000E-001  0.000000000000E+000 -6.807554565100E-002  0.000000000000E+000 
-6.807554565100E-002  0.000000000000E+000  1.935758100000E-001  0.000000000000E+000 
2 2
 3.997413000000E-002  0.000000000000E+000 -2.110878075680E-001  0.000000000000E+000 
-2.110878075680E-001  0.000000000000E+000 -6.837040000000E-002  0.000000000000E+000 
2 2
 5.184220000000E-003  0.000000000000E+000 -2.438734549000E-003  0.000000000000E+000 
-2.438734549000E-003  0.000000000000E+000  4.655780000000E-003  0.000000000000E+000 
! 3 Gradient Vectors (2x12x3, real)
12 3 ! 1 1 0
 5.251500000000E-004 -8.278840000000E-004 -3.887820000000E-004 
 5.019197000000E-003 -3.047560000000E-004  7.926220000000E-004 
-7.365462000000E-003 -1.477731000000E-003 -1.454970000000E-003 
 1.413643000000E-003 -3.682340000000E-004  2.030240000000E-004 
-2.072457000000E-003 -2.164063000000E-003 -3.550200000000E-005 
-4.722971000000E-003  3.802681000000E-003 -1.554130000000E-004 
 5.052522000000E-003  1.328683000000E-003  7.683540000000E-004 
-1.871340000000E-004 -3.288440000000E-004 -2.927780000000E-004 
 6.523378000000E-003  1.447610000000E-004  6.879320000000E-004 
-3.999473000000E-003  1.338639000000E-003 -4.844440000000E-004 
-2.277560000000E-004 -3.267147000000E-003  3.503870000000E-004 
 4.136400000000E-005  2.123894000000E-003  9.570000000000E-006 
12 3 ! 1 2 0
 9.746498000000E-002 -6.803981200000E-002 -3.453680000000E-004 
-1.151348400000E-001 -7.142650900000E-002  8.287420000000E-004 
-6.647503100000E-002  1.246284180000E-001 -1.477731000000E-003 
 1.193274600000E-001  1.055867000000E-003  1.915170000000E-004 
-2.135972000000E-003 -1.740898000000E-003  3.182400000000E-005 
-5.275008000000E-003  2.614171000000E-003 -1.669550000000E-004 
 5.358457000000E-003  2.613690000000E-003  6.044790000000E-004 
-4.396150000000E-004 -6.470350000000E-004 -1.945490000000E-004 
-1.550409210000E-001  4.937913400000E-002  5.376180000000E-004 
 1.222192060000E-001 -3.720228600000E-002  2.062300000000E-005 
 5.427890000000E-004 -1.319548000000E-003 -4.329800000000E-005 
-4.115050000000E-004  8.480700000000E-005  1.309700000000E-005 
! 5 Non-adiabatic couplings (ddr) (2x2x12x3, real)
12 3 ! 1 1 0 1 1 0
 0.000000000000E+000  0.000000000000E+000  0.000000000000E+000 
 0.000000000000E+000  0.000000000000E+000  0.000000000000E+000 
 0.000000000000E+000  0.000000000000E+000  0.000000000000E+000 
 0.000000000000E+000  0.000000000000E+000  0.000000000000E+000 
 0.000000000000E+000  0.000000000000E+000  0.000000000000E+000 
 0.000000000000E+000  0.000000000000E+000  0.000000000000E+000 
 0.000000000000E+000  0.000000000000E+000  0.000000000000E+000 
 0.000000000000E+000  0.000000000000E+000  0.000000000000E+000 
 0.000000000000E+000  0.000000000000E+000  0.000000000000E+000 
 0.000000000000E+000  0.000000000000E+000  0.000000000000E+000 
 0.000000000000E+000  0.000000000000E+000  0.000000000000E+000 
 0.000000000000E+000  0.000000000000E+000  0.000000000000E+000 
12 3 ! 1 1 0 1 2 0
-2.343626410000E-001  2.003139240000E-001 -8.299570000000E-004 
-4.212320500000E-002  5.624163200000E-002 -2.151770000000E-004 
 6.561926800000E-002  2.771021200000E-002 -1.613072000000E-003 
 3.085429370000E-001  3.111224100000E-002  6.515530000000E-004 
-1.600688000000E-003  4.544587000000E-003  1.324490000000E-004 
 4.212744000000E-003 -8.107770000000E-004  5.591890000000E-004 
-3.775974000000E-003  1.856797000000E-003  4.125780000000E-004 
 4.059967000000E-003  2.875976000000E-003 -1.231790000000E-004 
-1.229116590000E-001 -3.976718560000E-001  1.069531000000E-003 
 1.253860000000E-002  4.300099200000E-002 -4.511710000000E-004 
-4.306939000000E-003  2.812725000000E-003  1.456430000000E-004 
 5.105258000000E-003 -7.569800000000E-005 -1.472230000000E-004 
12 3 ! 1 2 0 1 1 0
 2.343626410000E-001 -2.003139240000E-001  8.299570000000E-004 
 4.212320500000E-002 -5.624163200000E-002  2.151770000000E-004 
-6.561926800000E-002 -2.771021200000E-002  1.613072000000E-003 
-3.085429370000E-001 -3.111224100000E-002 -6.515530000000E-004 
 1.600688000000E-003 -4.544587000000E-003 -1.324490000000E-004 
-4.212744000000E-003  8.107770000000E-004 -5.591890000000E-004 
 3.775974000000E-003 -1.856797000000E-003 -4.125780000000E-004 
-4.059967000000E-003 -2.875976000000E-003  1.231790000000E-004 
 1.229116590000E-001  3.976718560000E-001 -1.069531000000E-003 
-1.253860000000E-002 -4.300099200000E-002  4.511710000000E-004 
 4.306939000000E-003 -2.812725000000E-003 -1.456430000000E-004 
-5.105258000000E-003  7.569800000000E-005  1.472230000000E-004 
12 3 ! 1 2 0 1 2 0
 0.000000000000E+000  0.000000000000E+000  0.000000000000E+000 
 0.000000000000E+000  0.000000000000E+000  0.000000000000E+000 
 0.000000000000E+000  0.000000000000E+000  0.000000000000E+000 
 0.000000000000E+000  0.000000000000E+000  0.000000000000E+000 
 0.000000000000E+000  0.000000000000E+000  0.000000000000E+000 
 0.000000000000E+000  0.000000000000E+000  0.000000000000E+000 
 0.000000000000E+000  0.000000000000E+000  0.000000000000E+000 
 0.000000000000E+000  0.000000000000E+000  0.000000000000E+000 
 0.000000000000E+000  0.000000000000E+000  0.000000000000E+000 
 0.000000000000E+000  0.000000000000E+000  0.000000000000E+000 
 0.000000000000E+000  0.000000000000E+000  0.000000000000E+000 
 0.000000000000E+000  0.000000000000E+000  0.000000000000E+000 
! 6 Overlap matrix (2x2, complex)
2 2
 9.986744432000E-001  0.000000000000E+000 -3.383340000000E-005  0.000000000000E+000 
 3.237430000000E-005  0.000000000000E+000  9.986680371000E-001  0.000000000000E+000 

! 7 Phases
2 ! for all nmstates
 1.000000000E+000  0.000000000E+000
 1.000000000E+000  0.000000000E+000
! 8 Runtime
 1.814146830000E+002
