! 1 Hamiltonian Matrix (2x2, complex)
2 2
-2.306938010804E+002  0.000000000000E+000  0.000000000000E+000  0.000000000000E+000 
 0.000000000000E+000  0.000000000000E+000 -2.305529882215E+002  0.000000000000E+000 

! 2 Dipole Moment Matrices (3x2x2, complex)
2 2
-1.963349800000E-001  0.000000000000E+000 -7.267742076600E-002  0.000000000000E+000 
-7.267742076600E-002  0.000000000000E+000  1.226050300000E-001  0.000000000000E+000 
2 2
 5.846763000000E-002  0.000000000000E+000 -1.615564496790E-001  0.000000000000E+000 
-1.615564496790E-001  0.000000000000E+000  7.675247000000E-002  0.000000000000E+000 
2 2
 5.096183000000E-002  0.000000000000E+000 -9.015911829000E-003  0.000000000000E+000 
-9.015911829000E-003  0.000000000000E+000  1.618265000000E-002  0.000000000000E+000 
! 3 Gradient Vectors (2x12x3, real)
12 3 ! 1 1 0
-3.802724000000E-002  3.886917400000E-002 -7.912925000000E-003 
 8.877443000000E-003  2.306796300000E-002  2.331055000000E-003 
 4.464326900000E-002  1.605420600000E-002 -1.157388500000E-002 
-2.905304000000E-002  9.051477900000E-002  5.280950000000E-004 
 6.632403000000E-003  2.272808900000E-002 -2.584490000000E-004 
 1.094865300000E-002 -4.887140500000E-002  8.412780000000E-004 
-1.050088700000E-002  1.658945000000E-003  5.559843000000E-003 
 8.411576000000E-003 -7.637357200000E-002 -3.728388000000E-003 
-1.764008600000E-002 -7.384065800000E-002  2.023988300000E-002 
 1.485636100000E-002  4.023689600000E-002 -1.036856800000E-002 
 3.530140000000E-003 -3.926140200000E-002  5.775090000000E-004 
-2.678592000000E-003  5.216986000000E-003  3.764553000000E-003 
12 3 ! 1 2 0
 4.921923500000E-002 -2.917501800000E-002 -1.764076000000E-003 
-9.892233800000E-002 -3.920860800000E-002  4.790675000000E-003 
-1.664369200000E-002  1.334857810000E-001 -7.241607000000E-003 
 9.049048200000E-002  9.593790100000E-002 -6.367269000000E-003 
 7.123904000000E-003  2.283175000000E-002  6.191320000000E-004 
 1.000225100000E-002 -4.982496100000E-002 -1.557324000000E-003 
-1.063504200000E-002  2.576678000000E-003  4.354359000000E-003 
 8.402696000000E-003 -7.705994700000E-002 -1.849976000000E-003 
-1.767776470000E-001 -2.303050900000E-002 -3.640690000000E-004 
 1.365524590000E-001 -2.424350000000E-003  6.700813000000E-003 
 4.434857000000E-003 -3.682360900000E-002  3.748683000000E-003 
-3.247165000000E-003  2.714892000000E-003 -1.069340000000E-003 
! 5 Non-adiabatic couplings (ddr) (2x2x12x3, real)
12 3 ! 1 1 0 1 1 0
 0.000000000000E+000  0.000000000000E+000  0.000000000000E+000 
 0.000000000000E+000  0.000000000000E+000  0.000000000000E+000 
 0.000000000000E+000  0.000000000000E+000  0.000000000000E+000 
 0.000000000000E+000  0.000000000000E+000  0.000000000000E+000 
 0.000000000000E+000  0.000000000000E+000  0.000000000000E+000 
 0.000000000000E+000  0.000000000000E+000  0.000000000000E+000 
 0.000000000000E+000  0.000000000000E+000  0.000000000000E+000 
 0.000000000000E+000  0.000000000000E+000  0.000000000000E+000 
 0.000000000000E+000  0.000000000000E+000  0.000000000000E+000 
 0.000000000000E+000  0.000000000000E+000  0.000000000000E+000 
 0.000000000000E+000  0.000000000000E+000  0.000000000000E+000 
 0.000000000000E+000  0.000000000000E+000  0.000000000000E+000 
12 3 ! 1 1 0 1 2 0
-3.358144120000E-001  2.626087110000E-001  2.569259700000E-002 
 4.274937700000E-002  1.204900470000E-001  1.415760000000E-002 
 8.120241000000E-002 -5.329008500000E-002 -3.233258000000E-002 
 2.361694290000E-001  5.204333900000E-002 -7.291851000000E-003 
-2.375959000000E-003  4.844795000000E-003 -3.625193000000E-003 
 3.499730000000E-003 -1.294990000000E-003  1.595256000000E-003 
-4.163366000000E-003 -5.842630000000E-004  5.213612000000E-003 
 5.071665000000E-003  4.328695000000E-003  1.124725000000E-003 
 1.087644500000E-002 -4.743488400000E-001  3.144949000000E-003 
-4.674951600000E-002  6.561259000000E-002 -4.947814000000E-003 
-4.579580000000E-003  1.922057000000E-003  3.634722000000E-003 
 5.422380000000E-003  3.117670000000E-004 -6.185766000000E-003 
12 3 ! 1 2 0 1 1 0
 3.358144120000E-001 -2.626087110000E-001 -2.569259700000E-002 
-4.274937700000E-002 -1.204900470000E-001 -1.415760000000E-002 
-8.120241000000E-002  5.329008500000E-002  3.233258000000E-002 
-2.361694290000E-001 -5.204333900000E-002  7.291851000000E-003 
 2.375959000000E-003 -4.844795000000E-003  3.625193000000E-003 
-3.499730000000E-003  1.294990000000E-003 -1.595256000000E-003 
 4.163366000000E-003  5.842630000000E-004 -5.213612000000E-003 
-5.071665000000E-003 -4.328695000000E-003 -1.124725000000E-003 
-1.087644500000E-002  4.743488400000E-001 -3.144949000000E-003 
 4.674951600000E-002 -6.561259000000E-002  4.947814000000E-003 
 4.579580000000E-003 -1.922057000000E-003 -3.634722000000E-003 
-5.422380000000E-003 -3.117670000000E-004  6.185766000000E-003 
12 3 ! 1 2 0 1 2 0
 0.000000000000E+000  0.000000000000E+000  0.000000000000E+000 
 0.000000000000E+000  0.000000000000E+000  0.000000000000E+000 
 0.000000000000E+000  0.000000000000E+000  0.000000000000E+000 
 0.000000000000E+000  0.000000000000E+000  0.000000000000E+000 
 0.000000000000E+000  0.000000000000E+000  0.000000000000E+000 
 0.000000000000E+000  0.000000000000E+000  0.000000000000E+000 
 0.000000000000E+000  0.000000000000E+000  0.000000000000E+000 
 0.000000000000E+000  0.000000000000E+000  0.000000000000E+000 
 0.000000000000E+000  0.000000000000E+000  0.000000000000E+000 
 0.000000000000E+000  0.000000000000E+000  0.000000000000E+000 
 0.000000000000E+000  0.000000000000E+000  0.000000000000E+000 
 0.000000000000E+000  0.000000000000E+000  0.000000000000E+000 
! 6 Overlap matrix (2x2, complex)
2 2
 1.803487514000E-001  0.000000000000E+000  6.316320400000E-003  0.000000000000E+000 
-6.359764000000E-003  0.000000000000E+000  1.792697512000E-001  0.000000000000E+000 

! 7 Phases
2 ! for all nmstates
 1.000000000E+000  0.000000000E+000
 1.000000000E+000  0.000000000E+000
! 8 Runtime
 1.379213330000E+002
