! 1 Hamiltonian Matrix (2x2, complex)
2 2
-2.307098183481E+002  0.000000000000E+000  0.000000000000E+000  0.000000000000E+000 
 0.000000000000E+000  0.000000000000E+000 -2.305657604509E+002  0.000000000000E+000 

! 2 Dipole Moment Matrices (3x2x2, complex)
2 2
-1.602313900000E-001  0.000000000000E+000 -8.054621670000E-002  0.000000000000E+000 
-8.054621670000E-002  0.000000000000E+000  1.349065900000E-001  0.000000000000E+000 
2 2
 4.712552000000E-002  0.000000000000E+000 -2.065198290650E-001  0.000000000000E+000 
-2.065198290650E-001  0.000000000000E+000 -1.063448900000E-001  0.000000000000E+000 
2 2
 3.447030000000E-002  0.000000000000E+000 -1.711071880000E-002  0.000000000000E+000 
-1.711071880000E-002  0.000000000000E+000  3.627620000000E-002  0.000000000000E+000 
! 3 Gradient Vectors (2x12x3, real)
12 3 ! 1 1 0
 6.655478000000E-003 -9.484430000000E-003 -1.547539000000E-003 
 4.083821400000E-002 -8.951484000000E-003  5.512272000000E-003 
-5.459779700000E-002 -1.109966600000E-002 -1.445825800000E-002 
 1.132737300000E-002 -4.581195000000E-003  2.023772000000E-003 
-1.627295000000E-002 -1.556945700000E-002 -2.781910000000E-004 
-4.080209900000E-002  3.855275400000E-002 -1.243602000000E-003 
 3.487593800000E-002  9.328875000000E-003  9.230603000000E-003 
-1.382678000000E-003 -2.162402000000E-003 -2.148515000000E-003 
 4.895685400000E-002  3.082154000000E-003  3.247984000000E-003 
-3.119243200000E-002  1.121151600000E-002 -1.921446000000E-003 
-7.078370000000E-004 -2.842268400000E-002  1.464201000000E-003 
 2.301935000000E-003  1.809601900000E-002  1.187180000000E-004 
12 3 ! 1 2 0
 1.060725690000E-001 -7.270451200000E-002 -1.193625000000E-003 
-8.192377500000E-002 -8.390971900000E-002  6.144200000000E-003 
-1.145784940000E-001  1.166303120000E-001 -1.450414200000E-002 
 1.288750370000E-001 -3.192195000000E-003  1.547698000000E-003 
-1.650533100000E-002 -1.512921800000E-002 -3.486000000000E-006 
-4.191317500000E-002  3.753308900000E-002 -1.331252000000E-003 
 3.533287500000E-002  1.068855100000E-002  8.048174000000E-003 
-1.512858000000E-003 -2.411404000000E-003 -1.352305000000E-003 
-1.079333780000E-001  4.646933500000E-002  2.419018000000E-003 
 9.241280300000E-002 -2.383868300000E-002  1.375014000000E-003 
-8.491300000000E-005 -2.612143500000E-002 -1.856829000000E-003 
 1.758639000000E-003  1.598587900000E-002  7.075340000000E-004 
! 5 Non-adiabatic couplings (ddr) (2x2x12x3, real)
12 3 ! 1 1 0 1 1 0
 0.000000000000E+000  0.000000000000E+000  0.000000000000E+000 
 0.000000000000E+000  0.000000000000E+000  0.000000000000E+000 
 0.000000000000E+000  0.000000000000E+000  0.000000000000E+000 
 0.000000000000E+000  0.000000000000E+000  0.000000000000E+000 
 0.000000000000E+000  0.000000000000E+000  0.000000000000E+000 
 0.000000000000E+000  0.000000000000E+000  0.000000000000E+000 
 0.000000000000E+000  0.000000000000E+000  0.000000000000E+000 
 0.000000000000E+000  0.000000000000E+000  0.000000000000E+000 
 0.000000000000E+000  0.000000000000E+000  0.000000000000E+000 
 0.000000000000E+000  0.000000000000E+000  0.000000000000E+000 
 0.000000000000E+000  0.000000000000E+000  0.000000000000E+000 
 0.000000000000E+000  0.000000000000E+000  0.000000000000E+000 
12 3 ! 1 1 0 1 2 0
-2.283292410000E-001  2.103625460000E-001 -4.886790000000E-003 
-5.080944100000E-002  4.668779400000E-002 -3.036175000000E-003 
 5.939504200000E-002  5.372023400000E-002 -1.249842200000E-002 
 3.299260940000E-001  3.028761100000E-002  4.384545000000E-003 
-8.345940000000E-004  4.092535000000E-003  4.415840000000E-004 
 4.297837000000E-003 -1.546757000000E-003  4.394199000000E-003 
-3.521323000000E-003  2.521432000000E-003  3.142554000000E-003 
 4.268567000000E-003  3.013512000000E-003 -5.119520000000E-004 
-1.359270570000E-001 -4.222015200000E-001  1.002995500000E-002 
 1.107591600000E-002  4.420991800000E-002 -4.219706000000E-003 
-4.320803000000E-003  2.589973000000E-003  8.375810000000E-004 
 4.838892000000E-003 -1.492370000000E-004 -8.313710000000E-004 
12 3 ! 1 2 0 1 1 0
 2.283292410000E-001 -2.103625460000E-001  4.886790000000E-003 
 5.080944100000E-002 -4.668779400000E-002  3.036175000000E-003 
-5.939504200000E-002 -5.372023400000E-002  1.249842200000E-002 
-3.299260940000E-001 -3.028761100000E-002 -4.384545000000E-003 
 8.345940000000E-004 -4.092535000000E-003 -4.415840000000E-004 
-4.297837000000E-003  1.546757000000E-003 -4.394199000000E-003 
 3.521323000000E-003 -2.521432000000E-003 -3.142554000000E-003 
-4.268567000000E-003 -3.013512000000E-003  5.119520000000E-004 
 1.359270570000E-001  4.222015200000E-001 -1.002995500000E-002 
-1.107591600000E-002 -4.420991800000E-002  4.219706000000E-003 
 4.320803000000E-003 -2.589973000000E-003 -8.375810000000E-004 
-4.838892000000E-003  1.492370000000E-004  8.313710000000E-004 
12 3 ! 1 2 0 1 2 0
 0.000000000000E+000  0.000000000000E+000  0.000000000000E+000 
 0.000000000000E+000  0.000000000000E+000  0.000000000000E+000 
 0.000000000000E+000  0.000000000000E+000  0.000000000000E+000 
 0.000000000000E+000  0.000000000000E+000  0.000000000000E+000 
 0.000000000000E+000  0.000000000000E+000  0.000000000000E+000 
 0.000000000000E+000  0.000000000000E+000  0.000000000000E+000 
 0.000000000000E+000  0.000000000000E+000  0.000000000000E+000 
 0.000000000000E+000  0.000000000000E+000  0.000000000000E+000 
 0.000000000000E+000  0.000000000000E+000  0.000000000000E+000 
 0.000000000000E+000  0.000000000000E+000  0.000000000000E+000 
 0.000000000000E+000  0.000000000000E+000  0.000000000000E+000 
 0.000000000000E+000  0.000000000000E+000  0.000000000000E+000 
! 6 Overlap matrix (2x2, complex)
2 2
 9.987461841000E-001  0.000000000000E+000 -5.766969000000E-004  0.000000000000E+000 
 5.738541000000E-004  0.000000000000E+000  9.987392043000E-001  0.000000000000E+000 

! 7 Phases
2 ! for all nmstates
 1.000000000E+000  0.000000000E+000
 1.000000000E+000  0.000000000E+000
! 8 Runtime
 1.351433030000E+002
