! 1 Hamiltonian Matrix (2x2, complex)
2 2
-2.307183958228E+002  0.000000000000E+000  0.000000000000E+000  0.000000000000E+000 
 0.000000000000E+000  0.000000000000E+000 -2.305712196638E+002  0.000000000000E+000 

! 2 Dipole Moment Matrices (3x2x2, complex)
2 2
-1.432054300000E-001  0.000000000000E+000 -7.484069282600E-002  0.000000000000E+000 
-7.484069282600E-002  0.000000000000E+000  1.659339100000E-001  0.000000000000E+000 
2 2
 4.332866000000E-002  0.000000000000E+000 -2.088043767600E-001  0.000000000000E+000 
-2.088043767600E-001  0.000000000000E+000 -8.806710000000E-002  0.000000000000E+000 
2 2
 1.997997000000E-002  0.000000000000E+000 -9.922740698000E-003  0.000000000000E+000 
-9.922740698000E-003  0.000000000000E+000  2.056455000000E-002  0.000000000000E+000 
! 3 Gradient Vectors (2x12x3, real)
12 3 ! 1 1 0
 3.861622000000E-003 -4.502159000000E-003 -9.050360000000E-004 
 2.244203100000E-002 -3.153979000000E-003  3.367652000000E-003 
-3.196020200000E-002 -6.378740000000E-003 -7.379134000000E-003 
 6.303135000000E-003 -2.802065000000E-003  1.132922000000E-003 
-9.401287000000E-003 -9.230048000000E-003 -1.735110000000E-004 
-2.218643600000E-002  1.939662100000E-002 -8.385950000000E-004 
 2.119557800000E-002  5.622591000000E-003  4.351764000000E-003 
-7.934220000000E-004 -9.483530000000E-004 -1.227694000000E-003 
 2.786875500000E-002  1.220197000000E-003  1.967812000000E-003 
-1.753480300000E-002  5.671387000000E-003 -1.565178000000E-003 
-8.727500000000E-004 -1.496832500000E-002  1.289838000000E-003 
 1.077779000000E-003  1.007287300000E-002 -2.083900000000E-005 
12 3 ! 1 2 0
 1.021129980000E-001 -6.976657600000E-002 -6.932380000000E-004 
-9.911507600000E-002 -7.628396200000E-002  3.642178000000E-003 
-9.155246500000E-002  1.206556130000E-001 -7.475943000000E-003 
 1.241331530000E-001 -1.329310000000E-003  9.874930000000E-004 
-9.552723000000E-003 -8.800016000000E-003 -1.094000000000E-006 
-2.299698500000E-002  1.830088600000E-002 -8.592360000000E-004 
 2.157387900000E-002  6.929966000000E-003  3.690764000000E-003 
-9.867240000000E-004 -1.238043000000E-003 -7.958970000000E-004 
-1.315131500000E-001  4.748066200000E-002  1.476940000000E-003 
 1.074882710000E-001 -3.106470300000E-002  3.855030000000E-004 
-1.677400000000E-004 -1.288809400000E-002 -5.896300000000E-004 
 5.765610000000E-004  8.003577000000E-003  2.321610000000E-004 
! 5 Non-adiabatic couplings (ddr) (2x2x12x3, real)
12 3 ! 1 1 0 1 1 0
 0.000000000000E+000  0.000000000000E+000  0.000000000000E+000 
 0.000000000000E+000  0.000000000000E+000  0.000000000000E+000 
 0.000000000000E+000  0.000000000000E+000  0.000000000000E+000 
 0.000000000000E+000  0.000000000000E+000  0.000000000000E+000 
 0.000000000000E+000  0.000000000000E+000  0.000000000000E+000 
 0.000000000000E+000  0.000000000000E+000  0.000000000000E+000 
 0.000000000000E+000  0.000000000000E+000  0.000000000000E+000 
 0.000000000000E+000  0.000000000000E+000  0.000000000000E+000 
 0.000000000000E+000  0.000000000000E+000  0.000000000000E+000 
 0.000000000000E+000  0.000000000000E+000  0.000000000000E+000 
 0.000000000000E+000  0.000000000000E+000  0.000000000000E+000 
 0.000000000000E+000  0.000000000000E+000  0.000000000000E+000 
12 3 ! 1 1 0 1 2 0
-2.319606590000E-001  2.055442440000E-001 -2.919247000000E-003 
-4.611881600000E-002  5.159207400000E-002 -1.682091000000E-003 
 6.253224200000E-002  4.015021800000E-002 -7.143140000000E-003 
 3.186753640000E-001  3.068681700000E-002  2.713650000000E-003 
-1.201816000000E-003  4.308512000000E-003  2.670930000000E-004 
 4.278066000000E-003 -1.163025000000E-003  2.480062000000E-003 
-3.584729000000E-003  2.171390000000E-003  1.890596000000E-003 
 4.155484000000E-003  2.946282000000E-003 -3.496970000000E-004 
-1.283907080000E-001 -4.098972660000E-001  5.424423000000E-003 
 1.141327600000E-002  4.374057900000E-002 -2.344638000000E-003 
-4.330591000000E-003  2.703573000000E-003  5.273740000000E-004 
 4.967966000000E-003 -1.071370000000E-004 -5.034920000000E-004 
12 3 ! 1 2 0 1 1 0
 2.319606590000E-001 -2.055442440000E-001  2.919247000000E-003 
 4.611881600000E-002 -5.159207400000E-002  1.682091000000E-003 
-6.253224200000E-002 -4.015021800000E-002  7.143140000000E-003 
-3.186753640000E-001 -3.068681700000E-002 -2.713650000000E-003 
 1.201816000000E-003 -4.308512000000E-003 -2.670930000000E-004 
-4.278066000000E-003  1.163025000000E-003 -2.480062000000E-003 
 3.584729000000E-003 -2.171390000000E-003 -1.890596000000E-003 
-4.155484000000E-003 -2.946282000000E-003  3.496970000000E-004 
 1.283907080000E-001  4.098972660000E-001 -5.424423000000E-003 
-1.141327600000E-002 -4.374057900000E-002  2.344638000000E-003 
 4.330591000000E-003 -2.703573000000E-003 -5.273740000000E-004 
-4.967966000000E-003  1.071370000000E-004  5.034920000000E-004 
12 3 ! 1 2 0 1 2 0
 0.000000000000E+000  0.000000000000E+000  0.000000000000E+000 
 0.000000000000E+000  0.000000000000E+000  0.000000000000E+000 
 0.000000000000E+000  0.000000000000E+000  0.000000000000E+000 
 0.000000000000E+000  0.000000000000E+000  0.000000000000E+000 
 0.000000000000E+000  0.000000000000E+000  0.000000000000E+000 
 0.000000000000E+000  0.000000000000E+000  0.000000000000E+000 
 0.000000000000E+000  0.000000000000E+000  0.000000000000E+000 
 0.000000000000E+000  0.000000000000E+000  0.000000000000E+000 
 0.000000000000E+000  0.000000000000E+000  0.000000000000E+000 
 0.000000000000E+000  0.000000000000E+000  0.000000000000E+000 
 0.000000000000E+000  0.000000000000E+000  0.000000000000E+000 
 0.000000000000E+000  0.000000000000E+000  0.000000000000E+000 
! 6 Overlap matrix (2x2, complex)
2 2
 9.986792060000E-001  0.000000000000E+000 -3.500757000000E-004  0.000000000000E+000 
 3.476995000000E-004  0.000000000000E+000  9.986750145000E-001  0.000000000000E+000 

! 7 Phases
2 ! for all nmstates
 1.000000000E+000  0.000000000E+000
 1.000000000E+000  0.000000000E+000
! 8 Runtime
 1.986602020000E+002
