! 1 Hamiltonian Matrix (2x2, complex)
2 2
-2.307222595160E+002  0.000000000000E+000  0.000000000000E+000  0.000000000000E+000 
 0.000000000000E+000  0.000000000000E+000 -2.305716169346E+002  0.000000000000E+000 

! 2 Dipole Moment Matrices (3x2x2, complex)
2 2
-1.276279400000E-001  0.000000000000E+000 -6.652261405900E-002  0.000000000000E+000 
-6.652261405900E-002  0.000000000000E+000  1.977072300000E-001  0.000000000000E+000 
2 2
 3.954670000000E-002  0.000000000000E+000 -2.115906793310E-001  0.000000000000E+000 
-2.115906793310E-001  0.000000000000E+000 -6.602941000000E-002  0.000000000000E+000 
2 2
 2.669430000000E-003  0.000000000000E+000 -1.284462599000E-003  0.000000000000E+000 
-1.284462599000E-003  0.000000000000E+000  2.133120000000E-003  0.000000000000E+000 
! 3 Gradient Vectors (2x12x3, real)
12 3 ! 1 1 0
 7.219280000000E-004 -5.518610000000E-004 -2.745750000000E-004 
 2.280020000000E-003  6.518600000000E-005  3.722670000000E-004 
-3.959034000000E-003 -6.787300000000E-004 -6.742150000000E-004 
 7.402180000000E-004 -7.619290000000E-004  1.021140000000E-004 
-1.147232000000E-003 -1.165387000000E-003 -1.923600000000E-005 
-2.435990000000E-003  1.931546000000E-003 -4.340700000000E-005 
 2.595939000000E-003  6.919310000000E-004  3.500810000000E-004 
-5.598400000000E-005 -1.332900000000E-005 -1.583190000000E-004 
 3.481134000000E-003  4.476710000000E-004  3.925100000000E-004 
-2.263135000000E-003  1.411980000000E-004 -1.992690000000E-004 
-1.484480000000E-004 -1.366043000000E-003  1.391960000000E-004 
 1.905840000000E-004  1.259747000000E-003  1.285300000000E-005 
12 3 ! 1 2 0
 9.754290700000E-002 -6.798651100000E-002 -2.566640000000E-004 
-1.177028790000E-001 -7.083131200000E-002  3.660240000000E-004 
-6.306172200000E-002  1.252773460000E-001 -6.855920000000E-004 
 1.187126300000E-001  6.993860000000E-004  1.051660000000E-004 
-1.203367000000E-003 -7.441150000000E-004  2.917100000000E-005 
-2.958391000000E-003  7.286460000000E-004 -5.138900000000E-005 
 2.891858000000E-003  1.978144000000E-003  2.648380000000E-004 
-3.149960000000E-004 -3.339690000000E-004 -1.121100000000E-004 
-1.583781400000E-001  5.007271100000E-002  3.788830000000E-004 
 1.240983740000E-001 -3.864673400000E-002 -3.209500000000E-005 
 6.299910000000E-004  5.658580000000E-004 -1.084200000000E-005 
-2.562660000000E-004 -7.794510000000E-004  4.610000000000E-006 
! 5 Non-adiabatic couplings (ddr) (2x2x12x3, real)
12 3 ! 1 1 0 1 1 0
 0.000000000000E+000  0.000000000000E+000  0.000000000000E+000 
 0.000000000000E+000  0.000000000000E+000  0.000000000000E+000 
 0.000000000000E+000  0.000000000000E+000  0.000000000000E+000 
 0.000000000000E+000  0.000000000000E+000  0.000000000000E+000 
 0.000000000000E+000  0.000000000000E+000  0.000000000000E+000 
 0.000000000000E+000  0.000000000000E+000  0.000000000000E+000 
 0.000000000000E+000  0.000000000000E+000  0.000000000000E+000 
 0.000000000000E+000  0.000000000000E+000  0.000000000000E+000 
 0.000000000000E+000  0.000000000000E+000  0.000000000000E+000 
 0.000000000000E+000  0.000000000000E+000  0.000000000000E+000 
 0.000000000000E+000  0.000000000000E+000  0.000000000000E+000 
 0.000000000000E+000  0.000000000000E+000  0.000000000000E+000 
12 3 ! 1 1 0 1 2 0
-2.342109120000E-001  1.990393340000E-001 -5.843730000000E-004 
-4.211485700000E-002  5.657732300000E-002 -2.851000000000E-005 
 6.593456000000E-002  2.649753800000E-002 -7.103290000000E-004 
 3.077013000000E-001  3.110477300000E-002  3.892630000000E-004 
-1.657956000000E-003  4.588630000000E-003  1.127710000000E-004 
 4.185228000000E-003 -7.715830000000E-004  2.757730000000E-004 
-3.813378000000E-003  1.812597000000E-003  1.634720000000E-004 
 4.045770000000E-003  2.849340000000E-003 -8.078700000000E-005 
-1.229349260000E-001 -3.954138140000E-001  4.176260000000E-004 
 1.320141700000E-002  4.271679900000E-002 -1.634600000000E-004 
-4.299980000000E-003  2.839086000000E-003  6.365800000000E-005 
 5.116425000000E-003 -8.244100000000E-005 -6.874400000000E-005 
12 3 ! 1 2 0 1 1 0
 2.342109120000E-001 -1.990393340000E-001  5.843730000000E-004 
 4.211485700000E-002 -5.657732300000E-002  2.851000000000E-005 
-6.593456000000E-002 -2.649753800000E-002  7.103290000000E-004 
-3.077013000000E-001 -3.110477300000E-002 -3.892630000000E-004 
 1.657956000000E-003 -4.588630000000E-003 -1.127710000000E-004 
-4.185228000000E-003  7.715830000000E-004 -2.757730000000E-004 
 3.813378000000E-003 -1.812597000000E-003 -1.634720000000E-004 
-4.045770000000E-003 -2.849340000000E-003  8.078700000000E-005 
 1.229349260000E-001  3.954138140000E-001 -4.176260000000E-004 
-1.320141700000E-002 -4.271679900000E-002  1.634600000000E-004 
 4.299980000000E-003 -2.839086000000E-003 -6.365800000000E-005 
-5.116425000000E-003  8.244100000000E-005  6.874400000000E-005 
12 3 ! 1 2 0 1 2 0
 0.000000000000E+000  0.000000000000E+000  0.000000000000E+000 
 0.000000000000E+000  0.000000000000E+000  0.000000000000E+000 
 0.000000000000E+000  0.000000000000E+000  0.000000000000E+000 
 0.000000000000E+000  0.000000000000E+000  0.000000000000E+000 
 0.000000000000E+000  0.000000000000E+000  0.000000000000E+000 
 0.000000000000E+000  0.000000000000E+000  0.000000000000E+000 
 0.000000000000E+000  0.000000000000E+000  0.000000000000E+000 
 0.000000000000E+000  0.000000000000E+000  0.000000000000E+000 
 0.000000000000E+000  0.000000000000E+000  0.000000000000E+000 
 0.000000000000E+000  0.000000000000E+000  0.000000000000E+000 
 0.000000000000E+000  0.000000000000E+000  0.000000000000E+000 
 0.000000000000E+000  0.000000000000E+000  0.000000000000E+000 
! 6 Overlap matrix (2x2, complex)
2 2
 9.987416483000E-001  0.000000000000E+000 -5.175512000000E-004  0.000000000000E+000 
 5.157574000000E-004  0.000000000000E+000  9.987345794000E-001  0.000000000000E+000 

! 7 Phases
2 ! for all nmstates
 1.000000000E+000  0.000000000E+000
 1.000000000E+000  0.000000000E+000
! 8 Runtime
 2.285952990000E+002
