2021-08-25 23:21:12.630872 thorium /user/julia/Tutorial/1_TrainingSet/Initial/ICOND_00008

  ================================================================================
||                                                                                ||
||                         SHARC - MOLPRO2012 - Interface                         ||
||                                                                                ||
||                             Author: Sebastian Mai                              ||
||                                                                                ||
||                                  Version: 2.1                                  ||
||                                 Date: 01.09.19                                 ||
||                                                                                ||
  ================================================================================


==> QMin Job description for:
Initial condition ICOND_00008/

Tasks:	H	DM	Grad	Nac(ddr)	Overlaps	Phases
States: 	2 Singlet

Method:
Electrons per Multiplicity:	42
Job ID per Multiplicity:	1
Level of Theory per Job ID:
1:	SA(2+0+0)-CASSCF(6,6)/6-31G*

Found Geo! NAtom is 12.

Geometry in Bohrs:
C -0.2948 -2.4747 -0.1543 
C  2.2738 -2.5893  0.2150 
C  3.2325  0.0640  0.0226 
C  1.1074  1.6166  0.0517 
H -1.2076 -4.4384 -0.1855 
H  3.8483 -4.1245  0.2909 
H  5.0656  0.6578  0.1186 
H  0.8246  3.8508  0.0647 
C -1.1594  0.1190 -0.2547 
C -3.6664  0.6868  0.0848 
H -4.1111  2.7210  0.1046 
H -5.0878 -0.5818  0.0236 

Gradients:   X X 

Non-adiabatic couplings:
. X 
X . 

wfthres: 1.0
docicas: True
newstep: []
nstates: 2
unit: ['bohr']
phases: []
njobs: 1
initorbs: {1: '/user/julia/Tutorial/1_TrainingSet/Initial/ICOND_00008/SAVE/wf.1.old'}
delay: 0.0
scratchdir: /user/julia/Tutorial/1_TrainingSet/Initial/ICOND_00008/ICOND_00008
cleanup: []
wfoverlap: /user/julia/software/SchNarc/sharc/source/../bin/wfoverlap.x
template: {'gradaccudefault': 1e-05, 'gradaccumax': 0.01, 'basis': '6-31G*', 'occ': [24], 'nelec': {1: [42, 41, 42]}, 'closed': [18], 'rootpad': {1: [0, 0, 0]}, 'dkho': 0, 'roots': {1: [2, 0, 0]}}
memory: 500
multmap: {1: 1, -1: [1]}
ndocc: 0
jobs: [1]
ncore: 0
maxmult: 1
ncpu: 1
pwd: /user/julia/Tutorial/1_TrainingSet/Initial/ICOND_00008
statemap: {1: [1, 1, 0.0], 2: [1, 2, 0.0]}
molpro: /usr/license/molpro/molpros_2012_1_5_Linux_x86_64_i8/bin/
nmstates: 2
savedir: /user/julia/Tutorial/1_TrainingSet/Initial/ICOND_00008/SAVE
nacmap: [(1, 1, 1, 2)]
natom: 12
gradmap: [(1, 1), (1, 2)]
joblist: [1]


>>>>>>>>>>>>> Starting the MOLPRO job execution
START:	/user/julia/Tutorial/1_TrainingSet/Initial/ICOND_00008/ICOND_00008/integrals	2021-08-25 23:21:14.642022	"/usr/license/molpro/molpros_2012_1_5_Linux_x86_64_i8/bin/molpro -W./ -I./ -d./ MOLPRO.input"
FINISH:	/user/julia/Tutorial/1_TrainingSet/Initial/ICOND_00008/ICOND_00008/integrals	2021-08-25 23:22:35.250346	Runtime: 0:01:20.608324	Error Code: 0
Error Codes:
	integrals 	0

START:	/user/julia/Tutorial/1_TrainingSet/Initial/ICOND_00008/ICOND_00008/master_1	2021-08-25 23:22:44.923869	"/usr/license/molpro/molpros_2012_1_5_Linux_x86_64_i8/bin/molpro -W./ -I./ -d./ MOLPRO.input"
FINISH:	/user/julia/Tutorial/1_TrainingSet/Initial/ICOND_00008/ICOND_00008/master_1	2021-08-25 23:31:20.079134	Runtime: 0:08:35.155265	Error Code: 0
Error Codes:
	master_1  	0

START:	/user/julia/Tutorial/1_TrainingSet/Initial/ICOND_00008/ICOND_00008/grad_1_1	2021-08-25 23:31:25.967526	"/usr/license/molpro/molpros_2012_1_5_Linux_x86_64_i8/bin/molpro -W./ -I./ -d./ MOLPRO.input"
FINISH:	/user/julia/Tutorial/1_TrainingSet/Initial/ICOND_00008/ICOND_00008/grad_1_1	2021-08-25 23:35:12.717764	Runtime: 0:03:46.750238	Error Code: 0
START:	/user/julia/Tutorial/1_TrainingSet/Initial/ICOND_00008/ICOND_00008/nac_1_1_1_2	2021-08-25 23:35:16.547545	"/usr/license/molpro/molpros_2012_1_5_Linux_x86_64_i8/bin/molpro -W./ -I./ -d./ MOLPRO.input"
FINISH:	/user/julia/Tutorial/1_TrainingSet/Initial/ICOND_00008/ICOND_00008/nac_1_1_1_2	2021-08-25 23:36:26.514147	Runtime: 0:01:09.966602	Error Code: 0
START:	/user/julia/Tutorial/1_TrainingSet/Initial/ICOND_00008/ICOND_00008/grad_1_2	2021-08-25 23:36:34.036481	"/usr/license/molpro/molpros_2012_1_5_Linux_x86_64_i8/bin/molpro -W./ -I./ -d./ MOLPRO.input"
FINISH:	/user/julia/Tutorial/1_TrainingSet/Initial/ICOND_00008/ICOND_00008/grad_1_2	2021-08-25 23:37:34.289500	Runtime: 0:01:00.253019	Error Code: 0
Error Codes:
	grad_1_1  	0	nac_1_1_1_2	0	grad_1_2  	0

>>>>>>>>>>>>> Starting the WFOVERLAP job execution
START:	/user/julia/Tutorial/1_TrainingSet/Initial/ICOND_00008/ICOND_00008/CI_CAS_1_1	2021-08-25 23:37:34.422966	"/user/julia/software/SchNarc/sharc/source/../bin/wfoverlap.x -m 500 -f wfovl.inp"
FINISH:	/user/julia/Tutorial/1_TrainingSet/Initial/ICOND_00008/ICOND_00008/CI_CAS_1_1	2021-08-25 23:37:34.475696	Runtime: 0:00:00.052730	Error Code: 0
START:	/user/julia/Tutorial/1_TrainingSet/Initial/ICOND_00008/ICOND_00008/AOoverlap	2021-08-25 23:37:34.482410	"/usr/license/molpro/molpros_2012_1_5_Linux_x86_64_i8/bin/molpro -W./ -I./ -d./ MOLPRO.input"
FINISH:	/user/julia/Tutorial/1_TrainingSet/Initial/ICOND_00008/ICOND_00008/AOoverlap	2021-08-25 23:37:36.974151	Runtime: 0:00:02.491741	Error Code: 0
START:	/user/julia/Tutorial/1_TrainingSet/Initial/ICOND_00008/ICOND_00008/WFOVL_1_1	2021-08-25 23:37:37.021872	"/user/julia/software/SchNarc/sharc/source/../bin/wfoverlap.x -m 500 -f wfovl.inp"
FINISH:	/user/julia/Tutorial/1_TrainingSet/Initial/ICOND_00008/ICOND_00008/WFOVL_1_1	2021-08-25 23:37:37.082882	Runtime: 0:00:00.061010	Error Code: 0
Error Codes:
	CI_CAS_1_1	0	WFOVL_1_1 	0

===> Results:

=> Hamiltonian Matrix:
Diagonal Shift:   -230.00
Real Part:
----------------------
|-6.723e-01            |
|           -5.447e-01 |
----------------------

=> Dipole Moment Matrices:

Polarisation X:
Real Part:
----------------------
|-1.283e-01 -4.702e-02 |
|-4.702e-02  1.861e-01 |
----------------------

Polarisation Y:
Real Part:
----------------------
| 2.673e-02 -1.542e-01 |
|-1.542e-01 -1.087e-01 |
----------------------

Polarisation Z:
Real Part:
----------------------
|-1.729e-02 -5.644e-02 |
|-5.644e-02  2.354e-02 |
----------------------

=> Gradient Vectors:

Singlet	1	Ms=  0.0:
1	C	-0.03301	 0.10262	-0.00703	
2	C	-0.04494	-0.00891	 0.02225	
3	C	 0.08224	-0.01081	-0.01550	
4	C	-0.01255	-0.06905	 0.01699	
5	H	 0.00538	-0.05056	 0.00176	
6	H	 0.05394	-0.02342	 0.00041	
7	H	-0.04390	-0.01205	-0.00381	
8	H	-0.02190	 0.06200	 0.00109	
9	C	 0.03639	 0.03093	-0.02789	
10	C	-0.06886	-0.08014	 0.01446	
11	H	 0.00593	 0.01823	-0.00449	
12	H	 0.04126	 0.04117	 0.00177	

Singlet	2	Ms=  0.0:
1	C	 0.05895	 0.02804	-0.00091	
2	C	-0.16288	-0.07275	 0.01054	
3	C	 0.03159	 0.10831	-0.02033	
4	C	 0.09878	-0.06613	 0.02039	
5	H	 0.00567	-0.04980	 0.00256	
6	H	 0.05392	-0.02457	 0.00361	
7	H	-0.04380	-0.01057	-0.00241	
8	H	-0.02204	 0.06231	-0.00204	
9	C	-0.12143	 0.07327	-0.00350	
10	C	 0.05323	-0.10612	-0.01026	
11	H	 0.00723	 0.01930	-0.00088	
12	H	 0.04077	 0.03873	 0.00323	

=> Analytical Non-adiabatic coupling vectors:

Singlet	States 1 - 1	Ms=  0.0:
		...is identical zero...

Singlet	States 1 - 2	Ms=  0.0:
1	C	-0.24207	 0.24352	-0.04863	
2	C	-0.03136	 0.04872	-0.03305	
3	C	 0.04913	 0.06510	 0.00196	
4	C	 0.40156	 0.04171	 0.05071	
5	H	-0.00642	 0.00153	 0.00699	
6	H	 0.00337	 0.00178	 0.01560	
7	H	-0.00575	 0.00214	 0.00865	
8	H	 0.00156	 0.00233	 0.00175	
9	C	-0.20204	-0.47047	-0.00826	
10	C	 0.02703	 0.04573	-0.00054	
11	H	-0.00582	 0.00432	-0.00957	
12	H	 0.00465	-0.00140	 0.00737	

Singlet	States 2 - 1	Ms=  0.0:
1	C	 0.24207	-0.24352	 0.04863	
2	C	 0.03136	-0.04872	 0.03305	
3	C	-0.04913	-0.06510	-0.00196	
4	C	-0.40156	-0.04171	-0.05071	
5	H	 0.00642	-0.00153	-0.00699	
6	H	-0.00337	-0.00178	-0.01560	
7	H	 0.00575	-0.00214	-0.00865	
8	H	-0.00156	-0.00233	-0.00175	
9	C	 0.20204	 0.47047	 0.00826	
10	C	-0.02703	-0.04573	 0.00054	
11	H	 0.00582	-0.00432	 0.00957	
12	H	-0.00465	 0.00140	-0.00737	

Singlet	States 2 - 2	Ms=  0.0:
		...is identical zero...

=> Overlap matrix:

Real Part:
----------------------
| 1.112e-01  3.244e-04 |
|-4.170e-04  1.101e-01 |
----------------------

=> Wavefunction Phases:
2

 1.0  0.0
 1.0  0.0


==> Runtime:
0 Days	0 Hours	16 Minutes	24 Seconds


===> Writing output to file QM.out in SHARC Format

2021-08-25 23:37:37.214786
#================ END ================#
2021-08-26 16:40:08.054184 polonium1 /user/julia/Tutorial/1_TrainingSet/Initial/ICOND_00008

  ================================================================================
||                                                                                ||
||                         SHARC - MOLPRO2012 - Interface                         ||
||                                                                                ||
||                             Author: Sebastian Mai                              ||
||                                                                                ||
||                                  Version: 2.1                                  ||
||                                 Date: 01.09.19                                 ||
||                                                                                ||
  ================================================================================


File /user/julia/Tutorial/1_TrainingSet/Initial/ICOND_00008/SAVE/wf.1 missing in savedir!
