! 1 Hamiltonian Matrix (2x2, complex)
2 2
-2.306722767668E+002  0.000000000000E+000  0.000000000000E+000  0.000000000000E+000 
 0.000000000000E+000  0.000000000000E+000 -2.305446848937E+002  0.000000000000E+000 

! 2 Dipole Moment Matrices (3x2x2, complex)
2 2
-1.283369600000E-001  0.000000000000E+000 -4.701874559500E-002  0.000000000000E+000 
-4.701874559500E-002  0.000000000000E+000  1.860671200000E-001  0.000000000000E+000 
2 2
 2.673286000000E-002  0.000000000000E+000 -1.542462766430E-001  0.000000000000E+000 
-1.542462766430E-001  0.000000000000E+000 -1.087037500000E-001  0.000000000000E+000 
2 2
-1.728950000000E-002  0.000000000000E+000 -5.644010061600E-002  0.000000000000E+000 
-5.644010061600E-002  0.000000000000E+000  2.353826000000E-002  0.000000000000E+000 
! 3 Gradient Vectors (2x12x3, real)
12 3 ! 1 1 0
-3.300668400000E-002  1.026155170000E-001 -7.025319000000E-003 
-4.494262500000E-002 -8.907933000000E-003  2.225027300000E-002 
 8.224409400000E-002 -1.081466700000E-002 -1.550393300000E-002 
-1.254542900000E-002 -6.905035200000E-002  1.698582900000E-002 
 5.384209000000E-003 -5.056418900000E-002  1.755473000000E-003 
 5.393801400000E-002 -2.341666800000E-002  4.135510000000E-004 
-4.389625900000E-002 -1.205101900000E-002 -3.812157000000E-003 
-2.189927900000E-002  6.199599300000E-002  1.091704000000E-003 
 3.639003400000E-002  3.093378500000E-002 -2.789389800000E-002 
-6.885501700000E-002 -8.013575200000E-002  1.445877900000E-002 
 5.933441000000E-003  1.822761000000E-002 -4.493633000000E-003 
 4.125550000000E-002  4.116767400000E-002  1.773331000000E-003 
12 3 ! 1 2 0
 5.894836700000E-002  2.803725200000E-002 -9.103150000000E-004 
-1.628791540000E-001 -7.274570300000E-002  1.054387600000E-002 
 3.158885400000E-002  1.083063340000E-001 -2.032945300000E-002 
 9.878456600000E-002 -6.612573500000E-002  2.039292000000E-002 
 5.666812000000E-003 -4.980157500000E-002  2.560147000000E-003 
 5.392274900000E-002 -2.457393100000E-002  3.605411000000E-003 
-4.379847600000E-002 -1.057069900000E-002 -2.406713000000E-003 
-2.204048100000E-002  6.230738600000E-002 -2.044294000000E-003 
-1.214272690000E-001  7.326669900000E-002 -3.502867000000E-003 
 5.323241200000E-002 -1.061228320000E-001 -1.026089400000E-002 
 7.227578000000E-003  1.929517800000E-002 -8.757110000000E-004 
 4.077404300000E-002  3.872762600000E-002  3.227893000000E-003 
! 5 Non-adiabatic couplings (ddr) (2x2x12x3, real)
12 3 ! 1 1 0 1 1 0
 0.000000000000E+000  0.000000000000E+000  0.000000000000E+000 
 0.000000000000E+000  0.000000000000E+000  0.000000000000E+000 
 0.000000000000E+000  0.000000000000E+000  0.000000000000E+000 
 0.000000000000E+000  0.000000000000E+000  0.000000000000E+000 
 0.000000000000E+000  0.000000000000E+000  0.000000000000E+000 
 0.000000000000E+000  0.000000000000E+000  0.000000000000E+000 
 0.000000000000E+000  0.000000000000E+000  0.000000000000E+000 
 0.000000000000E+000  0.000000000000E+000  0.000000000000E+000 
 0.000000000000E+000  0.000000000000E+000  0.000000000000E+000 
 0.000000000000E+000  0.000000000000E+000  0.000000000000E+000 
 0.000000000000E+000  0.000000000000E+000  0.000000000000E+000 
 0.000000000000E+000  0.000000000000E+000  0.000000000000E+000 
12 3 ! 1 1 0 1 2 0
-2.420673960000E-001  2.435248780000E-001 -4.863122300000E-002 
-3.136151700000E-002  4.871982100000E-002 -3.305438700000E-002 
 4.913263500000E-002  6.509871600000E-002  1.963974000000E-003 
 4.015638430000E-001  4.170804700000E-002  5.071287300000E-002 
-6.419521000000E-003  1.531134000000E-003  6.985261000000E-003 
 3.370547000000E-003  1.783142000000E-003  1.559616800000E-002 
-5.752484000000E-003  2.142994000000E-003  8.645880000000E-003 
 1.562652000000E-003  2.326586000000E-003  1.751798000000E-003 
-2.020439410000E-001 -4.704698420000E-001 -8.262928000000E-003 
 2.703400200000E-002  4.573205700000E-002 -5.390070000000E-004 
-5.817587000000E-003  4.323544000000E-003 -9.574061000000E-003 
 4.651551000000E-003 -1.395197000000E-003  7.370896000000E-003 
12 3 ! 1 2 0 1 1 0
 2.420673960000E-001 -2.435248780000E-001  4.863122300000E-002 
 3.136151700000E-002 -4.871982100000E-002  3.305438700000E-002 
-4.913263500000E-002 -6.509871600000E-002 -1.963974000000E-003 
-4.015638430000E-001 -4.170804700000E-002 -5.071287300000E-002 
 6.419521000000E-003 -1.531134000000E-003 -6.985261000000E-003 
-3.370547000000E-003 -1.783142000000E-003 -1.559616800000E-002 
 5.752484000000E-003 -2.142994000000E-003 -8.645880000000E-003 
-1.562652000000E-003 -2.326586000000E-003 -1.751798000000E-003 
 2.020439410000E-001  4.704698420000E-001  8.262928000000E-003 
-2.703400200000E-002 -4.573205700000E-002  5.390070000000E-004 
 5.817587000000E-003 -4.323544000000E-003  9.574061000000E-003 
-4.651551000000E-003  1.395197000000E-003 -7.370896000000E-003 
12 3 ! 1 2 0 1 2 0
 0.000000000000E+000  0.000000000000E+000  0.000000000000E+000 
 0.000000000000E+000  0.000000000000E+000  0.000000000000E+000 
 0.000000000000E+000  0.000000000000E+000  0.000000000000E+000 
 0.000000000000E+000  0.000000000000E+000  0.000000000000E+000 
 0.000000000000E+000  0.000000000000E+000  0.000000000000E+000 
 0.000000000000E+000  0.000000000000E+000  0.000000000000E+000 
 0.000000000000E+000  0.000000000000E+000  0.000000000000E+000 
 0.000000000000E+000  0.000000000000E+000  0.000000000000E+000 
 0.000000000000E+000  0.000000000000E+000  0.000000000000E+000 
 0.000000000000E+000  0.000000000000E+000  0.000000000000E+000 
 0.000000000000E+000  0.000000000000E+000  0.000000000000E+000 
 0.000000000000E+000  0.000000000000E+000  0.000000000000E+000 
! 6 Overlap matrix (2x2, complex)
2 2
 1.111829828000E-001  0.000000000000E+000  3.244074000000E-004  0.000000000000E+000 
-4.169645000000E-004  0.000000000000E+000  1.101330226000E-001  0.000000000000E+000 

! 7 Phases
2 ! for all nmstates
 1.000000000E+000  0.000000000E+000
 1.000000000E+000  0.000000000E+000
! 8 Runtime
 9.844992610000E+002
