! 1 Hamiltonian Matrix (2x2, complex)
2 2
-2.307199461335E+002  0.000000000000E+000  0.000000000000E+000  0.000000000000E+000 
 0.000000000000E+000  0.000000000000E+000 -2.305718720916E+002  0.000000000000E+000 

! 2 Dipole Moment Matrices (3x2x2, complex)
2 2
-1.391631800000E-001  0.000000000000E+000 -7.317628573500E-002  0.000000000000E+000 
-7.317628573500E-002  0.000000000000E+000  1.741474000000E-001  0.000000000000E+000 
2 2
 4.263018000000E-002  0.000000000000E+000 -2.101887109210E-001  0.000000000000E+000 
-2.101887109210E-001  0.000000000000E+000 -8.246795000000E-002  0.000000000000E+000 
2 2
 1.572070000000E-002  0.000000000000E+000 -7.889886975000E-003  0.000000000000E+000 
-7.889886975000E-003  0.000000000000E+000  1.546085000000E-002  0.000000000000E+000 
! 3 Gradient Vectors (2x12x3, real)
12 3 ! 1 1 0
 2.931435000000E-003 -3.465799000000E-003 -8.782110000000E-004 
 1.747878500000E-002 -1.504748000000E-003  2.709435000000E-003 
-2.540592800000E-002 -5.424417000000E-003 -5.539285000000E-003 
 4.886866000000E-003 -2.045842000000E-003  7.994230000000E-004 
-7.416181000000E-003 -7.347911000000E-003 -1.147930000000E-004 
-1.693116000000E-002  1.436094100000E-002 -6.656450000000E-004 
 1.703441100000E-002  4.527588000000E-003  3.189746000000E-003 
-6.487920000000E-004 -7.339160000000E-004 -9.580180000000E-004 
 2.127529300000E-002  1.014714000000E-003  1.724762000000E-003 
-1.306984700000E-002  4.856375000000E-003 -1.268658000000E-003 
-6.991010000000E-004 -1.180424100000E-002  1.051184000000E-003 
 5.642180000000E-004  7.567255000000E-003 -4.993900000000E-005 
12 3 ! 1 2 0
 1.008034530000E-001 -6.928434000000E-002 -7.187810000000E-004 
-1.036857330000E-001 -7.414103300000E-002  2.908035000000E-003 
-8.482480300000E-002  1.214141740000E-001 -5.632802000000E-003 
 1.227436810000E-001 -5.736980000000E-004  7.068790000000E-004 
-7.544640000000E-003 -6.919899000000E-003  3.629900000000E-005 
-1.766508400000E-002  1.324252900000E-002 -6.818590000000E-004 
 1.739114500000E-002  5.824529000000E-003  2.667623000000E-003 
-8.591680000000E-004 -1.032709000000E-003 -6.219510000000E-004 
-1.388477870000E-001  4.817810500000E-002  1.346170000000E-003 
 1.123864500000E-001 -3.245011900000E-002  2.165060000000E-004 
 2.497000000000E-005 -9.765682000000E-003 -3.716280000000E-004 
 7.751600000000E-005  5.508144000000E-003  1.455080000000E-004 
! 5 Non-adiabatic couplings (ddr) (2x2x12x3, real)
12 3 ! 1 1 0 1 1 0
 0.000000000000E+000  0.000000000000E+000  0.000000000000E+000 
 0.000000000000E+000  0.000000000000E+000  0.000000000000E+000 
 0.000000000000E+000  0.000000000000E+000  0.000000000000E+000 
 0.000000000000E+000  0.000000000000E+000  0.000000000000E+000 
 0.000000000000E+000  0.000000000000E+000  0.000000000000E+000 
 0.000000000000E+000  0.000000000000E+000  0.000000000000E+000 
 0.000000000000E+000  0.000000000000E+000  0.000000000000E+000 
 0.000000000000E+000  0.000000000000E+000  0.000000000000E+000 
 0.000000000000E+000  0.000000000000E+000  0.000000000000E+000 
 0.000000000000E+000  0.000000000000E+000  0.000000000000E+000 
 0.000000000000E+000  0.000000000000E+000  0.000000000000E+000 
 0.000000000000E+000  0.000000000000E+000  0.000000000000E+000 
12 3 ! 1 1 0 1 2 0
-2.323901000000E-001  2.038460480000E-001 -2.387395000000E-003 
-4.528183300000E-002  5.281935100000E-002 -1.262553000000E-003 
 6.357816700000E-002  3.645200500000E-002 -5.547948000000E-003 
 3.154735190000E-001  3.074436500000E-002  2.141916000000E-003 
-1.307482000000E-003  4.380468000000E-003  2.695890000000E-004 
 4.268605000000E-003 -1.048625000000E-003  1.944962000000E-003 
-3.623146000000E-003  2.096566000000E-003  1.472782000000E-003 
 4.128502000000E-003  2.934510000000E-003 -3.249880000000E-004 
-1.267540970000E-001 -4.061208030000E-001  4.152170000000E-003 
 1.177935900000E-002  4.358758300000E-002 -1.785233000000E-003 
-4.329202000000E-003  2.733051000000E-003  4.204010000000E-004 
 5.017393000000E-003 -9.566700000000E-005 -4.053160000000E-004 
12 3 ! 1 2 0 1 1 0
 2.323901000000E-001 -2.038460480000E-001  2.387395000000E-003 
 4.528183300000E-002 -5.281935100000E-002  1.262553000000E-003 
-6.357816700000E-002 -3.645200500000E-002  5.547948000000E-003 
-3.154735190000E-001 -3.074436500000E-002 -2.141916000000E-003 
 1.307482000000E-003 -4.380468000000E-003 -2.695890000000E-004 
-4.268605000000E-003  1.048625000000E-003 -1.944962000000E-003 
 3.623146000000E-003 -2.096566000000E-003 -1.472782000000E-003 
-4.128502000000E-003 -2.934510000000E-003  3.249880000000E-004 
 1.267540970000E-001  4.061208030000E-001 -4.152170000000E-003 
-1.177935900000E-002 -4.358758300000E-002  1.785233000000E-003 
 4.329202000000E-003 -2.733051000000E-003 -4.204010000000E-004 
-5.017393000000E-003  9.566700000000E-005  4.053160000000E-004 
12 3 ! 1 2 0 1 2 0
 0.000000000000E+000  0.000000000000E+000  0.000000000000E+000 
 0.000000000000E+000  0.000000000000E+000  0.000000000000E+000 
 0.000000000000E+000  0.000000000000E+000  0.000000000000E+000 
 0.000000000000E+000  0.000000000000E+000  0.000000000000E+000 
 0.000000000000E+000  0.000000000000E+000  0.000000000000E+000 
 0.000000000000E+000  0.000000000000E+000  0.000000000000E+000 
 0.000000000000E+000  0.000000000000E+000  0.000000000000E+000 
 0.000000000000E+000  0.000000000000E+000  0.000000000000E+000 
 0.000000000000E+000  0.000000000000E+000  0.000000000000E+000 
 0.000000000000E+000  0.000000000000E+000  0.000000000000E+000 
 0.000000000000E+000  0.000000000000E+000  0.000000000000E+000 
 0.000000000000E+000  0.000000000000E+000  0.000000000000E+000 
! 6 Overlap matrix (2x2, complex)
2 2
 9.987265058000E-001  0.000000000000E+000 -3.463395000000E-004  0.000000000000E+000 
 3.440030000000E-004  0.000000000000E+000  9.987178541000E-001  0.000000000000E+000 

! 7 Phases
2 ! for all nmstates
 1.000000000E+000  0.000000000E+000
 1.000000000E+000  0.000000000E+000
! 8 Runtime
 2.641330020000E+002
