! 1 Hamiltonian Matrix (2x2, complex)
2 2
-2.306812066889E+002  0.000000000000E+000  0.000000000000E+000  0.000000000000E+000 
 0.000000000000E+000  0.000000000000E+000 -2.305514705647E+002  0.000000000000E+000 

! 2 Dipole Moment Matrices (3x2x2, complex)
2 2
-1.713374200000E-001  0.000000000000E+000 -3.407480343800E-002  0.000000000000E+000 
-3.407480343800E-002  0.000000000000E+000  6.979146000000E-002  0.000000000000E+000 
2 2
 5.118448000000E-002  0.000000000000E+000 -1.983273810570E-001  0.000000000000E+000 
-1.983273810570E-001  0.000000000000E+000 -9.262447000000E-002  0.000000000000E+000 
2 2
-5.445088000000E-002  0.000000000000E+000  4.673095003000E-002  0.000000000000E+000 
 4.673095003000E-002  0.000000000000E+000  7.227110000000E-003  0.000000000000E+000 
! 3 Gradient Vectors (2x12x3, real)
12 3 ! 1 1 0
-1.091590300000E-002 -2.504332500000E-002  2.745926600000E-002 
-1.564214600000E-002  6.719013100000E-002 -3.403123000000E-002 
-1.252730400000E-002 -1.698573600000E-002  6.023414000000E-003 
-2.159174000000E-003 -1.188109620000E-001  2.120346100000E-002 
 1.609766300000E-002  1.925430800000E-002 -3.812498000000E-003 
 3.109758100000E-002 -4.906352100000E-002  1.150774100000E-002 
-1.616663000000E-002 -4.812590000000E-004  4.521840000000E-004 
-1.318139200000E-002  7.462408200000E-002 -1.446990400000E-002 
 6.527440400000E-002  4.500994300000E-002 -1.247616000000E-002 
-9.184509800000E-002  4.481659500000E-002 -5.594295000000E-003 
 2.329198900000E-002 -5.509349400000E-002  2.552751000000E-003 
 2.667601000000E-002  1.458323700000E-002  1.185271000000E-003 
12 3 ! 1 2 0
 9.010015000000E-002 -9.025699400000E-002  2.185069800000E-002 
-1.366167710000E-001 -9.873691000000E-003 -2.724773700000E-002 
-7.226339000000E-002  1.073491830000E-001  1.201231800000E-002 
 1.132593480000E-001 -1.151169380000E-001  2.261650500000E-002 
 1.627164000000E-002  1.963587000000E-002 -3.414759000000E-003 
 3.027206700000E-002 -4.994885200000E-002  1.068027400000E-002 
-1.613480400000E-002  1.104342000000E-003  1.806400000000E-005 
-1.316396400000E-002  7.477068300000E-002 -1.360368500000E-002 
-8.901652100000E-002  9.264951700000E-002 -2.428441300000E-002 
 2.609580100000E-002  1.063381200000E-002  2.048938000000E-003 
 2.447842400000E-002 -5.339596100000E-002  6.978440000000E-004 
 2.671802100000E-002  1.244903000000E-002 -1.374047000000E-003 
! 5 Non-adiabatic couplings (ddr) (2x2x12x3, real)
12 3 ! 1 1 0 1 1 0
 0.000000000000E+000  0.000000000000E+000  0.000000000000E+000 
 0.000000000000E+000  0.000000000000E+000  0.000000000000E+000 
 0.000000000000E+000  0.000000000000E+000  0.000000000000E+000 
 0.000000000000E+000  0.000000000000E+000  0.000000000000E+000 
 0.000000000000E+000  0.000000000000E+000  0.000000000000E+000 
 0.000000000000E+000  0.000000000000E+000  0.000000000000E+000 
 0.000000000000E+000  0.000000000000E+000  0.000000000000E+000 
 0.000000000000E+000  0.000000000000E+000  0.000000000000E+000 
 0.000000000000E+000  0.000000000000E+000  0.000000000000E+000 
 0.000000000000E+000  0.000000000000E+000  0.000000000000E+000 
 0.000000000000E+000  0.000000000000E+000  0.000000000000E+000 
 0.000000000000E+000  0.000000000000E+000  0.000000000000E+000 
12 3 ! 1 1 0 1 2 0
-1.975569640000E-001  1.891559290000E-001  2.964641600000E-002 
-9.856835100000E-002  2.642194000000E-003  3.077644400000E-002 
 3.032756300000E-002  1.409408930000E-001  4.105628000000E-003 
 4.558895510000E-001  3.499602100000E-002 -2.789925400000E-002 
-2.767919000000E-003  7.294588000000E-003 -1.385270500000E-002 
 2.704658000000E-003 -1.173258000000E-003 -1.473679700000E-002 
-4.559592000000E-003  2.814989000000E-003 -3.298361000000E-003 
 2.857230000000E-003  2.057695000000E-003  9.224063000000E-003 
-2.597163870000E-001 -4.339953290000E-001 -1.520612700000E-002 
 6.954892800000E-002  3.067208900000E-002  6.838921000000E-003 
-5.103688000000E-003  3.285016000000E-003  3.693985000000E-003 
 5.661192000000E-003 -1.929176000000E-003 -3.977015000000E-003 
12 3 ! 1 2 0 1 1 0
 1.975569640000E-001 -1.891559290000E-001 -2.964641600000E-002 
 9.856835100000E-002 -2.642194000000E-003 -3.077644400000E-002 
-3.032756300000E-002 -1.409408930000E-001 -4.105628000000E-003 
-4.558895510000E-001 -3.499602100000E-002  2.789925400000E-002 
 2.767919000000E-003 -7.294588000000E-003  1.385270500000E-002 
-2.704658000000E-003  1.173258000000E-003  1.473679700000E-002 
 4.559592000000E-003 -2.814989000000E-003  3.298361000000E-003 
-2.857230000000E-003 -2.057695000000E-003 -9.224063000000E-003 
 2.597163870000E-001  4.339953290000E-001  1.520612700000E-002 
-6.954892800000E-002 -3.067208900000E-002 -6.838921000000E-003 
 5.103688000000E-003 -3.285016000000E-003 -3.693985000000E-003 
-5.661192000000E-003  1.929176000000E-003  3.977015000000E-003 
12 3 ! 1 2 0 1 2 0
 0.000000000000E+000  0.000000000000E+000  0.000000000000E+000 
 0.000000000000E+000  0.000000000000E+000  0.000000000000E+000 
 0.000000000000E+000  0.000000000000E+000  0.000000000000E+000 
 0.000000000000E+000  0.000000000000E+000  0.000000000000E+000 
 0.000000000000E+000  0.000000000000E+000  0.000000000000E+000 
 0.000000000000E+000  0.000000000000E+000  0.000000000000E+000 
 0.000000000000E+000  0.000000000000E+000  0.000000000000E+000 
 0.000000000000E+000  0.000000000000E+000  0.000000000000E+000 
 0.000000000000E+000  0.000000000000E+000  0.000000000000E+000 
 0.000000000000E+000  0.000000000000E+000  0.000000000000E+000 
 0.000000000000E+000  0.000000000000E+000  0.000000000000E+000 
 0.000000000000E+000  0.000000000000E+000  0.000000000000E+000 
! 6 Overlap matrix (2x2, complex)
2 2
 2.787916258000E-001  0.000000000000E+000 -1.542973300000E-002  0.000000000000E+000 
 1.480474610000E-002  0.000000000000E+000  2.771613423000E-001  0.000000000000E+000 

! 7 Phases
2 ! for all nmstates
 1.000000000E+000  0.000000000E+000
 1.000000000E+000  0.000000000E+000
! 8 Runtime
 1.381821700000E+002
