! 1 Hamiltonian Matrix (2x2, complex)
2 2
-2.306669108873E+002  0.000000000000E+000  0.000000000000E+000  0.000000000000E+000 
 0.000000000000E+000  0.000000000000E+000 -2.305069293865E+002  0.000000000000E+000 

! 2 Dipole Moment Matrices (3x2x2, complex)
2 2
-1.766561700000E-001  0.000000000000E+000 -2.463678659400E-002  0.000000000000E+000 
-2.463678659400E-002  0.000000000000E+000  8.560120000000E-002  0.000000000000E+000 
2 2
 6.898456000000E-002  0.000000000000E+000 -1.639372668500E-001  0.000000000000E+000 
-1.639372668500E-001  0.000000000000E+000 -2.489101000000E-002  0.000000000000E+000 
2 2
 1.077609700000E-001  0.000000000000E+000 -2.178524414000E-003  0.000000000000E+000 
-2.178524414000E-003  0.000000000000E+000  1.371341500000E-001  0.000000000000E+000 
! 3 Gradient Vectors (2x12x3, real)
12 3 ! 1 1 0
-1.236992500000E-002 -1.086754420000E-001  7.051386000000E-003 
-1.278835070000E-001  7.614360400000E-002 -5.976918000000E-003 
 1.032333300000E-002  1.825588000000E-002 -1.237259400000E-002 
 3.985881900000E-002 -1.387160700000E-002 -8.801041000000E-003 
 4.355098000000E-002  6.837563600000E-002  5.036610000000E-004 
 1.479418000000E-002 -5.280495000000E-002  8.419383000000E-003 
 5.389600000000E-003  1.594829300000E-002  2.565491000000E-003 
-1.500797500000E-002  3.154166800000E-002  1.606366400000E-002 
 1.059359690000E-001 -4.439709500000E-002 -7.400764000000E-003 
-1.403797560000E-001 -5.746894800000E-002  2.259140000000E-004 
-8.717390000000E-004 -8.555172000000E-003  1.166957000000E-003 
 7.666002200000E-002  7.550813400000E-002 -1.445138000000E-003 
12 3 ! 1 2 0
 8.091635800000E-002 -1.629072190000E-001  9.532072000000E-003 
-2.533072250000E-001  1.129501600000E-002 -6.010261000000E-003 
-5.708365500000E-002  1.410684000000E-001 -8.231175000000E-003 
 1.682567120000E-001 -1.957774400000E-002 -1.154094400000E-002 
 4.368017100000E-002  6.880881100000E-002  2.052410000000E-004 
 1.412502400000E-002 -5.383717300000E-002  7.396160000000E-003 
 5.356485000000E-003  1.706759300000E-002  3.410130000000E-003 
-1.526750000000E-002  3.209628600000E-002  1.431008400000E-002 
-3.882431000000E-002 -1.192999900000E-002 -9.151891000000E-003 
-2.402271000000E-002 -8.820885700000E-002  3.599033000000E-003 
-1.496250000000E-004 -6.954668000000E-003  4.636000000000E-005 
 7.632027500000E-002  7.307955400000E-002 -3.564809000000E-003 
! 5 Non-adiabatic couplings (ddr) (2x2x12x3, real)
12 3 ! 1 1 0 1 1 0
 0.000000000000E+000  0.000000000000E+000  0.000000000000E+000 
 0.000000000000E+000  0.000000000000E+000  0.000000000000E+000 
 0.000000000000E+000  0.000000000000E+000  0.000000000000E+000 
 0.000000000000E+000  0.000000000000E+000  0.000000000000E+000 
 0.000000000000E+000  0.000000000000E+000  0.000000000000E+000 
 0.000000000000E+000  0.000000000000E+000  0.000000000000E+000 
 0.000000000000E+000  0.000000000000E+000  0.000000000000E+000 
 0.000000000000E+000  0.000000000000E+000  0.000000000000E+000 
 0.000000000000E+000  0.000000000000E+000  0.000000000000E+000 
 0.000000000000E+000  0.000000000000E+000  0.000000000000E+000 
 0.000000000000E+000  0.000000000000E+000  0.000000000000E+000 
 0.000000000000E+000  0.000000000000E+000  0.000000000000E+000 
12 3 ! 1 1 0 1 2 0
-2.398157470000E-001  2.057388750000E-001  8.635576000000E-003 
 1.655193800000E-002  8.701508700000E-002  4.174140000000E-004 
 4.063823600000E-002  6.993504000000E-003 -3.143281000000E-002 
 2.899355830000E-001  2.609214700000E-002  1.747319800000E-002 
-1.653470000000E-003  5.834713000000E-003 -5.158475000000E-003 
 1.782470000000E-003 -2.752470000000E-004  5.355794000000E-003 
-3.840984000000E-003 -4.517370000000E-004  6.677992000000E-003 
 1.731997000000E-003  1.797935000000E-003  5.152278000000E-003 
-1.040271970000E-001 -3.924927050000E-001 -2.680127000000E-003 
-5.679432000000E-003  3.664492000000E-002 -2.635442000000E-003 
-3.849834000000E-003  2.014846000000E-003  1.257440000000E-004 
 4.161779000000E-003 -3.325130000000E-004 -1.137525000000E-003 
12 3 ! 1 2 0 1 1 0
 2.398157470000E-001 -2.057388750000E-001 -8.635576000000E-003 
-1.655193800000E-002 -8.701508700000E-002 -4.174140000000E-004 
-4.063823600000E-002 -6.993504000000E-003  3.143281000000E-002 
-2.899355830000E-001 -2.609214700000E-002 -1.747319800000E-002 
 1.653470000000E-003 -5.834713000000E-003  5.158475000000E-003 
-1.782470000000E-003  2.752470000000E-004 -5.355794000000E-003 
 3.840984000000E-003  4.517370000000E-004 -6.677992000000E-003 
-1.731997000000E-003 -1.797935000000E-003 -5.152278000000E-003 
 1.040271970000E-001  3.924927050000E-001  2.680127000000E-003 
 5.679432000000E-003 -3.664492000000E-002  2.635442000000E-003 
 3.849834000000E-003 -2.014846000000E-003 -1.257440000000E-004 
-4.161779000000E-003  3.325130000000E-004  1.137525000000E-003 
12 3 ! 1 2 0 1 2 0
 0.000000000000E+000  0.000000000000E+000  0.000000000000E+000 
 0.000000000000E+000  0.000000000000E+000  0.000000000000E+000 
 0.000000000000E+000  0.000000000000E+000  0.000000000000E+000 
 0.000000000000E+000  0.000000000000E+000  0.000000000000E+000 
 0.000000000000E+000  0.000000000000E+000  0.000000000000E+000 
 0.000000000000E+000  0.000000000000E+000  0.000000000000E+000 
 0.000000000000E+000  0.000000000000E+000  0.000000000000E+000 
 0.000000000000E+000  0.000000000000E+000  0.000000000000E+000 
 0.000000000000E+000  0.000000000000E+000  0.000000000000E+000 
 0.000000000000E+000  0.000000000000E+000  0.000000000000E+000 
 0.000000000000E+000  0.000000000000E+000  0.000000000000E+000 
 0.000000000000E+000  0.000000000000E+000  0.000000000000E+000 
! 6 Overlap matrix (2x2, complex)
2 2
 2.640176440000E-001  0.000000000000E+000  1.059271690000E-002  0.000000000000E+000 
-1.023850230000E-002  0.000000000000E+000  2.623537833000E-001  0.000000000000E+000 

! 7 Phases
2 ! for all nmstates
 1.000000000E+000  0.000000000E+000
 1.000000000E+000  0.000000000E+000
! 8 Runtime
 9.826932950000E+002
