! 1 Hamiltonian Matrix (2x2, complex)
2 2
-2.306849609289E+002  0.000000000000E+000  0.000000000000E+000  0.000000000000E+000 
 0.000000000000E+000  0.000000000000E+000 -2.305489371317E+002  0.000000000000E+000 

! 2 Dipole Moment Matrices (3x2x2, complex)
2 2
-1.572897300000E-001  0.000000000000E+000 -1.444992745300E-002  0.000000000000E+000 
-1.444992745300E-002  0.000000000000E+000  1.883859000000E-001  0.000000000000E+000 
2 2
 4.645250000000E-003  0.000000000000E+000  1.865320894930E-001  0.000000000000E+000 
 1.865320894930E-001  0.000000000000E+000  8.756260000000E-003  0.000000000000E+000 
2 2
 2.868242000000E-002  0.000000000000E+000  3.244661024000E-002  0.000000000000E+000 
 3.244661024000E-002  0.000000000000E+000  8.221217000000E-002  0.000000000000E+000 
! 3 Gradient Vectors (2x12x3, real)
12 3 ! 1 1 0
 9.162358400000E-002  4.583926400000E-002  2.715075000000E-003 
-8.437982200000E-002  2.724652300000E-002 -5.074084000000E-003 
-6.141283800000E-002 -6.059886400000E-002 -4.878613000000E-003 
-2.570169600000E-002  4.450679000000E-003  1.683529600000E-002 
 1.579768600000E-002 -1.156018500000E-002 -2.171214000000E-003 
 1.816708200000E-002 -3.529732300000E-002  1.594962300000E-002 
 4.043116100000E-002  1.197783200000E-002 -1.439022200000E-002 
 1.520605000000E-003  8.223172000000E-003  7.041686000000E-003 
 5.011902900000E-002  9.844447000000E-003 -1.968586000000E-002 
-1.015190430000E-001  2.649580900000E-002  4.963841000000E-003 
 2.635019800000E-002 -4.318476400000E-002 -2.546060000000E-003 
 2.900405400000E-002  1.656341100000E-002  1.240532000000E-003 
12 3 ! 1 2 0
 1.944368760000E-001 -3.315794200000E-002 -3.729903000000E-003 
-2.048010110000E-001 -4.172771100000E-002 -2.142747000000E-003 
-1.199432730000E-001  6.839391600000E-002 -2.297206000000E-003 
 7.986743700000E-002 -1.190238000000E-003  1.830933600000E-002 
 1.611587200000E-002 -1.094178500000E-002  5.648770000000E-004 
 1.736219400000E-002 -3.578810000000E-002  1.783707700000E-002 
 4.095831200000E-002  1.272110100000E-002 -1.433456600000E-002 
 5.946810000000E-004  8.353103000000E-003  1.634885000000E-003 
-9.517047100000E-002  6.675920400000E-002 -1.151735800000E-002 
 1.401860100000E-002 -6.153953000000E-003 -1.827848000000E-003 
 2.793489600000E-002 -4.183879800000E-002 -3.394591000000E-003 
 2.862588600000E-002  1.457120300000E-002  8.980430000000E-004 
! 5 Non-adiabatic couplings (ddr) (2x2x12x3, real)
12 3 ! 1 1 0 1 1 0
 0.000000000000E+000  0.000000000000E+000  0.000000000000E+000 
 0.000000000000E+000  0.000000000000E+000  0.000000000000E+000 
 0.000000000000E+000  0.000000000000E+000  0.000000000000E+000 
 0.000000000000E+000  0.000000000000E+000  0.000000000000E+000 
 0.000000000000E+000  0.000000000000E+000  0.000000000000E+000 
 0.000000000000E+000  0.000000000000E+000  0.000000000000E+000 
 0.000000000000E+000  0.000000000000E+000  0.000000000000E+000 
 0.000000000000E+000  0.000000000000E+000  0.000000000000E+000 
 0.000000000000E+000  0.000000000000E+000  0.000000000000E+000 
 0.000000000000E+000  0.000000000000E+000  0.000000000000E+000 
 0.000000000000E+000  0.000000000000E+000  0.000000000000E+000 
 0.000000000000E+000  0.000000000000E+000  0.000000000000E+000 
12 3 ! 1 1 0 1 2 0
 2.289052010000E-001 -1.624016750000E-001  1.645340000000E-004 
 5.793752000000E-002 -4.793479100000E-002  3.283100000000E-004 
-4.438568700000E-002 -8.402070200000E-002  1.107740900000E-002 
-4.287884340000E-001 -5.148741400000E-002  1.669444500000E-002 
 5.487748000000E-003 -4.021530000000E-003 -1.977883000000E-003 
-1.206019000000E-003  1.645670000000E-004 -5.309554000000E-003 
 4.071890000000E-004 -3.398407000000E-003 -1.318290800000E-002 
-3.278178000000E-003 -5.501870000000E-004 -1.020301200000E-002 
 2.801934880000E-001  3.984316880000E-001  6.592417000000E-003 
-9.274673700000E-002 -2.077836800000E-002  2.009587000000E-003 
 4.794274000000E-003 -3.504698000000E-003  8.483650000000E-004 
-4.566976000000E-003  2.378171000000E-003 -2.573121000000E-003 
12 3 ! 1 2 0 1 1 0
-2.289052010000E-001  1.624016750000E-001 -1.645340000000E-004 
-5.793752000000E-002  4.793479100000E-002 -3.283100000000E-004 
 4.438568700000E-002  8.402070200000E-002 -1.107740900000E-002 
 4.287884340000E-001  5.148741400000E-002 -1.669444500000E-002 
-5.487748000000E-003  4.021530000000E-003  1.977883000000E-003 
 1.206019000000E-003 -1.645670000000E-004  5.309554000000E-003 
-4.071890000000E-004  3.398407000000E-003  1.318290800000E-002 
 3.278178000000E-003  5.501870000000E-004  1.020301200000E-002 
-2.801934880000E-001 -3.984316880000E-001 -6.592417000000E-003 
 9.274673700000E-002  2.077836800000E-002 -2.009587000000E-003 
-4.794274000000E-003  3.504698000000E-003 -8.483650000000E-004 
 4.566976000000E-003 -2.378171000000E-003  2.573121000000E-003 
12 3 ! 1 2 0 1 2 0
 0.000000000000E+000  0.000000000000E+000  0.000000000000E+000 
 0.000000000000E+000  0.000000000000E+000  0.000000000000E+000 
 0.000000000000E+000  0.000000000000E+000  0.000000000000E+000 
 0.000000000000E+000  0.000000000000E+000  0.000000000000E+000 
 0.000000000000E+000  0.000000000000E+000  0.000000000000E+000 
 0.000000000000E+000  0.000000000000E+000  0.000000000000E+000 
 0.000000000000E+000  0.000000000000E+000  0.000000000000E+000 
 0.000000000000E+000  0.000000000000E+000  0.000000000000E+000 
 0.000000000000E+000  0.000000000000E+000  0.000000000000E+000 
 0.000000000000E+000  0.000000000000E+000  0.000000000000E+000 
 0.000000000000E+000  0.000000000000E+000  0.000000000000E+000 
 0.000000000000E+000  0.000000000000E+000  0.000000000000E+000 
! 8 Runtime
 1.098874308000E+003
