! 1 Hamiltonian Matrix (2x2, complex)
2 2
-2.307164881900E+002  0.000000000000E+000  0.000000000000E+000  0.000000000000E+000 
 0.000000000000E+000  0.000000000000E+000 -2.305700255012E+002  0.000000000000E+000 

! 2 Dipole Moment Matrices (3x2x2, complex)
2 2
-1.473914500000E-001  0.000000000000E+000 -7.545580486700E-002  0.000000000000E+000 
-7.545580486700E-002  0.000000000000E+000  1.580379100000E-001  0.000000000000E+000 
2 2
 4.469415000000E-002  0.000000000000E+000 -2.085217542850E-001  0.000000000000E+000 
-2.085217542850E-001  0.000000000000E+000 -9.301268000000E-002  0.000000000000E+000 
2 2
 2.414986000000E-002  0.000000000000E+000 -1.220711152100E-002  0.000000000000E+000 
-1.220711152100E-002  0.000000000000E+000  2.503659000000E-002  0.000000000000E+000 
! 3 Gradient Vectors (2x12x3, real)
12 3 ! 1 1 0
 5.377560000000E-003 -6.308958000000E-003 -1.152934000000E-003 
 2.654726200000E-002 -4.238039000000E-003  4.060125000000E-003 
-3.815782300000E-002 -7.714495000000E-003 -9.299648000000E-003 
 7.328565000000E-003 -3.095999000000E-003  1.434485000000E-003 
-1.138659000000E-002 -1.098213600000E-002 -1.793570000000E-004 
-2.713653800000E-002  2.425503400000E-002 -1.003431000000E-003 
 2.526776300000E-002  6.721192000000E-003  5.620013000000E-003 
-9.111900000000E-004 -1.560608000000E-003 -1.508959000000E-003 
 3.393628700000E-002  2.108681000000E-003  2.356723000000E-003 
-2.134913100000E-002  7.570991000000E-003 -1.741941000000E-003 
-7.723250000000E-004 -1.893582100000E-002  1.395660000000E-003 
 1.256160000000E-003  1.218015900000E-002  1.926400000000E-005 
12 3 ! 1 2 0
 1.040279230000E-001 -7.093930200000E-002 -9.014660000000E-004 
-9.540929400000E-002 -7.793734600000E-002  4.409162000000E-003 
-9.791748300000E-002  1.195035920000E-001 -9.375332000000E-003 
 1.251148620000E-001 -1.608786000000E-003  1.211877000000E-003 
-1.156672800000E-002 -1.054984100000E-002  2.796900000000E-005 
-2.802679900000E-002  2.317938300000E-002 -1.031404000000E-003 
 2.567067200000E-002  8.039351000000E-003  4.802987000000E-003 
-1.084270000000E-003 -1.842505000000E-003 -9.800830000000E-004 
-1.247599330000E-001  4.752838700000E-002  1.767179000000E-003 
 1.032958220000E-001 -2.867437800000E-002  6.155210000000E-004 
-8.797000000000E-005 -1.680104700000E-002 -8.822900000000E-004 
 7.431970000000E-004  1.010249100000E-002  3.358810000000E-004 
! 5 Non-adiabatic couplings (ddr) (2x2x12x3, real)
12 3 ! 1 1 0 1 1 0
 0.000000000000E+000  0.000000000000E+000  0.000000000000E+000 
 0.000000000000E+000  0.000000000000E+000  0.000000000000E+000 
 0.000000000000E+000  0.000000000000E+000  0.000000000000E+000 
 0.000000000000E+000  0.000000000000E+000  0.000000000000E+000 
 0.000000000000E+000  0.000000000000E+000  0.000000000000E+000 
 0.000000000000E+000  0.000000000000E+000  0.000000000000E+000 
 0.000000000000E+000  0.000000000000E+000  0.000000000000E+000 
 0.000000000000E+000  0.000000000000E+000  0.000000000000E+000 
 0.000000000000E+000  0.000000000000E+000  0.000000000000E+000 
 0.000000000000E+000  0.000000000000E+000  0.000000000000E+000 
 0.000000000000E+000  0.000000000000E+000  0.000000000000E+000 
 0.000000000000E+000  0.000000000000E+000  0.000000000000E+000 
12 3 ! 1 1 0 1 2 0
-2.302217670000E-001  2.060472910000E-001 -3.561173000000E-003 
-4.793339600000E-002  4.989040800000E-002 -2.022304000000E-003 
 6.138023000000E-002  4.432024000000E-002 -8.613821000000E-003 
 3.223330820000E-001  3.060395000000E-002  3.160684000000E-003 
-1.102375000000E-003  4.266000000000E-003  3.297870000000E-004 
 4.265466000000E-003 -1.269248000000E-003  3.017793000000E-003 
-3.560718000000E-003  2.272330000000E-003  2.256964000000E-003 
 4.177160000000E-003  2.961397000000E-003 -4.054270000000E-004 
-1.315525150000E-001 -4.124099370000E-001  6.648964000000E-003 
 1.204228300000E-002  4.361291900000E-002 -2.819997000000E-003 
-4.326583000000E-003  2.677882000000E-003  6.072630000000E-004 
 4.924875000000E-003 -1.281680000000E-004 -6.016700000000E-004 
12 3 ! 1 2 0 1 1 0
 2.302217670000E-001 -2.060472910000E-001  3.561173000000E-003 
 4.793339600000E-002 -4.989040800000E-002  2.022304000000E-003 
-6.138023000000E-002 -4.432024000000E-002  8.613821000000E-003 
-3.223330820000E-001 -3.060395000000E-002 -3.160684000000E-003 
 1.102375000000E-003 -4.266000000000E-003 -3.297870000000E-004 
-4.265466000000E-003  1.269248000000E-003 -3.017793000000E-003 
 3.560718000000E-003 -2.272330000000E-003 -2.256964000000E-003 
-4.177160000000E-003 -2.961397000000E-003  4.054270000000E-004 
 1.315525150000E-001  4.124099370000E-001 -6.648964000000E-003 
-1.204228300000E-002 -4.361291900000E-002  2.819997000000E-003 
 4.326583000000E-003 -2.677882000000E-003 -6.072630000000E-004 
-4.924875000000E-003  1.281680000000E-004  6.016700000000E-004 
12 3 ! 1 2 0 1 2 0
 0.000000000000E+000  0.000000000000E+000  0.000000000000E+000 
 0.000000000000E+000  0.000000000000E+000  0.000000000000E+000 
 0.000000000000E+000  0.000000000000E+000  0.000000000000E+000 
 0.000000000000E+000  0.000000000000E+000  0.000000000000E+000 
 0.000000000000E+000  0.000000000000E+000  0.000000000000E+000 
 0.000000000000E+000  0.000000000000E+000  0.000000000000E+000 
 0.000000000000E+000  0.000000000000E+000  0.000000000000E+000 
 0.000000000000E+000  0.000000000000E+000  0.000000000000E+000 
 0.000000000000E+000  0.000000000000E+000  0.000000000000E+000 
 0.000000000000E+000  0.000000000000E+000  0.000000000000E+000 
 0.000000000000E+000  0.000000000000E+000  0.000000000000E+000 
 0.000000000000E+000  0.000000000000E+000  0.000000000000E+000 
! 6 Overlap matrix (2x2, complex)
2 2
 9.988497584000E-001  0.000000000000E+000 -1.224452300000E-003  0.000000000000E+000 
 1.223291300000E-003  0.000000000000E+000  9.988439082000E-001  0.000000000000E+000 

! 7 Phases
2 ! for all nmstates
 1.000000000E+000  0.000000000E+000
 1.000000000E+000  0.000000000E+000
! 8 Runtime
 1.457428630000E+002
