2021-08-25 23:21:19.010022 fermium /user/julia/Tutorial/1_TrainingSet/Initial/ICOND_00038

  ================================================================================
||                                                                                ||
||                         SHARC - MOLPRO2012 - Interface                         ||
||                                                                                ||
||                             Author: Sebastian Mai                              ||
||                                                                                ||
||                                  Version: 2.1                                  ||
||                                 Date: 01.09.19                                 ||
||                                                                                ||
  ================================================================================


==> QMin Job description for:
Initial condition ICOND_00038/

Tasks:	H	DM	Grad	Nac(ddr)	Overlaps	Phases
States: 	2 Singlet

Method:
Electrons per Multiplicity:	42
Job ID per Multiplicity:	1
Level of Theory per Job ID:
1:	SA(2+0+0)-CASSCF(6,6)/6-31G*

Found Geo! NAtom is 12.

Geometry in Bohrs:
C -0.2318 -2.7019 -0.1302 
C  2.2818 -2.3799  0.0396 
C  3.3179  0.1547  0.1784 
C  1.0907  1.6226  0.0152 
H -1.3794 -4.4369  0.1381 
H  3.3743 -3.7551  0.2700 
H  5.1673  1.0671  0.2746 
H  1.2055  3.7791 -0.5492 
C -1.2319 -0.0792 -0.1453 
C -3.6974  0.7342  0.0224 
H -4.1733  2.8460  0.0772 
H -5.2933 -0.5578  0.0269 

Gradients:   X X 

Non-adiabatic couplings:
. X 
X . 

wfthres: 1.0
docicas: True
newstep: []
nstates: 2
unit: ['bohr']
phases: []
njobs: 1
initorbs: {1: '/user/julia/Tutorial/1_TrainingSet/Initial/ICOND_00038/SAVE/wf.1.old'}
delay: 0.0
scratchdir: /user/julia/Tutorial/1_TrainingSet/Initial/ICOND_00038/ICOND_00038
cleanup: []
wfoverlap: /user/julia/software/SchNarc/sharc/source/../bin/wfoverlap.x
template: {'gradaccudefault': 1e-05, 'gradaccumax': 0.01, 'basis': '6-31G*', 'occ': [24], 'nelec': {1: [42, 41, 42]}, 'closed': [18], 'rootpad': {1: [0, 0, 0]}, 'dkho': 0, 'roots': {1: [2, 0, 0]}}
memory: 500
multmap: {1: 1, -1: [1]}
ndocc: 0
jobs: [1]
ncore: 0
maxmult: 1
ncpu: 1
pwd: /user/julia/Tutorial/1_TrainingSet/Initial/ICOND_00038
statemap: {1: [1, 1, 0.0], 2: [1, 2, 0.0]}
molpro: /usr/license/molpro/molpros_2012_1_5_Linux_x86_64_i8/bin/
nmstates: 2
savedir: /user/julia/Tutorial/1_TrainingSet/Initial/ICOND_00038/SAVE
nacmap: [(1, 1, 1, 2)]
natom: 12
gradmap: [(1, 1), (1, 2)]
joblist: [1]


>>>>>>>>>>>>> Starting the MOLPRO job execution
START:	/user/julia/Tutorial/1_TrainingSet/Initial/ICOND_00038/ICOND_00038/integrals	2021-08-25 23:21:20.153068	"/usr/license/molpro/molpros_2012_1_5_Linux_x86_64_i8/bin/molpro -W./ -I./ -d./ MOLPRO.input"
FINISH:	/user/julia/Tutorial/1_TrainingSet/Initial/ICOND_00038/ICOND_00038/integrals	2021-08-25 23:22:53.718588	Runtime: 0:01:33.565520	Error Code: 0
Error Codes:
	integrals 	0

START:	/user/julia/Tutorial/1_TrainingSet/Initial/ICOND_00038/ICOND_00038/master_1	2021-08-25 23:22:59.501561	"/usr/license/molpro/molpros_2012_1_5_Linux_x86_64_i8/bin/molpro -W./ -I./ -d./ MOLPRO.input"
FINISH:	/user/julia/Tutorial/1_TrainingSet/Initial/ICOND_00038/ICOND_00038/master_1	2021-08-25 23:27:07.572163	Runtime: 0:04:08.070602	Error Code: 0
Error Codes:
	master_1  	0

START:	/user/julia/Tutorial/1_TrainingSet/Initial/ICOND_00038/ICOND_00038/grad_1_1	2021-08-25 23:27:19.262297	"/usr/license/molpro/molpros_2012_1_5_Linux_x86_64_i8/bin/molpro -W./ -I./ -d./ MOLPRO.input"
FINISH:	/user/julia/Tutorial/1_TrainingSet/Initial/ICOND_00038/ICOND_00038/grad_1_1	2021-08-25 23:29:58.910316	Runtime: 0:02:39.648019	Error Code: 0
START:	/user/julia/Tutorial/1_TrainingSet/Initial/ICOND_00038/ICOND_00038/nac_1_1_1_2	2021-08-25 23:30:06.128431	"/usr/license/molpro/molpros_2012_1_5_Linux_x86_64_i8/bin/molpro -W./ -I./ -d./ MOLPRO.input"
FINISH:	/user/julia/Tutorial/1_TrainingSet/Initial/ICOND_00038/ICOND_00038/nac_1_1_1_2	2021-08-25 23:32:32.942219	Runtime: 0:02:26.813788	Error Code: 0
START:	/user/julia/Tutorial/1_TrainingSet/Initial/ICOND_00038/ICOND_00038/grad_1_2	2021-08-25 23:32:36.441515	"/usr/license/molpro/molpros_2012_1_5_Linux_x86_64_i8/bin/molpro -W./ -I./ -d./ MOLPRO.input"
FINISH:	/user/julia/Tutorial/1_TrainingSet/Initial/ICOND_00038/ICOND_00038/grad_1_2	2021-08-25 23:34:54.926565	Runtime: 0:02:18.485050	Error Code: 0
Error Codes:
	grad_1_1  	0	nac_1_1_1_2	0	grad_1_2  	0

>>>>>>>>>>>>> Starting the WFOVERLAP job execution
START:	/user/julia/Tutorial/1_TrainingSet/Initial/ICOND_00038/ICOND_00038/CI_CAS_1_1	2021-08-25 23:34:55.514137	"/user/julia/software/SchNarc/sharc/source/../bin/wfoverlap.x -m 500 -f wfovl.inp"
FINISH:	/user/julia/Tutorial/1_TrainingSet/Initial/ICOND_00038/ICOND_00038/CI_CAS_1_1	2021-08-25 23:34:56.943075	Runtime: 0:00:01.428938	Error Code: 0
START:	/user/julia/Tutorial/1_TrainingSet/Initial/ICOND_00038/ICOND_00038/AOoverlap	2021-08-25 23:34:57.835726	"/usr/license/molpro/molpros_2012_1_5_Linux_x86_64_i8/bin/molpro -W./ -I./ -d./ MOLPRO.input"
FINISH:	/user/julia/Tutorial/1_TrainingSet/Initial/ICOND_00038/ICOND_00038/AOoverlap	2021-08-25 23:35:06.570211	Runtime: 0:00:08.734485	Error Code: 0
START:	/user/julia/Tutorial/1_TrainingSet/Initial/ICOND_00038/ICOND_00038/WFOVL_1_1	2021-08-25 23:35:06.694998	"/user/julia/software/SchNarc/sharc/source/../bin/wfoverlap.x -m 500 -f wfovl.inp"
FINISH:	/user/julia/Tutorial/1_TrainingSet/Initial/ICOND_00038/ICOND_00038/WFOVL_1_1	2021-08-25 23:35:07.091778	Runtime: 0:00:00.396780	Error Code: 0
Error Codes:
	CI_CAS_1_1	0	WFOVL_1_1 	0

===> Results:

=> Hamiltonian Matrix:
Diagonal Shift:   -230.00
Real Part:
----------------------
|-6.651e-01            |
|           -5.253e-01 |
----------------------

=> Dipole Moment Matrices:

Polarisation X:
Real Part:
----------------------
|-8.526e-02 -9.301e-03 |
|-9.301e-03  2.159e-01 |
----------------------

Polarisation Y:
Real Part:
----------------------
|-8.171e-03 -2.483e-01 |
|-2.483e-01 -7.158e-02 |
----------------------

Polarisation Z:
Real Part:
----------------------
| 1.330e-02 -1.728e-02 |
|-1.728e-02  3.002e-02 |
----------------------

=> Gradient Vectors:

Singlet	1	Ms=  0.0:
1	C	 0.02385	-0.02602	-0.00661	
2	C	 0.03416	-0.05144	 0.00260	
3	C	 0.08392	-0.05711	 0.01059	
4	C	-0.03062	-0.03631	 0.02527	
5	H	-0.01858	-0.02086	 0.00728	
6	H	-0.09611	 0.12682	-0.01664	
7	H	 0.00793	 0.02402	 0.00240	
8	H	 0.01393	 0.05539	-0.02312	
9	C	 0.01143	-0.02407	-0.00756	
10	C	-0.01134	-0.02936	 0.00532	
11	H	-0.01041	 0.04330	 0.00009	
12	H	-0.00816	-0.00436	 0.00037	

Singlet	2	Ms=  0.0:
1	C	 0.11131	-0.07929	-0.01170	
2	C	-0.08344	-0.12297	-0.00127	
3	C	 0.03253	 0.06394	 0.00675	
4	C	 0.09169	-0.03399	 0.03587	
5	H	-0.01860	-0.02025	 0.00894	
6	H	-0.09820	 0.12462	-0.01445	
7	H	 0.00747	 0.02482	 0.00014	
8	H	 0.01397	 0.05499	-0.02292	
9	C	-0.15254	 0.01958	 0.00076	
10	C	 0.11432	-0.07000	-0.00428	
11	H	-0.00980	 0.04479	 0.00149	
12	H	-0.00872	-0.00625	 0.00067	

=> Analytical Non-adiabatic coupling vectors:

Singlet	States 1 - 1	Ms=  0.0:
		...is identical zero...

Singlet	States 1 - 2	Ms=  0.0:
1	C	-0.25323	 0.21572	-0.04442	
2	C	 0.00675	 0.11849	 0.02545	
3	C	 0.05590	-0.04275	 0.03426	
4	C	 0.26492	 0.03190	-0.00829	
5	H	-0.00323	 0.00578	 0.00128	
6	H	 0.00788	-0.00062	-0.00984	
7	H	-0.00280	 0.00109	-0.00880	
8	H	 0.00280	 0.00085	-0.00044	
9	C	-0.07517	-0.41306	-0.00285	
10	C	-0.00769	 0.04861	 0.00607	
11	H	-0.00450	 0.00284	-0.00054	
12	H	 0.00535	 0.00018	 0.00327	

Singlet	States 2 - 1	Ms=  0.0:
1	C	 0.25323	-0.21572	 0.04442	
2	C	-0.00675	-0.11849	-0.02545	
3	C	-0.05590	 0.04275	-0.03426	
4	C	-0.26492	-0.03190	 0.00829	
5	H	 0.00323	-0.00578	-0.00128	
6	H	-0.00788	 0.00062	 0.00984	
7	H	 0.00280	-0.00109	 0.00880	
8	H	-0.00280	-0.00085	 0.00044	
9	C	 0.07517	 0.41306	 0.00285	
10	C	 0.00769	-0.04861	-0.00607	
11	H	 0.00450	-0.00284	 0.00054	
12	H	-0.00535	-0.00018	-0.00327	

Singlet	States 2 - 2	Ms=  0.0:
		...is identical zero...

=> Overlap matrix:

Real Part:
----------------------
| 1.694e-01  9.173e-03 |
|-8.064e-03  1.681e-01 |
----------------------

=> Wavefunction Phases:
2

 1.0  0.0
 1.0  0.0


==> Runtime:
0 Days	0 Hours	13 Minutes	48 Seconds


===> Writing output to file QM.out in SHARC Format

2021-08-25 23:35:08.097115
#================ END ================#
