! 1 Hamiltonian Matrix (2x2, complex)
2 2
-2.306651072694E+002  0.000000000000E+000  0.000000000000E+000  0.000000000000E+000 
 0.000000000000E+000  0.000000000000E+000 -2.305253139418E+002  0.000000000000E+000 

! 2 Dipole Moment Matrices (3x2x2, complex)
2 2
-8.525739000000E-002  0.000000000000E+000 -9.301446503000E-003  0.000000000000E+000 
-9.301446503000E-003  0.000000000000E+000  2.158894200000E-001  0.000000000000E+000 
2 2
-8.170980000000E-003  0.000000000000E+000 -2.482758023500E-001  0.000000000000E+000 
-2.482758023500E-001  0.000000000000E+000 -7.157648000000E-002  0.000000000000E+000 
2 2
 1.330111000000E-002  0.000000000000E+000 -1.727843845800E-002  0.000000000000E+000 
-1.727843845800E-002  0.000000000000E+000  3.001764000000E-002  0.000000000000E+000 
! 3 Gradient Vectors (2x12x3, real)
12 3 ! 1 1 0
 2.385137100000E-002 -2.602166400000E-002 -6.605891000000E-003 
 3.415980500000E-002 -5.144427300000E-002  2.604861000000E-003 
 8.392169800000E-002 -5.711244700000E-002  1.058820700000E-002 
-3.061882800000E-002 -3.630655300000E-002  2.527217700000E-002 
-1.858230400000E-002 -2.085689800000E-002  7.279159000000E-003 
-9.611115800000E-002  1.268213850000E-001 -1.663586400000E-002 
 7.929798000000E-003  2.401819500000E-002  2.395710000000E-003 
 1.392776600000E-002  5.539195200000E-002 -2.311758300000E-002 
 1.142926200000E-002 -2.407122500000E-002 -7.556315000000E-003 
-1.133899700000E-002 -2.935853400000E-002  5.320618000000E-003 
-1.040862200000E-002  4.329568500000E-002  8.808900000000E-005 
-8.159789000000E-003 -4.355623000000E-003  3.668330000000E-004 
12 3 ! 1 2 0
 1.113070410000E-001 -7.929288900000E-002 -1.169931100000E-002 
-8.343583800000E-002 -1.229657650000E-001 -1.273054000000E-003 
 3.253242700000E-002  6.394052100000E-002  6.745492000000E-003 
 9.169359700000E-002 -3.398982300000E-002  3.586738400000E-002 
-1.860258700000E-002 -2.024834000000E-002  8.938517000000E-003 
-9.820097200000E-002  1.246217850000E-001 -1.444820200000E-002 
 7.474368000000E-003  2.482135600000E-002  1.407310000000E-004 
 1.397311100000E-002  5.498910100000E-002 -2.291798900000E-002 
-1.525446680000E-001  1.958473700000E-002  7.604720000000E-004 
 1.143237750000E-001 -7.000227200000E-002 -4.276734000000E-003 
-9.799067000000E-003  4.479393700000E-002  1.494311000000E-003 
-8.721187000000E-003 -6.252349000000E-003  6.683840000000E-004 
! 5 Non-adiabatic couplings (ddr) (2x2x12x3, real)
12 3 ! 1 1 0 1 1 0
 0.000000000000E+000  0.000000000000E+000  0.000000000000E+000 
 0.000000000000E+000  0.000000000000E+000  0.000000000000E+000 
 0.000000000000E+000  0.000000000000E+000  0.000000000000E+000 
 0.000000000000E+000  0.000000000000E+000  0.000000000000E+000 
 0.000000000000E+000  0.000000000000E+000  0.000000000000E+000 
 0.000000000000E+000  0.000000000000E+000  0.000000000000E+000 
 0.000000000000E+000  0.000000000000E+000  0.000000000000E+000 
 0.000000000000E+000  0.000000000000E+000  0.000000000000E+000 
 0.000000000000E+000  0.000000000000E+000  0.000000000000E+000 
 0.000000000000E+000  0.000000000000E+000  0.000000000000E+000 
 0.000000000000E+000  0.000000000000E+000  0.000000000000E+000 
 0.000000000000E+000  0.000000000000E+000  0.000000000000E+000 
12 3 ! 1 1 0 1 2 0
-2.532323870000E-001  2.157238530000E-001 -4.441715500000E-002 
 6.754816000000E-003  1.184899670000E-001  2.545441700000E-002 
 5.590248700000E-002 -4.274948400000E-002  3.425720100000E-002 
 2.649242560000E-001  3.189555900000E-002 -8.285865000000E-003 
-3.233641000000E-003  5.777373000000E-003  1.281666000000E-003 
 7.878804000000E-003 -6.199960000000E-004 -9.840967000000E-003 
-2.800322000000E-003  1.088218000000E-003 -8.800633000000E-003 
 2.795732000000E-003  8.502390000000E-004 -4.407750000000E-004 
-7.517048900000E-002 -4.130574410000E-001 -2.847452000000E-003 
-7.690245000000E-003  4.860824800000E-002  6.067597000000E-003 
-4.501379000000E-003  2.836203000000E-003 -5.373360000000E-004 
 5.346895000000E-003  1.824120000000E-004  3.274939000000E-003 
12 3 ! 1 2 0 1 1 0
 2.532323870000E-001 -2.157238530000E-001  4.441715500000E-002 
-6.754816000000E-003 -1.184899670000E-001 -2.545441700000E-002 
-5.590248700000E-002  4.274948400000E-002 -3.425720100000E-002 
-2.649242560000E-001 -3.189555900000E-002  8.285865000000E-003 
 3.233641000000E-003 -5.777373000000E-003 -1.281666000000E-003 
-7.878804000000E-003  6.199960000000E-004  9.840967000000E-003 
 2.800322000000E-003 -1.088218000000E-003  8.800633000000E-003 
-2.795732000000E-003 -8.502390000000E-004  4.407750000000E-004 
 7.517048900000E-002  4.130574410000E-001  2.847452000000E-003 
 7.690245000000E-003 -4.860824800000E-002 -6.067597000000E-003 
 4.501379000000E-003 -2.836203000000E-003  5.373360000000E-004 
-5.346895000000E-003 -1.824120000000E-004 -3.274939000000E-003 
12 3 ! 1 2 0 1 2 0
 0.000000000000E+000  0.000000000000E+000  0.000000000000E+000 
 0.000000000000E+000  0.000000000000E+000  0.000000000000E+000 
 0.000000000000E+000  0.000000000000E+000  0.000000000000E+000 
 0.000000000000E+000  0.000000000000E+000  0.000000000000E+000 
 0.000000000000E+000  0.000000000000E+000  0.000000000000E+000 
 0.000000000000E+000  0.000000000000E+000  0.000000000000E+000 
 0.000000000000E+000  0.000000000000E+000  0.000000000000E+000 
 0.000000000000E+000  0.000000000000E+000  0.000000000000E+000 
 0.000000000000E+000  0.000000000000E+000  0.000000000000E+000 
 0.000000000000E+000  0.000000000000E+000  0.000000000000E+000 
 0.000000000000E+000  0.000000000000E+000  0.000000000000E+000 
 0.000000000000E+000  0.000000000000E+000  0.000000000000E+000 
! 6 Overlap matrix (2x2, complex)
2 2
 1.693821836000E-001  0.000000000000E+000  9.173349900000E-003  0.000000000000E+000 
-8.064446900000E-003  0.000000000000E+000  1.680782254000E-001  0.000000000000E+000 

! 7 Phases
2 ! for all nmstates
 1.000000000E+000  0.000000000E+000
 1.000000000E+000  0.000000000E+000
! 8 Runtime
 1.522413170000E+002
