2021-08-26 02:46:01.987150 fermium /global/julia/Fulvene/Interpolation_Geometry1/Calc_23

  ================================================================================
||                                                                                ||
||                         SHARC - MOLPRO2012 - Interface                         ||
||                                                                                ||
||                             Author: Sebastian Mai                              ||
||                                                                                ||
||                                  Version: 2.1                                  ||
||                                 Date: 01.09.19                                 ||
||                                                                                ||
  ================================================================================


==> QMin Job description for:
tmp.pdb

Tasks:	H	DM	Grad	Nac(ddr)	Overlaps	Phases
States: 	2 Singlet

Method:
Electrons per Multiplicity:	42
Job ID per Multiplicity:	1
Level of Theory per Job ID:
1:	SA(2+0+0)-CASSCF(6,6)/6-31G*

Found Geo! NAtom is 12.

Geometry in Bohrs:
C -0.2020 -2.6450 -0.0400 
C  2.3590 -2.4660  0.0460 
C  3.1630  0.1480 -0.0820 
C  1.1410  1.6610 -0.0860 
H -1.5010 -4.3040 -0.0410 
H  3.3630 -4.0390 -0.0040 
H  5.2310  0.7610  0.2440 
H  1.0520  3.6730 -0.2020 
C -1.0710  0.0180 -0.0480 
C -3.5980  0.7200 -0.0010 
H -4.2180  2.5580  0.1970 
H -5.1830 -0.4830  0.0180 

Gradients:   X X 

Non-adiabatic couplings:
. X 
X . 

wfthres: 1.0
docicas: True
newstep: []
nstates: 2
unit: ['bohr']
phases: []
njobs: 1
initorbs: {1: '/global/julia/Fulvene/Interpolation_Geometry1/Calc_23/SAVEDIR/wf.1.old'}
delay: 0.0
scratchdir: /public/fermium/scratch/tmp/julia.91780
wfoverlap: /user/julia/software/SchNarc/sharc/bin/wfoverlap.x
template: {'gradaccudefault': 1e-05, 'gradaccumax': 0.01, 'basis': '6-31G*', 'occ': [24], 'nelec': {1: [42, 41, 42]}, 'closed': [18], 'rootpad': {1: [0, 0, 0]}, 'dkho': 0, 'roots': {1: [2, 0, 0]}}
memory: 2000
multmap: {1: 1, -1: [1]}
ndocc: 0
jobs: [1]
ncore: 0
maxmult: 1
ncpu: 1
pwd: /global/julia/Fulvene/Interpolation_Geometry1/Calc_23
statemap: {1: [1, 1, 0.0], 2: [1, 2, 0.0]}
molpro: /usr/license/molpro/molpros_2012_1_5_Linux_x86_64_i8/bin/
nmstates: 2
savedir: /global/julia/Fulvene/Interpolation_Geometry1/Calc_23/SAVEDIR
nacmap: [(1, 1, 1, 2)]
natom: 12
gradmap: [(1, 1), (1, 2)]
joblist: [1]


>>>>>>>>>>>>> Starting the MOLPRO job execution
START:	/public/fermium/scratch/tmp/julia.91780/integrals	2021-08-26 02:46:04.214331	"/usr/license/molpro/molpros_2012_1_5_Linux_x86_64_i8/bin/molpro -W./ -I./ -d./ MOLPRO.input"
FINISH:	/public/fermium/scratch/tmp/julia.91780/integrals	2021-08-26 02:46:07.756557	Runtime: 0:00:03.542226	Error Code: 0
Error Codes:
	integrals 	0

START:	/public/fermium/scratch/tmp/julia.91780/master_1	2021-08-26 02:46:08.361423	"/usr/license/molpro/molpros_2012_1_5_Linux_x86_64_i8/bin/molpro -W./ -I./ -d./ MOLPRO.input"
FINISH:	/public/fermium/scratch/tmp/julia.91780/master_1	2021-08-26 02:46:27.361075	Runtime: 0:00:18.999652	Error Code: 0
Error Codes:
	master_1  	0

START:	/public/fermium/scratch/tmp/julia.91780/grad_1_1	2021-08-26 02:48:14.321561	"/usr/license/molpro/molpros_2012_1_5_Linux_x86_64_i8/bin/molpro -W./ -I./ -d./ MOLPRO.input"
FINISH:	/public/fermium/scratch/tmp/julia.91780/grad_1_1	2021-08-26 02:48:33.761103	Runtime: 0:00:19.439542	Error Code: 0
START:	/public/fermium/scratch/tmp/julia.91780/nac_1_1_1_2	2021-08-26 02:48:57.612081	"/usr/license/molpro/molpros_2012_1_5_Linux_x86_64_i8/bin/molpro -W./ -I./ -d./ MOLPRO.input"
FINISH:	/public/fermium/scratch/tmp/julia.91780/nac_1_1_1_2	2021-08-26 02:49:22.184104	Runtime: 0:00:24.572023	Error Code: 0
START:	/public/fermium/scratch/tmp/julia.91780/grad_1_2	2021-08-26 02:49:32.162603	"/usr/license/molpro/molpros_2012_1_5_Linux_x86_64_i8/bin/molpro -W./ -I./ -d./ MOLPRO.input"
FINISH:	/public/fermium/scratch/tmp/julia.91780/grad_1_2	2021-08-26 02:49:52.589222	Runtime: 0:00:20.426619	Error Code: 0
Error Codes:
	grad_1_1  	0	nac_1_1_1_2	0	grad_1_2  	0

>>>>>>>>>>>>> Starting the WFOVERLAP job execution
START:	/public/fermium/scratch/tmp/julia.91780/CI_CAS_1_1	2021-08-26 02:49:52.801250	"/user/julia/software/SchNarc/sharc/bin/wfoverlap.x -m 2000 -f wfovl.inp"
FINISH:	/public/fermium/scratch/tmp/julia.91780/CI_CAS_1_1	2021-08-26 02:49:57.058579	Runtime: 0:00:04.257329	Error Code: 0
START:	/public/fermium/scratch/tmp/julia.91780/AOoverlap	2021-08-26 02:49:57.949665	"/usr/license/molpro/molpros_2012_1_5_Linux_x86_64_i8/bin/molpro -W./ -I./ -d./ MOLPRO.input"
FINISH:	/public/fermium/scratch/tmp/julia.91780/AOoverlap	2021-08-26 02:50:00.044448	Runtime: 0:00:02.094783	Error Code: 0
START:	/public/fermium/scratch/tmp/julia.91780/WFOVL_1_1	2021-08-26 02:50:14.369791	"/user/julia/software/SchNarc/sharc/bin/wfoverlap.x -m 2000 -f wfovl.inp"
FINISH:	/public/fermium/scratch/tmp/julia.91780/WFOVL_1_1	2021-08-26 02:50:21.801659	Runtime: 0:00:07.431868	Error Code: 0
Error Codes:
	CI_CAS_1_1	0	WFOVL_1_1 	0

===> Results:

=> Hamiltonian Matrix:
Diagonal Shift:   -230.00
Real Part:
----------------------
|-6.965e-01            |
|           -5.554e-01 |
----------------------

=> Dipole Moment Matrices:

Polarisation X:
Real Part:
----------------------
|-1.799e-01 -8.400e-02 |
|-8.400e-02  1.028e-01 |
----------------------

Polarisation Y:
Real Part:
----------------------
| 5.085e-02 -2.040e-01 |
|-2.040e-01 -1.226e-01 |
----------------------

Polarisation Z:
Real Part:
----------------------
| 4.776e-02 -2.350e-02 |
|-2.350e-02  5.200e-02 |
----------------------

=> Gradient Vectors:

Singlet	1	Ms=  0.0:
1	C	 0.01074	-0.01489	-0.00188	
2	C	 0.05927	-0.01886	 0.00682	
3	C	-0.07425	-0.01508	-0.02227	
4	C	 0.01659	-0.00699	 0.00305	
5	H	-0.02307	-0.02150	-0.00046	
6	H	-0.06085	 0.06211	-0.00115	
7	H	 0.04561	 0.01239	 0.01498	
8	H	-0.00196	-0.00319	-0.00306	
9	C	 0.06876	 0.00510	 0.00416	
10	C	-0.04476	 0.01701	-0.00149	
11	H	-0.00012	-0.04238	 0.00088	
12	H	 0.00404	 0.02629	 0.00043	

Singlet	2	Ms=  0.0:
1	C	 0.11121	-0.07602	-0.00136	
2	C	-0.06450	-0.09538	 0.00797	
3	C	-0.13463	 0.11304	-0.02220	
4	C	 0.13386	-0.00577	 0.00205	
5	H	-0.02338	-0.02105	-0.00011	
6	H	-0.06232	 0.06115	-0.00137	
7	H	 0.04615	 0.01384	 0.01329	
8	H	-0.00203	-0.00337	-0.00187	
9	C	-0.08541	 0.04580	 0.00303	
10	C	 0.07718	-0.01656	 0.00300	
11	H	 0.00040	-0.03978	-0.00385	
12	H	 0.00347	 0.02412	 0.00142	

=> Analytical Non-adiabatic coupling vectors:

Singlet	States 1 - 1	Ms=  0.0:
		...is identical zero...

Singlet	States 1 - 2	Ms=  0.0:
1	C	-0.22424	 0.21438	-0.00666	
2	C	-0.05555	 0.04233	-0.00437	
3	C	 0.05630	 0.06715	-0.01764	
4	C	 0.34166	 0.02985	 0.00575	
5	H	-0.00052	 0.00390	 0.00055	
6	H	 0.00422	-0.00200	 0.00623	
7	H	-0.00358	 0.00289	 0.00416	
8	H	 0.00438	 0.00307	-0.00052	
9	C	-0.14470	-0.43352	 0.01497	
10	C	 0.01154	 0.04427	-0.00606	
11	H	-0.00426	 0.00248	 0.00102	
12	H	 0.00471	-0.00020	-0.00112	

Singlet	States 2 - 1	Ms=  0.0:
1	C	 0.22424	-0.21438	 0.00666	
2	C	 0.05555	-0.04233	 0.00437	
3	C	-0.05630	-0.06715	 0.01764	
4	C	-0.34166	-0.02985	-0.00575	
5	H	 0.00052	-0.00390	-0.00055	
6	H	-0.00422	 0.00200	-0.00623	
7	H	 0.00358	-0.00289	-0.00416	
8	H	-0.00438	-0.00307	 0.00052	
9	C	 0.14470	 0.43352	-0.01497	
10	C	-0.01154	-0.04427	 0.00606	
11	H	 0.00426	-0.00248	-0.00102	
12	H	-0.00471	 0.00020	 0.00112	

Singlet	States 2 - 2	Ms=  0.0:
		...is identical zero...

=> Overlap matrix:

Real Part:
----------------------
| 9.988e-01 -2.563e-04 |
| 2.549e-04  9.988e-01 |
----------------------

=> Wavefunction Phases:
2

 1.0  0.0
 1.0  0.0


==> Runtime:
0 Days	0 Hours	4 Minutes	32 Seconds


===> Writing output to file QM.out in SHARC Format

2021-08-26 02:50:41.357752
#================ END ================#
