! 1 Hamiltonian Matrix (2x2, complex)
2 2
-2.306964961918E+002  0.000000000000E+000  0.000000000000E+000  0.000000000000E+000 
 0.000000000000E+000  0.000000000000E+000 -2.305554292292E+002  0.000000000000E+000 

! 2 Dipole Moment Matrices (3x2x2, complex)
2 2
-1.798714700000E-001  0.000000000000E+000 -8.400368587200E-002  0.000000000000E+000 
-8.400368587200E-002  0.000000000000E+000  1.027727600000E-001  0.000000000000E+000 
2 2
 5.084647000000E-002  0.000000000000E+000 -2.040004035630E-001  0.000000000000E+000 
-2.040004035630E-001  0.000000000000E+000 -1.225634700000E-001  0.000000000000E+000 
2 2
 4.776294000000E-002  0.000000000000E+000 -2.349507690900E-002  0.000000000000E+000 
-2.349507690900E-002  0.000000000000E+000  5.199709000000E-002  0.000000000000E+000 
! 3 Gradient Vectors (2x12x3, real)
12 3 ! 1 1 0
 1.074107600000E-002 -1.489305700000E-002 -1.875857000000E-003 
 5.926576300000E-002 -1.886419000000E-002  6.819790000000E-003 
-7.425311100000E-002 -1.507914600000E-002 -2.227453400000E-002 
 1.659003200000E-002 -6.987852000000E-003  3.048586000000E-003 
-2.307073100000E-002 -2.150076600000E-002 -4.626370000000E-004 
-6.084896100000E-002  6.211411700000E-002 -1.145851000000E-003 
 4.560621900000E-002  1.239073600000E-002  1.497822100000E-002 
-1.956860000000E-003 -3.185418000000E-003 -3.061069000000E-003 
 6.875855800000E-002  5.095728000000E-003  4.162157000000E-003 
-4.475788600000E-002  1.700598100000E-002 -1.493000000000E-003 
-1.177300000000E-004 -4.238231300000E-002  8.785490000000E-004 
 4.043631000000E-003  2.628617900000E-002  4.256450000000E-004 
12 3 ! 1 2 0
 1.112128230000E-001 -7.601895600000E-002 -1.357406000000E-003 
-6.450291400000E-002 -9.538002000000E-002  7.968514000000E-003 
-1.346322250000E-001  1.130409240000E-001 -2.220324300000E-002 
 1.338643780000E-001 -5.769088000000E-003  2.054656000000E-003 
-2.338150900000E-002 -2.105295200000E-002 -1.082700000000E-004 
-6.231792600000E-002  6.114555400000E-002 -1.368093000000E-003 
 4.614627300000E-002  1.383545600000E-002  1.328840800000E-002 
-2.026143000000E-003 -3.374844000000E-003 -1.870693000000E-003 
-8.541267900000E-002  4.579951200000E-002  3.031215000000E-003 
 7.718473900000E-002 -1.656176800000E-002  2.997536000000E-003 
 3.951040000000E-004 -3.978090000000E-002 -3.852546000000E-003 
 3.470080000000E-003  2.411708200000E-002  1.419922000000E-003 
! 5 Non-adiabatic couplings (ddr) (2x2x12x3, real)
12 3 ! 1 1 0 1 1 0
 0.000000000000E+000  0.000000000000E+000  0.000000000000E+000 
 0.000000000000E+000  0.000000000000E+000  0.000000000000E+000 
 0.000000000000E+000  0.000000000000E+000  0.000000000000E+000 
 0.000000000000E+000  0.000000000000E+000  0.000000000000E+000 
 0.000000000000E+000  0.000000000000E+000  0.000000000000E+000 
 0.000000000000E+000  0.000000000000E+000  0.000000000000E+000 
 0.000000000000E+000  0.000000000000E+000  0.000000000000E+000 
 0.000000000000E+000  0.000000000000E+000  0.000000000000E+000 
 0.000000000000E+000  0.000000000000E+000  0.000000000000E+000 
 0.000000000000E+000  0.000000000000E+000  0.000000000000E+000 
 0.000000000000E+000  0.000000000000E+000  0.000000000000E+000 
 0.000000000000E+000  0.000000000000E+000  0.000000000000E+000 
12 3 ! 1 1 0 1 2 0
-2.242414950000E-001  2.143785810000E-001 -6.657287000000E-003 
-5.554615400000E-002  4.233272500000E-002 -4.367489000000E-003 
 5.629647500000E-002  6.715146900000E-002 -1.764217000000E-002 
 3.416596120000E-001  2.984977400000E-002  5.752426000000E-003 
-5.200220000000E-004  3.899603000000E-003  5.450580000000E-004 
 4.222461000000E-003 -2.000371000000E-003  6.233725000000E-003 
-3.580119000000E-003  2.889298000000E-003  4.161643000000E-003 
 4.378608000000E-003  3.071547000000E-003 -5.202140000000E-004 
-1.446954060000E-001 -4.335219790000E-001  1.497000600000E-002 
 1.153714500000E-002  4.426538100000E-002 -6.059235000000E-003 
-4.264257000000E-003  2.482047000000E-003  1.022168000000E-003 
 4.709961000000E-003 -2.042500000000E-004 -1.124204000000E-003 
12 3 ! 1 2 0 1 1 0
 2.242414950000E-001 -2.143785810000E-001  6.657287000000E-003 
 5.554615400000E-002 -4.233272500000E-002  4.367489000000E-003 
-5.629647500000E-002 -6.715146900000E-002  1.764217000000E-002 
-3.416596120000E-001 -2.984977400000E-002 -5.752426000000E-003 
 5.200220000000E-004 -3.899603000000E-003 -5.450580000000E-004 
-4.222461000000E-003  2.000371000000E-003 -6.233725000000E-003 
 3.580119000000E-003 -2.889298000000E-003 -4.161643000000E-003 
-4.378608000000E-003 -3.071547000000E-003  5.202140000000E-004 
 1.446954060000E-001  4.335219790000E-001 -1.497000600000E-002 
-1.153714500000E-002 -4.426538100000E-002  6.059235000000E-003 
 4.264257000000E-003 -2.482047000000E-003 -1.022168000000E-003 
-4.709961000000E-003  2.042500000000E-004  1.124204000000E-003 
12 3 ! 1 2 0 1 2 0
 0.000000000000E+000  0.000000000000E+000  0.000000000000E+000 
 0.000000000000E+000  0.000000000000E+000  0.000000000000E+000 
 0.000000000000E+000  0.000000000000E+000  0.000000000000E+000 
 0.000000000000E+000  0.000000000000E+000  0.000000000000E+000 
 0.000000000000E+000  0.000000000000E+000  0.000000000000E+000 
 0.000000000000E+000  0.000000000000E+000  0.000000000000E+000 
 0.000000000000E+000  0.000000000000E+000  0.000000000000E+000 
 0.000000000000E+000  0.000000000000E+000  0.000000000000E+000 
 0.000000000000E+000  0.000000000000E+000  0.000000000000E+000 
 0.000000000000E+000  0.000000000000E+000  0.000000000000E+000 
 0.000000000000E+000  0.000000000000E+000  0.000000000000E+000 
 0.000000000000E+000  0.000000000000E+000  0.000000000000E+000 
! 6 Overlap matrix (2x2, complex)
2 2
 9.988346058000E-001  0.000000000000E+000 -2.562833000000E-004  0.000000000000E+000 
 2.549212000000E-004  0.000000000000E+000  9.988307351000E-001  0.000000000000E+000 

! 7 Phases
2 ! for all nmstates
 1.000000000E+000  0.000000000E+000
 1.000000000E+000  0.000000000E+000
! 8 Runtime
 2.727932580000E+002
