2021-08-26 01:20:56.668645 fermium /global/julia/Fulvene/Interpolation_Geometry1/Calc_0

  ================================================================================
||                                                                                ||
||                         SHARC - MOLPRO2012 - Interface                         ||
||                                                                                ||
||                             Author: Sebastian Mai                              ||
||                                                                                ||
||                                  Version: 2.1                                  ||
||                                 Date: 01.09.19                                 ||
||                                                                                ||
  ================================================================================


==> QMin Job description for:
tmp.pdb

Tasks:	H	DM	Grad	Nac(ddr)	Overlaps	Phases
States: 	2 Singlet

Method:
Electrons per Multiplicity:	42
Job ID per Multiplicity:	1
Level of Theory per Job ID:
1:	SA(2+0+0)-CASSCF(6,6)/6-31G*

Found Geo! NAtom is 12.

Geometry in Bohrs:
C -0.2340 -2.6060 -0.0020 
C  2.3260 -2.5360 -0.0000 
C  3.1520  0.1360  0.0000 
C  1.0790  1.6390 -0.0010 
H -1.4140 -4.2540 -0.0020 
H  3.5780 -4.1300  0.0020 
H  5.0860  0.7450  0.0010 
H  1.0350  3.6650 -0.0020 
C -1.1840  0.0140  0.0000 
C -3.6190  0.7670  0.0010 
H -4.1220  2.7350  0.0000 
H -5.1460 -0.5740  0.0020 

Gradients:   X X 

Non-adiabatic couplings:
. X 
X . 

wfthres: 1.0
docicas: True
newstep: []
nstates: 2
unit: ['bohr']
phases: []
njobs: 1
initorbs: {1: '/global/julia/Fulvene/Interpolation_Geometry1/Calc_0/SAVEDIR/wf.1.old'}
delay: 0.0
scratchdir: /public/fermium/scratch/tmp/julia.91780
wfoverlap: /user/julia/software/SchNarc/sharc/bin/wfoverlap.x
template: {'gradaccudefault': 1e-05, 'gradaccumax': 0.01, 'basis': '6-31G*', 'occ': [24], 'nelec': {1: [42, 41, 42]}, 'closed': [18], 'rootpad': {1: [0, 0, 0]}, 'dkho': 0, 'roots': {1: [2, 0, 0]}}
memory: 2000
multmap: {1: 1, -1: [1]}
ndocc: 0
jobs: [1]
ncore: 0
maxmult: 1
ncpu: 1
pwd: /global/julia/Fulvene/Interpolation_Geometry1/Calc_0
statemap: {1: [1, 1, 0.0], 2: [1, 2, 0.0]}
molpro: /usr/license/molpro/molpros_2012_1_5_Linux_x86_64_i8/bin/
nmstates: 2
savedir: /global/julia/Fulvene/Interpolation_Geometry1/Calc_0/SAVEDIR
nacmap: [(1, 1, 1, 2)]
natom: 12
gradmap: [(1, 1), (1, 2)]
joblist: [1]


>>>>>>>>>>>>> Starting the MOLPRO job execution
START:	/public/fermium/scratch/tmp/julia.91780/integrals	2021-08-26 01:20:56.930237	"/usr/license/molpro/molpros_2012_1_5_Linux_x86_64_i8/bin/molpro -W./ -I./ -d./ MOLPRO.input"
FINISH:	/public/fermium/scratch/tmp/julia.91780/integrals	2021-08-26 01:21:00.295483	Runtime: 0:00:03.365246	Error Code: 0
Error Codes:
	integrals 	0

START:	/public/fermium/scratch/tmp/julia.91780/master_1	2021-08-26 01:21:24.969224	"/usr/license/molpro/molpros_2012_1_5_Linux_x86_64_i8/bin/molpro -W./ -I./ -d./ MOLPRO.input"
FINISH:	/public/fermium/scratch/tmp/julia.91780/master_1	2021-08-26 01:21:48.025160	Runtime: 0:00:23.055936	Error Code: 0
Error Codes:
	master_1  	0

START:	/public/fermium/scratch/tmp/julia.91780/grad_1_1	2021-08-26 01:23:13.612428	"/usr/license/molpro/molpros_2012_1_5_Linux_x86_64_i8/bin/molpro -W./ -I./ -d./ MOLPRO.input"
FINISH:	/public/fermium/scratch/tmp/julia.91780/grad_1_1	2021-08-26 01:23:26.953136	Runtime: 0:00:13.340708	Error Code: 0
START:	/public/fermium/scratch/tmp/julia.91780/nac_1_1_1_2	2021-08-26 01:23:28.675938	"/usr/license/molpro/molpros_2012_1_5_Linux_x86_64_i8/bin/molpro -W./ -I./ -d./ MOLPRO.input"
FINISH:	/public/fermium/scratch/tmp/julia.91780/nac_1_1_1_2	2021-08-26 01:23:50.943797	Runtime: 0:00:22.267859	Error Code: 0
START:	/public/fermium/scratch/tmp/julia.91780/grad_1_2	2021-08-26 01:23:53.731743	"/usr/license/molpro/molpros_2012_1_5_Linux_x86_64_i8/bin/molpro -W./ -I./ -d./ MOLPRO.input"
FINISH:	/public/fermium/scratch/tmp/julia.91780/grad_1_2	2021-08-26 01:24:11.475666	Runtime: 0:00:17.743923	Error Code: 0
Error Codes:
	grad_1_1  	0	nac_1_1_1_2	0	grad_1_2  	0

>>>>>>>>>>>>> Starting the WFOVERLAP job execution
START:	/public/fermium/scratch/tmp/julia.91780/CI_CAS_1_1	2021-08-26 01:24:11.923605	"/user/julia/software/SchNarc/sharc/bin/wfoverlap.x -m 2000 -f wfovl.inp"
FINISH:	/public/fermium/scratch/tmp/julia.91780/CI_CAS_1_1	2021-08-26 01:24:28.233726	Runtime: 0:00:16.310121	Error Code: 0
START:	/public/fermium/scratch/tmp/julia.91780/AOoverlap	2021-08-26 01:24:35.643186	"/usr/license/molpro/molpros_2012_1_5_Linux_x86_64_i8/bin/molpro -W./ -I./ -d./ MOLPRO.input"
FINISH:	/public/fermium/scratch/tmp/julia.91780/AOoverlap	2021-08-26 01:24:38.641473	Runtime: 0:00:02.998287	Error Code: 0
START:	/public/fermium/scratch/tmp/julia.91780/WFOVL_1_1	2021-08-26 01:24:52.982662	"/user/julia/software/SchNarc/sharc/bin/wfoverlap.x -m 2000 -f wfovl.inp"
FINISH:	/public/fermium/scratch/tmp/julia.91780/WFOVL_1_1	2021-08-26 01:25:22.405027	Runtime: 0:00:29.422365	Error Code: 0
Error Codes:
	CI_CAS_1_1	0	WFOVL_1_1 	0

===> Results:

=> Hamiltonian Matrix:
Diagonal Shift:   -230.00
Real Part:
----------------------
|-7.223e-01            |
|           -5.714e-01 |
----------------------

=> Dipole Moment Matrices:

Polarisation X:
Real Part:
----------------------
|-1.259e-01 -6.557e-02 |
|-6.557e-02  2.010e-01 |
----------------------

Polarisation Y:
Real Part:
----------------------
| 3.914e-02 -2.118e-01 |
|-2.118e-01 -6.257e-02 |
----------------------

Polarisation Z:
Real Part:
----------------------
| 4.925e-04 -1.867e-04 |
|-1.867e-04 -1.443e-04 |
----------------------

=> Gradient Vectors:

Singlet	1	Ms=  0.0:
1	C	-0.00046	 0.00020	-0.00018	
2	C	 0.00058	-0.00028	 0.00001	
3	C	 0.00006	-0.00005	-0.00002	
4	C	-0.00044	-0.00003	-0.00004	
5	H	 0.00001	-0.00013	-0.00001	
6	H	-0.00010	 0.00011	 0.00005	
7	H	 0.00012	 0.00003	 0.00002	
8	H	 0.00003	-0.00007	-0.00003	
9	C	-0.00003	 0.00032	 0.00020	
10	C	 0.00043	 0.00018	 0.00003	
11	H	 0.00002	-0.00012	-0.00005	
12	H	-0.00023	-0.00016	 0.00002	

Singlet	2	Ms=  0.0:
1	C	 0.09607	-0.06757	-0.00017	
2	C	-0.11907	-0.07081	-0.00001	
3	C	-0.05892	 0.12568	-0.00002	
4	C	 0.11747	 0.00146	-0.00005	
5	H	-0.00003	 0.00029	 0.00002	
6	H	-0.00059	-0.00110	 0.00003	
7	H	 0.00041	 0.00131	 0.00000	
8	H	-0.00024	-0.00040	-0.00002	
9	C	-0.16224	 0.05048	 0.00023	
10	C	 0.12699	-0.03896	-0.00003	
11	H	 0.00081	 0.00181	 0.00000	
12	H	-0.00067	-0.00220	 0.00000	

=> Analytical Non-adiabatic coupling vectors:

Singlet	States 1 - 1	Ms=  0.0:
		...is identical zero...

Singlet	States 1 - 2	Ms=  0.0:
1	C	-0.23461	 0.19854	-0.00025	
2	C	-0.04148	 0.05732	 0.00012	
3	C	 0.06644	 0.02467	 0.00000	
4	C	 0.30628	 0.03134	 0.00011	
5	H	-0.00172	 0.00461	 0.00008	
6	H	 0.00419	-0.00072	 0.00003	
7	H	-0.00386	 0.00177	-0.00004	
8	H	 0.00403	 0.00284	-0.00005	
9	C	-0.12225	-0.39408	-0.00008	
10	C	 0.01338	 0.04266	 0.00006	
11	H	-0.00429	 0.00285	 0.00000	
12	H	 0.00515	-0.00007	-0.00001	

Singlet	States 2 - 1	Ms=  0.0:
1	C	 0.23461	-0.19854	 0.00025	
2	C	 0.04148	-0.05732	-0.00012	
3	C	-0.06644	-0.02467	-0.00000	
4	C	-0.30628	-0.03134	-0.00011	
5	H	 0.00172	-0.00461	-0.00008	
6	H	-0.00419	 0.00072	-0.00003	
7	H	 0.00386	-0.00177	 0.00004	
8	H	-0.00403	-0.00284	 0.00005	
9	C	 0.12225	 0.39408	 0.00008	
10	C	-0.01338	-0.04266	-0.00006	
11	H	 0.00429	-0.00285	-0.00000	
12	H	-0.00515	 0.00007	 0.00001	

Singlet	States 2 - 2	Ms=  0.0:
		...is identical zero...

=> Overlap matrix:

Real Part:
----------------------
| 9.999e-01 -2.188e-04 |
| 2.182e-04  9.999e-01 |
----------------------

=> Wavefunction Phases:
2

 1.0  0.0
 1.0  0.0


==> Runtime:
0 Days	0 Hours	4 Minutes	49 Seconds


===> Writing output to file QM.out in SHARC Format

2021-08-26 01:25:46.341747
#================ END ================#
