! 1 Hamiltonian Matrix (2x2, complex)
2 2
-2.307223105571E+002  0.000000000000E+000  0.000000000000E+000  0.000000000000E+000 
 0.000000000000E+000  0.000000000000E+000 -2.305713567723E+002  0.000000000000E+000 

! 2 Dipole Moment Matrices (3x2x2, complex)
2 2
-1.259397700000E-001  0.000000000000E+000 -6.556591311300E-002  0.000000000000E+000 
-6.556591311300E-002  0.000000000000E+000  2.009675000000E-001  0.000000000000E+000 
2 2
 3.913835000000E-002  0.000000000000E+000 -2.118315045620E-001  0.000000000000E+000 
-2.118315045620E-001  0.000000000000E+000 -6.256787000000E-002  0.000000000000E+000 
2 2
 4.925000000000E-004  0.000000000000E+000 -1.867151440000E-004  0.000000000000E+000 
-1.867151440000E-004  0.000000000000E+000 -1.443300000000E-004  0.000000000000E+000 
! 3 Gradient Vectors (2x12x3, real)
12 3 ! 1 1 0
-4.606660000000E-004  2.026310000000E-004 -1.806740000000E-004 
 5.834440000000E-004 -2.758950000000E-004  1.366600000000E-005 
 5.656200000000E-005 -5.107900000000E-005 -2.117200000000E-005 
-4.402210000000E-004 -3.424800000000E-005 -4.430400000000E-005 
 1.074100000000E-005 -1.307580000000E-004 -5.670000000000E-006 
-1.003190000000E-004  1.141040000000E-004  4.661000000000E-005 
 1.242860000000E-004  3.109600000000E-005  2.241100000000E-005 
 2.897400000000E-005 -7.336600000000E-005 -2.540900000000E-005 
-2.858700000000E-005  3.205600000000E-004  1.981300000000E-004 
 4.322350000000E-004  1.780240000000E-004  2.932600000000E-005 
 2.049100000000E-005 -1.161580000000E-004 -4.831800000000E-005 
-2.269400000000E-004 -1.649120000000E-004  1.540400000000E-005 
12 3 ! 1 2 0
 9.607129000000E-002 -6.756712400000E-002 -1.741320000000E-004 
-1.190734900000E-001 -7.080530400000E-002 -9.396000000000E-006 
-5.891911200000E-002  1.256828640000E-001 -1.821500000000E-005 
 1.174726540000E-001  1.456763000000E-003 -4.809600000000E-005 
-2.759900000000E-005  2.903450000000E-004  2.212100000000E-005 
-5.882300000000E-004 -1.102360000000E-003  3.433900000000E-005 
 4.105190000000E-004  1.313882000000E-003  4.182000000000E-006 
-2.369360000000E-004 -3.990410000000E-004 -1.752900000000E-005 
-1.622405940000E-001  5.047832700000E-002  2.307900000000E-004 
 1.269902090000E-001 -3.896255500000E-002 -2.771300000000E-005 
 8.067780000000E-004  1.811811000000E-003  3.176000000000E-006 
-6.654890000000E-004 -2.197609000000E-003  4.720000000000E-007 
! 5 Non-adiabatic couplings (ddr) (2x2x12x3, real)
12 3 ! 1 1 0 1 1 0
 0.000000000000E+000  0.000000000000E+000  0.000000000000E+000 
 0.000000000000E+000  0.000000000000E+000  0.000000000000E+000 
 0.000000000000E+000  0.000000000000E+000  0.000000000000E+000 
 0.000000000000E+000  0.000000000000E+000  0.000000000000E+000 
 0.000000000000E+000  0.000000000000E+000  0.000000000000E+000 
 0.000000000000E+000  0.000000000000E+000  0.000000000000E+000 
 0.000000000000E+000  0.000000000000E+000  0.000000000000E+000 
 0.000000000000E+000  0.000000000000E+000  0.000000000000E+000 
 0.000000000000E+000  0.000000000000E+000  0.000000000000E+000 
 0.000000000000E+000  0.000000000000E+000  0.000000000000E+000 
 0.000000000000E+000  0.000000000000E+000  0.000000000000E+000 
 0.000000000000E+000  0.000000000000E+000  0.000000000000E+000 
12 3 ! 1 1 0 1 2 0
-2.346096820000E-001  1.985393310000E-001 -2.468760000000E-004 
-4.147869900000E-002  5.731609300000E-002  1.159990000000E-004 
 6.644065300000E-002  2.466947700000E-002  4.463000000000E-006 
 3.062827750000E-001  3.133938000000E-002  1.107790000000E-004 
-1.720579000000E-003  4.614798000000E-003  8.374800000000E-005 
 4.185857000000E-003 -7.238740000000E-004  2.673900000000E-005 
-3.858272000000E-003  1.771499000000E-003 -3.863400000000E-005 
 4.033326000000E-003  2.840724000000E-003 -4.797500000000E-005 
-1.222503720000E-001 -3.940841230000E-001 -8.429400000000E-005 
 1.337538200000E-002  4.265721500000E-002  6.046600000000E-005 
-4.290011000000E-003  2.850287000000E-003  3.940000000000E-006 
 5.147632000000E-003 -7.115400000000E-005 -1.467700000000E-005 
12 3 ! 1 2 0 1 1 0
 2.346096820000E-001 -1.985393310000E-001  2.468760000000E-004 
 4.147869900000E-002 -5.731609300000E-002 -1.159990000000E-004 
-6.644065300000E-002 -2.466947700000E-002 -4.463000000000E-006 
-3.062827750000E-001 -3.133938000000E-002 -1.107790000000E-004 
 1.720579000000E-003 -4.614798000000E-003 -8.374800000000E-005 
-4.185857000000E-003  7.238740000000E-004 -2.673900000000E-005 
 3.858272000000E-003 -1.771499000000E-003  3.863400000000E-005 
-4.033326000000E-003 -2.840724000000E-003  4.797500000000E-005 
 1.222503720000E-001  3.940841230000E-001  8.429400000000E-005 
-1.337538200000E-002 -4.265721500000E-002 -6.046600000000E-005 
 4.290011000000E-003 -2.850287000000E-003 -3.940000000000E-006 
-5.147632000000E-003  7.115400000000E-005  1.467700000000E-005 
12 3 ! 1 2 0 1 2 0
 0.000000000000E+000  0.000000000000E+000  0.000000000000E+000 
 0.000000000000E+000  0.000000000000E+000  0.000000000000E+000 
 0.000000000000E+000  0.000000000000E+000  0.000000000000E+000 
 0.000000000000E+000  0.000000000000E+000  0.000000000000E+000 
 0.000000000000E+000  0.000000000000E+000  0.000000000000E+000 
 0.000000000000E+000  0.000000000000E+000  0.000000000000E+000 
 0.000000000000E+000  0.000000000000E+000  0.000000000000E+000 
 0.000000000000E+000  0.000000000000E+000  0.000000000000E+000 
 0.000000000000E+000  0.000000000000E+000  0.000000000000E+000 
 0.000000000000E+000  0.000000000000E+000  0.000000000000E+000 
 0.000000000000E+000  0.000000000000E+000  0.000000000000E+000 
 0.000000000000E+000  0.000000000000E+000  0.000000000000E+000 
! 6 Overlap matrix (2x2, complex)
2 2
 9.999003214000E-001  0.000000000000E+000 -2.187827000000E-004  0.000000000000E+000 
 2.182019000000E-004  0.000000000000E+000  9.998980670000E-001  0.000000000000E+000 

! 7 Phases
2 ! for all nmstates
 1.000000000E+000  0.000000000E+000
 1.000000000E+000  0.000000000E+000
! 8 Runtime
 2.896047510000E+002
