! 1 Hamiltonian Matrix (2x2, complex)
2 2
-2.306854374187E+002  0.000000000000E+000  0.000000000000E+000  0.000000000000E+000 
 0.000000000000E+000  0.000000000000E+000 -2.305305811252E+002  0.000000000000E+000 

! 2 Dipole Moment Matrices (3x2x2, complex)
2 2
-1.160779200000E-001  0.000000000000E+000  6.104993864600E-002  0.000000000000E+000 
 6.104993864600E-002  0.000000000000E+000  2.492727700000E-001  0.000000000000E+000 
2 2
-1.459020000000E-003  0.000000000000E+000 -2.923330302490E-001  0.000000000000E+000 
-2.923330302490E-001  0.000000000000E+000  7.585591000000E-002  0.000000000000E+000 
2 2
-3.124969000000E-002  0.000000000000E+000  2.868312583000E-003  0.000000000000E+000 
 2.868312583000E-003  0.000000000000E+000 -5.624358000000E-002  0.000000000000E+000 
! 3 Gradient Vectors (2x12x3, real)
12 3 ! 1 1 0
 1.341653380000E-001  1.508342500000E-002 -6.797429000000E-003 
-7.155683600000E-002  1.337001700000E-002 -4.182905000000E-003 
 6.031805400000E-002 -8.599265300000E-002  1.118696100000E-002 
-4.606630600000E-002  3.790179900000E-002 -3.956569000000E-003 
-3.415982100000E-002 -3.955074000000E-002  8.745900000000E-004 
-8.771590000000E-003  3.311379000000E-003  3.048230000000E-003 
-4.780080000000E-003  1.394237200000E-002 -5.350719000000E-003 
 1.814046000000E-003  3.292297700000E-002 -3.205717000000E-003 
-6.201714800000E-002  1.326266100000E-002  9.079165000000E-003 
 3.554805600000E-002 -3.782341800000E-002  4.198600000000E-004 
 4.596673000000E-003  5.991399200000E-002 -1.683430000000E-004 
-9.090386000000E-003 -2.634181100000E-002 -9.471250000000E-004 
12 3 ! 1 2 0
 2.259194810000E-001 -5.269015600000E-002 -1.008273400000E-002 
-1.834850790000E-001 -5.293757500000E-002 -4.752545000000E-003 
 9.624247000000E-003  3.687835900000E-002  9.093828000000E-003 
 6.467387200000E-002  3.457050700000E-002 -4.221220000000E-004 
-3.448122600000E-002 -3.951852000000E-002  2.368640000000E-003 
-1.015756600000E-002  1.926468000000E-003  3.626328000000E-003 
-5.126024000000E-003  1.470587100000E-002 -5.812936000000E-003 
 1.206923000000E-003  3.240593600000E-002 -3.614796000000E-003 
-2.313541980000E-001  7.500787900000E-002  9.616753000000E-003 
 1.673902210000E-001 -8.318127100000E-002 -2.467100000000E-004 
 5.535737000000E-003  6.119282600000E-002  5.199760000000E-004 
-9.746388000000E-003 -2.836032500000E-002 -2.936810000000E-004 
! 5 Non-adiabatic couplings (ddr) (2x2x12x3, real)
12 3 ! 1 1 0 1 1 0
 0.000000000000E+000  0.000000000000E+000  0.000000000000E+000 
 0.000000000000E+000  0.000000000000E+000  0.000000000000E+000 
 0.000000000000E+000  0.000000000000E+000  0.000000000000E+000 
 0.000000000000E+000  0.000000000000E+000  0.000000000000E+000 
 0.000000000000E+000  0.000000000000E+000  0.000000000000E+000 
 0.000000000000E+000  0.000000000000E+000  0.000000000000E+000 
 0.000000000000E+000  0.000000000000E+000  0.000000000000E+000 
 0.000000000000E+000  0.000000000000E+000  0.000000000000E+000 
 0.000000000000E+000  0.000000000000E+000  0.000000000000E+000 
 0.000000000000E+000  0.000000000000E+000  0.000000000000E+000 
 0.000000000000E+000  0.000000000000E+000  0.000000000000E+000 
 0.000000000000E+000  0.000000000000E+000  0.000000000000E+000 
12 3 ! 1 1 0 1 2 0
-1.882551100000E-001  1.235101150000E-001 -1.200786400000E-002 
-4.766800200000E-002  7.504011800000E-002 -1.162079000000E-003 
 6.362017500000E-002 -9.046691000000E-003  2.220061200000E-002 
 3.176720290000E-001  5.627178400000E-002 -8.833300000000E-003 
-3.479835000000E-003  5.358685000000E-003  6.560935000000E-003 
 2.507987000000E-003 -9.290230000000E-004 -2.026046000000E-003 
-5.291287000000E-003  2.927585000000E-003 -4.031606000000E-003 
 7.317640000000E-004  2.473029000000E-003 -2.910534000000E-003 
-2.264662070000E-001 -3.151736800000E-001 -4.041617000000E-003 
 8.883981400000E-002  1.680684000000E-002  2.545732000000E-003 
-4.159245000000E-003  4.321028000000E-003  1.030573000000E-003 
 5.214830000000E-003 -9.604670000000E-004  1.902933000000E-003 
12 3 ! 1 2 0 1 1 0
 1.882551100000E-001 -1.235101150000E-001  1.200786400000E-002 
 4.766800200000E-002 -7.504011800000E-002  1.162079000000E-003 
-6.362017500000E-002  9.046691000000E-003 -2.220061200000E-002 
-3.176720290000E-001 -5.627178400000E-002  8.833300000000E-003 
 3.479835000000E-003 -5.358685000000E-003 -6.560935000000E-003 
-2.507987000000E-003  9.290230000000E-004  2.026046000000E-003 
 5.291287000000E-003 -2.927585000000E-003  4.031606000000E-003 
-7.317640000000E-004 -2.473029000000E-003  2.910534000000E-003 
 2.264662070000E-001  3.151736800000E-001  4.041617000000E-003 
-8.883981400000E-002 -1.680684000000E-002 -2.545732000000E-003 
 4.159245000000E-003 -4.321028000000E-003 -1.030573000000E-003 
-5.214830000000E-003  9.604670000000E-004 -1.902933000000E-003 
12 3 ! 1 2 0 1 2 0
 0.000000000000E+000  0.000000000000E+000  0.000000000000E+000 
 0.000000000000E+000  0.000000000000E+000  0.000000000000E+000 
 0.000000000000E+000  0.000000000000E+000  0.000000000000E+000 
 0.000000000000E+000  0.000000000000E+000  0.000000000000E+000 
 0.000000000000E+000  0.000000000000E+000  0.000000000000E+000 
 0.000000000000E+000  0.000000000000E+000  0.000000000000E+000 
 0.000000000000E+000  0.000000000000E+000  0.000000000000E+000 
 0.000000000000E+000  0.000000000000E+000  0.000000000000E+000 
 0.000000000000E+000  0.000000000000E+000  0.000000000000E+000 
 0.000000000000E+000  0.000000000000E+000  0.000000000000E+000 
 0.000000000000E+000  0.000000000000E+000  0.000000000000E+000 
 0.000000000000E+000  0.000000000000E+000  0.000000000000E+000 
! 6 Overlap matrix (2x2, complex)
2 2
 5.000041532000E-001  0.000000000000E+000 -6.593463000000E-003  0.000000000000E+000 
 1.018390970000E-002  0.000000000000E+000  4.931532114000E-001  0.000000000000E+000 

! 7 Phases
2 ! for all nmstates
 1.000000000E+000  0.000000000E+000
 1.000000000E+000  0.000000000E+000
! 8 Runtime
 8.247221000000E+002
