! 1 Hamiltonian Matrix (2x2, complex)
2 2
-2.306837547467E+002  0.000000000000E+000  0.000000000000E+000  0.000000000000E+000 
 0.000000000000E+000  0.000000000000E+000 -2.305448633583E+002  0.000000000000E+000 

! 2 Dipole Moment Matrices (3x2x2, complex)
2 2
-1.965742000000E-001  0.000000000000E+000 -8.638946595600E-002  0.000000000000E+000 
-8.638946595600E-002  0.000000000000E+000  7.755386000000E-002  0.000000000000E+000 
2 2
 5.335617000000E-002  0.000000000000E+000 -2.023400856730E-001  0.000000000000E+000 
-2.023400856730E-001  0.000000000000E+000 -1.335521500000E-001  0.000000000000E+000 
2 2
 5.695664000000E-002  0.000000000000E+000 -2.755145055200E-002  0.000000000000E+000 
-2.755145055200E-002  0.000000000000E+000  6.315029000000E-002  0.000000000000E+000 
! 3 Gradient Vectors (2x12x3, real)
12 3 ! 1 1 0
 1.349055200000E-002 -1.965806300000E-002 -2.033231000000E-003 
 7.284495300000E-002 -2.778138900000E-002  7.114650000000E-003 
-8.831056300000E-002 -1.825462200000E-002 -2.819092400000E-002 
 2.133602000000E-002 -8.559905000000E-003  3.766318000000E-003 
-2.754862400000E-002 -2.517136200000E-002 -5.756850000000E-004 
-7.576001500000E-002  8.138769300000E-002 -6.743270000000E-004 
 5.218942900000E-002  1.457743000000E-002  1.956235600000E-002 
-2.462090000000E-003 -3.943404000000E-003 -3.687122000000E-003 
 8.289227400000E-002  6.643158000000E-003  4.713045000000E-003 
-5.510571400000E-002  2.171899400000E-002 -6.142890000000E-004 
 8.074970000000E-004 -5.335905000000E-002 -1.290610000000E-004 
 5.626280000000E-003  3.240052000000E-002  7.482690000000E-004 
12 3 ! 1 2 0
 1.146889130000E-001 -7.925163000000E-002 -1.431116000000E-003 
-5.157402500000E-002 -1.053369790000E-001  8.726107000000E-003 
-1.489323890000E-001  1.101228890000E-001 -2.800213600000E-002 
 1.382821610000E-001 -7.661073000000E-003  2.326198000000E-003 
-2.790911600000E-002 -2.471702000000E-002 -1.764950000000E-004 
-7.752101000000E-002  8.044818000000E-002 -1.037846000000E-003 
 5.278582900000E-002  1.610171900000E-002  1.752065000000E-002 
-2.491186000000E-003 -4.076052000000E-003 -2.193416000000E-003 
-6.906505800000E-002  4.550420500000E-002  3.375992000000E-003 
 6.547436500000E-002 -1.081793000000E-002  4.658138000000E-003 
 1.223598000000E-003 -5.048963500000E-002 -5.864574000000E-003 
 5.037917000000E-003  3.017332500000E-002  2.098498000000E-003 
! 5 Non-adiabatic couplings (ddr) (2x2x12x3, real)
12 3 ! 1 1 0 1 1 0
 0.000000000000E+000  0.000000000000E+000  0.000000000000E+000 
 0.000000000000E+000  0.000000000000E+000  0.000000000000E+000 
 0.000000000000E+000  0.000000000000E+000  0.000000000000E+000 
 0.000000000000E+000  0.000000000000E+000  0.000000000000E+000 
 0.000000000000E+000  0.000000000000E+000  0.000000000000E+000 
 0.000000000000E+000  0.000000000000E+000  0.000000000000E+000 
 0.000000000000E+000  0.000000000000E+000  0.000000000000E+000 
 0.000000000000E+000  0.000000000000E+000  0.000000000000E+000 
 0.000000000000E+000  0.000000000000E+000  0.000000000000E+000 
 0.000000000000E+000  0.000000000000E+000  0.000000000000E+000 
 0.000000000000E+000  0.000000000000E+000  0.000000000000E+000 
 0.000000000000E+000  0.000000000000E+000  0.000000000000E+000 
12 3 ! 1 1 0 1 2 0
-2.209004020000E-001  2.170201750000E-001 -7.850934000000E-003 
-5.907955800000E-002  3.926113900000E-002 -5.153716000000E-003 
 5.416766500000E-002  7.711770600000E-002 -2.113621600000E-002 
 3.502724980000E-001  2.937994300000E-002  6.508021000000E-003 
-3.075180000000E-004  3.780360000000E-003  6.070730000000E-004 
 4.116011000000E-003 -2.351680000000E-003  7.474081000000E-003 
-3.651744000000E-003  3.187793000000E-003  4.678088000000E-003 
 4.469519000000E-003  3.136327000000E-003 -4.363170000000E-004 
-1.516613830000E-001 -4.415792720000E-001  1.864139400000E-002 
 1.206690700000E-002  4.420896700000E-002 -7.355135000000E-003 
-4.210087000000E-003  2.406417000000E-003  1.092444000000E-003 
 4.618046000000E-003 -2.507030000000E-004 -1.313222000000E-003 
12 3 ! 1 2 0 1 1 0
 2.209004020000E-001 -2.170201750000E-001  7.850934000000E-003 
 5.907955800000E-002 -3.926113900000E-002  5.153716000000E-003 
-5.416766500000E-002 -7.711770600000E-002  2.113621600000E-002 
-3.502724980000E-001 -2.937994300000E-002 -6.508021000000E-003 
 3.075180000000E-004 -3.780360000000E-003 -6.070730000000E-004 
-4.116011000000E-003  2.351680000000E-003 -7.474081000000E-003 
 3.651744000000E-003 -3.187793000000E-003 -4.678088000000E-003 
-4.469519000000E-003 -3.136327000000E-003  4.363170000000E-004 
 1.516613830000E-001  4.415792720000E-001 -1.864139400000E-002 
-1.206690700000E-002 -4.420896700000E-002  7.355135000000E-003 
 4.210087000000E-003 -2.406417000000E-003 -1.092444000000E-003 
-4.618046000000E-003  2.507030000000E-004  1.313222000000E-003 
12 3 ! 1 2 0 1 2 0
 0.000000000000E+000  0.000000000000E+000  0.000000000000E+000 
 0.000000000000E+000  0.000000000000E+000  0.000000000000E+000 
 0.000000000000E+000  0.000000000000E+000  0.000000000000E+000 
 0.000000000000E+000  0.000000000000E+000  0.000000000000E+000 
 0.000000000000E+000  0.000000000000E+000  0.000000000000E+000 
 0.000000000000E+000  0.000000000000E+000  0.000000000000E+000 
 0.000000000000E+000  0.000000000000E+000  0.000000000000E+000 
 0.000000000000E+000  0.000000000000E+000  0.000000000000E+000 
 0.000000000000E+000  0.000000000000E+000  0.000000000000E+000 
 0.000000000000E+000  0.000000000000E+000  0.000000000000E+000 
 0.000000000000E+000  0.000000000000E+000  0.000000000000E+000 
 0.000000000000E+000  0.000000000000E+000  0.000000000000E+000 
! 6 Overlap matrix (2x2, complex)
2 2
 9.988412803000E-001  0.000000000000E+000 -6.008070000000E-004  0.000000000000E+000 
 6.002026000000E-004  0.000000000000E+000  9.988387471000E-001  0.000000000000E+000 

! 7 Phases
2 ! for all nmstates
 1.000000000E+000  0.000000000E+000
 1.000000000E+000  0.000000000E+000
! 8 Runtime
 2.640236490000E+002
