2021-08-26 02:10:27.066836 fermium /global/julia/Fulvene/Interpolation_Geometry1/Calc_14

  ================================================================================
||                                                                                ||
||                         SHARC - MOLPRO2012 - Interface                         ||
||                                                                                ||
||                             Author: Sebastian Mai                              ||
||                                                                                ||
||                                  Version: 2.1                                  ||
||                                 Date: 01.09.19                                 ||
||                                                                                ||
  ================================================================================


==> QMin Job description for:
tmp.pdb

Tasks:	H	DM	Grad	Nac(ddr)	Overlaps	Phases
States: 	2 Singlet

Method:
Electrons per Multiplicity:	42
Job ID per Multiplicity:	1
Level of Theory per Job ID:
1:	SA(2+0+0)-CASSCF(6,6)/6-31G*

Found Geo! NAtom is 12.

Geometry in Bohrs:
C -0.2140 -2.6290 -0.0270 
C  2.3470 -2.4920  0.0290 
C  3.1590  0.1450 -0.0490 
C  1.1160  1.6540 -0.0520 
H -1.4660 -4.2840 -0.0270 
H  3.4460 -4.0780  0.0020 
H  5.1820  0.7520  0.1440 
H  1.0440  3.6720 -0.1230 
C -1.1150  0.0160 -0.0290 
C -3.6070  0.7370 -0.0010 
H -4.1850  2.6290  0.1230 
H -5.1700 -0.5210  0.0100 

Gradients:   X X 

Non-adiabatic couplings:
. X 
X . 

wfthres: 1.0
docicas: True
newstep: []
nstates: 2
unit: ['bohr']
phases: []
njobs: 1
initorbs: {1: '/global/julia/Fulvene/Interpolation_Geometry1/Calc_14/SAVEDIR/wf.1.old'}
delay: 0.0
scratchdir: /public/fermium/scratch/tmp/julia.91780
wfoverlap: /user/julia/software/SchNarc/sharc/bin/wfoverlap.x
template: {'gradaccudefault': 1e-05, 'gradaccumax': 0.01, 'basis': '6-31G*', 'occ': [24], 'nelec': {1: [42, 41, 42]}, 'closed': [18], 'rootpad': {1: [0, 0, 0]}, 'dkho': 0, 'roots': {1: [2, 0, 0]}}
memory: 2000
multmap: {1: 1, -1: [1]}
ndocc: 0
jobs: [1]
ncore: 0
maxmult: 1
ncpu: 1
pwd: /global/julia/Fulvene/Interpolation_Geometry1/Calc_14
statemap: {1: [1, 1, 0.0], 2: [1, 2, 0.0]}
molpro: /usr/license/molpro/molpros_2012_1_5_Linux_x86_64_i8/bin/
nmstates: 2
savedir: /global/julia/Fulvene/Interpolation_Geometry1/Calc_14/SAVEDIR
nacmap: [(1, 1, 1, 2)]
natom: 12
gradmap: [(1, 1), (1, 2)]
joblist: [1]


>>>>>>>>>>>>> Starting the MOLPRO job execution
START:	/public/fermium/scratch/tmp/julia.91780/integrals	2021-08-26 02:10:31.130279	"/usr/license/molpro/molpros_2012_1_5_Linux_x86_64_i8/bin/molpro -W./ -I./ -d./ MOLPRO.input"
FINISH:	/public/fermium/scratch/tmp/julia.91780/integrals	2021-08-26 02:10:34.373230	Runtime: 0:00:03.242951	Error Code: 0
Error Codes:
	integrals 	0

START:	/public/fermium/scratch/tmp/julia.91780/master_1	2021-08-26 02:10:51.303333	"/usr/license/molpro/molpros_2012_1_5_Linux_x86_64_i8/bin/molpro -W./ -I./ -d./ MOLPRO.input"
FINISH:	/public/fermium/scratch/tmp/julia.91780/master_1	2021-08-26 02:11:15.391743	Runtime: 0:00:24.088410	Error Code: 0
Error Codes:
	master_1  	0

START:	/public/fermium/scratch/tmp/julia.91780/grad_1_1	2021-08-26 02:11:30.744702	"/usr/license/molpro/molpros_2012_1_5_Linux_x86_64_i8/bin/molpro -W./ -I./ -d./ MOLPRO.input"
FINISH:	/public/fermium/scratch/tmp/julia.91780/grad_1_1	2021-08-26 02:11:58.292217	Runtime: 0:00:27.547515	Error Code: 0
START:	/public/fermium/scratch/tmp/julia.91780/nac_1_1_1_2	2021-08-26 02:12:03.024223	"/usr/license/molpro/molpros_2012_1_5_Linux_x86_64_i8/bin/molpro -W./ -I./ -d./ MOLPRO.input"
FINISH:	/public/fermium/scratch/tmp/julia.91780/nac_1_1_1_2	2021-08-26 02:12:19.431999	Runtime: 0:00:16.407776	Error Code: 0
START:	/public/fermium/scratch/tmp/julia.91780/grad_1_2	2021-08-26 02:12:26.904529	"/usr/license/molpro/molpros_2012_1_5_Linux_x86_64_i8/bin/molpro -W./ -I./ -d./ MOLPRO.input"
FINISH:	/public/fermium/scratch/tmp/julia.91780/grad_1_2	2021-08-26 02:12:52.099480	Runtime: 0:00:25.194951	Error Code: 0
Error Codes:
	grad_1_1  	0	nac_1_1_1_2	0	grad_1_2  	0

>>>>>>>>>>>>> Starting the WFOVERLAP job execution
START:	/public/fermium/scratch/tmp/julia.91780/CI_CAS_1_1	2021-08-26 02:12:53.959764	"/user/julia/software/SchNarc/sharc/bin/wfoverlap.x -m 2000 -f wfovl.inp"
FINISH:	/public/fermium/scratch/tmp/julia.91780/CI_CAS_1_1	2021-08-26 02:12:54.944296	Runtime: 0:00:00.984532	Error Code: 0
START:	/public/fermium/scratch/tmp/julia.91780/AOoverlap	2021-08-26 02:12:54.953252	"/usr/license/molpro/molpros_2012_1_5_Linux_x86_64_i8/bin/molpro -W./ -I./ -d./ MOLPRO.input"
FINISH:	/public/fermium/scratch/tmp/julia.91780/AOoverlap	2021-08-26 02:12:55.831991	Runtime: 0:00:00.878739	Error Code: 0
START:	/public/fermium/scratch/tmp/julia.91780/WFOVL_1_1	2021-08-26 02:13:13.427382	"/user/julia/software/SchNarc/sharc/bin/wfoverlap.x -m 2000 -f wfovl.inp"
FINISH:	/public/fermium/scratch/tmp/julia.91780/WFOVL_1_1	2021-08-26 02:13:13.558566	Runtime: 0:00:00.131184	Error Code: 0
Error Codes:
	CI_CAS_1_1	0	WFOVL_1_1 	0

===> Results:

=> Hamiltonian Matrix:
Diagonal Shift:   -230.00
Real Part:
----------------------
|-7.128e-01            |
|           -5.679e-01 |
----------------------

=> Dipole Moment Matrices:

Polarisation X:
Real Part:
----------------------
|-1.547e-01 -7.791e-02 |
|-7.791e-02  1.444e-01 |
----------------------

Polarisation Y:
Real Part:
----------------------
| 4.608e-02 -2.075e-01 |
|-2.075e-01 -1.001e-01 |
----------------------

Polarisation Z:
Real Part:
----------------------
| 3.059e-02 -1.511e-02 |
|-1.511e-02  3.183e-02 |
----------------------

=> Gradient Vectors:

Singlet	1	Ms=  0.0:
1	C	 0.00631	-0.00808	-0.00141	
2	C	 0.03491	-0.00688	 0.00498	
3	C	-0.04733	-0.01007	-0.01230	
4	C	 0.00915	-0.00351	 0.00173	
5	H	-0.01438	-0.01380	-0.00024	
6	H	-0.03528	 0.03265	-0.00117	
7	H	 0.03099	 0.00827	 0.00770	
8	H	-0.00117	-0.00202	-0.00188	
9	C	 0.04299	 0.00241	 0.00295	
10	C	-0.02704	 0.00980	-0.00191	
11	H	-0.00089	-0.02435	 0.00150	
12	H	 0.00171	 0.01557	 0.00007	

Singlet	2	Ms=  0.0:
1	C	 0.10538	-0.07186	-0.00109	
2	C	-0.08751	-0.08134	 0.00549	
3	C	-0.10720	 0.11746	-0.01238	
4	C	 0.12680	-0.00207	 0.00135	
5	H	-0.01459	-0.01337	 0.00001	
6	H	-0.03630	 0.03161	-0.00124	
7	H	 0.03143	 0.00961	 0.00667	
8	H	-0.00132	-0.00228	-0.00119	
9	C	-0.11462	 0.04665	 0.00221	
10	C	 0.09698	-0.02576	 0.00102	
11	H	-0.00024	-0.02212	-0.00141	
12	H	 0.00118	 0.01348	 0.00054	

=> Analytical Non-adiabatic coupling vectors:

Singlet	States 1 - 1	Ms=  0.0:
		...is identical zero...

Singlet	States 1 - 2	Ms=  0.0:
1	C	-0.22930	 0.20871	-0.00438	
2	C	-0.04945	 0.04826	-0.00265	
3	C	 0.06015	 0.04968	-0.01099	
4	C	 0.32708	 0.03068	 0.00396	
5	H	-0.00095	 0.00417	 0.00041	
6	H	 0.00429	-0.00143	 0.00386	
7	H	-0.00354	 0.00243	 0.00280	
8	H	 0.00422	 0.00299	-0.00050	
9	C	-0.13443	-0.41862	 0.00870	
10	C	 0.01166	 0.04394	-0.00366	
11	H	-0.00432	 0.00263	 0.00075	
12	H	 0.00488	-0.00014	-0.00075	

Singlet	States 2 - 1	Ms=  0.0:
1	C	 0.22930	-0.20871	 0.00438	
2	C	 0.04945	-0.04826	 0.00265	
3	C	-0.06015	-0.04968	 0.01099	
4	C	-0.32708	-0.03068	-0.00396	
5	H	 0.00095	-0.00417	-0.00041	
6	H	-0.00429	 0.00143	-0.00386	
7	H	 0.00354	-0.00243	-0.00280	
8	H	-0.00422	-0.00299	 0.00050	
9	C	 0.13443	 0.41862	-0.00870	
10	C	-0.01166	-0.04394	 0.00366	
11	H	 0.00432	-0.00263	-0.00075	
12	H	-0.00488	 0.00014	 0.00075	

Singlet	States 2 - 2	Ms=  0.0:
		...is identical zero...

=> Overlap matrix:

Real Part:
----------------------
| 9.987e-01 -8.523e-04 |
| 8.508e-04  9.987e-01 |
----------------------

=> Wavefunction Phases:
2

 1.0  0.0
 1.0  0.0


==> Runtime:
0 Days	0 Hours	2 Minutes	46 Seconds


===> Writing output to file QM.out in SHARC Format

2021-08-26 02:13:13.687149
#================ END ================#
