! 1 Hamiltonian Matrix (2x2, complex)
2 2
-2.307128403404E+002  0.000000000000E+000  0.000000000000E+000  0.000000000000E+000 
 0.000000000000E+000  0.000000000000E+000 -2.305679307465E+002  0.000000000000E+000 

! 2 Dipole Moment Matrices (3x2x2, complex)
2 2
-1.547347800000E-001  0.000000000000E+000 -7.790980100700E-002  0.000000000000E+000 
-7.790980100700E-002  0.000000000000E+000  1.444398900000E-001  0.000000000000E+000 
2 2
 4.608410000000E-002  0.000000000000E+000 -2.075001446160E-001  0.000000000000E+000 
-2.075001446160E-001  0.000000000000E+000 -1.001402100000E-001  0.000000000000E+000 
2 2
 3.059079000000E-002  0.000000000000E+000 -1.511433983400E-002  0.000000000000E+000 
-1.511433983400E-002  0.000000000000E+000  3.183146000000E-002  0.000000000000E+000 
! 3 Gradient Vectors (2x12x3, real)
12 3 ! 1 1 0
 6.314164000000E-003 -8.076323000000E-003 -1.411721000000E-003 
 3.490690100000E-002 -6.875487000000E-003  4.975310000000E-003 
-4.732785900000E-002 -1.007460400000E-002 -1.230382900000E-002 
 9.150618000000E-003 -3.514148000000E-003  1.727325000000E-003 
-1.437782900000E-002 -1.380355100000E-002 -2.400060000000E-004 
-3.527578700000E-002  3.265103300000E-002 -1.174179000000E-003 
 3.099495900000E-002  8.272424000000E-003  7.703554000000E-003 
-1.168775000000E-003 -2.018485000000E-003 -1.876566000000E-003 
 4.299371700000E-002  2.410623000000E-003  2.946785000000E-003 
-2.703741800000E-002  9.803448000000E-003 -1.914908000000E-003 
-8.852870000000E-004 -2.434671900000E-002  1.501679000000E-003 
 1.712596000000E-003  1.557178700000E-002  6.655500000000E-005 
12 3 ! 1 2 0
 1.053830090000E-001 -7.186489600000E-002 -1.092288000000E-003 
-8.751133100000E-002 -8.134339600000E-002  5.493893000000E-003 
-1.072008430000E-001  1.174632180000E-001 -1.237795200000E-002 
 1.268004140000E-001 -2.069696000000E-003  1.353574000000E-003 
-1.458858600000E-002 -1.336775200000E-002  8.622000000000E-006 
-3.629761700000E-002  3.160749300000E-002 -1.238735000000E-003 
 3.142943200000E-002  9.609966000000E-003  6.667818000000E-003 
-1.316075000000E-003 -2.284129000000E-003 -1.185777000000E-003 
-1.146245760000E-001  4.664656100000E-002  2.211036000000E-003 
 9.698270400000E-002 -2.575774100000E-002  1.024956000000E-003 
-2.383100000000E-004 -2.211766600000E-002 -1.406767000000E-003 
 1.181777000000E-003  1.347803700000E-002  5.416200000000E-004 
! 5 Non-adiabatic couplings (ddr) (2x2x12x3, real)
12 3 ! 1 1 0 1 1 0
 0.000000000000E+000  0.000000000000E+000  0.000000000000E+000 
 0.000000000000E+000  0.000000000000E+000  0.000000000000E+000 
 0.000000000000E+000  0.000000000000E+000  0.000000000000E+000 
 0.000000000000E+000  0.000000000000E+000  0.000000000000E+000 
 0.000000000000E+000  0.000000000000E+000  0.000000000000E+000 
 0.000000000000E+000  0.000000000000E+000  0.000000000000E+000 
 0.000000000000E+000  0.000000000000E+000  0.000000000000E+000 
 0.000000000000E+000  0.000000000000E+000  0.000000000000E+000 
 0.000000000000E+000  0.000000000000E+000  0.000000000000E+000 
 0.000000000000E+000  0.000000000000E+000  0.000000000000E+000 
 0.000000000000E+000  0.000000000000E+000  0.000000000000E+000 
 0.000000000000E+000  0.000000000000E+000  0.000000000000E+000 
12 3 ! 1 1 0 1 2 0
-2.293035290000E-001  2.087083230000E-001 -4.382738000000E-003 
-4.944683700000E-002  4.825798200000E-002 -2.653186000000E-003 
 6.015034600000E-002  4.967547500000E-002 -1.099105300000E-002 
 3.270764850000E-001  3.067678200000E-002  3.964820000000E-003 
-9.487320000000E-004  4.166637000000E-003  4.089050000000E-004 
 4.289608000000E-003 -1.430967000000E-003  3.859603000000E-003 
-3.542469000000E-003  2.428089000000E-003  2.801067000000E-003 
 4.219004000000E-003  2.994277000000E-003 -4.977540000000E-004 
-1.344331700000E-001 -4.186170370000E-001  8.704421000000E-003 
 1.165728500000E-002  4.394206200000E-002 -3.663850000000E-003 
-4.321655000000E-003  2.629650000000E-003  7.468490000000E-004 
 4.878248000000E-003 -1.397130000000E-004 -7.469350000000E-004 
12 3 ! 1 2 0 1 1 0
 2.293035290000E-001 -2.087083230000E-001  4.382738000000E-003 
 4.944683700000E-002 -4.825798200000E-002  2.653186000000E-003 
-6.015034600000E-002 -4.967547500000E-002  1.099105300000E-002 
-3.270764850000E-001 -3.067678200000E-002 -3.964820000000E-003 
 9.487320000000E-004 -4.166637000000E-003 -4.089050000000E-004 
-4.289608000000E-003  1.430967000000E-003 -3.859603000000E-003 
 3.542469000000E-003 -2.428089000000E-003 -2.801067000000E-003 
-4.219004000000E-003 -2.994277000000E-003  4.977540000000E-004 
 1.344331700000E-001  4.186170370000E-001 -8.704421000000E-003 
-1.165728500000E-002 -4.394206200000E-002  3.663850000000E-003 
 4.321655000000E-003 -2.629650000000E-003 -7.468490000000E-004 
-4.878248000000E-003  1.397130000000E-004  7.469350000000E-004 
12 3 ! 1 2 0 1 2 0
 0.000000000000E+000  0.000000000000E+000  0.000000000000E+000 
 0.000000000000E+000  0.000000000000E+000  0.000000000000E+000 
 0.000000000000E+000  0.000000000000E+000  0.000000000000E+000 
 0.000000000000E+000  0.000000000000E+000  0.000000000000E+000 
 0.000000000000E+000  0.000000000000E+000  0.000000000000E+000 
 0.000000000000E+000  0.000000000000E+000  0.000000000000E+000 
 0.000000000000E+000  0.000000000000E+000  0.000000000000E+000 
 0.000000000000E+000  0.000000000000E+000  0.000000000000E+000 
 0.000000000000E+000  0.000000000000E+000  0.000000000000E+000 
 0.000000000000E+000  0.000000000000E+000  0.000000000000E+000 
 0.000000000000E+000  0.000000000000E+000  0.000000000000E+000 
 0.000000000000E+000  0.000000000000E+000  0.000000000000E+000 
! 6 Overlap matrix (2x2, complex)
2 2
 9.987341314000E-001  0.000000000000E+000 -8.522505000000E-004  0.000000000000E+000 
 8.508245000000E-004  0.000000000000E+000  9.987291603000E-001  0.000000000000E+000 

! 7 Phases
2 ! for all nmstates
 1.000000000E+000  0.000000000E+000
 1.000000000E+000  0.000000000E+000
! 8 Runtime
 1.665457620000E+002
