! 1 Hamiltonian Matrix (2x2, complex)
2 2
-2.306793092550E+002  0.000000000000E+000  0.000000000000E+000  0.000000000000E+000 
 0.000000000000E+000  0.000000000000E+000 -2.305020427470E+002  0.000000000000E+000 

! 2 Dipole Moment Matrices (3x2x2, complex)
2 2
-1.858361200000E-001  0.000000000000E+000 -3.584972781100E-002  0.000000000000E+000 
-3.584972781100E-002  0.000000000000E+000  1.928032800000E-001  0.000000000000E+000 
2 2
 9.222352000000E-002  0.000000000000E+000 -2.685196437530E-001  0.000000000000E+000 
-2.685196437530E-001  0.000000000000E+000 -8.567793000000E-002  0.000000000000E+000 
2 2
-5.736428000000E-002  0.000000000000E+000 -2.930805394500E-002  0.000000000000E+000 
-2.930805394500E-002  0.000000000000E+000 -4.241392000000E-002  0.000000000000E+000 
! 3 Gradient Vectors (2x12x3, real)
12 3 ! 1 1 0
 2.378764300000E-002 -6.822398700000E-002 -6.231830000000E-004 
 1.789362800000E-002 -3.670688200000E-002  4.335923000000E-003 
 1.321204900000E-002 -3.151737500000E-002 -1.019971600000E-002 
 4.187204900000E-002  2.049331700000E-002  1.449495000000E-003 
 4.451833000000E-003  4.046515000000E-003 -6.166980000000E-004 
-6.633405500000E-002  6.357351200000E-002  8.819746000000E-003 
-2.033202700000E-002  3.930277100000E-002  1.800604000000E-003 
-7.458441000000E-003 -3.165756300000E-002  2.803770000000E-004 
-6.389181800000E-002  6.316041500000E-002 -3.950083000000E-003 
 5.767618800000E-002  9.551973000000E-003 -2.160410000000E-003 
 9.822969000000E-003 -2.179836300000E-002  3.305041000000E-003 
-1.070001600000E-002 -1.022433400000E-002 -2.441095000000E-003 
12 3 ! 1 2 0
 1.235312280000E-001 -1.234299780000E-001 -4.559122000000E-003 
-9.959362700000E-002 -1.119972200000E-001  1.085749200000E-002 
-4.986372000000E-002  8.591271900000E-002 -8.606283000000E-003 
 1.677893720000E-001  2.957337000000E-002 -3.932103000000E-003 
 3.909233000000E-003  4.685593000000E-003 -1.448619000000E-003 
-6.872774400000E-002  6.265750400000E-002  9.678607000000E-003 
-2.237269800000E-002  4.098004900000E-002  2.250743000000E-003 
-7.446968000000E-003 -3.176705600000E-002  1.638500000000E-005 
-2.340371160000E-001  1.072369200000E-001 -4.362042000000E-003 
 1.874075360000E-001 -3.217589000000E-002  2.399132000000E-003 
 1.079270600000E-002 -1.927189700000E-002 -1.558700000000E-003 
-1.138820200000E-002 -1.240411400000E-002 -7.354900000000E-004 
! 5 Non-adiabatic couplings (ddr) (2x2x12x3, real)
12 3 ! 1 1 0 1 1 0
 0.000000000000E+000  0.000000000000E+000  0.000000000000E+000 
 0.000000000000E+000  0.000000000000E+000  0.000000000000E+000 
 0.000000000000E+000  0.000000000000E+000  0.000000000000E+000 
 0.000000000000E+000  0.000000000000E+000  0.000000000000E+000 
 0.000000000000E+000  0.000000000000E+000  0.000000000000E+000 
 0.000000000000E+000  0.000000000000E+000  0.000000000000E+000 
 0.000000000000E+000  0.000000000000E+000  0.000000000000E+000 
 0.000000000000E+000  0.000000000000E+000  0.000000000000E+000 
 0.000000000000E+000  0.000000000000E+000  0.000000000000E+000 
 0.000000000000E+000  0.000000000000E+000  0.000000000000E+000 
 0.000000000000E+000  0.000000000000E+000  0.000000000000E+000 
 0.000000000000E+000  0.000000000000E+000  0.000000000000E+000 
12 3 ! 1 1 0 1 2 0
-1.685946640000E-001  1.334673920000E-001  2.508278100000E-002 
-9.023454700000E-002  3.330607900000E-002 -2.236628300000E-002 
 6.764759500000E-002  3.530303800000E-002 -6.323819000000E-003 
 2.732090220000E-001  1.147661100000E-002 -2.519060500000E-002 
-2.622079000000E-003  5.416846000000E-003 -1.699883000000E-003 
 1.554012000000E-003 -3.590637000000E-003  6.014856000000E-003 
 1.158920000000E-004 -2.269633000000E-003  9.868841000000E-003 
 4.131736000000E-003  4.359730000000E-003  5.591440000000E-004 
-1.245551780000E-001 -2.948722730000E-001  1.593495400000E-002 
 3.537658200000E-002  3.177728400000E-002 -6.156763000000E-003 
-4.441432000000E-003  3.355896000000E-003 -1.149783000000E-003 
 4.540759000000E-003 -3.586260000000E-004  2.676920000000E-004 
12 3 ! 1 2 0 1 1 0
 1.685946640000E-001 -1.334673920000E-001 -2.508278100000E-002 
 9.023454700000E-002 -3.330607900000E-002  2.236628300000E-002 
-6.764759500000E-002 -3.530303800000E-002  6.323819000000E-003 
-2.732090220000E-001 -1.147661100000E-002  2.519060500000E-002 
 2.622079000000E-003 -5.416846000000E-003  1.699883000000E-003 
-1.554012000000E-003  3.590637000000E-003 -6.014856000000E-003 
-1.158920000000E-004  2.269633000000E-003 -9.868841000000E-003 
-4.131736000000E-003 -4.359730000000E-003 -5.591440000000E-004 
 1.245551780000E-001  2.948722730000E-001 -1.593495400000E-002 
-3.537658200000E-002 -3.177728400000E-002  6.156763000000E-003 
 4.441432000000E-003 -3.355896000000E-003  1.149783000000E-003 
-4.540759000000E-003  3.586260000000E-004 -2.676920000000E-004 
12 3 ! 1 2 0 1 2 0
 0.000000000000E+000  0.000000000000E+000  0.000000000000E+000 
 0.000000000000E+000  0.000000000000E+000  0.000000000000E+000 
 0.000000000000E+000  0.000000000000E+000  0.000000000000E+000 
 0.000000000000E+000  0.000000000000E+000  0.000000000000E+000 
 0.000000000000E+000  0.000000000000E+000  0.000000000000E+000 
 0.000000000000E+000  0.000000000000E+000  0.000000000000E+000 
 0.000000000000E+000  0.000000000000E+000  0.000000000000E+000 
 0.000000000000E+000  0.000000000000E+000  0.000000000000E+000 
 0.000000000000E+000  0.000000000000E+000  0.000000000000E+000 
 0.000000000000E+000  0.000000000000E+000  0.000000000000E+000 
 0.000000000000E+000  0.000000000000E+000  0.000000000000E+000 
 0.000000000000E+000  0.000000000000E+000  0.000000000000E+000 
! 6 Overlap matrix (2x2, complex)
2 2
 3.603961779000E-001  0.000000000000E+000 -7.884750400000E-003  0.000000000000E+000 
 9.351182300000E-003  0.000000000000E+000  3.584684370000E-001  0.000000000000E+000 

! 7 Phases
2 ! for all nmstates
 1.000000000E+000  0.000000000E+000
 1.000000000E+000  0.000000000E+000
! 8 Runtime
 1.462302780000E+002
