! 1 Hamiltonian Matrix (2x2, complex)
2 2
-2.306739154142E+002  0.000000000000E+000  0.000000000000E+000  0.000000000000E+000 
 0.000000000000E+000  0.000000000000E+000 -2.305277770511E+002  0.000000000000E+000 

! 2 Dipole Moment Matrices (3x2x2, complex)
2 2
-2.093938500000E-001  0.000000000000E+000 -8.558638914400E-002  0.000000000000E+000 
-8.558638914400E-002  0.000000000000E+000  8.681575000000E-002  0.000000000000E+000 
2 2
 1.017575300000E-001  0.000000000000E+000 -1.470113762180E-001  0.000000000000E+000 
-1.470113762180E-001  0.000000000000E+000 -1.644603600000E-001  0.000000000000E+000 
2 2
 1.090605600000E-001  0.000000000000E+000 -2.775289352000E-002  0.000000000000E+000 
-2.775289352000E-002  0.000000000000E+000  1.729344600000E-001  0.000000000000E+000 
! 3 Gradient Vectors (2x12x3, real)
12 3 ! 1 1 0
-5.554764300000E-002 -6.150744400000E-002  4.108200000000E-003 
 3.603383100000E-002  4.782009500000E-002  5.742388000000E-003 
-8.850964300000E-002  4.741812900000E-002 -2.388358600000E-002 
-1.493480000000E-004  2.614499200000E-002  1.811366400000E-002 
 4.067179100000E-002  4.223306000000E-002  2.335168000000E-003 
-1.213789200000E-002 -6.057640300000E-002 -6.696060000000E-004 
 5.096821600000E-002  5.781508000000E-003  1.438805600000E-002 
 7.231206000000E-003 -7.557624300000E-002 -4.250787000000E-003 
 4.454901500000E-002  2.031484000000E-002 -2.124142500000E-002 
-4.500163700000E-002  8.000362100000E-002  1.777194000000E-003 
 1.773166900000E-002 -8.416019100000E-002 -4.476530000000E-004 
 4.160435000000E-003  1.210403500000E-002  4.028386000000E-003 
12 3 ! 1 2 0
 4.502528500000E-002 -1.246774070000E-001  1.193913300000E-002 
-8.278020800000E-002 -2.234117300000E-002 -3.463825000000E-003 
-1.517006280000E-001  1.637212220000E-001 -2.328467200000E-002 
 1.181198080000E-001  3.638730400000E-002  1.858890500000E-002 
 4.082179400000E-002  4.296266800000E-002  4.485030000000E-004 
-1.351006300000E-002 -6.041425500000E-002  4.036980000000E-004 
 5.140941500000E-002  7.255292000000E-003  1.550094800000E-002 
 7.606717000000E-003 -7.611893000000E-002 -5.891935000000E-003 
-1.136726750000E-001  6.016603300000E-002 -1.305971600000E-002 
 7.651932100000E-002  4.468743700000E-002 -1.696395000000E-003 
 1.834154500000E-002 -8.155993700000E-002  1.364947000000E-003 
 3.819689000000E-003  9.931747000000E-003 -8.495910000000E-004 
! 5 Non-adiabatic couplings (ddr) (2x2x12x3, real)
12 3 ! 1 1 0 1 1 0
 0.000000000000E+000  0.000000000000E+000  0.000000000000E+000 
 0.000000000000E+000  0.000000000000E+000  0.000000000000E+000 
 0.000000000000E+000  0.000000000000E+000  0.000000000000E+000 
 0.000000000000E+000  0.000000000000E+000  0.000000000000E+000 
 0.000000000000E+000  0.000000000000E+000  0.000000000000E+000 
 0.000000000000E+000  0.000000000000E+000  0.000000000000E+000 
 0.000000000000E+000  0.000000000000E+000  0.000000000000E+000 
 0.000000000000E+000  0.000000000000E+000  0.000000000000E+000 
 0.000000000000E+000  0.000000000000E+000  0.000000000000E+000 
 0.000000000000E+000  0.000000000000E+000  0.000000000000E+000 
 0.000000000000E+000  0.000000000000E+000  0.000000000000E+000 
 0.000000000000E+000  0.000000000000E+000  0.000000000000E+000 
12 3 ! 1 1 0 1 2 0
-2.263334040000E-001  2.126122070000E-001 -2.427075200000E-002 
-5.209462300000E-002  1.909967800000E-002 -3.059120000000E-004 
 4.374979800000E-002  9.242778900000E-002 -1.173122400000E-002 
 3.439539280000E-001  1.594310200000E-002  3.775633800000E-002 
-2.819929000000E-003  3.176130000000E-003 -5.821790000000E-003 
-1.342820000000E-004 -1.266726000000E-003  3.868125000000E-003 
-3.148878000000E-003  9.531480000000E-004  3.263379000000E-003 
 6.154612000000E-003  1.171455000000E-003  5.617232000000E-003 
-1.268776880000E-001 -4.048304660000E-001 -1.172193000000E-002 
 7.750545000000E-003  4.096008100000E-002  3.199604000000E-003 
-4.124724000000E-003  1.277316000000E-003 -5.385033000000E-003 
 4.794054000000E-003  2.213100000000E-005  2.322050000000E-003 
12 3 ! 1 2 0 1 1 0
 2.263334040000E-001 -2.126122070000E-001  2.427075200000E-002 
 5.209462300000E-002 -1.909967800000E-002  3.059120000000E-004 
-4.374979800000E-002 -9.242778900000E-002  1.173122400000E-002 
-3.439539280000E-001 -1.594310200000E-002 -3.775633800000E-002 
 2.819929000000E-003 -3.176130000000E-003  5.821790000000E-003 
 1.342820000000E-004  1.266726000000E-003 -3.868125000000E-003 
 3.148878000000E-003 -9.531480000000E-004 -3.263379000000E-003 
-6.154612000000E-003 -1.171455000000E-003 -5.617232000000E-003 
 1.268776880000E-001  4.048304660000E-001  1.172193000000E-002 
-7.750545000000E-003 -4.096008100000E-002 -3.199604000000E-003 
 4.124724000000E-003 -1.277316000000E-003  5.385033000000E-003 
-4.794054000000E-003 -2.213100000000E-005 -2.322050000000E-003 
12 3 ! 1 2 0 1 2 0
 0.000000000000E+000  0.000000000000E+000  0.000000000000E+000 
 0.000000000000E+000  0.000000000000E+000  0.000000000000E+000 
 0.000000000000E+000  0.000000000000E+000  0.000000000000E+000 
 0.000000000000E+000  0.000000000000E+000  0.000000000000E+000 
 0.000000000000E+000  0.000000000000E+000  0.000000000000E+000 
 0.000000000000E+000  0.000000000000E+000  0.000000000000E+000 
 0.000000000000E+000  0.000000000000E+000  0.000000000000E+000 
 0.000000000000E+000  0.000000000000E+000  0.000000000000E+000 
 0.000000000000E+000  0.000000000000E+000  0.000000000000E+000 
 0.000000000000E+000  0.000000000000E+000  0.000000000000E+000 
 0.000000000000E+000  0.000000000000E+000  0.000000000000E+000 
 0.000000000000E+000  0.000000000000E+000  0.000000000000E+000 
! 6 Overlap matrix (2x2, complex)
2 2
 2.668662446000E-001  0.000000000000E+000 -5.320038300000E-003  0.000000000000E+000 
 6.264295300000E-003  0.000000000000E+000  2.647008629000E-001  0.000000000000E+000 

! 7 Phases
2 ! for all nmstates
 1.000000000E+000  0.000000000E+000
 1.000000000E+000  0.000000000E+000
! 8 Runtime
 1.380421620000E+002
