! 1 Hamiltonian Matrix (2x2, complex)
2 2
-2.306942223548E+002  0.000000000000E+000  0.000000000000E+000  0.000000000000E+000 
 0.000000000000E+000  0.000000000000E+000 -2.305413572853E+002  0.000000000000E+000 

! 2 Dipole Moment Matrices (3x2x2, complex)
2 2
-1.434638700000E-001  0.000000000000E+000 -1.167958717570E-001  0.000000000000E+000 
-1.167958717570E-001  0.000000000000E+000  2.392902500000E-001  0.000000000000E+000 
2 2
 5.430887000000E-002  0.000000000000E+000 -2.162954732080E-001  0.000000000000E+000 
-2.162954732080E-001  0.000000000000E+000 -4.454711000000E-002  0.000000000000E+000 
2 2
-9.075041000000E-002  0.000000000000E+000 -1.324345723300E-002  0.000000000000E+000 
-1.324345723300E-002  0.000000000000E+000 -6.975825000000E-002  0.000000000000E+000 
! 3 Gradient Vectors (2x12x3, real)
12 3 ! 1 1 0
 4.773335900000E-002  7.496921500000E-002  7.051260000000E-003 
 3.104470800000E-002  6.041327000000E-003  2.293734700000E-002 
-2.107507100000E-002 -1.938960900000E-002 -7.645430000000E-004 
 9.655840000000E-003 -6.534248000000E-002  2.188410000000E-004 
-3.601319100000E-002 -4.043455700000E-002 -6.363008000000E-003 
 3.849345000000E-003 -7.386389000000E-003 -1.643705400000E-002 
 4.669973000000E-003 -1.156732000000E-003 -6.823500000000E-005 
 2.979371000000E-003  4.770429600000E-002  1.424298000000E-003 
-9.985601600000E-002  2.736905000000E-002 -9.328727000000E-003 
 7.899269200000E-002 -2.943767800000E-002 -6.157760000000E-003 
-3.156441000000E-003  2.884592600000E-002 -1.079345000000E-003 
-1.882456800000E-002 -2.178237000000E-002  8.566925000000E-003 
12 3 ! 1 2 0
 1.437688750000E-001 -8.415145000000E-003  1.862908100000E-002 
-8.492472700000E-002 -5.755893900000E-002  1.410253000000E-002 
-7.100033200000E-002  1.078012560000E-001 -2.816376000000E-003 
 1.217141270000E-001 -6.927827000000E-002 -4.698050000000E-003 
-3.609731600000E-002 -4.007669300000E-002 -9.083816000000E-003 
 2.601672000000E-003 -8.882743000000E-003 -1.613690500000E-002 
 4.720558000000E-003  2.628320000000E-004  2.904836000000E-003 
 2.333224000000E-003  4.768298000000E-002  2.434035000000E-003 
-2.720451640000E-001  8.865263600000E-002 -1.429567900000E-002 
 2.107108320000E-001 -6.648556100000E-002  7.488973000000E-003 
-2.482957000000E-003  3.074574000000E-002 -1.226465000000E-003 
-1.929879100000E-002 -2.444809300000E-002  2.697837000000E-003 
! 5 Non-adiabatic couplings (ddr) (2x2x12x3, real)
12 3 ! 1 1 0 1 1 0
 0.000000000000E+000  0.000000000000E+000  0.000000000000E+000 
 0.000000000000E+000  0.000000000000E+000  0.000000000000E+000 
 0.000000000000E+000  0.000000000000E+000  0.000000000000E+000 
 0.000000000000E+000  0.000000000000E+000  0.000000000000E+000 
 0.000000000000E+000  0.000000000000E+000  0.000000000000E+000 
 0.000000000000E+000  0.000000000000E+000  0.000000000000E+000 
 0.000000000000E+000  0.000000000000E+000  0.000000000000E+000 
 0.000000000000E+000  0.000000000000E+000  0.000000000000E+000 
 0.000000000000E+000  0.000000000000E+000  0.000000000000E+000 
 0.000000000000E+000  0.000000000000E+000  0.000000000000E+000 
 0.000000000000E+000  0.000000000000E+000  0.000000000000E+000 
 0.000000000000E+000  0.000000000000E+000  0.000000000000E+000 
12 3 ! 1 1 0 1 2 0
-2.333855650000E-001  1.855427320000E-001  1.428712500000E-002 
-5.694286700000E-002  6.257132700000E-002 -5.061200100000E-002 
 8.997421500000E-002  6.905401000000E-003  2.285090700000E-002 
 2.881200960000E-001  1.363555100000E-002  1.468623100000E-002 
-1.617821000000E-003  3.531370000000E-003  1.573890000000E-003 
 5.498152000000E-003 -2.357197000000E-003  7.625077000000E-003 
-3.454853000000E-003  2.136595000000E-003  1.030997000000E-003 
 5.074028000000E-003  2.006564000000E-003 -5.854844000000E-003 
-1.141495470000E-001 -3.541437930000E-001 -2.055170000000E-004 
 3.444235000000E-003  4.647644800000E-002 -1.740268000000E-003 
-4.282082000000E-003  2.855315000000E-003 -3.633494000000E-003 
 5.715622000000E-003  5.338980000000E-004 -1.264500000000E-004 
12 3 ! 1 2 0 1 1 0
 2.333855650000E-001 -1.855427320000E-001 -1.428712500000E-002 
 5.694286700000E-002 -6.257132700000E-002  5.061200100000E-002 
-8.997421500000E-002 -6.905401000000E-003 -2.285090700000E-002 
-2.881200960000E-001 -1.363555100000E-002 -1.468623100000E-002 
 1.617821000000E-003 -3.531370000000E-003 -1.573890000000E-003 
-5.498152000000E-003  2.357197000000E-003 -7.625077000000E-003 
 3.454853000000E-003 -2.136595000000E-003 -1.030997000000E-003 
-5.074028000000E-003 -2.006564000000E-003  5.854844000000E-003 
 1.141495470000E-001  3.541437930000E-001  2.055170000000E-004 
-3.444235000000E-003 -4.647644800000E-002  1.740268000000E-003 
 4.282082000000E-003 -2.855315000000E-003  3.633494000000E-003 
-5.715622000000E-003 -5.338980000000E-004  1.264500000000E-004 
12 3 ! 1 2 0 1 2 0
 0.000000000000E+000  0.000000000000E+000  0.000000000000E+000 
 0.000000000000E+000  0.000000000000E+000  0.000000000000E+000 
 0.000000000000E+000  0.000000000000E+000  0.000000000000E+000 
 0.000000000000E+000  0.000000000000E+000  0.000000000000E+000 
 0.000000000000E+000  0.000000000000E+000  0.000000000000E+000 
 0.000000000000E+000  0.000000000000E+000  0.000000000000E+000 
 0.000000000000E+000  0.000000000000E+000  0.000000000000E+000 
 0.000000000000E+000  0.000000000000E+000  0.000000000000E+000 
 0.000000000000E+000  0.000000000000E+000  0.000000000000E+000 
 0.000000000000E+000  0.000000000000E+000  0.000000000000E+000 
 0.000000000000E+000  0.000000000000E+000  0.000000000000E+000 
 0.000000000000E+000  0.000000000000E+000  0.000000000000E+000 
! 6 Overlap matrix (2x2, complex)
2 2
 2.020340733000E-001  0.000000000000E+000  3.128550700000E-003  0.000000000000E+000 
-2.092798800000E-003  0.000000000000E+000  2.011830083000E-001  0.000000000000E+000 

! 7 Phases
2 ! for all nmstates
 1.000000000E+000  0.000000000E+000
 1.000000000E+000  0.000000000E+000
! 8 Runtime
 1.471692830000E+002
