! 1 Hamiltonian Matrix (2x2, complex)
2 2
-2.307210935939E+002  0.000000000000E+000  0.000000000000E+000  0.000000000000E+000 
 0.000000000000E+000  0.000000000000E+000 -2.305723486676E+002  0.000000000000E+000 

! 2 Dipole Moment Matrices (3x2x2, complex)
2 2
-1.350197300000E-001  0.000000000000E+000 -7.090738797800E-002  0.000000000000E+000 
-7.090738797800E-002  0.000000000000E+000  1.814673100000E-001  0.000000000000E+000 
2 2
 4.133165000000E-002  0.000000000000E+000 -2.100836468640E-001  0.000000000000E+000 
-2.100836468640E-001  0.000000000000E+000 -7.653199000000E-002  0.000000000000E+000 
2 2
 1.148626000000E-002  0.000000000000E+000 -5.822735013000E-003  0.000000000000E+000 
-5.822735013000E-003  0.000000000000E+000  1.131685000000E-002  0.000000000000E+000 
! 3 Gradient Vectors (2x12x3, real)
12 3 ! 1 1 0
 1.448049000000E-003 -2.514553000000E-003 -6.520700000000E-004 
 1.274523300000E-002 -1.357628000000E-003  1.980526000000E-003 
-1.834348600000E-002 -3.857361000000E-003 -3.865367000000E-003 
 2.978520000000E-003 -1.288924000000E-003  6.164620000000E-004 
-5.051364000000E-003 -5.013006000000E-003 -8.013400000000E-005 
-1.214867600000E-002  1.017231200000E-002 -4.764030000000E-004 
 1.257533600000E-002  3.373184000000E-003  2.136461000000E-003 
-3.754990000000E-004 -5.027610000000E-004 -6.925790000000E-004 
 1.614374600000E-002  3.363180000000E-004  1.244350000000E-003 
-9.629868000000E-003  3.682161000000E-003 -9.973130000000E-004 
-5.718940000000E-004 -8.291235000000E-003  8.186070000000E-004 
 2.299040000000E-004  5.261492000000E-003 -3.253900000000E-005 
12 3 ! 1 2 0
 9.893184700000E-002 -6.890868700000E-002 -5.410670000000E-004 
-1.079924760000E-001 -7.336908800000E-002  2.102006000000E-003 
-7.767413300000E-002  1.226702710000E-001 -3.929036000000E-003 
 1.208359310000E-001  1.890740000000E-004  5.720740000000E-004 
-5.149510000000E-003 -4.586765000000E-003  3.532600000000E-005 
-1.280683400000E-002  9.026726000000E-003 -4.804720000000E-004 
 1.291202100000E-002  4.660049000000E-003  1.760216000000E-003 
-6.017230000000E-004 -8.133100000000E-004 -4.601500000000E-004 
-1.444645690000E-001  4.833643200000E-002  9.596190000000E-004 
 1.160786570000E-001 -3.412293900000E-002  1.072960000000E-004 
 1.722770000000E-004 -6.295895000000E-003 -2.032090000000E-004 
-2.414890000000E-004  3.214132000000E-003  7.739600000000E-005 
! 5 Non-adiabatic couplings (ddr) (2x2x12x3, real)
12 3 ! 1 1 0 1 1 0
 0.000000000000E+000  0.000000000000E+000  0.000000000000E+000 
 0.000000000000E+000  0.000000000000E+000  0.000000000000E+000 
 0.000000000000E+000  0.000000000000E+000  0.000000000000E+000 
 0.000000000000E+000  0.000000000000E+000  0.000000000000E+000 
 0.000000000000E+000  0.000000000000E+000  0.000000000000E+000 
 0.000000000000E+000  0.000000000000E+000  0.000000000000E+000 
 0.000000000000E+000  0.000000000000E+000  0.000000000000E+000 
 0.000000000000E+000  0.000000000000E+000  0.000000000000E+000 
 0.000000000000E+000  0.000000000000E+000  0.000000000000E+000 
 0.000000000000E+000  0.000000000000E+000  0.000000000000E+000 
 0.000000000000E+000  0.000000000000E+000  0.000000000000E+000 
 0.000000000000E+000  0.000000000000E+000  0.000000000000E+000 
12 3 ! 1 1 0 1 2 0
-2.335202450000E-001  2.028025410000E-001 -1.759393000000E-003 
-4.373113900000E-002  5.426968500000E-002 -8.615130000000E-004 
 6.418572300000E-002  3.312546700000E-002 -3.995674000000E-003 
 3.131659470000E-001  3.118913800000E-002  1.539854000000E-003 
-1.422418000000E-003  4.446360000000E-003  1.975130000000E-004 
 4.255808000000E-003 -9.585490000000E-004  1.396748000000E-003 
-3.676125000000E-003  1.997790000000E-003  1.080208000000E-003 
 4.096078000000E-003  2.896303000000E-003 -2.218130000000E-004 
-1.254599240000E-001 -4.035240410000E-001  2.896556000000E-003 
 1.215143500000E-002  4.334306000000E-002 -1.254102000000E-003 
-4.318879000000E-003  2.767041000000E-003  3.096220000000E-004 
 5.053337000000E-003 -8.503300000000E-005 -2.998880000000E-004 
12 3 ! 1 2 0 1 1 0
 2.335202450000E-001 -2.028025410000E-001  1.759393000000E-003 
 4.373113900000E-002 -5.426968500000E-002  8.615130000000E-004 
-6.418572300000E-002 -3.312546700000E-002  3.995674000000E-003 
-3.131659470000E-001 -3.118913800000E-002 -1.539854000000E-003 
 1.422418000000E-003 -4.446360000000E-003 -1.975130000000E-004 
-4.255808000000E-003  9.585490000000E-004 -1.396748000000E-003 
 3.676125000000E-003 -1.997790000000E-003 -1.080208000000E-003 
-4.096078000000E-003 -2.896303000000E-003  2.218130000000E-004 
 1.254599240000E-001  4.035240410000E-001 -2.896556000000E-003 
-1.215143500000E-002 -4.334306000000E-002  1.254102000000E-003 
 4.318879000000E-003 -2.767041000000E-003 -3.096220000000E-004 
-5.053337000000E-003  8.503300000000E-005  2.998880000000E-004 
12 3 ! 1 2 0 1 2 0
 0.000000000000E+000  0.000000000000E+000  0.000000000000E+000 
 0.000000000000E+000  0.000000000000E+000  0.000000000000E+000 
 0.000000000000E+000  0.000000000000E+000  0.000000000000E+000 
 0.000000000000E+000  0.000000000000E+000  0.000000000000E+000 
 0.000000000000E+000  0.000000000000E+000  0.000000000000E+000 
 0.000000000000E+000  0.000000000000E+000  0.000000000000E+000 
 0.000000000000E+000  0.000000000000E+000  0.000000000000E+000 
 0.000000000000E+000  0.000000000000E+000  0.000000000000E+000 
 0.000000000000E+000  0.000000000000E+000  0.000000000000E+000 
 0.000000000000E+000  0.000000000000E+000  0.000000000000E+000 
 0.000000000000E+000  0.000000000000E+000  0.000000000000E+000 
 0.000000000000E+000  0.000000000000E+000  0.000000000000E+000 
! 6 Overlap matrix (2x2, complex)
2 2
 9.988913191000E-001  0.000000000000E+000 -6.311369000000E-004  0.000000000000E+000 
 6.308535000000E-004  0.000000000000E+000  9.988824477000E-001  0.000000000000E+000 

! 7 Phases
2 ! for all nmstates
 1.000000000E+000  0.000000000E+000
 1.000000000E+000  0.000000000E+000
! 8 Runtime
 1.532660490000E+002
