! 1 Hamiltonian Matrix (2x2, complex)
2 2
-2.306829597281E+002  0.000000000000E+000  0.000000000000E+000  0.000000000000E+000 
 0.000000000000E+000  0.000000000000E+000 -2.305250879330E+002  0.000000000000E+000 

! 2 Dipole Moment Matrices (3x2x2, complex)
2 2
-1.654111200000E-001  0.000000000000E+000 -7.186678154200E-002  0.000000000000E+000 
-7.186678154200E-002  0.000000000000E+000  1.879562500000E-001  0.000000000000E+000 
2 2
 3.835200000000E-003  0.000000000000E+000 -1.862904024790E-001  0.000000000000E+000 
-1.862904024790E-001  0.000000000000E+000 -1.444615100000E-001  0.000000000000E+000 
2 2
-3.204435000000E-002  0.000000000000E+000  5.208180656600E-002  0.000000000000E+000 
 5.208180656600E-002  0.000000000000E+000  6.079919000000E-002  0.000000000000E+000 
! 3 Gradient Vectors (2x12x3, real)
12 3 ! 1 1 0
 5.839972700000E-002  1.525429300000E-002  2.224356300000E-002 
-1.420426800000E-002  1.738643200000E-002 -1.338201500000E-002 
-1.659476790000E-001  2.666244500000E-002  5.883393000000E-003 
 8.600436200000E-002 -9.493660600000E-002  6.854242000000E-003 
 9.577710000000E-003  1.698709800000E-002 -1.213002000000E-003 
-3.476810000000E-002  1.718701300000E-002  1.242480000000E-003 
 3.262003300000E-002 -3.992714000000E-003  2.397432000000E-003 
-2.678117800000E-002 -1.863816000000E-003 -1.975308000000E-003 
 6.533278400000E-002 -1.576911000000E-003 -2.402080900000E-002 
 2.179704800000E-002  1.606139000000E-003 -3.444164000000E-003 
-1.293630500000E-002  1.405518700000E-002  4.314949000000E-003 
-1.909413300000E-002 -6.768560000000E-003  1.099239000000E-003 
12 3 ! 1 2 0
 1.641160160000E-001 -5.233798400000E-002  2.136277600000E-002 
-1.426196200000E-001 -6.057117500000E-002 -8.571068000000E-003 
-2.380215420000E-001  1.608375470000E-001  9.120444000000E-003 
 2.121041180000E-001 -9.056488300000E-002  4.109102000000E-003 
 9.748647000000E-003  1.728915100000E-002 -5.402947000000E-003 
-3.612080400000E-002  1.628949500000E-002  1.296650000000E-003 
 3.350339700000E-002 -2.616268000000E-003  4.347919000000E-003 
-2.673886300000E-002 -1.391584000000E-003 -9.305370000000E-004 
-8.699662800000E-002  4.343206700000E-002 -2.492631500000E-002 
 1.426414990000E-001 -3.750695900000E-002 -1.143081000000E-003 
-1.215018500000E-002  1.578976100000E-002  2.485780000000E-004 
-1.946603500000E-002 -8.649167000000E-003  4.884780000000E-004 
! 5 Non-adiabatic couplings (ddr) (2x2x12x3, real)
12 3 ! 1 1 0 1 1 0
 0.000000000000E+000  0.000000000000E+000  0.000000000000E+000 
 0.000000000000E+000  0.000000000000E+000  0.000000000000E+000 
 0.000000000000E+000  0.000000000000E+000  0.000000000000E+000 
 0.000000000000E+000  0.000000000000E+000  0.000000000000E+000 
 0.000000000000E+000  0.000000000000E+000  0.000000000000E+000 
 0.000000000000E+000  0.000000000000E+000  0.000000000000E+000 
 0.000000000000E+000  0.000000000000E+000  0.000000000000E+000 
 0.000000000000E+000  0.000000000000E+000  0.000000000000E+000 
 0.000000000000E+000  0.000000000000E+000  0.000000000000E+000 
 0.000000000000E+000  0.000000000000E+000  0.000000000000E+000 
 0.000000000000E+000  0.000000000000E+000  0.000000000000E+000 
 0.000000000000E+000  0.000000000000E+000  0.000000000000E+000 
12 3 ! 1 1 0 1 2 0
-2.592795140000E-001  1.991324830000E-001  3.223108000000E-002 
-4.744953900000E-002  5.522810000000E-002  6.878620000000E-003 
 6.956145300000E-002  4.826781300000E-002 -3.809471000000E-003 
 3.231426350000E-001  2.578631700000E-002 -7.309759000000E-003 
-2.488755000000E-003  4.680669000000E-003 -1.464048000000E-002 
 1.485086000000E-003 -1.821869000000E-003 -1.190390700000E-002 
-2.730008000000E-003  2.040251000000E-003 -9.526650000000E-004 
 2.745296000000E-003  4.921774000000E-003  5.228514000000E-003 
-1.028911510000E-001 -4.100858550000E-001  7.372459000000E-003 
 9.713719000000E-003  4.082659700000E-002 -4.269809000000E-003 
-3.530015000000E-003  3.029922000000E-003 -1.467727000000E-003 
 4.524346000000E-003  5.386510000000E-004  7.922210000000E-004 
12 3 ! 1 2 0 1 1 0
 2.592795140000E-001 -1.991324830000E-001 -3.223108000000E-002 
 4.744953900000E-002 -5.522810000000E-002 -6.878620000000E-003 
-6.956145300000E-002 -4.826781300000E-002  3.809471000000E-003 
-3.231426350000E-001 -2.578631700000E-002  7.309759000000E-003 
 2.488755000000E-003 -4.680669000000E-003  1.464048000000E-002 
-1.485086000000E-003  1.821869000000E-003  1.190390700000E-002 
 2.730008000000E-003 -2.040251000000E-003  9.526650000000E-004 
-2.745296000000E-003 -4.921774000000E-003 -5.228514000000E-003 
 1.028911510000E-001  4.100858550000E-001 -7.372459000000E-003 
-9.713719000000E-003 -4.082659700000E-002  4.269809000000E-003 
 3.530015000000E-003 -3.029922000000E-003  1.467727000000E-003 
-4.524346000000E-003 -5.386510000000E-004 -7.922210000000E-004 
12 3 ! 1 2 0 1 2 0
 0.000000000000E+000  0.000000000000E+000  0.000000000000E+000 
 0.000000000000E+000  0.000000000000E+000  0.000000000000E+000 
 0.000000000000E+000  0.000000000000E+000  0.000000000000E+000 
 0.000000000000E+000  0.000000000000E+000  0.000000000000E+000 
 0.000000000000E+000  0.000000000000E+000  0.000000000000E+000 
 0.000000000000E+000  0.000000000000E+000  0.000000000000E+000 
 0.000000000000E+000  0.000000000000E+000  0.000000000000E+000 
 0.000000000000E+000  0.000000000000E+000  0.000000000000E+000 
 0.000000000000E+000  0.000000000000E+000  0.000000000000E+000 
 0.000000000000E+000  0.000000000000E+000  0.000000000000E+000 
 0.000000000000E+000  0.000000000000E+000  0.000000000000E+000 
 0.000000000000E+000  0.000000000000E+000  0.000000000000E+000 
! 6 Overlap matrix (2x2, complex)
2 2
 2.064048228000E-001  0.000000000000E+000 -4.233723400000E-003  0.000000000000E+000 
 4.860093900000E-003  0.000000000000E+000  2.060790372000E-001  0.000000000000E+000 

! 7 Phases
2 ! for all nmstates
 1.000000000E+000  0.000000000E+000
 1.000000000E+000  0.000000000E+000
! 8 Runtime
 1.428430720000E+002
