2021-08-25 23:21:18.589856 fermium /user/julia/Tutorial/1_TrainingSet/Initial/ICOND_00009

  ================================================================================
||                                                                                ||
||                         SHARC - MOLPRO2012 - Interface                         ||
||                                                                                ||
||                             Author: Sebastian Mai                              ||
||                                                                                ||
||                                  Version: 2.1                                  ||
||                                 Date: 01.09.19                                 ||
||                                                                                ||
  ================================================================================


==> QMin Job description for:
Initial condition ICOND_00009/

Tasks:	H	DM	Grad	Nac(ddr)	Overlaps	Phases
States: 	2 Singlet

Method:
Electrons per Multiplicity:	42
Job ID per Multiplicity:	1
Level of Theory per Job ID:
1:	SA(2+0+0)-CASSCF(6,6)/6-31G*

Found Geo! NAtom is 12.

Geometry in Bohrs:
C -0.2774 -2.6165  0.1995 
C  2.3219 -2.5347 -0.2197 
C  3.2286  0.0850  0.0412 
C  1.1118  1.6011  0.0023 
H -1.3499 -4.1661  0.2133 
H  3.7579 -3.9972 -0.4683 
H  5.1183  0.6732  0.2147 
H  0.8572  3.6296  0.2029 
C -1.2189 -0.0764  0.1498 
C -3.6338  0.9353 -0.1532 
H -4.4275  2.8812 -0.4014 
H -5.0904 -0.5939  0.0014 

Gradients:   X X 

Non-adiabatic couplings:
. X 
X . 

wfthres: 1.0
docicas: True
newstep: []
nstates: 2
unit: ['bohr']
phases: []
njobs: 1
initorbs: {1: '/user/julia/Tutorial/1_TrainingSet/Initial/ICOND_00009/SAVE/wf.1.old'}
delay: 0.0
scratchdir: /user/julia/Tutorial/1_TrainingSet/Initial/ICOND_00009/ICOND_00009
cleanup: []
wfoverlap: /user/julia/software/SchNarc/sharc/source/../bin/wfoverlap.x
template: {'gradaccudefault': 1e-05, 'gradaccumax': 0.01, 'basis': '6-31G*', 'occ': [24], 'nelec': {1: [42, 41, 42]}, 'closed': [18], 'rootpad': {1: [0, 0, 0]}, 'dkho': 0, 'roots': {1: [2, 0, 0]}}
memory: 500
multmap: {1: 1, -1: [1]}
ndocc: 0
jobs: [1]
ncore: 0
maxmult: 1
ncpu: 1
pwd: /user/julia/Tutorial/1_TrainingSet/Initial/ICOND_00009
statemap: {1: [1, 1, 0.0], 2: [1, 2, 0.0]}
molpro: /usr/license/molpro/molpros_2012_1_5_Linux_x86_64_i8/bin/
nmstates: 2
savedir: /user/julia/Tutorial/1_TrainingSet/Initial/ICOND_00009/SAVE
nacmap: [(1, 1, 1, 2)]
natom: 12
gradmap: [(1, 1), (1, 2)]
joblist: [1]


>>>>>>>>>>>>> Starting the MOLPRO job execution
START:	/user/julia/Tutorial/1_TrainingSet/Initial/ICOND_00009/ICOND_00009/integrals	2021-08-25 23:21:19.766704	"/usr/license/molpro/molpros_2012_1_5_Linux_x86_64_i8/bin/molpro -W./ -I./ -d./ MOLPRO.input"
FINISH:	/user/julia/Tutorial/1_TrainingSet/Initial/ICOND_00009/ICOND_00009/integrals	2021-08-25 23:22:45.977753	Runtime: 0:01:26.211049	Error Code: 0
Error Codes:
	integrals 	0

START:	/user/julia/Tutorial/1_TrainingSet/Initial/ICOND_00009/ICOND_00009/master_1	2021-08-25 23:22:55.272804	"/usr/license/molpro/molpros_2012_1_5_Linux_x86_64_i8/bin/molpro -W./ -I./ -d./ MOLPRO.input"
FINISH:	/user/julia/Tutorial/1_TrainingSet/Initial/ICOND_00009/ICOND_00009/master_1	2021-08-25 23:27:40.435489	Runtime: 0:04:45.162685	Error Code: 0
Error Codes:
	master_1  	0

START:	/user/julia/Tutorial/1_TrainingSet/Initial/ICOND_00009/ICOND_00009/grad_1_1	2021-08-25 23:27:46.534904	"/usr/license/molpro/molpros_2012_1_5_Linux_x86_64_i8/bin/molpro -W./ -I./ -d./ MOLPRO.input"
FINISH:	/user/julia/Tutorial/1_TrainingSet/Initial/ICOND_00009/ICOND_00009/grad_1_1	2021-08-25 23:30:06.736536	Runtime: 0:02:20.201632	Error Code: 0
START:	/user/julia/Tutorial/1_TrainingSet/Initial/ICOND_00009/ICOND_00009/nac_1_1_1_2	2021-08-25 23:30:16.248721	"/usr/license/molpro/molpros_2012_1_5_Linux_x86_64_i8/bin/molpro -W./ -I./ -d./ MOLPRO.input"
FINISH:	/user/julia/Tutorial/1_TrainingSet/Initial/ICOND_00009/ICOND_00009/nac_1_1_1_2	2021-08-25 23:32:27.331208	Runtime: 0:02:11.082487	Error Code: 0
START:	/user/julia/Tutorial/1_TrainingSet/Initial/ICOND_00009/ICOND_00009/grad_1_2	2021-08-25 23:32:33.060609	"/usr/license/molpro/molpros_2012_1_5_Linux_x86_64_i8/bin/molpro -W./ -I./ -d./ MOLPRO.input"
FINISH:	/user/julia/Tutorial/1_TrainingSet/Initial/ICOND_00009/ICOND_00009/grad_1_2	2021-08-25 23:34:48.074570	Runtime: 0:02:15.013961	Error Code: 0
Error Codes:
	grad_1_1  	0	nac_1_1_1_2	0	grad_1_2  	0

>>>>>>>>>>>>> Starting the WFOVERLAP job execution
START:	/user/julia/Tutorial/1_TrainingSet/Initial/ICOND_00009/ICOND_00009/CI_CAS_1_1	2021-08-25 23:34:49.273379	"/user/julia/software/SchNarc/sharc/source/../bin/wfoverlap.x -m 500 -f wfovl.inp"
FINISH:	/user/julia/Tutorial/1_TrainingSet/Initial/ICOND_00009/ICOND_00009/CI_CAS_1_1	2021-08-25 23:34:49.441670	Runtime: 0:00:00.168291	Error Code: 0
START:	/user/julia/Tutorial/1_TrainingSet/Initial/ICOND_00009/ICOND_00009/AOoverlap	2021-08-25 23:34:49.472276	"/usr/license/molpro/molpros_2012_1_5_Linux_x86_64_i8/bin/molpro -W./ -I./ -d./ MOLPRO.input"
FINISH:	/user/julia/Tutorial/1_TrainingSet/Initial/ICOND_00009/ICOND_00009/AOoverlap	2021-08-25 23:35:01.773859	Runtime: 0:00:12.301583	Error Code: 0
START:	/user/julia/Tutorial/1_TrainingSet/Initial/ICOND_00009/ICOND_00009/WFOVL_1_1	2021-08-25 23:35:02.838201	"/user/julia/software/SchNarc/sharc/source/../bin/wfoverlap.x -m 500 -f wfovl.inp"
FINISH:	/user/julia/Tutorial/1_TrainingSet/Initial/ICOND_00009/ICOND_00009/WFOVL_1_1	2021-08-25 23:35:03.495170	Runtime: 0:00:00.656969	Error Code: 0
Error Codes:
	CI_CAS_1_1	0	WFOVL_1_1 	0

===> Results:

=> Hamiltonian Matrix:
Diagonal Shift:   -230.00
Real Part:
----------------------
|-6.893e-01            |
|           -5.587e-01 |
----------------------

=> Dipole Moment Matrices:

Polarisation X:
Real Part:
----------------------
|-1.112e-01 -6.414e-02 |
|-6.414e-02  1.764e-01 |
----------------------

Polarisation Y:
Real Part:
----------------------
| 3.205e-02 -1.888e-01 |
|-1.888e-01  2.188e-02 |
----------------------

Polarisation Z:
Real Part:
----------------------
| 4.158e-03  6.372e-02 |
| 6.372e-02  2.385e-02 |
----------------------

=> Gradient Vectors:

Singlet	1	Ms=  0.0:
1	C	-0.06755	-0.02906	 0.01756	
2	C	 0.00028	 0.00290	-0.02299	
3	C	 0.05059	-0.01950	 0.01264	
4	C	 0.00690	 0.01078	-0.01633	
5	H	 0.04080	 0.05975	 0.00157	
6	H	 0.02136	 0.00229	-0.00356	
7	H	-0.01699	-0.00302	 0.00363	
8	H	-0.01140	 0.00885	 0.00238	
9	C	 0.00149	-0.08544	 0.01822	
10	C	 0.01093	 0.05405	-0.01348	
11	H	-0.02837	 0.02508	-0.00500	
12	H	-0.00804	-0.02668	 0.00536	

Singlet	2	Ms=  0.0:
1	C	 0.01430	-0.09376	 0.02124	
2	C	-0.11291	-0.05953	-0.01518	
3	C	-0.00194	 0.10588	 0.01818	
4	C	 0.12730	 0.00710	-0.02280	
5	H	 0.04093	 0.06034	-0.00246	
6	H	 0.02082	 0.00108	-0.00769	
7	H	-0.01694	-0.00233	 0.00415	
8	H	-0.01173	 0.00845	 0.00521	
9	C	-0.14942	-0.03205	-0.00136	
10	C	 0.12537	 0.00590	 0.00264	
11	H	-0.02822	 0.02712	-0.00537	
12	H	-0.00755	-0.02820	 0.00346	

=> Analytical Non-adiabatic coupling vectors:

Singlet	States 1 - 1	Ms=  0.0:
		...is identical zero...

Singlet	States 1 - 2	Ms=  0.0:
1	C	-0.32838	 0.28594	 0.04763	
2	C	 0.05920	 0.13464	 0.02395	
3	C	 0.07635	-0.06770	-0.01839	
4	C	 0.24919	 0.03701	-0.01155	
5	H	-0.00432	 0.00694	-0.01189	
6	H	 0.00395	 0.00327	-0.01292	
7	H	-0.00333	 0.00213	-0.00758	
8	H	 0.00329	 0.00474	-0.00399	
9	C	-0.01745	-0.50047	 0.01336	
10	C	-0.04918	 0.06946	-0.00836	
11	H	-0.00318	 0.00157	 0.00368	
12	H	 0.00756	 0.00060	-0.00441	

Singlet	States 2 - 1	Ms=  0.0:
1	C	 0.32838	-0.28594	-0.04763	
2	C	-0.05920	-0.13464	-0.02395	
3	C	-0.07635	 0.06770	 0.01839	
4	C	-0.24919	-0.03701	 0.01155	
5	H	 0.00432	-0.00694	 0.01189	
6	H	-0.00395	-0.00327	 0.01292	
7	H	 0.00333	-0.00213	 0.00758	
8	H	-0.00329	-0.00474	 0.00399	
9	C	 0.01745	 0.50047	-0.01336	
10	C	 0.04918	-0.06946	 0.00836	
11	H	 0.00318	-0.00157	-0.00368	
12	H	-0.00756	-0.00060	 0.00441	

Singlet	States 2 - 2	Ms=  0.0:
		...is identical zero...

=> Overlap matrix:

Real Part:
----------------------
| 1.212e-01  9.891e-03 |
|-9.706e-03  1.200e-01 |
----------------------

=> Wavefunction Phases:
2

 1.0  0.0
 1.0  0.0


==> Runtime:
0 Days	0 Hours	13 Minutes	45 Seconds


===> Writing output to file QM.out in SHARC Format

2021-08-25 23:35:04.509149
#================ END ================#
