! 1 Hamiltonian Matrix (2x2, complex)
2 2
-2.306892878916E+002  0.000000000000E+000  0.000000000000E+000  0.000000000000E+000 
 0.000000000000E+000  0.000000000000E+000 -2.305586817457E+002  0.000000000000E+000 

! 2 Dipole Moment Matrices (3x2x2, complex)
2 2
-1.111716800000E-001  0.000000000000E+000 -6.414254399000E-002  0.000000000000E+000 
-6.414254399000E-002  0.000000000000E+000  1.763552700000E-001  0.000000000000E+000 
2 2
 3.205010000000E-002  0.000000000000E+000 -1.888375744830E-001  0.000000000000E+000 
-1.888375744830E-001  0.000000000000E+000  2.188462000000E-002  0.000000000000E+000 
2 2
 4.157820000000E-003  0.000000000000E+000  6.372108098200E-002  0.000000000000E+000 
 6.372108098200E-002  0.000000000000E+000  2.385329000000E-002  0.000000000000E+000 
! 3 Gradient Vectors (2x12x3, real)
12 3 ! 1 1 0
-6.755001500000E-002 -2.905989800000E-002  1.756404500000E-002 
 2.784000000000E-004  2.895207000000E-003 -2.299317900000E-002 
 5.059217200000E-002 -1.949997600000E-002  1.264417700000E-002 
 6.901510000000E-003  1.078179000000E-002 -1.632846200000E-002 
 4.080369900000E-002  5.974720400000E-002  1.567019000000E-003 
 2.135583700000E-002  2.287601000000E-003 -3.556265000000E-003 
-1.699245200000E-002 -3.016211000000E-003  3.631598000000E-003 
-1.139656000000E-002  8.845744000000E-003  2.378763000000E-003 
 1.491079000000E-003 -8.543557900000E-002  1.822416400000E-002 
 1.093094900000E-002  5.404719900000E-002 -1.348406700000E-002 
-2.837079400000E-002  2.508219100000E-002 -5.002967000000E-003 
-8.043825000000E-003 -2.667527300000E-002  5.355173000000E-003 
12 3 ! 1 2 0
 1.430246500000E-002 -9.376052300000E-002  2.123931100000E-002 
-1.129110760000E-001 -5.953282800000E-002 -1.518167900000E-002 
-1.936041000000E-003  1.058797170000E-001  1.817531500000E-002 
 1.273026490000E-001  7.103330000000E-003 -2.280142000000E-002 
 4.092718500000E-002  6.033977600000E-002 -2.463528000000E-003 
 2.081689600000E-002  1.077339000000E-003 -7.694026000000E-003 
-1.694240000000E-002 -2.326352000000E-003  4.148558000000E-003 
-1.173470600000E-002  8.454524000000E-003  5.209665000000E-003 
-1.494248720000E-001 -3.205331400000E-002 -1.355870000000E-003 
 1.253701930000E-001  5.898561000000E-003  2.640563000000E-003 
-2.822402300000E-002  2.711733400000E-002 -5.372881000000E-003 
-7.546269000000E-003 -2.819756400000E-002  3.455990000000E-003 
! 5 Non-adiabatic couplings (ddr) (2x2x12x3, real)
12 3 ! 1 1 0 1 1 0
 0.000000000000E+000  0.000000000000E+000  0.000000000000E+000 
 0.000000000000E+000  0.000000000000E+000  0.000000000000E+000 
 0.000000000000E+000  0.000000000000E+000  0.000000000000E+000 
 0.000000000000E+000  0.000000000000E+000  0.000000000000E+000 
 0.000000000000E+000  0.000000000000E+000  0.000000000000E+000 
 0.000000000000E+000  0.000000000000E+000  0.000000000000E+000 
 0.000000000000E+000  0.000000000000E+000  0.000000000000E+000 
 0.000000000000E+000  0.000000000000E+000  0.000000000000E+000 
 0.000000000000E+000  0.000000000000E+000  0.000000000000E+000 
 0.000000000000E+000  0.000000000000E+000  0.000000000000E+000 
 0.000000000000E+000  0.000000000000E+000  0.000000000000E+000 
 0.000000000000E+000  0.000000000000E+000  0.000000000000E+000 
12 3 ! 1 1 0 1 2 0
-3.283781200000E-001  2.859391810000E-001  4.763087800000E-002 
 5.919876300000E-002  1.346420880000E-001  2.394706500000E-002 
 7.634572600000E-002 -6.769772500000E-002 -1.838658000000E-002 
 2.491923250000E-001  3.700868000000E-002 -1.155096400000E-002 
-4.316441000000E-003  6.935196000000E-003 -1.188723800000E-002 
 3.953338000000E-003  3.271593000000E-003 -1.292158500000E-002 
-3.332540000000E-003  2.129206000000E-003 -7.583657000000E-003 
 3.293288000000E-003  4.737315000000E-003 -3.985312000000E-003 
-1.745123300000E-002 -5.004686990000E-001  1.335573800000E-002 
-4.917686200000E-002  6.945640200000E-002 -8.359859000000E-003 
-3.179046000000E-003  1.567367000000E-003  3.684174000000E-003 
 7.559556000000E-003  6.020250000000E-004 -4.412078000000E-003 
12 3 ! 1 2 0 1 1 0
 3.283781200000E-001 -2.859391810000E-001 -4.763087800000E-002 
-5.919876300000E-002 -1.346420880000E-001 -2.394706500000E-002 
-7.634572600000E-002  6.769772500000E-002  1.838658000000E-002 
-2.491923250000E-001 -3.700868000000E-002  1.155096400000E-002 
 4.316441000000E-003 -6.935196000000E-003  1.188723800000E-002 
-3.953338000000E-003 -3.271593000000E-003  1.292158500000E-002 
 3.332540000000E-003 -2.129206000000E-003  7.583657000000E-003 
-3.293288000000E-003 -4.737315000000E-003  3.985312000000E-003 
 1.745123300000E-002  5.004686990000E-001 -1.335573800000E-002 
 4.917686200000E-002 -6.945640200000E-002  8.359859000000E-003 
 3.179046000000E-003 -1.567367000000E-003 -3.684174000000E-003 
-7.559556000000E-003 -6.020250000000E-004  4.412078000000E-003 
12 3 ! 1 2 0 1 2 0
 0.000000000000E+000  0.000000000000E+000  0.000000000000E+000 
 0.000000000000E+000  0.000000000000E+000  0.000000000000E+000 
 0.000000000000E+000  0.000000000000E+000  0.000000000000E+000 
 0.000000000000E+000  0.000000000000E+000  0.000000000000E+000 
 0.000000000000E+000  0.000000000000E+000  0.000000000000E+000 
 0.000000000000E+000  0.000000000000E+000  0.000000000000E+000 
 0.000000000000E+000  0.000000000000E+000  0.000000000000E+000 
 0.000000000000E+000  0.000000000000E+000  0.000000000000E+000 
 0.000000000000E+000  0.000000000000E+000  0.000000000000E+000 
 0.000000000000E+000  0.000000000000E+000  0.000000000000E+000 
 0.000000000000E+000  0.000000000000E+000  0.000000000000E+000 
 0.000000000000E+000  0.000000000000E+000  0.000000000000E+000 
! 6 Overlap matrix (2x2, complex)
2 2
 1.212273300000E-001  0.000000000000E+000  9.890712700000E-003  0.000000000000E+000 
-9.705701700000E-003  0.000000000000E+000  1.199789020000E-001  0.000000000000E+000 

! 7 Phases
2 ! for all nmstates
 1.000000000E+000  0.000000000E+000
 1.000000000E+000  0.000000000E+000
! 8 Runtime
 8.251342250000E+002
