! 1 Hamiltonian Matrix (2x2, complex)
2 2
-2.306632006069E+002  0.000000000000E+000  0.000000000000E+000  0.000000000000E+000 
 0.000000000000E+000  0.000000000000E+000 -2.304976111391E+002  0.000000000000E+000 

! 2 Dipole Moment Matrices (3x2x2, complex)
2 2
-6.011676000000E-002  0.000000000000E+000  3.520374998000E-002  0.000000000000E+000 
 3.520374998000E-002  0.000000000000E+000  2.058000600000E-001  0.000000000000E+000 
2 2
 7.216399000000E-002  0.000000000000E+000 -2.468741263220E-001  0.000000000000E+000 
-2.468741263220E-001  0.000000000000E+000 -6.202574000000E-002  0.000000000000E+000 
2 2
 2.668850000000E-002  0.000000000000E+000  3.432639759000E-003  0.000000000000E+000 
 3.432639759000E-003  0.000000000000E+000  1.126950000000E-003  0.000000000000E+000 
! 3 Gradient Vectors (2x12x3, real)
12 3 ! 1 1 0
-6.157919000000E-003 -9.665826800000E-002  4.353170000000E-004 
-3.982448900000E-002 -2.386152000000E-002 -2.340601700000E-002 
 1.156148720000E-001 -1.080387200000E-002 -6.786609000000E-003 
-5.189249600000E-002  5.559161000000E-003  3.702581000000E-003 
 1.477672200000E-002  4.933869700000E-002 -4.110123000000E-003 
 1.378312000000E-002  2.592838000000E-002  1.356494100000E-002 
 1.260183600000E-002  8.907864000000E-003  4.984403000000E-003 
-3.039815000000E-003 -1.331800300000E-002 -7.475190000000E-004 
-1.414270880000E-001  9.419703300000E-002  9.408818000000E-003 
 1.049676910000E-001 -6.271987900000E-002  3.545631700000E-002 
-2.146508000000E-003  3.167277300000E-002 -2.243622000000E-002 
-1.725592700000E-002 -8.242367000000E-003 -1.006589000000E-002 
12 3 ! 1 2 0
 8.434307500000E-002 -1.462045300000E-001 -1.509294000000E-003 
-1.475387840000E-001 -9.287736400000E-002 -1.580945000000E-002 
 6.065034400000E-002  9.370919100000E-002 -3.861790000000E-004 
 6.599696000000E-002  2.079831600000E-002  8.900990000000E-004 
 1.427822200000E-002  4.967982000000E-002 -1.138125000000E-003 
 1.347939800000E-002  2.284651400000E-002  1.102225000000E-002 
 1.314925400000E-002  1.018870200000E-002  2.641227000000E-003 
-2.853842000000E-003 -1.374699100000E-002 -6.218150000000E-004 
-3.191026040000E-001  1.313953620000E-001  1.561869100000E-002 
 2.366817150000E-001 -1.004722120000E-001  3.004214000000E-003 
-1.067896000000E-003  3.470620200000E-002 -1.115753100000E-002 
-1.801584200000E-002 -1.002300900000E-002 -2.554087000000E-003 
! 5 Non-adiabatic couplings (ddr) (2x2x12x3, real)
12 3 ! 1 1 0 1 1 0
 0.000000000000E+000  0.000000000000E+000  0.000000000000E+000 
 0.000000000000E+000  0.000000000000E+000  0.000000000000E+000 
 0.000000000000E+000  0.000000000000E+000  0.000000000000E+000 
 0.000000000000E+000  0.000000000000E+000  0.000000000000E+000 
 0.000000000000E+000  0.000000000000E+000  0.000000000000E+000 
 0.000000000000E+000  0.000000000000E+000  0.000000000000E+000 
 0.000000000000E+000  0.000000000000E+000  0.000000000000E+000 
 0.000000000000E+000  0.000000000000E+000  0.000000000000E+000 
 0.000000000000E+000  0.000000000000E+000  0.000000000000E+000 
 0.000000000000E+000  0.000000000000E+000  0.000000000000E+000 
 0.000000000000E+000  0.000000000000E+000  0.000000000000E+000 
 0.000000000000E+000  0.000000000000E+000  0.000000000000E+000 
12 3 ! 1 1 0 1 2 0
-1.297046720000E-001  1.081515210000E-001 -6.225891000000E-003 
-1.133526910000E-001  1.370600700000E-002  4.824052300000E-002 
 4.998559800000E-002  6.144819300000E-002 -3.616694900000E-002 
 3.320795270000E-001  1.894126900000E-002 -8.471525000000E-003 
-5.524370000000E-004  8.207422000000E-003 -4.136157000000E-003 
 5.515588000000E-003 -1.021954000000E-003 -5.897725000000E-003 
-5.106420000000E-003  2.273606000000E-003  2.915913000000E-003 
 3.436416000000E-003  3.532850000000E-003  8.446345000000E-003 
-2.184694960000E-001 -2.715912070000E-001  6.581882000000E-003 
 7.990899900000E-002  1.607991600000E-002 -1.197968900000E-002 
-3.644030000000E-003  6.050670000000E-003  6.939708000000E-003 
 4.016752000000E-003 -9.487520000000E-004  1.947572000000E-003 
12 3 ! 1 2 0 1 1 0
 1.297046720000E-001 -1.081515210000E-001  6.225891000000E-003 
 1.133526910000E-001 -1.370600700000E-002 -4.824052300000E-002 
-4.998559800000E-002 -6.144819300000E-002  3.616694900000E-002 
-3.320795270000E-001 -1.894126900000E-002  8.471525000000E-003 
 5.524370000000E-004 -8.207422000000E-003  4.136157000000E-003 
-5.515588000000E-003  1.021954000000E-003  5.897725000000E-003 
 5.106420000000E-003 -2.273606000000E-003 -2.915913000000E-003 
-3.436416000000E-003 -3.532850000000E-003 -8.446345000000E-003 
 2.184694960000E-001  2.715912070000E-001 -6.581882000000E-003 
-7.990899900000E-002 -1.607991600000E-002  1.197968900000E-002 
 3.644030000000E-003 -6.050670000000E-003 -6.939708000000E-003 
-4.016752000000E-003  9.487520000000E-004 -1.947572000000E-003 
12 3 ! 1 2 0 1 2 0
 0.000000000000E+000  0.000000000000E+000  0.000000000000E+000 
 0.000000000000E+000  0.000000000000E+000  0.000000000000E+000 
 0.000000000000E+000  0.000000000000E+000  0.000000000000E+000 
 0.000000000000E+000  0.000000000000E+000  0.000000000000E+000 
 0.000000000000E+000  0.000000000000E+000  0.000000000000E+000 
 0.000000000000E+000  0.000000000000E+000  0.000000000000E+000 
 0.000000000000E+000  0.000000000000E+000  0.000000000000E+000 
 0.000000000000E+000  0.000000000000E+000  0.000000000000E+000 
 0.000000000000E+000  0.000000000000E+000  0.000000000000E+000 
 0.000000000000E+000  0.000000000000E+000  0.000000000000E+000 
 0.000000000000E+000  0.000000000000E+000  0.000000000000E+000 
 0.000000000000E+000  0.000000000000E+000  0.000000000000E+000 
! 6 Overlap matrix (2x2, complex)
2 2
 1.651304972000E-001  0.000000000000E+000 -4.517915200000E-003  0.000000000000E+000 
 6.121380600000E-003  0.000000000000E+000  1.616630507000E-001  0.000000000000E+000 

! 7 Phases
2 ! for all nmstates
 1.000000000E+000  0.000000000E+000
 1.000000000E+000  0.000000000E+000
! 8 Runtime
 9.855050490000E+002
