! 1 Hamiltonian Matrix (2x2, complex)
2 2
-2.306913812764E+002  0.000000000000E+000  0.000000000000E+000  0.000000000000E+000 
 0.000000000000E+000  0.000000000000E+000 -2.305510630319E+002  0.000000000000E+000 

! 2 Dipole Moment Matrices (3x2x2, complex)
2 2
-1.099858700000E-001  0.000000000000E+000 -2.708400745900E-002  0.000000000000E+000 
-2.708400745900E-002  0.000000000000E+000  1.469857700000E-001  0.000000000000E+000 
2 2
 3.862340000000E-003  0.000000000000E+000 -2.122552495910E-001  0.000000000000E+000 
-2.122552495910E-001  0.000000000000E+000 -7.675002000000E-002  0.000000000000E+000 
2 2
-1.382653000000E-002  0.000000000000E+000 -2.929419572000E-002  0.000000000000E+000 
-2.929419572000E-002  0.000000000000E+000  1.124529000000E-002  0.000000000000E+000 
! 3 Gradient Vectors (2x12x3, real)
12 3 ! 1 1 0
-3.613575800000E-002 -1.730980800000E-002  3.734600000000E-005 
 1.026120000000E-003  2.446595400000E-002  7.058558000000E-003 
 1.406513900000E-002  9.635700000000E-004 -1.646361100000E-002 
-6.779348200000E-002 -3.987092600000E-002  2.104236700000E-002 
 8.367703000000E-003  9.902166000000E-003 -2.537002000000E-003 
 3.440675300000E-002 -4.470908700000E-002 -4.660541000000E-003 
-3.126413500000E-002 -1.233785000000E-002  6.868578000000E-003 
 4.492180000000E-003  5.280480600000E-002 -1.868585500000E-002 
 5.598573500000E-002  2.536011500000E-002  1.477888200000E-002 
 3.865503400000E-002 -2.741623100000E-002 -2.495409100000E-002 
-9.847621000000E-003  4.082401900000E-002  1.456452000000E-002 
-1.195766700000E-002 -1.267673000000E-002  2.950849000000E-003 
12 3 ! 1 2 0
 6.098242800000E-002 -8.390201200000E-002 -5.622947000000E-003 
-1.132322570000E-001 -4.828268100000E-002  1.385691600000E-002 
-4.776708600000E-002  1.204210530000E-001 -9.007136000000E-003 
 4.001076000000E-002 -3.356560900000E-002  2.211461800000E-002 
 8.452576000000E-003  1.017730900000E-002 -8.337900000000E-004 
 3.434106800000E-002 -4.542688400000E-002 -5.495652000000E-003 
-3.069987900000E-002 -1.051016400000E-002  2.347224000000E-003 
 4.727359000000E-003  5.256042100000E-002 -1.760489700000E-002 
-9.870092000000E-002  7.906038900000E-002 -8.143175000000E-003 
 1.627486250000E-001 -6.924573000000E-002  2.532456000000E-003 
-8.547013000000E-003  4.303311100000E-002  5.652028000000E-003 
-1.231566000000E-002 -1.431920400000E-002  2.043550000000E-004 
! 5 Non-adiabatic couplings (ddr) (2x2x12x3, real)
12 3 ! 1 1 0 1 1 0
 0.000000000000E+000  0.000000000000E+000  0.000000000000E+000 
 0.000000000000E+000  0.000000000000E+000  0.000000000000E+000 
 0.000000000000E+000  0.000000000000E+000  0.000000000000E+000 
 0.000000000000E+000  0.000000000000E+000  0.000000000000E+000 
 0.000000000000E+000  0.000000000000E+000  0.000000000000E+000 
 0.000000000000E+000  0.000000000000E+000  0.000000000000E+000 
 0.000000000000E+000  0.000000000000E+000  0.000000000000E+000 
 0.000000000000E+000  0.000000000000E+000  0.000000000000E+000 
 0.000000000000E+000  0.000000000000E+000  0.000000000000E+000 
 0.000000000000E+000  0.000000000000E+000  0.000000000000E+000 
 0.000000000000E+000  0.000000000000E+000  0.000000000000E+000 
 0.000000000000E+000  0.000000000000E+000  0.000000000000E+000 
12 3 ! 1 1 0 1 2 0
-1.922423230000E-001  1.825382510000E-001  2.517187500000E-002 
-7.836633300000E-002  1.437209900000E-002  1.179944600000E-002 
 4.283698800000E-002  9.824178800000E-002 -1.864735900000E-002 
 3.853212300000E-001  7.551189000000E-002 -4.042236800000E-002 
-8.365730000000E-004  5.008665000000E-003 -2.124183000000E-003 
 3.927915000000E-003 -1.036140000000E-004  1.223520000000E-004 
-5.588031000000E-003  4.069773000000E-003  6.597706000000E-003 
 3.078662000000E-003  8.322610000000E-004  3.381448000000E-003 
-2.425021270000E-001 -4.322379720000E-001  5.565597000000E-003 
 7.982515900000E-002  2.338960100000E-002  8.782966000000E-003 
-3.620188000000E-003  5.075743000000E-003  3.040627000000E-003 
 5.321590000000E-003 -5.601600000000E-005 -8.479270000000E-003 
12 3 ! 1 2 0 1 1 0
 1.922423230000E-001 -1.825382510000E-001 -2.517187500000E-002 
 7.836633300000E-002 -1.437209900000E-002 -1.179944600000E-002 
-4.283698800000E-002 -9.824178800000E-002  1.864735900000E-002 
-3.853212300000E-001 -7.551189000000E-002  4.042236800000E-002 
 8.365730000000E-004 -5.008665000000E-003  2.124183000000E-003 
-3.927915000000E-003  1.036140000000E-004 -1.223520000000E-004 
 5.588031000000E-003 -4.069773000000E-003 -6.597706000000E-003 
-3.078662000000E-003 -8.322610000000E-004 -3.381448000000E-003 
 2.425021270000E-001  4.322379720000E-001 -5.565597000000E-003 
-7.982515900000E-002 -2.338960100000E-002 -8.782966000000E-003 
 3.620188000000E-003 -5.075743000000E-003 -3.040627000000E-003 
-5.321590000000E-003  5.601600000000E-005  8.479270000000E-003 
12 3 ! 1 2 0 1 2 0
 0.000000000000E+000  0.000000000000E+000  0.000000000000E+000 
 0.000000000000E+000  0.000000000000E+000  0.000000000000E+000 
 0.000000000000E+000  0.000000000000E+000  0.000000000000E+000 
 0.000000000000E+000  0.000000000000E+000  0.000000000000E+000 
 0.000000000000E+000  0.000000000000E+000  0.000000000000E+000 
 0.000000000000E+000  0.000000000000E+000  0.000000000000E+000 
 0.000000000000E+000  0.000000000000E+000  0.000000000000E+000 
 0.000000000000E+000  0.000000000000E+000  0.000000000000E+000 
 0.000000000000E+000  0.000000000000E+000  0.000000000000E+000 
 0.000000000000E+000  0.000000000000E+000  0.000000000000E+000 
 0.000000000000E+000  0.000000000000E+000  0.000000000000E+000 
 0.000000000000E+000  0.000000000000E+000  0.000000000000E+000 
! 6 Overlap matrix (2x2, complex)
2 2
 3.453759403000E-001  0.000000000000E+000 -2.162698690000E-002  0.000000000000E+000 
 2.214576750000E-002  0.000000000000E+000  3.419110676000E-001  0.000000000000E+000 

! 7 Phases
2 ! for all nmstates
 1.000000000E+000  0.000000000E+000
 1.000000000E+000  0.000000000E+000
! 8 Runtime
 1.408429690000E+002
