! 1 Hamiltonian Matrix (2x2, complex)
2 2
-2.306760060305E+002  0.000000000000E+000  0.000000000000E+000  0.000000000000E+000 
 0.000000000000E+000  0.000000000000E+000 -2.305230795762E+002  0.000000000000E+000 

! 2 Dipole Moment Matrices (3x2x2, complex)
2 2
-1.539817700000E-001  0.000000000000E+000 -6.097409342200E-002  0.000000000000E+000 
-6.097409342200E-002  0.000000000000E+000  1.515371400000E-001  0.000000000000E+000 
2 2
 3.077121000000E-002  0.000000000000E+000 -1.042590997750E-001  0.000000000000E+000 
-1.042590997750E-001  0.000000000000E+000 -1.260073000000E-002  0.000000000000E+000 
2 2
 2.814389000000E-002  0.000000000000E+000  1.872337234600E-002  0.000000000000E+000 
 1.872337234600E-002  0.000000000000E+000 -9.696170000000E-003  0.000000000000E+000 
! 3 Gradient Vectors (2x12x3, real)
12 3 ! 1 1 0
-3.069381000000E-002 -2.918023500000E-002 -6.442838000000E-003 
-9.702282700000E-002  2.366339400000E-002 -4.105359800000E-002 
 5.119305000000E-003  5.291447900000E-002  1.158472700000E-002 
-3.718271000000E-003 -4.631246500000E-002 -6.749390000000E-004 
 4.557359300000E-002  5.846827400000E-002 -5.347654000000E-003 
 4.299135300000E-002 -5.477023700000E-002  3.478285700000E-002 
 1.146226000000E-002 -4.506000000000E-004 -6.081465000000E-003 
 1.584987900000E-002  4.298367400000E-002 -5.380790000000E-004 
 5.405978400000E-002 -5.374730000000E-002  1.779765900000E-002 
-1.830354600000E-002 -3.795899700000E-002  1.288534400000E-002 
-1.126730300000E-002  5.078273900000E-002 -1.829805700000E-002 
-1.405041600000E-002 -6.392726000000E-003  1.386044000000E-003 
12 3 ! 1 2 0
 6.373420600000E-002 -9.831239400000E-002 -1.118381400000E-002 
-2.178476510000E-001 -2.855337000000E-002 -3.090286600000E-002 
-5.605943700000E-002  1.679218350000E-001  1.309154100000E-002 
 1.148927220000E-001 -5.029073500000E-002  2.360300000000E-004 
 4.638166800000E-002  5.898218100000E-002 -1.131164000000E-003 
 4.292936400000E-002 -5.709195500000E-002  3.082073300000E-002 
 1.192817900000E-002  4.710430000000E-004 -7.107635000000E-003 
 1.543232400000E-002  4.264932900000E-002 -1.416808000000E-003 
-9.574357000000E-002 -7.110619000000E-003  5.751824000000E-003 
 9.935052200000E-002 -7.364424300000E-002  1.120375500000E-002 
-1.060736900000E-002  5.330370000000E-002 -9.362691000000E-003 
-1.439095800000E-002 -8.324772000000E-003  1.096000000000E-006 
! 5 Non-adiabatic couplings (ddr) (2x2x12x3, real)
12 3 ! 1 1 0 1 1 0
 0.000000000000E+000  0.000000000000E+000  0.000000000000E+000 
 0.000000000000E+000  0.000000000000E+000  0.000000000000E+000 
 0.000000000000E+000  0.000000000000E+000  0.000000000000E+000 
 0.000000000000E+000  0.000000000000E+000  0.000000000000E+000 
 0.000000000000E+000  0.000000000000E+000  0.000000000000E+000 
 0.000000000000E+000  0.000000000000E+000  0.000000000000E+000 
 0.000000000000E+000  0.000000000000E+000  0.000000000000E+000 
 0.000000000000E+000  0.000000000000E+000  0.000000000000E+000 
 0.000000000000E+000  0.000000000000E+000  0.000000000000E+000 
 0.000000000000E+000  0.000000000000E+000  0.000000000000E+000 
 0.000000000000E+000  0.000000000000E+000  0.000000000000E+000 
 0.000000000000E+000  0.000000000000E+000  0.000000000000E+000 
12 3 ! 1 1 0 1 2 0
-2.824367460000E-001  2.411100760000E-001  2.813869000000E-003 
 3.049714600000E-002  7.987207900000E-002  4.225499200000E-002 
 4.555986200000E-002  9.773589000000E-003 -4.118093000000E-003 
 2.924111660000E-001  3.045684300000E-002 -2.443177400000E-002 
-3.909367000000E-003  4.742760000000E-003 -3.693494000000E-003 
 3.668445000000E-003 -1.217832000000E-003 -6.152091000000E-003 
-3.542619000000E-003 -5.725830000000E-004 -3.552816000000E-003 
 3.896139000000E-003 -1.453100000000E-005  6.298634000000E-003 
-6.769920100000E-002 -4.199938040000E-001 -1.976565000000E-002 
-2.846740000000E-002  4.116951900000E-002  1.414148200000E-002 
-2.384071000000E-003  2.970150000000E-003  6.604030000000E-004 
 4.191625000000E-003  5.224250000000E-004 -1.337020000000E-003 
12 3 ! 1 2 0 1 1 0
 2.824367460000E-001 -2.411100760000E-001 -2.813869000000E-003 
-3.049714600000E-002 -7.987207900000E-002 -4.225499200000E-002 
-4.555986200000E-002 -9.773589000000E-003  4.118093000000E-003 
-2.924111660000E-001 -3.045684300000E-002  2.443177400000E-002 
 3.909367000000E-003 -4.742760000000E-003  3.693494000000E-003 
-3.668445000000E-003  1.217832000000E-003  6.152091000000E-003 
 3.542619000000E-003  5.725830000000E-004  3.552816000000E-003 
-3.896139000000E-003  1.453100000000E-005 -6.298634000000E-003 
 6.769920100000E-002  4.199938040000E-001  1.976565000000E-002 
 2.846740000000E-002 -4.116951900000E-002 -1.414148200000E-002 
 2.384071000000E-003 -2.970150000000E-003 -6.604030000000E-004 
-4.191625000000E-003 -5.224250000000E-004  1.337020000000E-003 
12 3 ! 1 2 0 1 2 0
 0.000000000000E+000  0.000000000000E+000  0.000000000000E+000 
 0.000000000000E+000  0.000000000000E+000  0.000000000000E+000 
 0.000000000000E+000  0.000000000000E+000  0.000000000000E+000 
 0.000000000000E+000  0.000000000000E+000  0.000000000000E+000 
 0.000000000000E+000  0.000000000000E+000  0.000000000000E+000 
 0.000000000000E+000  0.000000000000E+000  0.000000000000E+000 
 0.000000000000E+000  0.000000000000E+000  0.000000000000E+000 
 0.000000000000E+000  0.000000000000E+000  0.000000000000E+000 
 0.000000000000E+000  0.000000000000E+000  0.000000000000E+000 
 0.000000000000E+000  0.000000000000E+000  0.000000000000E+000 
 0.000000000000E+000  0.000000000000E+000  0.000000000000E+000 
 0.000000000000E+000  0.000000000000E+000  0.000000000000E+000 
! 6 Overlap matrix (2x2, complex)
2 2
 4.874430139000E-001  0.000000000000E+000  1.977510400000E-002  0.000000000000E+000 
-2.008759760000E-002  0.000000000000E+000  4.841036605000E-001  0.000000000000E+000 

! 7 Phases
2 ! for all nmstates
 1.000000000E+000  0.000000000E+000
 1.000000000E+000  0.000000000E+000
! 8 Runtime
 1.357750930000E+002
