! 1 Hamiltonian Matrix (2x2, complex)
2 2
-2.306920844731E+002  0.000000000000E+000  0.000000000000E+000  0.000000000000E+000 
 0.000000000000E+000  0.000000000000E+000 -2.305473946533E+002  0.000000000000E+000 

! 2 Dipole Moment Matrices (3x2x2, complex)
2 2
-1.576797500000E-001  0.000000000000E+000  3.034557316000E-003  0.000000000000E+000 
 3.034557316000E-003  0.000000000000E+000  1.239906600000E-001  0.000000000000E+000 
2 2
 1.396252000000E-002  0.000000000000E+000  1.283560196790E-001  0.000000000000E+000 
 1.283560196790E-001  0.000000000000E+000 -4.111896000000E-002  0.000000000000E+000 
2 2
 1.428915300000E-001  0.000000000000E+000 -4.061566032300E-002  0.000000000000E+000 
-4.061566032300E-002  0.000000000000E+000  1.171324300000E-001  0.000000000000E+000 
! 3 Gradient Vectors (2x12x3, real)
12 3 ! 1 1 0
 5.639412300000E-002  1.975978200000E-002 -3.090656000000E-003 
 1.744276300000E-002 -5.256842900000E-002 -2.273645000000E-002 
 1.836272200000E-002  4.238699200000E-002  7.723554000000E-003 
-8.226903000000E-003 -6.801221300000E-002 -1.157040500000E-002 
-2.062015800000E-002 -2.243000000000E-003  7.130541000000E-003 
-1.189699000000E-002  2.257620000000E-003  6.007514000000E-003 
-1.968751300000E-002 -1.727766700000E-002  3.068403000000E-003 
-1.765362500000E-002  4.812798600000E-002  4.384861000000E-003 
 2.944181300000E-002  1.257773500000E-002  1.159973600000E-002 
-1.048378690000E-001 -3.573836900000E-002 -1.553470000000E-004 
 5.599501000000E-003  5.599032000000E-003 -1.387603000000E-003 
 5.568213400000E-002  4.513053300000E-002 -9.741470000000E-004 
12 3 ! 1 2 0
 1.605738670000E-001 -5.221455000000E-002 -6.496929000000E-003 
-9.446686500000E-002 -1.148000310000E-001 -1.631095800000E-002 
-4.878877100000E-002  1.541500090000E-001  1.213810200000E-002 
 1.033387710000E-001 -6.343391600000E-002 -1.217486700000E-002 
-2.103444300000E-002 -2.278451000000E-003  6.485917000000E-003 
-1.314926800000E-002  8.383810000000E-004  4.428609000000E-003 
-1.864242900000E-002 -1.580291400000E-002  1.450563000000E-003 
-1.796225100000E-002  4.808683900000E-002  5.828427000000E-003 
-1.243586940000E-001  6.567111800000E-002  3.919314000000E-003 
 1.245091700000E-002 -7.008287100000E-002  1.587630000000E-004 
 6.659140000000E-003  7.018710000000E-003 -2.523420000000E-004 
 5.538002600000E-002  4.284767700000E-002  8.254010000000E-004 
! 5 Non-adiabatic couplings (ddr) (2x2x12x3, real)
12 3 ! 1 1 0 1 1 0
 0.000000000000E+000  0.000000000000E+000  0.000000000000E+000 
 0.000000000000E+000  0.000000000000E+000  0.000000000000E+000 
 0.000000000000E+000  0.000000000000E+000  0.000000000000E+000 
 0.000000000000E+000  0.000000000000E+000  0.000000000000E+000 
 0.000000000000E+000  0.000000000000E+000  0.000000000000E+000 
 0.000000000000E+000  0.000000000000E+000  0.000000000000E+000 
 0.000000000000E+000  0.000000000000E+000  0.000000000000E+000 
 0.000000000000E+000  0.000000000000E+000  0.000000000000E+000 
 0.000000000000E+000  0.000000000000E+000  0.000000000000E+000 
 0.000000000000E+000  0.000000000000E+000  0.000000000000E+000 
 0.000000000000E+000  0.000000000000E+000  0.000000000000E+000 
 0.000000000000E+000  0.000000000000E+000  0.000000000000E+000 
12 3 ! 1 1 0 1 2 0
 2.346724180000E-001 -1.686341340000E-001 -5.201172000000E-003 
 4.608272400000E-002 -2.966470000000E-002 -5.277198000000E-002 
-2.418715700000E-002 -9.224682900000E-002  2.455089300000E-002 
-3.991626410000E-001 -5.489637700000E-002  9.577941000000E-003 
 2.727072000000E-003 -4.046610000000E-003  1.081538100000E-002 
-2.511085000000E-003  4.811739000000E-003  1.294700200000E-002 
 3.279067000000E-003 -1.649826000000E-003  6.943150000000E-003 
-2.677159000000E-003 -2.024409000000E-003 -6.273258000000E-003 
 2.030635280000E-001  3.846489070000E-001 -4.714816000000E-003 
-6.209904600000E-002 -2.034218400000E-002 -1.366160000000E-004 
 4.075876000000E-003 -3.318478000000E-003 -3.135105000000E-003 
-4.121911000000E-003  1.711086000000E-003  1.493457000000E-003 
12 3 ! 1 2 0 1 1 0
-2.346724180000E-001  1.686341340000E-001  5.201172000000E-003 
-4.608272400000E-002  2.966470000000E-002  5.277198000000E-002 
 2.418715700000E-002  9.224682900000E-002 -2.455089300000E-002 
 3.991626410000E-001  5.489637700000E-002 -9.577941000000E-003 
-2.727072000000E-003  4.046610000000E-003 -1.081538100000E-002 
 2.511085000000E-003 -4.811739000000E-003 -1.294700200000E-002 
-3.279067000000E-003  1.649826000000E-003 -6.943150000000E-003 
 2.677159000000E-003  2.024409000000E-003  6.273258000000E-003 
-2.030635280000E-001 -3.846489070000E-001  4.714816000000E-003 
 6.209904600000E-002  2.034218400000E-002  1.366160000000E-004 
-4.075876000000E-003  3.318478000000E-003  3.135105000000E-003 
 4.121911000000E-003 -1.711086000000E-003 -1.493457000000E-003 
12 3 ! 1 2 0 1 2 0
 0.000000000000E+000  0.000000000000E+000  0.000000000000E+000 
 0.000000000000E+000  0.000000000000E+000  0.000000000000E+000 
 0.000000000000E+000  0.000000000000E+000  0.000000000000E+000 
 0.000000000000E+000  0.000000000000E+000  0.000000000000E+000 
 0.000000000000E+000  0.000000000000E+000  0.000000000000E+000 
 0.000000000000E+000  0.000000000000E+000  0.000000000000E+000 
 0.000000000000E+000  0.000000000000E+000  0.000000000000E+000 
 0.000000000000E+000  0.000000000000E+000  0.000000000000E+000 
 0.000000000000E+000  0.000000000000E+000  0.000000000000E+000 
 0.000000000000E+000  0.000000000000E+000  0.000000000000E+000 
 0.000000000000E+000  0.000000000000E+000  0.000000000000E+000 
 0.000000000000E+000  0.000000000000E+000  0.000000000000E+000 
! 8 Runtime
 1.120426287000E+003
