! 1 Hamiltonian Matrix (2x2, complex)
2 2
-2.306923820205E+002  0.000000000000E+000  0.000000000000E+000  0.000000000000E+000 
 0.000000000000E+000  0.000000000000E+000 -2.305323429752E+002  0.000000000000E+000 

! 2 Dipole Moment Matrices (3x2x2, complex)
2 2
-1.107261600000E-001  0.000000000000E+000 -8.661970644200E-002  0.000000000000E+000 
-8.661970644200E-002  0.000000000000E+000  2.320282200000E-001  0.000000000000E+000 
2 2
-1.345557000000E-002  0.000000000000E+000 -2.299601152820E-001  0.000000000000E+000 
-2.299601152820E-001  0.000000000000E+000 -1.020766300000E-001  0.000000000000E+000 
2 2
-8.469405000000E-002  0.000000000000E+000 -3.849287102800E-002  0.000000000000E+000 
-3.849287102800E-002  0.000000000000E+000 -1.269890600000E-001  0.000000000000E+000 
! 3 Gradient Vectors (2x12x3, real)
12 3 ! 1 1 0
 7.563277000000E-003 -6.481235100000E-002 -2.030101800000E-002 
 1.984216000000E-002  1.822623100000E-002  1.113630900000E-002 
-7.143396800000E-002  1.550159900000E-002 -9.065523000000E-003 
 6.528370000000E-002 -5.245121800000E-002  2.134603000000E-002 
 1.995585000000E-002  3.191827900000E-002  2.093232000000E-003 
-1.317561700000E-002 -3.177285000000E-003 -6.124186000000E-003 
 3.276666000000E-003 -1.045587000000E-002  7.644789000000E-003 
-8.509457000000E-003  5.781281900000E-002 -2.464167300000E-002 
-2.999004000000E-003 -1.055597900000E-002  1.884257900000E-002 
-2.230290000000E-002  8.758247100000E-002 -2.568101000000E-003 
 1.616888700000E-002 -3.826698900000E-002 -1.008198000000E-003 
-1.366959400000E-002 -3.132170700000E-002  2.645760000000E-003 
12 3 ! 1 2 0
 1.078757700000E-001 -1.280035280000E-001 -1.415464000000E-002 
-1.006748660000E-001 -5.621167500000E-002  5.549668000000E-003 
-1.323773910000E-001  1.466609760000E-001 -9.878914000000E-003 
 1.806149550000E-001 -5.953087000000E-002  2.346259700000E-002 
 1.991490900000E-002  3.229144800000E-002  3.262702000000E-003 
-1.433216700000E-002 -4.287464000000E-003 -6.329635000000E-003 
 4.339491000000E-003 -8.868561000000E-003  4.763710000000E-003 
-9.121899000000E-003  5.858191600000E-002 -2.256017000000E-002 
-1.587814370000E-001  4.684110200000E-002  1.232142100000E-002 
 9.900610900000E-002  4.123583600000E-002 -3.656148000000E-003 
 1.737221000000E-002 -3.580962000000E-002  5.271517000000E-003 
-1.383568500000E-002 -3.289956100000E-002  1.947892000000E-003 
! 5 Non-adiabatic couplings (ddr) (2x2x12x3, real)
12 3 ! 1 1 0 1 1 0
 0.000000000000E+000  0.000000000000E+000  0.000000000000E+000 
 0.000000000000E+000  0.000000000000E+000  0.000000000000E+000 
 0.000000000000E+000  0.000000000000E+000  0.000000000000E+000 
 0.000000000000E+000  0.000000000000E+000  0.000000000000E+000 
 0.000000000000E+000  0.000000000000E+000  0.000000000000E+000 
 0.000000000000E+000  0.000000000000E+000  0.000000000000E+000 
 0.000000000000E+000  0.000000000000E+000  0.000000000000E+000 
 0.000000000000E+000  0.000000000000E+000  0.000000000000E+000 
 0.000000000000E+000  0.000000000000E+000  0.000000000000E+000 
 0.000000000000E+000  0.000000000000E+000  0.000000000000E+000 
 0.000000000000E+000  0.000000000000E+000  0.000000000000E+000 
 0.000000000000E+000  0.000000000000E+000  0.000000000000E+000 
12 3 ! 1 1 0 1 2 0
-2.268212440000E-001  1.726354730000E-001 -2.336538800000E-002 
-3.995781400000E-002  5.630455400000E-002 -5.018580000000E-004 
 7.325981700000E-002  1.270863300000E-002  1.981596700000E-002 
 2.579705070000E-001  1.824673900000E-002 -2.319893000000E-003 
-1.645332000000E-003  5.484406000000E-003  7.346989000000E-003 
 3.459136000000E-003 -9.946980000000E-004  9.740500000000E-005 
-2.454777000000E-003  2.365893000000E-003 -5.894707000000E-003 
 3.902475000000E-003  1.415089000000E-003 -4.621981000000E-003 
-8.622548900000E-002 -3.457892310000E-001  2.948540000000E-003 
 6.110374000000E-003  4.021487600000E-002  2.678418000000E-003 
-4.592597000000E-003  1.952426000000E-003 -8.449380000000E-004 
 5.491212000000E-003 -2.524940000000E-004 -1.831748000000E-003 
12 3 ! 1 2 0 1 1 0
 2.268212440000E-001 -1.726354730000E-001  2.336538800000E-002 
 3.995781400000E-002 -5.630455400000E-002  5.018580000000E-004 
-7.325981700000E-002 -1.270863300000E-002 -1.981596700000E-002 
-2.579705070000E-001 -1.824673900000E-002  2.319893000000E-003 
 1.645332000000E-003 -5.484406000000E-003 -7.346989000000E-003 
-3.459136000000E-003  9.946980000000E-004 -9.740500000000E-005 
 2.454777000000E-003 -2.365893000000E-003  5.894707000000E-003 
-3.902475000000E-003 -1.415089000000E-003  4.621981000000E-003 
 8.622548900000E-002  3.457892310000E-001 -2.948540000000E-003 
-6.110374000000E-003 -4.021487600000E-002 -2.678418000000E-003 
 4.592597000000E-003 -1.952426000000E-003  8.449380000000E-004 
-5.491212000000E-003  2.524940000000E-004  1.831748000000E-003 
12 3 ! 1 2 0 1 2 0
 0.000000000000E+000  0.000000000000E+000  0.000000000000E+000 
 0.000000000000E+000  0.000000000000E+000  0.000000000000E+000 
 0.000000000000E+000  0.000000000000E+000  0.000000000000E+000 
 0.000000000000E+000  0.000000000000E+000  0.000000000000E+000 
 0.000000000000E+000  0.000000000000E+000  0.000000000000E+000 
 0.000000000000E+000  0.000000000000E+000  0.000000000000E+000 
 0.000000000000E+000  0.000000000000E+000  0.000000000000E+000 
 0.000000000000E+000  0.000000000000E+000  0.000000000000E+000 
 0.000000000000E+000  0.000000000000E+000  0.000000000000E+000 
 0.000000000000E+000  0.000000000000E+000  0.000000000000E+000 
 0.000000000000E+000  0.000000000000E+000  0.000000000000E+000 
 0.000000000000E+000  0.000000000000E+000  0.000000000000E+000 
! 6 Overlap matrix (2x2, complex)
2 2
 3.810649188000E-001  0.000000000000E+000 -2.566824000000E-004  0.000000000000E+000 
 1.496861900000E-003  0.000000000000E+000  3.783566996000E-001  0.000000000000E+000 

! 7 Phases
2 ! for all nmstates
 1.000000000E+000  0.000000000E+000
 1.000000000E+000  0.000000000E+000
! 8 Runtime
 1.442912240000E+002
