! 1 Hamiltonian Matrix (2x2, complex)
2 2
-2.306949802272E+002  0.000000000000E+000  0.000000000000E+000  0.000000000000E+000 
 0.000000000000E+000  0.000000000000E+000 -2.305353867801E+002  0.000000000000E+000 

! 2 Dipole Moment Matrices (3x2x2, complex)
2 2
-1.033281200000E-001  0.000000000000E+000 -4.832377906900E-002  0.000000000000E+000 
-4.832377906900E-002  0.000000000000E+000  2.407357300000E-001  0.000000000000E+000 
2 2
 7.366458000000E-002  0.000000000000E+000 -1.866656093610E-001  0.000000000000E+000 
-1.866656093610E-001  0.000000000000E+000 -4.941624000000E-002  0.000000000000E+000 
2 2
 8.837800000000E-003  0.000000000000E+000 -5.709661462000E-003  0.000000000000E+000 
-5.709661462000E-003  0.000000000000E+000 -6.716350000000E-003  0.000000000000E+000 
! 3 Gradient Vectors (2x12x3, real)
12 3 ! 1 1 0
 9.451200000000E-004 -6.574853000000E-002 -6.494767000000E-003 
-7.450475400000E-002  2.533123400000E-002  1.938041600000E-002 
-6.205457900000E-002  3.402587800000E-002  5.267625000000E-003 
 4.603692200000E-002 -2.606864700000E-002 -5.227972000000E-003 
 3.857051200000E-002  4.873235600000E-002  2.808112000000E-003 
 4.295987600000E-002 -3.295715700000E-002 -1.387143500000E-002 
-2.392614000000E-003  1.099645900000E-002 -4.758202000000E-003 
 9.585129000000E-003 -1.686450600000E-002  6.008221000000E-003 
 3.392894100000E-002 -9.883032000000E-003 -2.021777000000E-003 
-2.448395300000E-002  4.845572000000E-002 -2.124091000000E-003 
-4.033341000000E-003  1.258619300000E-002 -3.650270000000E-003 
-4.557259000000E-003 -2.860596800000E-002  4.684140000000E-003 
12 3 ! 1 2 0
 1.028086110000E-001 -1.301327590000E-001  1.741934000000E-003 
-1.995753990000E-001 -4.494548600000E-002  9.022455000000E-003 
-1.254071040000E-001  1.622672510000E-001  1.225594000000E-003 
 1.661708450000E-001 -3.020064700000E-002 -7.367754000000E-003 
 3.852694000000E-002  4.909306600000E-002  2.078230000000E-004 
 4.291691900000E-002 -3.465766300000E-002 -1.186382400000E-002 
-2.542421000000E-003  1.265049600000E-002 -1.872216000000E-003 
 9.575326000000E-003 -1.729060700000E-002  4.982294000000E-003 
-1.172429600000E-001  4.373069300000E-002  4.653347000000E-003 
 9.247269200000E-002  5.006272000000E-003 -2.018017000000E-003 
-3.404947000000E-003  1.475662400000E-002 -5.282240000000E-004 
-4.298500000000E-003 -3.027724000000E-002  1.816588000000E-003 
! 5 Non-adiabatic couplings (ddr) (2x2x12x3, real)
12 3 ! 1 1 0 1 1 0
 0.000000000000E+000  0.000000000000E+000  0.000000000000E+000 
 0.000000000000E+000  0.000000000000E+000  0.000000000000E+000 
 0.000000000000E+000  0.000000000000E+000  0.000000000000E+000 
 0.000000000000E+000  0.000000000000E+000  0.000000000000E+000 
 0.000000000000E+000  0.000000000000E+000  0.000000000000E+000 
 0.000000000000E+000  0.000000000000E+000  0.000000000000E+000 
 0.000000000000E+000  0.000000000000E+000  0.000000000000E+000 
 0.000000000000E+000  0.000000000000E+000  0.000000000000E+000 
 0.000000000000E+000  0.000000000000E+000  0.000000000000E+000 
 0.000000000000E+000  0.000000000000E+000  0.000000000000E+000 
 0.000000000000E+000  0.000000000000E+000  0.000000000000E+000 
 0.000000000000E+000  0.000000000000E+000  0.000000000000E+000 
12 3 ! 1 1 0 1 2 0
-2.215661550000E-001  1.751529860000E-001 -8.669360000000E-003 
-4.336156400000E-002  4.382429600000E-002 -2.385078400000E-002 
 4.998490800000E-002  4.867118900000E-002  1.769670000000E-002 
 3.165561220000E-001  1.417109800000E-002  1.862347700000E-002 
-2.239527000000E-003  6.181357000000E-003  3.854938000000E-003 
 3.108889000000E-003 -3.615950000000E-004  2.761845000000E-003 
-2.790283000000E-003  4.215570000000E-004 -1.498452000000E-003 
 5.854205000000E-003  1.267213000000E-003 -3.672201000000E-003 
-1.375315000000E-001 -3.492609390000E-001 -4.955269000000E-003 
 2.399248500000E-002  2.924896900000E-002  2.654480000000E-003 
-3.321159000000E-003  2.022563000000E-003 -4.386800000000E-003 
 5.630639000000E-003  2.208150000000E-004  1.543860000000E-003 
12 3 ! 1 2 0 1 1 0
 2.215661550000E-001 -1.751529860000E-001  8.669360000000E-003 
 4.336156400000E-002 -4.382429600000E-002  2.385078400000E-002 
-4.998490800000E-002 -4.867118900000E-002 -1.769670000000E-002 
-3.165561220000E-001 -1.417109800000E-002 -1.862347700000E-002 
 2.239527000000E-003 -6.181357000000E-003 -3.854938000000E-003 
-3.108889000000E-003  3.615950000000E-004 -2.761845000000E-003 
 2.790283000000E-003 -4.215570000000E-004  1.498452000000E-003 
-5.854205000000E-003 -1.267213000000E-003  3.672201000000E-003 
 1.375315000000E-001  3.492609390000E-001  4.955269000000E-003 
-2.399248500000E-002 -2.924896900000E-002 -2.654480000000E-003 
 3.321159000000E-003 -2.022563000000E-003  4.386800000000E-003 
-5.630639000000E-003 -2.208150000000E-004 -1.543860000000E-003 
12 3 ! 1 2 0 1 2 0
 0.000000000000E+000  0.000000000000E+000  0.000000000000E+000 
 0.000000000000E+000  0.000000000000E+000  0.000000000000E+000 
 0.000000000000E+000  0.000000000000E+000  0.000000000000E+000 
 0.000000000000E+000  0.000000000000E+000  0.000000000000E+000 
 0.000000000000E+000  0.000000000000E+000  0.000000000000E+000 
 0.000000000000E+000  0.000000000000E+000  0.000000000000E+000 
 0.000000000000E+000  0.000000000000E+000  0.000000000000E+000 
 0.000000000000E+000  0.000000000000E+000  0.000000000000E+000 
 0.000000000000E+000  0.000000000000E+000  0.000000000000E+000 
 0.000000000000E+000  0.000000000000E+000  0.000000000000E+000 
 0.000000000000E+000  0.000000000000E+000  0.000000000000E+000 
 0.000000000000E+000  0.000000000000E+000  0.000000000000E+000 
! 6 Overlap matrix (2x2, complex)
2 2
 3.532554854000E-001  0.000000000000E+000 -2.245599300000E-003  0.000000000000E+000 
 2.814069800000E-003  0.000000000000E+000  3.513524748000E-001  0.000000000000E+000 

! 7 Phases
2 ! for all nmstates
 1.000000000E+000  0.000000000E+000
 1.000000000E+000  0.000000000E+000
! 8 Runtime
 9.758370460000E+002
