2021-08-25 23:21:14.231028 thorium /user/julia/Tutorial/1_TrainingSet/Initial/ICOND_00028

  ================================================================================
||                                                                                ||
||                         SHARC - MOLPRO2012 - Interface                         ||
||                                                                                ||
||                             Author: Sebastian Mai                              ||
||                                                                                ||
||                                  Version: 2.1                                  ||
||                                 Date: 01.09.19                                 ||
||                                                                                ||
  ================================================================================


==> QMin Job description for:
Initial condition ICOND_00028/

Tasks:	H	DM	Grad	Nac(ddr)	Overlaps	Phases
States: 	2 Singlet

Method:
Electrons per Multiplicity:	42
Job ID per Multiplicity:	1
Level of Theory per Job ID:
1:	SA(2+0+0)-CASSCF(6,6)/6-31G*

Found Geo! NAtom is 12.

Geometry in Bohrs:
C -0.2140 -2.7023 -0.1530 
C  2.3157 -2.4381  0.0772 
C  3.1589  0.1762  0.1129 
C  0.9615  1.6738 -0.0272 
H -1.1802 -4.1621  0.3247 
H  3.6052 -4.0831  0.2782 
H  4.8533  0.6611  0.4927 
H  0.9223  3.5996 -0.0868 
C -1.1112 -0.0521 -0.1971 
C -3.5806  0.7465  0.1114 
H -4.1104  2.8417 -0.1260 
H -5.1999 -0.5517  0.0199 

Gradients:   X X 

Non-adiabatic couplings:
. X 
X . 

wfthres: 1.0
docicas: True
newstep: []
nstates: 2
unit: ['bohr']
phases: []
njobs: 1
initorbs: {1: '/user/julia/Tutorial/1_TrainingSet/Initial/ICOND_00028/SAVE/wf.1.old'}
delay: 0.0
scratchdir: /user/julia/Tutorial/1_TrainingSet/Initial/ICOND_00028/ICOND_00028
cleanup: []
wfoverlap: /user/julia/software/SchNarc/sharc/source/../bin/wfoverlap.x
template: {'gradaccudefault': 1e-05, 'gradaccumax': 0.01, 'basis': '6-31G*', 'occ': [24], 'nelec': {1: [42, 41, 42]}, 'closed': [18], 'rootpad': {1: [0, 0, 0]}, 'dkho': 0, 'roots': {1: [2, 0, 0]}}
memory: 500
multmap: {1: 1, -1: [1]}
ndocc: 0
jobs: [1]
ncore: 0
maxmult: 1
ncpu: 1
pwd: /user/julia/Tutorial/1_TrainingSet/Initial/ICOND_00028
statemap: {1: [1, 1, 0.0], 2: [1, 2, 0.0]}
molpro: /usr/license/molpro/molpros_2012_1_5_Linux_x86_64_i8/bin/
nmstates: 2
savedir: /user/julia/Tutorial/1_TrainingSet/Initial/ICOND_00028/SAVE
nacmap: [(1, 1, 1, 2)]
natom: 12
gradmap: [(1, 1), (1, 2)]
joblist: [1]


>>>>>>>>>>>>> Starting the MOLPRO job execution
START:	/user/julia/Tutorial/1_TrainingSet/Initial/ICOND_00028/ICOND_00028/integrals	2021-08-25 23:21:17.435344	"/usr/license/molpro/molpros_2012_1_5_Linux_x86_64_i8/bin/molpro -W./ -I./ -d./ MOLPRO.input"
FINISH:	/user/julia/Tutorial/1_TrainingSet/Initial/ICOND_00028/ICOND_00028/integrals	2021-08-25 23:23:42.494444	Runtime: 0:02:25.059100	Error Code: 0
Error Codes:
	integrals 	0

START:	/user/julia/Tutorial/1_TrainingSet/Initial/ICOND_00028/ICOND_00028/master_1	2021-08-25 23:23:56.681021	"/usr/license/molpro/molpros_2012_1_5_Linux_x86_64_i8/bin/molpro -W./ -I./ -d./ MOLPRO.input"
FINISH:	/user/julia/Tutorial/1_TrainingSet/Initial/ICOND_00028/ICOND_00028/master_1	2021-08-25 23:31:41.101511	Runtime: 0:07:44.420490	Error Code: 0
Error Codes:
	master_1  	0

START:	/user/julia/Tutorial/1_TrainingSet/Initial/ICOND_00028/ICOND_00028/grad_1_1	2021-08-25 23:31:52.951591	"/usr/license/molpro/molpros_2012_1_5_Linux_x86_64_i8/bin/molpro -W./ -I./ -d./ MOLPRO.input"
FINISH:	/user/julia/Tutorial/1_TrainingSet/Initial/ICOND_00028/ICOND_00028/grad_1_1	2021-08-25 23:35:10.960653	Runtime: 0:03:18.009062	Error Code: 0
START:	/user/julia/Tutorial/1_TrainingSet/Initial/ICOND_00028/ICOND_00028/nac_1_1_1_2	2021-08-25 23:35:15.147684	"/usr/license/molpro/molpros_2012_1_5_Linux_x86_64_i8/bin/molpro -W./ -I./ -d./ MOLPRO.input"
FINISH:	/user/julia/Tutorial/1_TrainingSet/Initial/ICOND_00028/ICOND_00028/nac_1_1_1_2	2021-08-25 23:36:26.272804	Runtime: 0:01:11.125120	Error Code: 0
START:	/user/julia/Tutorial/1_TrainingSet/Initial/ICOND_00028/ICOND_00028/grad_1_2	2021-08-25 23:36:33.457238	"/usr/license/molpro/molpros_2012_1_5_Linux_x86_64_i8/bin/molpro -W./ -I./ -d./ MOLPRO.input"
FINISH:	/user/julia/Tutorial/1_TrainingSet/Initial/ICOND_00028/ICOND_00028/grad_1_2	2021-08-25 23:37:34.321683	Runtime: 0:01:00.864445	Error Code: 0
Error Codes:
	grad_1_1  	0	nac_1_1_1_2	0	grad_1_2  	0

>>>>>>>>>>>>> Starting the WFOVERLAP job execution
START:	/user/julia/Tutorial/1_TrainingSet/Initial/ICOND_00028/ICOND_00028/CI_CAS_1_1	2021-08-25 23:37:34.399223	"/user/julia/software/SchNarc/sharc/source/../bin/wfoverlap.x -m 500 -f wfovl.inp"
FINISH:	/user/julia/Tutorial/1_TrainingSet/Initial/ICOND_00028/ICOND_00028/CI_CAS_1_1	2021-08-25 23:37:34.450940	Runtime: 0:00:00.051717	Error Code: 0
START:	/user/julia/Tutorial/1_TrainingSet/Initial/ICOND_00028/ICOND_00028/AOoverlap	2021-08-25 23:37:34.458645	"/usr/license/molpro/molpros_2012_1_5_Linux_x86_64_i8/bin/molpro -W./ -I./ -d./ MOLPRO.input"
FINISH:	/user/julia/Tutorial/1_TrainingSet/Initial/ICOND_00028/ICOND_00028/AOoverlap	2021-08-25 23:37:36.333427	Runtime: 0:00:01.874782	Error Code: 0
START:	/user/julia/Tutorial/1_TrainingSet/Initial/ICOND_00028/ICOND_00028/WFOVL_1_1	2021-08-25 23:37:36.888716	"/user/julia/software/SchNarc/sharc/source/../bin/wfoverlap.x -m 500 -f wfovl.inp"
FINISH:	/user/julia/Tutorial/1_TrainingSet/Initial/ICOND_00028/ICOND_00028/WFOVL_1_1	2021-08-25 23:37:36.994418	Runtime: 0:00:00.105702	Error Code: 0
Error Codes:
	CI_CAS_1_1	0	WFOVL_1_1 	0

===> Results:

=> Hamiltonian Matrix:
Diagonal Shift:   -230.00
Real Part:
----------------------
|-6.738e-01            |
|           -5.442e-01 |
----------------------

=> Dipole Moment Matrices:

Polarisation X:
Real Part:
----------------------
|-7.461e-02  2.862e-02 |
| 2.862e-02  1.670e-01 |
----------------------

Polarisation Y:
Real Part:
----------------------
| 6.108e-02 -2.354e-01 |
|-2.354e-01 -8.266e-05 |
----------------------

Polarisation Z:
Real Part:
----------------------
| 9.836e-02 -3.344e-02 |
|-3.344e-02  8.728e-02 |
----------------------

=> Gradient Vectors:

Singlet	1	Ms=  0.0:
1	C	-0.07097	-0.12393	 0.01479	
2	C	-0.03138	 0.05109	-0.00147	
3	C	 0.15764	 0.00932	 0.02215	
4	C	-0.07203	 0.06572	 0.00367	
5	H	 0.06773	 0.09679	-0.01841	
6	H	 0.01130	-0.02057	 0.00078	
7	H	-0.12151	-0.03999	-0.01985	
8	H	 0.00718	-0.04595	 0.00028	
9	C	 0.07432	-0.00531	-0.01429	
10	C	 0.00594	-0.02157	 0.02854	
11	H	-0.01349	 0.04259	-0.01200	
12	H	-0.01473	-0.00820	-0.00420	

Singlet	2	Ms=  0.0:
1	C	 0.02113	-0.17859	 0.01853	
2	C	-0.14902	-0.02779	-0.00917	
3	C	 0.09898	 0.13076	 0.01823	
4	C	 0.04272	 0.07558	 0.00926	
5	H	 0.06835	 0.09686	-0.01940	
6	H	 0.01036	-0.02156	 0.00328	
7	H	-0.12093	-0.03865	-0.02058	
8	H	 0.00765	-0.04683	-0.00120	
9	C	-0.07627	 0.03788	 0.00667	
10	C	 0.12397	-0.06175	-0.00160	
11	H	-0.01207	 0.04405	-0.00379	
12	H	-0.01488	-0.00995	-0.00024	

=> Analytical Non-adiabatic coupling vectors:

Singlet	States 1 - 1	Ms=  0.0:
		...is identical zero...

Singlet	States 1 - 2	Ms=  0.0:
1	C	-0.22120	 0.20544	-0.06037	
2	C	-0.05372	 0.06286	 0.02274	
3	C	 0.03783	 0.06099	 0.00689	
4	C	 0.37975	 0.07434	 0.04093	
5	H	-0.00457	 0.00727	-0.00161	
6	H	 0.00376	-0.00005	 0.00042	
7	H	-0.00497	 0.00570	-0.00880	
8	H	 0.00270	 0.00324	-0.00066	
9	C	-0.20300	-0.48074	-0.00437	
10	C	 0.06604	 0.03089	-0.00758	
11	H	-0.00446	 0.00414	-0.00271	
12	H	 0.00583	 0.00002	 0.00988	

Singlet	States 2 - 1	Ms=  0.0:
1	C	 0.22120	-0.20544	 0.06037	
2	C	 0.05372	-0.06286	-0.02274	
3	C	-0.03783	-0.06099	-0.00689	
4	C	-0.37975	-0.07434	-0.04093	
5	H	 0.00457	-0.00727	 0.00161	
6	H	-0.00376	 0.00005	-0.00042	
7	H	 0.00497	-0.00570	 0.00880	
8	H	-0.00270	-0.00324	 0.00066	
9	C	 0.20300	 0.48074	 0.00437	
10	C	-0.06604	-0.03089	 0.00758	
11	H	 0.00446	-0.00414	 0.00271	
12	H	-0.00583	-0.00002	-0.00988	

Singlet	States 2 - 2	Ms=  0.0:
		...is identical zero...

=> Overlap matrix:

Real Part:
----------------------
| 1.926e-01 -6.528e-03 |
| 5.757e-03  1.900e-01 |
----------------------

=> Wavefunction Phases:
2

 1.0  0.0
 1.0  0.0


==> Runtime:
0 Days	0 Hours	16 Minutes	22 Seconds


===> Writing output to file QM.out in SHARC Format

2021-08-25 23:37:37.151090
#================ END ================#
