! 1 Hamiltonian Matrix (2x2, complex)
2 2
-2.306737599691E+002  0.000000000000E+000  0.000000000000E+000  0.000000000000E+000 
 0.000000000000E+000  0.000000000000E+000 -2.305442018945E+002  0.000000000000E+000 

! 2 Dipole Moment Matrices (3x2x2, complex)
2 2
-7.460774000000E-002  0.000000000000E+000  2.862109148800E-002  0.000000000000E+000 
 2.862109148800E-002  0.000000000000E+000  1.670214100000E-001  0.000000000000E+000 
2 2
 6.107617000000E-002  0.000000000000E+000 -2.353731932640E-001  0.000000000000E+000 
-2.353731932640E-001  0.000000000000E+000 -8.266000000000E-005  0.000000000000E+000 
2 2
 9.836464000000E-002  0.000000000000E+000 -3.344013269000E-002  0.000000000000E+000 
-3.344013269000E-002  0.000000000000E+000  8.728261000000E-002  0.000000000000E+000 
! 3 Gradient Vectors (2x12x3, real)
12 3 ! 1 1 0
-7.097050200000E-002 -1.239272890000E-001  1.479047900000E-002 
-3.138235100000E-002  5.109348300000E-002 -1.467502000000E-003 
 1.576417800000E-001  9.315919000000E-003  2.214922000000E-002 
-7.203459700000E-002  6.572075400000E-002  3.674280000000E-003 
 6.773450400000E-002  9.679131200000E-002 -1.841329500000E-002 
 1.130437900000E-002 -2.056616300000E-002  7.799080000000E-004 
-1.215140570000E-001 -3.998805000000E-002 -1.984508200000E-002 
 7.182244000000E-003 -4.595156400000E-002  2.770640000000E-004 
 7.431965100000E-002 -5.310234000000E-003 -1.428572200000E-002 
 5.943030000000E-003 -2.157104000000E-002  2.854008200000E-002 
-1.348990700000E-002  4.258959900000E-002 -1.199611900000E-002 
-1.473417400000E-002 -8.196727000000E-003 -4.203314000000E-003 
12 3 ! 1 2 0
 2.112689300000E-002 -1.785857190000E-001  1.853415300000E-002 
-1.490203620000E-001 -2.779403000000E-002 -9.169634000000E-003 
 9.898257000000E-002  1.307559670000E-001  1.822984300000E-002 
 4.271989300000E-002  7.558393600000E-002  9.264398000000E-003 
 6.835138800000E-002  9.685519100000E-002 -1.940481100000E-002 
 1.036319600000E-002 -2.156087700000E-002  3.279945000000E-003 
-1.209346060000E-001 -3.865324400000E-002 -2.057784700000E-002 
 7.652192000000E-003 -4.682911300000E-002 -1.196782000000E-003 
-7.626604500000E-002  3.787651900000E-002  6.667021000000E-003 
 1.239724820000E-001 -6.175271600000E-002 -1.595995000000E-003 
-1.206576600000E-002  4.404911900000E-002 -3.792742000000E-003 
-1.488183600000E-002 -9.945033000000E-003 -2.375470000000E-004 
! 5 Non-adiabatic couplings (ddr) (2x2x12x3, real)
12 3 ! 1 1 0 1 1 0
 0.000000000000E+000  0.000000000000E+000  0.000000000000E+000 
 0.000000000000E+000  0.000000000000E+000  0.000000000000E+000 
 0.000000000000E+000  0.000000000000E+000  0.000000000000E+000 
 0.000000000000E+000  0.000000000000E+000  0.000000000000E+000 
 0.000000000000E+000  0.000000000000E+000  0.000000000000E+000 
 0.000000000000E+000  0.000000000000E+000  0.000000000000E+000 
 0.000000000000E+000  0.000000000000E+000  0.000000000000E+000 
 0.000000000000E+000  0.000000000000E+000  0.000000000000E+000 
 0.000000000000E+000  0.000000000000E+000  0.000000000000E+000 
 0.000000000000E+000  0.000000000000E+000  0.000000000000E+000 
 0.000000000000E+000  0.000000000000E+000  0.000000000000E+000 
 0.000000000000E+000  0.000000000000E+000  0.000000000000E+000 
12 3 ! 1 1 0 1 2 0
-2.211986930000E-001  2.054448170000E-001 -6.036520600000E-002 
-5.372075400000E-002  6.285749100000E-002  2.274384000000E-002 
 3.783233200000E-002  6.099125900000E-002  6.885931000000E-003 
 3.797477330000E-001  7.433666700000E-002  4.093193500000E-002 
-4.569098000000E-003  7.267802000000E-003 -1.611898000000E-003 
 3.761835000000E-003 -5.454600000000E-005  4.201690000000E-004 
-4.973051000000E-003  5.696714000000E-003 -8.799448000000E-003 
 2.699697000000E-003  3.244113000000E-003 -6.602430000000E-004 
-2.030014600000E-001 -4.807416660000E-001 -4.374893000000E-003 
 6.603864200000E-002  3.088609300000E-002 -7.584728000000E-003 
-4.460405000000E-003  4.142800000000E-003 -2.707828000000E-003 
 5.828867000000E-003  1.903900000000E-005  9.879537000000E-003 
12 3 ! 1 2 0 1 1 0
 2.211986930000E-001 -2.054448170000E-001  6.036520600000E-002 
 5.372075400000E-002 -6.285749100000E-002 -2.274384000000E-002 
-3.783233200000E-002 -6.099125900000E-002 -6.885931000000E-003 
-3.797477330000E-001 -7.433666700000E-002 -4.093193500000E-002 
 4.569098000000E-003 -7.267802000000E-003  1.611898000000E-003 
-3.761835000000E-003  5.454600000000E-005 -4.201690000000E-004 
 4.973051000000E-003 -5.696714000000E-003  8.799448000000E-003 
-2.699697000000E-003 -3.244113000000E-003  6.602430000000E-004 
 2.030014600000E-001  4.807416660000E-001  4.374893000000E-003 
-6.603864200000E-002 -3.088609300000E-002  7.584728000000E-003 
 4.460405000000E-003 -4.142800000000E-003  2.707828000000E-003 
-5.828867000000E-003 -1.903900000000E-005 -9.879537000000E-003 
12 3 ! 1 2 0 1 2 0
 0.000000000000E+000  0.000000000000E+000  0.000000000000E+000 
 0.000000000000E+000  0.000000000000E+000  0.000000000000E+000 
 0.000000000000E+000  0.000000000000E+000  0.000000000000E+000 
 0.000000000000E+000  0.000000000000E+000  0.000000000000E+000 
 0.000000000000E+000  0.000000000000E+000  0.000000000000E+000 
 0.000000000000E+000  0.000000000000E+000  0.000000000000E+000 
 0.000000000000E+000  0.000000000000E+000  0.000000000000E+000 
 0.000000000000E+000  0.000000000000E+000  0.000000000000E+000 
 0.000000000000E+000  0.000000000000E+000  0.000000000000E+000 
 0.000000000000E+000  0.000000000000E+000  0.000000000000E+000 
 0.000000000000E+000  0.000000000000E+000  0.000000000000E+000 
 0.000000000000E+000  0.000000000000E+000  0.000000000000E+000 
! 6 Overlap matrix (2x2, complex)
2 2
 1.925922330000E-001  0.000000000000E+000 -6.527992400000E-003  0.000000000000E+000 
 5.756606100000E-003  0.000000000000E+000  1.899637401000E-001  0.000000000000E+000 

! 7 Phases
2 ! for all nmstates
 1.000000000E+000  0.000000000E+000
 1.000000000E+000  0.000000000E+000
! 8 Runtime
 9.828203250000E+002
