! 1 Hamiltonian Matrix (2x2, complex)
2 2
-2.306783287562E+002  0.000000000000E+000  0.000000000000E+000  0.000000000000E+000 
 0.000000000000E+000  0.000000000000E+000 -2.305342663437E+002  0.000000000000E+000 

! 2 Dipole Moment Matrices (3x2x2, complex)
2 2
-1.034836100000E-001  0.000000000000E+000 -1.744328406800E-002  0.000000000000E+000 
-1.744328406800E-002  0.000000000000E+000  1.952372300000E-001  0.000000000000E+000 
2 2
 5.644992000000E-002  0.000000000000E+000 -1.754308912710E-001  0.000000000000E+000 
-1.754308912710E-001  0.000000000000E+000 -1.131405700000E-001  0.000000000000E+000 
2 2
-2.538700000000E-003  0.000000000000E+000  1.262331284200E-002  0.000000000000E+000 
 1.262331284200E-002  0.000000000000E+000 -1.109732000000E-002  0.000000000000E+000 
! 3 Gradient Vectors (2x12x3, real)
12 3 ! 1 1 0
 2.184256400000E-002  1.064961800000E-002  7.021945000000E-003 
-3.961166400000E-002  4.603288000000E-003  7.667326000000E-003 
-2.676488400000E-002 -1.824132000000E-003  1.237637800000E-002 
-1.485088900000E-002  1.053322570000E-001 -5.732619000000E-003 
-1.835158000000E-003 -3.805782200000E-002 -4.480018000000E-003 
 8.131153000000E-003 -1.067776900000E-002 -4.198428000000E-003 
 7.461005200000E-002  1.926280600000E-002 -1.296274900000E-002 
 1.784946000000E-003 -1.297836360000E-001 -1.723705000000E-003 
 1.885564400000E-002  4.594036600000E-002  1.014986500000E-002 
-4.607597100000E-002 -3.203579700000E-002 -2.441648600000E-002 
 2.032332000000E-003  2.232053500000E-002  1.668129800000E-002 
 1.881873000000E-003  4.270285000000E-003 -3.828080000000E-004 
12 3 ! 1 2 0
 1.198266800000E-001 -4.949350200000E-002  1.473508000000E-003 
-1.596458010000E-001 -6.601308500000E-002  1.089378900000E-002 
-8.463115200000E-002  1.173081810000E-001  1.091799100000E-002 
 1.028154990000E-001  1.089296120000E-001 -5.319702000000E-003 
-2.115321000000E-003 -3.731076000000E-002 -4.951774000000E-003 
 7.599649000000E-003 -1.174809900000E-002 -4.152151000000E-003 
 7.527177700000E-002  2.018433600000E-002 -1.223931900000E-002 
 2.008520000000E-003 -1.306963020000E-001 -1.588129000000E-003 
-1.389476880000E-001  8.638606000000E-002  4.941169000000E-003 
 7.299548900000E-002 -6.557790500000E-002 -4.973609000000E-003 
 3.289027000000E-003  2.559440900000E-002  5.751044000000E-003 
 1.533320000000E-003  2.437054000000E-003 -7.528170000000E-004 
! 5 Non-adiabatic couplings (ddr) (2x2x12x3, real)
12 3 ! 1 1 0 1 1 0
 0.000000000000E+000  0.000000000000E+000  0.000000000000E+000 
 0.000000000000E+000  0.000000000000E+000  0.000000000000E+000 
 0.000000000000E+000  0.000000000000E+000  0.000000000000E+000 
 0.000000000000E+000  0.000000000000E+000  0.000000000000E+000 
 0.000000000000E+000  0.000000000000E+000  0.000000000000E+000 
 0.000000000000E+000  0.000000000000E+000  0.000000000000E+000 
 0.000000000000E+000  0.000000000000E+000  0.000000000000E+000 
 0.000000000000E+000  0.000000000000E+000  0.000000000000E+000 
 0.000000000000E+000  0.000000000000E+000  0.000000000000E+000 
 0.000000000000E+000  0.000000000000E+000  0.000000000000E+000 
 0.000000000000E+000  0.000000000000E+000  0.000000000000E+000 
 0.000000000000E+000  0.000000000000E+000  0.000000000000E+000 
12 3 ! 1 1 0 1 2 0
-2.046495420000E-001  1.792239370000E-001  1.918825400000E-002 
-5.924937200000E-002  3.285675500000E-002 -2.317007700000E-002 
 3.004423800000E-002  7.745582000000E-002  5.066534000000E-003 
 3.799670000000E-001  1.928539800000E-002 -1.021886100000E-002 
-4.257448000000E-003  3.140440000000E-003  3.061939000000E-003 
 2.373978000000E-003 -1.608794000000E-003  4.216112000000E-003 
-2.206138000000E-003  1.636912000000E-003  1.990566000000E-003 
 6.314941000000E-003  3.148376000000E-003 -4.388875000000E-003 
-2.006032030000E-001 -3.672762410000E-001  8.577459000000E-003 
 4.872694600000E-002  2.595591900000E-002 -2.820660000000E-003 
-3.806707000000E-003  3.690482000000E-003 -9.785200000000E-005 
 4.249091000000E-003 -1.021966000000E-003 -2.789280000000E-004 
12 3 ! 1 2 0 1 1 0
 2.046495420000E-001 -1.792239370000E-001 -1.918825400000E-002 
 5.924937200000E-002 -3.285675500000E-002  2.317007700000E-002 
-3.004423800000E-002 -7.745582000000E-002 -5.066534000000E-003 
-3.799670000000E-001 -1.928539800000E-002  1.021886100000E-002 
 4.257448000000E-003 -3.140440000000E-003 -3.061939000000E-003 
-2.373978000000E-003  1.608794000000E-003 -4.216112000000E-003 
 2.206138000000E-003 -1.636912000000E-003 -1.990566000000E-003 
-6.314941000000E-003 -3.148376000000E-003  4.388875000000E-003 
 2.006032030000E-001  3.672762410000E-001 -8.577459000000E-003 
-4.872694600000E-002 -2.595591900000E-002  2.820660000000E-003 
 3.806707000000E-003 -3.690482000000E-003  9.785200000000E-005 
-4.249091000000E-003  1.021966000000E-003  2.789280000000E-004 
12 3 ! 1 2 0 1 2 0
 0.000000000000E+000  0.000000000000E+000  0.000000000000E+000 
 0.000000000000E+000  0.000000000000E+000  0.000000000000E+000 
 0.000000000000E+000  0.000000000000E+000  0.000000000000E+000 
 0.000000000000E+000  0.000000000000E+000  0.000000000000E+000 
 0.000000000000E+000  0.000000000000E+000  0.000000000000E+000 
 0.000000000000E+000  0.000000000000E+000  0.000000000000E+000 
 0.000000000000E+000  0.000000000000E+000  0.000000000000E+000 
 0.000000000000E+000  0.000000000000E+000  0.000000000000E+000 
 0.000000000000E+000  0.000000000000E+000  0.000000000000E+000 
 0.000000000000E+000  0.000000000000E+000  0.000000000000E+000 
 0.000000000000E+000  0.000000000000E+000  0.000000000000E+000 
 0.000000000000E+000  0.000000000000E+000  0.000000000000E+000 
! 6 Overlap matrix (2x2, complex)
2 2
 4.663507821000E-001  0.000000000000E+000 -9.961973100000E-003  0.000000000000E+000 
 9.989922800000E-003  0.000000000000E+000  4.626533720000E-001  0.000000000000E+000 

! 7 Phases
2 ! for all nmstates
 1.000000000E+000  0.000000000E+000
 1.000000000E+000  0.000000000E+000
! 8 Runtime
 1.626048740000E+002
