! 1 Hamiltonian Matrix (2x2, complex)
2 2
-2.306690941436E+002  0.000000000000E+000  0.000000000000E+000  0.000000000000E+000 
 0.000000000000E+000  0.000000000000E+000 -2.305361076173E+002  0.000000000000E+000 

! 2 Dipole Moment Matrices (3x2x2, complex)
2 2
-1.078863300000E-001  0.000000000000E+000 -3.308747382500E-002  0.000000000000E+000 
-3.308747382500E-002  0.000000000000E+000  1.589523600000E-001  0.000000000000E+000 
2 2
 7.313163000000E-002  0.000000000000E+000 -1.637460411330E-001  0.000000000000E+000 
-1.637460411330E-001  0.000000000000E+000 -2.231579000000E-002  0.000000000000E+000 
2 2
-1.181075000000E-002  0.000000000000E+000 -4.742097571000E-003  0.000000000000E+000 
-4.742097571000E-003  0.000000000000E+000  5.130221000000E-002  0.000000000000E+000 
! 3 Gradient Vectors (2x12x3, real)
12 3 ! 1 1 0
-1.879451400000E-002  7.724492100000E-002  2.481764000000E-002 
-1.896183300000E-002  8.997703000000E-003 -1.476701000000E-003 
 5.437308200000E-002  7.788928000000E-003 -1.880426600000E-002 
-7.948969500000E-002 -2.148899600000E-002  9.008222000000E-003 
-1.881301700000E-002 -7.068632700000E-002 -9.896388000000E-003 
 2.398786300000E-002 -3.775462900000E-002  4.555337000000E-003 
-2.003834500000E-002 -1.060269600000E-002  4.358410000000E-004 
 2.103280400000E-002  6.050505600000E-002  9.988388000000E-003 
 8.302613800000E-002 -1.382853900000E-002 -2.761359000000E-002 
-6.118669400000E-002  7.254445500000E-002  1.258581200000E-002 
 2.329063700000E-002 -1.057968330000E-001 -2.110350000000E-003 
 1.157357300000E-002  3.307695600000E-002 -1.489945000000E-003 
12 3 ! 1 2 0
 7.349252900000E-002  8.179841000000E-003  2.655441500000E-002 
-1.365978230000E-001 -5.560077300000E-002  1.397355000000E-003 
-6.881500000000E-004  1.265040830000E-001 -1.478440600000E-002 
 2.819018000000E-002 -2.028022800000E-002  5.105601000000E-003 
-1.845771000000E-002 -7.022235800000E-002 -1.074622700000E-002 
 2.388112900000E-002 -3.853257700000E-002  4.630816000000E-003 
-1.953233300000E-002 -9.270784000000E-003  1.157835000000E-003 
 2.070233200000E-002  6.013947600000E-002  8.618091000000E-003 
-6.704596300000E-002  3.087197400000E-002 -1.672836400000E-002 
 6.097302000000E-002  4.073396800000E-002 -6.007674000000E-003 
 2.385061400000E-002 -1.031383710000E-001 -1.597897000000E-003 
 1.123217300000E-002  3.061575000000E-002  2.400453000000E-003 
! 5 Non-adiabatic couplings (ddr) (2x2x12x3, real)
12 3 ! 1 1 0 1 1 0
 0.000000000000E+000  0.000000000000E+000  0.000000000000E+000 
 0.000000000000E+000  0.000000000000E+000  0.000000000000E+000 
 0.000000000000E+000  0.000000000000E+000  0.000000000000E+000 
 0.000000000000E+000  0.000000000000E+000  0.000000000000E+000 
 0.000000000000E+000  0.000000000000E+000  0.000000000000E+000 
 0.000000000000E+000  0.000000000000E+000  0.000000000000E+000 
 0.000000000000E+000  0.000000000000E+000  0.000000000000E+000 
 0.000000000000E+000  0.000000000000E+000  0.000000000000E+000 
 0.000000000000E+000  0.000000000000E+000  0.000000000000E+000 
 0.000000000000E+000  0.000000000000E+000  0.000000000000E+000 
 0.000000000000E+000  0.000000000000E+000  0.000000000000E+000 
 0.000000000000E+000  0.000000000000E+000  0.000000000000E+000 
12 3 ! 1 1 0 1 2 0
-2.244212240000E-001  2.271472640000E-001  7.314935000000E-003 
-2.756744400000E-002  4.612011400000E-002 -1.051275800000E-002 
 3.588111600000E-002  7.210810500000E-002 -2.984815100000E-002 
 3.898380770000E-001  6.440126900000E-002  1.161291400000E-002 
-3.300792000000E-003  1.039763000000E-003 -5.228978000000E-003 
 3.233528000000E-003 -3.298250000000E-004  5.214114000000E-003 
-5.063641000000E-003  2.811251000000E-003  1.278306900000E-002 
 1.920962000000E-003 -1.976333000000E-003  9.279954000000E-003 
-2.137324860000E-001 -4.685008640000E-001  1.104281700000E-002 
 3.783477800000E-002  4.002483700000E-002 -1.063957900000E-002 
-3.696592000000E-003  2.089918000000E-003 -4.004783000000E-003 
 4.730697000000E-003 -8.453790000000E-004  3.195185000000E-003 
12 3 ! 1 2 0 1 1 0
 2.244212240000E-001 -2.271472640000E-001 -7.314935000000E-003 
 2.756744400000E-002 -4.612011400000E-002  1.051275800000E-002 
-3.588111600000E-002 -7.210810500000E-002  2.984815100000E-002 
-3.898380770000E-001 -6.440126900000E-002 -1.161291400000E-002 
 3.300792000000E-003 -1.039763000000E-003  5.228978000000E-003 
-3.233528000000E-003  3.298250000000E-004 -5.214114000000E-003 
 5.063641000000E-003 -2.811251000000E-003 -1.278306900000E-002 
-1.920962000000E-003  1.976333000000E-003 -9.279954000000E-003 
 2.137324860000E-001  4.685008640000E-001 -1.104281700000E-002 
-3.783477800000E-002 -4.002483700000E-002  1.063957900000E-002 
 3.696592000000E-003 -2.089918000000E-003  4.004783000000E-003 
-4.730697000000E-003  8.453790000000E-004 -3.195185000000E-003 
12 3 ! 1 2 0 1 2 0
 0.000000000000E+000  0.000000000000E+000  0.000000000000E+000 
 0.000000000000E+000  0.000000000000E+000  0.000000000000E+000 
 0.000000000000E+000  0.000000000000E+000  0.000000000000E+000 
 0.000000000000E+000  0.000000000000E+000  0.000000000000E+000 
 0.000000000000E+000  0.000000000000E+000  0.000000000000E+000 
 0.000000000000E+000  0.000000000000E+000  0.000000000000E+000 
 0.000000000000E+000  0.000000000000E+000  0.000000000000E+000 
 0.000000000000E+000  0.000000000000E+000  0.000000000000E+000 
 0.000000000000E+000  0.000000000000E+000  0.000000000000E+000 
 0.000000000000E+000  0.000000000000E+000  0.000000000000E+000 
 0.000000000000E+000  0.000000000000E+000  0.000000000000E+000 
 0.000000000000E+000  0.000000000000E+000  0.000000000000E+000 
! 6 Overlap matrix (2x2, complex)
2 2
 3.349983109000E-001  0.000000000000E+000 -3.986188000000E-003  0.000000000000E+000 
 3.531726200000E-003  0.000000000000E+000  3.330064320000E-001  0.000000000000E+000 

! 7 Phases
2 ! for all nmstates
 1.000000000E+000  0.000000000E+000
 1.000000000E+000  0.000000000E+000
! 8 Runtime
 1.388174500000E+002
