! 1 Hamiltonian Matrix (2x2, complex)
2 2
-2.306957594963E+002  0.000000000000E+000  0.000000000000E+000  0.000000000000E+000 
 0.000000000000E+000  0.000000000000E+000 -2.305656491459E+002  0.000000000000E+000 

! 2 Dipole Moment Matrices (3x2x2, complex)
2 2
-1.930973300000E-001  0.000000000000E+000  3.250445084000E-003  0.000000000000E+000 
 3.250445084000E-003  0.000000000000E+000  1.763328500000E-001  0.000000000000E+000 
2 2
-1.602349000000E-002  0.000000000000E+000 -2.218110865580E-001  0.000000000000E+000 
-2.218110865580E-001  0.000000000000E+000  4.412720000000E-003  0.000000000000E+000 
2 2
-1.389999400000E-001  0.000000000000E+000  1.961935028800E-002  0.000000000000E+000 
 1.961935028800E-002  0.000000000000E+000 -1.552257900000E-001  0.000000000000E+000 
! 3 Gradient Vectors (2x12x3, real)
12 3 ! 1 1 0
 6.030519900000E-002  3.440202600000E-002  1.339660000000E-003 
-2.117856000000E-002  3.875453000000E-003  5.651430000000E-003 
-2.089128500000E-002 -9.259235500000E-002  1.516984400000E-002 
-2.796910200000E-002 -5.664046000000E-003 -7.971832000000E-003 
 1.021449000000E-002  1.920871000000E-003 -6.605787000000E-003 
-1.363621100000E-002  9.758656000000E-003 -9.973210000000E-004 
 3.683962900000E-002  2.885353300000E-002 -1.445041200000E-002 
 1.225829000000E-003  2.391051000000E-002  4.730060000000E-003 
-2.004102000000E-003 -9.465264000000E-003  7.170366000000E-003 
-6.019270100000E-002 -5.808616700000E-002  5.251947000000E-003 
 3.546293000000E-003  3.843175400000E-002 -1.069010800000E-002 
 3.374052200000E-002  2.465503000000E-002  1.402152000000E-003 
12 3 ! 1 2 0
 1.604646320000E-001 -4.006770500000E-002  9.492082000000E-003 
-1.378767530000E-001 -7.009426100000E-002  3.606659000000E-003 
-7.717527000000E-002  3.649666200000E-002  1.722405000000E-002 
 8.454758200000E-002 -4.952452000000E-003 -1.671071200000E-002 
 1.062288100000E-002  2.464430000000E-003 -7.207634000000E-003 
-1.515744200000E-002  8.697779000000E-003 -2.697152000000E-003 
 3.685105400000E-002  2.973626000000E-002 -1.229466900000E-002 
 7.203910000000E-004  2.337972500000E-002  5.518102000000E-003 
-1.627963030000E-001  4.620285800000E-002 -1.878614000000E-003 
 6.217520000000E-002 -9.410363700000E-002  1.232371300000E-002 
 4.382421000000E-003  4.035930600000E-002 -5.439958000000E-003 
 3.324160500000E-002  2.188103500000E-002 -1.935866000000E-003 
! 5 Non-adiabatic couplings (ddr) (2x2x12x3, real)
12 3 ! 1 1 0 1 1 0
 0.000000000000E+000  0.000000000000E+000  0.000000000000E+000 
 0.000000000000E+000  0.000000000000E+000  0.000000000000E+000 
 0.000000000000E+000  0.000000000000E+000  0.000000000000E+000 
 0.000000000000E+000  0.000000000000E+000  0.000000000000E+000 
 0.000000000000E+000  0.000000000000E+000  0.000000000000E+000 
 0.000000000000E+000  0.000000000000E+000  0.000000000000E+000 
 0.000000000000E+000  0.000000000000E+000  0.000000000000E+000 
 0.000000000000E+000  0.000000000000E+000  0.000000000000E+000 
 0.000000000000E+000  0.000000000000E+000  0.000000000000E+000 
 0.000000000000E+000  0.000000000000E+000  0.000000000000E+000 
 0.000000000000E+000  0.000000000000E+000  0.000000000000E+000 
 0.000000000000E+000  0.000000000000E+000  0.000000000000E+000 
12 3 ! 1 1 0 1 2 0
-2.712062120000E-001  1.854758550000E-001  4.144863300000E-002 
-3.156793400000E-002  8.654035000000E-002 -3.957172400000E-002 
 6.233822700000E-002  2.169554100000E-002  1.499636900000E-002 
 3.737313530000E-001  6.746215200000E-002 -1.303917600000E-002 
-5.730593000000E-003  4.523503000000E-003  5.161405000000E-003 
 3.372908000000E-003 -1.722140000000E-003  2.367599000000E-003 
-2.846122000000E-003  2.724579000000E-003  2.732006000000E-003 
 3.174643000000E-003  2.366147000000E-003 -1.576871000000E-003 
-1.956175240000E-001 -4.298398790000E-001 -1.016725300000E-002 
 6.103091800000E-002  3.246189300000E-002  6.682123000000E-003 
-4.816815000000E-003  4.479142000000E-003 -4.023570000000E-004 
 4.872818000000E-003 -2.139652000000E-003 -4.114264000000E-003 
12 3 ! 1 2 0 1 1 0
 2.712062120000E-001 -1.854758550000E-001 -4.144863300000E-002 
 3.156793400000E-002 -8.654035000000E-002  3.957172400000E-002 
-6.233822700000E-002 -2.169554100000E-002 -1.499636900000E-002 
-3.737313530000E-001 -6.746215200000E-002  1.303917600000E-002 
 5.730593000000E-003 -4.523503000000E-003 -5.161405000000E-003 
-3.372908000000E-003  1.722140000000E-003 -2.367599000000E-003 
 2.846122000000E-003 -2.724579000000E-003 -2.732006000000E-003 
-3.174643000000E-003 -2.366147000000E-003  1.576871000000E-003 
 1.956175240000E-001  4.298398790000E-001  1.016725300000E-002 
-6.103091800000E-002 -3.246189300000E-002 -6.682123000000E-003 
 4.816815000000E-003 -4.479142000000E-003  4.023570000000E-004 
-4.872818000000E-003  2.139652000000E-003  4.114264000000E-003 
12 3 ! 1 2 0 1 2 0
 0.000000000000E+000  0.000000000000E+000  0.000000000000E+000 
 0.000000000000E+000  0.000000000000E+000  0.000000000000E+000 
 0.000000000000E+000  0.000000000000E+000  0.000000000000E+000 
 0.000000000000E+000  0.000000000000E+000  0.000000000000E+000 
 0.000000000000E+000  0.000000000000E+000  0.000000000000E+000 
 0.000000000000E+000  0.000000000000E+000  0.000000000000E+000 
 0.000000000000E+000  0.000000000000E+000  0.000000000000E+000 
 0.000000000000E+000  0.000000000000E+000  0.000000000000E+000 
 0.000000000000E+000  0.000000000000E+000  0.000000000000E+000 
 0.000000000000E+000  0.000000000000E+000  0.000000000000E+000 
 0.000000000000E+000  0.000000000000E+000  0.000000000000E+000 
 0.000000000000E+000  0.000000000000E+000  0.000000000000E+000 
! 6 Overlap matrix (2x2, complex)
2 2
 3.676637283000E-001  0.000000000000E+000 -1.203632800000E-002  0.000000000000E+000 
 1.222902030000E-002  0.000000000000E+000  3.648456230000E-001  0.000000000000E+000 

! 7 Phases
2 ! for all nmstates
 1.000000000E+000  0.000000000E+000
 1.000000000E+000  0.000000000E+000
! 8 Runtime
 1.388378630000E+002
