! 1 Hamiltonian Matrix (2x2, complex)
2 2
-2.306290024102E+002  0.000000000000E+000  0.000000000000E+000  0.000000000000E+000 
 0.000000000000E+000  0.000000000000E+000 -2.304906672061E+002  0.000000000000E+000 

! 2 Dipole Moment Matrices (3x2x2, complex)
2 2
-1.047276500000E-001  0.000000000000E+000  8.251083230100E-002  0.000000000000E+000 
 8.251083230100E-002  0.000000000000E+000  1.653329700000E-001  0.000000000000E+000 
2 2
 5.336860000000E-002  0.000000000000E+000  1.829134361750E-001  0.000000000000E+000 
 1.829134361750E-001  0.000000000000E+000  7.570883000000E-002  0.000000000000E+000 
2 2
-1.809158900000E-001  0.000000000000E+000 -2.587485915000E-002  0.000000000000E+000 
-2.587485915000E-002  0.000000000000E+000 -1.982371200000E-001  0.000000000000E+000 
! 3 Gradient Vectors (2x12x3, real)
12 3 ! 1 1 0
-2.487074100000E-002  1.069511600000E-001  3.055810400000E-002 
 2.085614730000E-001 -2.536095200000E-001  1.302522000000E-003 
 3.639596600000E-002 -1.579567500000E-002  9.516677000000E-003 
 2.740449200000E-002  5.967956500000E-002 -1.241496800000E-002 
-1.951602200000E-002 -8.107015800000E-002 -3.735770700000E-002 
-1.750170610000E-001  2.213222680000E-001  5.360938000000E-003 
-1.401279800000E-002  3.792034000000E-003 -1.107688100000E-002 
-1.807617500000E-002 -1.876701000000E-003  4.919198000000E-003 
-2.859786000000E-003 -5.484389800000E-002  1.087161000000E-002 
-4.026361600000E-002  2.536421900000E-002  1.695500000000E-004 
 4.900640000000E-003 -2.210453400000E-002 -2.236103000000E-003 
 1.735362700000E-002  1.219124100000E-002  3.870610000000E-004 
12 3 ! 1 2 0
 6.233155800000E-002  3.827675100000E-002  3.560148800000E-002 
 1.019537030000E-001 -3.125220180000E-001  3.817670000000E-004 
-1.891645600000E-002  1.031218710000E-001  1.061831700000E-002 
 1.398178340000E-001  5.589111200000E-002 -1.717917200000E-002 
-1.966073700000E-002 -8.104800100000E-002 -3.596208400000E-002 
-1.762395550000E-001  2.193014970000E-001  3.185568000000E-003 
-1.378408000000E-002  5.160629000000E-003 -9.127772000000E-003 
-1.875974700000E-002 -1.894324000000E-003  3.893486000000E-003 
-1.614512010000E-001  1.076920000000E-003  6.416211000000E-003 
 8.215126600000E-002 -1.778943500000E-002 -8.220900000000E-004 
 5.769189000000E-003 -1.979335600000E-002  2.810768000000E-003 
 1.678822500000E-002  1.021835200000E-002  1.835130000000E-004 
! 5 Non-adiabatic couplings (ddr) (2x2x12x3, real)
12 3 ! 1 1 0 1 1 0
 0.000000000000E+000  0.000000000000E+000  0.000000000000E+000 
 0.000000000000E+000  0.000000000000E+000  0.000000000000E+000 
 0.000000000000E+000  0.000000000000E+000  0.000000000000E+000 
 0.000000000000E+000  0.000000000000E+000  0.000000000000E+000 
 0.000000000000E+000  0.000000000000E+000  0.000000000000E+000 
 0.000000000000E+000  0.000000000000E+000  0.000000000000E+000 
 0.000000000000E+000  0.000000000000E+000  0.000000000000E+000 
 0.000000000000E+000  0.000000000000E+000  0.000000000000E+000 
 0.000000000000E+000  0.000000000000E+000  0.000000000000E+000 
 0.000000000000E+000  0.000000000000E+000  0.000000000000E+000 
 0.000000000000E+000  0.000000000000E+000  0.000000000000E+000 
 0.000000000000E+000  0.000000000000E+000  0.000000000000E+000 
12 3 ! 1 1 0 1 2 0
 3.229267110000E-001 -2.634799720000E-001 -3.027790900000E-002 
-4.275287200000E-002 -1.269694820000E-001  3.592939200000E-002 
-8.528548500000E-002  6.449637400000E-002 -4.358754000000E-003 
-2.104058540000E-001 -4.866908700000E-002 -8.248650000000E-004 
 5.017786000000E-003  3.340218000000E-003 -8.238314000000E-003 
-7.712809000000E-003  1.989402000000E-003 -6.355423000000E-003 
 1.359464000000E-003 -9.196700000000E-004 -5.615282000000E-003 
-3.380586000000E-003 -5.467573000000E-003  2.878510000000E-003 
-1.755262300000E-002  4.608332310000E-001  8.194745000000E-003 
 4.802063800000E-002 -6.179206700000E-002 -8.147440000000E-004 
 4.614152000000E-003 -1.656427000000E-003  3.594275000000E-003 
-5.248640000000E-003 -8.320800000000E-005  1.808720000000E-004 
12 3 ! 1 2 0 1 1 0
-3.229267110000E-001  2.634799720000E-001  3.027790900000E-002 
 4.275287200000E-002  1.269694820000E-001 -3.592939200000E-002 
 8.528548500000E-002 -6.449637400000E-002  4.358754000000E-003 
 2.104058540000E-001  4.866908700000E-002  8.248650000000E-004 
-5.017786000000E-003 -3.340218000000E-003  8.238314000000E-003 
 7.712809000000E-003 -1.989402000000E-003  6.355423000000E-003 
-1.359464000000E-003  9.196700000000E-004  5.615282000000E-003 
 3.380586000000E-003  5.467573000000E-003 -2.878510000000E-003 
 1.755262300000E-002 -4.608332310000E-001 -8.194745000000E-003 
-4.802063800000E-002  6.179206700000E-002  8.147440000000E-004 
-4.614152000000E-003  1.656427000000E-003 -3.594275000000E-003 
 5.248640000000E-003  8.320800000000E-005 -1.808720000000E-004 
12 3 ! 1 2 0 1 2 0
 0.000000000000E+000  0.000000000000E+000  0.000000000000E+000 
 0.000000000000E+000  0.000000000000E+000  0.000000000000E+000 
 0.000000000000E+000  0.000000000000E+000  0.000000000000E+000 
 0.000000000000E+000  0.000000000000E+000  0.000000000000E+000 
 0.000000000000E+000  0.000000000000E+000  0.000000000000E+000 
 0.000000000000E+000  0.000000000000E+000  0.000000000000E+000 
 0.000000000000E+000  0.000000000000E+000  0.000000000000E+000 
 0.000000000000E+000  0.000000000000E+000  0.000000000000E+000 
 0.000000000000E+000  0.000000000000E+000  0.000000000000E+000 
 0.000000000000E+000  0.000000000000E+000  0.000000000000E+000 
 0.000000000000E+000  0.000000000000E+000  0.000000000000E+000 
 0.000000000000E+000  0.000000000000E+000  0.000000000000E+000 
! 8 Runtime
 1.083192746000E+003
