! 1 Hamiltonian Matrix (2x2, complex)
2 2
-2.306742862334E+002  0.000000000000E+000  0.000000000000E+000  0.000000000000E+000 
 0.000000000000E+000  0.000000000000E+000 -2.305124955285E+002  0.000000000000E+000 

! 2 Dipole Moment Matrices (3x2x2, complex)
2 2
-1.810296200000E-001  0.000000000000E+000  3.079892469000E-002  0.000000000000E+000 
 3.079892469000E-002  0.000000000000E+000  1.917162400000E-001  0.000000000000E+000 
2 2
 5.050396000000E-002  0.000000000000E+000 -2.246485490790E-001  0.000000000000E+000 
-2.246485490790E-001  0.000000000000E+000  5.254254000000E-002  0.000000000000E+000 
2 2
-1.119543600000E-001  0.000000000000E+000 -2.511057405100E-002  0.000000000000E+000 
-2.511057405100E-002  0.000000000000E+000 -1.193493300000E-001  0.000000000000E+000 
! 3 Gradient Vectors (2x12x3, real)
12 3 ! 1 1 0
 6.114164000000E-002 -3.960680000000E-004 -6.984283000000E-003 
-1.071423030000E-001  3.688851800000E-002  2.746662800000E-002 
-4.413469000000E-003  1.282090300000E-002 -8.503376000000E-003 
-6.806239900000E-002  1.031720380000E-001  6.295651000000E-003 
 9.404885000000E-003  3.385676000000E-002  4.648900000000E-005 
 3.687457200000E-002 -4.214444400000E-002 -1.656472700000E-002 
 5.516248700000E-002 -8.562937000000E-003 -1.706548000000E-003 
 8.331433000000E-003 -1.245462510000E-001  2.699520000000E-004 
-5.662907100000E-002 -1.683194000000E-003 -2.238759000000E-003 
 1.022499080000E-001 -2.881925600000E-002  1.071706500000E-002 
-2.587750900000E-002  7.031721000000E-003 -8.687053000000E-003 
-1.104017400000E-002  1.238220900000E-002 -1.110390000000E-004 
12 3 ! 1 2 0
 1.563949360000E-001 -7.051224600000E-002  5.234990000000E-004 
-2.247880060000E-001 -3.050745300000E-002  2.597044300000E-002 
-6.615308300000E-002  1.319491050000E-001 -5.732603000000E-003 
 5.024164500000E-002  1.123037280000E-001 -6.236770000000E-004 
 9.506891000000E-003  3.381513600000E-002 -1.921270000000E-004 
 3.647017700000E-002 -4.367450300000E-002 -1.693094700000E-002 
 5.638972300000E-002 -8.091317000000E-003 -1.451144000000E-003 
 8.515558000000E-003 -1.255109040000E-001  3.306430000000E-004 
-2.229816690000E-001  5.192352500000E-002 -6.147116000000E-003 
 2.338636530000E-001 -7.177226300000E-002  8.687833000000E-003 
-2.561159600000E-002  1.027872900000E-002 -1.973745000000E-003 
-1.184823000000E-002  9.798463000000E-003 -2.461059000000E-003 
! 5 Non-adiabatic couplings (ddr) (2x2x12x3, real)
12 3 ! 1 1 0 1 1 0
 0.000000000000E+000  0.000000000000E+000  0.000000000000E+000 
 0.000000000000E+000  0.000000000000E+000  0.000000000000E+000 
 0.000000000000E+000  0.000000000000E+000  0.000000000000E+000 
 0.000000000000E+000  0.000000000000E+000  0.000000000000E+000 
 0.000000000000E+000  0.000000000000E+000  0.000000000000E+000 
 0.000000000000E+000  0.000000000000E+000  0.000000000000E+000 
 0.000000000000E+000  0.000000000000E+000  0.000000000000E+000 
 0.000000000000E+000  0.000000000000E+000  0.000000000000E+000 
 0.000000000000E+000  0.000000000000E+000  0.000000000000E+000 
 0.000000000000E+000  0.000000000000E+000  0.000000000000E+000 
 0.000000000000E+000  0.000000000000E+000  0.000000000000E+000 
 0.000000000000E+000  0.000000000000E+000  0.000000000000E+000 
12 3 ! 1 1 0 1 2 0
-2.248648240000E-001  1.579947710000E-001  2.284966100000E-002 
-4.556194400000E-002  7.216838700000E-002 -2.511895200000E-002 
 6.184613400000E-002  4.814372000000E-003  1.729157000000E-003 
 3.168450260000E-001  4.864544800000E-002 -1.276763100000E-002 
-1.818125000000E-003  6.535239000000E-003  9.510420000000E-004 
 2.786452000000E-003 -6.988940000000E-004  4.095982000000E-003 
-3.450878000000E-003  3.835330000000E-003  5.230933000000E-003 
 3.327232000000E-003  4.812011000000E-003 -4.064420000000E-004 
-1.556687160000E-001 -3.608189530000E-001  2.015907000000E-003 
 4.792616200000E-002  3.056029200000E-002  1.295881000000E-003 
-3.116544000000E-003  3.398836000000E-003  2.590950000000E-004 
 4.801463000000E-003 -3.062600000000E-004 -2.905496000000E-003 
12 3 ! 1 2 0 1 1 0
 2.248648240000E-001 -1.579947710000E-001 -2.284966100000E-002 
 4.556194400000E-002 -7.216838700000E-002  2.511895200000E-002 
-6.184613400000E-002 -4.814372000000E-003 -1.729157000000E-003 
-3.168450260000E-001 -4.864544800000E-002  1.276763100000E-002 
 1.818125000000E-003 -6.535239000000E-003 -9.510420000000E-004 
-2.786452000000E-003  6.988940000000E-004 -4.095982000000E-003 
 3.450878000000E-003 -3.835330000000E-003 -5.230933000000E-003 
-3.327232000000E-003 -4.812011000000E-003  4.064420000000E-004 
 1.556687160000E-001  3.608189530000E-001 -2.015907000000E-003 
-4.792616200000E-002 -3.056029200000E-002 -1.295881000000E-003 
 3.116544000000E-003 -3.398836000000E-003 -2.590950000000E-004 
-4.801463000000E-003  3.062600000000E-004  2.905496000000E-003 
12 3 ! 1 2 0 1 2 0
 0.000000000000E+000  0.000000000000E+000  0.000000000000E+000 
 0.000000000000E+000  0.000000000000E+000  0.000000000000E+000 
 0.000000000000E+000  0.000000000000E+000  0.000000000000E+000 
 0.000000000000E+000  0.000000000000E+000  0.000000000000E+000 
 0.000000000000E+000  0.000000000000E+000  0.000000000000E+000 
 0.000000000000E+000  0.000000000000E+000  0.000000000000E+000 
 0.000000000000E+000  0.000000000000E+000  0.000000000000E+000 
 0.000000000000E+000  0.000000000000E+000  0.000000000000E+000 
 0.000000000000E+000  0.000000000000E+000  0.000000000000E+000 
 0.000000000000E+000  0.000000000000E+000  0.000000000000E+000 
 0.000000000000E+000  0.000000000000E+000  0.000000000000E+000 
 0.000000000000E+000  0.000000000000E+000  0.000000000000E+000 
! 6 Overlap matrix (2x2, complex)
2 2
 4.562530215000E-001  0.000000000000E+000 -1.040609790000E-002  0.000000000000E+000 
 9.946483300000E-003  0.000000000000E+000  4.535497526000E-001  0.000000000000E+000 

! 7 Phases
2 ! for all nmstates
 1.000000000E+000  0.000000000E+000
 1.000000000E+000  0.000000000E+000
! 8 Runtime
 9.836266430000E+002
