! 1 Hamiltonian Matrix (2x2, complex)
2 2
-2.306978063292E+002  0.000000000000E+000  0.000000000000E+000  0.000000000000E+000 
 0.000000000000E+000  0.000000000000E+000 -2.305484819584E+002  0.000000000000E+000 

! 2 Dipole Moment Matrices (3x2x2, complex)
2 2
-1.309023100000E-001  0.000000000000E+000  1.065453473300E-002  0.000000000000E+000 
 1.065453473300E-002  0.000000000000E+000  1.534152900000E-001  0.000000000000E+000 
2 2
 1.817156000000E-002  0.000000000000E+000  2.168814417690E-001  0.000000000000E+000 
 2.168814417690E-001  0.000000000000E+000 -1.888062000000E-002  0.000000000000E+000 
2 2
 6.477220000000E-003  0.000000000000E+000  1.443414888100E-002  0.000000000000E+000 
 1.443414888100E-002  0.000000000000E+000 -2.868107000000E-002  0.000000000000E+000 
! 3 Gradient Vectors (2x12x3, real)
12 3 ! 1 1 0
-4.581714800000E-002 -3.491647000000E-002 -4.372306000000E-003 
 3.540248000000E-002 -8.372159800000E-002  6.001834000000E-003 
 4.508728100000E-002 -6.677851000000E-003  1.845882000000E-003 
-7.616066800000E-002  4.496249500000E-002 -5.383220000000E-003 
 5.199145400000E-002  6.797971800000E-002 -3.055738000000E-003 
-2.570138300000E-002  4.085589300000E-002 -6.672850000000E-004 
-1.079500100000E-002 -9.638966000000E-003  3.037240000000E-004 
-1.477979000000E-003 -3.252637400000E-002  8.417250000000E-004 
-2.806123300000E-002  3.322300600000E-002  5.677285000000E-003 
 5.104405000000E-002 -8.663080000000E-003  9.544670000000E-004 
 2.496567000000E-003 -1.961642200000E-002 -2.371050000000E-004 
 1.991579000000E-003  8.739648000000E-003 -1.909265000000E-003 
12 3 ! 1 2 0
 4.787876600000E-002 -1.140741170000E-001 -6.348550000000E-003 
-7.714492000000E-002 -1.462214610000E-001  5.853259000000E-003 
-1.052908100000E-002  1.110614180000E-001  6.863600000000E-005 
 2.875951700000E-002  4.909425900000E-002 -6.093564000000E-003 
 5.250244200000E-002  6.797614800000E-002 -3.781322000000E-003 
-2.619076000000E-002  3.954083700000E-002  5.568350000000E-004 
-1.006708300000E-002 -8.584678000000E-003  2.397090000000E-004 
-1.464271000000E-003 -3.317663300000E-002  7.333870000000E-004 
-1.920120460000E-001  9.134985800000E-002  1.089425300000E-002 
 1.836617620000E-001 -4.594050100000E-002 -2.076807000000E-003 
 3.305663000000E-003 -1.741229900000E-002 -2.966120000000E-004 
 1.300011000000E-003  6.387168000000E-003  2.507760000000E-004 
! 5 Non-adiabatic couplings (ddr) (2x2x12x3, real)
12 3 ! 1 1 0 1 1 0
 0.000000000000E+000  0.000000000000E+000  0.000000000000E+000 
 0.000000000000E+000  0.000000000000E+000  0.000000000000E+000 
 0.000000000000E+000  0.000000000000E+000  0.000000000000E+000 
 0.000000000000E+000  0.000000000000E+000  0.000000000000E+000 
 0.000000000000E+000  0.000000000000E+000  0.000000000000E+000 
 0.000000000000E+000  0.000000000000E+000  0.000000000000E+000 
 0.000000000000E+000  0.000000000000E+000  0.000000000000E+000 
 0.000000000000E+000  0.000000000000E+000  0.000000000000E+000 
 0.000000000000E+000  0.000000000000E+000  0.000000000000E+000 
 0.000000000000E+000  0.000000000000E+000  0.000000000000E+000 
 0.000000000000E+000  0.000000000000E+000  0.000000000000E+000 
 0.000000000000E+000  0.000000000000E+000  0.000000000000E+000 
12 3 ! 1 1 0 1 2 0
 1.891430260000E-001 -1.566066080000E-001  1.073982800000E-002 
 7.465877100000E-002 -3.444094600000E-002  7.908794000000E-003 
-5.658797900000E-002 -6.001523800000E-002 -7.791201000000E-003 
-3.674689150000E-001 -6.016095300000E-002  3.464259000000E-003 
 6.600810000000E-004 -7.485891000000E-003 -4.534141000000E-003 
-4.782847000000E-003  1.953249000000E-003 -3.738766000000E-003 
 4.971915000000E-003 -3.676509000000E-003  2.429025000000E-003 
-2.758968000000E-003 -2.936549000000E-003  3.866968000000E-003 
 2.444340540000E-001  3.797481100000E-001 -1.146840100000E-002 
-7.871587000000E-002 -2.883504600000E-002  3.567331000000E-003 
 3.921592000000E-003 -3.868932000000E-003  8.614440000000E-004 
-4.891003000000E-003  7.799300000000E-004 -2.449753000000E-003 
12 3 ! 1 2 0 1 1 0
-1.891430260000E-001  1.566066080000E-001 -1.073982800000E-002 
-7.465877100000E-002  3.444094600000E-002 -7.908794000000E-003 
 5.658797900000E-002  6.001523800000E-002  7.791201000000E-003 
 3.674689150000E-001  6.016095300000E-002 -3.464259000000E-003 
-6.600810000000E-004  7.485891000000E-003  4.534141000000E-003 
 4.782847000000E-003 -1.953249000000E-003  3.738766000000E-003 
-4.971915000000E-003  3.676509000000E-003 -2.429025000000E-003 
 2.758968000000E-003  2.936549000000E-003 -3.866968000000E-003 
-2.444340540000E-001 -3.797481100000E-001  1.146840100000E-002 
 7.871587000000E-002  2.883504600000E-002 -3.567331000000E-003 
-3.921592000000E-003  3.868932000000E-003 -8.614440000000E-004 
 4.891003000000E-003 -7.799300000000E-004  2.449753000000E-003 
12 3 ! 1 2 0 1 2 0
 0.000000000000E+000  0.000000000000E+000  0.000000000000E+000 
 0.000000000000E+000  0.000000000000E+000  0.000000000000E+000 
 0.000000000000E+000  0.000000000000E+000  0.000000000000E+000 
 0.000000000000E+000  0.000000000000E+000  0.000000000000E+000 
 0.000000000000E+000  0.000000000000E+000  0.000000000000E+000 
 0.000000000000E+000  0.000000000000E+000  0.000000000000E+000 
 0.000000000000E+000  0.000000000000E+000  0.000000000000E+000 
 0.000000000000E+000  0.000000000000E+000  0.000000000000E+000 
 0.000000000000E+000  0.000000000000E+000  0.000000000000E+000 
 0.000000000000E+000  0.000000000000E+000  0.000000000000E+000 
 0.000000000000E+000  0.000000000000E+000  0.000000000000E+000 
 0.000000000000E+000  0.000000000000E+000  0.000000000000E+000 
! 8 Runtime
 1.159393423000E+003
