! 1 Hamiltonian Matrix (2x2, complex)
2 2
-2.306980404363E+002  0.000000000000E+000  0.000000000000E+000  0.000000000000E+000 
 0.000000000000E+000  0.000000000000E+000 -2.305540001059E+002  0.000000000000E+000 

! 2 Dipole Moment Matrices (3x2x2, complex)
2 2
-1.087945100000E-001  0.000000000000E+000 -1.948876569170E-001  0.000000000000E+000 
-1.948876569170E-001  0.000000000000E+000  1.247929600000E-001  0.000000000000E+000 
2 2
 3.649060000000E-002  0.000000000000E+000 -1.770722795530E-001  0.000000000000E+000 
-1.770722795530E-001  0.000000000000E+000 -1.251202300000E-001  0.000000000000E+000 
2 2
-4.419753000000E-002  0.000000000000E+000  1.374074463300E-002  0.000000000000E+000 
 1.374074463300E-002  0.000000000000E+000 -7.219774000000E-002  0.000000000000E+000 
! 3 Gradient Vectors (2x12x3, real)
12 3 ! 1 1 0
-4.389445200000E-002  2.928666100000E-002 -1.881144000000E-003 
 8.114465200000E-002 -2.645763000000E-003 -1.214977000000E-003 
-8.616593200000E-002  2.002737600000E-002  1.550913500000E-002 
 7.574427500000E-002  1.933667200000E-002 -1.199454500000E-002 
-2.799175500000E-002 -2.721788800000E-002  2.633253000000E-003 
-1.422873500000E-002  1.906672600000E-002  5.003610000000E-004 
 1.691108500000E-002  6.852729000000E-003 -9.246951000000E-003 
-3.103400000000E-004 -3.831868800000E-002  2.430167000000E-003 
 1.375746300000E-002 -2.191267700000E-002  6.471292000000E-003 
-4.093170100000E-002 -3.675980400000E-002 -1.263440000000E-003 
 1.677651000000E-002  4.161263000000E-002 -9.311530000000E-004 
 9.188931000000E-003 -9.327973000000E-003 -1.011998000000E-003 
12 3 ! 1 2 0
 4.694385300000E-002 -3.491008100000E-002 -5.495711000000E-003 
-3.621038400000E-002 -7.126920100000E-002  4.559454000000E-003 
-1.405419930000E-001  1.476672220000E-001  1.700015200000E-002 
 1.886877480000E-001  1.572606700000E-002 -1.638534000000E-002 
-2.796652900000E-002 -2.686537900000E-002  2.540743000000E-003 
-1.423151700000E-002  1.805313200000E-002  6.879780000000E-004 
 1.708450000000E-002  8.403408000000E-003 -8.696770000000E-003 
-5.753260000000E-004 -3.848495900000E-002  1.344283000000E-003 
-1.433875630000E-001  2.452571700000E-002  3.943599000000E-003 
 8.353734200000E-002 -7.426557700000E-002  9.897700000000E-005 
 1.776840400000E-002  4.277803500000E-002 -3.857170000000E-004 
 8.891467000000E-003 -1.135838300000E-002  7.883520000000E-004 
! 5 Non-adiabatic couplings (ddr) (2x2x12x3, real)
12 3 ! 1 1 0 1 1 0
 0.000000000000E+000  0.000000000000E+000  0.000000000000E+000 
 0.000000000000E+000  0.000000000000E+000  0.000000000000E+000 
 0.000000000000E+000  0.000000000000E+000  0.000000000000E+000 
 0.000000000000E+000  0.000000000000E+000  0.000000000000E+000 
 0.000000000000E+000  0.000000000000E+000  0.000000000000E+000 
 0.000000000000E+000  0.000000000000E+000  0.000000000000E+000 
 0.000000000000E+000  0.000000000000E+000  0.000000000000E+000 
 0.000000000000E+000  0.000000000000E+000  0.000000000000E+000 
 0.000000000000E+000  0.000000000000E+000  0.000000000000E+000 
 0.000000000000E+000  0.000000000000E+000  0.000000000000E+000 
 0.000000000000E+000  0.000000000000E+000  0.000000000000E+000 
 0.000000000000E+000  0.000000000000E+000  0.000000000000E+000 
12 3 ! 1 1 0 1 2 0
-2.833799790000E-001  2.789025120000E-001  2.889241400000E-002 
-8.116770000000E-004  6.902321500000E-002 -9.606631000000E-003 
 8.578953700000E-002 -2.287386000000E-003  2.605700000000E-005 
 2.263268570000E-001  1.164620500000E-002 -2.148662100000E-002 
 9.922150000000E-004  2.324997000000E-003  4.734100000000E-004 
 7.220284000000E-003  7.060960000000E-004  3.665350000000E-004 
-1.761045000000E-003  1.096583000000E-003  3.151868000000E-003 
 6.824415000000E-003  3.833979000000E-003 -9.063260000000E-004 
 1.232932500000E-002 -4.647114900000E-001  2.892070000000E-003 
-7.506476800000E-002  7.115887600000E-002 -6.329240000000E-004 
-5.631316000000E-003  3.702707000000E-003  1.190790000000E-004 
 5.593245000000E-003  9.843120000000E-004 -1.355987000000E-003 
12 3 ! 1 2 0 1 1 0
 2.833799790000E-001 -2.789025120000E-001 -2.889241400000E-002 
 8.116770000000E-004 -6.902321500000E-002  9.606631000000E-003 
-8.578953700000E-002  2.287386000000E-003 -2.605700000000E-005 
-2.263268570000E-001 -1.164620500000E-002  2.148662100000E-002 
-9.922150000000E-004 -2.324997000000E-003 -4.734100000000E-004 
-7.220284000000E-003 -7.060960000000E-004 -3.665350000000E-004 
 1.761045000000E-003 -1.096583000000E-003 -3.151868000000E-003 
-6.824415000000E-003 -3.833979000000E-003  9.063260000000E-004 
-1.232932500000E-002  4.647114900000E-001 -2.892070000000E-003 
 7.506476800000E-002 -7.115887600000E-002  6.329240000000E-004 
 5.631316000000E-003 -3.702707000000E-003 -1.190790000000E-004 
-5.593245000000E-003 -9.843120000000E-004  1.355987000000E-003 
12 3 ! 1 2 0 1 2 0
 0.000000000000E+000  0.000000000000E+000  0.000000000000E+000 
 0.000000000000E+000  0.000000000000E+000  0.000000000000E+000 
 0.000000000000E+000  0.000000000000E+000  0.000000000000E+000 
 0.000000000000E+000  0.000000000000E+000  0.000000000000E+000 
 0.000000000000E+000  0.000000000000E+000  0.000000000000E+000 
 0.000000000000E+000  0.000000000000E+000  0.000000000000E+000 
 0.000000000000E+000  0.000000000000E+000  0.000000000000E+000 
 0.000000000000E+000  0.000000000000E+000  0.000000000000E+000 
 0.000000000000E+000  0.000000000000E+000  0.000000000000E+000 
 0.000000000000E+000  0.000000000000E+000  0.000000000000E+000 
 0.000000000000E+000  0.000000000000E+000  0.000000000000E+000 
 0.000000000000E+000  0.000000000000E+000  0.000000000000E+000 
! 6 Overlap matrix (2x2, complex)
2 2
 3.628375816000E-001  0.000000000000E+000  1.916352890000E-002  0.000000000000E+000 
-1.887240120000E-002  0.000000000000E+000  3.594129520000E-001  0.000000000000E+000 

! 7 Phases
2 ! for all nmstates
 1.000000000E+000  0.000000000E+000
 1.000000000E+000  0.000000000E+000
! 8 Runtime
 1.513857630000E+002
