! 1 Hamiltonian Matrix (2x2, complex)
2 2
-2.306886971129E+002  0.000000000000E+000  0.000000000000E+000  0.000000000000E+000 
 0.000000000000E+000  0.000000000000E+000 -2.305431700062E+002  0.000000000000E+000 

! 2 Dipole Moment Matrices (3x2x2, complex)
2 2
-1.412287400000E-001  0.000000000000E+000 -6.526470943300E-002  0.000000000000E+000 
-6.526470943300E-002  0.000000000000E+000  2.013380700000E-001  0.000000000000E+000 
2 2
 4.606271000000E-002  0.000000000000E+000 -3.204353711930E-001  0.000000000000E+000 
-3.204353711930E-001  0.000000000000E+000 -6.171426000000E-002  0.000000000000E+000 
2 2
-5.435305000000E-002  0.000000000000E+000 -1.142517845900E-002  0.000000000000E+000 
-1.142517845900E-002  0.000000000000E+000 -8.348931000000E-002  0.000000000000E+000 
! 3 Gradient Vectors (2x12x3, real)
12 3 ! 1 1 0
-6.536034000000E-003 -5.909759600000E-002 -6.703358000000E-003 
 1.682853200000E-002  8.441747900000E-002 -9.314942000000E-003 
-1.933048000000E-002 -1.279314140000E-001  1.991218400000E-002 
 1.655823900000E-002 -3.338505400000E-002  1.264809200000E-002 
 1.856259400000E-002  2.100871900000E-002  2.038280000000E-004 
 3.766070000000E-003  5.101438000000E-003  4.095348000000E-003 
-9.040188000000E-003  2.179925200000E-002 -7.214710000000E-003 
 2.722738000000E-003  5.929592300000E-002 -1.697659100000E-002 
-4.700985500000E-002  2.653272700000E-002 -8.567540000000E-004 
 3.184998800000E-002 -1.747789000000E-003  1.617001100000E-002 
-8.765516000000E-003  1.173034500000E-002 -7.571106000000E-003 
 3.939120000000E-004 -7.724031000000E-003 -4.392002000000E-003 
12 3 ! 1 2 0
 8.719805100000E-002 -1.193952070000E-001 -1.405050400000E-002 
-9.969258000000E-002  3.130507000000E-003 -1.055206900000E-002 
-7.001872800000E-002  4.480215000000E-003  1.667155000000E-002 
 1.325749280000E-001 -3.539925600000E-002  2.196389300000E-002 
 1.892192800000E-002  2.172804600000E-002  2.107950000000E-003 
 2.493990000000E-003  3.791795000000E-003  7.062946000000E-003 
-1.064065000000E-002  2.360401300000E-002 -9.384644000000E-003 
 2.413209000000E-003  5.874380000000E-002 -1.896877800000E-002 
-2.186282410000E-001  7.965757900000E-002  1.248836900000E-002 
 1.634524260000E-001 -4.456635600000E-002 -6.241321000000E-003 
-8.163846000000E-003  1.398219200000E-002 -5.781940000000E-004 
 8.951100000000E-005 -9.757327000000E-003 -5.191970000000E-004 
! 5 Non-adiabatic couplings (ddr) (2x2x12x3, real)
12 3 ! 1 1 0 1 1 0
 0.000000000000E+000  0.000000000000E+000  0.000000000000E+000 
 0.000000000000E+000  0.000000000000E+000  0.000000000000E+000 
 0.000000000000E+000  0.000000000000E+000  0.000000000000E+000 
 0.000000000000E+000  0.000000000000E+000  0.000000000000E+000 
 0.000000000000E+000  0.000000000000E+000  0.000000000000E+000 
 0.000000000000E+000  0.000000000000E+000  0.000000000000E+000 
 0.000000000000E+000  0.000000000000E+000  0.000000000000E+000 
 0.000000000000E+000  0.000000000000E+000  0.000000000000E+000 
 0.000000000000E+000  0.000000000000E+000  0.000000000000E+000 
 0.000000000000E+000  0.000000000000E+000  0.000000000000E+000 
 0.000000000000E+000  0.000000000000E+000  0.000000000000E+000 
 0.000000000000E+000  0.000000000000E+000  0.000000000000E+000 
12 3 ! 1 1 0 1 2 0
-1.760788660000E-001  1.559446230000E-001 -4.467415800000E-002 
-9.378042500000E-002  3.105775500000E-002  1.762918700000E-002 
 7.670069600000E-002  4.824092600000E-002  4.463768800000E-002 
 3.100416570000E-001  2.129614600000E-002 -1.532047600000E-002 
-3.154994000000E-003  8.501133000000E-003  6.606802000000E-003 
 5.349700000000E-003  1.040487000000E-003 -7.150063000000E-003 
-4.657732000000E-003  1.704724000000E-003 -1.411336500000E-002 
 4.214831000000E-003  1.777712000000E-003 -1.635802000000E-003 
-1.765934770000E-001 -3.540096410000E-001  1.808195000000E-003 
 4.617620000000E-002  3.753597100000E-002  2.146158000000E-003 
-4.576877000000E-003  2.932237000000E-003  4.583510000000E-004 
 6.870691000000E-003 -3.067140000000E-004  5.324931000000E-003 
12 3 ! 1 2 0 1 1 0
 1.760788660000E-001 -1.559446230000E-001  4.467415800000E-002 
 9.378042500000E-002 -3.105775500000E-002 -1.762918700000E-002 
-7.670069600000E-002 -4.824092600000E-002 -4.463768800000E-002 
-3.100416570000E-001 -2.129614600000E-002  1.532047600000E-002 
 3.154994000000E-003 -8.501133000000E-003 -6.606802000000E-003 
-5.349700000000E-003 -1.040487000000E-003  7.150063000000E-003 
 4.657732000000E-003 -1.704724000000E-003  1.411336500000E-002 
-4.214831000000E-003 -1.777712000000E-003  1.635802000000E-003 
 1.765934770000E-001  3.540096410000E-001 -1.808195000000E-003 
-4.617620000000E-002 -3.753597100000E-002 -2.146158000000E-003 
 4.576877000000E-003 -2.932237000000E-003 -4.583510000000E-004 
-6.870691000000E-003  3.067140000000E-004 -5.324931000000E-003 
12 3 ! 1 2 0 1 2 0
 0.000000000000E+000  0.000000000000E+000  0.000000000000E+000 
 0.000000000000E+000  0.000000000000E+000  0.000000000000E+000 
 0.000000000000E+000  0.000000000000E+000  0.000000000000E+000 
 0.000000000000E+000  0.000000000000E+000  0.000000000000E+000 
 0.000000000000E+000  0.000000000000E+000  0.000000000000E+000 
 0.000000000000E+000  0.000000000000E+000  0.000000000000E+000 
 0.000000000000E+000  0.000000000000E+000  0.000000000000E+000 
 0.000000000000E+000  0.000000000000E+000  0.000000000000E+000 
 0.000000000000E+000  0.000000000000E+000  0.000000000000E+000 
 0.000000000000E+000  0.000000000000E+000  0.000000000000E+000 
 0.000000000000E+000  0.000000000000E+000  0.000000000000E+000 
 0.000000000000E+000  0.000000000000E+000  0.000000000000E+000 
! 6 Overlap matrix (2x2, complex)
2 2
 3.468418296000E-001  0.000000000000E+000 -2.538485700000E-003  0.000000000000E+000 
 3.266130400000E-003  0.000000000000E+000  3.458189341000E-001  0.000000000000E+000 

! 7 Phases
2 ! for all nmstates
 1.000000000E+000  0.000000000E+000
 1.000000000E+000  0.000000000E+000
! 8 Runtime
 1.511705150000E+002
