! 1 Hamiltonian Matrix (2x2, complex)
2 2
-2.306824749102E+002  0.000000000000E+000  0.000000000000E+000  0.000000000000E+000 
 0.000000000000E+000  0.000000000000E+000 -2.305237813946E+002  0.000000000000E+000 

! 2 Dipole Moment Matrices (3x2x2, complex)
2 2
-1.402622100000E-001  0.000000000000E+000  3.287487502300E-002  0.000000000000E+000 
 3.287487502300E-002  0.000000000000E+000  2.239673400000E-001  0.000000000000E+000 
2 2
 1.920390000000E-003  0.000000000000E+000  2.436409019280E-001  0.000000000000E+000 
 2.436409019280E-001  0.000000000000E+000 -5.776871000000E-002  0.000000000000E+000 
2 2
-1.730115800000E-001  0.000000000000E+000  3.953414964000E-002  0.000000000000E+000 
 3.953414964000E-002  0.000000000000E+000 -1.920493100000E-001  0.000000000000E+000 
! 3 Gradient Vectors (2x12x3, real)
12 3 ! 1 1 0
 3.020659000000E-003 -4.348205900000E-002 -1.067910000000E-002 
-7.949040500000E-002  4.364345400000E-002  2.038687400000E-002 
 1.141624000000E-002 -6.009388000000E-003  5.842847000000E-003 
-2.754695400000E-002 -6.893946300000E-002  2.452881700000E-002 
 3.604062200000E-002  4.697797000000E-002 -8.355800000000E-004 
 2.570005400000E-002 -1.233746300000E-002 -9.618286000000E-003 
 9.394329000000E-003 -1.339152000000E-002 -1.216401700000E-002 
 1.112857800000E-002  7.412738300000E-002 -1.838123800000E-002 
-2.002950300000E-002 -2.570156500000E-002  1.394621000000E-003 
 3.357339700000E-002  1.024708390000E-001  1.420703000000E-003 
 1.481691700000E-002 -7.680428100000E-002 -1.274494000000E-003 
-1.802393300000E-002 -2.055390600000E-002 -6.211470000000E-004 
12 3 ! 1 2 0
 9.378748400000E-002 -1.108671550000E-001 -1.583575700000E-002 
-2.029905880000E-001 -2.467049800000E-002  2.091693600000E-002 
-4.470308000000E-002  1.235057010000E-001  2.370529000000E-003 
 9.435420700000E-002 -7.190514800000E-002  2.700323200000E-002 
 3.622843300000E-002  4.743939900000E-002  1.389451000000E-003 
 2.559013500000E-002 -1.438263900000E-002 -6.661082000000E-003 
 1.034345900000E-002 -1.221558400000E-002 -1.198948400000E-002 
 1.055686800000E-002  7.369260000000E-002 -2.051045600000E-002 
-1.817884940000E-001  3.126854800000E-002  2.442320000000E-003 
 1.613806050000E-001  5.437307500000E-002  2.420816000000E-003 
 1.545507900000E-002 -7.397502800000E-002 -9.804570000000E-004 
-1.821410900000E-002 -2.226327300000E-002 -5.660490000000E-004 
! 5 Non-adiabatic couplings (ddr) (2x2x12x3, real)
12 3 ! 1 1 0 1 1 0
 0.000000000000E+000  0.000000000000E+000  0.000000000000E+000 
 0.000000000000E+000  0.000000000000E+000  0.000000000000E+000 
 0.000000000000E+000  0.000000000000E+000  0.000000000000E+000 
 0.000000000000E+000  0.000000000000E+000  0.000000000000E+000 
 0.000000000000E+000  0.000000000000E+000  0.000000000000E+000 
 0.000000000000E+000  0.000000000000E+000  0.000000000000E+000 
 0.000000000000E+000  0.000000000000E+000  0.000000000000E+000 
 0.000000000000E+000  0.000000000000E+000  0.000000000000E+000 
 0.000000000000E+000  0.000000000000E+000  0.000000000000E+000 
 0.000000000000E+000  0.000000000000E+000  0.000000000000E+000 
 0.000000000000E+000  0.000000000000E+000  0.000000000000E+000 
 0.000000000000E+000  0.000000000000E+000  0.000000000000E+000 
12 3 ! 1 1 0 1 2 0
 2.303156180000E-001 -1.855845750000E-001 -4.656115000000E-003 
 2.629061700000E-002 -8.584298100000E-002  2.936162100000E-002 
-7.584357300000E-002  1.499015100000E-002 -4.211120300000E-002 
-2.829715950000E-001 -2.724605700000E-002  4.126083900000E-002 
 3.036232000000E-003 -6.011071000000E-003 -9.608251000000E-003 
-4.340643000000E-003 -8.745460000000E-004 -2.400230000000E-003 
 3.616640000000E-003 -3.768315000000E-003 -6.559700000000E-005 
-2.195498000000E-003 -4.865760000000E-004  1.130273000000E-003 
 1.277678780000E-001  3.719254980000E-001 -6.788980000000E-004 
-1.670059600000E-002 -4.132424500000E-002 -3.134307000000E-003 
 3.478552000000E-003 -1.710282000000E-003 -1.721010000000E-004 
-6.123773000000E-003 -5.234440000000E-004 -1.519589000000E-003 
12 3 ! 1 2 0 1 1 0
-2.303156180000E-001  1.855845750000E-001  4.656115000000E-003 
-2.629061700000E-002  8.584298100000E-002 -2.936162100000E-002 
 7.584357300000E-002 -1.499015100000E-002  4.211120300000E-002 
 2.829715950000E-001  2.724605700000E-002 -4.126083900000E-002 
-3.036232000000E-003  6.011071000000E-003  9.608251000000E-003 
 4.340643000000E-003  8.745460000000E-004  2.400230000000E-003 
-3.616640000000E-003  3.768315000000E-003  6.559700000000E-005 
 2.195498000000E-003  4.865760000000E-004 -1.130273000000E-003 
-1.277678780000E-001 -3.719254980000E-001  6.788980000000E-004 
 1.670059600000E-002  4.132424500000E-002  3.134307000000E-003 
-3.478552000000E-003  1.710282000000E-003  1.721010000000E-004 
 6.123773000000E-003  5.234440000000E-004  1.519589000000E-003 
12 3 ! 1 2 0 1 2 0
 0.000000000000E+000  0.000000000000E+000  0.000000000000E+000 
 0.000000000000E+000  0.000000000000E+000  0.000000000000E+000 
 0.000000000000E+000  0.000000000000E+000  0.000000000000E+000 
 0.000000000000E+000  0.000000000000E+000  0.000000000000E+000 
 0.000000000000E+000  0.000000000000E+000  0.000000000000E+000 
 0.000000000000E+000  0.000000000000E+000  0.000000000000E+000 
 0.000000000000E+000  0.000000000000E+000  0.000000000000E+000 
 0.000000000000E+000  0.000000000000E+000  0.000000000000E+000 
 0.000000000000E+000  0.000000000000E+000  0.000000000000E+000 
 0.000000000000E+000  0.000000000000E+000  0.000000000000E+000 
 0.000000000000E+000  0.000000000000E+000  0.000000000000E+000 
 0.000000000000E+000  0.000000000000E+000  0.000000000000E+000 
! 8 Runtime
 1.265421012000E+003
