! 1 Hamiltonian Matrix (2x2, complex)
2 2
-2.306586332928E+002  0.000000000000E+000  0.000000000000E+000  0.000000000000E+000 
 0.000000000000E+000  0.000000000000E+000 -2.305490743008E+002  0.000000000000E+000 

! 2 Dipole Moment Matrices (3x2x2, complex)
2 2
-2.620481900000E-001  0.000000000000E+000 -3.798723861100E-002  0.000000000000E+000 
-3.798723861100E-002  0.000000000000E+000  1.874721000000E-002  0.000000000000E+000 
2 2
 3.294881000000E-002  0.000000000000E+000 -2.199548653270E-001  0.000000000000E+000 
-2.199548653270E-001  0.000000000000E+000 -4.276556000000E-002  0.000000000000E+000 
2 2
 1.578560000000E-002  0.000000000000E+000 -7.885594599000E-003  0.000000000000E+000 
-7.885594599000E-003  0.000000000000E+000  2.351361000000E-002  0.000000000000E+000 
! 3 Gradient Vectors (2x12x3, real)
12 3 ! 1 1 0
 1.377596100000E-002  2.616488300000E-002  9.660600000000E-004 
 3.687195400000E-002  7.303113500000E-002  4.211334000000E-003 
-5.629860800000E-002 -1.550979690000E-001  3.907145300000E-002 
 1.593936800000E-002  8.371056000000E-003 -4.835658000000E-003 
-3.079493600000E-002 -4.315014200000E-002 -1.815638000000E-003 
-2.408808500000E-002  2.370730600000E-002  3.222764000000E-003 
 5.597000800000E-002  6.161640800000E-002 -4.361650600000E-002 
-1.789464300000E-002  1.114592000000E-003  8.898843000000E-003 
 6.470404300000E-002 -1.948770400000E-002 -2.805400000000E-003 
-6.171545500000E-002 -3.001232700000E-002 -2.134228400000E-002 
-1.885323900000E-002  2.618800700000E-002  1.477922700000E-002 
 2.238363300000E-002  2.755475500000E-002  3.265805000000E-003 
12 3 ! 1 2 0
 1.060527490000E-001 -3.243482800000E-002 -1.249506700000E-002 
-7.910098500000E-002 -8.589554000000E-003  7.437694000000E-003 
-1.115476480000E-001 -2.530850500000E-002  3.858027900000E-002 
 1.343645570000E-001  1.318009000000E-002 -9.042520000000E-004 
-3.107483300000E-002 -4.260694800000E-002  4.164450000000E-004 
-2.538201600000E-002  2.323557900000E-002  7.090149000000E-003 
 5.466395100000E-002  6.209552900000E-002 -4.424006500000E-002 
-1.836412600000E-002  1.426412000000E-003  4.488260000000E-003 
-8.671704300000E-002  2.155663700000E-002 -2.121300000000E-004 
 5.311742900000E-002 -6.753861300000E-002 -8.941277000000E-003 
-1.807030100000E-002  2.928835400000E-002  6.138994000000E-003 
 2.205826600000E-002  2.569584700000E-002  2.640970000000E-003 
! 5 Non-adiabatic couplings (ddr) (2x2x12x3, real)
12 3 ! 1 1 0 1 1 0
 0.000000000000E+000  0.000000000000E+000  0.000000000000E+000 
 0.000000000000E+000  0.000000000000E+000  0.000000000000E+000 
 0.000000000000E+000  0.000000000000E+000  0.000000000000E+000 
 0.000000000000E+000  0.000000000000E+000  0.000000000000E+000 
 0.000000000000E+000  0.000000000000E+000  0.000000000000E+000 
 0.000000000000E+000  0.000000000000E+000  0.000000000000E+000 
 0.000000000000E+000  0.000000000000E+000  0.000000000000E+000 
 0.000000000000E+000  0.000000000000E+000  0.000000000000E+000 
 0.000000000000E+000  0.000000000000E+000  0.000000000000E+000 
 0.000000000000E+000  0.000000000000E+000  0.000000000000E+000 
 0.000000000000E+000  0.000000000000E+000  0.000000000000E+000 
 0.000000000000E+000  0.000000000000E+000  0.000000000000E+000 
12 3 ! 1 1 0 1 2 0
-3.240396320000E-001  2.777758350000E-001  9.467443000000E-003 
-1.315576100000E-002  1.117199580000E-001 -1.909403100000E-002 
 7.337149200000E-002  2.990126600000E-002  1.252035200000E-002 
 3.781644660000E-001  6.262492300000E-002 -3.724643500000E-002 
-1.842887000000E-003  4.224142000000E-003  5.948953000000E-003 
 5.990855000000E-003  1.880653000000E-003  7.772608000000E-003 
 1.495409000000E-003  3.268394000000E-003  7.601849000000E-003 
 4.023188000000E-003  5.452189000000E-003  6.733182000000E-003 
-1.400493870000E-001 -5.770812730000E-001  9.820420000000E-004 
 1.105665100000E-002  5.556115500000E-002 -4.118551000000E-003 
-5.272447000000E-003  2.851172000000E-003  3.981312000000E-003 
 5.960423000000E-003 -8.775250000000E-004  3.279001000000E-003 
12 3 ! 1 2 0 1 1 0
 3.240396320000E-001 -2.777758350000E-001 -9.467443000000E-003 
 1.315576100000E-002 -1.117199580000E-001  1.909403100000E-002 
-7.337149200000E-002 -2.990126600000E-002 -1.252035200000E-002 
-3.781644660000E-001 -6.262492300000E-002  3.724643500000E-002 
 1.842887000000E-003 -4.224142000000E-003 -5.948953000000E-003 
-5.990855000000E-003 -1.880653000000E-003 -7.772608000000E-003 
-1.495409000000E-003 -3.268394000000E-003 -7.601849000000E-003 
-4.023188000000E-003 -5.452189000000E-003 -6.733182000000E-003 
 1.400493870000E-001  5.770812730000E-001 -9.820420000000E-004 
-1.105665100000E-002 -5.556115500000E-002  4.118551000000E-003 
 5.272447000000E-003 -2.851172000000E-003 -3.981312000000E-003 
-5.960423000000E-003  8.775250000000E-004 -3.279001000000E-003 
12 3 ! 1 2 0 1 2 0
 0.000000000000E+000  0.000000000000E+000  0.000000000000E+000 
 0.000000000000E+000  0.000000000000E+000  0.000000000000E+000 
 0.000000000000E+000  0.000000000000E+000  0.000000000000E+000 
 0.000000000000E+000  0.000000000000E+000  0.000000000000E+000 
 0.000000000000E+000  0.000000000000E+000  0.000000000000E+000 
 0.000000000000E+000  0.000000000000E+000  0.000000000000E+000 
 0.000000000000E+000  0.000000000000E+000  0.000000000000E+000 
 0.000000000000E+000  0.000000000000E+000  0.000000000000E+000 
 0.000000000000E+000  0.000000000000E+000  0.000000000000E+000 
 0.000000000000E+000  0.000000000000E+000  0.000000000000E+000 
 0.000000000000E+000  0.000000000000E+000  0.000000000000E+000 
 0.000000000000E+000  0.000000000000E+000  0.000000000000E+000 
! 6 Overlap matrix (2x2, complex)
2 2
 2.569864525000E-001  0.000000000000E+000 -1.521688600000E-003  0.000000000000E+000 
-2.117703000000E-004  0.000000000000E+000  2.557233788000E-001  0.000000000000E+000 

! 7 Phases
2 ! for all nmstates
 1.000000000E+000  0.000000000E+000
 1.000000000E+000  0.000000000E+000
! 8 Runtime
 1.456282070000E+002
