2021-08-25 23:21:18.279474 fermium /user/julia/Tutorial/1_TrainingSet/Initial/ICOND_00014

  ================================================================================
||                                                                                ||
||                         SHARC - MOLPRO2012 - Interface                         ||
||                                                                                ||
||                             Author: Sebastian Mai                              ||
||                                                                                ||
||                                  Version: 2.1                                  ||
||                                 Date: 01.09.19                                 ||
||                                                                                ||
  ================================================================================


==> QMin Job description for:
Initial condition ICOND_00014/

Tasks:	H	DM	Grad	Nac(ddr)	Overlaps	Phases
States: 	2 Singlet

Method:
Electrons per Multiplicity:	42
Job ID per Multiplicity:	1
Level of Theory per Job ID:
1:	SA(2+0+0)-CASSCF(6,6)/6-31G*

Found Geo! NAtom is 12.

Geometry in Bohrs:
C -0.2396 -2.5743 -0.1116 
C  2.2443 -2.4332  0.0661 
C  3.1696  0.1405  0.0322 
C  1.1289  1.5577 -0.0087 
H -1.2829 -4.4625 -0.2841 
H  3.3671 -4.1821  0.4773 
H  5.1357  0.6886  0.5415 
H  1.1824  3.7493 -0.2340 
C -1.2338 -0.0051 -0.0008 
C -3.5782  0.7425 -0.0345 
H -3.9218  2.8037  0.1601 
H -5.1245 -0.5801  0.0219 

Gradients:   X X 

Non-adiabatic couplings:
. X 
X . 

wfthres: 1.0
docicas: True
newstep: []
nstates: 2
unit: ['bohr']
phases: []
njobs: 1
initorbs: {1: '/user/julia/Tutorial/1_TrainingSet/Initial/ICOND_00014/SAVE/wf.1.old'}
delay: 0.0
scratchdir: /user/julia/Tutorial/1_TrainingSet/Initial/ICOND_00014/ICOND_00014
cleanup: []
wfoverlap: /user/julia/software/SchNarc/sharc/source/../bin/wfoverlap.x
template: {'gradaccudefault': 1e-05, 'gradaccumax': 0.01, 'basis': '6-31G*', 'occ': [24], 'nelec': {1: [42, 41, 42]}, 'closed': [18], 'rootpad': {1: [0, 0, 0]}, 'dkho': 0, 'roots': {1: [2, 0, 0]}}
memory: 500
multmap: {1: 1, -1: [1]}
ndocc: 0
jobs: [1]
ncore: 0
maxmult: 1
ncpu: 1
pwd: /user/julia/Tutorial/1_TrainingSet/Initial/ICOND_00014
statemap: {1: [1, 1, 0.0], 2: [1, 2, 0.0]}
molpro: /usr/license/molpro/molpros_2012_1_5_Linux_x86_64_i8/bin/
nmstates: 2
savedir: /user/julia/Tutorial/1_TrainingSet/Initial/ICOND_00014/SAVE
nacmap: [(1, 1, 1, 2)]
natom: 12
gradmap: [(1, 1), (1, 2)]
joblist: [1]


>>>>>>>>>>>>> Starting the MOLPRO job execution
START:	/user/julia/Tutorial/1_TrainingSet/Initial/ICOND_00014/ICOND_00014/integrals	2021-08-25 23:21:19.303028	"/usr/license/molpro/molpros_2012_1_5_Linux_x86_64_i8/bin/molpro -W./ -I./ -d./ MOLPRO.input"
FINISH:	/user/julia/Tutorial/1_TrainingSet/Initial/ICOND_00014/ICOND_00014/integrals	2021-08-25 23:22:44.194316	Runtime: 0:01:24.891288	Error Code: 0
Error Codes:
	integrals 	0

START:	/user/julia/Tutorial/1_TrainingSet/Initial/ICOND_00014/ICOND_00014/master_1	2021-08-25 23:22:52.388674	"/usr/license/molpro/molpros_2012_1_5_Linux_x86_64_i8/bin/molpro -W./ -I./ -d./ MOLPRO.input"
FINISH:	/user/julia/Tutorial/1_TrainingSet/Initial/ICOND_00014/ICOND_00014/master_1	2021-08-25 23:27:26.689021	Runtime: 0:04:34.300347	Error Code: 0
Error Codes:
	master_1  	0

START:	/user/julia/Tutorial/1_TrainingSet/Initial/ICOND_00014/ICOND_00014/grad_1_1	2021-08-25 23:27:36.574595	"/usr/license/molpro/molpros_2012_1_5_Linux_x86_64_i8/bin/molpro -W./ -I./ -d./ MOLPRO.input"
FINISH:	/user/julia/Tutorial/1_TrainingSet/Initial/ICOND_00014/ICOND_00014/grad_1_1	2021-08-25 23:30:06.835169	Runtime: 0:02:30.260574	Error Code: 0
START:	/user/julia/Tutorial/1_TrainingSet/Initial/ICOND_00014/ICOND_00014/nac_1_1_1_2	2021-08-25 23:30:16.331183	"/usr/license/molpro/molpros_2012_1_5_Linux_x86_64_i8/bin/molpro -W./ -I./ -d./ MOLPRO.input"
FINISH:	/user/julia/Tutorial/1_TrainingSet/Initial/ICOND_00014/ICOND_00014/nac_1_1_1_2	2021-08-25 23:32:36.211173	Runtime: 0:02:19.879990	Error Code: 0
START:	/user/julia/Tutorial/1_TrainingSet/Initial/ICOND_00014/ICOND_00014/grad_1_2	2021-08-25 23:32:39.934615	"/usr/license/molpro/molpros_2012_1_5_Linux_x86_64_i8/bin/molpro -W./ -I./ -d./ MOLPRO.input"
FINISH:	/user/julia/Tutorial/1_TrainingSet/Initial/ICOND_00014/ICOND_00014/grad_1_2	2021-08-25 23:34:58.862604	Runtime: 0:02:18.927989	Error Code: 0
Error Codes:
	grad_1_1  	0	nac_1_1_1_2	0	grad_1_2  	0

>>>>>>>>>>>>> Starting the WFOVERLAP job execution
START:	/user/julia/Tutorial/1_TrainingSet/Initial/ICOND_00014/ICOND_00014/CI_CAS_1_1	2021-08-25 23:34:59.187099	"/user/julia/software/SchNarc/sharc/source/../bin/wfoverlap.x -m 500 -f wfovl.inp"
FINISH:	/user/julia/Tutorial/1_TrainingSet/Initial/ICOND_00014/ICOND_00014/CI_CAS_1_1	2021-08-25 23:34:59.424085	Runtime: 0:00:00.236986	Error Code: 0
START:	/user/julia/Tutorial/1_TrainingSet/Initial/ICOND_00014/ICOND_00014/AOoverlap	2021-08-25 23:34:59.535369	"/usr/license/molpro/molpros_2012_1_5_Linux_x86_64_i8/bin/molpro -W./ -I./ -d./ MOLPRO.input"
FINISH:	/user/julia/Tutorial/1_TrainingSet/Initial/ICOND_00014/ICOND_00014/AOoverlap	2021-08-25 23:35:07.198672	Runtime: 0:00:07.663303	Error Code: 0
START:	/user/julia/Tutorial/1_TrainingSet/Initial/ICOND_00014/ICOND_00014/WFOVL_1_1	2021-08-25 23:35:07.574791	"/user/julia/software/SchNarc/sharc/source/../bin/wfoverlap.x -m 500 -f wfovl.inp"
FINISH:	/user/julia/Tutorial/1_TrainingSet/Initial/ICOND_00014/ICOND_00014/WFOVL_1_1	2021-08-25 23:35:08.116677	Runtime: 0:00:00.541886	Error Code: 0
Error Codes:
	CI_CAS_1_1	0	WFOVL_1_1 	0

===> Results:

=> Hamiltonian Matrix:
Diagonal Shift:   -230.00
Real Part:
----------------------
|-6.907e-01            |
|           -5.237e-01 |
----------------------

=> Dipole Moment Matrices:

Polarisation X:
Real Part:
----------------------
|-1.353e-01 -1.098e-01 |
|-1.098e-01  2.553e-01 |
----------------------

Polarisation Y:
Real Part:
----------------------
| 3.964e-02 -2.302e-01 |
|-2.302e-01 -1.759e-01 |
----------------------

Polarisation Z:
Real Part:
----------------------
| 1.133e-01 -3.063e-02 |
|-3.063e-02  9.752e-02 |
----------------------

=> Gradient Vectors:

Singlet	1	Ms=  0.0:
1	C	 0.04899	 0.04767	 0.00208	
2	C	-0.05646	 0.07097	-0.01551	
3	C	-0.04997	 0.01303	-0.02773	
4	C	 0.03864	-0.10231	 0.01021	
5	H	-0.01375	-0.04387	-0.00858	
6	H	 0.00687	-0.02796	 0.01441	
7	H	 0.02525	 0.00363	 0.01803	
8	H	 0.00729	 0.05187	-0.01188	
9	C	-0.06168	 0.01414	 0.02296	
10	C	 0.04741	-0.04643	-0.01106	
11	H	 0.00657	 0.02449	 0.00508	
12	H	 0.00086	-0.00523	 0.00199	

Singlet	2	Ms=  0.0:
1	C	 0.14381	-0.01449	 0.00399	
2	C	-0.18311	-0.00203	-0.01546	
3	C	-0.10595	 0.14001	-0.02427	
4	C	 0.16417	-0.09829	 0.01430	
5	H	-0.01428	-0.04368	-0.00493	
6	H	 0.00656	-0.02944	 0.01125	
7	H	 0.02630	 0.00556	 0.01384	
8	H	 0.00705	 0.05216	-0.00974	
9	C	-0.22832	 0.05676	 0.00598	
10	C	 0.17616	-0.08573	 0.00337	
11	H	 0.00730	 0.02652	 0.00217	
12	H	 0.00030	-0.00735	-0.00051	

=> Analytical Non-adiabatic coupling vectors:

Singlet	States 1 - 1	Ms=  0.0:
		...is identical zero...

Singlet	States 1 - 2	Ms=  0.0:
1	C	-0.22962	 0.19698	-0.01475	
2	C	-0.05501	 0.06601	 0.03264	
3	C	 0.09128	-0.00577	-0.03866	
4	C	 0.25318	-0.00184	 0.00703	
5	H	-0.00270	 0.00284	 0.00043	
6	H	 0.00303	 0.00043	 0.00217	
7	H	-0.00472	 0.00211	 0.00581	
8	H	 0.00424	 0.00137	 0.00317	
9	C	-0.05928	-0.35201	-0.00320	
10	C	-0.01736	 0.05087	-0.00293	
11	H	-0.00466	 0.00275	 0.00753	
12	H	 0.00490	 0.00052	-0.00490	

Singlet	States 2 - 1	Ms=  0.0:
1	C	 0.22962	-0.19698	 0.01475	
2	C	 0.05501	-0.06601	-0.03264	
3	C	-0.09128	 0.00577	 0.03866	
4	C	-0.25318	 0.00184	-0.00703	
5	H	 0.00270	-0.00284	-0.00043	
6	H	-0.00303	-0.00043	-0.00217	
7	H	 0.00472	-0.00211	-0.00581	
8	H	-0.00424	-0.00137	-0.00317	
9	C	 0.05928	 0.35201	 0.00320	
10	C	 0.01736	-0.05087	 0.00293	
11	H	 0.00466	-0.00275	-0.00753	
12	H	-0.00490	-0.00052	 0.00490	

Singlet	States 2 - 2	Ms=  0.0:
		...is identical zero...

=> Overlap matrix:

Real Part:
----------------------
| 4.838e-01  2.132e-02 |
|-2.074e-02  4.800e-01 |
----------------------

=> Wavefunction Phases:
2

 1.0  0.0
 1.0  0.0


==> Runtime:
0 Days	0 Hours	13 Minutes	49 Seconds


===> Writing output to file QM.out in SHARC Format

2021-08-25 23:35:08.432028
#================ END ================#
