! 1 Hamiltonian Matrix (2x2, complex)
2 2
-2.306907228198E+002  0.000000000000E+000  0.000000000000E+000  0.000000000000E+000 
 0.000000000000E+000  0.000000000000E+000 -2.305236626926E+002  0.000000000000E+000 

! 2 Dipole Moment Matrices (3x2x2, complex)
2 2
-1.353105000000E-001  0.000000000000E+000 -1.098259879760E-001  0.000000000000E+000 
-1.098259879760E-001  0.000000000000E+000  2.553176500000E-001  0.000000000000E+000 
2 2
 3.964367000000E-002  0.000000000000E+000 -2.301695739810E-001  0.000000000000E+000 
-2.301695739810E-001  0.000000000000E+000 -1.759012500000E-001  0.000000000000E+000 
2 2
 1.132578200000E-001  0.000000000000E+000 -3.062716493700E-002  0.000000000000E+000 
-3.062716493700E-002  0.000000000000E+000  9.751577000000E-002  0.000000000000E+000 
! 3 Gradient Vectors (2x12x3, real)
12 3 ! 1 1 0
 4.898669700000E-002  4.767114100000E-002  2.081900000000E-003 
-5.646084000000E-002  7.097009100000E-002 -1.551154900000E-002 
-4.997274400000E-002  1.303179100000E-002 -2.773466300000E-002 
 3.863571600000E-002 -1.023118220000E-001  1.021239600000E-002 
-1.374789400000E-002 -4.386579600000E-002 -8.575714000000E-003 
 6.870393000000E-003 -2.796361300000E-002  1.440646200000E-002 
 2.524503300000E-002  3.633014000000E-003  1.803157800000E-002 
 7.289504000000E-003  5.186507400000E-002 -1.188427300000E-002 
-6.168485000000E-002  1.414070900000E-002  2.296235300000E-002 
 4.740610100000E-002 -4.643045600000E-002 -1.106028800000E-002 
 6.573544000000E-003  2.449270100000E-002  5.079574000000E-003 
 8.593420000000E-004 -5.232834000000E-003  1.992225000000E-003 
12 3 ! 1 2 0
 1.438123750000E-001 -1.449454100000E-002  3.988927000000E-003 
-1.831059930000E-001 -2.025280000000E-003 -1.545576400000E-002 
-1.059507750000E-001  1.400083970000E-001 -2.426624600000E-002 
 1.641735420000E-001 -9.829038200000E-002  1.430487300000E-002 
-1.428333900000E-002 -4.368247400000E-002 -4.926874000000E-003 
 6.562428000000E-003 -2.943902700000E-002  1.124811500000E-002 
 2.629661500000E-002  5.558649000000E-003  1.384473100000E-002 
 7.048755000000E-003  5.216087400000E-002 -9.741414000000E-003 
-2.283182890000E-001  5.676009000000E-002  5.977082000000E-003 
 1.761640830000E-001 -8.573328500000E-002  3.372758000000E-003 
 7.295879000000E-003  2.652457000000E-002  2.165403000000E-003 
 3.047200000000E-004 -7.347590000000E-003 -5.115930000000E-004 
! 5 Non-adiabatic couplings (ddr) (2x2x12x3, real)
12 3 ! 1 1 0 1 1 0
 0.000000000000E+000  0.000000000000E+000  0.000000000000E+000 
 0.000000000000E+000  0.000000000000E+000  0.000000000000E+000 
 0.000000000000E+000  0.000000000000E+000  0.000000000000E+000 
 0.000000000000E+000  0.000000000000E+000  0.000000000000E+000 
 0.000000000000E+000  0.000000000000E+000  0.000000000000E+000 
 0.000000000000E+000  0.000000000000E+000  0.000000000000E+000 
 0.000000000000E+000  0.000000000000E+000  0.000000000000E+000 
 0.000000000000E+000  0.000000000000E+000  0.000000000000E+000 
 0.000000000000E+000  0.000000000000E+000  0.000000000000E+000 
 0.000000000000E+000  0.000000000000E+000  0.000000000000E+000 
 0.000000000000E+000  0.000000000000E+000  0.000000000000E+000 
 0.000000000000E+000  0.000000000000E+000  0.000000000000E+000 
12 3 ! 1 1 0 1 2 0
-2.296189160000E-001  1.969828910000E-001 -1.474983300000E-002 
-5.500890300000E-002  6.600880300000E-002  3.264361600000E-002 
 9.128373400000E-002 -5.768178000000E-003 -3.866108400000E-002 
 2.531783820000E-001 -1.843725000000E-003  7.025766000000E-003 
-2.697003000000E-003  2.836740000000E-003  4.276590000000E-004 
 3.031706000000E-003  4.329360000000E-004  2.172608000000E-003 
-4.718452000000E-003  2.113827000000E-003  5.810429000000E-003 
 4.235153000000E-003  1.366274000000E-003  3.170674000000E-003 
-5.927842700000E-002 -3.520069710000E-001 -3.195589000000E-003 
-1.735729900000E-002  5.086916200000E-002 -2.934011000000E-003 
-4.658815000000E-003  2.754827000000E-003  7.525650000000E-003 
 4.904324000000E-003  5.243890000000E-004 -4.896674000000E-003 
12 3 ! 1 2 0 1 1 0
 2.296189160000E-001 -1.969828910000E-001  1.474983300000E-002 
 5.500890300000E-002 -6.600880300000E-002 -3.264361600000E-002 
-9.128373400000E-002  5.768178000000E-003  3.866108400000E-002 
-2.531783820000E-001  1.843725000000E-003 -7.025766000000E-003 
 2.697003000000E-003 -2.836740000000E-003 -4.276590000000E-004 
-3.031706000000E-003 -4.329360000000E-004 -2.172608000000E-003 
 4.718452000000E-003 -2.113827000000E-003 -5.810429000000E-003 
-4.235153000000E-003 -1.366274000000E-003 -3.170674000000E-003 
 5.927842700000E-002  3.520069710000E-001  3.195589000000E-003 
 1.735729900000E-002 -5.086916200000E-002  2.934011000000E-003 
 4.658815000000E-003 -2.754827000000E-003 -7.525650000000E-003 
-4.904324000000E-003 -5.243890000000E-004  4.896674000000E-003 
12 3 ! 1 2 0 1 2 0
 0.000000000000E+000  0.000000000000E+000  0.000000000000E+000 
 0.000000000000E+000  0.000000000000E+000  0.000000000000E+000 
 0.000000000000E+000  0.000000000000E+000  0.000000000000E+000 
 0.000000000000E+000  0.000000000000E+000  0.000000000000E+000 
 0.000000000000E+000  0.000000000000E+000  0.000000000000E+000 
 0.000000000000E+000  0.000000000000E+000  0.000000000000E+000 
 0.000000000000E+000  0.000000000000E+000  0.000000000000E+000 
 0.000000000000E+000  0.000000000000E+000  0.000000000000E+000 
 0.000000000000E+000  0.000000000000E+000  0.000000000000E+000 
 0.000000000000E+000  0.000000000000E+000  0.000000000000E+000 
 0.000000000000E+000  0.000000000000E+000  0.000000000000E+000 
 0.000000000000E+000  0.000000000000E+000  0.000000000000E+000 
! 6 Overlap matrix (2x2, complex)
2 2
 4.838467402000E-001  0.000000000000E+000  2.131730360000E-002  0.000000000000E+000 
-2.073726610000E-002  0.000000000000E+000  4.800095996000E-001  0.000000000000E+000 

! 7 Phases
2 ! for all nmstates
 1.000000000E+000  0.000000000E+000
 1.000000000E+000  0.000000000E+000
! 8 Runtime
 8.299126360000E+002
