2021-08-26 01:59:16.336231 fermium /global/julia/Fulvene/Interpolation_Geometry1/Calc_10

  ================================================================================
||                                                                                ||
||                         SHARC - MOLPRO2012 - Interface                         ||
||                                                                                ||
||                             Author: Sebastian Mai                              ||
||                                                                                ||
||                                  Version: 2.1                                  ||
||                                 Date: 01.09.19                                 ||
||                                                                                ||
  ================================================================================


==> QMin Job description for:
tmp.pdb

Tasks:	H	DM	Grad	Nac(ddr)	Overlaps	Phases
States: 	2 Singlet

Method:
Electrons per Multiplicity:	42
Job ID per Multiplicity:	1
Level of Theory per Job ID:
1:	SA(2+0+0)-CASSCF(6,6)/6-31G*

Found Geo! NAtom is 12.

Geometry in Bohrs:
C -0.2200 -2.6220 -0.0200 
C  2.3410 -2.5040  0.0210 
C  3.1570  0.1430 -0.0340 
C  1.1060  1.6500 -0.0370 
H -1.4510 -4.2750 -0.0200 
H  3.4830 -4.0940  0.0030 
H  5.1570  0.7490  0.1010 
H  1.0410  3.6710 -0.0880 
C -1.1350  0.0150 -0.0210 
C -3.6110  0.7450 -0.0010 
H -4.1680  2.6600  0.0880 
H -5.1630 -0.5370  0.0070 

Gradients:   X X 

Non-adiabatic couplings:
. X 
X . 

wfthres: 1.0
docicas: True
newstep: []
nstates: 2
unit: ['bohr']
phases: []
njobs: 1
initorbs: {1: '/global/julia/Fulvene/Interpolation_Geometry1/Calc_10/SAVEDIR/wf.1.old'}
delay: 0.0
scratchdir: /public/fermium/scratch/tmp/julia.91780
wfoverlap: /user/julia/software/SchNarc/sharc/bin/wfoverlap.x
template: {'gradaccudefault': 1e-05, 'gradaccumax': 0.01, 'basis': '6-31G*', 'occ': [24], 'nelec': {1: [42, 41, 42]}, 'closed': [18], 'rootpad': {1: [0, 0, 0]}, 'dkho': 0, 'roots': {1: [2, 0, 0]}}
memory: 2000
multmap: {1: 1, -1: [1]}
ndocc: 0
jobs: [1]
ncore: 0
maxmult: 1
ncpu: 1
pwd: /global/julia/Fulvene/Interpolation_Geometry1/Calc_10
statemap: {1: [1, 1, 0.0], 2: [1, 2, 0.0]}
molpro: /usr/license/molpro/molpros_2012_1_5_Linux_x86_64_i8/bin/
nmstates: 2
savedir: /global/julia/Fulvene/Interpolation_Geometry1/Calc_10/SAVEDIR
nacmap: [(1, 1, 1, 2)]
natom: 12
gradmap: [(1, 1), (1, 2)]
joblist: [1]


>>>>>>>>>>>>> Starting the MOLPRO job execution
START:	/public/fermium/scratch/tmp/julia.91780/integrals	2021-08-26 01:59:16.615084	"/usr/license/molpro/molpros_2012_1_5_Linux_x86_64_i8/bin/molpro -W./ -I./ -d./ MOLPRO.input"
FINISH:	/public/fermium/scratch/tmp/julia.91780/integrals	2021-08-26 01:59:19.716522	Runtime: 0:00:03.101438	Error Code: 0
Error Codes:
	integrals 	0

START:	/public/fermium/scratch/tmp/julia.91780/master_1	2021-08-26 01:59:24.457473	"/usr/license/molpro/molpros_2012_1_5_Linux_x86_64_i8/bin/molpro -W./ -I./ -d./ MOLPRO.input"
FINISH:	/public/fermium/scratch/tmp/julia.91780/master_1	2021-08-26 01:59:41.543296	Runtime: 0:00:17.085823	Error Code: 0
Error Codes:
	master_1  	0

START:	/public/fermium/scratch/tmp/julia.91780/grad_1_1	2021-08-26 01:59:41.934704	"/usr/license/molpro/molpros_2012_1_5_Linux_x86_64_i8/bin/molpro -W./ -I./ -d./ MOLPRO.input"
FINISH:	/public/fermium/scratch/tmp/julia.91780/grad_1_1	2021-08-26 01:59:57.403577	Runtime: 0:00:15.468873	Error Code: 0
START:	/public/fermium/scratch/tmp/julia.91780/nac_1_1_1_2	2021-08-26 02:00:02.759363	"/usr/license/molpro/molpros_2012_1_5_Linux_x86_64_i8/bin/molpro -W./ -I./ -d./ MOLPRO.input"
FINISH:	/public/fermium/scratch/tmp/julia.91780/nac_1_1_1_2	2021-08-26 02:00:29.886813	Runtime: 0:00:27.127450	Error Code: 0
START:	/public/fermium/scratch/tmp/julia.91780/grad_1_2	2021-08-26 02:00:42.649809	"/usr/license/molpro/molpros_2012_1_5_Linux_x86_64_i8/bin/molpro -W./ -I./ -d./ MOLPRO.input"
FINISH:	/public/fermium/scratch/tmp/julia.91780/grad_1_2	2021-08-26 02:01:04.507654	Runtime: 0:00:21.857845	Error Code: 0
Error Codes:
	grad_1_1  	0	nac_1_1_1_2	0	grad_1_2  	0

>>>>>>>>>>>>> Starting the WFOVERLAP job execution
START:	/public/fermium/scratch/tmp/julia.91780/CI_CAS_1_1	2021-08-26 02:01:04.657947	"/user/julia/software/SchNarc/sharc/bin/wfoverlap.x -m 2000 -f wfovl.inp"
FINISH:	/public/fermium/scratch/tmp/julia.91780/CI_CAS_1_1	2021-08-26 02:01:04.730441	Runtime: 0:00:00.072494	Error Code: 0
START:	/public/fermium/scratch/tmp/julia.91780/AOoverlap	2021-08-26 02:01:04.744625	"/usr/license/molpro/molpros_2012_1_5_Linux_x86_64_i8/bin/molpro -W./ -I./ -d./ MOLPRO.input"
FINISH:	/public/fermium/scratch/tmp/julia.91780/AOoverlap	2021-08-26 02:01:05.613736	Runtime: 0:00:00.869111	Error Code: 0
START:	/public/fermium/scratch/tmp/julia.91780/WFOVL_1_1	2021-08-26 02:01:05.661491	"/user/julia/software/SchNarc/sharc/bin/wfoverlap.x -m 2000 -f wfovl.inp"
FINISH:	/public/fermium/scratch/tmp/julia.91780/WFOVL_1_1	2021-08-26 02:01:05.729594	Runtime: 0:00:00.068103	Error Code: 0
Error Codes:
	CI_CAS_1_1	0	WFOVL_1_1 	0

===> Results:

=> Hamiltonian Matrix:
Diagonal Shift:   -230.00
Real Part:
----------------------
|-7.175e-01            |
|           -5.708e-01 |
----------------------

=> Dipole Moment Matrices:

Polarisation X:
Real Part:
----------------------
|-1.453e-01 -7.554e-02 |
|-7.554e-02  1.618e-01 |
----------------------

Polarisation Y:
Real Part:
----------------------
| 4.396e-02 -2.087e-01 |
|-2.087e-01 -9.026e-02 |
----------------------

Polarisation Z:
Real Part:
----------------------
| 2.200e-02 -1.088e-02 |
|-1.088e-02  2.252e-02 |
----------------------

=> Gradient Vectors:

Singlet	1	Ms=  0.0:
1	C	 0.00420	-0.00536	-0.00106	
2	C	 0.02469	-0.00355	 0.00370	
3	C	-0.03487	-0.00728	-0.00821	
4	C	 0.00688	-0.00269	 0.00121	
5	H	-0.01032	-0.01004	-0.00016	
6	H	-0.02463	 0.02181	-0.00093	
7	H	 0.02322	 0.00620	 0.00493	
8	H	-0.00088	-0.00125	-0.00135	
9	C	 0.03086	 0.00130	 0.00218	
10	C	-0.01955	 0.00671	-0.00165	
11	H	-0.00082	-0.01695	 0.00135	
12	H	 0.00122	 0.01110	-0.00001	

Singlet	2	Ms=  0.0:
1	C	 0.10259	-0.07032	-0.00082	
2	C	-0.09707	-0.07695	 0.00400	
3	C	-0.09448	 0.11989	-0.00834	
4	C	 0.12469	-0.00125	 0.00103	
5	H	-0.01048	-0.00961	 0.00002	
6	H	-0.02548	 0.02073	-0.00095	
7	H	 0.02361	 0.00751	 0.00421	
8	H	-0.00107	-0.00153	-0.00087	
9	C	-0.12818	 0.04715	 0.00167	
10	C	 0.10528	-0.02980	 0.00049	
11	H	-0.00012	-0.01484	-0.00073	
12	H	 0.00072	 0.00903	 0.00028	

=> Analytical Non-adiabatic coupling vectors:

Singlet	States 1 - 1	Ms=  0.0:
		...is identical zero...

Singlet	States 1 - 2	Ms=  0.0:
1	C	-0.23152	 0.20630	-0.00329	
2	C	-0.04661	 0.05111	-0.00192	
3	C	 0.06211	 0.04175	-0.00775	
4	C	 0.32010	 0.03065	 0.00301	
5	H	-0.00115	 0.00429	 0.00032	
6	H	 0.00429	-0.00121	 0.00274	
7	H	-0.00357	 0.00222	 0.00203	
8	H	 0.00417	 0.00296	-0.00042	
9	C	-0.12936	-0.41171	 0.00606	
10	C	 0.01130	 0.04385	-0.00259	
11	H	-0.00433	 0.00268	 0.00056	
12	H	 0.00496	-0.00011	-0.00054	

Singlet	States 2 - 1	Ms=  0.0:
1	C	 0.23152	-0.20630	 0.00329	
2	C	 0.04661	-0.05111	 0.00192	
3	C	-0.06211	-0.04175	 0.00775	
4	C	-0.32010	-0.03065	-0.00301	
5	H	 0.00115	-0.00429	-0.00032	
6	H	-0.00429	 0.00121	-0.00274	
7	H	 0.00357	-0.00222	-0.00203	
8	H	-0.00417	-0.00296	 0.00042	
9	C	 0.12936	 0.41171	-0.00606	
10	C	-0.01130	-0.04385	 0.00259	
11	H	 0.00433	-0.00268	-0.00056	
12	H	-0.00496	 0.00011	 0.00054	

Singlet	States 2 - 2	Ms=  0.0:
		...is identical zero...

=> Overlap matrix:

Real Part:
----------------------
| 9.988e-01 -2.577e-04 |
| 2.551e-04  9.988e-01 |
----------------------

=> Wavefunction Phases:
2

 1.0  0.0
 1.0  0.0


==> Runtime:
0 Days	0 Hours	1 Minutes	49 Seconds


===> Writing output to file QM.out in SHARC Format

2021-08-26 02:01:05.824603
#================ END ================#
