! 1 Hamiltonian Matrix (2x2, complex)
2 2
-2.307175076058E+002  0.000000000000E+000  0.000000000000E+000  0.000000000000E+000 
 0.000000000000E+000  0.000000000000E+000 -2.305707914609E+002  0.000000000000E+000 

! 2 Dipole Moment Matrices (3x2x2, complex)
2 2
-1.452923900000E-001  0.000000000000E+000 -7.554068010200E-002  0.000000000000E+000 
-7.554068010200E-002  0.000000000000E+000  1.617580400000E-001  0.000000000000E+000 
2 2
 4.396455000000E-002  0.000000000000E+000 -2.086908475100E-001  0.000000000000E+000 
-2.086908475100E-001  0.000000000000E+000 -9.025783000000E-002  0.000000000000E+000 
2 2
 2.200028000000E-002  0.000000000000E+000 -1.088242477000E-002  0.000000000000E+000 
-1.088242477000E-002  0.000000000000E+000  2.252192000000E-002  0.000000000000E+000 
! 3 Gradient Vectors (2x12x3, real)
12 3 ! 1 1 0
 4.203638000000E-003 -5.360868000000E-003 -1.056176000000E-003 
 2.468524800000E-002 -3.547958000000E-003  3.700957000000E-003 
-3.486994600000E-002 -7.284580000000E-003 -8.213657000000E-003 
 6.879358000000E-003 -2.688202000000E-003  1.205200000000E-003 
-1.031857700000E-002 -1.003739800000E-002 -1.577670000000E-004 
-2.463391300000E-002  2.181367700000E-002 -9.317410000000E-004 
 2.322257600000E-002  6.195541000000E-003  4.933188000000E-003 
-8.807630000000E-004 -1.249218000000E-003 -1.351205000000E-003 
 3.086085400000E-002  1.297457000000E-003  2.181938000000E-003 
-1.955126000000E-002  6.706597000000E-003 -1.646395000000E-003 
-8.183160000000E-004 -1.694785900000E-002  1.346663000000E-003 
 1.221101000000E-003  1.110281000000E-002 -1.100400000000E-005 
12 3 ! 1 2 0
 1.025872800000E-001 -7.032227300000E-002 -8.187620000000E-004 
-9.707034100000E-002 -7.694576700000E-002  3.998925000000E-003 
-9.447883200000E-002  1.198864230000E-001 -8.338899000000E-003 
 1.246871260000E-001 -1.247340000000E-003  1.030601000000E-003 
-1.048093600000E-002 -9.605937000000E-003  2.460600000000E-005 
-2.548325000000E-002  2.072693600000E-002 -9.520020000000E-004 
 2.361029500000E-002  7.505122000000E-003  4.206465000000E-003 
-1.065529000000E-003 -1.534739000000E-003 -8.693160000000E-004 
-1.281787270000E-001  4.714857100000E-002  1.673406000000E-003 
 1.052805830000E-001 -2.979981200000E-002  4.911400000000E-004 
-1.236440000000E-004 -1.484140000000E-002 -7.253350000000E-004 
 7.159760000000E-004  9.030214000000E-003  2.791690000000E-004 
! 5 Non-adiabatic couplings (ddr) (2x2x12x3, real)
12 3 ! 1 1 0 1 1 0
 0.000000000000E+000  0.000000000000E+000  0.000000000000E+000 
 0.000000000000E+000  0.000000000000E+000  0.000000000000E+000 
 0.000000000000E+000  0.000000000000E+000  0.000000000000E+000 
 0.000000000000E+000  0.000000000000E+000  0.000000000000E+000 
 0.000000000000E+000  0.000000000000E+000  0.000000000000E+000 
 0.000000000000E+000  0.000000000000E+000  0.000000000000E+000 
 0.000000000000E+000  0.000000000000E+000  0.000000000000E+000 
 0.000000000000E+000  0.000000000000E+000  0.000000000000E+000 
 0.000000000000E+000  0.000000000000E+000  0.000000000000E+000 
 0.000000000000E+000  0.000000000000E+000  0.000000000000E+000 
 0.000000000000E+000  0.000000000000E+000  0.000000000000E+000 
 0.000000000000E+000  0.000000000000E+000  0.000000000000E+000 
12 3 ! 1 1 0 1 2 0
-2.315212040000E-001  2.062965150000E-001 -3.287189000000E-003 
-4.661047300000E-002  5.110718000000E-002 -1.917543000000E-003 
 6.211417400000E-002  4.175129500000E-002 -7.752105000000E-003 
 3.201025810000E-001  3.064657400000E-002  3.010535000000E-003 
-1.151164000000E-003  4.285505000000E-003  3.188270000000E-004 
 4.289975000000E-003 -1.206357000000E-003  2.736311000000E-003 
-3.569398000000E-003  2.221796000000E-003  2.032450000000E-003 
 4.165636000000E-003  2.962044000000E-003 -4.205990000000E-004 
-1.293577400000E-001 -4.117091410000E-001  6.057928000000E-003 
 1.130022200000E-002  4.384585700000E-002 -2.593496000000E-003 
-4.332177000000E-003  2.684293000000E-003  5.641310000000E-004 
 4.956867000000E-003 -1.121440000000E-004 -5.416460000000E-004 
12 3 ! 1 2 0 1 1 0
 2.315212040000E-001 -2.062965150000E-001  3.287189000000E-003 
 4.661047300000E-002 -5.110718000000E-002  1.917543000000E-003 
-6.211417400000E-002 -4.175129500000E-002  7.752105000000E-003 
-3.201025810000E-001 -3.064657400000E-002 -3.010535000000E-003 
 1.151164000000E-003 -4.285505000000E-003 -3.188270000000E-004 
-4.289975000000E-003  1.206357000000E-003 -2.736311000000E-003 
 3.569398000000E-003 -2.221796000000E-003 -2.032450000000E-003 
-4.165636000000E-003 -2.962044000000E-003  4.205990000000E-004 
 1.293577400000E-001  4.117091410000E-001 -6.057928000000E-003 
-1.130022200000E-002 -4.384585700000E-002  2.593496000000E-003 
 4.332177000000E-003 -2.684293000000E-003 -5.641310000000E-004 
-4.956867000000E-003  1.121440000000E-004  5.416460000000E-004 
12 3 ! 1 2 0 1 2 0
 0.000000000000E+000  0.000000000000E+000  0.000000000000E+000 
 0.000000000000E+000  0.000000000000E+000  0.000000000000E+000 
 0.000000000000E+000  0.000000000000E+000  0.000000000000E+000 
 0.000000000000E+000  0.000000000000E+000  0.000000000000E+000 
 0.000000000000E+000  0.000000000000E+000  0.000000000000E+000 
 0.000000000000E+000  0.000000000000E+000  0.000000000000E+000 
 0.000000000000E+000  0.000000000000E+000  0.000000000000E+000 
 0.000000000000E+000  0.000000000000E+000  0.000000000000E+000 
 0.000000000000E+000  0.000000000000E+000  0.000000000000E+000 
 0.000000000000E+000  0.000000000000E+000  0.000000000000E+000 
 0.000000000000E+000  0.000000000000E+000  0.000000000000E+000 
 0.000000000000E+000  0.000000000000E+000  0.000000000000E+000 
! 6 Overlap matrix (2x2, complex)
2 2
 9.988347834000E-001  0.000000000000E+000 -2.577264000000E-004  0.000000000000E+000 
 2.550822000000E-004  0.000000000000E+000  9.988303600000E-001  0.000000000000E+000 

! 7 Phases
2 ! for all nmstates
 1.000000000E+000  0.000000000E+000
 1.000000000E+000  0.000000000E+000
! 8 Runtime
 1.094387690000E+002
