! 1 Hamiltonian Matrix (2x2, complex)
2 2
-2.307218764836E+002  0.000000000000E+000  0.000000000000E+000  0.000000000000E+000 
 0.000000000000E+000  0.000000000000E+000 -2.305720045585E+002  0.000000000000E+000 

! 2 Dipole Moment Matrices (3x2x2, complex)
2 2
-1.310790000000E-001  0.000000000000E+000 -6.825531064000E-002  0.000000000000E+000 
-6.825531064000E-002  0.000000000000E+000  1.903316200000E-001  0.000000000000E+000 
2 2
 4.042990000000E-002  0.000000000000E+000 -2.108543817120E-001  0.000000000000E+000 
-2.108543817120E-001  0.000000000000E+000 -7.074224000000E-002  0.000000000000E+000 
2 2
 7.207650000000E-003  0.000000000000E+000 -3.566941857000E-003  0.000000000000E+000 
-3.566941857000E-003  0.000000000000E+000  6.772080000000E-003  0.000000000000E+000 
! 3 Gradient Vectors (2x12x3, real)
12 3 ! 1 1 0
 1.734563000000E-003 -1.474358000000E-003 -4.768000000000E-004 
 6.702757000000E-003 -4.939940000000E-004  1.169754000000E-003 
-1.106883900000E-002 -2.101945000000E-003 -2.196647000000E-003 
 1.877682000000E-003 -5.007480000000E-004  3.388030000000E-004 
-3.192639000000E-003 -3.184353000000E-003 -4.405800000000E-005 
-7.073696000000E-003  5.709689000000E-003 -2.632270000000E-004 
 7.586966000000E-003  2.031962000000E-003  1.182402000000E-003 
-1.951410000000E-004 -6.733090000000E-004 -4.289390000000E-004 
 9.757405000000E-003  2.720610000000E-004  8.727710000000E-004 
-6.055789000000E-003  1.847987000000E-003 -6.587600000000E-004 
-4.056160000000E-004 -4.787860000000E-003  5.146660000000E-004 
 3.323480000000E-004  3.354868000000E-003 -9.964000000000E-006 
12 3 ! 1 2 0
 9.892358600000E-002 -6.839668400000E-002 -4.213740000000E-004 
-1.136888210000E-001 -7.191562300000E-002  1.218950000000E-003 
-7.032757500000E-002  1.241441700000E-001 -2.223264000000E-003 
 1.198101690000E-001  9.343060000000E-004  3.316270000000E-004 
-3.272168000000E-003 -2.762474000000E-003  3.905900000000E-005 
-7.662147000000E-003  4.533089000000E-003 -2.704330000000E-004 
 7.904800000000E-003  3.316293000000E-003  9.481590000000E-004 
-4.387060000000E-004 -9.909140000000E-004 -2.867130000000E-004 
-1.514555370000E-001  4.910338200000E-002  6.815130000000E-004 
 1.199772070000E-001 -3.644897100000E-002  3.491800000000E-005 
 3.562260000000E-004 -2.827400000000E-003 -8.163000000000E-005 
-1.270340000000E-004  1.310827000000E-003  2.918800000000E-005 
! 5 Non-adiabatic couplings (ddr) (2x2x12x3, real)
12 3 ! 1 1 0 1 1 0
 0.000000000000E+000  0.000000000000E+000  0.000000000000E+000 
 0.000000000000E+000  0.000000000000E+000  0.000000000000E+000 
 0.000000000000E+000  0.000000000000E+000  0.000000000000E+000 
 0.000000000000E+000  0.000000000000E+000  0.000000000000E+000 
 0.000000000000E+000  0.000000000000E+000  0.000000000000E+000 
 0.000000000000E+000  0.000000000000E+000  0.000000000000E+000 
 0.000000000000E+000  0.000000000000E+000  0.000000000000E+000 
 0.000000000000E+000  0.000000000000E+000  0.000000000000E+000 
 0.000000000000E+000  0.000000000000E+000  0.000000000000E+000 
 0.000000000000E+000  0.000000000000E+000  0.000000000000E+000 
 0.000000000000E+000  0.000000000000E+000  0.000000000000E+000 
 0.000000000000E+000  0.000000000000E+000  0.000000000000E+000 
12 3 ! 1 1 0 1 2 0
-2.337422480000E-001  2.005111210000E-001 -1.142439000000E-003 
-4.284247400000E-002  5.548861900000E-002 -3.938540000000E-004 
 6.500382000000E-002  2.959195800000E-002 -2.353350000000E-003 
 3.102208910000E-001  3.113379700000E-002  9.488780000000E-004 
-1.546134000000E-003  4.519490000000E-003  1.537120000000E-004 
 4.202752000000E-003 -8.688580000000E-004  8.198590000000E-004 
-3.739981000000E-003  1.897557000000E-003  6.199900000000E-004 
 4.068068000000E-003  2.879024000000E-003 -1.593840000000E-004 
-1.242490600000E-001 -3.988025090000E-001  1.601711000000E-003 
 1.284791500000E-002  4.291086600000E-002 -6.981910000000E-004 
-4.304375000000E-003  2.800896000000E-003  1.989150000000E-004 
 5.079677000000E-003 -8.764700000000E-005 -1.955760000000E-004 
12 3 ! 1 2 0 1 1 0
 2.337422480000E-001 -2.005111210000E-001  1.142439000000E-003 
 4.284247400000E-002 -5.548861900000E-002  3.938540000000E-004 
-6.500382000000E-002 -2.959195800000E-002  2.353350000000E-003 
-3.102208910000E-001 -3.113379700000E-002 -9.488780000000E-004 
 1.546134000000E-003 -4.519490000000E-003 -1.537120000000E-004 
-4.202752000000E-003  8.688580000000E-004 -8.198590000000E-004 
 3.739981000000E-003 -1.897557000000E-003 -6.199900000000E-004 
-4.068068000000E-003 -2.879024000000E-003  1.593840000000E-004 
 1.242490600000E-001  3.988025090000E-001 -1.601711000000E-003 
-1.284791500000E-002 -4.291086600000E-002  6.981910000000E-004 
 4.304375000000E-003 -2.800896000000E-003 -1.989150000000E-004 
-5.079677000000E-003  8.764700000000E-005  1.955760000000E-004 
12 3 ! 1 2 0 1 2 0
 0.000000000000E+000  0.000000000000E+000  0.000000000000E+000 
 0.000000000000E+000  0.000000000000E+000  0.000000000000E+000 
 0.000000000000E+000  0.000000000000E+000  0.000000000000E+000 
 0.000000000000E+000  0.000000000000E+000  0.000000000000E+000 
 0.000000000000E+000  0.000000000000E+000  0.000000000000E+000 
 0.000000000000E+000  0.000000000000E+000  0.000000000000E+000 
 0.000000000000E+000  0.000000000000E+000  0.000000000000E+000 
 0.000000000000E+000  0.000000000000E+000  0.000000000000E+000 
 0.000000000000E+000  0.000000000000E+000  0.000000000000E+000 
 0.000000000000E+000  0.000000000000E+000  0.000000000000E+000 
 0.000000000000E+000  0.000000000000E+000  0.000000000000E+000 
 0.000000000000E+000  0.000000000000E+000  0.000000000000E+000 
! 6 Overlap matrix (2x2, complex)
2 2
 9.989367521000E-001  0.000000000000E+000 -8.176396000000E-004  0.000000000000E+000 
 8.162745000000E-004  0.000000000000E+000  9.989318635000E-001  0.000000000000E+000 

! 7 Phases
2 ! for all nmstates
 1.000000000E+000  0.000000000E+000
 1.000000000E+000  0.000000000E+000
! 8 Runtime
 2.398843890000E+002
